[2024-05-18T20:20:49.110+0000] {local_task_job_runner.py:120} INFO - ::group::Pre task execution logs
[2024-05-18T20:20:49.147+0000] {taskinstance.py:2076} INFO - Dependencies all met for dep_context=non-requeueable deps ti=<TaskInstance: Webscrape.Ingest_Data manual__2024-05-18T20:20:46.805620+00:00 [queued]>
[2024-05-18T20:20:49.162+0000] {taskinstance.py:2076} INFO - Dependencies all met for dep_context=requeueable deps ti=<TaskInstance: Webscrape.Ingest_Data manual__2024-05-18T20:20:46.805620+00:00 [queued]>
[2024-05-18T20:20:49.163+0000] {taskinstance.py:2306} INFO - Starting attempt 1 of 6
[2024-05-18T20:20:49.179+0000] {taskinstance.py:2330} INFO - Executing <Task(PythonOperator): Ingest_Data> on 2024-05-18 20:20:46.805620+00:00
[2024-05-18T20:20:49.190+0000] {standard_task_runner.py:63} INFO - Started process 556 to run task
[2024-05-18T20:20:49.194+0000] {standard_task_runner.py:90} INFO - Running: ['***', 'tasks', 'run', 'Webscrape', 'Ingest_Data', 'manual__2024-05-18T20:20:46.805620+00:00', '--job-id', '270', '--raw', '--subdir', 'DAGS_FOLDER/webscrapping.py', '--cfg-path', '/tmp/tmpg78r036x']
[2024-05-18T20:20:49.203+0000] {standard_task_runner.py:91} INFO - Job 270: Subtask Ingest_Data
[2024-05-18T20:20:49.378+0000] {task_command.py:426} INFO - Running <TaskInstance: Webscrape.Ingest_Data manual__2024-05-18T20:20:46.805620+00:00 [running]> on host f3c105d69d83
[2024-05-18T20:20:49.498+0000] {taskinstance.py:2648} INFO - Exporting env vars: AIRFLOW_CTX_DAG_OWNER='svc' AIRFLOW_CTX_DAG_ID='Webscrape' AIRFLOW_CTX_TASK_ID='Ingest_Data' AIRFLOW_CTX_EXECUTION_DATE='2024-05-18T20:20:46.805620+00:00' AIRFLOW_CTX_TRY_NUMBER='1' AIRFLOW_CTX_DAG_RUN_ID='manual__2024-05-18T20:20:46.805620+00:00'
[2024-05-18T20:20:49.500+0000] {taskinstance.py:430} INFO - ::endgroup::
[2024-05-18T20:20:49.542+0000] {conn.py:362} INFO - <BrokerConnection node_id=bootstrap-0 host=kafka:9092 <connecting> [IPv4 ('172.25.0.7', 9092)]>: connecting to kafka:9092 [('172.25.0.7', 9092) IPv4]
[2024-05-18T20:20:49.546+0000] {conn.py:957} INFO - Probing node bootstrap-0 broker version
[2024-05-18T20:20:49.548+0000] {conn.py:393} INFO - <BrokerConnection node_id=bootstrap-0 host=kafka:9092 <connecting> [IPv4 ('172.25.0.7', 9092)]>: Connection complete.
[2024-05-18T20:20:49.668+0000] {conn.py:1019} INFO - Broker version identified as 2.6.0
[2024-05-18T20:20:49.669+0000] {conn.py:1020} INFO - Set configuration api_version=(2, 6, 0) to skip auto check_version requests on startup
[2024-05-18T20:20:50.887+0000] {logging_mixin.py:188} INFO - Connecting to Scraping Browser...
[2024-05-18T20:20:52.993+0000] {logging_mixin.py:188} INFO - Connected! Navigating to https://www.redfin.com...
[2024-05-18T20:21:05.892+0000] {logging_mixin.py:188} INFO - Searching...
[2024-05-18T20:21:09.770+0000] {logging_mixin.py:188} INFO - --------
[2024-05-18T20:21:09.794+0000] {logging_mixin.py:188} INFO - 1
[2024-05-18T20:21:09.817+0000] {logging_mixin.py:188} INFO - Navigating to Listing page: https://www.redfin.com/CA/San-Francisco/5853-Mission-St-94112/unit-2/home/795540
[2024-05-18T20:21:28.724+0000] {logging_mixin.py:188} INFO - Extracting Pictures
[2024-05-18T20:21:33.688+0000] {logging_mixin.py:188} INFO - Extracting Key Details
[2024-05-18T20:21:34.684+0000] {logging_mixin.py:188} INFO - Extracting Listing Agent Details
[2024-05-18T20:21:35.397+0000] {logging_mixin.py:188} INFO - Extracting Redfin Agent Details
[2024-05-18T20:21:35.976+0000] {logging_mixin.py:188} INFO - Extracting Property Details
[2024-05-18T20:21:37.330+0000] {logging_mixin.py:188} INFO - {
  "address": "5853 Mission St #2 San Francisco CA 94112",
  "price": "525000",
  "beds": "1",
  "baths": "1",
  "link": "https://www.redfin.com/CA/San-Francisco/5853-Mission-St-94112/unit-2/home/795540",
  "photos": [
    "https://ssl.cdn-redfin.com/system_files/media/922079_JPG/item_1.jpg",
    "https://ssl.cdn-redfin.com/system_files/media/922079_JPG/genLdpUgcMediaBrowserUrl/item_2.jpg",
    "https://my.matterport.com/api/v2/player/models/dfuTSuYsHx2/thumb",
    "https://ssl.cdn-redfin.com/system_files/media/922079_JPG/genLdpUgcMediaBrowserUrl/item_4.jpg",
    "https://ssl.cdn-redfin.com/system_files/media/922079_JPG/genLdpUgcMediaBrowserUrl/item_5.jpg",
    "https://ssl.cdn-redfin.com/system_files/media/922079_JPG/item_3.jpg",
    "https://ssl.cdn-redfin.com/system_files/media/922079_JPG/item_9.jpg",
    "https://ssl.cdn-redfin.com/system_files/media/922079_JPG/item_15.jpg",
    "https://ssl.cdn-redfin.com/system_files/media/922079_JPG/item_21.jpg",
    "https://ssl.cdn-redfin.com/system_files/media/922079_JPG/item_27.jpg"
  ],
  "hoa_fee": "400",
  "buyers_agent_fee": "",
  "listing_agent_name": "Cleveland Motley",
  "listing_agent_contact": "",
  "redfin_agent_name": "Cleveland Motley",
  "finished_sqft": "",
  "unfinished_sqft": "",
  "total_sqft": "708",
  "stories": "1",
  "style": "Condo/Co-op",
  "year_built": "1980",
  "year_renovated": "",
  "county": "San Francisco County",
  "APN": "6472032"
}
[2024-05-18T20:21:37.331+0000] {logging_mixin.py:188} INFO - Sending Data to Kafka
[2024-05-18T20:21:37.387+0000] {conn.py:362} INFO - <BrokerConnection node_id=1 host=kafka:9092 <connecting> [IPv4 ('172.25.0.7', 9092)]>: connecting to kafka:9092 [('172.25.0.7', 9092) IPv4]
[2024-05-18T20:21:37.389+0000] {conn.py:393} INFO - <BrokerConnection node_id=1 host=kafka:9092 <connecting> [IPv4 ('172.25.0.7', 9092)]>: Connection complete.
[2024-05-18T20:21:37.389+0000] {conn.py:673} INFO - <BrokerConnection node_id=bootstrap-0 host=kafka:9092 <connected> [IPv4 ('172.25.0.7', 9092)]>: Closing connection. 
[2024-05-18T20:21:37.680+0000] {logging_mixin.py:188} INFO - --------
[2024-05-18T20:21:37.680+0000] {logging_mixin.py:188} INFO - 2
[2024-05-18T20:21:37.682+0000] {logging_mixin.py:188} INFO - Navigating to Listing page: https://www.redfin.com/CA/San-Francisco/88-Cameo-Way-94131/home/840418
[2024-05-18T20:21:52.407+0000] {local_task_job_runner.py:310} WARNING - State of this instance has been externally set to failed. Terminating instance.
[2024-05-18T20:21:52.431+0000] {local_task_job_runner.py:222} INFO - ::endgroup::
[2024-05-18T20:21:52.438+0000] {process_utils.py:132} INFO - Sending 15 to group 556. PIDs of all processes in the group: [563, 556]
[2024-05-18T20:21:52.439+0000] {process_utils.py:87} INFO - Sending the signal 15 to group 556
[2024-05-18T20:21:52.440+0000] {taskinstance.py:2611} ERROR - Received SIGTERM. Terminating subprocesses.
[2024-05-18T20:21:52.501+0000] {process_utils.py:80} INFO - Process psutil.Process(pid=563, status='terminated', started='20:20:49') (563) terminated with exit code None
[2024-05-18T20:22:52.457+0000] {process_utils.py:150} WARNING - process psutil.Process(pid=556, name='airflow task ru', status='sleeping', started='20:20:48') did not respond to SIGTERM. Trying SIGKILL
[2024-05-18T20:22:52.486+0000] {process_utils.py:87} INFO - Sending the signal 9 to group 556
[2024-05-18T20:22:52.628+0000] {process_utils.py:80} INFO - Process psutil.Process(pid=556, name='airflow task ru', status='terminated', exitcode=<Negsignal.SIGKILL: -9>, started='20:20:48') (556) terminated with exit code -9
[2024-05-18T20:22:52.630+0000] {standard_task_runner.py:178} ERROR - Job 270 was killed before it finished (likely due to running out of memory)
