[2024-05-17T21:28:55.310+0000] {local_task_job_runner.py:120} INFO - ::group::Pre task execution logs
[2024-05-17T21:28:55.350+0000] {taskinstance.py:2076} INFO - Dependencies all met for dep_context=non-requeueable deps ti=<TaskInstance: Webscrape.Process_Send_Data manual__2024-05-17T21:28:51.821936+00:00 [queued]>
[2024-05-17T21:28:55.358+0000] {taskinstance.py:2076} INFO - Dependencies all met for dep_context=requeueable deps ti=<TaskInstance: Webscrape.Process_Send_Data manual__2024-05-17T21:28:51.821936+00:00 [queued]>
[2024-05-17T21:28:55.358+0000] {taskinstance.py:2306} INFO - Starting attempt 1 of 6
[2024-05-17T21:28:55.376+0000] {taskinstance.py:2330} INFO - Executing <Task(SparkSubmitOperator): Process_Send_Data> on 2024-05-17 21:28:51.821936+00:00
[2024-05-17T21:28:55.393+0000] {standard_task_runner.py:63} INFO - Started process 11294 to run task
[2024-05-17T21:28:55.416+0000] {standard_task_runner.py:90} INFO - Running: ['***', 'tasks', 'run', 'Webscrape', 'Process_Send_Data', 'manual__2024-05-17T21:28:51.821936+00:00', '--job-id', '243', '--raw', '--subdir', 'DAGS_FOLDER/webscrapping.py', '--cfg-path', '/tmp/tmpc18_t9ri']
[2024-05-17T21:28:55.439+0000] {standard_task_runner.py:91} INFO - Job 243: Subtask Process_Send_Data
[2024-05-17T21:28:55.658+0000] {task_command.py:426} INFO - Running <TaskInstance: Webscrape.Process_Send_Data manual__2024-05-17T21:28:51.821936+00:00 [running]> on host 3e429f118033
[2024-05-17T21:28:55.869+0000] {taskinstance.py:2648} INFO - Exporting env vars: AIRFLOW_CTX_DAG_OWNER='svc' AIRFLOW_CTX_DAG_ID='Webscrape' AIRFLOW_CTX_TASK_ID='Process_Send_Data' AIRFLOW_CTX_EXECUTION_DATE='2024-05-17T21:28:51.821936+00:00' AIRFLOW_CTX_TRY_NUMBER='1' AIRFLOW_CTX_DAG_RUN_ID='manual__2024-05-17T21:28:51.821936+00:00'
[2024-05-17T21:28:55.876+0000] {taskinstance.py:430} INFO - ::endgroup::
[2024-05-17T21:28:55.965+0000] {base.py:84} INFO - Using connection ID 'spark_default' for task execution.
[2024-05-17T21:28:55.972+0000] {spark_submit.py:401} INFO - Spark-Submit cmd: spark-submit --master spark://spark-master:7077 --packages org.apache.spark:spark-sql-kafka-0-10_2.12:3.5.1,com.datastax.spark:spark-cassandra-connector_2.12:3.5.0,org.apache.kafka:kafka-clients:3.4.1,commons-logging:commons-logging:1.2 --name arrow-spark --deploy-mode client dags/includes/jobs/spark_consumer.py
[2024-05-17T21:28:56.283+0000] {spark_submit.py:571} INFO - /home/***/.local/lib/python3.11/site-packages/pyspark/bin/load-spark-env.sh: line 68: ps: command not found
[2024-05-17T21:28:58.966+0000] {spark_submit.py:571} INFO - :: loading settings :: url = jar:file:/home/***/.local/lib/python3.11/site-packages/pyspark/jars/ivy-2.5.1.jar!/org/apache/ivy/core/settings/ivysettings.xml
[2024-05-17T21:28:59.075+0000] {spark_submit.py:571} INFO - Ivy Default Cache set to: /home/***/.ivy2/cache
[2024-05-17T21:28:59.076+0000] {spark_submit.py:571} INFO - The jars for the packages stored in: /home/***/.ivy2/jars
[2024-05-17T21:28:59.093+0000] {spark_submit.py:571} INFO - org.apache.spark#spark-sql-kafka-0-10_2.12 added as a dependency
[2024-05-17T21:28:59.094+0000] {spark_submit.py:571} INFO - com.datastax.spark#spark-cassandra-connector_2.12 added as a dependency
[2024-05-17T21:28:59.094+0000] {spark_submit.py:571} INFO - org.apache.kafka#kafka-clients added as a dependency
[2024-05-17T21:28:59.094+0000] {spark_submit.py:571} INFO - commons-logging#commons-logging added as a dependency
[2024-05-17T21:28:59.094+0000] {spark_submit.py:571} INFO - :: resolving dependencies :: org.apache.spark#spark-submit-parent-1be0ccb6-793f-4dc0-ad98-ccf67b1597aa;1.0
[2024-05-17T21:28:59.095+0000] {spark_submit.py:571} INFO - confs: [default]
[2024-05-17T21:28:59.398+0000] {spark_submit.py:571} INFO - found org.apache.spark#spark-sql-kafka-0-10_2.12;3.5.1 in central
[2024-05-17T21:28:59.506+0000] {spark_submit.py:571} INFO - found org.apache.spark#spark-token-provider-kafka-0-10_2.12;3.5.1 in central
[2024-05-17T21:28:59.611+0000] {spark_submit.py:571} INFO - found org.apache.kafka#kafka-clients;3.4.1 in central
[2024-05-17T21:28:59.642+0000] {spark_submit.py:571} INFO - found com.github.luben#zstd-jni;1.5.5-4 in central
[2024-05-17T21:28:59.674+0000] {spark_submit.py:571} INFO - found org.lz4#lz4-java;1.8.0 in central
[2024-05-17T21:28:59.704+0000] {spark_submit.py:571} INFO - found org.xerial.snappy#snappy-java;1.1.10.3 in central
[2024-05-17T21:28:59.749+0000] {spark_submit.py:571} INFO - found org.slf4j#slf4j-api;2.0.7 in central
[2024-05-17T21:28:59.791+0000] {spark_submit.py:571} INFO - found org.apache.hadoop#hadoop-client-runtime;3.3.4 in central
[2024-05-17T21:28:59.836+0000] {spark_submit.py:571} INFO - found org.apache.hadoop#hadoop-client-api;3.3.4 in central
[2024-05-17T21:28:59.868+0000] {spark_submit.py:571} INFO - found com.google.code.findbugs#jsr305;3.0.0 in central
[2024-05-17T21:28:59.880+0000] {spark_submit.py:571} INFO - found org.apache.commons#commons-pool2;2.11.1 in central
[2024-05-17T21:28:59.892+0000] {spark_submit.py:571} INFO - found com.datastax.spark#spark-cassandra-connector_2.12;3.5.0 in central
[2024-05-17T21:28:59.903+0000] {spark_submit.py:571} INFO - found com.datastax.spark#spark-cassandra-connector-driver_2.12;3.5.0 in central
[2024-05-17T21:28:59.915+0000] {spark_submit.py:571} INFO - found org.scala-lang.modules#scala-collection-compat_2.12;2.11.0 in central
[2024-05-17T21:28:59.928+0000] {spark_submit.py:571} INFO - found com.datastax.oss#java-driver-core-shaded;4.13.0 in central
[2024-05-17T21:28:59.944+0000] {spark_submit.py:571} INFO - found com.datastax.oss#native-protocol;1.5.0 in central
[2024-05-17T21:28:59.956+0000] {spark_submit.py:571} INFO - found com.datastax.oss#java-driver-shaded-guava;25.1-jre-graal-sub-1 in central
[2024-05-17T21:28:59.967+0000] {spark_submit.py:571} INFO - found com.typesafe#config;1.4.1 in central
[2024-05-17T21:28:59.981+0000] {spark_submit.py:571} INFO - found io.dropwizard.metrics#metrics-core;4.1.18 in central
[2024-05-17T21:29:00.018+0000] {spark_submit.py:571} INFO - found org.hdrhistogram#HdrHistogram;2.1.12 in central
[2024-05-17T21:29:00.035+0000] {spark_submit.py:571} INFO - found org.reactivestreams#reactive-streams;1.0.3 in central
[2024-05-17T21:29:00.051+0000] {spark_submit.py:571} INFO - found com.github.stephenc.jcip#jcip-annotations;1.0-1 in central
[2024-05-17T21:29:00.061+0000] {spark_submit.py:571} INFO - found com.github.spotbugs#spotbugs-annotations;3.1.12 in central
[2024-05-17T21:29:00.071+0000] {spark_submit.py:571} INFO - found com.google.code.findbugs#jsr305;3.0.2 in central
[2024-05-17T21:29:00.094+0000] {spark_submit.py:571} INFO - found com.datastax.oss#java-driver-mapper-runtime;4.13.0 in central
[2024-05-17T21:29:00.134+0000] {spark_submit.py:571} INFO - found com.datastax.oss#java-driver-query-builder;4.13.0 in central
[2024-05-17T21:29:00.207+0000] {spark_submit.py:571} INFO - found org.apache.commons#commons-lang3;3.10 in central
[2024-05-17T21:29:00.258+0000] {spark_submit.py:571} INFO - found com.thoughtworks.paranamer#paranamer;2.8 in central
[2024-05-17T21:29:00.270+0000] {spark_submit.py:571} INFO - found org.scala-lang#scala-reflect;2.12.11 in central
[2024-05-17T21:29:00.323+0000] {spark_submit.py:571} INFO - found commons-logging#commons-logging;1.2 in central
[2024-05-17T21:29:00.387+0000] {spark_submit.py:571} INFO - :: resolution report :: resolve 1266ms :: artifacts dl 27ms
[2024-05-17T21:29:00.392+0000] {spark_submit.py:571} INFO - :: modules in use:
[2024-05-17T21:29:00.393+0000] {spark_submit.py:571} INFO - com.datastax.oss#java-driver-core-shaded;4.13.0 from central in [default]
[2024-05-17T21:29:00.394+0000] {spark_submit.py:571} INFO - com.datastax.oss#java-driver-mapper-runtime;4.13.0 from central in [default]
[2024-05-17T21:29:00.394+0000] {spark_submit.py:571} INFO - com.datastax.oss#java-driver-query-builder;4.13.0 from central in [default]
[2024-05-17T21:29:00.395+0000] {spark_submit.py:571} INFO - com.datastax.oss#java-driver-shaded-guava;25.1-jre-graal-sub-1 from central in [default]
[2024-05-17T21:29:00.395+0000] {spark_submit.py:571} INFO - com.datastax.oss#native-protocol;1.5.0 from central in [default]
[2024-05-17T21:29:00.396+0000] {spark_submit.py:571} INFO - com.datastax.spark#spark-cassandra-connector-driver_2.12;3.5.0 from central in [default]
[2024-05-17T21:29:00.396+0000] {spark_submit.py:571} INFO - com.datastax.spark#spark-cassandra-connector_2.12;3.5.0 from central in [default]
[2024-05-17T21:29:00.397+0000] {spark_submit.py:571} INFO - com.github.luben#zstd-jni;1.5.5-4 from central in [default]
[2024-05-17T21:29:00.397+0000] {spark_submit.py:571} INFO - com.github.spotbugs#spotbugs-annotations;3.1.12 from central in [default]
[2024-05-17T21:29:00.398+0000] {spark_submit.py:571} INFO - com.github.stephenc.jcip#jcip-annotations;1.0-1 from central in [default]
[2024-05-17T21:29:00.398+0000] {spark_submit.py:571} INFO - com.google.code.findbugs#jsr305;3.0.2 from central in [default]
[2024-05-17T21:29:00.399+0000] {spark_submit.py:571} INFO - com.thoughtworks.paranamer#paranamer;2.8 from central in [default]
[2024-05-17T21:29:00.399+0000] {spark_submit.py:571} INFO - com.typesafe#config;1.4.1 from central in [default]
[2024-05-17T21:29:00.400+0000] {spark_submit.py:571} INFO - commons-logging#commons-logging;1.2 from central in [default]
[2024-05-17T21:29:00.400+0000] {spark_submit.py:571} INFO - io.dropwizard.metrics#metrics-core;4.1.18 from central in [default]
[2024-05-17T21:29:00.400+0000] {spark_submit.py:571} INFO - org.apache.commons#commons-lang3;3.10 from central in [default]
[2024-05-17T21:29:00.401+0000] {spark_submit.py:571} INFO - org.apache.commons#commons-pool2;2.11.1 from central in [default]
[2024-05-17T21:29:00.401+0000] {spark_submit.py:571} INFO - org.apache.hadoop#hadoop-client-api;3.3.4 from central in [default]
[2024-05-17T21:29:00.401+0000] {spark_submit.py:571} INFO - org.apache.hadoop#hadoop-client-runtime;3.3.4 from central in [default]
[2024-05-17T21:29:00.402+0000] {spark_submit.py:571} INFO - org.apache.kafka#kafka-clients;3.4.1 from central in [default]
[2024-05-17T21:29:00.403+0000] {spark_submit.py:571} INFO - org.apache.spark#spark-sql-kafka-0-10_2.12;3.5.1 from central in [default]
[2024-05-17T21:29:00.403+0000] {spark_submit.py:571} INFO - org.apache.spark#spark-token-provider-kafka-0-10_2.12;3.5.1 from central in [default]
[2024-05-17T21:29:00.405+0000] {spark_submit.py:571} INFO - org.hdrhistogram#HdrHistogram;2.1.12 from central in [default]
[2024-05-17T21:29:00.406+0000] {spark_submit.py:571} INFO - org.lz4#lz4-java;1.8.0 from central in [default]
[2024-05-17T21:29:00.407+0000] {spark_submit.py:571} INFO - org.reactivestreams#reactive-streams;1.0.3 from central in [default]
[2024-05-17T21:29:00.414+0000] {spark_submit.py:571} INFO - org.scala-lang#scala-reflect;2.12.11 from central in [default]
[2024-05-17T21:29:00.415+0000] {spark_submit.py:571} INFO - org.scala-lang.modules#scala-collection-compat_2.12;2.11.0 from central in [default]
[2024-05-17T21:29:00.416+0000] {spark_submit.py:571} INFO - org.slf4j#slf4j-api;2.0.7 from central in [default]
[2024-05-17T21:29:00.417+0000] {spark_submit.py:571} INFO - org.xerial.snappy#snappy-java;1.1.10.3 from central in [default]
[2024-05-17T21:29:00.418+0000] {spark_submit.py:571} INFO - :: evicted modules:
[2024-05-17T21:29:00.419+0000] {spark_submit.py:571} INFO - commons-logging#commons-logging;1.1.3 by [commons-logging#commons-logging;1.2] in [default]
[2024-05-17T21:29:00.419+0000] {spark_submit.py:571} INFO - com.google.code.findbugs#jsr305;3.0.0 by [com.google.code.findbugs#jsr305;3.0.2] in [default]
[2024-05-17T21:29:00.420+0000] {spark_submit.py:571} INFO - org.slf4j#slf4j-api;1.7.26 by [org.slf4j#slf4j-api;2.0.7] in [default]
[2024-05-17T21:29:00.420+0000] {spark_submit.py:571} INFO - ---------------------------------------------------------------------
[2024-05-17T21:29:00.421+0000] {spark_submit.py:571} INFO - |                  |            modules            ||   artifacts   |
[2024-05-17T21:29:00.421+0000] {spark_submit.py:571} INFO - |       conf       | number| search|dwnlded|evicted|| number|dwnlded|
[2024-05-17T21:29:00.423+0000] {spark_submit.py:571} INFO - ---------------------------------------------------------------------
[2024-05-17T21:29:00.424+0000] {spark_submit.py:571} INFO - |      default     |   32  |   0   |   0   |   3   ||   29  |   0   |
[2024-05-17T21:29:00.425+0000] {spark_submit.py:571} INFO - ---------------------------------------------------------------------
[2024-05-17T21:29:00.425+0000] {spark_submit.py:571} INFO - :: retrieving :: org.apache.spark#spark-submit-parent-1be0ccb6-793f-4dc0-ad98-ccf67b1597aa
[2024-05-17T21:29:00.426+0000] {spark_submit.py:571} INFO - confs: [default]
[2024-05-17T21:29:00.444+0000] {spark_submit.py:571} INFO - 0 artifacts copied, 29 already retrieved (0kB/23ms)
[2024-05-17T21:29:00.892+0000] {spark_submit.py:571} INFO - 24/05/17 21:29:00 WARN NativeCodeLoader: Unable to load native-hadoop library for your platform... using builtin-java classes where applicable
[2024-05-17T21:29:04.023+0000] {spark_submit.py:571} INFO - 24/05/17 21:29:04 INFO SparkContext: Running Spark version 3.5.1
[2024-05-17T21:29:04.031+0000] {spark_submit.py:571} INFO - 24/05/17 21:29:04 INFO SparkContext: OS info Linux, 6.6.26-linuxkit, aarch64
[2024-05-17T21:29:04.032+0000] {spark_submit.py:571} INFO - 24/05/17 21:29:04 INFO SparkContext: Java version 11.0.23
[2024-05-17T21:29:04.111+0000] {spark_submit.py:571} INFO - 24/05/17 21:29:04 INFO ResourceUtils: ==============================================================
[2024-05-17T21:29:04.115+0000] {spark_submit.py:571} INFO - 24/05/17 21:29:04 INFO ResourceUtils: No custom resources configured for spark.driver.
[2024-05-17T21:29:04.117+0000] {spark_submit.py:571} INFO - 24/05/17 21:29:04 INFO ResourceUtils: ==============================================================
[2024-05-17T21:29:04.118+0000] {spark_submit.py:571} INFO - 24/05/17 21:29:04 INFO SparkContext: Submitted application: Redfin_Properties_Consumer
[2024-05-17T21:29:04.199+0000] {spark_submit.py:571} INFO - 24/05/17 21:29:04 INFO ResourceProfile: Default ResourceProfile created, executor resources: Map(memory -> name: memory, amount: 1024, script: , vendor: , offHeap -> name: offHeap, amount: 0, script: , vendor: ), task resources: Map(cpus -> name: cpus, amount: 1.0)
[2024-05-17T21:29:04.251+0000] {spark_submit.py:571} INFO - 24/05/17 21:29:04 INFO ResourceProfile: Limiting resource is cpu
[2024-05-17T21:29:04.255+0000] {spark_submit.py:571} INFO - 24/05/17 21:29:04 INFO ResourceProfileManager: Added ResourceProfile id: 0
[2024-05-17T21:29:04.523+0000] {spark_submit.py:571} INFO - 24/05/17 21:29:04 INFO SecurityManager: Changing view acls to: ***
[2024-05-17T21:29:04.524+0000] {spark_submit.py:571} INFO - 24/05/17 21:29:04 INFO SecurityManager: Changing modify acls to: ***
[2024-05-17T21:29:04.524+0000] {spark_submit.py:571} INFO - 24/05/17 21:29:04 INFO SecurityManager: Changing view acls groups to:
[2024-05-17T21:29:04.525+0000] {spark_submit.py:571} INFO - 24/05/17 21:29:04 INFO SecurityManager: Changing modify acls groups to:
[2024-05-17T21:29:04.529+0000] {spark_submit.py:571} INFO - 24/05/17 21:29:04 INFO SecurityManager: SecurityManager: authentication disabled; ui acls disabled; users with view permissions: ***; groups with view permissions: EMPTY; users with modify permissions: ***; groups with modify permissions: EMPTY
[2024-05-17T21:29:04.945+0000] {spark_submit.py:571} INFO - 24/05/17 21:29:04 INFO Utils: Successfully started service 'sparkDriver' on port 41483.
[2024-05-17T21:29:04.985+0000] {spark_submit.py:571} INFO - 24/05/17 21:29:04 INFO SparkEnv: Registering MapOutputTracker
[2024-05-17T21:29:05.020+0000] {spark_submit.py:571} INFO - 24/05/17 21:29:05 INFO SparkEnv: Registering BlockManagerMaster
[2024-05-17T21:29:05.036+0000] {spark_submit.py:571} INFO - 24/05/17 21:29:05 INFO BlockManagerMasterEndpoint: Using org.apache.spark.storage.DefaultTopologyMapper for getting topology information
[2024-05-17T21:29:05.036+0000] {spark_submit.py:571} INFO - 24/05/17 21:29:05 INFO BlockManagerMasterEndpoint: BlockManagerMasterEndpoint up
[2024-05-17T21:29:05.039+0000] {spark_submit.py:571} INFO - 24/05/17 21:29:05 INFO SparkEnv: Registering BlockManagerMasterHeartbeat
[2024-05-17T21:29:05.059+0000] {spark_submit.py:571} INFO - 24/05/17 21:29:05 INFO DiskBlockManager: Created local directory at /tmp/blockmgr-7562dd94-71f0-4403-9deb-845651e61f54
[2024-05-17T21:29:05.071+0000] {spark_submit.py:571} INFO - 24/05/17 21:29:05 INFO MemoryStore: MemoryStore started with capacity 434.4 MiB
[2024-05-17T21:29:05.082+0000] {spark_submit.py:571} INFO - 24/05/17 21:29:05 INFO SparkEnv: Registering OutputCommitCoordinator
[2024-05-17T21:29:05.224+0000] {spark_submit.py:571} INFO - 24/05/17 21:29:05 INFO JettyUtils: Start Jetty 0.0.0.0:4040 for SparkUI
[2024-05-17T21:29:05.283+0000] {spark_submit.py:571} INFO - 24/05/17 21:29:05 INFO Utils: Successfully started service 'SparkUI' on port 4040.
[2024-05-17T21:29:05.307+0000] {spark_submit.py:571} INFO - 24/05/17 21:29:05 INFO SparkContext: Added JAR file:///home/***/.ivy2/jars/org.apache.spark_spark-sql-kafka-0-10_2.12-3.5.1.jar at spark://3e429f118033:41483/jars/org.apache.spark_spark-sql-kafka-0-10_2.12-3.5.1.jar with timestamp 1715981343989
[2024-05-17T21:29:05.307+0000] {spark_submit.py:571} INFO - 24/05/17 21:29:05 INFO SparkContext: Added JAR file:///home/***/.ivy2/jars/com.datastax.spark_spark-cassandra-connector_2.12-3.5.0.jar at spark://3e429f118033:41483/jars/com.datastax.spark_spark-cassandra-connector_2.12-3.5.0.jar with timestamp 1715981343989
[2024-05-17T21:29:05.308+0000] {spark_submit.py:571} INFO - 24/05/17 21:29:05 INFO SparkContext: Added JAR file:///home/***/.ivy2/jars/org.apache.kafka_kafka-clients-3.4.1.jar at spark://3e429f118033:41483/jars/org.apache.kafka_kafka-clients-3.4.1.jar with timestamp 1715981343989
[2024-05-17T21:29:05.308+0000] {spark_submit.py:571} INFO - 24/05/17 21:29:05 INFO SparkContext: Added JAR file:///home/***/.ivy2/jars/commons-logging_commons-logging-1.2.jar at spark://3e429f118033:41483/jars/commons-logging_commons-logging-1.2.jar with timestamp 1715981343989
[2024-05-17T21:29:05.308+0000] {spark_submit.py:571} INFO - 24/05/17 21:29:05 INFO SparkContext: Added JAR file:///home/***/.ivy2/jars/org.apache.spark_spark-token-provider-kafka-0-10_2.12-3.5.1.jar at spark://3e429f118033:41483/jars/org.apache.spark_spark-token-provider-kafka-0-10_2.12-3.5.1.jar with timestamp 1715981343989
[2024-05-17T21:29:05.308+0000] {spark_submit.py:571} INFO - 24/05/17 21:29:05 INFO SparkContext: Added JAR file:///home/***/.ivy2/jars/org.apache.commons_commons-pool2-2.11.1.jar at spark://3e429f118033:41483/jars/org.apache.commons_commons-pool2-2.11.1.jar with timestamp 1715981343989
[2024-05-17T21:29:05.308+0000] {spark_submit.py:571} INFO - 24/05/17 21:29:05 INFO SparkContext: Added JAR file:///home/***/.ivy2/jars/org.apache.hadoop_hadoop-client-runtime-3.3.4.jar at spark://3e429f118033:41483/jars/org.apache.hadoop_hadoop-client-runtime-3.3.4.jar with timestamp 1715981343989
[2024-05-17T21:29:05.309+0000] {spark_submit.py:571} INFO - 24/05/17 21:29:05 INFO SparkContext: Added JAR file:///home/***/.ivy2/jars/com.github.luben_zstd-jni-1.5.5-4.jar at spark://3e429f118033:41483/jars/com.github.luben_zstd-jni-1.5.5-4.jar with timestamp 1715981343989
[2024-05-17T21:29:05.309+0000] {spark_submit.py:571} INFO - 24/05/17 21:29:05 INFO SparkContext: Added JAR file:///home/***/.ivy2/jars/org.lz4_lz4-java-1.8.0.jar at spark://3e429f118033:41483/jars/org.lz4_lz4-java-1.8.0.jar with timestamp 1715981343989
[2024-05-17T21:29:05.309+0000] {spark_submit.py:571} INFO - 24/05/17 21:29:05 INFO SparkContext: Added JAR file:///home/***/.ivy2/jars/org.xerial.snappy_snappy-java-1.1.10.3.jar at spark://3e429f118033:41483/jars/org.xerial.snappy_snappy-java-1.1.10.3.jar with timestamp 1715981343989
[2024-05-17T21:29:05.309+0000] {spark_submit.py:571} INFO - 24/05/17 21:29:05 INFO SparkContext: Added JAR file:///home/***/.ivy2/jars/org.slf4j_slf4j-api-2.0.7.jar at spark://3e429f118033:41483/jars/org.slf4j_slf4j-api-2.0.7.jar with timestamp 1715981343989
[2024-05-17T21:29:05.309+0000] {spark_submit.py:571} INFO - 24/05/17 21:29:05 INFO SparkContext: Added JAR file:///home/***/.ivy2/jars/org.apache.hadoop_hadoop-client-api-3.3.4.jar at spark://3e429f118033:41483/jars/org.apache.hadoop_hadoop-client-api-3.3.4.jar with timestamp 1715981343989
[2024-05-17T21:29:05.310+0000] {spark_submit.py:571} INFO - 24/05/17 21:29:05 INFO SparkContext: Added JAR file:///home/***/.ivy2/jars/com.datastax.spark_spark-cassandra-connector-driver_2.12-3.5.0.jar at spark://3e429f118033:41483/jars/com.datastax.spark_spark-cassandra-connector-driver_2.12-3.5.0.jar with timestamp 1715981343989
[2024-05-17T21:29:05.310+0000] {spark_submit.py:571} INFO - 24/05/17 21:29:05 INFO SparkContext: Added JAR file:///home/***/.ivy2/jars/org.scala-lang.modules_scala-collection-compat_2.12-2.11.0.jar at spark://3e429f118033:41483/jars/org.scala-lang.modules_scala-collection-compat_2.12-2.11.0.jar with timestamp 1715981343989
[2024-05-17T21:29:05.310+0000] {spark_submit.py:571} INFO - 24/05/17 21:29:05 INFO SparkContext: Added JAR file:///home/***/.ivy2/jars/com.datastax.oss_java-driver-core-shaded-4.13.0.jar at spark://3e429f118033:41483/jars/com.datastax.oss_java-driver-core-shaded-4.13.0.jar with timestamp 1715981343989
[2024-05-17T21:29:05.310+0000] {spark_submit.py:571} INFO - 24/05/17 21:29:05 INFO SparkContext: Added JAR file:///home/***/.ivy2/jars/com.datastax.oss_java-driver-mapper-runtime-4.13.0.jar at spark://3e429f118033:41483/jars/com.datastax.oss_java-driver-mapper-runtime-4.13.0.jar with timestamp 1715981343989
[2024-05-17T21:29:05.311+0000] {spark_submit.py:571} INFO - 24/05/17 21:29:05 INFO SparkContext: Added JAR file:///home/***/.ivy2/jars/org.apache.commons_commons-lang3-3.10.jar at spark://3e429f118033:41483/jars/org.apache.commons_commons-lang3-3.10.jar with timestamp 1715981343989
[2024-05-17T21:29:05.311+0000] {spark_submit.py:571} INFO - 24/05/17 21:29:05 INFO SparkContext: Added JAR file:///home/***/.ivy2/jars/com.thoughtworks.paranamer_paranamer-2.8.jar at spark://3e429f118033:41483/jars/com.thoughtworks.paranamer_paranamer-2.8.jar with timestamp 1715981343989
[2024-05-17T21:29:05.311+0000] {spark_submit.py:571} INFO - 24/05/17 21:29:05 INFO SparkContext: Added JAR file:///home/***/.ivy2/jars/org.scala-lang_scala-reflect-2.12.11.jar at spark://3e429f118033:41483/jars/org.scala-lang_scala-reflect-2.12.11.jar with timestamp 1715981343989
[2024-05-17T21:29:05.312+0000] {spark_submit.py:571} INFO - 24/05/17 21:29:05 INFO SparkContext: Added JAR file:///home/***/.ivy2/jars/com.datastax.oss_native-protocol-1.5.0.jar at spark://3e429f118033:41483/jars/com.datastax.oss_native-protocol-1.5.0.jar with timestamp 1715981343989
[2024-05-17T21:29:05.312+0000] {spark_submit.py:571} INFO - 24/05/17 21:29:05 INFO SparkContext: Added JAR file:///home/***/.ivy2/jars/com.datastax.oss_java-driver-shaded-guava-25.1-jre-graal-sub-1.jar at spark://3e429f118033:41483/jars/com.datastax.oss_java-driver-shaded-guava-25.1-jre-graal-sub-1.jar with timestamp 1715981343989
[2024-05-17T21:29:05.312+0000] {spark_submit.py:571} INFO - 24/05/17 21:29:05 INFO SparkContext: Added JAR file:///home/***/.ivy2/jars/com.typesafe_config-1.4.1.jar at spark://3e429f118033:41483/jars/com.typesafe_config-1.4.1.jar with timestamp 1715981343989
[2024-05-17T21:29:05.312+0000] {spark_submit.py:571} INFO - 24/05/17 21:29:05 INFO SparkContext: Added JAR file:///home/***/.ivy2/jars/io.dropwizard.metrics_metrics-core-4.1.18.jar at spark://3e429f118033:41483/jars/io.dropwizard.metrics_metrics-core-4.1.18.jar with timestamp 1715981343989
[2024-05-17T21:29:05.312+0000] {spark_submit.py:571} INFO - 24/05/17 21:29:05 INFO SparkContext: Added JAR file:///home/***/.ivy2/jars/org.hdrhistogram_HdrHistogram-2.1.12.jar at spark://3e429f118033:41483/jars/org.hdrhistogram_HdrHistogram-2.1.12.jar with timestamp 1715981343989
[2024-05-17T21:29:05.313+0000] {spark_submit.py:571} INFO - 24/05/17 21:29:05 INFO SparkContext: Added JAR file:///home/***/.ivy2/jars/org.reactivestreams_reactive-streams-1.0.3.jar at spark://3e429f118033:41483/jars/org.reactivestreams_reactive-streams-1.0.3.jar with timestamp 1715981343989
[2024-05-17T21:29:05.313+0000] {spark_submit.py:571} INFO - 24/05/17 21:29:05 INFO SparkContext: Added JAR file:///home/***/.ivy2/jars/com.github.stephenc.jcip_jcip-annotations-1.0-1.jar at spark://3e429f118033:41483/jars/com.github.stephenc.jcip_jcip-annotations-1.0-1.jar with timestamp 1715981343989
[2024-05-17T21:29:05.313+0000] {spark_submit.py:571} INFO - 24/05/17 21:29:05 INFO SparkContext: Added JAR file:///home/***/.ivy2/jars/com.github.spotbugs_spotbugs-annotations-3.1.12.jar at spark://3e429f118033:41483/jars/com.github.spotbugs_spotbugs-annotations-3.1.12.jar with timestamp 1715981343989
[2024-05-17T21:29:05.313+0000] {spark_submit.py:571} INFO - 24/05/17 21:29:05 INFO SparkContext: Added JAR file:///home/***/.ivy2/jars/com.google.code.findbugs_jsr305-3.0.2.jar at spark://3e429f118033:41483/jars/com.google.code.findbugs_jsr305-3.0.2.jar with timestamp 1715981343989
[2024-05-17T21:29:05.313+0000] {spark_submit.py:571} INFO - 24/05/17 21:29:05 INFO SparkContext: Added JAR file:///home/***/.ivy2/jars/com.datastax.oss_java-driver-query-builder-4.13.0.jar at spark://3e429f118033:41483/jars/com.datastax.oss_java-driver-query-builder-4.13.0.jar with timestamp 1715981343989
[2024-05-17T21:29:05.313+0000] {spark_submit.py:571} INFO - 24/05/17 21:29:05 INFO SparkContext: Added file file:///home/***/.ivy2/jars/org.apache.spark_spark-sql-kafka-0-10_2.12-3.5.1.jar at spark://3e429f118033:41483/files/org.apache.spark_spark-sql-kafka-0-10_2.12-3.5.1.jar with timestamp 1715981343989
[2024-05-17T21:29:05.314+0000] {spark_submit.py:571} INFO - 24/05/17 21:29:05 INFO Utils: Copying /home/***/.ivy2/jars/org.apache.spark_spark-sql-kafka-0-10_2.12-3.5.1.jar to /tmp/spark-64ad33da-29c7-47b1-a6a7-3a28590bbd84/userFiles-6d467d63-ef2b-4b8f-af87-86784070ef5b/org.apache.spark_spark-sql-kafka-0-10_2.12-3.5.1.jar
[2024-05-17T21:29:05.333+0000] {spark_submit.py:571} INFO - 24/05/17 21:29:05 INFO SparkContext: Added file file:///home/***/.ivy2/jars/com.datastax.spark_spark-cassandra-connector_2.12-3.5.0.jar at spark://3e429f118033:41483/files/com.datastax.spark_spark-cassandra-connector_2.12-3.5.0.jar with timestamp 1715981343989
[2024-05-17T21:29:05.333+0000] {spark_submit.py:571} INFO - 24/05/17 21:29:05 INFO Utils: Copying /home/***/.ivy2/jars/com.datastax.spark_spark-cassandra-connector_2.12-3.5.0.jar to /tmp/spark-64ad33da-29c7-47b1-a6a7-3a28590bbd84/userFiles-6d467d63-ef2b-4b8f-af87-86784070ef5b/com.datastax.spark_spark-cassandra-connector_2.12-3.5.0.jar
[2024-05-17T21:29:05.363+0000] {spark_submit.py:571} INFO - 24/05/17 21:29:05 INFO SparkContext: Added file file:///home/***/.ivy2/jars/org.apache.kafka_kafka-clients-3.4.1.jar at spark://3e429f118033:41483/files/org.apache.kafka_kafka-clients-3.4.1.jar with timestamp 1715981343989
[2024-05-17T21:29:05.363+0000] {spark_submit.py:571} INFO - 24/05/17 21:29:05 INFO Utils: Copying /home/***/.ivy2/jars/org.apache.kafka_kafka-clients-3.4.1.jar to /tmp/spark-64ad33da-29c7-47b1-a6a7-3a28590bbd84/userFiles-6d467d63-ef2b-4b8f-af87-86784070ef5b/org.apache.kafka_kafka-clients-3.4.1.jar
[2024-05-17T21:29:05.403+0000] {spark_submit.py:571} INFO - 24/05/17 21:29:05 INFO SparkContext: Added file file:///home/***/.ivy2/jars/commons-logging_commons-logging-1.2.jar at spark://3e429f118033:41483/files/commons-logging_commons-logging-1.2.jar with timestamp 1715981343989
[2024-05-17T21:29:05.403+0000] {spark_submit.py:571} INFO - 24/05/17 21:29:05 INFO Utils: Copying /home/***/.ivy2/jars/commons-logging_commons-logging-1.2.jar to /tmp/spark-64ad33da-29c7-47b1-a6a7-3a28590bbd84/userFiles-6d467d63-ef2b-4b8f-af87-86784070ef5b/commons-logging_commons-logging-1.2.jar
[2024-05-17T21:29:05.408+0000] {spark_submit.py:571} INFO - 24/05/17 21:29:05 INFO SparkContext: Added file file:///home/***/.ivy2/jars/org.apache.spark_spark-token-provider-kafka-0-10_2.12-3.5.1.jar at spark://3e429f118033:41483/files/org.apache.spark_spark-token-provider-kafka-0-10_2.12-3.5.1.jar with timestamp 1715981343989
[2024-05-17T21:29:05.408+0000] {spark_submit.py:571} INFO - 24/05/17 21:29:05 INFO Utils: Copying /home/***/.ivy2/jars/org.apache.spark_spark-token-provider-kafka-0-10_2.12-3.5.1.jar to /tmp/spark-64ad33da-29c7-47b1-a6a7-3a28590bbd84/userFiles-6d467d63-ef2b-4b8f-af87-86784070ef5b/org.apache.spark_spark-token-provider-kafka-0-10_2.12-3.5.1.jar
[2024-05-17T21:29:05.414+0000] {spark_submit.py:571} INFO - 24/05/17 21:29:05 INFO SparkContext: Added file file:///home/***/.ivy2/jars/org.apache.commons_commons-pool2-2.11.1.jar at spark://3e429f118033:41483/files/org.apache.commons_commons-pool2-2.11.1.jar with timestamp 1715981343989
[2024-05-17T21:29:05.417+0000] {spark_submit.py:571} INFO - 24/05/17 21:29:05 INFO Utils: Copying /home/***/.ivy2/jars/org.apache.commons_commons-pool2-2.11.1.jar to /tmp/spark-64ad33da-29c7-47b1-a6a7-3a28590bbd84/userFiles-6d467d63-ef2b-4b8f-af87-86784070ef5b/org.apache.commons_commons-pool2-2.11.1.jar
[2024-05-17T21:29:05.420+0000] {spark_submit.py:571} INFO - 24/05/17 21:29:05 INFO SparkContext: Added file file:///home/***/.ivy2/jars/org.apache.hadoop_hadoop-client-runtime-3.3.4.jar at spark://3e429f118033:41483/files/org.apache.hadoop_hadoop-client-runtime-3.3.4.jar with timestamp 1715981343989
[2024-05-17T21:29:05.420+0000] {spark_submit.py:571} INFO - 24/05/17 21:29:05 INFO Utils: Copying /home/***/.ivy2/jars/org.apache.hadoop_hadoop-client-runtime-3.3.4.jar to /tmp/spark-64ad33da-29c7-47b1-a6a7-3a28590bbd84/userFiles-6d467d63-ef2b-4b8f-af87-86784070ef5b/org.apache.hadoop_hadoop-client-runtime-3.3.4.jar
[2024-05-17T21:29:05.678+0000] {spark_submit.py:571} INFO - 24/05/17 21:29:05 INFO SparkContext: Added file file:///home/***/.ivy2/jars/com.github.luben_zstd-jni-1.5.5-4.jar at spark://3e429f118033:41483/files/com.github.luben_zstd-jni-1.5.5-4.jar with timestamp 1715981343989
[2024-05-17T21:29:05.678+0000] {spark_submit.py:571} INFO - 24/05/17 21:29:05 INFO Utils: Copying /home/***/.ivy2/jars/com.github.luben_zstd-jni-1.5.5-4.jar to /tmp/spark-64ad33da-29c7-47b1-a6a7-3a28590bbd84/userFiles-6d467d63-ef2b-4b8f-af87-86784070ef5b/com.github.luben_zstd-jni-1.5.5-4.jar
[2024-05-17T21:29:05.731+0000] {spark_submit.py:571} INFO - 24/05/17 21:29:05 INFO SparkContext: Added file file:///home/***/.ivy2/jars/org.lz4_lz4-java-1.8.0.jar at spark://3e429f118033:41483/files/org.lz4_lz4-java-1.8.0.jar with timestamp 1715981343989
[2024-05-17T21:29:05.732+0000] {spark_submit.py:571} INFO - 24/05/17 21:29:05 INFO Utils: Copying /home/***/.ivy2/jars/org.lz4_lz4-java-1.8.0.jar to /tmp/spark-64ad33da-29c7-47b1-a6a7-3a28590bbd84/userFiles-6d467d63-ef2b-4b8f-af87-86784070ef5b/org.lz4_lz4-java-1.8.0.jar
[2024-05-17T21:29:05.741+0000] {spark_submit.py:571} INFO - 24/05/17 21:29:05 INFO SparkContext: Added file file:///home/***/.ivy2/jars/org.xerial.snappy_snappy-java-1.1.10.3.jar at spark://3e429f118033:41483/files/org.xerial.snappy_snappy-java-1.1.10.3.jar with timestamp 1715981343989
[2024-05-17T21:29:05.741+0000] {spark_submit.py:571} INFO - 24/05/17 21:29:05 INFO Utils: Copying /home/***/.ivy2/jars/org.xerial.snappy_snappy-java-1.1.10.3.jar to /tmp/spark-64ad33da-29c7-47b1-a6a7-3a28590bbd84/userFiles-6d467d63-ef2b-4b8f-af87-86784070ef5b/org.xerial.snappy_snappy-java-1.1.10.3.jar
[2024-05-17T21:29:05.763+0000] {spark_submit.py:571} INFO - 24/05/17 21:29:05 INFO SparkContext: Added file file:///home/***/.ivy2/jars/org.slf4j_slf4j-api-2.0.7.jar at spark://3e429f118033:41483/files/org.slf4j_slf4j-api-2.0.7.jar with timestamp 1715981343989
[2024-05-17T21:29:05.763+0000] {spark_submit.py:571} INFO - 24/05/17 21:29:05 INFO Utils: Copying /home/***/.ivy2/jars/org.slf4j_slf4j-api-2.0.7.jar to /tmp/spark-64ad33da-29c7-47b1-a6a7-3a28590bbd84/userFiles-6d467d63-ef2b-4b8f-af87-86784070ef5b/org.slf4j_slf4j-api-2.0.7.jar
[2024-05-17T21:29:05.767+0000] {spark_submit.py:571} INFO - 24/05/17 21:29:05 INFO SparkContext: Added file file:///home/***/.ivy2/jars/org.apache.hadoop_hadoop-client-api-3.3.4.jar at spark://3e429f118033:41483/files/org.apache.hadoop_hadoop-client-api-3.3.4.jar with timestamp 1715981343989
[2024-05-17T21:29:05.768+0000] {spark_submit.py:571} INFO - 24/05/17 21:29:05 INFO Utils: Copying /home/***/.ivy2/jars/org.apache.hadoop_hadoop-client-api-3.3.4.jar to /tmp/spark-64ad33da-29c7-47b1-a6a7-3a28590bbd84/userFiles-6d467d63-ef2b-4b8f-af87-86784070ef5b/org.apache.hadoop_hadoop-client-api-3.3.4.jar
[2024-05-17T21:29:06.036+0000] {spark_submit.py:571} INFO - 24/05/17 21:29:06 INFO SparkContext: Added file file:///home/***/.ivy2/jars/com.datastax.spark_spark-cassandra-connector-driver_2.12-3.5.0.jar at spark://3e429f118033:41483/files/com.datastax.spark_spark-cassandra-connector-driver_2.12-3.5.0.jar with timestamp 1715981343989
[2024-05-17T21:29:06.041+0000] {spark_submit.py:571} INFO - 24/05/17 21:29:06 INFO Utils: Copying /home/***/.ivy2/jars/com.datastax.spark_spark-cassandra-connector-driver_2.12-3.5.0.jar to /tmp/spark-64ad33da-29c7-47b1-a6a7-3a28590bbd84/userFiles-6d467d63-ef2b-4b8f-af87-86784070ef5b/com.datastax.spark_spark-cassandra-connector-driver_2.12-3.5.0.jar
[2024-05-17T21:29:06.052+0000] {spark_submit.py:571} INFO - 24/05/17 21:29:06 INFO SparkContext: Added file file:///home/***/.ivy2/jars/org.scala-lang.modules_scala-collection-compat_2.12-2.11.0.jar at spark://3e429f118033:41483/files/org.scala-lang.modules_scala-collection-compat_2.12-2.11.0.jar with timestamp 1715981343989
[2024-05-17T21:29:06.053+0000] {spark_submit.py:571} INFO - 24/05/17 21:29:06 INFO Utils: Copying /home/***/.ivy2/jars/org.scala-lang.modules_scala-collection-compat_2.12-2.11.0.jar to /tmp/spark-64ad33da-29c7-47b1-a6a7-3a28590bbd84/userFiles-6d467d63-ef2b-4b8f-af87-86784070ef5b/org.scala-lang.modules_scala-collection-compat_2.12-2.11.0.jar
[2024-05-17T21:29:06.059+0000] {spark_submit.py:571} INFO - 24/05/17 21:29:06 INFO SparkContext: Added file file:///home/***/.ivy2/jars/com.datastax.oss_java-driver-core-shaded-4.13.0.jar at spark://3e429f118033:41483/files/com.datastax.oss_java-driver-core-shaded-4.13.0.jar with timestamp 1715981343989
[2024-05-17T21:29:06.062+0000] {spark_submit.py:571} INFO - 24/05/17 21:29:06 INFO Utils: Copying /home/***/.ivy2/jars/com.datastax.oss_java-driver-core-shaded-4.13.0.jar to /tmp/spark-64ad33da-29c7-47b1-a6a7-3a28590bbd84/userFiles-6d467d63-ef2b-4b8f-af87-86784070ef5b/com.datastax.oss_java-driver-core-shaded-4.13.0.jar
[2024-05-17T21:29:06.185+0000] {spark_submit.py:571} INFO - 24/05/17 21:29:06 INFO SparkContext: Added file file:///home/***/.ivy2/jars/com.datastax.oss_java-driver-mapper-runtime-4.13.0.jar at spark://3e429f118033:41483/files/com.datastax.oss_java-driver-mapper-runtime-4.13.0.jar with timestamp 1715981343989
[2024-05-17T21:29:06.187+0000] {spark_submit.py:571} INFO - 24/05/17 21:29:06 INFO Utils: Copying /home/***/.ivy2/jars/com.datastax.oss_java-driver-mapper-runtime-4.13.0.jar to /tmp/spark-64ad33da-29c7-47b1-a6a7-3a28590bbd84/userFiles-6d467d63-ef2b-4b8f-af87-86784070ef5b/com.datastax.oss_java-driver-mapper-runtime-4.13.0.jar
[2024-05-17T21:29:06.197+0000] {spark_submit.py:571} INFO - 24/05/17 21:29:06 INFO SparkContext: Added file file:///home/***/.ivy2/jars/org.apache.commons_commons-lang3-3.10.jar at spark://3e429f118033:41483/files/org.apache.commons_commons-lang3-3.10.jar with timestamp 1715981343989
[2024-05-17T21:29:06.198+0000] {spark_submit.py:571} INFO - 24/05/17 21:29:06 INFO Utils: Copying /home/***/.ivy2/jars/org.apache.commons_commons-lang3-3.10.jar to /tmp/spark-64ad33da-29c7-47b1-a6a7-3a28590bbd84/userFiles-6d467d63-ef2b-4b8f-af87-86784070ef5b/org.apache.commons_commons-lang3-3.10.jar
[2024-05-17T21:29:06.212+0000] {spark_submit.py:571} INFO - 24/05/17 21:29:06 INFO SparkContext: Added file file:///home/***/.ivy2/jars/com.thoughtworks.paranamer_paranamer-2.8.jar at spark://3e429f118033:41483/files/com.thoughtworks.paranamer_paranamer-2.8.jar with timestamp 1715981343989
[2024-05-17T21:29:06.213+0000] {spark_submit.py:571} INFO - 24/05/17 21:29:06 INFO Utils: Copying /home/***/.ivy2/jars/com.thoughtworks.paranamer_paranamer-2.8.jar to /tmp/spark-64ad33da-29c7-47b1-a6a7-3a28590bbd84/userFiles-6d467d63-ef2b-4b8f-af87-86784070ef5b/com.thoughtworks.paranamer_paranamer-2.8.jar
[2024-05-17T21:29:06.217+0000] {spark_submit.py:571} INFO - 24/05/17 21:29:06 INFO SparkContext: Added file file:///home/***/.ivy2/jars/org.scala-lang_scala-reflect-2.12.11.jar at spark://3e429f118033:41483/files/org.scala-lang_scala-reflect-2.12.11.jar with timestamp 1715981343989
[2024-05-17T21:29:06.218+0000] {spark_submit.py:571} INFO - 24/05/17 21:29:06 INFO Utils: Copying /home/***/.ivy2/jars/org.scala-lang_scala-reflect-2.12.11.jar to /tmp/spark-64ad33da-29c7-47b1-a6a7-3a28590bbd84/userFiles-6d467d63-ef2b-4b8f-af87-86784070ef5b/org.scala-lang_scala-reflect-2.12.11.jar
[2024-05-17T21:29:06.270+0000] {spark_submit.py:571} INFO - 24/05/17 21:29:06 INFO SparkContext: Added file file:///home/***/.ivy2/jars/com.datastax.oss_native-protocol-1.5.0.jar at spark://3e429f118033:41483/files/com.datastax.oss_native-protocol-1.5.0.jar with timestamp 1715981343989
[2024-05-17T21:29:06.271+0000] {spark_submit.py:571} INFO - 24/05/17 21:29:06 INFO Utils: Copying /home/***/.ivy2/jars/com.datastax.oss_native-protocol-1.5.0.jar to /tmp/spark-64ad33da-29c7-47b1-a6a7-3a28590bbd84/userFiles-6d467d63-ef2b-4b8f-af87-86784070ef5b/com.datastax.oss_native-protocol-1.5.0.jar
[2024-05-17T21:29:06.278+0000] {spark_submit.py:571} INFO - 24/05/17 21:29:06 INFO SparkContext: Added file file:///home/***/.ivy2/jars/com.datastax.oss_java-driver-shaded-guava-25.1-jre-graal-sub-1.jar at spark://3e429f118033:41483/files/com.datastax.oss_java-driver-shaded-guava-25.1-jre-graal-sub-1.jar with timestamp 1715981343989
[2024-05-17T21:29:06.279+0000] {spark_submit.py:571} INFO - 24/05/17 21:29:06 INFO Utils: Copying /home/***/.ivy2/jars/com.datastax.oss_java-driver-shaded-guava-25.1-jre-graal-sub-1.jar to /tmp/spark-64ad33da-29c7-47b1-a6a7-3a28590bbd84/userFiles-6d467d63-ef2b-4b8f-af87-86784070ef5b/com.datastax.oss_java-driver-shaded-guava-25.1-jre-graal-sub-1.jar
[2024-05-17T21:29:06.322+0000] {spark_submit.py:571} INFO - 24/05/17 21:29:06 INFO SparkContext: Added file file:///home/***/.ivy2/jars/com.typesafe_config-1.4.1.jar at spark://3e429f118033:41483/files/com.typesafe_config-1.4.1.jar with timestamp 1715981343989
[2024-05-17T21:29:06.323+0000] {spark_submit.py:571} INFO - 24/05/17 21:29:06 INFO Utils: Copying /home/***/.ivy2/jars/com.typesafe_config-1.4.1.jar to /tmp/spark-64ad33da-29c7-47b1-a6a7-3a28590bbd84/userFiles-6d467d63-ef2b-4b8f-af87-86784070ef5b/com.typesafe_config-1.4.1.jar
[2024-05-17T21:29:06.335+0000] {spark_submit.py:571} INFO - 24/05/17 21:29:06 INFO SparkContext: Added file file:///home/***/.ivy2/jars/io.dropwizard.metrics_metrics-core-4.1.18.jar at spark://3e429f118033:41483/files/io.dropwizard.metrics_metrics-core-4.1.18.jar with timestamp 1715981343989
[2024-05-17T21:29:06.335+0000] {spark_submit.py:571} INFO - 24/05/17 21:29:06 INFO Utils: Copying /home/***/.ivy2/jars/io.dropwizard.metrics_metrics-core-4.1.18.jar to /tmp/spark-64ad33da-29c7-47b1-a6a7-3a28590bbd84/userFiles-6d467d63-ef2b-4b8f-af87-86784070ef5b/io.dropwizard.metrics_metrics-core-4.1.18.jar
[2024-05-17T21:29:06.343+0000] {spark_submit.py:571} INFO - 24/05/17 21:29:06 INFO SparkContext: Added file file:///home/***/.ivy2/jars/org.hdrhistogram_HdrHistogram-2.1.12.jar at spark://3e429f118033:41483/files/org.hdrhistogram_HdrHistogram-2.1.12.jar with timestamp 1715981343989
[2024-05-17T21:29:06.344+0000] {spark_submit.py:571} INFO - 24/05/17 21:29:06 INFO Utils: Copying /home/***/.ivy2/jars/org.hdrhistogram_HdrHistogram-2.1.12.jar to /tmp/spark-64ad33da-29c7-47b1-a6a7-3a28590bbd84/userFiles-6d467d63-ef2b-4b8f-af87-86784070ef5b/org.hdrhistogram_HdrHistogram-2.1.12.jar
[2024-05-17T21:29:06.353+0000] {spark_submit.py:571} INFO - 24/05/17 21:29:06 INFO SparkContext: Added file file:///home/***/.ivy2/jars/org.reactivestreams_reactive-streams-1.0.3.jar at spark://3e429f118033:41483/files/org.reactivestreams_reactive-streams-1.0.3.jar with timestamp 1715981343989
[2024-05-17T21:29:06.354+0000] {spark_submit.py:571} INFO - 24/05/17 21:29:06 INFO Utils: Copying /home/***/.ivy2/jars/org.reactivestreams_reactive-streams-1.0.3.jar to /tmp/spark-64ad33da-29c7-47b1-a6a7-3a28590bbd84/userFiles-6d467d63-ef2b-4b8f-af87-86784070ef5b/org.reactivestreams_reactive-streams-1.0.3.jar
[2024-05-17T21:29:06.358+0000] {spark_submit.py:571} INFO - 24/05/17 21:29:06 INFO SparkContext: Added file file:///home/***/.ivy2/jars/com.github.stephenc.jcip_jcip-annotations-1.0-1.jar at spark://3e429f118033:41483/files/com.github.stephenc.jcip_jcip-annotations-1.0-1.jar with timestamp 1715981343989
[2024-05-17T21:29:06.358+0000] {spark_submit.py:571} INFO - 24/05/17 21:29:06 INFO Utils: Copying /home/***/.ivy2/jars/com.github.stephenc.jcip_jcip-annotations-1.0-1.jar to /tmp/spark-64ad33da-29c7-47b1-a6a7-3a28590bbd84/userFiles-6d467d63-ef2b-4b8f-af87-86784070ef5b/com.github.stephenc.jcip_jcip-annotations-1.0-1.jar
[2024-05-17T21:29:06.363+0000] {spark_submit.py:571} INFO - 24/05/17 21:29:06 INFO SparkContext: Added file file:///home/***/.ivy2/jars/com.github.spotbugs_spotbugs-annotations-3.1.12.jar at spark://3e429f118033:41483/files/com.github.spotbugs_spotbugs-annotations-3.1.12.jar with timestamp 1715981343989
[2024-05-17T21:29:06.364+0000] {spark_submit.py:571} INFO - 24/05/17 21:29:06 INFO Utils: Copying /home/***/.ivy2/jars/com.github.spotbugs_spotbugs-annotations-3.1.12.jar to /tmp/spark-64ad33da-29c7-47b1-a6a7-3a28590bbd84/userFiles-6d467d63-ef2b-4b8f-af87-86784070ef5b/com.github.spotbugs_spotbugs-annotations-3.1.12.jar
[2024-05-17T21:29:06.371+0000] {spark_submit.py:571} INFO - 24/05/17 21:29:06 INFO SparkContext: Added file file:///home/***/.ivy2/jars/com.google.code.findbugs_jsr305-3.0.2.jar at spark://3e429f118033:41483/files/com.google.code.findbugs_jsr305-3.0.2.jar with timestamp 1715981343989
[2024-05-17T21:29:06.372+0000] {spark_submit.py:571} INFO - 24/05/17 21:29:06 INFO Utils: Copying /home/***/.ivy2/jars/com.google.code.findbugs_jsr305-3.0.2.jar to /tmp/spark-64ad33da-29c7-47b1-a6a7-3a28590bbd84/userFiles-6d467d63-ef2b-4b8f-af87-86784070ef5b/com.google.code.findbugs_jsr305-3.0.2.jar
[2024-05-17T21:29:06.385+0000] {spark_submit.py:571} INFO - 24/05/17 21:29:06 INFO SparkContext: Added file file:///home/***/.ivy2/jars/com.datastax.oss_java-driver-query-builder-4.13.0.jar at spark://3e429f118033:41483/files/com.datastax.oss_java-driver-query-builder-4.13.0.jar with timestamp 1715981343989
[2024-05-17T21:29:06.389+0000] {spark_submit.py:571} INFO - 24/05/17 21:29:06 INFO Utils: Copying /home/***/.ivy2/jars/com.datastax.oss_java-driver-query-builder-4.13.0.jar to /tmp/spark-64ad33da-29c7-47b1-a6a7-3a28590bbd84/userFiles-6d467d63-ef2b-4b8f-af87-86784070ef5b/com.datastax.oss_java-driver-query-builder-4.13.0.jar
[2024-05-17T21:29:06.543+0000] {spark_submit.py:571} INFO - 24/05/17 21:29:06 INFO StandaloneAppClient$ClientEndpoint: Connecting to master spark://spark-master:7077...
[2024-05-17T21:29:06.633+0000] {spark_submit.py:571} INFO - 24/05/17 21:29:06 INFO TransportClientFactory: Successfully created connection to spark-master/172.24.0.4:7077 after 60 ms (0 ms spent in bootstraps)
[2024-05-17T21:29:06.975+0000] {spark_submit.py:571} INFO - 24/05/17 21:29:06 INFO StandaloneSchedulerBackend: Connected to Spark cluster with app ID app-20240517212906-0017
[2024-05-17T21:29:06.989+0000] {spark_submit.py:571} INFO - 24/05/17 21:29:06 INFO Utils: Successfully started service 'org.apache.spark.network.netty.NettyBlockTransferService' on port 44021.
[2024-05-17T21:29:06.989+0000] {spark_submit.py:571} INFO - 24/05/17 21:29:06 INFO NettyBlockTransferService: Server created on 3e429f118033:44021
[2024-05-17T21:29:06.994+0000] {spark_submit.py:571} INFO - 24/05/17 21:29:06 INFO StandaloneAppClient$ClientEndpoint: Executor added: app-20240517212906-0017/0 on worker-20240517151623-172.24.0.5-45571 (172.24.0.5:45571) with 1 core(s)
[2024-05-17T21:29:06.995+0000] {spark_submit.py:571} INFO - 24/05/17 21:29:06 INFO BlockManager: Using org.apache.spark.storage.RandomBlockReplicationPolicy for block replication policy
[2024-05-17T21:29:06.999+0000] {spark_submit.py:571} INFO - 24/05/17 21:29:06 INFO StandaloneSchedulerBackend: Granted executor ID app-20240517212906-0017/0 on hostPort 172.24.0.5:45571 with 1 core(s), 1024.0 MiB RAM
[2024-05-17T21:29:07.004+0000] {spark_submit.py:571} INFO - 24/05/17 21:29:07 INFO BlockManagerMaster: Registering BlockManager BlockManagerId(driver, 3e429f118033, 44021, None)
[2024-05-17T21:29:07.009+0000] {spark_submit.py:571} INFO - 24/05/17 21:29:07 INFO BlockManagerMasterEndpoint: Registering block manager 3e429f118033:44021 with 434.4 MiB RAM, BlockManagerId(driver, 3e429f118033, 44021, None)
[2024-05-17T21:29:07.011+0000] {spark_submit.py:571} INFO - 24/05/17 21:29:07 INFO BlockManagerMaster: Registered BlockManager BlockManagerId(driver, 3e429f118033, 44021, None)
[2024-05-17T21:29:07.013+0000] {spark_submit.py:571} INFO - 24/05/17 21:29:07 INFO BlockManager: Initialized BlockManager: BlockManagerId(driver, 3e429f118033, 44021, None)
[2024-05-17T21:29:07.389+0000] {spark_submit.py:571} INFO - 24/05/17 21:29:07 INFO StandaloneSchedulerBackend: SchedulerBackend is ready for scheduling beginning after reached minRegisteredResourcesRatio: 0.0
[2024-05-17T21:29:07.593+0000] {spark_submit.py:571} INFO - 24/05/17 21:29:07 INFO StandaloneAppClient$ClientEndpoint: Executor updated: app-20240517212906-0017/0 is now RUNNING
[2024-05-17T21:29:07.971+0000] {spark_submit.py:571} INFO - 24/05/17 21:29:07 INFO SharedState: Setting hive.metastore.warehouse.dir ('null') to the value of spark.sql.warehouse.dir.
[2024-05-17T21:29:07.973+0000] {spark_submit.py:571} INFO - 24/05/17 21:29:07 INFO SharedState: Warehouse path is 'file:/opt/***/spark-warehouse'.
[2024-05-17T21:29:20.273+0000] {spark_submit.py:571} INFO - INFO:py4j.java_gateway:Callback Server Starting
[2024-05-17T21:29:20.295+0000] {spark_submit.py:571} INFO - INFO:py4j.java_gateway:Socket listening on ('127.0.0.1', 34077)
[2024-05-17T21:29:20.497+0000] {spark_submit.py:571} INFO - 24/05/17 21:29:20 INFO StateStoreCoordinatorRef: Registered StateStoreCoordinator endpoint
[2024-05-17T21:29:20.945+0000] {spark_submit.py:571} INFO - 24/05/17 21:29:20 WARN ResolveWriteToStream: Temporary checkpoint location created which is deleted normally when the query didn't fail: /tmp/temporary-f89ebc7c-d67b-404b-9b02-dba6475e10a4. If it's required to delete it under any circumstances, please set spark.sql.streaming.forceDeleteTempCheckpointLocation to true. Important to know deleting temp checkpoint folder is best effort.
[2024-05-17T21:29:21.126+0000] {spark_submit.py:571} INFO - 24/05/17 21:29:21 INFO ResolveWriteToStream: Checkpoint root file:///tmp/temporary-f89ebc7c-d67b-404b-9b02-dba6475e10a4 resolved to file:/tmp/temporary-f89ebc7c-d67b-404b-9b02-dba6475e10a4.
[2024-05-17T21:29:21.128+0000] {spark_submit.py:571} INFO - 24/05/17 21:29:21 WARN ResolveWriteToStream: spark.sql.adaptive.enabled is not supported in streaming DataFrames/Datasets and will be disabled.
[2024-05-17T21:29:21.647+0000] {spark_submit.py:571} INFO - 24/05/17 21:29:21 INFO CheckpointFileManager: Writing atomically to file:/tmp/temporary-f89ebc7c-d67b-404b-9b02-dba6475e10a4/metadata using temp file file:/tmp/temporary-f89ebc7c-d67b-404b-9b02-dba6475e10a4/.metadata.653e55a7-714f-4984-9f23-136372b1d808.tmp
[2024-05-17T21:29:21.725+0000] {spark_submit.py:571} INFO - 24/05/17 21:29:21 INFO StandaloneSchedulerBackend$StandaloneDriverEndpoint: Registered executor NettyRpcEndpointRef(spark-client://Executor) (172.24.0.5:50794) with ID 0,  ResourceProfileId 0
[2024-05-17T21:29:22.164+0000] {spark_submit.py:571} INFO - 24/05/17 21:29:22 INFO BlockManagerMasterEndpoint: Registering block manager 172.24.0.5:44263 with 434.4 MiB RAM, BlockManagerId(0, 172.24.0.5, 44263, None)
[2024-05-17T21:29:22.253+0000] {spark_submit.py:571} INFO - 24/05/17 21:29:22 INFO CheckpointFileManager: Renamed temp file file:/tmp/temporary-f89ebc7c-d67b-404b-9b02-dba6475e10a4/.metadata.653e55a7-714f-4984-9f23-136372b1d808.tmp to file:/tmp/temporary-f89ebc7c-d67b-404b-9b02-dba6475e10a4/metadata
[2024-05-17T21:29:22.742+0000] {spark_submit.py:571} INFO - 24/05/17 21:29:22 INFO MicroBatchExecution: Starting [id = 52829fa2-a790-4df7-a03f-54eee29a7b08, runId = ab4e30b7-a486-4468-a597-3930055ee296]. Use file:/tmp/temporary-f89ebc7c-d67b-404b-9b02-dba6475e10a4 to store the query checkpoint.
[2024-05-17T21:29:22.938+0000] {spark_submit.py:571} INFO - 24/05/17 21:29:22 INFO MicroBatchExecution: Reading table [org.apache.spark.sql.kafka010.KafkaSourceProvider$KafkaTable@3a7d395e] from DataSourceV2 named 'kafka' [org.apache.spark.sql.kafka010.KafkaSourceProvider@5ad2fe14]
[2024-05-17T21:29:25.663+0000] {spark_submit.py:571} INFO - 24/05/17 21:29:25 INFO OffsetSeqLog: BatchIds found from listing:
[2024-05-17T21:29:25.779+0000] {spark_submit.py:571} INFO - 24/05/17 21:29:25 INFO OffsetSeqLog: BatchIds found from listing:
[2024-05-17T21:29:25.789+0000] {spark_submit.py:571} INFO - 24/05/17 21:29:25 INFO MicroBatchExecution: Starting new streaming query.
[2024-05-17T21:29:25.806+0000] {spark_submit.py:571} INFO - 24/05/17 21:29:25 INFO MicroBatchExecution: Stream started from {}
[2024-05-17T21:29:33.558+0000] {spark_submit.py:571} INFO - 24/05/17 21:29:33 INFO AdminClientConfig: AdminClientConfig values:
[2024-05-17T21:29:33.607+0000] {spark_submit.py:571} INFO - auto.include.jmx.reporter = true
[2024-05-17T21:29:33.632+0000] {spark_submit.py:571} INFO - bootstrap.servers = [kafka:9092]
[2024-05-17T21:29:33.648+0000] {spark_submit.py:571} INFO - client.dns.lookup = use_all_dns_ips
[2024-05-17T21:29:33.683+0000] {spark_submit.py:571} INFO - client.id =
[2024-05-17T21:29:33.684+0000] {spark_submit.py:571} INFO - connections.max.idle.ms = 300000
[2024-05-17T21:29:33.684+0000] {spark_submit.py:571} INFO - default.api.timeout.ms = 60000
[2024-05-17T21:29:33.685+0000] {spark_submit.py:571} INFO - metadata.max.age.ms = 300000
[2024-05-17T21:29:33.687+0000] {spark_submit.py:571} INFO - metric.reporters = []
[2024-05-17T21:29:33.687+0000] {spark_submit.py:571} INFO - metrics.num.samples = 2
[2024-05-17T21:29:33.688+0000] {spark_submit.py:571} INFO - metrics.recording.level = INFO
[2024-05-17T21:29:33.688+0000] {spark_submit.py:571} INFO - metrics.sample.window.ms = 30000
[2024-05-17T21:29:33.688+0000] {spark_submit.py:571} INFO - receive.buffer.bytes = 65536
[2024-05-17T21:29:33.688+0000] {spark_submit.py:571} INFO - reconnect.backoff.max.ms = 1000
[2024-05-17T21:29:33.688+0000] {spark_submit.py:571} INFO - reconnect.backoff.ms = 50
[2024-05-17T21:29:33.689+0000] {spark_submit.py:571} INFO - request.timeout.ms = 30000
[2024-05-17T21:29:33.689+0000] {spark_submit.py:571} INFO - retries = 2147483647
[2024-05-17T21:29:33.689+0000] {spark_submit.py:571} INFO - retry.backoff.ms = 100
[2024-05-17T21:29:33.689+0000] {spark_submit.py:571} INFO - sasl.client.callback.handler.class = null
[2024-05-17T21:29:33.691+0000] {spark_submit.py:571} INFO - sasl.jaas.config = null
[2024-05-17T21:29:33.691+0000] {spark_submit.py:571} INFO - sasl.kerberos.kinit.cmd = /usr/bin/kinit
[2024-05-17T21:29:33.691+0000] {spark_submit.py:571} INFO - sasl.kerberos.min.time.before.relogin = 60000
[2024-05-17T21:29:33.692+0000] {spark_submit.py:571} INFO - sasl.kerberos.service.name = null
[2024-05-17T21:29:33.694+0000] {spark_submit.py:571} INFO - sasl.kerberos.ticket.renew.jitter = 0.05
[2024-05-17T21:29:33.694+0000] {spark_submit.py:571} INFO - sasl.kerberos.ticket.renew.window.factor = 0.8
[2024-05-17T21:29:33.694+0000] {spark_submit.py:571} INFO - sasl.login.callback.handler.class = null
[2024-05-17T21:29:33.694+0000] {spark_submit.py:571} INFO - sasl.login.class = null
[2024-05-17T21:29:33.694+0000] {spark_submit.py:571} INFO - sasl.login.connect.timeout.ms = null
[2024-05-17T21:29:33.694+0000] {spark_submit.py:571} INFO - sasl.login.read.timeout.ms = null
[2024-05-17T21:29:33.694+0000] {spark_submit.py:571} INFO - sasl.login.refresh.buffer.seconds = 300
[2024-05-17T21:29:33.695+0000] {spark_submit.py:571} INFO - sasl.login.refresh.min.period.seconds = 60
[2024-05-17T21:29:33.695+0000] {spark_submit.py:571} INFO - sasl.login.refresh.window.factor = 0.8
[2024-05-17T21:29:33.695+0000] {spark_submit.py:571} INFO - sasl.login.refresh.window.jitter = 0.05
[2024-05-17T21:29:33.696+0000] {spark_submit.py:571} INFO - sasl.login.retry.backoff.max.ms = 10000
[2024-05-17T21:29:33.696+0000] {spark_submit.py:571} INFO - sasl.login.retry.backoff.ms = 100
[2024-05-17T21:29:33.696+0000] {spark_submit.py:571} INFO - sasl.mechanism = GSSAPI
[2024-05-17T21:29:33.697+0000] {spark_submit.py:571} INFO - sasl.oauthbearer.clock.skew.seconds = 30
[2024-05-17T21:29:33.698+0000] {spark_submit.py:571} INFO - sasl.oauthbearer.expected.audience = null
[2024-05-17T21:29:33.699+0000] {spark_submit.py:571} INFO - sasl.oauthbearer.expected.issuer = null
[2024-05-17T21:29:33.699+0000] {spark_submit.py:571} INFO - sasl.oauthbearer.jwks.endpoint.refresh.ms = 3600000
[2024-05-17T21:29:33.699+0000] {spark_submit.py:571} INFO - sasl.oauthbearer.jwks.endpoint.retry.backoff.max.ms = 10000
[2024-05-17T21:29:33.702+0000] {spark_submit.py:571} INFO - sasl.oauthbearer.jwks.endpoint.retry.backoff.ms = 100
[2024-05-17T21:29:33.703+0000] {spark_submit.py:571} INFO - sasl.oauthbearer.jwks.endpoint.url = null
[2024-05-17T21:29:33.703+0000] {spark_submit.py:571} INFO - sasl.oauthbearer.scope.claim.name = scope
[2024-05-17T21:29:33.703+0000] {spark_submit.py:571} INFO - sasl.oauthbearer.sub.claim.name = sub
[2024-05-17T21:29:33.704+0000] {spark_submit.py:571} INFO - sasl.oauthbearer.token.endpoint.url = null
[2024-05-17T21:29:33.706+0000] {spark_submit.py:571} INFO - security.protocol = PLAINTEXT
[2024-05-17T21:29:33.708+0000] {spark_submit.py:571} INFO - security.providers = null
[2024-05-17T21:29:33.743+0000] {spark_submit.py:571} INFO - send.buffer.bytes = 131072
[2024-05-17T21:29:33.753+0000] {spark_submit.py:571} INFO - socket.connection.setup.timeout.max.ms = 30000
[2024-05-17T21:29:33.758+0000] {spark_submit.py:571} INFO - socket.connection.setup.timeout.ms = 10000
[2024-05-17T21:29:33.761+0000] {spark_submit.py:571} INFO - ssl.cipher.suites = null
[2024-05-17T21:29:33.762+0000] {spark_submit.py:571} INFO - ssl.enabled.protocols = [TLSv1.2, TLSv1.3]
[2024-05-17T21:29:33.791+0000] {spark_submit.py:571} INFO - ssl.endpoint.identification.algorithm = https
[2024-05-17T21:29:33.792+0000] {spark_submit.py:571} INFO - ssl.engine.factory.class = null
[2024-05-17T21:29:33.793+0000] {spark_submit.py:571} INFO - ssl.key.password = null
[2024-05-17T21:29:33.794+0000] {spark_submit.py:571} INFO - ssl.keymanager.algorithm = SunX509
[2024-05-17T21:29:33.794+0000] {spark_submit.py:571} INFO - ssl.keystore.certificate.chain = null
[2024-05-17T21:29:33.795+0000] {spark_submit.py:571} INFO - ssl.keystore.key = null
[2024-05-17T21:29:33.796+0000] {spark_submit.py:571} INFO - ssl.keystore.location = null
[2024-05-17T21:29:33.797+0000] {spark_submit.py:571} INFO - ssl.keystore.password = null
[2024-05-17T21:29:33.797+0000] {spark_submit.py:571} INFO - ssl.keystore.type = JKS
[2024-05-17T21:29:33.797+0000] {spark_submit.py:571} INFO - ssl.protocol = TLSv1.3
[2024-05-17T21:29:33.798+0000] {spark_submit.py:571} INFO - ssl.provider = null
[2024-05-17T21:29:33.799+0000] {spark_submit.py:571} INFO - ssl.secure.random.implementation = null
[2024-05-17T21:29:33.799+0000] {spark_submit.py:571} INFO - ssl.trustmanager.algorithm = PKIX
[2024-05-17T21:29:33.799+0000] {spark_submit.py:571} INFO - ssl.truststore.certificates = null
[2024-05-17T21:29:33.800+0000] {spark_submit.py:571} INFO - ssl.truststore.location = null
[2024-05-17T21:29:33.800+0000] {spark_submit.py:571} INFO - ssl.truststore.password = null
[2024-05-17T21:29:33.800+0000] {spark_submit.py:571} INFO - ssl.truststore.type = JKS
[2024-05-17T21:29:33.800+0000] {spark_submit.py:571} INFO - 
[2024-05-17T21:29:34.688+0000] {spark_submit.py:571} INFO - 24/05/17 21:29:34 WARN AdminClientConfig: These configurations '[key.deserializer, value.deserializer, enable.auto.commit, max.poll.records, auto.offset.reset]' were supplied but are not used yet.
[2024-05-17T21:29:34.742+0000] {spark_submit.py:571} INFO - 24/05/17 21:29:34 INFO AppInfoParser: Kafka version: 3.4.1
[2024-05-17T21:29:34.747+0000] {spark_submit.py:571} INFO - 24/05/17 21:29:34 INFO AppInfoParser: Kafka commitId: 8a516edc2755df89
[2024-05-17T21:29:34.747+0000] {spark_submit.py:571} INFO - 24/05/17 21:29:34 INFO AppInfoParser: Kafka startTimeMs: 1715981374687
[2024-05-17T21:29:44.823+0000] {spark_submit.py:571} INFO - 24/05/17 21:29:44 INFO CheckpointFileManager: Writing atomically to file:/tmp/temporary-f89ebc7c-d67b-404b-9b02-dba6475e10a4/sources/0/0 using temp file file:/tmp/temporary-f89ebc7c-d67b-404b-9b02-dba6475e10a4/sources/0/.0.57bf2c19-3d3f-4d15-a2f3-45e6b5826836.tmp
[2024-05-17T21:29:45.006+0000] {spark_submit.py:571} INFO - 24/05/17 21:29:45 INFO CheckpointFileManager: Renamed temp file file:/tmp/temporary-f89ebc7c-d67b-404b-9b02-dba6475e10a4/sources/0/.0.57bf2c19-3d3f-4d15-a2f3-45e6b5826836.tmp to file:/tmp/temporary-f89ebc7c-d67b-404b-9b02-dba6475e10a4/sources/0/0
[2024-05-17T21:29:45.036+0000] {spark_submit.py:571} INFO - 24/05/17 21:29:45 INFO KafkaMicroBatchStream: Initial offsets: {"redfin_properties":{"0":0}}
[2024-05-17T21:29:45.401+0000] {spark_submit.py:571} INFO - 24/05/17 21:29:45 INFO CheckpointFileManager: Writing atomically to file:/tmp/temporary-f89ebc7c-d67b-404b-9b02-dba6475e10a4/offsets/0 using temp file file:/tmp/temporary-f89ebc7c-d67b-404b-9b02-dba6475e10a4/offsets/.0.674cf6b2-e2d7-4f61-a7fb-988584ec5b6f.tmp
[2024-05-17T21:29:45.790+0000] {spark_submit.py:571} INFO - 24/05/17 21:29:45 INFO CheckpointFileManager: Renamed temp file file:/tmp/temporary-f89ebc7c-d67b-404b-9b02-dba6475e10a4/offsets/.0.674cf6b2-e2d7-4f61-a7fb-988584ec5b6f.tmp to file:/tmp/temporary-f89ebc7c-d67b-404b-9b02-dba6475e10a4/offsets/0
[2024-05-17T21:29:45.795+0000] {spark_submit.py:571} INFO - 24/05/17 21:29:45 INFO MicroBatchExecution: Committed offsets for batch 0. Metadata OffsetSeqMetadata(0,1715981385226,Map(spark.sql.streaming.stateStore.providerClass -> org.apache.spark.sql.execution.streaming.state.HDFSBackedStateStoreProvider, spark.sql.streaming.join.stateFormatVersion -> 2, spark.sql.streaming.stateStore.compression.codec -> lz4, spark.sql.streaming.stateStore.rocksdb.formatVersion -> 5, spark.sql.streaming.statefulOperator.useStrictDistribution -> true, spark.sql.streaming.flatMapGroupsWithState.stateFormatVersion -> 2, spark.sql.streaming.multipleWatermarkPolicy -> min, spark.sql.streaming.aggregation.stateFormatVersion -> 2, spark.sql.shuffle.partitions -> 200))
[2024-05-17T21:29:50.410+0000] {spark_submit.py:571} INFO - 24/05/17 21:29:50 INFO KafkaOffsetReaderAdmin: Partitions added: Map()
[2024-05-17T21:29:50.773+0000] {spark_submit.py:571} INFO - 24/05/17 21:29:50 INFO KafkaOffsetReaderAdmin: Partitions added: Map()
[2024-05-17T21:29:51.896+0000] {spark_submit.py:571} INFO - 24/05/17 21:29:51 INFO KafkaOffsetReaderAdmin: Partitions added: Map()
[2024-05-17T21:29:51.941+0000] {spark_submit.py:571} INFO - 24/05/17 21:29:51 INFO KafkaOffsetReaderAdmin: Partitions added: Map()
[2024-05-17T21:30:00.795+0000] {spark_submit.py:571} INFO - 24/05/17 21:30:00 INFO CodeGenerator: Code generated in 3289.10121 ms
[2024-05-17T21:30:01.246+0000] {spark_submit.py:571} INFO - INFO:py4j.clientserver:Python Server ready to receive messages
[2024-05-17T21:30:01.247+0000] {spark_submit.py:571} INFO - INFO:py4j.clientserver:Received command c on object id p0
[2024-05-17T21:30:01.399+0000] {spark_submit.py:571} INFO - 24/05/17 21:30:01 INFO CodeGenerator: Code generated in 81.966875 ms
[2024-05-17T21:30:02.307+0000] {spark_submit.py:571} INFO - 24/05/17 21:30:02 INFO SparkContext: Starting job: call at /home/***/.local/lib/python3.11/site-packages/pyspark/python/lib/py4j-0.10.9.7-src.zip/py4j/clientserver.py:617
[2024-05-17T21:30:02.338+0000] {spark_submit.py:571} INFO - 24/05/17 21:30:02 INFO DAGScheduler: Job 0 finished: call at /home/***/.local/lib/python3.11/site-packages/pyspark/python/lib/py4j-0.10.9.7-src.zip/py4j/clientserver.py:617, took 0.027313 s
[2024-05-17T21:30:02.462+0000] {spark_submit.py:571} INFO - 24/05/17 21:30:02 INFO CheckpointFileManager: Writing atomically to file:/tmp/temporary-f89ebc7c-d67b-404b-9b02-dba6475e10a4/commits/0 using temp file file:/tmp/temporary-f89ebc7c-d67b-404b-9b02-dba6475e10a4/commits/.0.9f72053f-6ee9-4a9a-a6fb-64e316b62e90.tmp
[2024-05-17T21:30:02.534+0000] {spark_submit.py:571} INFO - 24/05/17 21:30:02 INFO CheckpointFileManager: Renamed temp file file:/tmp/temporary-f89ebc7c-d67b-404b-9b02-dba6475e10a4/commits/.0.9f72053f-6ee9-4a9a-a6fb-64e316b62e90.tmp to file:/tmp/temporary-f89ebc7c-d67b-404b-9b02-dba6475e10a4/commits/0
[2024-05-17T21:30:02.587+0000] {spark_submit.py:571} INFO - 24/05/17 21:30:02 INFO MicroBatchExecution: Streaming query made progress: {
[2024-05-17T21:30:02.587+0000] {spark_submit.py:571} INFO - "id" : "52829fa2-a790-4df7-a03f-54eee29a7b08",
[2024-05-17T21:30:02.588+0000] {spark_submit.py:571} INFO - "runId" : "ab4e30b7-a486-4468-a597-3930055ee296",
[2024-05-17T21:30:02.588+0000] {spark_submit.py:571} INFO - "name" : null,
[2024-05-17T21:30:02.588+0000] {spark_submit.py:571} INFO - "timestamp" : "2024-05-17T21:29:23.417Z",
[2024-05-17T21:30:02.588+0000] {spark_submit.py:571} INFO - "batchId" : 0,
[2024-05-17T21:30:02.588+0000] {spark_submit.py:571} INFO - "numInputRows" : 0,
[2024-05-17T21:30:02.588+0000] {spark_submit.py:571} INFO - "inputRowsPerSecond" : 0.0,
[2024-05-17T21:30:02.589+0000] {spark_submit.py:571} INFO - "processedRowsPerSecond" : 0.0,
[2024-05-17T21:30:02.589+0000] {spark_submit.py:571} INFO - "durationMs" : {
[2024-05-17T21:30:02.589+0000] {spark_submit.py:571} INFO - "addBatch" : 11312,
[2024-05-17T21:30:02.589+0000] {spark_submit.py:571} INFO - "commitOffsets" : 138,
[2024-05-17T21:30:02.589+0000] {spark_submit.py:571} INFO - "getBatch" : 234,
[2024-05-17T21:30:02.589+0000] {spark_submit.py:571} INFO - "latestOffset" : 19328,
[2024-05-17T21:30:02.589+0000] {spark_submit.py:571} INFO - "queryPlanning" : 4839,
[2024-05-17T21:30:02.590+0000] {spark_submit.py:571} INFO - "triggerExecution" : 39095,
[2024-05-17T21:30:02.590+0000] {spark_submit.py:571} INFO - "walCommit" : 479
[2024-05-17T21:30:02.590+0000] {spark_submit.py:571} INFO - },
[2024-05-17T21:30:02.590+0000] {spark_submit.py:571} INFO - "stateOperators" : [ ],
[2024-05-17T21:30:02.590+0000] {spark_submit.py:571} INFO - "sources" : [ {
[2024-05-17T21:30:02.591+0000] {spark_submit.py:571} INFO - "description" : "KafkaV2[Subscribe[redfin_properties]]",
[2024-05-17T21:30:02.591+0000] {spark_submit.py:571} INFO - "startOffset" : null,
[2024-05-17T21:30:02.591+0000] {spark_submit.py:571} INFO - "endOffset" : {
[2024-05-17T21:30:02.591+0000] {spark_submit.py:571} INFO - "redfin_properties" : {
[2024-05-17T21:30:02.591+0000] {spark_submit.py:571} INFO - "0" : 0
[2024-05-17T21:30:02.591+0000] {spark_submit.py:571} INFO - }
[2024-05-17T21:30:02.592+0000] {spark_submit.py:571} INFO - },
[2024-05-17T21:30:02.592+0000] {spark_submit.py:571} INFO - "latestOffset" : {
[2024-05-17T21:30:02.592+0000] {spark_submit.py:571} INFO - "redfin_properties" : {
[2024-05-17T21:30:02.592+0000] {spark_submit.py:571} INFO - "0" : 0
[2024-05-17T21:30:02.592+0000] {spark_submit.py:571} INFO - }
[2024-05-17T21:30:02.593+0000] {spark_submit.py:571} INFO - },
[2024-05-17T21:30:02.593+0000] {spark_submit.py:571} INFO - "numInputRows" : 0,
[2024-05-17T21:30:02.593+0000] {spark_submit.py:571} INFO - "inputRowsPerSecond" : 0.0,
[2024-05-17T21:30:02.593+0000] {spark_submit.py:571} INFO - "processedRowsPerSecond" : 0.0,
[2024-05-17T21:30:02.594+0000] {spark_submit.py:571} INFO - "metrics" : {
[2024-05-17T21:30:02.594+0000] {spark_submit.py:571} INFO - "avgOffsetsBehindLatest" : "0.0",
[2024-05-17T21:30:02.594+0000] {spark_submit.py:571} INFO - "maxOffsetsBehindLatest" : "0",
[2024-05-17T21:30:02.594+0000] {spark_submit.py:571} INFO - "minOffsetsBehindLatest" : "0"
[2024-05-17T21:30:02.595+0000] {spark_submit.py:571} INFO - }
[2024-05-17T21:30:02.595+0000] {spark_submit.py:571} INFO - } ],
[2024-05-17T21:30:02.595+0000] {spark_submit.py:571} INFO - "sink" : {
[2024-05-17T21:30:02.595+0000] {spark_submit.py:571} INFO - "description" : "ForeachBatchSink",
[2024-05-17T21:30:02.595+0000] {spark_submit.py:571} INFO - "numOutputRows" : -1
[2024-05-17T21:30:02.595+0000] {spark_submit.py:571} INFO - }
[2024-05-17T21:30:02.596+0000] {spark_submit.py:571} INFO - }
[2024-05-17T21:30:02.630+0000] {spark_submit.py:571} INFO - 24/05/17 21:30:02 INFO CheckpointFileManager: Writing atomically to file:/tmp/temporary-f89ebc7c-d67b-404b-9b02-dba6475e10a4/offsets/1 using temp file file:/tmp/temporary-f89ebc7c-d67b-404b-9b02-dba6475e10a4/offsets/.1.2579cb42-6037-4453-8d7a-8025c7010981.tmp
[2024-05-17T21:30:02.683+0000] {spark_submit.py:571} INFO - 24/05/17 21:30:02 INFO CheckpointFileManager: Renamed temp file file:/tmp/temporary-f89ebc7c-d67b-404b-9b02-dba6475e10a4/offsets/.1.2579cb42-6037-4453-8d7a-8025c7010981.tmp to file:/tmp/temporary-f89ebc7c-d67b-404b-9b02-dba6475e10a4/offsets/1
[2024-05-17T21:30:02.684+0000] {spark_submit.py:571} INFO - 24/05/17 21:30:02 INFO MicroBatchExecution: Committed offsets for batch 1. Metadata OffsetSeqMetadata(0,1715981402599,Map(spark.sql.streaming.stateStore.providerClass -> org.apache.spark.sql.execution.streaming.state.HDFSBackedStateStoreProvider, spark.sql.streaming.join.stateFormatVersion -> 2, spark.sql.streaming.stateStore.compression.codec -> lz4, spark.sql.streaming.stateStore.rocksdb.formatVersion -> 5, spark.sql.streaming.statefulOperator.useStrictDistribution -> true, spark.sql.streaming.flatMapGroupsWithState.stateFormatVersion -> 2, spark.sql.streaming.multipleWatermarkPolicy -> min, spark.sql.streaming.aggregation.stateFormatVersion -> 2, spark.sql.shuffle.partitions -> 200))
[2024-05-17T21:30:02.812+0000] {spark_submit.py:571} INFO - 24/05/17 21:30:02 INFO KafkaOffsetReaderAdmin: Partitions added: Map()
[2024-05-17T21:30:02.831+0000] {spark_submit.py:571} INFO - 24/05/17 21:30:02 INFO KafkaOffsetReaderAdmin: Partitions added: Map()
[2024-05-17T21:30:02.890+0000] {spark_submit.py:571} INFO - 24/05/17 21:30:02 INFO KafkaOffsetReaderAdmin: Partitions added: Map()
[2024-05-17T21:30:02.892+0000] {spark_submit.py:571} INFO - 24/05/17 21:30:02 INFO KafkaOffsetReaderAdmin: Partitions added: Map()
[2024-05-17T21:30:02.999+0000] {spark_submit.py:571} INFO - INFO:py4j.clientserver:Received command c on object id p0
[2024-05-17T21:30:03.200+0000] {spark_submit.py:571} INFO - 24/05/17 21:30:03 INFO SparkContext: Starting job: call at /home/***/.local/lib/python3.11/site-packages/pyspark/python/lib/py4j-0.10.9.7-src.zip/py4j/clientserver.py:617
[2024-05-17T21:30:03.307+0000] {spark_submit.py:571} INFO - 24/05/17 21:30:03 INFO DAGScheduler: Got job 1 (call at /home/***/.local/lib/python3.11/site-packages/pyspark/python/lib/py4j-0.10.9.7-src.zip/py4j/clientserver.py:617) with 1 output partitions
[2024-05-17T21:30:03.312+0000] {spark_submit.py:571} INFO - 24/05/17 21:30:03 INFO DAGScheduler: Final stage: ResultStage 0 (call at /home/***/.local/lib/python3.11/site-packages/pyspark/python/lib/py4j-0.10.9.7-src.zip/py4j/clientserver.py:617)
[2024-05-17T21:30:03.313+0000] {spark_submit.py:571} INFO - 24/05/17 21:30:03 INFO DAGScheduler: Parents of final stage: List()
[2024-05-17T21:30:03.323+0000] {spark_submit.py:571} INFO - 24/05/17 21:30:03 INFO DAGScheduler: Missing parents: List()
[2024-05-17T21:30:03.345+0000] {spark_submit.py:571} INFO - 24/05/17 21:30:03 INFO DAGScheduler: Submitting ResultStage 0 (PythonRDD[19] at call at /home/***/.local/lib/python3.11/site-packages/pyspark/python/lib/py4j-0.10.9.7-src.zip/py4j/clientserver.py:617), which has no missing parents
[2024-05-17T21:30:04.578+0000] {spark_submit.py:571} INFO - 24/05/17 21:30:04 INFO MemoryStore: Block broadcast_0 stored as values in memory (estimated size 77.1 KiB, free 434.3 MiB)
[2024-05-17T21:30:04.945+0000] {spark_submit.py:571} INFO - 24/05/17 21:30:04 INFO MemoryStore: Block broadcast_0_piece0 stored as bytes in memory (estimated size 27.2 KiB, free 434.3 MiB)
[2024-05-17T21:30:04.990+0000] {spark_submit.py:571} INFO - 24/05/17 21:30:04 INFO BlockManagerInfo: Added broadcast_0_piece0 in memory on 3e429f118033:44021 (size: 27.2 KiB, free: 434.4 MiB)
[2024-05-17T21:30:05.117+0000] {spark_submit.py:571} INFO - 24/05/17 21:30:05 INFO SparkContext: Created broadcast 0 from broadcast at DAGScheduler.scala:1585
[2024-05-17T21:30:05.585+0000] {spark_submit.py:571} INFO - 24/05/17 21:30:05 INFO DAGScheduler: Submitting 1 missing tasks from ResultStage 0 (PythonRDD[19] at call at /home/***/.local/lib/python3.11/site-packages/pyspark/python/lib/py4j-0.10.9.7-src.zip/py4j/clientserver.py:617) (first 15 tasks are for partitions Vector(0))
[2024-05-17T21:30:05.634+0000] {spark_submit.py:571} INFO - 24/05/17 21:30:05 INFO TaskSchedulerImpl: Adding task set 0.0 with 1 tasks resource profile 0
[2024-05-17T21:30:06.654+0000] {spark_submit.py:571} INFO - 24/05/17 21:30:06 INFO TaskSetManager: Starting task 0.0 in stage 0.0 (TID 0) (172.24.0.5, executor 0, partition 0, PROCESS_LOCAL, 14269 bytes)
[2024-05-17T21:30:10.105+0000] {spark_submit.py:571} INFO - 24/05/17 21:30:10 INFO BlockManagerInfo: Added broadcast_0_piece0 in memory on 172.24.0.5:44263 (size: 27.2 KiB, free: 434.4 MiB)
[2024-05-17T21:30:36.797+0000] {spark_submit.py:571} INFO - 24/05/17 21:30:36 INFO TaskSetManager: Finished task 0.0 in stage 0.0 (TID 0) in 30244 ms on 172.24.0.5 (executor 0) (1/1)
[2024-05-17T21:30:37.056+0000] {spark_submit.py:571} INFO - 24/05/17 21:30:36 INFO TaskSchedulerImpl: Removed TaskSet 0.0, whose tasks have all completed, from pool
[2024-05-17T21:30:37.104+0000] {spark_submit.py:571} INFO - 24/05/17 21:30:37 INFO PythonAccumulatorV2: Connected to AccumulatorServer at host: 127.0.0.1 port: 38709
[2024-05-17T21:30:37.354+0000] {spark_submit.py:571} INFO - 24/05/17 21:30:37 INFO DAGScheduler: ResultStage 0 (call at /home/***/.local/lib/python3.11/site-packages/pyspark/python/lib/py4j-0.10.9.7-src.zip/py4j/clientserver.py:617) finished in 33.806 s
[2024-05-17T21:30:37.467+0000] {spark_submit.py:571} INFO - 24/05/17 21:30:37 INFO DAGScheduler: Job 1 is finished. Cancelling potential speculative or zombie tasks for this job
[2024-05-17T21:30:37.488+0000] {spark_submit.py:571} INFO - 24/05/17 21:30:37 INFO TaskSchedulerImpl: Killing all running tasks in stage 0: Stage finished
[2024-05-17T21:30:37.581+0000] {spark_submit.py:571} INFO - 24/05/17 21:30:37 INFO DAGScheduler: Job 1 finished: call at /home/***/.local/lib/python3.11/site-packages/pyspark/python/lib/py4j-0.10.9.7-src.zip/py4j/clientserver.py:617, took 34.378886 s
[2024-05-17T21:30:40.203+0000] {spark_submit.py:571} INFO - 24/05/17 21:30:40 INFO CheckpointFileManager: Writing atomically to file:/tmp/temporary-f89ebc7c-d67b-404b-9b02-dba6475e10a4/commits/1 using temp file file:/tmp/temporary-f89ebc7c-d67b-404b-9b02-dba6475e10a4/commits/.1.9678ea65-22ca-4d8e-8dcd-732f6864e6b2.tmp
[2024-05-17T21:30:41.114+0000] {spark_submit.py:571} INFO - 24/05/17 21:30:41 INFO CheckpointFileManager: Renamed temp file file:/tmp/temporary-f89ebc7c-d67b-404b-9b02-dba6475e10a4/commits/.1.9678ea65-22ca-4d8e-8dcd-732f6864e6b2.tmp to file:/tmp/temporary-f89ebc7c-d67b-404b-9b02-dba6475e10a4/commits/1
[2024-05-17T21:30:41.538+0000] {spark_submit.py:571} INFO - 24/05/17 21:30:41 INFO MicroBatchExecution: Streaming query made progress: {
[2024-05-17T21:30:41.543+0000] {spark_submit.py:571} INFO - "id" : "52829fa2-a790-4df7-a03f-54eee29a7b08",
[2024-05-17T21:30:41.549+0000] {spark_submit.py:571} INFO - "runId" : "ab4e30b7-a486-4468-a597-3930055ee296",
[2024-05-17T21:30:41.554+0000] {spark_submit.py:571} INFO - "name" : null,
[2024-05-17T21:30:41.558+0000] {spark_submit.py:571} INFO - "timestamp" : "2024-05-17T21:30:02.587Z",
[2024-05-17T21:30:41.559+0000] {spark_submit.py:571} INFO - "batchId" : 1,
[2024-05-17T21:30:41.570+0000] {spark_submit.py:571} INFO - "numInputRows" : 1,
[2024-05-17T21:30:41.579+0000] {spark_submit.py:571} INFO - "inputRowsPerSecond" : 0.02552974214960429,
[2024-05-17T21:30:41.581+0000] {spark_submit.py:571} INFO - "processedRowsPerSecond" : 0.025929575273557017,
[2024-05-17T21:30:41.585+0000] {spark_submit.py:571} INFO - "durationMs" : {
[2024-05-17T21:30:41.590+0000] {spark_submit.py:571} INFO - "addBatch" : 35292,
[2024-05-17T21:30:41.592+0000] {spark_submit.py:571} INFO - "commitOffsets" : 2915,
[2024-05-17T21:30:41.601+0000] {spark_submit.py:571} INFO - "getBatch" : 1,
[2024-05-17T21:30:41.603+0000] {spark_submit.py:571} INFO - "latestOffset" : 10,
[2024-05-17T21:30:41.609+0000] {spark_submit.py:571} INFO - "queryPlanning" : 161,
[2024-05-17T21:30:41.610+0000] {spark_submit.py:571} INFO - "triggerExecution" : 38555,
[2024-05-17T21:30:41.611+0000] {spark_submit.py:571} INFO - "walCommit" : 83
[2024-05-17T21:30:41.614+0000] {spark_submit.py:571} INFO - },
[2024-05-17T21:30:41.615+0000] {spark_submit.py:571} INFO - "stateOperators" : [ ],
[2024-05-17T21:30:41.617+0000] {spark_submit.py:571} INFO - "sources" : [ {
[2024-05-17T21:30:41.618+0000] {spark_submit.py:571} INFO - "description" : "KafkaV2[Subscribe[redfin_properties]]",
[2024-05-17T21:30:41.621+0000] {spark_submit.py:571} INFO - "startOffset" : {
[2024-05-17T21:30:41.624+0000] {spark_submit.py:571} INFO - "redfin_properties" : {
[2024-05-17T21:30:41.624+0000] {spark_submit.py:571} INFO - "0" : 0
[2024-05-17T21:30:41.624+0000] {spark_submit.py:571} INFO - }
[2024-05-17T21:30:41.625+0000] {spark_submit.py:571} INFO - },
[2024-05-17T21:30:41.625+0000] {spark_submit.py:571} INFO - "endOffset" : {
[2024-05-17T21:30:41.625+0000] {spark_submit.py:571} INFO - "redfin_properties" : {
[2024-05-17T21:30:41.625+0000] {spark_submit.py:571} INFO - "0" : 1
[2024-05-17T21:30:41.625+0000] {spark_submit.py:571} INFO - }
[2024-05-17T21:30:41.625+0000] {spark_submit.py:571} INFO - },
[2024-05-17T21:30:41.626+0000] {spark_submit.py:571} INFO - "latestOffset" : {
[2024-05-17T21:30:41.626+0000] {spark_submit.py:571} INFO - "redfin_properties" : {
[2024-05-17T21:30:41.626+0000] {spark_submit.py:571} INFO - "0" : 1
[2024-05-17T21:30:41.627+0000] {spark_submit.py:571} INFO - }
[2024-05-17T21:30:41.627+0000] {spark_submit.py:571} INFO - },
[2024-05-17T21:30:41.627+0000] {spark_submit.py:571} INFO - "numInputRows" : 1,
[2024-05-17T21:30:41.627+0000] {spark_submit.py:571} INFO - "inputRowsPerSecond" : 0.02552974214960429,
[2024-05-17T21:30:41.627+0000] {spark_submit.py:571} INFO - "processedRowsPerSecond" : 0.025929575273557017,
[2024-05-17T21:30:41.627+0000] {spark_submit.py:571} INFO - "metrics" : {
[2024-05-17T21:30:41.627+0000] {spark_submit.py:571} INFO - "avgOffsetsBehindLatest" : "0.0",
[2024-05-17T21:30:41.628+0000] {spark_submit.py:571} INFO - "maxOffsetsBehindLatest" : "0",
[2024-05-17T21:30:41.628+0000] {spark_submit.py:571} INFO - "minOffsetsBehindLatest" : "0"
[2024-05-17T21:30:41.628+0000] {spark_submit.py:571} INFO - }
[2024-05-17T21:30:41.628+0000] {spark_submit.py:571} INFO - } ],
[2024-05-17T21:30:41.628+0000] {spark_submit.py:571} INFO - "sink" : {
[2024-05-17T21:30:41.628+0000] {spark_submit.py:571} INFO - "description" : "ForeachBatchSink",
[2024-05-17T21:30:41.628+0000] {spark_submit.py:571} INFO - "numOutputRows" : -1
[2024-05-17T21:30:41.628+0000] {spark_submit.py:571} INFO - }
[2024-05-17T21:30:41.629+0000] {spark_submit.py:571} INFO - }
[2024-05-17T21:30:42.380+0000] {spark_submit.py:571} INFO - 24/05/17 21:30:42 INFO CheckpointFileManager: Writing atomically to file:/tmp/temporary-f89ebc7c-d67b-404b-9b02-dba6475e10a4/offsets/2 using temp file file:/tmp/temporary-f89ebc7c-d67b-404b-9b02-dba6475e10a4/offsets/.2.7830bc58-4264-42d5-ba07-5eac8033af90.tmp
[2024-05-17T21:30:43.465+0000] {spark_submit.py:571} INFO - 24/05/17 21:30:43 INFO CheckpointFileManager: Renamed temp file file:/tmp/temporary-f89ebc7c-d67b-404b-9b02-dba6475e10a4/offsets/.2.7830bc58-4264-42d5-ba07-5eac8033af90.tmp to file:/tmp/temporary-f89ebc7c-d67b-404b-9b02-dba6475e10a4/offsets/2
[2024-05-17T21:30:43.574+0000] {spark_submit.py:571} INFO - 24/05/17 21:30:43 INFO MicroBatchExecution: Committed offsets for batch 2. Metadata OffsetSeqMetadata(0,1715981441956,Map(spark.sql.streaming.stateStore.providerClass -> org.apache.spark.sql.execution.streaming.state.HDFSBackedStateStoreProvider, spark.sql.streaming.join.stateFormatVersion -> 2, spark.sql.streaming.stateStore.compression.codec -> lz4, spark.sql.streaming.stateStore.rocksdb.formatVersion -> 5, spark.sql.streaming.statefulOperator.useStrictDistribution -> true, spark.sql.streaming.flatMapGroupsWithState.stateFormatVersion -> 2, spark.sql.streaming.multipleWatermarkPolicy -> min, spark.sql.streaming.aggregation.stateFormatVersion -> 2, spark.sql.shuffle.partitions -> 200))
[2024-05-17T21:30:47.511+0000] {spark_submit.py:571} INFO - 24/05/17 21:30:47 INFO KafkaOffsetReaderAdmin: Partitions added: Map()
[2024-05-17T21:30:47.562+0000] {spark_submit.py:571} INFO - 24/05/17 21:30:47 INFO KafkaOffsetReaderAdmin: Partitions added: Map()
[2024-05-17T21:30:47.991+0000] {spark_submit.py:571} INFO - 24/05/17 21:30:47 INFO KafkaOffsetReaderAdmin: Partitions added: Map()
[2024-05-17T21:30:48.000+0000] {spark_submit.py:571} INFO - 24/05/17 21:30:48 INFO KafkaOffsetReaderAdmin: Partitions added: Map()
[2024-05-17T21:30:48.806+0000] {spark_submit.py:571} INFO - INFO:py4j.clientserver:Received command c on object id p0
[2024-05-17T21:30:49.268+0000] {spark_submit.py:571} INFO - 24/05/17 21:30:49 INFO SparkContext: Starting job: call at /home/***/.local/lib/python3.11/site-packages/pyspark/python/lib/py4j-0.10.9.7-src.zip/py4j/clientserver.py:617
[2024-05-17T21:30:49.336+0000] {spark_submit.py:571} INFO - 24/05/17 21:30:49 INFO DAGScheduler: Got job 2 (call at /home/***/.local/lib/python3.11/site-packages/pyspark/python/lib/py4j-0.10.9.7-src.zip/py4j/clientserver.py:617) with 1 output partitions
[2024-05-17T21:30:49.338+0000] {spark_submit.py:571} INFO - 24/05/17 21:30:49 INFO DAGScheduler: Final stage: ResultStage 1 (call at /home/***/.local/lib/python3.11/site-packages/pyspark/python/lib/py4j-0.10.9.7-src.zip/py4j/clientserver.py:617)
[2024-05-17T21:30:49.338+0000] {spark_submit.py:571} INFO - 24/05/17 21:30:49 INFO DAGScheduler: Parents of final stage: List()
[2024-05-17T21:30:49.339+0000] {spark_submit.py:571} INFO - 24/05/17 21:30:49 INFO DAGScheduler: Missing parents: List()
[2024-05-17T21:30:49.346+0000] {spark_submit.py:571} INFO - 24/05/17 21:30:49 INFO DAGScheduler: Submitting ResultStage 1 (PythonRDD[29] at call at /home/***/.local/lib/python3.11/site-packages/pyspark/python/lib/py4j-0.10.9.7-src.zip/py4j/clientserver.py:617), which has no missing parents
[2024-05-17T21:30:49.402+0000] {spark_submit.py:571} INFO - 24/05/17 21:30:49 INFO MemoryStore: Block broadcast_1 stored as values in memory (estimated size 77.1 KiB, free 434.2 MiB)
[2024-05-17T21:30:49.480+0000] {spark_submit.py:571} INFO - 24/05/17 21:30:49 INFO MemoryStore: Block broadcast_1_piece0 stored as bytes in memory (estimated size 27.2 KiB, free 434.2 MiB)
[2024-05-17T21:30:49.509+0000] {spark_submit.py:571} INFO - 24/05/17 21:30:49 INFO BlockManagerInfo: Added broadcast_1_piece0 in memory on 3e429f118033:44021 (size: 27.2 KiB, free: 434.3 MiB)
[2024-05-17T21:30:49.517+0000] {spark_submit.py:571} INFO - 24/05/17 21:30:49 INFO SparkContext: Created broadcast 1 from broadcast at DAGScheduler.scala:1585
[2024-05-17T21:30:49.525+0000] {spark_submit.py:571} INFO - 24/05/17 21:30:49 INFO DAGScheduler: Submitting 1 missing tasks from ResultStage 1 (PythonRDD[29] at call at /home/***/.local/lib/python3.11/site-packages/pyspark/python/lib/py4j-0.10.9.7-src.zip/py4j/clientserver.py:617) (first 15 tasks are for partitions Vector(0))
[2024-05-17T21:30:49.526+0000] {spark_submit.py:571} INFO - 24/05/17 21:30:49 INFO TaskSchedulerImpl: Adding task set 1.0 with 1 tasks resource profile 0
[2024-05-17T21:30:49.548+0000] {spark_submit.py:571} INFO - 24/05/17 21:30:49 INFO TaskSetManager: Starting task 0.0 in stage 1.0 (TID 1) (172.24.0.5, executor 0, partition 0, PROCESS_LOCAL, 14269 bytes)
[2024-05-17T21:30:49.870+0000] {spark_submit.py:571} INFO - 24/05/17 21:30:49 INFO BlockManagerInfo: Added broadcast_1_piece0 in memory on 172.24.0.5:44263 (size: 27.2 KiB, free: 434.3 MiB)
[2024-05-17T21:30:52.246+0000] {spark_submit.py:571} INFO - 24/05/17 21:30:52 INFO TaskSetManager: Finished task 0.0 in stage 1.0 (TID 1) in 2689 ms on 172.24.0.5 (executor 0) (1/1)
[2024-05-17T21:30:52.276+0000] {spark_submit.py:571} INFO - 24/05/17 21:30:52 INFO TaskSchedulerImpl: Removed TaskSet 1.0, whose tasks have all completed, from pool
[2024-05-17T21:30:52.276+0000] {spark_submit.py:571} INFO - 24/05/17 21:30:52 INFO DAGScheduler: ResultStage 1 (call at /home/***/.local/lib/python3.11/site-packages/pyspark/python/lib/py4j-0.10.9.7-src.zip/py4j/clientserver.py:617) finished in 2.897 s
[2024-05-17T21:30:52.278+0000] {spark_submit.py:571} INFO - 24/05/17 21:30:52 INFO DAGScheduler: Job 2 is finished. Cancelling potential speculative or zombie tasks for this job
[2024-05-17T21:30:52.279+0000] {spark_submit.py:571} INFO - 24/05/17 21:30:52 INFO TaskSchedulerImpl: Killing all running tasks in stage 1: Stage finished
[2024-05-17T21:30:52.281+0000] {spark_submit.py:571} INFO - 24/05/17 21:30:52 INFO DAGScheduler: Job 2 finished: call at /home/***/.local/lib/python3.11/site-packages/pyspark/python/lib/py4j-0.10.9.7-src.zip/py4j/clientserver.py:617, took 3.013022 s
[2024-05-17T21:30:52.448+0000] {spark_submit.py:571} INFO - 24/05/17 21:30:52 INFO CheckpointFileManager: Writing atomically to file:/tmp/temporary-f89ebc7c-d67b-404b-9b02-dba6475e10a4/commits/2 using temp file file:/tmp/temporary-f89ebc7c-d67b-404b-9b02-dba6475e10a4/commits/.2.1a300205-d2b6-40e7-bdd6-b5fb2fe88571.tmp
[2024-05-17T21:30:52.530+0000] {spark_submit.py:571} INFO - 24/05/17 21:30:52 INFO CheckpointFileManager: Renamed temp file file:/tmp/temporary-f89ebc7c-d67b-404b-9b02-dba6475e10a4/commits/.2.1a300205-d2b6-40e7-bdd6-b5fb2fe88571.tmp to file:/tmp/temporary-f89ebc7c-d67b-404b-9b02-dba6475e10a4/commits/2
[2024-05-17T21:30:52.550+0000] {spark_submit.py:571} INFO - 24/05/17 21:30:52 INFO MicroBatchExecution: Streaming query made progress: {
[2024-05-17T21:30:52.550+0000] {spark_submit.py:571} INFO - "id" : "52829fa2-a790-4df7-a03f-54eee29a7b08",
[2024-05-17T21:30:52.550+0000] {spark_submit.py:571} INFO - "runId" : "ab4e30b7-a486-4468-a597-3930055ee296",
[2024-05-17T21:30:52.551+0000] {spark_submit.py:571} INFO - "name" : null,
[2024-05-17T21:30:52.551+0000] {spark_submit.py:571} INFO - "timestamp" : "2024-05-17T21:30:41.543Z",
[2024-05-17T21:30:52.551+0000] {spark_submit.py:571} INFO - "batchId" : 2,
[2024-05-17T21:30:52.551+0000] {spark_submit.py:571} INFO - "numInputRows" : 1,
[2024-05-17T21:30:52.552+0000] {spark_submit.py:571} INFO - "inputRowsPerSecond" : 0.02566998665160694,
[2024-05-17T21:30:52.553+0000] {spark_submit.py:571} INFO - "processedRowsPerSecond" : 0.09100009100009099,
[2024-05-17T21:30:52.554+0000] {spark_submit.py:571} INFO - "durationMs" : {
[2024-05-17T21:30:52.554+0000] {spark_submit.py:571} INFO - "addBatch" : 4613,
[2024-05-17T21:30:52.554+0000] {spark_submit.py:571} INFO - "commitOffsets" : 174,
[2024-05-17T21:30:52.554+0000] {spark_submit.py:571} INFO - "getBatch" : 23,
[2024-05-17T21:30:52.554+0000] {spark_submit.py:571} INFO - "latestOffset" : 374,
[2024-05-17T21:30:52.555+0000] {spark_submit.py:571} INFO - "queryPlanning" : 3661,
[2024-05-17T21:30:52.555+0000] {spark_submit.py:571} INFO - "triggerExecution" : 10982,
[2024-05-17T21:30:52.555+0000] {spark_submit.py:571} INFO - "walCommit" : 1843
[2024-05-17T21:30:52.555+0000] {spark_submit.py:571} INFO - },
[2024-05-17T21:30:52.555+0000] {spark_submit.py:571} INFO - "stateOperators" : [ ],
[2024-05-17T21:30:52.555+0000] {spark_submit.py:571} INFO - "sources" : [ {
[2024-05-17T21:30:52.556+0000] {spark_submit.py:571} INFO - "description" : "KafkaV2[Subscribe[redfin_properties]]",
[2024-05-17T21:30:52.556+0000] {spark_submit.py:571} INFO - "startOffset" : {
[2024-05-17T21:30:52.556+0000] {spark_submit.py:571} INFO - "redfin_properties" : {
[2024-05-17T21:30:52.556+0000] {spark_submit.py:571} INFO - "0" : 1
[2024-05-17T21:30:52.556+0000] {spark_submit.py:571} INFO - }
[2024-05-17T21:30:52.556+0000] {spark_submit.py:571} INFO - },
[2024-05-17T21:30:52.557+0000] {spark_submit.py:571} INFO - "endOffset" : {
[2024-05-17T21:30:52.557+0000] {spark_submit.py:571} INFO - "redfin_properties" : {
[2024-05-17T21:30:52.557+0000] {spark_submit.py:571} INFO - "0" : 2
[2024-05-17T21:30:52.557+0000] {spark_submit.py:571} INFO - }
[2024-05-17T21:30:52.557+0000] {spark_submit.py:571} INFO - },
[2024-05-17T21:30:52.557+0000] {spark_submit.py:571} INFO - "latestOffset" : {
[2024-05-17T21:30:52.557+0000] {spark_submit.py:571} INFO - "redfin_properties" : {
[2024-05-17T21:30:52.558+0000] {spark_submit.py:571} INFO - "0" : 2
[2024-05-17T21:30:52.558+0000] {spark_submit.py:571} INFO - }
[2024-05-17T21:30:52.558+0000] {spark_submit.py:571} INFO - },
[2024-05-17T21:30:52.558+0000] {spark_submit.py:571} INFO - "numInputRows" : 1,
[2024-05-17T21:30:52.558+0000] {spark_submit.py:571} INFO - "inputRowsPerSecond" : 0.02566998665160694,
[2024-05-17T21:30:52.558+0000] {spark_submit.py:571} INFO - "processedRowsPerSecond" : 0.09100009100009099,
[2024-05-17T21:30:52.558+0000] {spark_submit.py:571} INFO - "metrics" : {
[2024-05-17T21:30:52.559+0000] {spark_submit.py:571} INFO - "avgOffsetsBehindLatest" : "0.0",
[2024-05-17T21:30:52.559+0000] {spark_submit.py:571} INFO - "maxOffsetsBehindLatest" : "0",
[2024-05-17T21:30:52.559+0000] {spark_submit.py:571} INFO - "minOffsetsBehindLatest" : "0"
[2024-05-17T21:30:52.559+0000] {spark_submit.py:571} INFO - }
[2024-05-17T21:30:52.559+0000] {spark_submit.py:571} INFO - } ],
[2024-05-17T21:30:52.560+0000] {spark_submit.py:571} INFO - "sink" : {
[2024-05-17T21:30:52.560+0000] {spark_submit.py:571} INFO - "description" : "ForeachBatchSink",
[2024-05-17T21:30:52.561+0000] {spark_submit.py:571} INFO - "numOutputRows" : -1
[2024-05-17T21:30:52.562+0000] {spark_submit.py:571} INFO - }
[2024-05-17T21:30:52.562+0000] {spark_submit.py:571} INFO - }
[2024-05-17T21:30:55.026+0000] {spark_submit.py:571} INFO - 24/05/17 21:30:55 INFO BlockManagerInfo: Removed broadcast_1_piece0 on 3e429f118033:44021 in memory (size: 27.2 KiB, free: 434.4 MiB)
[2024-05-17T21:30:55.424+0000] {spark_submit.py:571} INFO - 24/05/17 21:30:55 INFO BlockManagerInfo: Removed broadcast_1_piece0 on 172.24.0.5:44263 in memory (size: 27.2 KiB, free: 434.4 MiB)
[2024-05-17T21:30:55.490+0000] {spark_submit.py:571} INFO - 24/05/17 21:30:55 INFO BlockManagerInfo: Removed broadcast_0_piece0 on 3e429f118033:44021 in memory (size: 27.2 KiB, free: 434.4 MiB)
[2024-05-17T21:30:55.510+0000] {spark_submit.py:571} INFO - 24/05/17 21:30:55 INFO BlockManagerInfo: Removed broadcast_0_piece0 on 172.24.0.5:44263 in memory (size: 27.2 KiB, free: 434.4 MiB)
[2024-05-17T21:31:02.601+0000] {spark_submit.py:571} INFO - 24/05/17 21:31:02 INFO MicroBatchExecution: Streaming query has been idle and waiting for new data more than 10000 ms.
[2024-05-17T21:31:12.619+0000] {spark_submit.py:571} INFO - 24/05/17 21:31:12 INFO MicroBatchExecution: Streaming query has been idle and waiting for new data more than 10000 ms.
[2024-05-17T21:31:18.200+0000] {local_task_job_runner.py:310} WARNING - State of this instance has been externally set to failed. Terminating instance.
[2024-05-17T21:31:18.625+0000] {local_task_job_runner.py:222} INFO - ::endgroup::
[2024-05-17T21:31:18.686+0000] {process_utils.py:132} INFO - Sending 15 to group 11294. PIDs of all processes in the group: [11296, 11369, 11294]
[2024-05-17T21:31:18.786+0000] {process_utils.py:87} INFO - Sending the signal 15 to group 11294
[2024-05-17T21:31:18.840+0000] {taskinstance.py:2611} ERROR - Received SIGTERM. Terminating subprocesses.
[2024-05-17T21:31:18.877+0000] {spark_submit.py:697} INFO - Sending kill signal to spark-submit
[2024-05-17T21:31:18.936+0000] {taskinstance.py:441} INFO - ::group::Post task execution logs
[2024-05-17T21:31:19.339+0000] {process_utils.py:80} INFO - Process psutil.Process(pid=11369, status='terminated', started='21:29:00') (11369) terminated with exit code None
[2024-05-17T21:31:21.169+0000] {process_utils.py:80} INFO - Process psutil.Process(pid=11296, status='terminated', started='21:28:55') (11296) terminated with exit code None
[2024-05-17T21:31:21.176+0000] {process_utils.py:80} INFO - Process psutil.Process(pid=11294, status='terminated', exitcode=0, started='21:28:54') (11294) terminated with exit code 0
