[2024-05-18T23:37:14.203+0000] {local_task_job_runner.py:120} INFO - ::group::Pre task execution logs
[2024-05-18T23:37:16.242+0000] {taskinstance.py:2076} INFO - Dependencies all met for dep_context=non-requeueable deps ti=<TaskInstance: Real_Estate_Webscraping_ETL.Process_and_Send_Data_to_DB scheduled__2024-05-16T01:30:00+00:00 [queued]>
[2024-05-18T23:37:16.420+0000] {taskinstance.py:2076} INFO - Dependencies all met for dep_context=requeueable deps ti=<TaskInstance: Real_Estate_Webscraping_ETL.Process_and_Send_Data_to_DB scheduled__2024-05-16T01:30:00+00:00 [queued]>
[2024-05-18T23:37:16.430+0000] {taskinstance.py:2306} INFO - Starting attempt 1 of 6
[2024-05-18T23:37:16.944+0000] {taskinstance.py:2330} INFO - Executing <Task(SparkSubmitOperator): Process_and_Send_Data_to_DB> on 2024-05-16 01:30:00+00:00
[2024-05-18T23:37:17.597+0000] {standard_task_runner.py:63} INFO - Started process 1906 to run task
[2024-05-18T23:37:17.921+0000] {standard_task_runner.py:90} INFO - Running: ['***', 'tasks', 'run', 'Real_Estate_Webscraping_ETL', 'Process_and_Send_Data_to_DB', 'scheduled__2024-05-16T01:30:00+00:00', '--job-id', '344', '--raw', '--subdir', 'DAGS_FOLDER/webscrapping.py', '--cfg-path', '/tmp/tmp6vipolwy']
[2024-05-18T23:37:18.231+0000] {standard_task_runner.py:91} INFO - Job 344: Subtask Process_and_Send_Data_to_DB
[2024-05-18T23:37:20.162+0000] {task_command.py:426} INFO - Running <TaskInstance: Real_Estate_Webscraping_ETL.Process_and_Send_Data_to_DB scheduled__2024-05-16T01:30:00+00:00 [running]> on host c0373bd0174c
[2024-05-18T23:37:21.813+0000] {taskinstance.py:2648} INFO - Exporting env vars: AIRFLOW_CTX_DAG_OWNER='svc' AIRFLOW_CTX_DAG_ID='Real_Estate_Webscraping_ETL' AIRFLOW_CTX_TASK_ID='Process_and_Send_Data_to_DB' AIRFLOW_CTX_EXECUTION_DATE='2024-05-16T01:30:00+00:00' AIRFLOW_CTX_TRY_NUMBER='1' AIRFLOW_CTX_DAG_RUN_ID='scheduled__2024-05-16T01:30:00+00:00'
[2024-05-18T23:37:21.904+0000] {taskinstance.py:430} INFO - ::endgroup::
[2024-05-18T23:37:22.130+0000] {base.py:84} INFO - Using connection ID 'spark_default' for task execution.
[2024-05-18T23:37:22.151+0000] {spark_submit.py:401} INFO - Spark-Submit cmd: spark-submit --master spark://spark-master:7077 --packages org.apache.spark:spark-sql-kafka-0-10_2.12:3.5.1,com.datastax.spark:spark-cassandra-connector_2.12:3.5.0,org.apache.kafka:kafka-clients:3.5.1,commons-logging:commons-logging:1.2 --name arrow-spark --deploy-mode client dags/includes/jobs/spark_consumer.py
[2024-05-18T23:37:23.013+0000] {spark_submit.py:571} INFO - /home/***/.local/lib/python3.11/site-packages/pyspark/bin/load-spark-env.sh: line 68: ps: command not found
[2024-05-18T23:37:42.226+0000] {local_task_job_runner.py:310} WARNING - State of this instance has been externally set to failed. Terminating instance.
[2024-05-18T23:37:42.315+0000] {local_task_job_runner.py:222} INFO - ::endgroup::
[2024-05-18T23:37:42.359+0000] {process_utils.py:132} INFO - Sending 15 to group 1906. PIDs of all processes in the group: [1916, 1906]
[2024-05-18T23:37:42.363+0000] {process_utils.py:87} INFO - Sending the signal 15 to group 1906
[2024-05-18T23:37:42.374+0000] {taskinstance.py:2611} ERROR - Received SIGTERM. Terminating subprocesses.
[2024-05-18T23:37:42.415+0000] {spark_submit.py:697} INFO - Sending kill signal to spark-submit
[2024-05-18T23:37:42.421+0000] {taskinstance.py:441} INFO - ::group::Post task execution logs
[2024-05-18T23:37:43.116+0000] {process_utils.py:80} INFO - Process psutil.Process(pid=1916, status='terminated', started='23:37:21') (1916) terminated with exit code None
[2024-05-18T23:37:43.125+0000] {process_utils.py:80} INFO - Process psutil.Process(pid=1906, status='terminated', exitcode=0, started='23:37:16') (1906) terminated with exit code 0
