[2024-05-18T23:32:26.498+0000] {local_task_job_runner.py:120} INFO - ::group::Pre task execution logs
[2024-05-18T23:32:26.720+0000] {taskinstance.py:2076} INFO - Dependencies all met for dep_context=non-requeueable deps ti=<TaskInstance: Real_Estate_Webscraping_ETL.Ingest_Data_from_Redfin manual__2024-05-18T23:32:15.298986+00:00 [queued]>
[2024-05-18T23:32:26.755+0000] {taskinstance.py:2076} INFO - Dependencies all met for dep_context=requeueable deps ti=<TaskInstance: Real_Estate_Webscraping_ETL.Ingest_Data_from_Redfin manual__2024-05-18T23:32:15.298986+00:00 [queued]>
[2024-05-18T23:32:26.757+0000] {taskinstance.py:2306} INFO - Starting attempt 1 of 6
[2024-05-18T23:32:26.814+0000] {taskinstance.py:2330} INFO - Executing <Task(PythonOperator): Ingest_Data_from_Redfin> on 2024-05-18 23:32:15.298986+00:00
[2024-05-18T23:32:26.878+0000] {standard_task_runner.py:63} INFO - Started process 774 to run task
[2024-05-18T23:32:26.925+0000] {standard_task_runner.py:90} INFO - Running: ['***', 'tasks', 'run', 'Real_Estate_Webscraping_ETL', 'Ingest_Data_from_Redfin', 'manual__2024-05-18T23:32:15.298986+00:00', '--job-id', '330', '--raw', '--subdir', 'DAGS_FOLDER/webscrapping.py', '--cfg-path', '/tmp/tmppvjh6n1g']
[2024-05-18T23:32:26.973+0000] {standard_task_runner.py:91} INFO - Job 330: Subtask Ingest_Data_from_Redfin
[2024-05-18T23:32:27.321+0000] {task_command.py:426} INFO - Running <TaskInstance: Real_Estate_Webscraping_ETL.Ingest_Data_from_Redfin manual__2024-05-18T23:32:15.298986+00:00 [running]> on host c0373bd0174c
[2024-05-18T23:32:27.846+0000] {taskinstance.py:2648} INFO - Exporting env vars: AIRFLOW_CTX_DAG_OWNER='svc' AIRFLOW_CTX_DAG_ID='Real_Estate_Webscraping_ETL' AIRFLOW_CTX_TASK_ID='Ingest_Data_from_Redfin' AIRFLOW_CTX_EXECUTION_DATE='2024-05-18T23:32:15.298986+00:00' AIRFLOW_CTX_TRY_NUMBER='1' AIRFLOW_CTX_DAG_RUN_ID='manual__2024-05-18T23:32:15.298986+00:00'
[2024-05-18T23:32:27.864+0000] {taskinstance.py:430} INFO - ::endgroup::
[2024-05-18T23:32:28.171+0000] {conn.py:362} INFO - <BrokerConnection node_id=bootstrap-0 host=kafka:9092 <connecting> [IPv4 ('192.168.16.5', 9092)]>: connecting to kafka:9092 [('192.168.16.5', 9092) IPv4]
[2024-05-18T23:32:28.206+0000] {conn.py:957} INFO - Probing node bootstrap-0 broker version
[2024-05-18T23:32:28.214+0000] {conn.py:393} INFO - <BrokerConnection node_id=bootstrap-0 host=kafka:9092 <connecting> [IPv4 ('192.168.16.5', 9092)]>: Connection complete.
[2024-05-18T23:32:28.414+0000] {conn.py:1019} INFO - Broker version identified as 2.6.0
[2024-05-18T23:32:28.415+0000] {conn.py:1020} INFO - Set configuration api_version=(2, 6, 0) to skip auto check_version requests on startup
[2024-05-18T23:32:33.167+0000] {logging_mixin.py:188} INFO - Connecting to Scraping Browser
[2024-05-18T23:32:36.166+0000] {logging_mixin.py:188} INFO - Connected! Navigating to https://www.redfin.com
[2024-05-18T23:32:48.702+0000] {logging_mixin.py:188} INFO - Searching...
[2024-05-18T23:32:51.824+0000] {local_task_job_runner.py:310} WARNING - State of this instance has been externally set to failed. Terminating instance.
[2024-05-18T23:32:52.189+0000] {local_task_job_runner.py:222} INFO - ::endgroup::
[2024-05-18T23:32:52.258+0000] {process_utils.py:132} INFO - Sending 15 to group 774. PIDs of all processes in the group: [794, 774]
[2024-05-18T23:32:52.269+0000] {process_utils.py:87} INFO - Sending the signal 15 to group 774
[2024-05-18T23:32:52.303+0000] {taskinstance.py:2611} ERROR - Received SIGTERM. Terminating subprocesses.
[2024-05-18T23:32:52.467+0000] {process_utils.py:80} INFO - Process psutil.Process(pid=794, status='terminated', started='23:32:27') (794) terminated with exit code None
[2024-05-18T23:33:52.284+0000] {process_utils.py:150} WARNING - process psutil.Process(pid=774, name='airflow task ru', status='sleeping', started='23:32:26') did not respond to SIGTERM. Trying SIGKILL
[2024-05-18T23:33:52.318+0000] {process_utils.py:87} INFO - Sending the signal 9 to group 774
[2024-05-18T23:33:52.383+0000] {process_utils.py:80} INFO - Process psutil.Process(pid=774, name='airflow task ru', status='terminated', exitcode=<Negsignal.SIGKILL: -9>, started='23:32:26') (774) terminated with exit code -9
[2024-05-18T23:33:52.388+0000] {standard_task_runner.py:178} ERROR - Job 330 was killed before it finished (likely due to running out of memory)
