[2024-05-19T00:08:49.055+0000] {local_task_job_runner.py:120} INFO - ::group::Pre task execution logs
[2024-05-19T00:08:49.878+0000] {taskinstance.py:2076} INFO - Dependencies all met for dep_context=non-requeueable deps ti=<TaskInstance: Real_Estate_Webscraping_ETL.Process_and_Send_Data_to_DB scheduled__2024-05-18T12:16:00+00:00 [queued]>
[2024-05-19T00:08:50.064+0000] {taskinstance.py:2076} INFO - Dependencies all met for dep_context=requeueable deps ti=<TaskInstance: Real_Estate_Webscraping_ETL.Process_and_Send_Data_to_DB scheduled__2024-05-18T12:16:00+00:00 [queued]>
[2024-05-19T00:08:50.076+0000] {taskinstance.py:2306} INFO - Starting attempt 3 of 6
[2024-05-19T00:08:51.879+0000] {taskinstance.py:2330} INFO - Executing <Task(SparkSubmitOperator): Process_and_Send_Data_to_DB> on 2024-05-18 12:16:00+00:00
[2024-05-19T00:08:52.154+0000] {standard_task_runner.py:63} INFO - Started process 745 to run task
[2024-05-19T00:08:52.216+0000] {standard_task_runner.py:90} INFO - Running: ['***', 'tasks', 'run', 'Real_Estate_Webscraping_ETL', 'Process_and_Send_Data_to_DB', 'scheduled__2024-05-18T12:16:00+00:00', '--job-id', '443', '--raw', '--subdir', 'DAGS_FOLDER/webscrapping.py', '--cfg-path', '/tmp/tmp_q7d978k']
[2024-05-19T00:08:52.297+0000] {standard_task_runner.py:91} INFO - Job 443: Subtask Process_and_Send_Data_to_DB
[2024-05-19T00:08:56.783+0000] {task_command.py:426} INFO - Running <TaskInstance: Real_Estate_Webscraping_ETL.Process_and_Send_Data_to_DB scheduled__2024-05-18T12:16:00+00:00 [running]> on host eddd84e36bad
[2024-05-19T00:08:58.233+0000] {taskinstance.py:2648} INFO - Exporting env vars: AIRFLOW_CTX_DAG_OWNER='svc' AIRFLOW_CTX_DAG_ID='Real_Estate_Webscraping_ETL' AIRFLOW_CTX_TASK_ID='Process_and_Send_Data_to_DB' AIRFLOW_CTX_EXECUTION_DATE='2024-05-18T12:16:00+00:00' AIRFLOW_CTX_TRY_NUMBER='3' AIRFLOW_CTX_DAG_RUN_ID='scheduled__2024-05-18T12:16:00+00:00'
[2024-05-19T00:08:58.253+0000] {taskinstance.py:430} INFO - ::endgroup::
[2024-05-19T00:08:58.383+0000] {base.py:84} INFO - Using connection ID 'spark_default' for task execution.
[2024-05-19T00:08:58.390+0000] {spark_submit.py:401} INFO - Spark-Submit cmd: spark-submit --master spark://spark-master:7077 --packages org.apache.spark:spark-sql-kafka-0-10_2.12:3.5.1,com.datastax.spark:spark-cassandra-connector_2.12:3.5.0,org.apache.kafka:kafka-clients:3.5.1,commons-logging:commons-logging:1.2 --name arrow-spark --deploy-mode client dags/includes/jobs/spark_consumer.py
[2024-05-19T00:09:01.762+0000] {spark_submit.py:571} INFO - /home/***/.local/lib/python3.11/site-packages/pyspark/bin/load-spark-env.sh: line 68: ps: command not found
[2024-05-19T00:09:41.125+0000] {spark_submit.py:571} INFO - :: loading settings :: url = jar:file:/home/***/.local/lib/python3.11/site-packages/pyspark/jars/ivy-2.5.1.jar!/org/apache/ivy/core/settings/ivysettings.xml
[2024-05-19T00:09:42.326+0000] {spark_submit.py:571} INFO - Ivy Default Cache set to: /home/***/.ivy2/cache
[2024-05-19T00:09:42.382+0000] {spark_submit.py:571} INFO - The jars for the packages stored in: /home/***/.ivy2/jars
[2024-05-19T00:09:42.448+0000] {spark_submit.py:571} INFO - org.apache.spark#spark-sql-kafka-0-10_2.12 added as a dependency
[2024-05-19T00:09:42.464+0000] {spark_submit.py:571} INFO - com.datastax.spark#spark-cassandra-connector_2.12 added as a dependency
[2024-05-19T00:09:42.472+0000] {spark_submit.py:571} INFO - org.apache.kafka#kafka-clients added as a dependency
[2024-05-19T00:09:42.473+0000] {spark_submit.py:571} INFO - commons-logging#commons-logging added as a dependency
[2024-05-19T00:09:42.488+0000] {spark_submit.py:571} INFO - :: resolving dependencies :: org.apache.spark#spark-submit-parent-8eb1e2ec-e2d8-4425-a99d-b89b3eaa241e;1.0
[2024-05-19T00:09:42.504+0000] {spark_submit.py:571} INFO - confs: [default]
[2024-05-19T00:09:48.495+0000] {spark_submit.py:571} INFO - found org.apache.spark#spark-sql-kafka-0-10_2.12;3.5.1 in central
[2024-05-19T00:09:50.939+0000] {spark_submit.py:571} INFO - found org.apache.spark#spark-token-provider-kafka-0-10_2.12;3.5.1 in central
[2024-05-19T00:09:52.241+0000] {spark_submit.py:571} INFO - found org.apache.hadoop#hadoop-client-runtime;3.3.4 in central
[2024-05-19T00:09:52.606+0000] {spark_submit.py:571} INFO - found org.apache.hadoop#hadoop-client-api;3.3.4 in central
[2024-05-19T00:09:52.901+0000] {spark_submit.py:571} INFO - found org.xerial.snappy#snappy-java;1.1.10.3 in central
[2024-05-19T00:09:53.037+0000] {spark_submit.py:571} INFO - found org.slf4j#slf4j-api;2.0.7 in central
[2024-05-19T00:09:53.504+0000] {spark_submit.py:571} INFO - found com.google.code.findbugs#jsr305;3.0.0 in central
[2024-05-19T00:09:53.933+0000] {spark_submit.py:571} INFO - found org.apache.commons#commons-pool2;2.11.1 in central
[2024-05-19T00:09:54.152+0000] {spark_submit.py:571} INFO - found com.datastax.spark#spark-cassandra-connector_2.12;3.5.0 in central
[2024-05-19T00:09:54.245+0000] {spark_submit.py:571} INFO - found com.datastax.spark#spark-cassandra-connector-driver_2.12;3.5.0 in central
[2024-05-19T00:09:54.399+0000] {spark_submit.py:571} INFO - found org.scala-lang.modules#scala-collection-compat_2.12;2.11.0 in central
[2024-05-19T00:09:54.588+0000] {spark_submit.py:571} INFO - found com.datastax.oss#java-driver-core-shaded;4.13.0 in central
[2024-05-19T00:09:54.700+0000] {spark_submit.py:571} INFO - found com.datastax.oss#native-protocol;1.5.0 in central
[2024-05-19T00:09:54.861+0000] {spark_submit.py:571} INFO - found com.datastax.oss#java-driver-shaded-guava;25.1-jre-graal-sub-1 in central
[2024-05-19T00:09:54.944+0000] {spark_submit.py:571} INFO - found com.typesafe#config;1.4.1 in central
[2024-05-19T00:09:55.001+0000] {spark_submit.py:571} INFO - found io.dropwizard.metrics#metrics-core;4.1.18 in central
[2024-05-19T00:09:55.037+0000] {spark_submit.py:571} INFO - found org.hdrhistogram#HdrHistogram;2.1.12 in central
[2024-05-19T00:09:55.051+0000] {spark_submit.py:571} INFO - found org.reactivestreams#reactive-streams;1.0.3 in central
[2024-05-19T00:09:55.104+0000] {spark_submit.py:571} INFO - found com.github.stephenc.jcip#jcip-annotations;1.0-1 in central
[2024-05-19T00:09:55.186+0000] {spark_submit.py:571} INFO - found com.github.spotbugs#spotbugs-annotations;3.1.12 in central
[2024-05-19T00:09:55.336+0000] {spark_submit.py:571} INFO - found com.google.code.findbugs#jsr305;3.0.2 in central
[2024-05-19T00:09:55.349+0000] {spark_submit.py:571} INFO - found com.datastax.oss#java-driver-mapper-runtime;4.13.0 in central
[2024-05-19T00:09:55.363+0000] {spark_submit.py:571} INFO - found com.datastax.oss#java-driver-query-builder;4.13.0 in central
[2024-05-19T00:09:55.374+0000] {spark_submit.py:571} INFO - found org.apache.commons#commons-lang3;3.10 in central
[2024-05-19T00:09:55.392+0000] {spark_submit.py:571} INFO - found com.thoughtworks.paranamer#paranamer;2.8 in central
[2024-05-19T00:09:55.419+0000] {spark_submit.py:571} INFO - found org.scala-lang#scala-reflect;2.12.11 in central
[2024-05-19T00:09:55.431+0000] {spark_submit.py:571} INFO - found org.apache.kafka#kafka-clients;3.5.1 in central
[2024-05-19T00:09:55.463+0000] {spark_submit.py:571} INFO - found com.github.luben#zstd-jni;1.5.5-1 in spark-list
[2024-05-19T00:09:55.476+0000] {spark_submit.py:571} INFO - found org.lz4#lz4-java;1.8.0 in central
[2024-05-19T00:09:55.487+0000] {spark_submit.py:571} INFO - found commons-logging#commons-logging;1.2 in central
[2024-05-19T00:09:59.947+0000] {spark_submit.py:571} INFO - downloading https://repo1.maven.org/maven2/org/apache/kafka/kafka-clients/3.5.1/kafka-clients-3.5.1.jar ...
[2024-05-19T00:10:11.457+0000] {spark_submit.py:571} INFO - :: resolution report :: resolve 13112ms :: artifacts dl 15890ms
[2024-05-19T00:10:11.535+0000] {spark_submit.py:571} INFO - :: modules in use:
[2024-05-19T00:10:11.559+0000] {spark_submit.py:571} INFO - com.datastax.oss#java-driver-core-shaded;4.13.0 from central in [default]
[2024-05-19T00:10:11.590+0000] {spark_submit.py:571} INFO - com.datastax.oss#java-driver-mapper-runtime;4.13.0 from central in [default]
[2024-05-19T00:10:11.595+0000] {spark_submit.py:571} INFO - com.datastax.oss#java-driver-query-builder;4.13.0 from central in [default]
[2024-05-19T00:10:11.603+0000] {spark_submit.py:571} INFO - com.datastax.oss#java-driver-shaded-guava;25.1-jre-graal-sub-1 from central in [default]
[2024-05-19T00:10:11.612+0000] {spark_submit.py:571} INFO - com.datastax.oss#native-protocol;1.5.0 from central in [default]
[2024-05-19T00:10:11.615+0000] {spark_submit.py:571} INFO - com.datastax.spark#spark-cassandra-connector-driver_2.12;3.5.0 from central in [default]
[2024-05-19T00:10:11.646+0000] {spark_submit.py:571} INFO - com.datastax.spark#spark-cassandra-connector_2.12;3.5.0 from central in [default]
[2024-05-19T00:10:11.656+0000] {spark_submit.py:571} INFO - com.github.luben#zstd-jni;1.5.5-1 from spark-list in [default]
[2024-05-19T00:10:11.662+0000] {spark_submit.py:571} INFO - com.github.spotbugs#spotbugs-annotations;3.1.12 from central in [default]
[2024-05-19T00:10:11.668+0000] {spark_submit.py:571} INFO - com.github.stephenc.jcip#jcip-annotations;1.0-1 from central in [default]
[2024-05-19T00:10:11.686+0000] {spark_submit.py:571} INFO - com.google.code.findbugs#jsr305;3.0.2 from central in [default]
[2024-05-19T00:10:11.703+0000] {spark_submit.py:571} INFO - com.thoughtworks.paranamer#paranamer;2.8 from central in [default]
[2024-05-19T00:10:11.710+0000] {spark_submit.py:571} INFO - com.typesafe#config;1.4.1 from central in [default]
[2024-05-19T00:10:11.714+0000] {spark_submit.py:571} INFO - commons-logging#commons-logging;1.2 from central in [default]
[2024-05-19T00:10:11.718+0000] {spark_submit.py:571} INFO - io.dropwizard.metrics#metrics-core;4.1.18 from central in [default]
[2024-05-19T00:10:11.726+0000] {spark_submit.py:571} INFO - org.apache.commons#commons-lang3;3.10 from central in [default]
[2024-05-19T00:10:11.736+0000] {spark_submit.py:571} INFO - org.apache.commons#commons-pool2;2.11.1 from central in [default]
[2024-05-19T00:10:11.738+0000] {spark_submit.py:571} INFO - org.apache.hadoop#hadoop-client-api;3.3.4 from central in [default]
[2024-05-19T00:10:11.742+0000] {spark_submit.py:571} INFO - org.apache.hadoop#hadoop-client-runtime;3.3.4 from central in [default]
[2024-05-19T00:10:11.743+0000] {spark_submit.py:571} INFO - org.apache.kafka#kafka-clients;3.5.1 from central in [default]
[2024-05-19T00:10:11.745+0000] {spark_submit.py:571} INFO - org.apache.spark#spark-sql-kafka-0-10_2.12;3.5.1 from central in [default]
[2024-05-19T00:10:11.759+0000] {spark_submit.py:571} INFO - org.apache.spark#spark-token-provider-kafka-0-10_2.12;3.5.1 from central in [default]
[2024-05-19T00:10:11.764+0000] {spark_submit.py:571} INFO - org.hdrhistogram#HdrHistogram;2.1.12 from central in [default]
[2024-05-19T00:10:11.768+0000] {spark_submit.py:571} INFO - org.lz4#lz4-java;1.8.0 from central in [default]
[2024-05-19T00:10:11.774+0000] {spark_submit.py:571} INFO - org.reactivestreams#reactive-streams;1.0.3 from central in [default]
[2024-05-19T00:10:11.779+0000] {spark_submit.py:571} INFO - org.scala-lang#scala-reflect;2.12.11 from central in [default]
[2024-05-19T00:10:11.793+0000] {spark_submit.py:571} INFO - org.scala-lang.modules#scala-collection-compat_2.12;2.11.0 from central in [default]
[2024-05-19T00:10:11.799+0000] {spark_submit.py:571} INFO - org.slf4j#slf4j-api;2.0.7 from central in [default]
[2024-05-19T00:10:11.805+0000] {spark_submit.py:571} INFO - org.xerial.snappy#snappy-java;1.1.10.3 from central in [default]
[2024-05-19T00:10:11.810+0000] {spark_submit.py:571} INFO - :: evicted modules:
[2024-05-19T00:10:11.814+0000] {spark_submit.py:571} INFO - org.apache.kafka#kafka-clients;3.4.1 by [org.apache.kafka#kafka-clients;3.5.1] in [default]
[2024-05-19T00:10:11.822+0000] {spark_submit.py:571} INFO - commons-logging#commons-logging;1.1.3 by [commons-logging#commons-logging;1.2] in [default]
[2024-05-19T00:10:11.829+0000] {spark_submit.py:571} INFO - com.google.code.findbugs#jsr305;3.0.0 by [com.google.code.findbugs#jsr305;3.0.2] in [default]
[2024-05-19T00:10:11.834+0000] {spark_submit.py:571} INFO - org.slf4j#slf4j-api;1.7.26 by [org.slf4j#slf4j-api;2.0.7] in [default]
[2024-05-19T00:10:11.842+0000] {spark_submit.py:571} INFO - org.xerial.snappy#snappy-java;1.1.10.1 by [org.xerial.snappy#snappy-java;1.1.10.3] in [default]
[2024-05-19T00:10:11.857+0000] {spark_submit.py:571} INFO - org.slf4j#slf4j-api;1.7.36 by [org.slf4j#slf4j-api;2.0.7] in [default]
[2024-05-19T00:10:11.870+0000] {spark_submit.py:571} INFO - ---------------------------------------------------------------------
[2024-05-19T00:10:11.875+0000] {spark_submit.py:571} INFO - |                  |            modules            ||   artifacts   |
[2024-05-19T00:10:11.880+0000] {spark_submit.py:571} INFO - |       conf       | number| search|dwnlded|evicted|| number|dwnlded|
[2024-05-19T00:10:11.894+0000] {spark_submit.py:571} INFO - ---------------------------------------------------------------------
[2024-05-19T00:10:11.911+0000] {spark_submit.py:571} INFO - |      default     |   35  |   0   |   0   |   6   ||   29  |   0   |
[2024-05-19T00:10:11.930+0000] {spark_submit.py:571} INFO - ---------------------------------------------------------------------
[2024-05-19T00:10:11.934+0000] {spark_submit.py:571} INFO - 
[2024-05-19T00:10:11.940+0000] {spark_submit.py:571} INFO - :: problems summary ::
[2024-05-19T00:10:11.945+0000] {spark_submit.py:571} INFO - :::: WARNINGS
[2024-05-19T00:10:11.950+0000] {spark_submit.py:571} INFO - [FAILED     ] org.apache.kafka#kafka-clients;3.5.1!kafka-clients.jar: Downloaded file size (0) doesn't match expected Content Length (5246932) for https://repo1.maven.org/maven2/org/apache/kafka/kafka-clients/3.5.1/kafka-clients-3.5.1.jar. Please retry. (15054ms)
[2024-05-19T00:10:11.956+0000] {spark_submit.py:571} INFO - 
[2024-05-19T00:10:11.957+0000] {spark_submit.py:571} INFO - [FAILED     ] org.apache.kafka#kafka-clients;3.5.1!kafka-clients.jar: Downloaded file size (0) doesn't match expected Content Length (5246932) for https://repo1.maven.org/maven2/org/apache/kafka/kafka-clients/3.5.1/kafka-clients-3.5.1.jar. Please retry. (15054ms)
[2024-05-19T00:10:11.958+0000] {spark_submit.py:571} INFO - 
[2024-05-19T00:10:11.958+0000] {spark_submit.py:571} INFO - ==== central: tried
[2024-05-19T00:10:11.959+0000] {spark_submit.py:571} INFO - 
[2024-05-19T00:10:11.963+0000] {spark_submit.py:571} INFO - https://repo1.maven.org/maven2/org/apache/kafka/kafka-clients/3.5.1/kafka-clients-3.5.1.jar
[2024-05-19T00:10:11.973+0000] {spark_submit.py:571} INFO - 
[2024-05-19T00:10:11.979+0000] {spark_submit.py:571} INFO - ::::::::::::::::::::::::::::::::::::::::::::::
[2024-05-19T00:10:11.988+0000] {spark_submit.py:571} INFO - 
[2024-05-19T00:10:11.998+0000] {spark_submit.py:571} INFO - ::              FAILED DOWNLOADS            ::
[2024-05-19T00:10:12.004+0000] {spark_submit.py:571} INFO - 
[2024-05-19T00:10:12.013+0000] {spark_submit.py:571} INFO - :: ^ see resolution messages for details  ^ ::
[2024-05-19T00:10:12.031+0000] {spark_submit.py:571} INFO - 
[2024-05-19T00:10:12.034+0000] {spark_submit.py:571} INFO - ::::::::::::::::::::::::::::::::::::::::::::::
[2024-05-19T00:10:12.037+0000] {spark_submit.py:571} INFO - 
[2024-05-19T00:10:12.041+0000] {spark_submit.py:571} INFO - :: org.apache.kafka#kafka-clients;3.5.1!kafka-clients.jar
[2024-05-19T00:10:12.063+0000] {spark_submit.py:571} INFO - 
[2024-05-19T00:10:12.065+0000] {spark_submit.py:571} INFO - ::::::::::::::::::::::::::::::::::::::::::::::
[2024-05-19T00:10:12.067+0000] {spark_submit.py:571} INFO - 
[2024-05-19T00:10:12.069+0000] {spark_submit.py:571} INFO - 
[2024-05-19T00:10:12.069+0000] {spark_submit.py:571} INFO - 
[2024-05-19T00:10:12.070+0000] {spark_submit.py:571} INFO - :: USE VERBOSE OR DEBUG MESSAGE LEVEL FOR MORE DETAILS
[2024-05-19T00:10:12.077+0000] {spark_submit.py:571} INFO - Exception in thread "main" java.lang.RuntimeException: [download failed: org.apache.kafka#kafka-clients;3.5.1!kafka-clients.jar]
[2024-05-19T00:10:12.108+0000] {spark_submit.py:571} INFO - at org.apache.spark.deploy.SparkSubmitUtils$.resolveMavenCoordinates(SparkSubmit.scala:1608)
[2024-05-19T00:10:12.119+0000] {spark_submit.py:571} INFO - at org.apache.spark.util.DependencyUtils$.resolveMavenDependencies(DependencyUtils.scala:185)
[2024-05-19T00:10:12.125+0000] {spark_submit.py:571} INFO - at org.apache.spark.deploy.SparkSubmit.prepareSubmitEnvironment(SparkSubmit.scala:334)
[2024-05-19T00:10:12.132+0000] {spark_submit.py:571} INFO - at org.apache.spark.deploy.SparkSubmit.org$apache$spark$deploy$SparkSubmit$$runMain(SparkSubmit.scala:964)
[2024-05-19T00:10:12.135+0000] {spark_submit.py:571} INFO - at org.apache.spark.deploy.SparkSubmit.doRunMain$1(SparkSubmit.scala:194)
[2024-05-19T00:10:12.147+0000] {spark_submit.py:571} INFO - at org.apache.spark.deploy.SparkSubmit.submit(SparkSubmit.scala:217)
[2024-05-19T00:10:12.150+0000] {spark_submit.py:571} INFO - at org.apache.spark.deploy.SparkSubmit.doSubmit(SparkSubmit.scala:91)
[2024-05-19T00:10:12.160+0000] {spark_submit.py:571} INFO - at org.apache.spark.deploy.SparkSubmit$$anon$2.doSubmit(SparkSubmit.scala:1120)
[2024-05-19T00:10:12.166+0000] {spark_submit.py:571} INFO - at org.apache.spark.deploy.SparkSubmit$.main(SparkSubmit.scala:1129)
[2024-05-19T00:10:12.178+0000] {spark_submit.py:571} INFO - at org.apache.spark.deploy.SparkSubmit.main(SparkSubmit.scala)
[2024-05-19T00:10:13.219+0000] {taskinstance.py:441} INFO - ::group::Post task execution logs
[2024-05-19T00:10:15.359+0000] {taskinstance.py:2905} ERROR - Task failed with exception
Traceback (most recent call last):
  File "/home/airflow/.local/lib/python3.11/site-packages/airflow/models/taskinstance.py", line 465, in _execute_task
    result = _execute_callable(context=context, **execute_callable_kwargs)
             ^^^^^^^^^^^^^^^^^^^^^^^^^^^^^^^^^^^^^^^^^^^^^^^^^^^^^^^^^^^^^
  File "/home/airflow/.local/lib/python3.11/site-packages/airflow/models/taskinstance.py", line 432, in _execute_callable
    return execute_callable(context=context, **execute_callable_kwargs)
           ^^^^^^^^^^^^^^^^^^^^^^^^^^^^^^^^^^^^^^^^^^^^^^^^^^^^^^^^^^^^
  File "/home/airflow/.local/lib/python3.11/site-packages/airflow/models/baseoperator.py", line 400, in wrapper
    return func(self, *args, **kwargs)
           ^^^^^^^^^^^^^^^^^^^^^^^^^^^
  File "/home/airflow/.local/lib/python3.11/site-packages/airflow/providers/apache/spark/operators/spark_submit.py", line 174, in execute
    self._hook.submit(self.application)
  File "/home/airflow/.local/lib/python3.11/site-packages/airflow/providers/apache/spark/hooks/spark_submit.py", line 502, in submit
    raise AirflowException(
airflow.exceptions.AirflowException: Cannot execute: spark-submit --master spark://spark-master:7077 --packages org.apache.spark:spark-sql-kafka-0-10_2.12:3.5.1,com.datastax.spark:spark-cassandra-connector_2.12:3.5.0,org.apache.kafka:kafka-clients:3.5.1,commons-logging:commons-logging:1.2 --name arrow-spark --deploy-mode client dags/includes/jobs/spark_consumer.py. Error code is: 1.
[2024-05-19T00:10:15.653+0000] {taskinstance.py:1206} INFO - Marking task as UP_FOR_RETRY. dag_id=Real_Estate_Webscraping_ETL, task_id=Process_and_Send_Data_to_DB, run_id=scheduled__2024-05-18T12:16:00+00:00, execution_date=20240518T121600, start_date=20240519T000849, end_date=20240519T001015
[2024-05-19T00:10:16.160+0000] {standard_task_runner.py:110} ERROR - Failed to execute job 443 for task Process_and_Send_Data_to_DB (Cannot execute: spark-submit --master spark://spark-master:7077 --packages org.apache.spark:spark-sql-kafka-0-10_2.12:3.5.1,com.datastax.spark:spark-cassandra-connector_2.12:3.5.0,org.apache.kafka:kafka-clients:3.5.1,commons-logging:commons-logging:1.2 --name arrow-spark --deploy-mode client dags/includes/jobs/spark_consumer.py. Error code is: 1.; 745)
[2024-05-19T00:10:16.388+0000] {local_task_job_runner.py:240} INFO - Task exited with return code 1
[2024-05-19T00:10:17.094+0000] {taskinstance.py:3498} INFO - 0 downstream tasks scheduled from follow-on schedule check
[2024-05-19T00:10:17.103+0000] {local_task_job_runner.py:222} INFO - ::endgroup::
