[2024-05-17T21:38:41.790+0000] {local_task_job_runner.py:120} INFO - ::group::Pre task execution logs
[2024-05-17T21:38:41.821+0000] {taskinstance.py:2076} INFO - Dependencies all met for dep_context=non-requeueable deps ti=<TaskInstance: Webscrape.Ingest_Data manual__2024-05-17T21:38:34.952623+00:00 [queued]>
[2024-05-17T21:38:41.826+0000] {taskinstance.py:2076} INFO - Dependencies all met for dep_context=requeueable deps ti=<TaskInstance: Webscrape.Ingest_Data manual__2024-05-17T21:38:34.952623+00:00 [queued]>
[2024-05-17T21:38:41.827+0000] {taskinstance.py:2306} INFO - Starting attempt 1 of 6
[2024-05-17T21:38:41.839+0000] {taskinstance.py:2330} INFO - Executing <Task(PythonOperator): Ingest_Data> on 2024-05-17 21:38:34.952623+00:00
[2024-05-17T21:38:41.868+0000] {standard_task_runner.py:63} INFO - Started process 12056 to run task
[2024-05-17T21:38:41.877+0000] {standard_task_runner.py:90} INFO - Running: ['***', 'tasks', 'run', 'Webscrape', 'Ingest_Data', 'manual__2024-05-17T21:38:34.952623+00:00', '--job-id', '248', '--raw', '--subdir', 'DAGS_FOLDER/webscrapping.py', '--cfg-path', '/tmp/tmpv_0_o9zc']
[2024-05-17T21:38:41.885+0000] {standard_task_runner.py:91} INFO - Job 248: Subtask Ingest_Data
[2024-05-17T21:38:42.033+0000] {task_command.py:426} INFO - Running <TaskInstance: Webscrape.Ingest_Data manual__2024-05-17T21:38:34.952623+00:00 [running]> on host 3e429f118033
[2024-05-17T21:38:42.151+0000] {taskinstance.py:2648} INFO - Exporting env vars: AIRFLOW_CTX_DAG_OWNER='svc' AIRFLOW_CTX_DAG_ID='Webscrape' AIRFLOW_CTX_TASK_ID='Ingest_Data' AIRFLOW_CTX_EXECUTION_DATE='2024-05-17T21:38:34.952623+00:00' AIRFLOW_CTX_TRY_NUMBER='1' AIRFLOW_CTX_DAG_RUN_ID='manual__2024-05-17T21:38:34.952623+00:00'
[2024-05-17T21:38:42.152+0000] {taskinstance.py:430} INFO - ::endgroup::
[2024-05-17T21:38:42.195+0000] {conn.py:362} INFO - <BrokerConnection node_id=bootstrap-0 host=kafka:9092 <connecting> [IPv4 ('172.24.0.6', 9092)]>: connecting to kafka:9092 [('172.24.0.6', 9092) IPv4]
[2024-05-17T21:38:42.196+0000] {conn.py:957} INFO - Probing node bootstrap-0 broker version
[2024-05-17T21:38:42.198+0000] {conn.py:393} INFO - <BrokerConnection node_id=bootstrap-0 host=kafka:9092 <connecting> [IPv4 ('172.24.0.6', 9092)]>: Connection complete.
[2024-05-17T21:38:42.351+0000] {conn.py:1019} INFO - Broker version identified as 2.6.0
[2024-05-17T21:38:42.355+0000] {conn.py:1020} INFO - Set configuration api_version=(2, 6, 0) to skip auto check_version requests on startup
[2024-05-17T21:38:43.133+0000] {logging_mixin.py:188} INFO - Connecting to Scraping Browser...
[2024-05-17T21:38:44.465+0000] {logging_mixin.py:188} INFO - Connected! Navigating to https://www.redfin.com...
[2024-05-17T21:38:50.391+0000] {logging_mixin.py:188} INFO - Searching...
[2024-05-17T21:38:53.701+0000] {logging_mixin.py:188} INFO - --------
[2024-05-17T21:38:53.706+0000] {logging_mixin.py:188} INFO - 1
[2024-05-17T21:38:53.708+0000] {logging_mixin.py:188} INFO - Navigating to Listing page: https://www.redfin.com/CA/San-Francisco/1458-Hudson-Ave-94124/home/748039
[2024-05-17T21:39:17.632+0000] {logging_mixin.py:188} INFO - Extracting Pictures
[2024-05-17T21:39:20.822+0000] {logging_mixin.py:188} INFO - Extracting Key Details
[2024-05-17T21:39:23.109+0000] {logging_mixin.py:188} INFO - Extracting Listing Agent Details
[2024-05-17T21:39:23.735+0000] {logging_mixin.py:188} INFO - Extracting Redfin Agent Details
[2024-05-17T21:39:24.212+0000] {logging_mixin.py:188} INFO - Extracting Property Details
[2024-05-17T21:39:25.983+0000] {logging_mixin.py:188} INFO - {
  "address": "1458 Hudson Ave San Francisco CA 94124",
  "price": "1467000",
  "beds": "3",
  "baths": "2",
  "link": "https://www.redfin.com/CA/San-Francisco/1458-Hudson-Ave-94124/home/748039",
  "photos": [
    "https://ssl.cdn-redfin.com/system_files/media/919744_JPG/item_10.jpg",
    "https://ssl.cdn-redfin.com/system_files/media/919744_JPG/genLdpUgcMediaBrowserUrl/item_1.jpg",
    "https://my.matterport.com/api/v2/player/models/FY2mXyHjhmb/thumb",
    "https://ssl.cdn-redfin.com/system_files/media/919744_JPG/genLdpUgcMediaBrowserUrl/item_11.jpg",
    "https://ssl.cdn-redfin.com/system_files/media/919744_JPG/genLdpUgcMediaBrowserUrl/item_8.jpg",
    "https://ssl.cdn-redfin.com/system_files/media/919744_JPG/item_2.jpg",
    "https://ssl.cdn-redfin.com/system_files/media/919744_JPG/item_5.jpg",
    "https://ssl.cdn-redfin.com/system_files/media/919744_JPG/genLdpUgcMediaBrowserUrl/item_9.jpg",
    "https://ssl.cdn-redfin.com/system_files/media/919744_JPG/genLdpUgcMediaBrowserUrl/item_7.jpg",
    "https://ssl.cdn-redfin.com/system_files/media/919744_JPG/item_4.jpg",
    "https://ssl.cdn-redfin.com/system_files/media/919744_JPG/item_15.jpg",
    "https://ssl.cdn-redfin.com/system_files/media/919744_JPG/item_16.jpg",
    "https://ssl.cdn-redfin.com/system_files/media/919744_JPG/item_28.jpg",
    "https://ssl.cdn-redfin.com/system_files/media/919744_JPG/item_32.jpg",
    "https://ssl.cdn-redfin.com/system_files/media/919744_JPG/item_29.jpg",
    "https://ssl.cdn-redfin.com/system_files/media/919744_JPG/item_48.jpg",
    "https://ssl.cdn-redfin.com/system_files/media/919744_JPG/item_51.jpg",
    "https://ssl.cdn-redfin.com/system_files/media/919744_JPG/item_58.jpg",
    "https://ssl.cdn-redfin.com/system_files/media/919744_JPG/item_63.jpg"
  ],
  "hoa_fee": "",
  "buyers_agent_fee": "2",
  "listing_agent_name": "Michael Sommers",
  "listing_agent_contact": "",
  "redfin_agent_name": "Michael Sommers",
  "finished_sqft": "",
  "unfinished_sqft": "",
  "total_sqft": "1162",
  "stories": "1",
  "style": "Single Family Residential",
  "year_built": "1941",
  "year_renovated": "",
  "county": "San Francisco County",
  "APN": "5255009"
}
[2024-05-17T21:39:25.990+0000] {logging_mixin.py:188} INFO - Sending Data to Kafka
[2024-05-17T21:39:26.062+0000] {conn.py:362} INFO - <BrokerConnection node_id=1 host=kafka:9092 <connecting> [IPv4 ('172.24.0.6', 9092)]>: connecting to kafka:9092 [('172.24.0.6', 9092) IPv4]
[2024-05-17T21:39:26.065+0000] {conn.py:393} INFO - <BrokerConnection node_id=1 host=kafka:9092 <connecting> [IPv4 ('172.24.0.6', 9092)]>: Connection complete.
[2024-05-17T21:39:26.066+0000] {conn.py:673} INFO - <BrokerConnection node_id=bootstrap-0 host=kafka:9092 <connected> [IPv4 ('172.24.0.6', 9092)]>: Closing connection. 
[2024-05-17T21:39:26.755+0000] {logging_mixin.py:188} INFO - --------
[2024-05-17T21:39:26.759+0000] {logging_mixin.py:188} INFO - 2
[2024-05-17T21:39:26.770+0000] {logging_mixin.py:188} INFO - Navigating to Listing page: https://www.redfin.com/CA/San-Francisco/492-Bartlett-St-94110/home/1843033
[2024-05-17T21:39:40.676+0000] {logging_mixin.py:188} INFO - Extracting Pictures
[2024-05-17T21:39:43.402+0000] {logging_mixin.py:188} INFO - Extracting Key Details
[2024-05-17T21:39:44.420+0000] {logging_mixin.py:188} INFO - Extracting Listing Agent Details
[2024-05-17T21:39:45.908+0000] {logging_mixin.py:188} INFO - Extracting Redfin Agent Details
[2024-05-17T21:39:46.760+0000] {logging_mixin.py:188} INFO - Extracting Property Details
[2024-05-17T21:39:48.344+0000] {logging_mixin.py:188} INFO - {
  "address": "492 Bartlett St San Francisco CA 94110",
  "price": "1369900",
  "beds": "0",
  "baths": "\u2014",
  "link": "https://www.redfin.com/CA/San-Francisco/492-Bartlett-St-94110/home/1843033",
  "photos": [
    "https://ssl.cdn-redfin.com/photo/9/bigphoto/154/424034154_0.jpg",
    "https://ssl.cdn-redfin.com/photo/9/mbpaddedwide/154/genMid.424034154_1_0.jpg",
    "https://ssl.cdn-redfin.com/photo/9/mbpaddedwide/154/genMid.424034154_4_0.jpg",
    "https://ssl.cdn-redfin.com/photo/9/mbpaddedwide/154/genMid.424034154_3_0.jpg",
    "https://ssl.cdn-redfin.com/photo/9/mbpaddedwide/154/genMid.424034154_4_0.jpg",
    "https://ssl.cdn-redfin.com/photo/9/bigphoto/154/424034154_2_0.jpg",
    "https://ssl.cdn-redfin.com/photo/9/bigphoto/154/424034154_5_0.jpg",
    "https://ssl.cdn-redfin.com/photo/9/mbpaddedwide/154/genMid.424034154_6_0.jpg",
    "https://ssl.cdn-redfin.com/photo/9/mbpaddedwide/154/genMid.424034154_7_0.jpg",
    "https://ssl.cdn-redfin.com/photo/9/bigphoto/154/424034154_8_0.jpg",
    "https://ssl.cdn-redfin.com/photo/9/bigphoto/154/424034154_14_0.jpg",
    "https://ssl.cdn-redfin.com/photo/9/bigphoto/154/424034154_20_0.jpg",
    "https://ssl.cdn-redfin.com/photo/9/bigphoto/154/424034154_26_0.jpg"
  ],
  "hoa_fee": "",
  "buyers_agent_fee": "",
  "listing_agent_name": "Anh Pham",
  "listing_agent_contact": "",
  "redfin_agent_name": "Anthony Torres",
  "finished_sqft": "",
  "unfinished_sqft": "",
  "total_sqft": "2552",
  "stories": "2",
  "style": "Multi-Family (2-4 Unit)",
  "year_built": "1900",
  "year_renovated": "",
  "county": "San Francisco County",
  "APN": "6530011"
}
[2024-05-17T21:39:48.348+0000] {logging_mixin.py:188} INFO - Sending Data to Kafka
[2024-05-17T21:39:48.436+0000] {logging_mixin.py:188} INFO - --------
[2024-05-17T21:39:48.438+0000] {logging_mixin.py:188} INFO - 3
[2024-05-17T21:39:48.440+0000] {logging_mixin.py:188} INFO - Navigating to Listing page: https://www.redfin.com/CA/San-Francisco/403-Main-St-94105/unit-409N/home/1950222
[2024-05-17T21:40:11.433+0000] {local_task_job_runner.py:310} WARNING - State of this instance has been externally set to failed. Terminating instance.
[2024-05-17T21:40:11.455+0000] {local_task_job_runner.py:222} INFO - ::endgroup::
[2024-05-17T21:40:11.471+0000] {process_utils.py:132} INFO - Sending 15 to group 12056. PIDs of all processes in the group: [12066, 12056]
[2024-05-17T21:40:11.472+0000] {process_utils.py:87} INFO - Sending the signal 15 to group 12056
[2024-05-17T21:40:11.474+0000] {taskinstance.py:2611} ERROR - Received SIGTERM. Terminating subprocesses.
[2024-05-17T21:40:11.992+0000] {process_utils.py:80} INFO - Process psutil.Process(pid=12066, status='terminated', started='21:38:41') (12066) terminated with exit code None
[2024-05-17T21:41:11.594+0000] {process_utils.py:150} WARNING - process psutil.Process(pid=12056, name='airflow task ru', status='sleeping', started='21:38:40') did not respond to SIGTERM. Trying SIGKILL
[2024-05-17T21:41:12.049+0000] {process_utils.py:87} INFO - Sending the signal 9 to group 12056
[2024-05-17T21:41:12.236+0000] {process_utils.py:80} INFO - Process psutil.Process(pid=12056, name='airflow task ru', status='terminated', exitcode=<Negsignal.SIGKILL: -9>, started='21:38:40') (12056) terminated with exit code -9
[2024-05-17T21:41:12.250+0000] {standard_task_runner.py:178} ERROR - Job 248 was killed before it finished (likely due to running out of memory)
