[2024-05-18T22:54:36.017+0000] {local_task_job_runner.py:120} INFO - ::group::Pre task execution logs
[2024-05-18T22:54:36.049+0000] {taskinstance.py:2076} INFO - Dependencies all met for dep_context=non-requeueable deps ti=<TaskInstance: Webscrape.Ingest_Data manual__2024-05-18T22:51:02.773929+00:00 [queued]>
[2024-05-18T22:54:36.057+0000] {taskinstance.py:2076} INFO - Dependencies all met for dep_context=requeueable deps ti=<TaskInstance: Webscrape.Ingest_Data manual__2024-05-18T22:51:02.773929+00:00 [queued]>
[2024-05-18T22:54:36.057+0000] {taskinstance.py:2306} INFO - Starting attempt 2 of 6
[2024-05-18T22:54:36.072+0000] {taskinstance.py:2330} INFO - Executing <Task(PythonOperator): Ingest_Data> on 2024-05-18 22:51:02.773929+00:00
[2024-05-18T22:54:36.082+0000] {standard_task_runner.py:63} INFO - Started process 173 to run task
[2024-05-18T22:54:36.108+0000] {standard_task_runner.py:90} INFO - Running: ['***', 'tasks', 'run', 'Webscrape', 'Ingest_Data', 'manual__2024-05-18T22:51:02.773929+00:00', '--job-id', '306', '--raw', '--subdir', 'DAGS_FOLDER/webscrapping.py', '--cfg-path', '/tmp/tmpy8zff86w']
[2024-05-18T22:54:36.140+0000] {standard_task_runner.py:91} INFO - Job 306: Subtask Ingest_Data
[2024-05-18T22:54:36.239+0000] {task_command.py:426} INFO - Running <TaskInstance: Webscrape.Ingest_Data manual__2024-05-18T22:51:02.773929+00:00 [running]> on host 39ad67dc5a69
[2024-05-18T22:54:36.365+0000] {taskinstance.py:2648} INFO - Exporting env vars: AIRFLOW_CTX_DAG_OWNER='svc' AIRFLOW_CTX_DAG_ID='Webscrape' AIRFLOW_CTX_TASK_ID='Ingest_Data' AIRFLOW_CTX_EXECUTION_DATE='2024-05-18T22:51:02.773929+00:00' AIRFLOW_CTX_TRY_NUMBER='2' AIRFLOW_CTX_DAG_RUN_ID='manual__2024-05-18T22:51:02.773929+00:00'
[2024-05-18T22:54:36.366+0000] {taskinstance.py:430} INFO - ::endgroup::
[2024-05-18T22:54:36.388+0000] {conn.py:362} INFO - <BrokerConnection node_id=bootstrap-0 host=kafka:9092 <connecting> [IPv4 ('172.28.0.5', 9092)]>: connecting to kafka:9092 [('172.28.0.5', 9092) IPv4]
[2024-05-18T22:54:36.389+0000] {conn.py:957} INFO - Probing node bootstrap-0 broker version
[2024-05-18T22:54:36.390+0000] {conn.py:393} INFO - <BrokerConnection node_id=bootstrap-0 host=kafka:9092 <connecting> [IPv4 ('172.28.0.5', 9092)]>: Connection complete.
[2024-05-18T22:54:36.508+0000] {conn.py:1019} INFO - Broker version identified as 2.6.0
[2024-05-18T22:54:36.509+0000] {conn.py:1020} INFO - Set configuration api_version=(2, 6, 0) to skip auto check_version requests on startup
[2024-05-18T22:54:37.223+0000] {logging_mixin.py:188} INFO - Connecting to Scraping Browser
[2024-05-18T22:54:39.286+0000] {logging_mixin.py:188} INFO - Connected! Navigating to https://www.redfin.com
[2024-05-18T22:54:47.945+0000] {logging_mixin.py:188} INFO - Searching...
[2024-05-18T22:54:53.314+0000] {local_task_job_runner.py:124} ERROR - Received SIGTERM. Terminating subprocesses
[2024-05-18T22:54:53.733+0000] {process_utils.py:132} INFO - Sending 15 to group 173. PIDs of all processes in the group: [180, 173]
[2024-05-18T22:54:53.829+0000] {process_utils.py:87} INFO - Sending the signal 15 to group 173
[2024-05-18T22:54:54.028+0000] {taskinstance.py:2611} ERROR - Received SIGTERM. Terminating subprocesses.
[2024-05-18T22:54:54.170+0000] {process_utils.py:80} INFO - Process psutil.Process(pid=180, status='terminated', started='22:54:35') (180) terminated with exit code None
