[2024-05-18T22:59:57.124+0000] {local_task_job_runner.py:120} INFO - ::group::Pre task execution logs
[2024-05-18T22:59:57.230+0000] {taskinstance.py:2076} INFO - Dependencies all met for dep_context=non-requeueable deps ti=<TaskInstance: Webscrape.Ingest_Data manual__2024-05-18T22:51:02.773929+00:00 [queued]>
[2024-05-18T22:59:57.242+0000] {taskinstance.py:2076} INFO - Dependencies all met for dep_context=requeueable deps ti=<TaskInstance: Webscrape.Ingest_Data manual__2024-05-18T22:51:02.773929+00:00 [queued]>
[2024-05-18T22:59:57.244+0000] {taskinstance.py:2306} INFO - Starting attempt 4 of 6
[2024-05-18T22:59:57.292+0000] {taskinstance.py:2330} INFO - Executing <Task(PythonOperator): Ingest_Data> on 2024-05-18 22:51:02.773929+00:00
[2024-05-18T22:59:57.357+0000] {standard_task_runner.py:63} INFO - Started process 172 to run task
[2024-05-18T22:59:57.373+0000] {standard_task_runner.py:90} INFO - Running: ['***', 'tasks', 'run', 'Webscrape', 'Ingest_Data', 'manual__2024-05-18T22:51:02.773929+00:00', '--job-id', '314', '--raw', '--subdir', 'DAGS_FOLDER/webscrapping.py', '--cfg-path', '/tmp/tmpwbudzdi8']
[2024-05-18T22:59:57.389+0000] {standard_task_runner.py:91} INFO - Job 314: Subtask Ingest_Data
[2024-05-18T22:59:57.603+0000] {task_command.py:426} INFO - Running <TaskInstance: Webscrape.Ingest_Data manual__2024-05-18T22:51:02.773929+00:00 [running]> on host 5bab4fb132fb
[2024-05-18T22:59:57.848+0000] {taskinstance.py:2648} INFO - Exporting env vars: AIRFLOW_CTX_DAG_OWNER='svc' AIRFLOW_CTX_DAG_ID='Webscrape' AIRFLOW_CTX_TASK_ID='Ingest_Data' AIRFLOW_CTX_EXECUTION_DATE='2024-05-18T22:51:02.773929+00:00' AIRFLOW_CTX_TRY_NUMBER='4' AIRFLOW_CTX_DAG_RUN_ID='manual__2024-05-18T22:51:02.773929+00:00'
[2024-05-18T22:59:57.850+0000] {taskinstance.py:430} INFO - ::endgroup::
[2024-05-18T22:59:57.918+0000] {conn.py:362} INFO - <BrokerConnection node_id=bootstrap-0 host=kafka:9092 <connecting> [IPv4 ('172.31.0.5', 9092)]>: connecting to kafka:9092 [('172.31.0.5', 9092) IPv4]
[2024-05-18T22:59:57.922+0000] {conn.py:957} INFO - Probing node bootstrap-0 broker version
[2024-05-18T22:59:57.944+0000] {conn.py:393} INFO - <BrokerConnection node_id=bootstrap-0 host=kafka:9092 <connecting> [IPv4 ('172.31.0.5', 9092)]>: Connection complete.
[2024-05-18T22:59:58.058+0000] {conn.py:1019} INFO - Broker version identified as 2.6.0
[2024-05-18T22:59:58.059+0000] {conn.py:1020} INFO - Set configuration api_version=(2, 6, 0) to skip auto check_version requests on startup
[2024-05-18T22:59:59.387+0000] {logging_mixin.py:188} INFO - Connecting to Scraping Browser
[2024-05-18T23:00:02.297+0000] {logging_mixin.py:188} INFO - Connected! Navigating to https://www.redfin.com
[2024-05-18T23:00:25.384+0000] {logging_mixin.py:188} INFO - Searching...
[2024-05-18T23:00:30.332+0000] {logging_mixin.py:188} INFO - --------
[2024-05-18T23:00:30.335+0000] {logging_mixin.py:188} INFO - 1
[2024-05-18T23:00:30.338+0000] {logging_mixin.py:188} INFO - Navigating to Listing page: https://www.redfin.com/NC/Charlotte/17113-Soho-Dr-28204/home/170607944
[2024-05-18T23:00:56.260+0000] {logging_mixin.py:188} INFO - Extracting Pictures
[2024-05-18T23:00:59.602+0000] {logging_mixin.py:188} INFO - Extracting Key Details
[2024-05-18T23:01:00.771+0000] {logging_mixin.py:188} INFO - Extracting Listing Agent Details
[2024-05-18T23:01:01.507+0000] {logging_mixin.py:188} INFO - Extracting Redfin Agent Details
[2024-05-18T23:01:02.005+0000] {logging_mixin.py:188} INFO - Extracting Property Details
[2024-05-18T23:01:03.644+0000] {logging_mixin.py:188} INFO - {
  "address": "17113 Soho Dr Charlotte NC 28204",
  "price": "760000",
  "beds": "3",
  "baths": "4.5",
  "link": "https://www.redfin.com/NC/Charlotte/17113-Soho-Dr-28204/home/170607944",
  "photos": [
    "https://ssl.cdn-redfin.com/system_files/media/922567_JPG/item_9.jpg",
    "https://ssl.cdn-redfin.com/system_files/media/922567_JPG/genLdpUgcMediaBrowserUrl/item_11.jpg",
    "https://my.matterport.com/api/v2/player/models/ED3A7ghRwH6/thumb",
    "https://ssl.cdn-redfin.com/system_files/media/922567_JPG/genLdpUgcMediaBrowserUrl/item_13.jpg",
    "https://ssl.cdn-redfin.com/system_files/media/922567_JPG/genLdpUgcMediaBrowserUrl/item_14.jpg",
    "https://ssl.cdn-redfin.com/system_files/media/922567_JPG/item_12.jpg",
    "https://ssl.cdn-redfin.com/system_files/media/922567_JPG/item_18.jpg",
    "https://ssl.cdn-redfin.com/system_files/media/922567_JPG/item_24.jpg",
    "https://ssl.cdn-redfin.com/system_files/media/922567_JPG/item_30.jpg",
    "https://ssl.cdn-redfin.com/system_files/media/922567_JPG/item_36.jpg",
    "https://ssl.cdn-redfin.com/system_files/media/922567_JPG/item_43.jpg",
    "https://ssl.cdn-redfin.com/system_files/media/922567_JPG/item_51.jpg"
  ],
  "hoa_fee": "236",
  "buyers_agent_fee": "2.5",
  "listing_agent_name": "Jon Bartholomew",
  "listing_agent_contact": "jonathan.bartholomew@redfin.com",
  "redfin_agent_name": "Stephen Passarelli",
  "finished_sqft": "",
  "unfinished_sqft": "",
  "total_sqft": "",
  "stories": "4",
  "style": "Townhouse",
  "year_built": "2020",
  "year_renovated": "",
  "county": "Mecklenburg County",
  "APN": "08111612"
}
[2024-05-18T23:01:03.645+0000] {logging_mixin.py:188} INFO - Sending Data to Kafka
[2024-05-18T23:01:03.711+0000] {conn.py:362} INFO - <BrokerConnection node_id=1 host=kafka:9092 <connecting> [IPv4 ('172.31.0.5', 9092)]>: connecting to kafka:9092 [('172.31.0.5', 9092) IPv4]
[2024-05-18T23:01:03.715+0000] {conn.py:393} INFO - <BrokerConnection node_id=1 host=kafka:9092 <connecting> [IPv4 ('172.31.0.5', 9092)]>: Connection complete.
[2024-05-18T23:01:03.716+0000] {conn.py:673} INFO - <BrokerConnection node_id=bootstrap-0 host=kafka:9092 <connected> [IPv4 ('172.31.0.5', 9092)]>: Closing connection. 
[2024-05-18T23:01:04.122+0000] {logging_mixin.py:188} INFO - --------
[2024-05-18T23:01:04.123+0000] {logging_mixin.py:188} INFO - 2
[2024-05-18T23:01:04.124+0000] {logging_mixin.py:188} INFO - Navigating to Listing page: https://www.redfin.com/NC/Charlotte/3200-Dunaire-Dr-28205/home/43938459
[2024-05-18T23:01:21.346+0000] {logging_mixin.py:188} INFO - Extracting Pictures
[2024-05-18T23:01:27.439+0000] {logging_mixin.py:188} INFO - Extracting Key Details
[2024-05-18T23:01:29.365+0000] {logging_mixin.py:188} INFO - Extracting Listing Agent Details
[2024-05-18T23:01:30.103+0000] {logging_mixin.py:188} INFO - Extracting Redfin Agent Details
[2024-05-18T23:01:30.649+0000] {logging_mixin.py:188} INFO - Extracting Property Details
[2024-05-18T23:01:32.382+0000] {logging_mixin.py:188} INFO - {
  "address": "3200 Dunaire Dr Charlotte NC 28205",
  "price": "475000",
  "beds": "3",
  "baths": "2",
  "link": "https://www.redfin.com/NC/Charlotte/3200-Dunaire-Dr-28205/home/43938459",
  "photos": [
    "https://ssl.cdn-redfin.com/system_files/media/919050_JPG/item_1.jpg",
    "https://ssl.cdn-redfin.com/system_files/media/919050_JPG/genLdpUgcMediaBrowserUrl/item_2.jpg",
    "https://my.matterport.com/api/v2/player/models/EL5PrvVRLoz/thumb",
    "https://ssl.cdn-redfin.com/system_files/media/919050_JPG/genLdpUgcMediaBrowserUrl/item_4.jpg",
    "https://ssl.cdn-redfin.com/system_files/media/919050_JPG/genLdpUgcMediaBrowserUrl/item_5.jpg",
    "https://ssl.cdn-redfin.com/system_files/media/919050_JPG/item_3.jpg",
    "https://ssl.cdn-redfin.com/system_files/media/919050_JPG/item_11.jpg",
    "https://ssl.cdn-redfin.com/system_files/media/919050_JPG/item_15.jpg",
    "https://ssl.cdn-redfin.com/system_files/media/919050_JPG/item_21.jpg",
    "https://ssl.cdn-redfin.com/system_files/media/919050_JPG/item_27.jpg",
    "https://ssl.cdn-redfin.com/system_files/media/919050_JPG/item_33.jpg",
    "https://ssl.cdn-redfin.com/system_files/media/919050_JPG/item_39.jpg",
    "https://ssl.cdn-redfin.com/system_files/media/919050_JPG/item_45.jpg"
  ],
  "hoa_fee": "",
  "buyers_agent_fee": "2",
  "listing_agent_name": "Lilliah Moseley",
  "listing_agent_contact": "lilliah.moseley@redfin.com",
  "redfin_agent_name": "Stephen Passarelli",
  "finished_sqft": "1442",
  "unfinished_sqft": "",
  "total_sqft": "1442",
  "stories": "1",
  "style": "Single Family Residential",
  "year_built": "1959",
  "year_renovated": "1970",
  "county": "Mecklenburg County",
  "APN": "10112504"
}
[2024-05-18T23:01:32.383+0000] {logging_mixin.py:188} INFO - Sending Data to Kafka
[2024-05-18T23:01:32.489+0000] {logging_mixin.py:188} INFO - --------
[2024-05-18T23:01:32.489+0000] {logging_mixin.py:188} INFO - 3
[2024-05-18T23:01:32.491+0000] {logging_mixin.py:188} INFO - Navigating to Listing page: https://www.redfin.com/NC/Charlotte/2739-Grand-Union-Way-28209/home/148598761
[2024-05-18T23:01:53.334+0000] {logging_mixin.py:188} INFO - Extracting Pictures
[2024-05-18T23:01:55.791+0000] {logging_mixin.py:188} INFO - Extracting Key Details
[2024-05-18T23:01:56.607+0000] {logging_mixin.py:188} INFO - Extracting Listing Agent Details
[2024-05-18T23:01:57.229+0000] {logging_mixin.py:188} INFO - Extracting Redfin Agent Details
[2024-05-18T23:01:57.731+0000] {logging_mixin.py:188} INFO - Traceback (most recent call last):
  File "/opt/***/dags/includes/main.py", line 162, in run
    listing.update(extract_redfin_agent_details(redfin_agent_soup))
                   ^^^^^^^^^^^^^^^^^^^^^^^^^^^^^^^^^^^^^^^^^^^^^^^
  File "/opt/***/dags/includes/main.py", line 73, in extract_redfin_agent_details
    json_data = json.loads(result or "")
                ^^^^^^^^^^^^^^^^^^^^^^^^
  File "/usr/local/lib/python3.11/json/__init__.py", line 346, in loads
    return _default_decoder.decode(s)
           ^^^^^^^^^^^^^^^^^^^^^^^^^^
  File "/usr/local/lib/python3.11/json/decoder.py", line 337, in decode
    obj, end = self.raw_decode(s, idx=_w(s, 0).end())
               ^^^^^^^^^^^^^^^^^^^^^^^^^^^^^^^^^^^^^^
  File "/usr/local/lib/python3.11/json/decoder.py", line 355, in raw_decode
    raise JSONDecodeError("Expecting value", s, err.value) from None
json.decoder.JSONDecodeError: Expecting value: line 1 column 1 (char 0)
[2024-05-18T23:01:57.966+0000] {python.py:237} INFO - Done. Returned value was: None
[2024-05-18T23:01:57.969+0000] {taskinstance.py:441} INFO - ::group::Post task execution logs
[2024-05-18T23:01:58.031+0000] {taskinstance.py:1206} INFO - Marking task as SUCCESS. dag_id=Webscrape, task_id=Ingest_Data, run_id=manual__2024-05-18T22:51:02.773929+00:00, execution_date=20240518T225102, start_date=20240518T225957, end_date=20240518T230158
[2024-05-18T23:01:58.094+0000] {local_task_job_runner.py:240} INFO - Task exited with return code 0
[2024-05-18T23:01:58.136+0000] {taskinstance.py:3498} INFO - 0 downstream tasks scheduled from follow-on schedule check
[2024-05-18T23:01:58.137+0000] {local_task_job_runner.py:222} INFO - ::endgroup::
