[2024-05-18T22:57:24.933+0000] {local_task_job_runner.py:120} INFO - ::group::Pre task execution logs
[2024-05-18T22:57:24.957+0000] {taskinstance.py:2076} INFO - Dependencies all met for dep_context=non-requeueable deps ti=<TaskInstance: Webscrape.Ingest_Data manual__2024-05-18T22:51:02.773929+00:00 [queued]>
[2024-05-18T22:57:24.966+0000] {taskinstance.py:2076} INFO - Dependencies all met for dep_context=requeueable deps ti=<TaskInstance: Webscrape.Ingest_Data manual__2024-05-18T22:51:02.773929+00:00 [queued]>
[2024-05-18T22:57:24.966+0000] {taskinstance.py:2306} INFO - Starting attempt 3 of 6
[2024-05-18T22:57:24.976+0000] {taskinstance.py:2330} INFO - Executing <Task(PythonOperator): Ingest_Data> on 2024-05-18 22:51:02.773929+00:00
[2024-05-18T22:57:25.004+0000] {standard_task_runner.py:63} INFO - Started process 171 to run task
[2024-05-18T22:57:25.032+0000] {standard_task_runner.py:90} INFO - Running: ['***', 'tasks', 'run', 'Webscrape', 'Ingest_Data', 'manual__2024-05-18T22:51:02.773929+00:00', '--job-id', '310', '--raw', '--subdir', 'DAGS_FOLDER/webscrapping.py', '--cfg-path', '/tmp/tmp8w48awns']
[2024-05-18T22:57:25.045+0000] {standard_task_runner.py:91} INFO - Job 310: Subtask Ingest_Data
[2024-05-18T22:57:25.319+0000] {task_command.py:426} INFO - Running <TaskInstance: Webscrape.Ingest_Data manual__2024-05-18T22:51:02.773929+00:00 [running]> on host fdbd6134e8e0
[2024-05-18T22:57:25.620+0000] {taskinstance.py:2648} INFO - Exporting env vars: AIRFLOW_CTX_DAG_OWNER='svc' AIRFLOW_CTX_DAG_ID='Webscrape' AIRFLOW_CTX_TASK_ID='Ingest_Data' AIRFLOW_CTX_EXECUTION_DATE='2024-05-18T22:51:02.773929+00:00' AIRFLOW_CTX_TRY_NUMBER='3' AIRFLOW_CTX_DAG_RUN_ID='manual__2024-05-18T22:51:02.773929+00:00'
[2024-05-18T22:57:25.624+0000] {taskinstance.py:430} INFO - ::endgroup::
[2024-05-18T22:57:25.694+0000] {conn.py:362} INFO - <BrokerConnection node_id=bootstrap-0 host=kafka:9092 <connecting> [IPv4 ('172.30.0.5', 9092)]>: connecting to kafka:9092 [('172.30.0.5', 9092) IPv4]
[2024-05-18T22:57:25.696+0000] {conn.py:957} INFO - Probing node bootstrap-0 broker version
[2024-05-18T22:57:25.700+0000] {conn.py:393} INFO - <BrokerConnection node_id=bootstrap-0 host=kafka:9092 <connecting> [IPv4 ('172.30.0.5', 9092)]>: Connection complete.
[2024-05-18T22:57:25.810+0000] {conn.py:1019} INFO - Broker version identified as 2.6.0
[2024-05-18T22:57:25.812+0000] {conn.py:1020} INFO - Set configuration api_version=(2, 6, 0) to skip auto check_version requests on startup
[2024-05-18T22:57:26.779+0000] {logging_mixin.py:188} INFO - Connecting to Scraping Browser
[2024-05-18T22:57:29.257+0000] {logging_mixin.py:188} INFO - Connected! Navigating to https://www.redfin.com
[2024-05-18T22:57:40.232+0000] {logging_mixin.py:188} INFO - Searching...
[2024-05-18T22:57:46.420+0000] {logging_mixin.py:188} INFO - --------
[2024-05-18T22:57:46.422+0000] {logging_mixin.py:188} INFO - 1
[2024-05-18T22:57:46.423+0000] {logging_mixin.py:188} INFO - Navigating to Listing page: https://www.redfin.com/NC/Charlotte/17113-Soho-Dr-28204/home/170607944
[2024-05-18T22:57:50.537+0000] {local_task_job_runner.py:124} ERROR - Received SIGTERM. Terminating subprocesses
[2024-05-18T22:57:50.816+0000] {process_utils.py:132} INFO - Sending 15 to group 171. PIDs of all processes in the group: [179, 171]
[2024-05-18T22:57:50.877+0000] {process_utils.py:87} INFO - Sending the signal 15 to group 171
[2024-05-18T22:57:50.883+0000] {taskinstance.py:2611} ERROR - Received SIGTERM. Terminating subprocesses.
[2024-05-18T22:57:51.401+0000] {process_utils.py:80} INFO - Process psutil.Process(pid=179, status='terminated', started='22:57:25') (179) terminated with exit code None
[2024-05-18T22:57:56.397+0000] {conn.py:673} ERROR - <BrokerConnection node_id=bootstrap-0 host=kafka:9092 <connected> [IPv4 ('172.30.0.5', 9092)]>: Closing connection. KafkaConnectionError: Socket EVENT_READ without in-flight-requests
