[2024-05-14T17:59:22.155+0000] {local_task_job_runner.py:120} INFO - ::group::Pre task execution logs
[2024-05-14T17:59:22.196+0000] {taskinstance.py:2076} INFO - Dependencies all met for dep_context=non-requeueable deps ti=<TaskInstance: Webscrape.Ingest_Data manual__2024-05-14T17:59:19.217649+00:00 [queued]>
[2024-05-14T17:59:22.203+0000] {taskinstance.py:2076} INFO - Dependencies all met for dep_context=requeueable deps ti=<TaskInstance: Webscrape.Ingest_Data manual__2024-05-14T17:59:19.217649+00:00 [queued]>
[2024-05-14T17:59:22.203+0000] {taskinstance.py:2306} INFO - Starting attempt 1 of 6
[2024-05-14T17:59:22.212+0000] {taskinstance.py:2330} INFO - Executing <Task(PythonOperator): Ingest_Data> on 2024-05-14 17:59:19.217649+00:00
[2024-05-14T17:59:22.240+0000] {logging_mixin.py:188} WARNING - /home/***/.local/lib/python3.12/site-packages/***/task/task_runner/standard_task_runner.py:61 DeprecationWarning: This process (pid=446) is multi-threaded, use of fork() may lead to deadlocks in the child.
[2024-05-14T17:59:22.251+0000] {standard_task_runner.py:63} INFO - Started process 448 to run task
[2024-05-14T17:59:22.240+0000] {standard_task_runner.py:90} INFO - Running: ['***', 'tasks', 'run', 'Webscrape', 'Ingest_Data', 'manual__2024-05-14T17:59:19.217649+00:00', '--job-id', '83', '--raw', '--subdir', 'DAGS_FOLDER/webscrapping.py', '--cfg-path', '/tmp/tmparomkq2i']
[2024-05-14T17:59:22.260+0000] {standard_task_runner.py:91} INFO - Job 83: Subtask Ingest_Data
[2024-05-14T17:59:22.362+0000] {task_command.py:426} INFO - Running <TaskInstance: Webscrape.Ingest_Data manual__2024-05-14T17:59:19.217649+00:00 [running]> on host 4ac0c9fa8b6a
[2024-05-14T17:59:22.637+0000] {taskinstance.py:2648} INFO - Exporting env vars: AIRFLOW_CTX_DAG_OWNER='svc' AIRFLOW_CTX_DAG_ID='Webscrape' AIRFLOW_CTX_TASK_ID='Ingest_Data' AIRFLOW_CTX_EXECUTION_DATE='2024-05-14T17:59:19.217649+00:00' AIRFLOW_CTX_TRY_NUMBER='1' AIRFLOW_CTX_DAG_RUN_ID='manual__2024-05-14T17:59:19.217649+00:00'
[2024-05-14T17:59:22.640+0000] {taskinstance.py:430} INFO - ::endgroup::
[2024-05-14T17:59:22.692+0000] {conn.py:362} INFO - <BrokerConnection node_id=bootstrap-0 host=kafka:9092 <connecting> [IPv4 ('192.168.48.6', 9092)]>: connecting to kafka:9092 [('192.168.48.6', 9092) IPv4]
[2024-05-14T17:59:22.696+0000] {conn.py:957} INFO - Probing node bootstrap-0 broker version
[2024-05-14T17:59:22.701+0000] {conn.py:393} INFO - <BrokerConnection node_id=bootstrap-0 host=kafka:9092 <connecting> [IPv4 ('192.168.48.6', 9092)]>: Connection complete.
[2024-05-14T17:59:22.814+0000] {conn.py:1019} INFO - Broker version identified as 2.6.0
[2024-05-14T17:59:22.815+0000] {conn.py:1020} INFO - Set configuration api_version=(2, 6, 0) to skip auto check_version requests on startup
[2024-05-14T17:59:23.356+0000] {logging_mixin.py:188} INFO - Connecting to Scraping Browser...
[2024-05-14T17:59:26.071+0000] {logging_mixin.py:188} INFO - Connected! Navigating to https://www.redfin.com...
[2024-05-14T17:59:35.735+0000] {logging_mixin.py:188} INFO - Searching...
[2024-05-14T17:59:40.297+0000] {logging_mixin.py:188} INFO - --------
[2024-05-14T17:59:40.299+0000] {logging_mixin.py:188} INFO - 1
[2024-05-14T17:59:40.301+0000] {logging_mixin.py:188} INFO - Navigating to Listing page: https://www.redfin.com/NC/Charlotte/2739-Grand-Union-Way-28209/home/148598761
[2024-05-14T17:59:55.527+0000] {logging_mixin.py:188} INFO - Extracting Pictures
[2024-05-14T17:59:57.699+0000] {logging_mixin.py:188} INFO - Extracting Key Details
[2024-05-14T17:59:58.939+0000] {logging_mixin.py:188} INFO - Extracting Listing Agent Details
[2024-05-14T17:59:59.767+0000] {logging_mixin.py:188} INFO - Extracting Redfin Agent Details
[2024-05-14T18:00:00.350+0000] {logging_mixin.py:188} INFO - Extracting Property Details
[2024-05-14T18:00:02.442+0000] {logging_mixin.py:188} INFO - {
  "address": "2739 Grand Union Way Charlotte NC 28209",
  "price": "649900",
  "beds": "3",
  "baths": "3.5",
  "link": "https://www.redfin.com/NC/Charlotte/2739-Grand-Union-Way-28209/home/148598761",
  "photos": [
    "https://ssl.cdn-redfin.com/system_files/media/919615_JPG/item_22.jpg",
    "https://ssl.cdn-redfin.com/system_files/media/919615_JPG/genLdpUgcMediaBrowserUrl/item_38.jpg",
    "https://my.matterport.com/api/v2/player/models/cVZCU4kuhtR/thumb",
    "https://ssl.cdn-redfin.com/system_files/media/919615_JPG/genLdpUgcMediaBrowserUrl/item_30.jpg",
    "https://ssl.cdn-redfin.com/system_files/media/919615_JPG/genLdpUgcMediaBrowserUrl/item_45.jpg",
    "https://ssl.cdn-redfin.com/system_files/media/919615_JPG/item_46.jpg",
    "https://ssl.cdn-redfin.com/system_files/media/919615_JPG/item_33.jpg",
    "https://ssl.cdn-redfin.com/system_files/media/919615_JPG/genLdpUgcMediaBrowserUrl/item_35.jpg",
    "https://ssl.cdn-redfin.com/system_files/media/919615_JPG/genLdpUgcMediaBrowserUrl/item_36.jpg",
    "https://ssl.cdn-redfin.com/system_files/media/919615_JPG/item_1.jpg",
    "https://ssl.cdn-redfin.com/system_files/media/919615_JPG/item_5.jpg",
    "https://ssl.cdn-redfin.com/system_files/media/919615_JPG/item_10.jpg",
    "https://ssl.cdn-redfin.com/system_files/media/919615_JPG/item_18.jpg"
  ],
  "hoa_fee": "262",
  "buyers_agent_fee": "2",
  "listing_agent_name": "Jill Moyer",
  "listing_agent_contact": "jill.moyer@redfin.com",
  "redfin_agent_name": "Noah Goldberg",
  "finished_sqft": "",
  "unfinished_sqft": "",
  "total_sqft": "",
  "stories": "4",
  "style": "Townhouse",
  "year_built": "2019",
  "year_renovated": "",
  "county": "Mecklenburg County",
  "APN": "14901360"
}
[2024-05-14T18:00:02.445+0000] {logging_mixin.py:188} INFO - Sending Data to Kafka
[2024-05-14T18:00:02.504+0000] {conn.py:362} INFO - <BrokerConnection node_id=1 host=kafka:9092 <connecting> [IPv4 ('192.168.48.6', 9092)]>: connecting to kafka:9092 [('192.168.48.6', 9092) IPv4]
[2024-05-14T18:00:02.507+0000] {conn.py:393} INFO - <BrokerConnection node_id=1 host=kafka:9092 <connecting> [IPv4 ('192.168.48.6', 9092)]>: Connection complete.
[2024-05-14T18:00:02.510+0000] {conn.py:673} INFO - <BrokerConnection node_id=bootstrap-0 host=kafka:9092 <connected> [IPv4 ('192.168.48.6', 9092)]>: Closing connection. 
[2024-05-14T18:00:02.872+0000] {logging_mixin.py:188} INFO - --------
[2024-05-14T18:00:02.872+0000] {logging_mixin.py:188} INFO - 2
[2024-05-14T18:00:02.873+0000] {logging_mixin.py:188} INFO - Navigating to Listing page: https://www.redfin.com/NC/Charlotte/4117-Duplin-Dr-28214/home/185574517
[2024-05-14T18:01:42.149+0000] {logging_mixin.py:188} INFO - Extracting Pictures
[2024-05-14T18:01:44.299+0000] {logging_mixin.py:188} INFO - Extracting Key Details
[2024-05-14T18:01:45.535+0000] {logging_mixin.py:188} INFO - Extracting Listing Agent Details
[2024-05-14T18:01:46.491+0000] {logging_mixin.py:188} INFO - Extracting Redfin Agent Details
[2024-05-14T18:01:47.082+0000] {logging_mixin.py:188} INFO - Extracting Property Details
[2024-05-14T18:01:49.182+0000] {logging_mixin.py:188} INFO - {
  "address": "4117 Duplin Dr Charlotte NC 28214",
  "price": "475000",
  "beds": "3",
  "baths": "2",
  "link": "https://www.redfin.com/NC/Charlotte/4117-Duplin-Dr-28214/home/185574517",
  "photos": [
    "https://ssl.cdn-redfin.com/system_files/media/919625_JPG/item_26.jpg",
    "https://ssl.cdn-redfin.com/system_files/media/919625_JPG/genLdpUgcMediaBrowserUrl/item_10.jpg",
    "https://my.matterport.com/api/v2/player/models/QrMTxwVZ4jy/thumb",
    "https://ssl.cdn-redfin.com/system_files/media/919625_JPG/genLdpUgcMediaBrowserUrl/item_11.jpg",
    "https://ssl.cdn-redfin.com/system_files/media/919625_JPG/genLdpUgcMediaBrowserUrl/item_12.jpg",
    "https://ssl.cdn-redfin.com/system_files/media/919625_JPG/item_13.jpg",
    "https://ssl.cdn-redfin.com/system_files/media/919625_JPG/item_39.jpg",
    "https://ssl.cdn-redfin.com/system_files/media/919625_JPG/genLdpUgcMediaBrowserUrl/item_6.jpg",
    "https://ssl.cdn-redfin.com/system_files/media/919625_JPG/genLdpUgcMediaBrowserUrl/item_8.jpg",
    "https://ssl.cdn-redfin.com/system_files/media/919625_JPG/item_9.jpg",
    "https://ssl.cdn-redfin.com/system_files/media/919625_JPG/item_21.jpg",
    "https://ssl.cdn-redfin.com/system_files/media/919625_JPG/item_4.jpg",
    "https://ssl.cdn-redfin.com/system_files/media/919625_JPG/item_37.jpg"
  ],
  "hoa_fee": "113",
  "buyers_agent_fee": "2.5",
  "listing_agent_name": "Peter Dorninger",
  "listing_agent_contact": "peter.dorninger@redfin.com",
  "redfin_agent_name": "Karen Krotki",
  "finished_sqft": "",
  "unfinished_sqft": "",
  "total_sqft": "",
  "stories": "",
  "style": "Single Family Residential",
  "year_built": "",
  "year_renovated": "",
  "county": "Mecklenburg County",
  "APN": "11308417"
}
[2024-05-14T18:01:49.186+0000] {logging_mixin.py:188} INFO - Sending Data to Kafka
[2024-05-14T18:01:49.387+0000] {logging_mixin.py:188} INFO - --------
[2024-05-14T18:01:49.388+0000] {logging_mixin.py:188} INFO - 3
[2024-05-14T18:01:49.390+0000] {logging_mixin.py:188} INFO - Navigating to Listing page: https://www.redfin.com/NC/Charlotte/3200-Dunaire-Dr-28205/home/43938459
[2024-05-14T18:02:10.912+0000] {local_task_job_runner.py:310} WARNING - State of this instance has been externally set to failed. Terminating instance.
[2024-05-14T18:02:10.947+0000] {local_task_job_runner.py:222} INFO - ::endgroup::
[2024-05-14T18:02:10.958+0000] {process_utils.py:132} INFO - Sending 15 to group 448. PIDs of all processes in the group: [458, 448]
[2024-05-14T18:02:10.960+0000] {process_utils.py:87} INFO - Sending the signal 15 to group 448
[2024-05-14T18:02:10.962+0000] {taskinstance.py:2611} ERROR - Received SIGTERM. Terminating subprocesses.
[2024-05-14T18:02:11.476+0000] {process_utils.py:80} INFO - Process psutil.Process(pid=458, status='terminated', started='17:59:22') (458) terminated with exit code None
[2024-05-14T18:03:10.973+0000] {process_utils.py:150} WARNING - process psutil.Process(pid=448, name='airflow task ru', status='sleeping', started='17:59:21') did not respond to SIGTERM. Trying SIGKILL
[2024-05-14T18:03:10.994+0000] {process_utils.py:87} INFO - Sending the signal 9 to group 448
[2024-05-14T18:03:11.053+0000] {process_utils.py:80} INFO - Process psutil.Process(pid=448, name='airflow task ru', status='terminated', exitcode=<Negsignal.SIGKILL: -9>, started='17:59:21') (448) terminated with exit code -9
[2024-05-14T18:03:11.057+0000] {standard_task_runner.py:178} ERROR - Job 83 was killed before it finished (likely due to running out of memory)
