[2024-05-18T23:35:33.890+0000] {local_task_job_runner.py:120} INFO - ::group::Pre task execution logs
[2024-05-18T23:35:34.235+0000] {taskinstance.py:2076} INFO - Dependencies all met for dep_context=non-requeueable deps ti=<TaskInstance: Real_Estate_Webscraping.Process_and_Send_Data_to_DB scheduled__2024-05-17T00:00:00+00:00 [queued]>
[2024-05-18T23:35:34.308+0000] {taskinstance.py:2076} INFO - Dependencies all met for dep_context=requeueable deps ti=<TaskInstance: Real_Estate_Webscraping.Process_and_Send_Data_to_DB scheduled__2024-05-17T00:00:00+00:00 [queued]>
[2024-05-18T23:35:34.315+0000] {taskinstance.py:2306} INFO - Starting attempt 1 of 6
[2024-05-18T23:35:34.478+0000] {taskinstance.py:2330} INFO - Executing <Task(SparkSubmitOperator): Process_and_Send_Data_to_DB> on 2024-05-17 00:00:00+00:00
[2024-05-18T23:35:34.518+0000] {standard_task_runner.py:63} INFO - Started process 1450 to run task
[2024-05-18T23:35:34.534+0000] {standard_task_runner.py:90} INFO - Running: ['***', 'tasks', 'run', 'Real_Estate_Webscraping', 'Process_and_Send_Data_to_DB', 'scheduled__2024-05-17T00:00:00+00:00', '--job-id', '337', '--raw', '--subdir', 'DAGS_FOLDER/webscrapping.py', '--cfg-path', '/tmp/tmpmdzkr0_c']
[2024-05-18T23:35:34.623+0000] {standard_task_runner.py:91} INFO - Job 337: Subtask Process_and_Send_Data_to_DB
[2024-05-18T23:35:35.597+0000] {task_command.py:426} INFO - Running <TaskInstance: Real_Estate_Webscraping.Process_and_Send_Data_to_DB scheduled__2024-05-17T00:00:00+00:00 [running]> on host c0373bd0174c
[2024-05-18T23:35:37.280+0000] {taskinstance.py:2648} INFO - Exporting env vars: AIRFLOW_CTX_DAG_OWNER='svc' AIRFLOW_CTX_DAG_ID='Real_Estate_Webscraping' AIRFLOW_CTX_TASK_ID='Process_and_Send_Data_to_DB' AIRFLOW_CTX_EXECUTION_DATE='2024-05-17T00:00:00+00:00' AIRFLOW_CTX_TRY_NUMBER='1' AIRFLOW_CTX_DAG_RUN_ID='scheduled__2024-05-17T00:00:00+00:00'
[2024-05-18T23:35:37.305+0000] {taskinstance.py:430} INFO - ::endgroup::
[2024-05-18T23:35:37.786+0000] {base.py:84} INFO - Using connection ID 'spark_default' for task execution.
[2024-05-18T23:35:37.819+0000] {spark_submit.py:401} INFO - Spark-Submit cmd: spark-submit --master spark://spark-master:7077 --packages org.apache.spark:spark-sql-kafka-0-10_2.12:3.5.1,com.datastax.spark:spark-cassandra-connector_2.12:3.5.0,org.apache.kafka:kafka-clients:3.5.1,commons-logging:commons-logging:1.2 --name arrow-spark --deploy-mode client dags/includes/jobs/spark_consumer.py
[2024-05-18T23:35:38.464+0000] {spark_submit.py:571} INFO - /home/***/.local/lib/python3.11/site-packages/pyspark/bin/load-spark-env.sh: line 68: ps: command not found
[2024-05-18T23:35:49.535+0000] {spark_submit.py:571} INFO - :: loading settings :: url = jar:file:/home/***/.local/lib/python3.11/site-packages/pyspark/jars/ivy-2.5.1.jar!/org/apache/ivy/core/settings/ivysettings.xml
[2024-05-18T23:35:50.095+0000] {spark_submit.py:571} INFO - Ivy Default Cache set to: /home/***/.ivy2/cache
[2024-05-18T23:35:50.100+0000] {spark_submit.py:571} INFO - The jars for the packages stored in: /home/***/.ivy2/jars
[2024-05-18T23:35:50.171+0000] {spark_submit.py:571} INFO - org.apache.spark#spark-sql-kafka-0-10_2.12 added as a dependency
[2024-05-18T23:35:50.181+0000] {spark_submit.py:571} INFO - com.datastax.spark#spark-cassandra-connector_2.12 added as a dependency
[2024-05-18T23:35:50.289+0000] {spark_submit.py:571} INFO - org.apache.kafka#kafka-clients added as a dependency
[2024-05-18T23:35:50.326+0000] {spark_submit.py:571} INFO - commons-logging#commons-logging added as a dependency
[2024-05-18T23:35:50.333+0000] {spark_submit.py:571} INFO - :: resolving dependencies :: org.apache.spark#spark-submit-parent-fbcbf847-79cc-4853-9ba0-721e04e218e6;1.0
[2024-05-18T23:35:50.353+0000] {spark_submit.py:571} INFO - confs: [default]
[2024-05-18T23:36:01.108+0000] {spark_submit.py:571} INFO - found org.apache.spark#spark-sql-kafka-0-10_2.12;3.5.1 in spark-list
[2024-05-18T23:36:02.624+0000] {spark_submit.py:571} INFO - found org.apache.spark#spark-token-provider-kafka-0-10_2.12;3.5.1 in central
[2024-05-18T23:36:02.858+0000] {spark_submit.py:571} INFO - found org.apache.hadoop#hadoop-client-runtime;3.3.4 in central
[2024-05-18T23:36:03.162+0000] {spark_submit.py:571} INFO - found org.apache.hadoop#hadoop-client-api;3.3.4 in central
[2024-05-18T23:36:03.290+0000] {spark_submit.py:571} INFO - found org.xerial.snappy#snappy-java;1.1.10.3 in central
[2024-05-18T23:36:03.333+0000] {spark_submit.py:571} INFO - found org.slf4j#slf4j-api;2.0.7 in central
[2024-05-18T23:36:03.482+0000] {spark_submit.py:571} INFO - found com.google.code.findbugs#jsr305;3.0.0 in central
[2024-05-18T23:36:03.640+0000] {spark_submit.py:571} INFO - found org.apache.commons#commons-pool2;2.11.1 in central
[2024-05-18T23:36:03.810+0000] {spark_submit.py:571} INFO - found com.datastax.spark#spark-cassandra-connector_2.12;3.5.0 in central
[2024-05-18T23:36:03.909+0000] {spark_submit.py:571} INFO - found com.datastax.spark#spark-cassandra-connector-driver_2.12;3.5.0 in central
[2024-05-18T23:36:04.062+0000] {spark_submit.py:571} INFO - found org.scala-lang.modules#scala-collection-compat_2.12;2.11.0 in central
[2024-05-18T23:36:04.249+0000] {spark_submit.py:571} INFO - found com.datastax.oss#java-driver-core-shaded;4.13.0 in central
[2024-05-18T23:36:04.365+0000] {spark_submit.py:571} INFO - found com.datastax.oss#native-protocol;1.5.0 in central
[2024-05-18T23:36:04.387+0000] {spark_submit.py:571} INFO - found com.datastax.oss#java-driver-shaded-guava;25.1-jre-graal-sub-1 in central
[2024-05-18T23:36:04.626+0000] {spark_submit.py:571} INFO - found com.typesafe#config;1.4.1 in central
[2024-05-18T23:36:04.821+0000] {spark_submit.py:571} INFO - found io.dropwizard.metrics#metrics-core;4.1.18 in central
[2024-05-18T23:36:05.133+0000] {spark_submit.py:571} INFO - found org.hdrhistogram#HdrHistogram;2.1.12 in central
[2024-05-18T23:36:05.280+0000] {spark_submit.py:571} INFO - found org.reactivestreams#reactive-streams;1.0.3 in central
[2024-05-18T23:36:05.497+0000] {spark_submit.py:571} INFO - found com.github.stephenc.jcip#jcip-annotations;1.0-1 in central
[2024-05-18T23:36:05.868+0000] {spark_submit.py:571} INFO - found com.github.spotbugs#spotbugs-annotations;3.1.12 in central
[2024-05-18T23:36:05.931+0000] {spark_submit.py:571} INFO - found com.google.code.findbugs#jsr305;3.0.2 in central
[2024-05-18T23:36:06.109+0000] {spark_submit.py:571} INFO - found com.datastax.oss#java-driver-mapper-runtime;4.13.0 in central
[2024-05-18T23:36:06.238+0000] {spark_submit.py:571} INFO - found com.datastax.oss#java-driver-query-builder;4.13.0 in central
[2024-05-18T23:36:06.395+0000] {spark_submit.py:571} INFO - found org.apache.commons#commons-lang3;3.10 in central
[2024-05-18T23:36:06.480+0000] {spark_submit.py:571} INFO - found com.thoughtworks.paranamer#paranamer;2.8 in central
[2024-05-18T23:36:06.659+0000] {spark_submit.py:571} INFO - found org.scala-lang#scala-reflect;2.12.11 in central
[2024-05-18T23:36:06.823+0000] {spark_submit.py:571} INFO - found org.apache.kafka#kafka-clients;3.5.1 in central
[2024-05-18T23:36:06.867+0000] {spark_submit.py:571} INFO - found com.github.luben#zstd-jni;1.5.5-1 in central
[2024-05-18T23:36:06.887+0000] {spark_submit.py:571} INFO - found org.lz4#lz4-java;1.8.0 in central
[2024-05-18T23:36:06.946+0000] {spark_submit.py:571} INFO - found commons-logging#commons-logging;1.2 in central
[2024-05-18T23:36:07.509+0000] {spark_submit.py:571} INFO - :: resolution report :: resolve 16824ms :: artifacts dl 428ms
[2024-05-18T23:36:07.541+0000] {spark_submit.py:571} INFO - :: modules in use:
[2024-05-18T23:36:07.545+0000] {spark_submit.py:571} INFO - com.datastax.oss#java-driver-core-shaded;4.13.0 from central in [default]
[2024-05-18T23:36:07.550+0000] {spark_submit.py:571} INFO - com.datastax.oss#java-driver-mapper-runtime;4.13.0 from central in [default]
[2024-05-18T23:36:07.569+0000] {spark_submit.py:571} INFO - com.datastax.oss#java-driver-query-builder;4.13.0 from central in [default]
[2024-05-18T23:36:07.574+0000] {spark_submit.py:571} INFO - com.datastax.oss#java-driver-shaded-guava;25.1-jre-graal-sub-1 from central in [default]
[2024-05-18T23:36:07.575+0000] {spark_submit.py:571} INFO - com.datastax.oss#native-protocol;1.5.0 from central in [default]
[2024-05-18T23:36:07.576+0000] {spark_submit.py:571} INFO - com.datastax.spark#spark-cassandra-connector-driver_2.12;3.5.0 from central in [default]
[2024-05-18T23:36:07.576+0000] {spark_submit.py:571} INFO - com.datastax.spark#spark-cassandra-connector_2.12;3.5.0 from central in [default]
[2024-05-18T23:36:07.576+0000] {spark_submit.py:571} INFO - com.github.luben#zstd-jni;1.5.5-1 from central in [default]
[2024-05-18T23:36:07.576+0000] {spark_submit.py:571} INFO - com.github.spotbugs#spotbugs-annotations;3.1.12 from central in [default]
[2024-05-18T23:36:07.580+0000] {spark_submit.py:571} INFO - com.github.stephenc.jcip#jcip-annotations;1.0-1 from central in [default]
[2024-05-18T23:36:07.583+0000] {spark_submit.py:571} INFO - com.google.code.findbugs#jsr305;3.0.2 from central in [default]
[2024-05-18T23:36:07.601+0000] {spark_submit.py:571} INFO - com.thoughtworks.paranamer#paranamer;2.8 from central in [default]
[2024-05-18T23:36:07.640+0000] {spark_submit.py:571} INFO - com.typesafe#config;1.4.1 from central in [default]
[2024-05-18T23:36:07.680+0000] {spark_submit.py:571} INFO - commons-logging#commons-logging;1.2 from central in [default]
[2024-05-18T23:36:07.683+0000] {spark_submit.py:571} INFO - io.dropwizard.metrics#metrics-core;4.1.18 from central in [default]
[2024-05-18T23:36:07.689+0000] {spark_submit.py:571} INFO - org.apache.commons#commons-lang3;3.10 from central in [default]
[2024-05-18T23:36:07.704+0000] {spark_submit.py:571} INFO - org.apache.commons#commons-pool2;2.11.1 from central in [default]
[2024-05-18T23:36:07.707+0000] {spark_submit.py:571} INFO - org.apache.hadoop#hadoop-client-api;3.3.4 from central in [default]
[2024-05-18T23:36:07.708+0000] {spark_submit.py:571} INFO - org.apache.hadoop#hadoop-client-runtime;3.3.4 from central in [default]
[2024-05-18T23:36:07.717+0000] {spark_submit.py:571} INFO - org.apache.kafka#kafka-clients;3.5.1 from central in [default]
[2024-05-18T23:36:07.724+0000] {spark_submit.py:571} INFO - org.apache.spark#spark-sql-kafka-0-10_2.12;3.5.1 from spark-list in [default]
[2024-05-18T23:36:07.732+0000] {spark_submit.py:571} INFO - org.apache.spark#spark-token-provider-kafka-0-10_2.12;3.5.1 from central in [default]
[2024-05-18T23:36:07.740+0000] {spark_submit.py:571} INFO - org.hdrhistogram#HdrHistogram;2.1.12 from central in [default]
[2024-05-18T23:36:07.742+0000] {spark_submit.py:571} INFO - org.lz4#lz4-java;1.8.0 from central in [default]
[2024-05-18T23:36:07.745+0000] {spark_submit.py:571} INFO - org.reactivestreams#reactive-streams;1.0.3 from central in [default]
[2024-05-18T23:36:07.748+0000] {spark_submit.py:571} INFO - org.scala-lang#scala-reflect;2.12.11 from central in [default]
[2024-05-18T23:36:07.759+0000] {spark_submit.py:571} INFO - org.scala-lang.modules#scala-collection-compat_2.12;2.11.0 from central in [default]
[2024-05-18T23:36:07.767+0000] {spark_submit.py:571} INFO - org.slf4j#slf4j-api;2.0.7 from central in [default]
[2024-05-18T23:36:07.774+0000] {spark_submit.py:571} INFO - org.xerial.snappy#snappy-java;1.1.10.3 from central in [default]
[2024-05-18T23:36:07.778+0000] {spark_submit.py:571} INFO - :: evicted modules:
[2024-05-18T23:36:07.781+0000] {spark_submit.py:571} INFO - org.apache.kafka#kafka-clients;3.4.1 by [org.apache.kafka#kafka-clients;3.5.1] in [default]
[2024-05-18T23:36:07.783+0000] {spark_submit.py:571} INFO - commons-logging#commons-logging;1.1.3 by [commons-logging#commons-logging;1.2] in [default]
[2024-05-18T23:36:07.784+0000] {spark_submit.py:571} INFO - com.google.code.findbugs#jsr305;3.0.0 by [com.google.code.findbugs#jsr305;3.0.2] in [default]
[2024-05-18T23:36:07.785+0000] {spark_submit.py:571} INFO - org.slf4j#slf4j-api;1.7.26 by [org.slf4j#slf4j-api;2.0.7] in [default]
[2024-05-18T23:36:07.786+0000] {spark_submit.py:571} INFO - org.xerial.snappy#snappy-java;1.1.10.1 by [org.xerial.snappy#snappy-java;1.1.10.3] in [default]
[2024-05-18T23:36:07.787+0000] {spark_submit.py:571} INFO - org.slf4j#slf4j-api;1.7.36 by [org.slf4j#slf4j-api;2.0.7] in [default]
[2024-05-18T23:36:07.794+0000] {spark_submit.py:571} INFO - ---------------------------------------------------------------------
[2024-05-18T23:36:07.813+0000] {spark_submit.py:571} INFO - |                  |            modules            ||   artifacts   |
[2024-05-18T23:36:07.822+0000] {spark_submit.py:571} INFO - |       conf       | number| search|dwnlded|evicted|| number|dwnlded|
[2024-05-18T23:36:07.831+0000] {spark_submit.py:571} INFO - ---------------------------------------------------------------------
[2024-05-18T23:36:07.842+0000] {spark_submit.py:571} INFO - |      default     |   35  |   0   |   0   |   6   ||   29  |   0   |
[2024-05-18T23:36:07.848+0000] {spark_submit.py:571} INFO - ---------------------------------------------------------------------
[2024-05-18T23:36:07.849+0000] {spark_submit.py:571} INFO - :: retrieving :: org.apache.spark#spark-submit-parent-fbcbf847-79cc-4853-9ba0-721e04e218e6
[2024-05-18T23:36:07.850+0000] {spark_submit.py:571} INFO - confs: [default]
[2024-05-18T23:36:07.907+0000] {spark_submit.py:571} INFO - 0 artifacts copied, 29 already retrieved (0kB/210ms)
[2024-05-18T23:36:09.762+0000] {spark_submit.py:571} INFO - 24/05/18 23:36:09 WARN NativeCodeLoader: Unable to load native-hadoop library for your platform... using builtin-java classes where applicable
[2024-05-18T23:36:15.642+0000] {spark_submit.py:571} INFO - 24/05/18 23:36:15 INFO SparkContext: Running Spark version 3.5.1
[2024-05-18T23:36:15.662+0000] {spark_submit.py:571} INFO - 24/05/18 23:36:15 INFO SparkContext: OS info Linux, 6.6.26-linuxkit, aarch64
[2024-05-18T23:36:15.665+0000] {spark_submit.py:571} INFO - 24/05/18 23:36:15 INFO SparkContext: Java version 11.0.23
[2024-05-18T23:36:15.754+0000] {spark_submit.py:571} INFO - 24/05/18 23:36:15 INFO ResourceUtils: ==============================================================
[2024-05-18T23:36:15.756+0000] {spark_submit.py:571} INFO - 24/05/18 23:36:15 INFO ResourceUtils: No custom resources configured for spark.driver.
[2024-05-18T23:36:15.781+0000] {spark_submit.py:571} INFO - 24/05/18 23:36:15 INFO ResourceUtils: ==============================================================
[2024-05-18T23:36:15.782+0000] {spark_submit.py:571} INFO - 24/05/18 23:36:15 INFO SparkContext: Submitted application: Redfin_Properties_Consumer
[2024-05-18T23:36:15.845+0000] {spark_submit.py:571} INFO - 24/05/18 23:36:15 INFO ResourceProfile: Default ResourceProfile created, executor resources: Map(memory -> name: memory, amount: 1024, script: , vendor: , offHeap -> name: offHeap, amount: 0, script: , vendor: ), task resources: Map(cpus -> name: cpus, amount: 1.0)
[2024-05-18T23:36:15.904+0000] {spark_submit.py:571} INFO - 24/05/18 23:36:15 INFO ResourceProfile: Limiting resource is cpu
[2024-05-18T23:36:15.907+0000] {spark_submit.py:571} INFO - 24/05/18 23:36:15 INFO ResourceProfileManager: Added ResourceProfile id: 0
[2024-05-18T23:36:16.110+0000] {spark_submit.py:571} INFO - 24/05/18 23:36:16 INFO SecurityManager: Changing view acls to: ***
[2024-05-18T23:36:16.116+0000] {spark_submit.py:571} INFO - 24/05/18 23:36:16 INFO SecurityManager: Changing modify acls to: ***
[2024-05-18T23:36:16.117+0000] {spark_submit.py:571} INFO - 24/05/18 23:36:16 INFO SecurityManager: Changing view acls groups to:
[2024-05-18T23:36:16.119+0000] {spark_submit.py:571} INFO - 24/05/18 23:36:16 INFO SecurityManager: Changing modify acls groups to:
[2024-05-18T23:36:16.119+0000] {spark_submit.py:571} INFO - 24/05/18 23:36:16 INFO SecurityManager: SecurityManager: authentication disabled; ui acls disabled; users with view permissions: ***; groups with view permissions: EMPTY; users with modify permissions: ***; groups with modify permissions: EMPTY
[2024-05-18T23:36:16.738+0000] {spark_submit.py:571} INFO - 24/05/18 23:36:16 INFO Utils: Successfully started service 'sparkDriver' on port 42509.
[2024-05-18T23:36:16.821+0000] {spark_submit.py:571} INFO - 24/05/18 23:36:16 INFO SparkEnv: Registering MapOutputTracker
[2024-05-18T23:36:16.888+0000] {spark_submit.py:571} INFO - 24/05/18 23:36:16 INFO SparkEnv: Registering BlockManagerMaster
[2024-05-18T23:36:16.918+0000] {spark_submit.py:571} INFO - 24/05/18 23:36:16 INFO BlockManagerMasterEndpoint: Using org.apache.spark.storage.DefaultTopologyMapper for getting topology information
[2024-05-18T23:36:16.920+0000] {spark_submit.py:571} INFO - 24/05/18 23:36:16 INFO BlockManagerMasterEndpoint: BlockManagerMasterEndpoint up
[2024-05-18T23:36:16.927+0000] {spark_submit.py:571} INFO - 24/05/18 23:36:16 INFO SparkEnv: Registering BlockManagerMasterHeartbeat
[2024-05-18T23:36:16.950+0000] {spark_submit.py:571} INFO - 24/05/18 23:36:16 INFO DiskBlockManager: Created local directory at /tmp/blockmgr-f4546a3a-637a-41be-9ba5-354220237e2a
[2024-05-18T23:36:16.967+0000] {spark_submit.py:571} INFO - 24/05/18 23:36:16 INFO MemoryStore: MemoryStore started with capacity 434.4 MiB
[2024-05-18T23:36:17.000+0000] {spark_submit.py:571} INFO - 24/05/18 23:36:16 INFO SparkEnv: Registering OutputCommitCoordinator
[2024-05-18T23:36:17.265+0000] {local_task_job_runner.py:310} WARNING - State of this instance has been externally set to failed. Terminating instance.
[2024-05-18T23:36:17.338+0000] {local_task_job_runner.py:222} INFO - ::endgroup::
[2024-05-18T23:36:17.370+0000] {process_utils.py:132} INFO - Sending 15 to group 1450. PIDs of all processes in the group: [1462, 1728, 1450]
[2024-05-18T23:36:17.380+0000] {process_utils.py:87} INFO - Sending the signal 15 to group 1450
[2024-05-18T23:36:17.423+0000] {taskinstance.py:2611} ERROR - Received SIGTERM. Terminating subprocesses.
[2024-05-18T23:36:17.462+0000] {spark_submit.py:697} INFO - Sending kill signal to spark-submit
[2024-05-18T23:36:17.496+0000] {taskinstance.py:441} INFO - ::group::Post task execution logs
[2024-05-18T23:36:17.810+0000] {process_utils.py:80} INFO - Process psutil.Process(pid=1728, status='terminated', started='23:36:10') (1728) terminated with exit code None
[2024-05-18T23:36:17.816+0000] {process_utils.py:80} INFO - Process psutil.Process(pid=1462, status='terminated', started='23:35:37') (1462) terminated with exit code None
[2024-05-18T23:36:17.820+0000] {process_utils.py:80} INFO - Process psutil.Process(pid=1450, status='terminated', exitcode=0, started='23:35:33') (1450) terminated with exit code 0
