[2024-05-18T23:42:20.572+0000] {local_task_job_runner.py:120} INFO - ::group::Pre task execution logs
[2024-05-18T23:42:24.292+0000] {taskinstance.py:2076} INFO - Dependencies all met for dep_context=non-requeueable deps ti=<TaskInstance: Real_Estate_Webscraping_ETL.Process_and_Send_Data_to_DB scheduled__2024-05-18T12:01:00+00:00 [queued]>
[2024-05-18T23:42:25.319+0000] {taskinstance.py:2076} INFO - Dependencies all met for dep_context=requeueable deps ti=<TaskInstance: Real_Estate_Webscraping_ETL.Process_and_Send_Data_to_DB scheduled__2024-05-18T12:01:00+00:00 [queued]>
[2024-05-18T23:42:25.374+0000] {taskinstance.py:2306} INFO - Starting attempt 1 of 6
[2024-05-18T23:42:26.267+0000] {taskinstance.py:2330} INFO - Executing <Task(SparkSubmitOperator): Process_and_Send_Data_to_DB> on 2024-05-18 12:01:00+00:00
[2024-05-18T23:42:27.593+0000] {standard_task_runner.py:63} INFO - Started process 2658 to run task
[2024-05-18T23:42:27.835+0000] {standard_task_runner.py:90} INFO - Running: ['***', 'tasks', 'run', 'Real_Estate_Webscraping_ETL', 'Process_and_Send_Data_to_DB', 'scheduled__2024-05-18T12:01:00+00:00', '--job-id', '367', '--raw', '--subdir', 'DAGS_FOLDER/webscrapping.py', '--cfg-path', '/tmp/tmphv7fv23i']
[2024-05-18T23:42:28.212+0000] {standard_task_runner.py:91} INFO - Job 367: Subtask Process_and_Send_Data_to_DB
[2024-05-18T23:42:30.968+0000] {task_command.py:426} INFO - Running <TaskInstance: Real_Estate_Webscraping_ETL.Process_and_Send_Data_to_DB scheduled__2024-05-18T12:01:00+00:00 [running]> on host c0373bd0174c
[2024-05-18T23:42:47.352+0000] {taskinstance.py:2648} INFO - Exporting env vars: AIRFLOW_CTX_DAG_OWNER='svc' AIRFLOW_CTX_DAG_ID='Real_Estate_Webscraping_ETL' AIRFLOW_CTX_TASK_ID='Process_and_Send_Data_to_DB' AIRFLOW_CTX_EXECUTION_DATE='2024-05-18T12:01:00+00:00' AIRFLOW_CTX_TRY_NUMBER='1' AIRFLOW_CTX_DAG_RUN_ID='scheduled__2024-05-18T12:01:00+00:00'
[2024-05-18T23:42:49.600+0000] {taskinstance.py:430} INFO - ::endgroup::
[2024-05-18T23:42:50.293+0000] {base.py:84} INFO - Using connection ID 'spark_default' for task execution.
[2024-05-18T23:42:50.320+0000] {spark_submit.py:401} INFO - Spark-Submit cmd: spark-submit --master spark://spark-master:7077 --packages org.apache.spark:spark-sql-kafka-0-10_2.12:3.5.1,com.datastax.spark:spark-cassandra-connector_2.12:3.5.0,org.apache.kafka:kafka-clients:3.5.1,commons-logging:commons-logging:1.2 --name arrow-spark --deploy-mode client dags/includes/jobs/spark_consumer.py
[2024-05-18T23:42:50.762+0000] {spark_submit.py:571} INFO - /home/***/.local/lib/python3.11/site-packages/pyspark/bin/load-spark-env.sh: line 68: ps: command not found
[2024-05-18T23:45:21.407+0000] {spark_submit.py:571} INFO - :: loading settings :: url = jar:file:/home/***/.local/lib/python3.11/site-packages/pyspark/jars/ivy-2.5.1.jar!/org/apache/ivy/core/settings/ivysettings.xml
[2024-05-18T23:45:24.055+0000] {spark_submit.py:571} INFO - Ivy Default Cache set to: /home/***/.ivy2/cache
[2024-05-18T23:45:24.248+0000] {spark_submit.py:571} INFO - The jars for the packages stored in: /home/***/.ivy2/jars
[2024-05-18T23:45:24.292+0000] {spark_submit.py:571} INFO - org.apache.spark#spark-sql-kafka-0-10_2.12 added as a dependency
[2024-05-18T23:45:24.305+0000] {spark_submit.py:571} INFO - com.datastax.spark#spark-cassandra-connector_2.12 added as a dependency
[2024-05-18T23:45:24.327+0000] {spark_submit.py:571} INFO - org.apache.kafka#kafka-clients added as a dependency
[2024-05-18T23:45:24.333+0000] {spark_submit.py:571} INFO - commons-logging#commons-logging added as a dependency
[2024-05-18T23:45:24.341+0000] {spark_submit.py:571} INFO - :: resolving dependencies :: org.apache.spark#spark-submit-parent-8650c693-74c4-4386-955c-7782c4fda4b8;1.0
[2024-05-18T23:45:24.346+0000] {spark_submit.py:571} INFO - confs: [default]
[2024-05-18T23:45:27.611+0000] {spark_submit.py:571} INFO - found org.apache.spark#spark-sql-kafka-0-10_2.12;3.5.1 in spark-list
[2024-05-18T23:45:29.555+0000] {spark_submit.py:571} INFO - found org.apache.spark#spark-token-provider-kafka-0-10_2.12;3.5.1 in central
[2024-05-18T23:45:35.375+0000] {spark_submit.py:571} INFO - found org.apache.hadoop#hadoop-client-runtime;3.3.4 in central
[2024-05-18T23:45:41.856+0000] {spark_submit.py:571} INFO - found org.apache.hadoop#hadoop-client-api;3.3.4 in central
[2024-05-18T23:45:43.938+0000] {spark_submit.py:571} INFO - found org.xerial.snappy#snappy-java;1.1.10.3 in central
[2024-05-18T23:45:44.504+0000] {spark_submit.py:571} INFO - found org.slf4j#slf4j-api;2.0.7 in central
[2024-05-18T23:45:52.073+0000] {spark_submit.py:571} INFO - found com.google.code.findbugs#jsr305;3.0.0 in central
[2024-05-18T23:45:54.204+0000] {spark_submit.py:571} INFO - found org.apache.commons#commons-pool2;2.11.1 in central
[2024-05-18T23:45:55.417+0000] {spark_submit.py:571} INFO - found com.datastax.spark#spark-cassandra-connector_2.12;3.5.0 in central
[2024-05-18T23:45:57.953+0000] {spark_submit.py:571} INFO - found com.datastax.spark#spark-cassandra-connector-driver_2.12;3.5.0 in central
[2024-05-18T23:45:59.733+0000] {spark_submit.py:571} INFO - found org.scala-lang.modules#scala-collection-compat_2.12;2.11.0 in central
[2024-05-18T23:46:01.629+0000] {spark_submit.py:571} INFO - found com.datastax.oss#java-driver-core-shaded;4.13.0 in central
[2024-05-18T23:46:02.432+0000] {spark_submit.py:571} INFO - found com.datastax.oss#native-protocol;1.5.0 in central
[2024-05-18T23:46:05.857+0000] {spark_submit.py:571} INFO - found com.datastax.oss#java-driver-shaded-guava;25.1-jre-graal-sub-1 in central
[2024-05-18T23:46:09.550+0000] {spark_submit.py:571} INFO - found com.typesafe#config;1.4.1 in central
[2024-05-18T23:46:09.763+0000] {spark_submit.py:571} INFO - found io.dropwizard.metrics#metrics-core;4.1.18 in central
[2024-05-18T23:46:10.640+0000] {spark_submit.py:571} INFO - found org.hdrhistogram#HdrHistogram;2.1.12 in central
[2024-05-18T23:46:11.422+0000] {spark_submit.py:571} INFO - found org.reactivestreams#reactive-streams;1.0.3 in central
[2024-05-18T23:46:11.719+0000] {spark_submit.py:571} INFO - found com.github.stephenc.jcip#jcip-annotations;1.0-1 in central
[2024-05-18T23:46:12.357+0000] {spark_submit.py:571} INFO - found com.github.spotbugs#spotbugs-annotations;3.1.12 in central
[2024-05-18T23:46:12.507+0000] {spark_submit.py:571} INFO - found com.google.code.findbugs#jsr305;3.0.2 in central
[2024-05-18T23:46:12.750+0000] {spark_submit.py:571} INFO - found com.datastax.oss#java-driver-mapper-runtime;4.13.0 in central
[2024-05-18T23:46:12.829+0000] {spark_submit.py:571} INFO - found com.datastax.oss#java-driver-query-builder;4.13.0 in central
[2024-05-18T23:46:12.960+0000] {spark_submit.py:571} INFO - found org.apache.commons#commons-lang3;3.10 in central
[2024-05-18T23:46:13.089+0000] {spark_submit.py:571} INFO - found com.thoughtworks.paranamer#paranamer;2.8 in central
[2024-05-18T23:46:13.177+0000] {spark_submit.py:571} INFO - found org.scala-lang#scala-reflect;2.12.11 in central
[2024-05-18T23:46:13.327+0000] {spark_submit.py:571} INFO - found org.apache.kafka#kafka-clients;3.5.1 in central
[2024-05-18T23:46:13.407+0000] {spark_submit.py:571} INFO - found com.github.luben#zstd-jni;1.5.5-1 in central
[2024-05-18T23:46:13.480+0000] {spark_submit.py:571} INFO - found org.lz4#lz4-java;1.8.0 in central
[2024-05-18T23:46:13.584+0000] {spark_submit.py:571} INFO - found commons-logging#commons-logging;1.2 in central
[2024-05-18T23:46:14.112+0000] {spark_submit.py:571} INFO - :: resolution report :: resolve 49582ms :: artifacts dl 196ms
[2024-05-18T23:46:14.141+0000] {spark_submit.py:571} INFO - :: modules in use:
[2024-05-18T23:46:14.142+0000] {spark_submit.py:571} INFO - com.datastax.oss#java-driver-core-shaded;4.13.0 from central in [default]
[2024-05-18T23:46:14.142+0000] {spark_submit.py:571} INFO - com.datastax.oss#java-driver-mapper-runtime;4.13.0 from central in [default]
[2024-05-18T23:46:14.145+0000] {spark_submit.py:571} INFO - com.datastax.oss#java-driver-query-builder;4.13.0 from central in [default]
[2024-05-18T23:46:14.146+0000] {spark_submit.py:571} INFO - com.datastax.oss#java-driver-shaded-guava;25.1-jre-graal-sub-1 from central in [default]
[2024-05-18T23:46:14.148+0000] {spark_submit.py:571} INFO - com.datastax.oss#native-protocol;1.5.0 from central in [default]
[2024-05-18T23:46:14.166+0000] {spark_submit.py:571} INFO - com.datastax.spark#spark-cassandra-connector-driver_2.12;3.5.0 from central in [default]
[2024-05-18T23:46:14.169+0000] {spark_submit.py:571} INFO - com.datastax.spark#spark-cassandra-connector_2.12;3.5.0 from central in [default]
[2024-05-18T23:46:14.176+0000] {spark_submit.py:571} INFO - com.github.luben#zstd-jni;1.5.5-1 from central in [default]
[2024-05-18T23:46:14.178+0000] {spark_submit.py:571} INFO - com.github.spotbugs#spotbugs-annotations;3.1.12 from central in [default]
[2024-05-18T23:46:14.180+0000] {spark_submit.py:571} INFO - com.github.stephenc.jcip#jcip-annotations;1.0-1 from central in [default]
[2024-05-18T23:46:14.191+0000] {spark_submit.py:571} INFO - com.google.code.findbugs#jsr305;3.0.2 from central in [default]
[2024-05-18T23:46:14.193+0000] {spark_submit.py:571} INFO - com.thoughtworks.paranamer#paranamer;2.8 from central in [default]
[2024-05-18T23:46:14.196+0000] {spark_submit.py:571} INFO - com.typesafe#config;1.4.1 from central in [default]
[2024-05-18T23:46:14.205+0000] {spark_submit.py:571} INFO - commons-logging#commons-logging;1.2 from central in [default]
[2024-05-18T23:46:14.213+0000] {spark_submit.py:571} INFO - io.dropwizard.metrics#metrics-core;4.1.18 from central in [default]
[2024-05-18T23:46:14.220+0000] {spark_submit.py:571} INFO - org.apache.commons#commons-lang3;3.10 from central in [default]
[2024-05-18T23:46:14.221+0000] {spark_submit.py:571} INFO - org.apache.commons#commons-pool2;2.11.1 from central in [default]
[2024-05-18T23:46:14.221+0000] {spark_submit.py:571} INFO - org.apache.hadoop#hadoop-client-api;3.3.4 from central in [default]
[2024-05-18T23:46:14.222+0000] {spark_submit.py:571} INFO - org.apache.hadoop#hadoop-client-runtime;3.3.4 from central in [default]
[2024-05-18T23:46:14.230+0000] {spark_submit.py:571} INFO - org.apache.kafka#kafka-clients;3.5.1 from central in [default]
[2024-05-18T23:46:14.230+0000] {spark_submit.py:571} INFO - org.apache.spark#spark-sql-kafka-0-10_2.12;3.5.1 from spark-list in [default]
[2024-05-18T23:46:14.231+0000] {spark_submit.py:571} INFO - org.apache.spark#spark-token-provider-kafka-0-10_2.12;3.5.1 from central in [default]
[2024-05-18T23:46:14.231+0000] {spark_submit.py:571} INFO - org.hdrhistogram#HdrHistogram;2.1.12 from central in [default]
[2024-05-18T23:46:14.232+0000] {spark_submit.py:571} INFO - org.lz4#lz4-java;1.8.0 from central in [default]
[2024-05-18T23:46:14.232+0000] {spark_submit.py:571} INFO - org.reactivestreams#reactive-streams;1.0.3 from central in [default]
[2024-05-18T23:46:14.232+0000] {spark_submit.py:571} INFO - org.scala-lang#scala-reflect;2.12.11 from central in [default]
[2024-05-18T23:46:14.233+0000] {spark_submit.py:571} INFO - org.scala-lang.modules#scala-collection-compat_2.12;2.11.0 from central in [default]
[2024-05-18T23:46:14.233+0000] {spark_submit.py:571} INFO - org.slf4j#slf4j-api;2.0.7 from central in [default]
[2024-05-18T23:46:14.234+0000] {spark_submit.py:571} INFO - org.xerial.snappy#snappy-java;1.1.10.3 from central in [default]
[2024-05-18T23:46:14.239+0000] {spark_submit.py:571} INFO - :: evicted modules:
[2024-05-18T23:46:14.240+0000] {spark_submit.py:571} INFO - org.apache.kafka#kafka-clients;3.4.1 by [org.apache.kafka#kafka-clients;3.5.1] in [default]
[2024-05-18T23:46:14.240+0000] {spark_submit.py:571} INFO - commons-logging#commons-logging;1.1.3 by [commons-logging#commons-logging;1.2] in [default]
[2024-05-18T23:46:14.240+0000] {spark_submit.py:571} INFO - com.google.code.findbugs#jsr305;3.0.0 by [com.google.code.findbugs#jsr305;3.0.2] in [default]
[2024-05-18T23:46:14.240+0000] {spark_submit.py:571} INFO - org.slf4j#slf4j-api;1.7.26 by [org.slf4j#slf4j-api;2.0.7] in [default]
[2024-05-18T23:46:14.241+0000] {spark_submit.py:571} INFO - org.xerial.snappy#snappy-java;1.1.10.1 by [org.xerial.snappy#snappy-java;1.1.10.3] in [default]
[2024-05-18T23:46:14.241+0000] {spark_submit.py:571} INFO - org.slf4j#slf4j-api;1.7.36 by [org.slf4j#slf4j-api;2.0.7] in [default]
[2024-05-18T23:46:14.241+0000] {spark_submit.py:571} INFO - ---------------------------------------------------------------------
[2024-05-18T23:46:14.241+0000] {spark_submit.py:571} INFO - |                  |            modules            ||   artifacts   |
[2024-05-18T23:46:14.241+0000] {spark_submit.py:571} INFO - |       conf       | number| search|dwnlded|evicted|| number|dwnlded|
[2024-05-18T23:46:14.254+0000] {spark_submit.py:571} INFO - ---------------------------------------------------------------------
[2024-05-18T23:46:14.263+0000] {spark_submit.py:571} INFO - |      default     |   35  |   0   |   0   |   6   ||   29  |   0   |
[2024-05-18T23:46:14.264+0000] {spark_submit.py:571} INFO - ---------------------------------------------------------------------
[2024-05-18T23:46:14.338+0000] {spark_submit.py:571} INFO - :: retrieving :: org.apache.spark#spark-submit-parent-8650c693-74c4-4386-955c-7782c4fda4b8
[2024-05-18T23:46:14.343+0000] {spark_submit.py:571} INFO - confs: [default]
[2024-05-18T23:46:14.664+0000] {spark_submit.py:571} INFO - 0 artifacts copied, 29 already retrieved (0kB/312ms)
[2024-05-18T23:46:22.451+0000] {spark_submit.py:571} INFO - 24/05/18 23:46:22 WARN NativeCodeLoader: Unable to load native-hadoop library for your platform... using builtin-java classes where applicable
[2024-05-18T23:47:28.080+0000] {spark_submit.py:571} INFO - 24/05/18 23:47:27 INFO SparkContext: Running Spark version 3.5.1
[2024-05-18T23:47:28.499+0000] {spark_submit.py:571} INFO - 24/05/18 23:47:28 INFO SparkContext: OS info Linux, 6.6.26-linuxkit, aarch64
[2024-05-18T23:47:28.518+0000] {spark_submit.py:571} INFO - 24/05/18 23:47:28 INFO SparkContext: Java version 11.0.23
[2024-05-18T23:47:30.265+0000] {spark_submit.py:571} INFO - 24/05/18 23:47:30 INFO ResourceUtils: ==============================================================
[2024-05-18T23:47:30.373+0000] {spark_submit.py:571} INFO - 24/05/18 23:47:30 INFO ResourceUtils: No custom resources configured for spark.driver.
[2024-05-18T23:47:30.374+0000] {spark_submit.py:571} INFO - 24/05/18 23:47:30 INFO ResourceUtils: ==============================================================
[2024-05-18T23:47:30.380+0000] {spark_submit.py:571} INFO - 24/05/18 23:47:30 INFO SparkContext: Submitted application: Redfin_Properties_Consumer
[2024-05-18T23:47:31.612+0000] {spark_submit.py:571} INFO - 24/05/18 23:47:31 INFO ResourceProfile: Default ResourceProfile created, executor resources: Map(memory -> name: memory, amount: 1024, script: , vendor: , offHeap -> name: offHeap, amount: 0, script: , vendor: ), task resources: Map(cpus -> name: cpus, amount: 1.0)
[2024-05-18T23:47:31.707+0000] {spark_submit.py:571} INFO - 24/05/18 23:47:31 INFO ResourceProfile: Limiting resource is cpu
[2024-05-18T23:47:31.710+0000] {spark_submit.py:571} INFO - 24/05/18 23:47:31 INFO ResourceProfileManager: Added ResourceProfile id: 0
[2024-05-18T23:47:33.723+0000] {spark_submit.py:571} INFO - 24/05/18 23:47:33 INFO SecurityManager: Changing view acls to: ***
[2024-05-18T23:47:34.260+0000] {spark_submit.py:571} INFO - 24/05/18 23:47:33 INFO SecurityManager: Changing modify acls to: ***
[2024-05-18T23:47:34.365+0000] {spark_submit.py:571} INFO - 24/05/18 23:47:33 INFO SecurityManager: Changing view acls groups to:
[2024-05-18T23:47:34.377+0000] {spark_submit.py:571} INFO - 24/05/18 23:47:33 INFO SecurityManager: Changing modify acls groups to:
[2024-05-18T23:47:34.377+0000] {spark_submit.py:571} INFO - 24/05/18 23:47:33 INFO SecurityManager: SecurityManager: authentication disabled; ui acls disabled; users with view permissions: ***; groups with view permissions: EMPTY; users with modify permissions: ***; groups with modify permissions: EMPTY
[2024-05-18T23:47:40.744+0000] {spark_submit.py:571} INFO - 24/05/18 23:47:40 INFO Utils: Successfully started service 'sparkDriver' on port 39697.
[2024-05-18T23:47:41.137+0000] {spark_submit.py:571} INFO - 24/05/18 23:47:41 INFO SparkEnv: Registering MapOutputTracker
[2024-05-18T23:47:41.628+0000] {spark_submit.py:571} INFO - 24/05/18 23:47:41 INFO SparkEnv: Registering BlockManagerMaster
[2024-05-18T23:47:42.477+0000] {spark_submit.py:571} INFO - 24/05/18 23:47:42 INFO BlockManagerMasterEndpoint: Using org.apache.spark.storage.DefaultTopologyMapper for getting topology information
[2024-05-18T23:47:42.506+0000] {spark_submit.py:571} INFO - 24/05/18 23:47:42 INFO BlockManagerMasterEndpoint: BlockManagerMasterEndpoint up
[2024-05-18T23:47:42.561+0000] {spark_submit.py:571} INFO - 24/05/18 23:47:42 INFO SparkEnv: Registering BlockManagerMasterHeartbeat
[2024-05-18T23:47:42.792+0000] {spark_submit.py:571} INFO - 24/05/18 23:47:42 INFO DiskBlockManager: Created local directory at /tmp/blockmgr-554c2304-96d9-45a8-a83c-1c96bcb6e814
[2024-05-18T23:47:42.981+0000] {spark_submit.py:571} INFO - 24/05/18 23:47:42 INFO MemoryStore: MemoryStore started with capacity 434.4 MiB
[2024-05-18T23:47:43.406+0000] {spark_submit.py:571} INFO - 24/05/18 23:47:43 INFO SparkEnv: Registering OutputCommitCoordinator
[2024-05-18T23:47:45.512+0000] {spark_submit.py:571} INFO - 24/05/18 23:47:45 INFO JettyUtils: Start Jetty 0.0.0.0:4040 for SparkUI
[2024-05-18T23:47:46.765+0000] {spark_submit.py:571} INFO - 24/05/18 23:47:46 WARN Utils: Service 'SparkUI' could not bind on port 4040. Attempting port 4041.
[2024-05-18T23:47:46.795+0000] {spark_submit.py:571} INFO - 24/05/18 23:47:46 WARN Utils: Service 'SparkUI' could not bind on port 4041. Attempting port 4042.
[2024-05-18T23:47:46.866+0000] {spark_submit.py:571} INFO - 24/05/18 23:47:46 INFO Utils: Successfully started service 'SparkUI' on port 4042.
[2024-05-18T23:47:47.274+0000] {spark_submit.py:571} INFO - 24/05/18 23:47:47 INFO SparkContext: Added JAR file:///home/***/.ivy2/jars/org.apache.spark_spark-sql-kafka-0-10_2.12-3.5.1.jar at spark://c0373bd0174c:39697/jars/org.apache.spark_spark-sql-kafka-0-10_2.12-3.5.1.jar with timestamp 1716076047409
[2024-05-18T23:47:47.311+0000] {spark_submit.py:571} INFO - 24/05/18 23:47:47 INFO SparkContext: Added JAR file:///home/***/.ivy2/jars/com.datastax.spark_spark-cassandra-connector_2.12-3.5.0.jar at spark://c0373bd0174c:39697/jars/com.datastax.spark_spark-cassandra-connector_2.12-3.5.0.jar with timestamp 1716076047409
[2024-05-18T23:47:47.314+0000] {spark_submit.py:571} INFO - 24/05/18 23:47:47 INFO SparkContext: Added JAR file:///home/***/.ivy2/jars/org.apache.kafka_kafka-clients-3.5.1.jar at spark://c0373bd0174c:39697/jars/org.apache.kafka_kafka-clients-3.5.1.jar with timestamp 1716076047409
[2024-05-18T23:47:47.326+0000] {spark_submit.py:571} INFO - 24/05/18 23:47:47 INFO SparkContext: Added JAR file:///home/***/.ivy2/jars/commons-logging_commons-logging-1.2.jar at spark://c0373bd0174c:39697/jars/commons-logging_commons-logging-1.2.jar with timestamp 1716076047409
[2024-05-18T23:47:47.330+0000] {spark_submit.py:571} INFO - 24/05/18 23:47:47 INFO SparkContext: Added JAR file:///home/***/.ivy2/jars/org.apache.spark_spark-token-provider-kafka-0-10_2.12-3.5.1.jar at spark://c0373bd0174c:39697/jars/org.apache.spark_spark-token-provider-kafka-0-10_2.12-3.5.1.jar with timestamp 1716076047409
[2024-05-18T23:47:47.333+0000] {spark_submit.py:571} INFO - 24/05/18 23:47:47 INFO SparkContext: Added JAR file:///home/***/.ivy2/jars/org.apache.commons_commons-pool2-2.11.1.jar at spark://c0373bd0174c:39697/jars/org.apache.commons_commons-pool2-2.11.1.jar with timestamp 1716076047409
[2024-05-18T23:47:47.335+0000] {spark_submit.py:571} INFO - 24/05/18 23:47:47 INFO SparkContext: Added JAR file:///home/***/.ivy2/jars/org.apache.hadoop_hadoop-client-runtime-3.3.4.jar at spark://c0373bd0174c:39697/jars/org.apache.hadoop_hadoop-client-runtime-3.3.4.jar with timestamp 1716076047409
[2024-05-18T23:47:47.354+0000] {spark_submit.py:571} INFO - 24/05/18 23:47:47 INFO SparkContext: Added JAR file:///home/***/.ivy2/jars/org.apache.hadoop_hadoop-client-api-3.3.4.jar at spark://c0373bd0174c:39697/jars/org.apache.hadoop_hadoop-client-api-3.3.4.jar with timestamp 1716076047409
[2024-05-18T23:47:47.365+0000] {spark_submit.py:571} INFO - 24/05/18 23:47:47 INFO SparkContext: Added JAR file:///home/***/.ivy2/jars/org.xerial.snappy_snappy-java-1.1.10.3.jar at spark://c0373bd0174c:39697/jars/org.xerial.snappy_snappy-java-1.1.10.3.jar with timestamp 1716076047409
[2024-05-18T23:47:47.371+0000] {spark_submit.py:571} INFO - 24/05/18 23:47:47 INFO SparkContext: Added JAR file:///home/***/.ivy2/jars/org.slf4j_slf4j-api-2.0.7.jar at spark://c0373bd0174c:39697/jars/org.slf4j_slf4j-api-2.0.7.jar with timestamp 1716076047409
[2024-05-18T23:47:47.379+0000] {spark_submit.py:571} INFO - 24/05/18 23:47:47 INFO SparkContext: Added JAR file:///home/***/.ivy2/jars/com.datastax.spark_spark-cassandra-connector-driver_2.12-3.5.0.jar at spark://c0373bd0174c:39697/jars/com.datastax.spark_spark-cassandra-connector-driver_2.12-3.5.0.jar with timestamp 1716076047409
[2024-05-18T23:47:47.382+0000] {spark_submit.py:571} INFO - 24/05/18 23:47:47 INFO SparkContext: Added JAR file:///home/***/.ivy2/jars/org.scala-lang.modules_scala-collection-compat_2.12-2.11.0.jar at spark://c0373bd0174c:39697/jars/org.scala-lang.modules_scala-collection-compat_2.12-2.11.0.jar with timestamp 1716076047409
[2024-05-18T23:47:47.385+0000] {spark_submit.py:571} INFO - 24/05/18 23:47:47 INFO SparkContext: Added JAR file:///home/***/.ivy2/jars/com.datastax.oss_java-driver-core-shaded-4.13.0.jar at spark://c0373bd0174c:39697/jars/com.datastax.oss_java-driver-core-shaded-4.13.0.jar with timestamp 1716076047409
[2024-05-18T23:47:47.388+0000] {spark_submit.py:571} INFO - 24/05/18 23:47:47 INFO SparkContext: Added JAR file:///home/***/.ivy2/jars/com.datastax.oss_java-driver-mapper-runtime-4.13.0.jar at spark://c0373bd0174c:39697/jars/com.datastax.oss_java-driver-mapper-runtime-4.13.0.jar with timestamp 1716076047409
[2024-05-18T23:47:47.392+0000] {spark_submit.py:571} INFO - 24/05/18 23:47:47 INFO SparkContext: Added JAR file:///home/***/.ivy2/jars/org.apache.commons_commons-lang3-3.10.jar at spark://c0373bd0174c:39697/jars/org.apache.commons_commons-lang3-3.10.jar with timestamp 1716076047409
[2024-05-18T23:47:47.396+0000] {spark_submit.py:571} INFO - 24/05/18 23:47:47 INFO SparkContext: Added JAR file:///home/***/.ivy2/jars/com.thoughtworks.paranamer_paranamer-2.8.jar at spark://c0373bd0174c:39697/jars/com.thoughtworks.paranamer_paranamer-2.8.jar with timestamp 1716076047409
[2024-05-18T23:47:47.398+0000] {spark_submit.py:571} INFO - 24/05/18 23:47:47 INFO SparkContext: Added JAR file:///home/***/.ivy2/jars/org.scala-lang_scala-reflect-2.12.11.jar at spark://c0373bd0174c:39697/jars/org.scala-lang_scala-reflect-2.12.11.jar with timestamp 1716076047409
[2024-05-18T23:47:47.405+0000] {spark_submit.py:571} INFO - 24/05/18 23:47:47 INFO SparkContext: Added JAR file:///home/***/.ivy2/jars/com.datastax.oss_native-protocol-1.5.0.jar at spark://c0373bd0174c:39697/jars/com.datastax.oss_native-protocol-1.5.0.jar with timestamp 1716076047409
[2024-05-18T23:47:47.408+0000] {spark_submit.py:571} INFO - 24/05/18 23:47:47 INFO SparkContext: Added JAR file:///home/***/.ivy2/jars/com.datastax.oss_java-driver-shaded-guava-25.1-jre-graal-sub-1.jar at spark://c0373bd0174c:39697/jars/com.datastax.oss_java-driver-shaded-guava-25.1-jre-graal-sub-1.jar with timestamp 1716076047409
[2024-05-18T23:47:47.411+0000] {spark_submit.py:571} INFO - 24/05/18 23:47:47 INFO SparkContext: Added JAR file:///home/***/.ivy2/jars/com.typesafe_config-1.4.1.jar at spark://c0373bd0174c:39697/jars/com.typesafe_config-1.4.1.jar with timestamp 1716076047409
[2024-05-18T23:47:47.415+0000] {spark_submit.py:571} INFO - 24/05/18 23:47:47 INFO SparkContext: Added JAR file:///home/***/.ivy2/jars/io.dropwizard.metrics_metrics-core-4.1.18.jar at spark://c0373bd0174c:39697/jars/io.dropwizard.metrics_metrics-core-4.1.18.jar with timestamp 1716076047409
[2024-05-18T23:47:47.423+0000] {spark_submit.py:571} INFO - 24/05/18 23:47:47 INFO SparkContext: Added JAR file:///home/***/.ivy2/jars/org.hdrhistogram_HdrHistogram-2.1.12.jar at spark://c0373bd0174c:39697/jars/org.hdrhistogram_HdrHistogram-2.1.12.jar with timestamp 1716076047409
[2024-05-18T23:47:47.427+0000] {spark_submit.py:571} INFO - 24/05/18 23:47:47 INFO SparkContext: Added JAR file:///home/***/.ivy2/jars/org.reactivestreams_reactive-streams-1.0.3.jar at spark://c0373bd0174c:39697/jars/org.reactivestreams_reactive-streams-1.0.3.jar with timestamp 1716076047409
[2024-05-18T23:47:47.434+0000] {spark_submit.py:571} INFO - 24/05/18 23:47:47 INFO SparkContext: Added JAR file:///home/***/.ivy2/jars/com.github.stephenc.jcip_jcip-annotations-1.0-1.jar at spark://c0373bd0174c:39697/jars/com.github.stephenc.jcip_jcip-annotations-1.0-1.jar with timestamp 1716076047409
[2024-05-18T23:47:47.435+0000] {spark_submit.py:571} INFO - 24/05/18 23:47:47 INFO SparkContext: Added JAR file:///home/***/.ivy2/jars/com.github.spotbugs_spotbugs-annotations-3.1.12.jar at spark://c0373bd0174c:39697/jars/com.github.spotbugs_spotbugs-annotations-3.1.12.jar with timestamp 1716076047409
[2024-05-18T23:47:47.439+0000] {spark_submit.py:571} INFO - 24/05/18 23:47:47 INFO SparkContext: Added JAR file:///home/***/.ivy2/jars/com.google.code.findbugs_jsr305-3.0.2.jar at spark://c0373bd0174c:39697/jars/com.google.code.findbugs_jsr305-3.0.2.jar with timestamp 1716076047409
[2024-05-18T23:47:47.442+0000] {spark_submit.py:571} INFO - 24/05/18 23:47:47 INFO SparkContext: Added JAR file:///home/***/.ivy2/jars/com.datastax.oss_java-driver-query-builder-4.13.0.jar at spark://c0373bd0174c:39697/jars/com.datastax.oss_java-driver-query-builder-4.13.0.jar with timestamp 1716076047409
[2024-05-18T23:47:47.447+0000] {spark_submit.py:571} INFO - 24/05/18 23:47:47 INFO SparkContext: Added JAR file:///home/***/.ivy2/jars/com.github.luben_zstd-jni-1.5.5-1.jar at spark://c0373bd0174c:39697/jars/com.github.luben_zstd-jni-1.5.5-1.jar with timestamp 1716076047409
[2024-05-18T23:47:47.452+0000] {spark_submit.py:571} INFO - 24/05/18 23:47:47 INFO SparkContext: Added JAR file:///home/***/.ivy2/jars/org.lz4_lz4-java-1.8.0.jar at spark://c0373bd0174c:39697/jars/org.lz4_lz4-java-1.8.0.jar with timestamp 1716076047409
[2024-05-18T23:47:47.468+0000] {spark_submit.py:571} INFO - 24/05/18 23:47:47 INFO SparkContext: Added file file:///home/***/.ivy2/jars/org.apache.spark_spark-sql-kafka-0-10_2.12-3.5.1.jar at spark://c0373bd0174c:39697/files/org.apache.spark_spark-sql-kafka-0-10_2.12-3.5.1.jar with timestamp 1716076047409
[2024-05-18T23:47:47.514+0000] {spark_submit.py:571} INFO - 24/05/18 23:47:47 INFO Utils: Copying /home/***/.ivy2/jars/org.apache.spark_spark-sql-kafka-0-10_2.12-3.5.1.jar to /tmp/spark-3648b76f-de18-406a-8273-d219826f9c73/userFiles-4d27cc8d-cbad-4f5a-ae95-bdd6611ae822/org.apache.spark_spark-sql-kafka-0-10_2.12-3.5.1.jar
[2024-05-18T23:47:48.007+0000] {spark_submit.py:571} INFO - 24/05/18 23:47:48 INFO SparkContext: Added file file:///home/***/.ivy2/jars/com.datastax.spark_spark-cassandra-connector_2.12-3.5.0.jar at spark://c0373bd0174c:39697/files/com.datastax.spark_spark-cassandra-connector_2.12-3.5.0.jar with timestamp 1716076047409
[2024-05-18T23:47:48.022+0000] {spark_submit.py:571} INFO - 24/05/18 23:47:48 INFO Utils: Copying /home/***/.ivy2/jars/com.datastax.spark_spark-cassandra-connector_2.12-3.5.0.jar to /tmp/spark-3648b76f-de18-406a-8273-d219826f9c73/userFiles-4d27cc8d-cbad-4f5a-ae95-bdd6611ae822/com.datastax.spark_spark-cassandra-connector_2.12-3.5.0.jar
[2024-05-18T23:47:48.126+0000] {spark_submit.py:571} INFO - 24/05/18 23:47:48 INFO SparkContext: Added file file:///home/***/.ivy2/jars/org.apache.kafka_kafka-clients-3.5.1.jar at spark://c0373bd0174c:39697/files/org.apache.kafka_kafka-clients-3.5.1.jar with timestamp 1716076047409
[2024-05-18T23:47:48.135+0000] {spark_submit.py:571} INFO - 24/05/18 23:47:48 INFO Utils: Copying /home/***/.ivy2/jars/org.apache.kafka_kafka-clients-3.5.1.jar to /tmp/spark-3648b76f-de18-406a-8273-d219826f9c73/userFiles-4d27cc8d-cbad-4f5a-ae95-bdd6611ae822/org.apache.kafka_kafka-clients-3.5.1.jar
[2024-05-18T23:47:51.608+0000] {spark_submit.py:571} INFO - 24/05/18 23:47:51 INFO SparkContext: Added file file:///home/***/.ivy2/jars/commons-logging_commons-logging-1.2.jar at spark://c0373bd0174c:39697/files/commons-logging_commons-logging-1.2.jar with timestamp 1716076047409
[2024-05-18T23:47:51.626+0000] {spark_submit.py:571} INFO - 24/05/18 23:47:51 INFO Utils: Copying /home/***/.ivy2/jars/commons-logging_commons-logging-1.2.jar to /tmp/spark-3648b76f-de18-406a-8273-d219826f9c73/userFiles-4d27cc8d-cbad-4f5a-ae95-bdd6611ae822/commons-logging_commons-logging-1.2.jar
[2024-05-18T23:47:51.661+0000] {spark_submit.py:571} INFO - 24/05/18 23:47:51 INFO SparkContext: Added file file:///home/***/.ivy2/jars/org.apache.spark_spark-token-provider-kafka-0-10_2.12-3.5.1.jar at spark://c0373bd0174c:39697/files/org.apache.spark_spark-token-provider-kafka-0-10_2.12-3.5.1.jar with timestamp 1716076047409
[2024-05-18T23:47:51.664+0000] {spark_submit.py:571} INFO - 24/05/18 23:47:51 INFO Utils: Copying /home/***/.ivy2/jars/org.apache.spark_spark-token-provider-kafka-0-10_2.12-3.5.1.jar to /tmp/spark-3648b76f-de18-406a-8273-d219826f9c73/userFiles-4d27cc8d-cbad-4f5a-ae95-bdd6611ae822/org.apache.spark_spark-token-provider-kafka-0-10_2.12-3.5.1.jar
[2024-05-18T23:47:51.704+0000] {spark_submit.py:571} INFO - 24/05/18 23:47:51 INFO SparkContext: Added file file:///home/***/.ivy2/jars/org.apache.commons_commons-pool2-2.11.1.jar at spark://c0373bd0174c:39697/files/org.apache.commons_commons-pool2-2.11.1.jar with timestamp 1716076047409
[2024-05-18T23:47:51.706+0000] {spark_submit.py:571} INFO - 24/05/18 23:47:51 INFO Utils: Copying /home/***/.ivy2/jars/org.apache.commons_commons-pool2-2.11.1.jar to /tmp/spark-3648b76f-de18-406a-8273-d219826f9c73/userFiles-4d27cc8d-cbad-4f5a-ae95-bdd6611ae822/org.apache.commons_commons-pool2-2.11.1.jar
[2024-05-18T23:47:51.751+0000] {spark_submit.py:571} INFO - 24/05/18 23:47:51 INFO SparkContext: Added file file:///home/***/.ivy2/jars/org.apache.hadoop_hadoop-client-runtime-3.3.4.jar at spark://c0373bd0174c:39697/files/org.apache.hadoop_hadoop-client-runtime-3.3.4.jar with timestamp 1716076047409
[2024-05-18T23:47:51.756+0000] {spark_submit.py:571} INFO - 24/05/18 23:47:51 INFO Utils: Copying /home/***/.ivy2/jars/org.apache.hadoop_hadoop-client-runtime-3.3.4.jar to /tmp/spark-3648b76f-de18-406a-8273-d219826f9c73/userFiles-4d27cc8d-cbad-4f5a-ae95-bdd6611ae822/org.apache.hadoop_hadoop-client-runtime-3.3.4.jar
[2024-05-18T23:47:55.152+0000] {spark_submit.py:571} INFO - 24/05/18 23:47:55 INFO SparkContext: Added file file:///home/***/.ivy2/jars/org.apache.hadoop_hadoop-client-api-3.3.4.jar at spark://c0373bd0174c:39697/files/org.apache.hadoop_hadoop-client-api-3.3.4.jar with timestamp 1716076047409
[2024-05-18T23:47:55.550+0000] {spark_submit.py:571} INFO - 24/05/18 23:47:55 INFO Utils: Copying /home/***/.ivy2/jars/org.apache.hadoop_hadoop-client-api-3.3.4.jar to /tmp/spark-3648b76f-de18-406a-8273-d219826f9c73/userFiles-4d27cc8d-cbad-4f5a-ae95-bdd6611ae822/org.apache.hadoop_hadoop-client-api-3.3.4.jar
[2024-05-18T23:48:03.892+0000] {spark_submit.py:571} INFO - 24/05/18 23:48:03 INFO SparkContext: Added file file:///home/***/.ivy2/jars/org.xerial.snappy_snappy-java-1.1.10.3.jar at spark://c0373bd0174c:39697/files/org.xerial.snappy_snappy-java-1.1.10.3.jar with timestamp 1716076047409
[2024-05-18T23:48:03.958+0000] {spark_submit.py:571} INFO - 24/05/18 23:48:03 INFO Utils: Copying /home/***/.ivy2/jars/org.xerial.snappy_snappy-java-1.1.10.3.jar to /tmp/spark-3648b76f-de18-406a-8273-d219826f9c73/userFiles-4d27cc8d-cbad-4f5a-ae95-bdd6611ae822/org.xerial.snappy_snappy-java-1.1.10.3.jar
[2024-05-18T23:48:04.577+0000] {spark_submit.py:571} INFO - 24/05/18 23:48:04 INFO SparkContext: Added file file:///home/***/.ivy2/jars/org.slf4j_slf4j-api-2.0.7.jar at spark://c0373bd0174c:39697/files/org.slf4j_slf4j-api-2.0.7.jar with timestamp 1716076047409
[2024-05-18T23:48:04.610+0000] {spark_submit.py:571} INFO - 24/05/18 23:48:04 INFO Utils: Copying /home/***/.ivy2/jars/org.slf4j_slf4j-api-2.0.7.jar to /tmp/spark-3648b76f-de18-406a-8273-d219826f9c73/userFiles-4d27cc8d-cbad-4f5a-ae95-bdd6611ae822/org.slf4j_slf4j-api-2.0.7.jar
[2024-05-18T23:48:05.560+0000] {spark_submit.py:571} INFO - 24/05/18 23:48:05 INFO SparkContext: Added file file:///home/***/.ivy2/jars/com.datastax.spark_spark-cassandra-connector-driver_2.12-3.5.0.jar at spark://c0373bd0174c:39697/files/com.datastax.spark_spark-cassandra-connector-driver_2.12-3.5.0.jar with timestamp 1716076047409
[2024-05-18T23:48:05.565+0000] {spark_submit.py:571} INFO - 24/05/18 23:48:05 INFO Utils: Copying /home/***/.ivy2/jars/com.datastax.spark_spark-cassandra-connector-driver_2.12-3.5.0.jar to /tmp/spark-3648b76f-de18-406a-8273-d219826f9c73/userFiles-4d27cc8d-cbad-4f5a-ae95-bdd6611ae822/com.datastax.spark_spark-cassandra-connector-driver_2.12-3.5.0.jar
[2024-05-18T23:48:05.852+0000] {spark_submit.py:571} INFO - 24/05/18 23:48:05 INFO SparkContext: Added file file:///home/***/.ivy2/jars/org.scala-lang.modules_scala-collection-compat_2.12-2.11.0.jar at spark://c0373bd0174c:39697/files/org.scala-lang.modules_scala-collection-compat_2.12-2.11.0.jar with timestamp 1716076047409
[2024-05-18T23:48:05.870+0000] {spark_submit.py:571} INFO - 24/05/18 23:48:05 INFO Utils: Copying /home/***/.ivy2/jars/org.scala-lang.modules_scala-collection-compat_2.12-2.11.0.jar to /tmp/spark-3648b76f-de18-406a-8273-d219826f9c73/userFiles-4d27cc8d-cbad-4f5a-ae95-bdd6611ae822/org.scala-lang.modules_scala-collection-compat_2.12-2.11.0.jar
[2024-05-18T23:48:06.023+0000] {spark_submit.py:571} INFO - 24/05/18 23:48:06 INFO SparkContext: Added file file:///home/***/.ivy2/jars/com.datastax.oss_java-driver-core-shaded-4.13.0.jar at spark://c0373bd0174c:39697/files/com.datastax.oss_java-driver-core-shaded-4.13.0.jar with timestamp 1716076047409
[2024-05-18T23:48:06.031+0000] {spark_submit.py:571} INFO - 24/05/18 23:48:06 INFO Utils: Copying /home/***/.ivy2/jars/com.datastax.oss_java-driver-core-shaded-4.13.0.jar to /tmp/spark-3648b76f-de18-406a-8273-d219826f9c73/userFiles-4d27cc8d-cbad-4f5a-ae95-bdd6611ae822/com.datastax.oss_java-driver-core-shaded-4.13.0.jar
[2024-05-18T23:48:06.670+0000] {spark_submit.py:571} INFO - 24/05/18 23:48:06 INFO SparkContext: Added file file:///home/***/.ivy2/jars/com.datastax.oss_java-driver-mapper-runtime-4.13.0.jar at spark://c0373bd0174c:39697/files/com.datastax.oss_java-driver-mapper-runtime-4.13.0.jar with timestamp 1716076047409
[2024-05-18T23:48:06.735+0000] {spark_submit.py:571} INFO - 24/05/18 23:48:06 INFO Utils: Copying /home/***/.ivy2/jars/com.datastax.oss_java-driver-mapper-runtime-4.13.0.jar to /tmp/spark-3648b76f-de18-406a-8273-d219826f9c73/userFiles-4d27cc8d-cbad-4f5a-ae95-bdd6611ae822/com.datastax.oss_java-driver-mapper-runtime-4.13.0.jar
[2024-05-18T23:48:06.760+0000] {spark_submit.py:571} INFO - 24/05/18 23:48:06 INFO SparkContext: Added file file:///home/***/.ivy2/jars/org.apache.commons_commons-lang3-3.10.jar at spark://c0373bd0174c:39697/files/org.apache.commons_commons-lang3-3.10.jar with timestamp 1716076047409
[2024-05-18T23:48:06.777+0000] {spark_submit.py:571} INFO - 24/05/18 23:48:06 INFO Utils: Copying /home/***/.ivy2/jars/org.apache.commons_commons-lang3-3.10.jar to /tmp/spark-3648b76f-de18-406a-8273-d219826f9c73/userFiles-4d27cc8d-cbad-4f5a-ae95-bdd6611ae822/org.apache.commons_commons-lang3-3.10.jar
[2024-05-18T23:48:06.873+0000] {spark_submit.py:571} INFO - 24/05/18 23:48:06 INFO SparkContext: Added file file:///home/***/.ivy2/jars/com.thoughtworks.paranamer_paranamer-2.8.jar at spark://c0373bd0174c:39697/files/com.thoughtworks.paranamer_paranamer-2.8.jar with timestamp 1716076047409
[2024-05-18T23:48:06.889+0000] {spark_submit.py:571} INFO - 24/05/18 23:48:06 INFO Utils: Copying /home/***/.ivy2/jars/com.thoughtworks.paranamer_paranamer-2.8.jar to /tmp/spark-3648b76f-de18-406a-8273-d219826f9c73/userFiles-4d27cc8d-cbad-4f5a-ae95-bdd6611ae822/com.thoughtworks.paranamer_paranamer-2.8.jar
[2024-05-18T23:48:08.715+0000] {spark_submit.py:571} INFO - 24/05/18 23:48:08 INFO SparkContext: Added file file:///home/***/.ivy2/jars/org.scala-lang_scala-reflect-2.12.11.jar at spark://c0373bd0174c:39697/files/org.scala-lang_scala-reflect-2.12.11.jar with timestamp 1716076047409
[2024-05-18T23:48:08.733+0000] {spark_submit.py:571} INFO - 24/05/18 23:48:08 INFO Utils: Copying /home/***/.ivy2/jars/org.scala-lang_scala-reflect-2.12.11.jar to /tmp/spark-3648b76f-de18-406a-8273-d219826f9c73/userFiles-4d27cc8d-cbad-4f5a-ae95-bdd6611ae822/org.scala-lang_scala-reflect-2.12.11.jar
[2024-05-18T23:48:09.313+0000] {spark_submit.py:571} INFO - 24/05/18 23:48:09 INFO SparkContext: Added file file:///home/***/.ivy2/jars/com.datastax.oss_native-protocol-1.5.0.jar at spark://c0373bd0174c:39697/files/com.datastax.oss_native-protocol-1.5.0.jar with timestamp 1716076047409
[2024-05-18T23:48:09.322+0000] {spark_submit.py:571} INFO - 24/05/18 23:48:09 INFO Utils: Copying /home/***/.ivy2/jars/com.datastax.oss_native-protocol-1.5.0.jar to /tmp/spark-3648b76f-de18-406a-8273-d219826f9c73/userFiles-4d27cc8d-cbad-4f5a-ae95-bdd6611ae822/com.datastax.oss_native-protocol-1.5.0.jar
[2024-05-18T23:48:09.444+0000] {spark_submit.py:571} INFO - 24/05/18 23:48:09 INFO SparkContext: Added file file:///home/***/.ivy2/jars/com.datastax.oss_java-driver-shaded-guava-25.1-jre-graal-sub-1.jar at spark://c0373bd0174c:39697/files/com.datastax.oss_java-driver-shaded-guava-25.1-jre-graal-sub-1.jar with timestamp 1716076047409
[2024-05-18T23:48:09.455+0000] {spark_submit.py:571} INFO - 24/05/18 23:48:09 INFO Utils: Copying /home/***/.ivy2/jars/com.datastax.oss_java-driver-shaded-guava-25.1-jre-graal-sub-1.jar to /tmp/spark-3648b76f-de18-406a-8273-d219826f9c73/userFiles-4d27cc8d-cbad-4f5a-ae95-bdd6611ae822/com.datastax.oss_java-driver-shaded-guava-25.1-jre-graal-sub-1.jar
[2024-05-18T23:48:09.564+0000] {spark_submit.py:571} INFO - 24/05/18 23:48:09 INFO SparkContext: Added file file:///home/***/.ivy2/jars/com.typesafe_config-1.4.1.jar at spark://c0373bd0174c:39697/files/com.typesafe_config-1.4.1.jar with timestamp 1716076047409
[2024-05-18T23:48:09.572+0000] {spark_submit.py:571} INFO - 24/05/18 23:48:09 INFO Utils: Copying /home/***/.ivy2/jars/com.typesafe_config-1.4.1.jar to /tmp/spark-3648b76f-de18-406a-8273-d219826f9c73/userFiles-4d27cc8d-cbad-4f5a-ae95-bdd6611ae822/com.typesafe_config-1.4.1.jar
[2024-05-18T23:48:09.584+0000] {spark_submit.py:571} INFO - 24/05/18 23:48:09 INFO SparkContext: Added file file:///home/***/.ivy2/jars/io.dropwizard.metrics_metrics-core-4.1.18.jar at spark://c0373bd0174c:39697/files/io.dropwizard.metrics_metrics-core-4.1.18.jar with timestamp 1716076047409
[2024-05-18T23:48:09.589+0000] {spark_submit.py:571} INFO - 24/05/18 23:48:09 INFO Utils: Copying /home/***/.ivy2/jars/io.dropwizard.metrics_metrics-core-4.1.18.jar to /tmp/spark-3648b76f-de18-406a-8273-d219826f9c73/userFiles-4d27cc8d-cbad-4f5a-ae95-bdd6611ae822/io.dropwizard.metrics_metrics-core-4.1.18.jar
[2024-05-18T23:48:09.626+0000] {spark_submit.py:571} INFO - 24/05/18 23:48:09 INFO SparkContext: Added file file:///home/***/.ivy2/jars/org.hdrhistogram_HdrHistogram-2.1.12.jar at spark://c0373bd0174c:39697/files/org.hdrhistogram_HdrHistogram-2.1.12.jar with timestamp 1716076047409
[2024-05-18T23:48:09.633+0000] {spark_submit.py:571} INFO - 24/05/18 23:48:09 INFO Utils: Copying /home/***/.ivy2/jars/org.hdrhistogram_HdrHistogram-2.1.12.jar to /tmp/spark-3648b76f-de18-406a-8273-d219826f9c73/userFiles-4d27cc8d-cbad-4f5a-ae95-bdd6611ae822/org.hdrhistogram_HdrHistogram-2.1.12.jar
[2024-05-18T23:48:09.698+0000] {spark_submit.py:571} INFO - 24/05/18 23:48:09 INFO SparkContext: Added file file:///home/***/.ivy2/jars/org.reactivestreams_reactive-streams-1.0.3.jar at spark://c0373bd0174c:39697/files/org.reactivestreams_reactive-streams-1.0.3.jar with timestamp 1716076047409
[2024-05-18T23:48:09.702+0000] {spark_submit.py:571} INFO - 24/05/18 23:48:09 INFO Utils: Copying /home/***/.ivy2/jars/org.reactivestreams_reactive-streams-1.0.3.jar to /tmp/spark-3648b76f-de18-406a-8273-d219826f9c73/userFiles-4d27cc8d-cbad-4f5a-ae95-bdd6611ae822/org.reactivestreams_reactive-streams-1.0.3.jar
[2024-05-18T23:48:09.710+0000] {spark_submit.py:571} INFO - 24/05/18 23:48:09 INFO SparkContext: Added file file:///home/***/.ivy2/jars/com.github.stephenc.jcip_jcip-annotations-1.0-1.jar at spark://c0373bd0174c:39697/files/com.github.stephenc.jcip_jcip-annotations-1.0-1.jar with timestamp 1716076047409
[2024-05-18T23:48:09.710+0000] {spark_submit.py:571} INFO - 24/05/18 23:48:09 INFO Utils: Copying /home/***/.ivy2/jars/com.github.stephenc.jcip_jcip-annotations-1.0-1.jar to /tmp/spark-3648b76f-de18-406a-8273-d219826f9c73/userFiles-4d27cc8d-cbad-4f5a-ae95-bdd6611ae822/com.github.stephenc.jcip_jcip-annotations-1.0-1.jar
[2024-05-18T23:48:09.751+0000] {spark_submit.py:571} INFO - 24/05/18 23:48:09 INFO SparkContext: Added file file:///home/***/.ivy2/jars/com.github.spotbugs_spotbugs-annotations-3.1.12.jar at spark://c0373bd0174c:39697/files/com.github.spotbugs_spotbugs-annotations-3.1.12.jar with timestamp 1716076047409
[2024-05-18T23:48:09.755+0000] {spark_submit.py:571} INFO - 24/05/18 23:48:09 INFO Utils: Copying /home/***/.ivy2/jars/com.github.spotbugs_spotbugs-annotations-3.1.12.jar to /tmp/spark-3648b76f-de18-406a-8273-d219826f9c73/userFiles-4d27cc8d-cbad-4f5a-ae95-bdd6611ae822/com.github.spotbugs_spotbugs-annotations-3.1.12.jar
[2024-05-18T23:48:09.819+0000] {spark_submit.py:571} INFO - 24/05/18 23:48:09 INFO SparkContext: Added file file:///home/***/.ivy2/jars/com.google.code.findbugs_jsr305-3.0.2.jar at spark://c0373bd0174c:39697/files/com.google.code.findbugs_jsr305-3.0.2.jar with timestamp 1716076047409
[2024-05-18T23:48:09.823+0000] {spark_submit.py:571} INFO - 24/05/18 23:48:09 INFO Utils: Copying /home/***/.ivy2/jars/com.google.code.findbugs_jsr305-3.0.2.jar to /tmp/spark-3648b76f-de18-406a-8273-d219826f9c73/userFiles-4d27cc8d-cbad-4f5a-ae95-bdd6611ae822/com.google.code.findbugs_jsr305-3.0.2.jar
[2024-05-18T23:48:09.851+0000] {spark_submit.py:571} INFO - 24/05/18 23:48:09 INFO SparkContext: Added file file:///home/***/.ivy2/jars/com.datastax.oss_java-driver-query-builder-4.13.0.jar at spark://c0373bd0174c:39697/files/com.datastax.oss_java-driver-query-builder-4.13.0.jar with timestamp 1716076047409
[2024-05-18T23:48:09.853+0000] {spark_submit.py:571} INFO - 24/05/18 23:48:09 INFO Utils: Copying /home/***/.ivy2/jars/com.datastax.oss_java-driver-query-builder-4.13.0.jar to /tmp/spark-3648b76f-de18-406a-8273-d219826f9c73/userFiles-4d27cc8d-cbad-4f5a-ae95-bdd6611ae822/com.datastax.oss_java-driver-query-builder-4.13.0.jar
[2024-05-18T23:48:09.916+0000] {spark_submit.py:571} INFO - 24/05/18 23:48:09 INFO SparkContext: Added file file:///home/***/.ivy2/jars/com.github.luben_zstd-jni-1.5.5-1.jar at spark://c0373bd0174c:39697/files/com.github.luben_zstd-jni-1.5.5-1.jar with timestamp 1716076047409
[2024-05-18T23:48:09.924+0000] {spark_submit.py:571} INFO - 24/05/18 23:48:09 INFO Utils: Copying /home/***/.ivy2/jars/com.github.luben_zstd-jni-1.5.5-1.jar to /tmp/spark-3648b76f-de18-406a-8273-d219826f9c73/userFiles-4d27cc8d-cbad-4f5a-ae95-bdd6611ae822/com.github.luben_zstd-jni-1.5.5-1.jar
[2024-05-18T23:48:10.382+0000] {spark_submit.py:571} INFO - 24/05/18 23:48:10 INFO SparkContext: Added file file:///home/***/.ivy2/jars/org.lz4_lz4-java-1.8.0.jar at spark://c0373bd0174c:39697/files/org.lz4_lz4-java-1.8.0.jar with timestamp 1716076047409
[2024-05-18T23:48:10.421+0000] {spark_submit.py:571} INFO - 24/05/18 23:48:10 INFO Utils: Copying /home/***/.ivy2/jars/org.lz4_lz4-java-1.8.0.jar to /tmp/spark-3648b76f-de18-406a-8273-d219826f9c73/userFiles-4d27cc8d-cbad-4f5a-ae95-bdd6611ae822/org.lz4_lz4-java-1.8.0.jar
[2024-05-18T23:48:27.162+0000] {spark_submit.py:571} INFO - 24/05/18 23:48:27 INFO StandaloneAppClient$ClientEndpoint: Connecting to master spark://spark-master:7077...
[2024-05-18T23:48:37.811+0000] {spark_submit.py:571} INFO - 24/05/18 23:48:37 INFO TransportClientFactory: Successfully created connection to spark-master/192.168.16.3:7077 after 8001 ms (0 ms spent in bootstraps)
[2024-05-18T23:48:48.369+0000] {spark_submit.py:571} INFO - 24/05/18 23:48:48 INFO StandaloneAppClient$ClientEndpoint: Connecting to master spark://spark-master:7077...
[2024-05-18T23:49:02.535+0000] {local_task_job_runner.py:124} ERROR - Received SIGTERM. Terminating subprocesses
[2024-05-18T23:49:09.105+0000] {process_utils.py:132} INFO - Sending 15 to group 2658. PIDs of all processes in the group: [2859, 3216, 2658]
[2024-05-18T23:49:10.266+0000] {process_utils.py:87} INFO - Sending the signal 15 to group 2658
