[2024-05-20T05:01:15.002+0000] {local_task_job_runner.py:120} INFO - ::group::Pre task execution logs
[2024-05-20T05:01:15.024+0000] {taskinstance.py:2076} INFO - Dependencies all met for dep_context=non-requeueable deps ti=<TaskInstance: Redfin_Webscraping_ETL.Process_and_Send_Data_to_DB scheduled__2024-05-19T00:00:00+00:00 [queued]>
[2024-05-20T05:01:15.028+0000] {taskinstance.py:2076} INFO - Dependencies all met for dep_context=requeueable deps ti=<TaskInstance: Redfin_Webscraping_ETL.Process_and_Send_Data_to_DB scheduled__2024-05-19T00:00:00+00:00 [queued]>
[2024-05-20T05:01:15.029+0000] {taskinstance.py:2306} INFO - Starting attempt 4 of 6
[2024-05-20T05:01:15.035+0000] {taskinstance.py:2330} INFO - Executing <Task(SparkSubmitOperator): Process_and_Send_Data_to_DB> on 2024-05-19 00:00:00+00:00
[2024-05-20T05:01:15.042+0000] {standard_task_runner.py:63} INFO - Started process 16250 to run task
[2024-05-20T05:01:15.046+0000] {standard_task_runner.py:90} INFO - Running: ['***', 'tasks', 'run', 'Redfin_Webscraping_ETL', 'Process_and_Send_Data_to_DB', 'scheduled__2024-05-19T00:00:00+00:00', '--job-id', '467', '--raw', '--subdir', 'DAGS_FOLDER/webscrapping.py', '--cfg-path', '/tmp/tmp4l0x2dsc']
[2024-05-20T05:01:15.048+0000] {standard_task_runner.py:91} INFO - Job 467: Subtask Process_and_Send_Data_to_DB
[2024-05-20T05:01:15.099+0000] {task_command.py:426} INFO - Running <TaskInstance: Redfin_Webscraping_ETL.Process_and_Send_Data_to_DB scheduled__2024-05-19T00:00:00+00:00 [running]> on host eddd84e36bad
[2024-05-20T05:01:15.144+0000] {taskinstance.py:2648} INFO - Exporting env vars: AIRFLOW_CTX_DAG_OWNER='svc' AIRFLOW_CTX_DAG_ID='Redfin_Webscraping_ETL' AIRFLOW_CTX_TASK_ID='Process_and_Send_Data_to_DB' AIRFLOW_CTX_EXECUTION_DATE='2024-05-19T00:00:00+00:00' AIRFLOW_CTX_TRY_NUMBER='4' AIRFLOW_CTX_DAG_RUN_ID='scheduled__2024-05-19T00:00:00+00:00'
[2024-05-20T05:01:15.144+0000] {taskinstance.py:430} INFO - ::endgroup::
[2024-05-20T05:01:15.161+0000] {base.py:84} INFO - Using connection ID 'spark_default' for task execution.
[2024-05-20T05:01:15.162+0000] {spark_submit.py:401} INFO - Spark-Submit cmd: spark-submit --master spark://spark-master:7077 --packages org.apache.spark:spark-sql-kafka-0-10_2.12:3.5.1,com.datastax.spark:spark-cassandra-connector_2.12:3.5.0,org.apache.kafka:kafka-clients:3.5.1,commons-logging:commons-logging:1.2 --name arrow-spark --deploy-mode client dags/includes/jobs/spark_consumer.py
[2024-05-20T05:01:15.301+0000] {spark_submit.py:571} INFO - /home/***/.local/lib/python3.11/site-packages/pyspark/bin/load-spark-env.sh: line 68: ps: command not found
[2024-05-20T05:01:17.170+0000] {spark_submit.py:571} INFO - :: loading settings :: url = jar:file:/home/***/.local/lib/python3.11/site-packages/pyspark/jars/ivy-2.5.1.jar!/org/apache/ivy/core/settings/ivysettings.xml
[2024-05-20T05:01:17.285+0000] {spark_submit.py:571} INFO - Ivy Default Cache set to: /home/***/.ivy2/cache
[2024-05-20T05:01:17.286+0000] {spark_submit.py:571} INFO - The jars for the packages stored in: /home/***/.ivy2/jars
[2024-05-20T05:01:17.307+0000] {spark_submit.py:571} INFO - org.apache.spark#spark-sql-kafka-0-10_2.12 added as a dependency
[2024-05-20T05:01:17.307+0000] {spark_submit.py:571} INFO - com.datastax.spark#spark-cassandra-connector_2.12 added as a dependency
[2024-05-20T05:01:17.308+0000] {spark_submit.py:571} INFO - org.apache.kafka#kafka-clients added as a dependency
[2024-05-20T05:01:17.308+0000] {spark_submit.py:571} INFO - commons-logging#commons-logging added as a dependency
[2024-05-20T05:01:17.308+0000] {spark_submit.py:571} INFO - :: resolving dependencies :: org.apache.spark#spark-submit-parent-8047f669-3a5f-4139-8050-780b09597d24;1.0
[2024-05-20T05:01:17.308+0000] {spark_submit.py:571} INFO - confs: [default]
[2024-05-20T05:01:17.493+0000] {spark_submit.py:571} INFO - found org.apache.spark#spark-sql-kafka-0-10_2.12;3.5.1 in central
[2024-05-20T05:01:17.544+0000] {spark_submit.py:571} INFO - found org.apache.spark#spark-token-provider-kafka-0-10_2.12;3.5.1 in central
[2024-05-20T05:01:17.579+0000] {spark_submit.py:571} INFO - found org.apache.hadoop#hadoop-client-runtime;3.3.4 in central
[2024-05-20T05:01:17.638+0000] {spark_submit.py:571} INFO - found org.apache.hadoop#hadoop-client-api;3.3.4 in central
[2024-05-20T05:01:17.665+0000] {spark_submit.py:571} INFO - found org.xerial.snappy#snappy-java;1.1.10.3 in central
[2024-05-20T05:01:17.679+0000] {spark_submit.py:571} INFO - found org.slf4j#slf4j-api;2.0.7 in central
[2024-05-20T05:01:17.695+0000] {spark_submit.py:571} INFO - found com.google.code.findbugs#jsr305;3.0.0 in central
[2024-05-20T05:01:17.712+0000] {spark_submit.py:571} INFO - found org.apache.commons#commons-pool2;2.11.1 in central
[2024-05-20T05:01:17.737+0000] {spark_submit.py:571} INFO - found com.datastax.spark#spark-cassandra-connector_2.12;3.5.0 in central
[2024-05-20T05:01:17.759+0000] {spark_submit.py:571} INFO - found com.datastax.spark#spark-cassandra-connector-driver_2.12;3.5.0 in central
[2024-05-20T05:01:17.798+0000] {spark_submit.py:571} INFO - found org.scala-lang.modules#scala-collection-compat_2.12;2.11.0 in central
[2024-05-20T05:01:17.814+0000] {spark_submit.py:571} INFO - found com.datastax.oss#java-driver-core-shaded;4.13.0 in central
[2024-05-20T05:01:17.824+0000] {spark_submit.py:571} INFO - found com.datastax.oss#native-protocol;1.5.0 in central
[2024-05-20T05:01:17.847+0000] {spark_submit.py:571} INFO - found com.datastax.oss#java-driver-shaded-guava;25.1-jre-graal-sub-1 in central
[2024-05-20T05:01:17.896+0000] {spark_submit.py:571} INFO - found com.typesafe#config;1.4.1 in central
[2024-05-20T05:01:17.926+0000] {spark_submit.py:571} INFO - found io.dropwizard.metrics#metrics-core;4.1.18 in central
[2024-05-20T05:01:17.978+0000] {spark_submit.py:571} INFO - found org.hdrhistogram#HdrHistogram;2.1.12 in central
[2024-05-20T05:01:17.995+0000] {spark_submit.py:571} INFO - found org.reactivestreams#reactive-streams;1.0.3 in central
[2024-05-20T05:01:18.017+0000] {spark_submit.py:571} INFO - found com.github.stephenc.jcip#jcip-annotations;1.0-1 in central
[2024-05-20T05:01:18.087+0000] {spark_submit.py:571} INFO - found com.github.spotbugs#spotbugs-annotations;3.1.12 in central
[2024-05-20T05:01:18.109+0000] {spark_submit.py:571} INFO - found com.google.code.findbugs#jsr305;3.0.2 in central
[2024-05-20T05:01:18.140+0000] {spark_submit.py:571} INFO - found com.datastax.oss#java-driver-mapper-runtime;4.13.0 in central
[2024-05-20T05:01:18.162+0000] {spark_submit.py:571} INFO - found com.datastax.oss#java-driver-query-builder;4.13.0 in central
[2024-05-20T05:01:18.209+0000] {spark_submit.py:571} INFO - found org.apache.commons#commons-lang3;3.10 in central
[2024-05-20T05:01:18.225+0000] {spark_submit.py:571} INFO - found com.thoughtworks.paranamer#paranamer;2.8 in central
[2024-05-20T05:01:18.253+0000] {spark_submit.py:571} INFO - found org.scala-lang#scala-reflect;2.12.11 in central
[2024-05-20T05:01:18.269+0000] {spark_submit.py:571} INFO - found org.apache.kafka#kafka-clients;3.5.1 in central
[2024-05-20T05:01:18.276+0000] {spark_submit.py:571} INFO - found com.github.luben#zstd-jni;1.5.5-1 in spark-list
[2024-05-20T05:01:18.283+0000] {spark_submit.py:571} INFO - found org.lz4#lz4-java;1.8.0 in central
[2024-05-20T05:01:18.292+0000] {spark_submit.py:571} INFO - found commons-logging#commons-logging;1.2 in central
[2024-05-20T05:01:18.341+0000] {spark_submit.py:571} INFO - :: resolution report :: resolve 998ms :: artifacts dl 34ms
[2024-05-20T05:01:18.342+0000] {spark_submit.py:571} INFO - :: modules in use:
[2024-05-20T05:01:18.342+0000] {spark_submit.py:571} INFO - com.datastax.oss#java-driver-core-shaded;4.13.0 from central in [default]
[2024-05-20T05:01:18.344+0000] {spark_submit.py:571} INFO - com.datastax.oss#java-driver-mapper-runtime;4.13.0 from central in [default]
[2024-05-20T05:01:18.347+0000] {spark_submit.py:571} INFO - com.datastax.oss#java-driver-query-builder;4.13.0 from central in [default]
[2024-05-20T05:01:18.351+0000] {spark_submit.py:571} INFO - com.datastax.oss#java-driver-shaded-guava;25.1-jre-graal-sub-1 from central in [default]
[2024-05-20T05:01:18.351+0000] {spark_submit.py:571} INFO - com.datastax.oss#native-protocol;1.5.0 from central in [default]
[2024-05-20T05:01:18.352+0000] {spark_submit.py:571} INFO - com.datastax.spark#spark-cassandra-connector-driver_2.12;3.5.0 from central in [default]
[2024-05-20T05:01:18.352+0000] {spark_submit.py:571} INFO - com.datastax.spark#spark-cassandra-connector_2.12;3.5.0 from central in [default]
[2024-05-20T05:01:18.353+0000] {spark_submit.py:571} INFO - com.github.luben#zstd-jni;1.5.5-1 from spark-list in [default]
[2024-05-20T05:01:18.353+0000] {spark_submit.py:571} INFO - com.github.spotbugs#spotbugs-annotations;3.1.12 from central in [default]
[2024-05-20T05:01:18.354+0000] {spark_submit.py:571} INFO - com.github.stephenc.jcip#jcip-annotations;1.0-1 from central in [default]
[2024-05-20T05:01:18.354+0000] {spark_submit.py:571} INFO - com.google.code.findbugs#jsr305;3.0.2 from central in [default]
[2024-05-20T05:01:18.355+0000] {spark_submit.py:571} INFO - com.thoughtworks.paranamer#paranamer;2.8 from central in [default]
[2024-05-20T05:01:18.355+0000] {spark_submit.py:571} INFO - com.typesafe#config;1.4.1 from central in [default]
[2024-05-20T05:01:18.355+0000] {spark_submit.py:571} INFO - commons-logging#commons-logging;1.2 from central in [default]
[2024-05-20T05:01:18.356+0000] {spark_submit.py:571} INFO - io.dropwizard.metrics#metrics-core;4.1.18 from central in [default]
[2024-05-20T05:01:18.356+0000] {spark_submit.py:571} INFO - org.apache.commons#commons-lang3;3.10 from central in [default]
[2024-05-20T05:01:18.357+0000] {spark_submit.py:571} INFO - org.apache.commons#commons-pool2;2.11.1 from central in [default]
[2024-05-20T05:01:18.357+0000] {spark_submit.py:571} INFO - org.apache.hadoop#hadoop-client-api;3.3.4 from central in [default]
[2024-05-20T05:01:18.358+0000] {spark_submit.py:571} INFO - org.apache.hadoop#hadoop-client-runtime;3.3.4 from central in [default]
[2024-05-20T05:01:18.358+0000] {spark_submit.py:571} INFO - org.apache.kafka#kafka-clients;3.5.1 from central in [default]
[2024-05-20T05:01:18.359+0000] {spark_submit.py:571} INFO - org.apache.spark#spark-sql-kafka-0-10_2.12;3.5.1 from central in [default]
[2024-05-20T05:01:18.360+0000] {spark_submit.py:571} INFO - org.apache.spark#spark-token-provider-kafka-0-10_2.12;3.5.1 from central in [default]
[2024-05-20T05:01:18.361+0000] {spark_submit.py:571} INFO - org.hdrhistogram#HdrHistogram;2.1.12 from central in [default]
[2024-05-20T05:01:18.362+0000] {spark_submit.py:571} INFO - org.lz4#lz4-java;1.8.0 from central in [default]
[2024-05-20T05:01:18.362+0000] {spark_submit.py:571} INFO - org.reactivestreams#reactive-streams;1.0.3 from central in [default]
[2024-05-20T05:01:18.363+0000] {spark_submit.py:571} INFO - org.scala-lang#scala-reflect;2.12.11 from central in [default]
[2024-05-20T05:01:18.363+0000] {spark_submit.py:571} INFO - org.scala-lang.modules#scala-collection-compat_2.12;2.11.0 from central in [default]
[2024-05-20T05:01:18.364+0000] {spark_submit.py:571} INFO - org.slf4j#slf4j-api;2.0.7 from central in [default]
[2024-05-20T05:01:18.364+0000] {spark_submit.py:571} INFO - org.xerial.snappy#snappy-java;1.1.10.3 from central in [default]
[2024-05-20T05:01:18.365+0000] {spark_submit.py:571} INFO - :: evicted modules:
[2024-05-20T05:01:18.365+0000] {spark_submit.py:571} INFO - org.apache.kafka#kafka-clients;3.4.1 by [org.apache.kafka#kafka-clients;3.5.1] in [default]
[2024-05-20T05:01:18.366+0000] {spark_submit.py:571} INFO - commons-logging#commons-logging;1.1.3 by [commons-logging#commons-logging;1.2] in [default]
[2024-05-20T05:01:18.366+0000] {spark_submit.py:571} INFO - com.google.code.findbugs#jsr305;3.0.0 by [com.google.code.findbugs#jsr305;3.0.2] in [default]
[2024-05-20T05:01:18.366+0000] {spark_submit.py:571} INFO - org.slf4j#slf4j-api;1.7.26 by [org.slf4j#slf4j-api;2.0.7] in [default]
[2024-05-20T05:01:18.367+0000] {spark_submit.py:571} INFO - org.xerial.snappy#snappy-java;1.1.10.1 by [org.xerial.snappy#snappy-java;1.1.10.3] in [default]
[2024-05-20T05:01:18.367+0000] {spark_submit.py:571} INFO - org.slf4j#slf4j-api;1.7.36 by [org.slf4j#slf4j-api;2.0.7] in [default]
[2024-05-20T05:01:18.368+0000] {spark_submit.py:571} INFO - ---------------------------------------------------------------------
[2024-05-20T05:01:18.368+0000] {spark_submit.py:571} INFO - |                  |            modules            ||   artifacts   |
[2024-05-20T05:01:18.368+0000] {spark_submit.py:571} INFO - |       conf       | number| search|dwnlded|evicted|| number|dwnlded|
[2024-05-20T05:01:18.368+0000] {spark_submit.py:571} INFO - ---------------------------------------------------------------------
[2024-05-20T05:01:18.369+0000] {spark_submit.py:571} INFO - |      default     |   35  |   0   |   0   |   6   ||   29  |   0   |
[2024-05-20T05:01:18.369+0000] {spark_submit.py:571} INFO - ---------------------------------------------------------------------
[2024-05-20T05:01:18.369+0000] {spark_submit.py:571} INFO - :: retrieving :: org.apache.spark#spark-submit-parent-8047f669-3a5f-4139-8050-780b09597d24
[2024-05-20T05:01:18.369+0000] {spark_submit.py:571} INFO - confs: [default]
[2024-05-20T05:01:18.370+0000] {spark_submit.py:571} INFO - 0 artifacts copied, 29 already retrieved (0kB/14ms)
[2024-05-20T05:01:18.632+0000] {spark_submit.py:571} INFO - 24/05/20 05:01:18 WARN NativeCodeLoader: Unable to load native-hadoop library for your platform... using builtin-java classes where applicable
[2024-05-20T05:01:20.646+0000] {spark_submit.py:571} INFO - 24/05/20 05:01:20 INFO SparkContext: Running Spark version 3.5.1
[2024-05-20T05:01:20.653+0000] {spark_submit.py:571} INFO - 24/05/20 05:01:20 INFO SparkContext: OS info Linux, 6.6.26-linuxkit, aarch64
[2024-05-20T05:01:20.653+0000] {spark_submit.py:571} INFO - 24/05/20 05:01:20 INFO SparkContext: Java version 11.0.23
[2024-05-20T05:01:20.685+0000] {spark_submit.py:571} INFO - 24/05/20 05:01:20 INFO ResourceUtils: ==============================================================
[2024-05-20T05:01:20.685+0000] {spark_submit.py:571} INFO - 24/05/20 05:01:20 INFO ResourceUtils: No custom resources configured for spark.driver.
[2024-05-20T05:01:20.686+0000] {spark_submit.py:571} INFO - 24/05/20 05:01:20 INFO ResourceUtils: ==============================================================
[2024-05-20T05:01:20.686+0000] {spark_submit.py:571} INFO - 24/05/20 05:01:20 INFO SparkContext: Submitted application: Redfin_Properties_Consumer
[2024-05-20T05:01:20.708+0000] {spark_submit.py:571} INFO - 24/05/20 05:01:20 INFO ResourceProfile: Default ResourceProfile created, executor resources: Map(memory -> name: memory, amount: 1024, script: , vendor: , offHeap -> name: offHeap, amount: 0, script: , vendor: ), task resources: Map(cpus -> name: cpus, amount: 1.0)
[2024-05-20T05:01:20.720+0000] {spark_submit.py:571} INFO - 24/05/20 05:01:20 INFO ResourceProfile: Limiting resource is cpu
[2024-05-20T05:01:20.721+0000] {spark_submit.py:571} INFO - 24/05/20 05:01:20 INFO ResourceProfileManager: Added ResourceProfile id: 0
[2024-05-20T05:01:20.792+0000] {spark_submit.py:571} INFO - 24/05/20 05:01:20 INFO SecurityManager: Changing view acls to: ***
[2024-05-20T05:01:20.793+0000] {spark_submit.py:571} INFO - 24/05/20 05:01:20 INFO SecurityManager: Changing modify acls to: ***
[2024-05-20T05:01:20.793+0000] {spark_submit.py:571} INFO - 24/05/20 05:01:20 INFO SecurityManager: Changing view acls groups to:
[2024-05-20T05:01:20.793+0000] {spark_submit.py:571} INFO - 24/05/20 05:01:20 INFO SecurityManager: Changing modify acls groups to:
[2024-05-20T05:01:20.793+0000] {spark_submit.py:571} INFO - 24/05/20 05:01:20 INFO SecurityManager: SecurityManager: authentication disabled; ui acls disabled; users with view permissions: ***; groups with view permissions: EMPTY; users with modify permissions: ***; groups with modify permissions: EMPTY
[2024-05-20T05:01:21.057+0000] {spark_submit.py:571} INFO - 24/05/20 05:01:21 INFO Utils: Successfully started service 'sparkDriver' on port 35381.
[2024-05-20T05:01:21.089+0000] {spark_submit.py:571} INFO - 24/05/20 05:01:21 INFO SparkEnv: Registering MapOutputTracker
[2024-05-20T05:01:21.124+0000] {spark_submit.py:571} INFO - 24/05/20 05:01:21 INFO SparkEnv: Registering BlockManagerMaster
[2024-05-20T05:01:21.171+0000] {spark_submit.py:571} INFO - 24/05/20 05:01:21 INFO BlockManagerMasterEndpoint: Using org.apache.spark.storage.DefaultTopologyMapper for getting topology information
[2024-05-20T05:01:21.171+0000] {spark_submit.py:571} INFO - 24/05/20 05:01:21 INFO BlockManagerMasterEndpoint: BlockManagerMasterEndpoint up
[2024-05-20T05:01:21.175+0000] {spark_submit.py:571} INFO - 24/05/20 05:01:21 INFO SparkEnv: Registering BlockManagerMasterHeartbeat
[2024-05-20T05:01:21.196+0000] {spark_submit.py:571} INFO - 24/05/20 05:01:21 INFO DiskBlockManager: Created local directory at /tmp/blockmgr-af570a99-73ae-49c3-bded-9c88dfcce3f1
[2024-05-20T05:01:21.207+0000] {spark_submit.py:571} INFO - 24/05/20 05:01:21 INFO MemoryStore: MemoryStore started with capacity 434.4 MiB
[2024-05-20T05:01:21.218+0000] {spark_submit.py:571} INFO - 24/05/20 05:01:21 INFO SparkEnv: Registering OutputCommitCoordinator
[2024-05-20T05:01:21.340+0000] {spark_submit.py:571} INFO - 24/05/20 05:01:21 INFO JettyUtils: Start Jetty 0.0.0.0:4040 for SparkUI
[2024-05-20T05:01:21.395+0000] {spark_submit.py:571} INFO - 24/05/20 05:01:21 INFO Utils: Successfully started service 'SparkUI' on port 4040.
[2024-05-20T05:01:21.425+0000] {spark_submit.py:571} INFO - 24/05/20 05:01:21 INFO SparkContext: Added JAR file:///home/***/.ivy2/jars/org.apache.spark_spark-sql-kafka-0-10_2.12-3.5.1.jar at spark://eddd84e36bad:35381/jars/org.apache.spark_spark-sql-kafka-0-10_2.12-3.5.1.jar with timestamp 1716181280631
[2024-05-20T05:01:21.425+0000] {spark_submit.py:571} INFO - 24/05/20 05:01:21 INFO SparkContext: Added JAR file:///home/***/.ivy2/jars/com.datastax.spark_spark-cassandra-connector_2.12-3.5.0.jar at spark://eddd84e36bad:35381/jars/com.datastax.spark_spark-cassandra-connector_2.12-3.5.0.jar with timestamp 1716181280631
[2024-05-20T05:01:21.425+0000] {spark_submit.py:571} INFO - 24/05/20 05:01:21 INFO SparkContext: Added JAR file:///home/***/.ivy2/jars/org.apache.kafka_kafka-clients-3.5.1.jar at spark://eddd84e36bad:35381/jars/org.apache.kafka_kafka-clients-3.5.1.jar with timestamp 1716181280631
[2024-05-20T05:01:21.425+0000] {spark_submit.py:571} INFO - 24/05/20 05:01:21 INFO SparkContext: Added JAR file:///home/***/.ivy2/jars/commons-logging_commons-logging-1.2.jar at spark://eddd84e36bad:35381/jars/commons-logging_commons-logging-1.2.jar with timestamp 1716181280631
[2024-05-20T05:01:21.426+0000] {spark_submit.py:571} INFO - 24/05/20 05:01:21 INFO SparkContext: Added JAR file:///home/***/.ivy2/jars/org.apache.spark_spark-token-provider-kafka-0-10_2.12-3.5.1.jar at spark://eddd84e36bad:35381/jars/org.apache.spark_spark-token-provider-kafka-0-10_2.12-3.5.1.jar with timestamp 1716181280631
[2024-05-20T05:01:21.426+0000] {spark_submit.py:571} INFO - 24/05/20 05:01:21 INFO SparkContext: Added JAR file:///home/***/.ivy2/jars/org.apache.commons_commons-pool2-2.11.1.jar at spark://eddd84e36bad:35381/jars/org.apache.commons_commons-pool2-2.11.1.jar with timestamp 1716181280631
[2024-05-20T05:01:21.426+0000] {spark_submit.py:571} INFO - 24/05/20 05:01:21 INFO SparkContext: Added JAR file:///home/***/.ivy2/jars/org.apache.hadoop_hadoop-client-runtime-3.3.4.jar at spark://eddd84e36bad:35381/jars/org.apache.hadoop_hadoop-client-runtime-3.3.4.jar with timestamp 1716181280631
[2024-05-20T05:01:21.426+0000] {spark_submit.py:571} INFO - 24/05/20 05:01:21 INFO SparkContext: Added JAR file:///home/***/.ivy2/jars/org.apache.hadoop_hadoop-client-api-3.3.4.jar at spark://eddd84e36bad:35381/jars/org.apache.hadoop_hadoop-client-api-3.3.4.jar with timestamp 1716181280631
[2024-05-20T05:01:21.427+0000] {spark_submit.py:571} INFO - 24/05/20 05:01:21 INFO SparkContext: Added JAR file:///home/***/.ivy2/jars/org.xerial.snappy_snappy-java-1.1.10.3.jar at spark://eddd84e36bad:35381/jars/org.xerial.snappy_snappy-java-1.1.10.3.jar with timestamp 1716181280631
[2024-05-20T05:01:21.427+0000] {spark_submit.py:571} INFO - 24/05/20 05:01:21 INFO SparkContext: Added JAR file:///home/***/.ivy2/jars/org.slf4j_slf4j-api-2.0.7.jar at spark://eddd84e36bad:35381/jars/org.slf4j_slf4j-api-2.0.7.jar with timestamp 1716181280631
[2024-05-20T05:01:21.427+0000] {spark_submit.py:571} INFO - 24/05/20 05:01:21 INFO SparkContext: Added JAR file:///home/***/.ivy2/jars/com.datastax.spark_spark-cassandra-connector-driver_2.12-3.5.0.jar at spark://eddd84e36bad:35381/jars/com.datastax.spark_spark-cassandra-connector-driver_2.12-3.5.0.jar with timestamp 1716181280631
[2024-05-20T05:01:21.427+0000] {spark_submit.py:571} INFO - 24/05/20 05:01:21 INFO SparkContext: Added JAR file:///home/***/.ivy2/jars/org.scala-lang.modules_scala-collection-compat_2.12-2.11.0.jar at spark://eddd84e36bad:35381/jars/org.scala-lang.modules_scala-collection-compat_2.12-2.11.0.jar with timestamp 1716181280631
[2024-05-20T05:01:21.428+0000] {spark_submit.py:571} INFO - 24/05/20 05:01:21 INFO SparkContext: Added JAR file:///home/***/.ivy2/jars/com.datastax.oss_java-driver-core-shaded-4.13.0.jar at spark://eddd84e36bad:35381/jars/com.datastax.oss_java-driver-core-shaded-4.13.0.jar with timestamp 1716181280631
[2024-05-20T05:01:21.428+0000] {spark_submit.py:571} INFO - 24/05/20 05:01:21 INFO SparkContext: Added JAR file:///home/***/.ivy2/jars/com.datastax.oss_java-driver-mapper-runtime-4.13.0.jar at spark://eddd84e36bad:35381/jars/com.datastax.oss_java-driver-mapper-runtime-4.13.0.jar with timestamp 1716181280631
[2024-05-20T05:01:21.428+0000] {spark_submit.py:571} INFO - 24/05/20 05:01:21 INFO SparkContext: Added JAR file:///home/***/.ivy2/jars/org.apache.commons_commons-lang3-3.10.jar at spark://eddd84e36bad:35381/jars/org.apache.commons_commons-lang3-3.10.jar with timestamp 1716181280631
[2024-05-20T05:01:21.428+0000] {spark_submit.py:571} INFO - 24/05/20 05:01:21 INFO SparkContext: Added JAR file:///home/***/.ivy2/jars/com.thoughtworks.paranamer_paranamer-2.8.jar at spark://eddd84e36bad:35381/jars/com.thoughtworks.paranamer_paranamer-2.8.jar with timestamp 1716181280631
[2024-05-20T05:01:21.428+0000] {spark_submit.py:571} INFO - 24/05/20 05:01:21 INFO SparkContext: Added JAR file:///home/***/.ivy2/jars/org.scala-lang_scala-reflect-2.12.11.jar at spark://eddd84e36bad:35381/jars/org.scala-lang_scala-reflect-2.12.11.jar with timestamp 1716181280631
[2024-05-20T05:01:21.429+0000] {spark_submit.py:571} INFO - 24/05/20 05:01:21 INFO SparkContext: Added JAR file:///home/***/.ivy2/jars/com.datastax.oss_native-protocol-1.5.0.jar at spark://eddd84e36bad:35381/jars/com.datastax.oss_native-protocol-1.5.0.jar with timestamp 1716181280631
[2024-05-20T05:01:21.429+0000] {spark_submit.py:571} INFO - 24/05/20 05:01:21 INFO SparkContext: Added JAR file:///home/***/.ivy2/jars/com.datastax.oss_java-driver-shaded-guava-25.1-jre-graal-sub-1.jar at spark://eddd84e36bad:35381/jars/com.datastax.oss_java-driver-shaded-guava-25.1-jre-graal-sub-1.jar with timestamp 1716181280631
[2024-05-20T05:01:21.429+0000] {spark_submit.py:571} INFO - 24/05/20 05:01:21 INFO SparkContext: Added JAR file:///home/***/.ivy2/jars/com.typesafe_config-1.4.1.jar at spark://eddd84e36bad:35381/jars/com.typesafe_config-1.4.1.jar with timestamp 1716181280631
[2024-05-20T05:01:21.429+0000] {spark_submit.py:571} INFO - 24/05/20 05:01:21 INFO SparkContext: Added JAR file:///home/***/.ivy2/jars/io.dropwizard.metrics_metrics-core-4.1.18.jar at spark://eddd84e36bad:35381/jars/io.dropwizard.metrics_metrics-core-4.1.18.jar with timestamp 1716181280631
[2024-05-20T05:01:21.429+0000] {spark_submit.py:571} INFO - 24/05/20 05:01:21 INFO SparkContext: Added JAR file:///home/***/.ivy2/jars/org.hdrhistogram_HdrHistogram-2.1.12.jar at spark://eddd84e36bad:35381/jars/org.hdrhistogram_HdrHistogram-2.1.12.jar with timestamp 1716181280631
[2024-05-20T05:01:21.429+0000] {spark_submit.py:571} INFO - 24/05/20 05:01:21 INFO SparkContext: Added JAR file:///home/***/.ivy2/jars/org.reactivestreams_reactive-streams-1.0.3.jar at spark://eddd84e36bad:35381/jars/org.reactivestreams_reactive-streams-1.0.3.jar with timestamp 1716181280631
[2024-05-20T05:01:21.430+0000] {spark_submit.py:571} INFO - 24/05/20 05:01:21 INFO SparkContext: Added JAR file:///home/***/.ivy2/jars/com.github.stephenc.jcip_jcip-annotations-1.0-1.jar at spark://eddd84e36bad:35381/jars/com.github.stephenc.jcip_jcip-annotations-1.0-1.jar with timestamp 1716181280631
[2024-05-20T05:01:21.430+0000] {spark_submit.py:571} INFO - 24/05/20 05:01:21 INFO SparkContext: Added JAR file:///home/***/.ivy2/jars/com.github.spotbugs_spotbugs-annotations-3.1.12.jar at spark://eddd84e36bad:35381/jars/com.github.spotbugs_spotbugs-annotations-3.1.12.jar with timestamp 1716181280631
[2024-05-20T05:01:21.430+0000] {spark_submit.py:571} INFO - 24/05/20 05:01:21 INFO SparkContext: Added JAR file:///home/***/.ivy2/jars/com.google.code.findbugs_jsr305-3.0.2.jar at spark://eddd84e36bad:35381/jars/com.google.code.findbugs_jsr305-3.0.2.jar with timestamp 1716181280631
[2024-05-20T05:01:21.430+0000] {spark_submit.py:571} INFO - 24/05/20 05:01:21 INFO SparkContext: Added JAR file:///home/***/.ivy2/jars/com.datastax.oss_java-driver-query-builder-4.13.0.jar at spark://eddd84e36bad:35381/jars/com.datastax.oss_java-driver-query-builder-4.13.0.jar with timestamp 1716181280631
[2024-05-20T05:01:21.430+0000] {spark_submit.py:571} INFO - 24/05/20 05:01:21 INFO SparkContext: Added JAR file:///home/***/.ivy2/jars/com.github.luben_zstd-jni-1.5.5-1.jar at spark://eddd84e36bad:35381/jars/com.github.luben_zstd-jni-1.5.5-1.jar with timestamp 1716181280631
[2024-05-20T05:01:21.430+0000] {spark_submit.py:571} INFO - 24/05/20 05:01:21 INFO SparkContext: Added JAR file:///home/***/.ivy2/jars/org.lz4_lz4-java-1.8.0.jar at spark://eddd84e36bad:35381/jars/org.lz4_lz4-java-1.8.0.jar with timestamp 1716181280631
[2024-05-20T05:01:21.431+0000] {spark_submit.py:571} INFO - 24/05/20 05:01:21 INFO SparkContext: Added file file:///home/***/.ivy2/jars/org.apache.spark_spark-sql-kafka-0-10_2.12-3.5.1.jar at spark://eddd84e36bad:35381/files/org.apache.spark_spark-sql-kafka-0-10_2.12-3.5.1.jar with timestamp 1716181280631
[2024-05-20T05:01:21.431+0000] {spark_submit.py:571} INFO - 24/05/20 05:01:21 INFO Utils: Copying /home/***/.ivy2/jars/org.apache.spark_spark-sql-kafka-0-10_2.12-3.5.1.jar to /tmp/spark-5396fb84-c158-456e-88f0-dffbea5067c3/userFiles-d22dee81-3622-45ac-8bce-f433f9768be5/org.apache.spark_spark-sql-kafka-0-10_2.12-3.5.1.jar
[2024-05-20T05:01:21.447+0000] {spark_submit.py:571} INFO - 24/05/20 05:01:21 INFO SparkContext: Added file file:///home/***/.ivy2/jars/com.datastax.spark_spark-cassandra-connector_2.12-3.5.0.jar at spark://eddd84e36bad:35381/files/com.datastax.spark_spark-cassandra-connector_2.12-3.5.0.jar with timestamp 1716181280631
[2024-05-20T05:01:21.447+0000] {spark_submit.py:571} INFO - 24/05/20 05:01:21 INFO Utils: Copying /home/***/.ivy2/jars/com.datastax.spark_spark-cassandra-connector_2.12-3.5.0.jar to /tmp/spark-5396fb84-c158-456e-88f0-dffbea5067c3/userFiles-d22dee81-3622-45ac-8bce-f433f9768be5/com.datastax.spark_spark-cassandra-connector_2.12-3.5.0.jar
[2024-05-20T05:01:21.469+0000] {spark_submit.py:571} INFO - 24/05/20 05:01:21 INFO SparkContext: Added file file:///home/***/.ivy2/jars/org.apache.kafka_kafka-clients-3.5.1.jar at spark://eddd84e36bad:35381/files/org.apache.kafka_kafka-clients-3.5.1.jar with timestamp 1716181280631
[2024-05-20T05:01:21.469+0000] {spark_submit.py:571} INFO - 24/05/20 05:01:21 INFO Utils: Copying /home/***/.ivy2/jars/org.apache.kafka_kafka-clients-3.5.1.jar to /tmp/spark-5396fb84-c158-456e-88f0-dffbea5067c3/userFiles-d22dee81-3622-45ac-8bce-f433f9768be5/org.apache.kafka_kafka-clients-3.5.1.jar
[2024-05-20T05:01:21.494+0000] {spark_submit.py:571} INFO - 24/05/20 05:01:21 INFO SparkContext: Added file file:///home/***/.ivy2/jars/commons-logging_commons-logging-1.2.jar at spark://eddd84e36bad:35381/files/commons-logging_commons-logging-1.2.jar with timestamp 1716181280631
[2024-05-20T05:01:21.495+0000] {spark_submit.py:571} INFO - 24/05/20 05:01:21 INFO Utils: Copying /home/***/.ivy2/jars/commons-logging_commons-logging-1.2.jar to /tmp/spark-5396fb84-c158-456e-88f0-dffbea5067c3/userFiles-d22dee81-3622-45ac-8bce-f433f9768be5/commons-logging_commons-logging-1.2.jar
[2024-05-20T05:01:21.500+0000] {spark_submit.py:571} INFO - 24/05/20 05:01:21 INFO SparkContext: Added file file:///home/***/.ivy2/jars/org.apache.spark_spark-token-provider-kafka-0-10_2.12-3.5.1.jar at spark://eddd84e36bad:35381/files/org.apache.spark_spark-token-provider-kafka-0-10_2.12-3.5.1.jar with timestamp 1716181280631
[2024-05-20T05:01:21.501+0000] {spark_submit.py:571} INFO - 24/05/20 05:01:21 INFO Utils: Copying /home/***/.ivy2/jars/org.apache.spark_spark-token-provider-kafka-0-10_2.12-3.5.1.jar to /tmp/spark-5396fb84-c158-456e-88f0-dffbea5067c3/userFiles-d22dee81-3622-45ac-8bce-f433f9768be5/org.apache.spark_spark-token-provider-kafka-0-10_2.12-3.5.1.jar
[2024-05-20T05:01:21.505+0000] {spark_submit.py:571} INFO - 24/05/20 05:01:21 INFO SparkContext: Added file file:///home/***/.ivy2/jars/org.apache.commons_commons-pool2-2.11.1.jar at spark://eddd84e36bad:35381/files/org.apache.commons_commons-pool2-2.11.1.jar with timestamp 1716181280631
[2024-05-20T05:01:21.507+0000] {spark_submit.py:571} INFO - 24/05/20 05:01:21 INFO Utils: Copying /home/***/.ivy2/jars/org.apache.commons_commons-pool2-2.11.1.jar to /tmp/spark-5396fb84-c158-456e-88f0-dffbea5067c3/userFiles-d22dee81-3622-45ac-8bce-f433f9768be5/org.apache.commons_commons-pool2-2.11.1.jar
[2024-05-20T05:01:21.511+0000] {spark_submit.py:571} INFO - 24/05/20 05:01:21 INFO SparkContext: Added file file:///home/***/.ivy2/jars/org.apache.hadoop_hadoop-client-runtime-3.3.4.jar at spark://eddd84e36bad:35381/files/org.apache.hadoop_hadoop-client-runtime-3.3.4.jar with timestamp 1716181280631
[2024-05-20T05:01:21.514+0000] {spark_submit.py:571} INFO - 24/05/20 05:01:21 INFO Utils: Copying /home/***/.ivy2/jars/org.apache.hadoop_hadoop-client-runtime-3.3.4.jar to /tmp/spark-5396fb84-c158-456e-88f0-dffbea5067c3/userFiles-d22dee81-3622-45ac-8bce-f433f9768be5/org.apache.hadoop_hadoop-client-runtime-3.3.4.jar
[2024-05-20T05:01:21.716+0000] {spark_submit.py:571} INFO - 24/05/20 05:01:21 INFO SparkContext: Added file file:///home/***/.ivy2/jars/org.apache.hadoop_hadoop-client-api-3.3.4.jar at spark://eddd84e36bad:35381/files/org.apache.hadoop_hadoop-client-api-3.3.4.jar with timestamp 1716181280631
[2024-05-20T05:01:21.717+0000] {spark_submit.py:571} INFO - 24/05/20 05:01:21 INFO Utils: Copying /home/***/.ivy2/jars/org.apache.hadoop_hadoop-client-api-3.3.4.jar to /tmp/spark-5396fb84-c158-456e-88f0-dffbea5067c3/userFiles-d22dee81-3622-45ac-8bce-f433f9768be5/org.apache.hadoop_hadoop-client-api-3.3.4.jar
[2024-05-20T05:01:21.845+0000] {spark_submit.py:571} INFO - 24/05/20 05:01:21 INFO SparkContext: Added file file:///home/***/.ivy2/jars/org.xerial.snappy_snappy-java-1.1.10.3.jar at spark://eddd84e36bad:35381/files/org.xerial.snappy_snappy-java-1.1.10.3.jar with timestamp 1716181280631
[2024-05-20T05:01:21.846+0000] {spark_submit.py:571} INFO - 24/05/20 05:01:21 INFO Utils: Copying /home/***/.ivy2/jars/org.xerial.snappy_snappy-java-1.1.10.3.jar to /tmp/spark-5396fb84-c158-456e-88f0-dffbea5067c3/userFiles-d22dee81-3622-45ac-8bce-f433f9768be5/org.xerial.snappy_snappy-java-1.1.10.3.jar
[2024-05-20T05:01:21.859+0000] {spark_submit.py:571} INFO - 24/05/20 05:01:21 INFO SparkContext: Added file file:///home/***/.ivy2/jars/org.slf4j_slf4j-api-2.0.7.jar at spark://eddd84e36bad:35381/files/org.slf4j_slf4j-api-2.0.7.jar with timestamp 1716181280631
[2024-05-20T05:01:21.860+0000] {spark_submit.py:571} INFO - 24/05/20 05:01:21 INFO Utils: Copying /home/***/.ivy2/jars/org.slf4j_slf4j-api-2.0.7.jar to /tmp/spark-5396fb84-c158-456e-88f0-dffbea5067c3/userFiles-d22dee81-3622-45ac-8bce-f433f9768be5/org.slf4j_slf4j-api-2.0.7.jar
[2024-05-20T05:01:21.872+0000] {spark_submit.py:571} INFO - 24/05/20 05:01:21 INFO SparkContext: Added file file:///home/***/.ivy2/jars/com.datastax.spark_spark-cassandra-connector-driver_2.12-3.5.0.jar at spark://eddd84e36bad:35381/files/com.datastax.spark_spark-cassandra-connector-driver_2.12-3.5.0.jar with timestamp 1716181280631
[2024-05-20T05:01:21.873+0000] {spark_submit.py:571} INFO - 24/05/20 05:01:21 INFO Utils: Copying /home/***/.ivy2/jars/com.datastax.spark_spark-cassandra-connector-driver_2.12-3.5.0.jar to /tmp/spark-5396fb84-c158-456e-88f0-dffbea5067c3/userFiles-d22dee81-3622-45ac-8bce-f433f9768be5/com.datastax.spark_spark-cassandra-connector-driver_2.12-3.5.0.jar
[2024-05-20T05:01:21.888+0000] {spark_submit.py:571} INFO - 24/05/20 05:01:21 INFO SparkContext: Added file file:///home/***/.ivy2/jars/org.scala-lang.modules_scala-collection-compat_2.12-2.11.0.jar at spark://eddd84e36bad:35381/files/org.scala-lang.modules_scala-collection-compat_2.12-2.11.0.jar with timestamp 1716181280631
[2024-05-20T05:01:21.890+0000] {spark_submit.py:571} INFO - 24/05/20 05:01:21 INFO Utils: Copying /home/***/.ivy2/jars/org.scala-lang.modules_scala-collection-compat_2.12-2.11.0.jar to /tmp/spark-5396fb84-c158-456e-88f0-dffbea5067c3/userFiles-d22dee81-3622-45ac-8bce-f433f9768be5/org.scala-lang.modules_scala-collection-compat_2.12-2.11.0.jar
[2024-05-20T05:01:21.893+0000] {spark_submit.py:571} INFO - 24/05/20 05:01:21 INFO SparkContext: Added file file:///home/***/.ivy2/jars/com.datastax.oss_java-driver-core-shaded-4.13.0.jar at spark://eddd84e36bad:35381/files/com.datastax.oss_java-driver-core-shaded-4.13.0.jar with timestamp 1716181280631
[2024-05-20T05:01:21.894+0000] {spark_submit.py:571} INFO - 24/05/20 05:01:21 INFO Utils: Copying /home/***/.ivy2/jars/com.datastax.oss_java-driver-core-shaded-4.13.0.jar to /tmp/spark-5396fb84-c158-456e-88f0-dffbea5067c3/userFiles-d22dee81-3622-45ac-8bce-f433f9768be5/com.datastax.oss_java-driver-core-shaded-4.13.0.jar
[2024-05-20T05:01:21.956+0000] {spark_submit.py:571} INFO - 24/05/20 05:01:21 INFO SparkContext: Added file file:///home/***/.ivy2/jars/com.datastax.oss_java-driver-mapper-runtime-4.13.0.jar at spark://eddd84e36bad:35381/files/com.datastax.oss_java-driver-mapper-runtime-4.13.0.jar with timestamp 1716181280631
[2024-05-20T05:01:21.956+0000] {spark_submit.py:571} INFO - 24/05/20 05:01:21 INFO Utils: Copying /home/***/.ivy2/jars/com.datastax.oss_java-driver-mapper-runtime-4.13.0.jar to /tmp/spark-5396fb84-c158-456e-88f0-dffbea5067c3/userFiles-d22dee81-3622-45ac-8bce-f433f9768be5/com.datastax.oss_java-driver-mapper-runtime-4.13.0.jar
[2024-05-20T05:01:21.962+0000] {spark_submit.py:571} INFO - 24/05/20 05:01:21 INFO SparkContext: Added file file:///home/***/.ivy2/jars/org.apache.commons_commons-lang3-3.10.jar at spark://eddd84e36bad:35381/files/org.apache.commons_commons-lang3-3.10.jar with timestamp 1716181280631
[2024-05-20T05:01:21.962+0000] {spark_submit.py:571} INFO - 24/05/20 05:01:21 INFO Utils: Copying /home/***/.ivy2/jars/org.apache.commons_commons-lang3-3.10.jar to /tmp/spark-5396fb84-c158-456e-88f0-dffbea5067c3/userFiles-d22dee81-3622-45ac-8bce-f433f9768be5/org.apache.commons_commons-lang3-3.10.jar
[2024-05-20T05:01:21.969+0000] {spark_submit.py:571} INFO - 24/05/20 05:01:21 INFO SparkContext: Added file file:///home/***/.ivy2/jars/com.thoughtworks.paranamer_paranamer-2.8.jar at spark://eddd84e36bad:35381/files/com.thoughtworks.paranamer_paranamer-2.8.jar with timestamp 1716181280631
[2024-05-20T05:01:21.970+0000] {spark_submit.py:571} INFO - 24/05/20 05:01:21 INFO Utils: Copying /home/***/.ivy2/jars/com.thoughtworks.paranamer_paranamer-2.8.jar to /tmp/spark-5396fb84-c158-456e-88f0-dffbea5067c3/userFiles-d22dee81-3622-45ac-8bce-f433f9768be5/com.thoughtworks.paranamer_paranamer-2.8.jar
[2024-05-20T05:01:21.973+0000] {spark_submit.py:571} INFO - 24/05/20 05:01:21 INFO SparkContext: Added file file:///home/***/.ivy2/jars/org.scala-lang_scala-reflect-2.12.11.jar at spark://eddd84e36bad:35381/files/org.scala-lang_scala-reflect-2.12.11.jar with timestamp 1716181280631
[2024-05-20T05:01:21.973+0000] {spark_submit.py:571} INFO - 24/05/20 05:01:21 INFO Utils: Copying /home/***/.ivy2/jars/org.scala-lang_scala-reflect-2.12.11.jar to /tmp/spark-5396fb84-c158-456e-88f0-dffbea5067c3/userFiles-d22dee81-3622-45ac-8bce-f433f9768be5/org.scala-lang_scala-reflect-2.12.11.jar
[2024-05-20T05:01:21.996+0000] {spark_submit.py:571} INFO - 24/05/20 05:01:21 INFO SparkContext: Added file file:///home/***/.ivy2/jars/com.datastax.oss_native-protocol-1.5.0.jar at spark://eddd84e36bad:35381/files/com.datastax.oss_native-protocol-1.5.0.jar with timestamp 1716181280631
[2024-05-20T05:01:21.996+0000] {spark_submit.py:571} INFO - 24/05/20 05:01:21 INFO Utils: Copying /home/***/.ivy2/jars/com.datastax.oss_native-protocol-1.5.0.jar to /tmp/spark-5396fb84-c158-456e-88f0-dffbea5067c3/userFiles-d22dee81-3622-45ac-8bce-f433f9768be5/com.datastax.oss_native-protocol-1.5.0.jar
[2024-05-20T05:01:22.001+0000] {spark_submit.py:571} INFO - 24/05/20 05:01:22 INFO SparkContext: Added file file:///home/***/.ivy2/jars/com.datastax.oss_java-driver-shaded-guava-25.1-jre-graal-sub-1.jar at spark://eddd84e36bad:35381/files/com.datastax.oss_java-driver-shaded-guava-25.1-jre-graal-sub-1.jar with timestamp 1716181280631
[2024-05-20T05:01:22.001+0000] {spark_submit.py:571} INFO - 24/05/20 05:01:22 INFO Utils: Copying /home/***/.ivy2/jars/com.datastax.oss_java-driver-shaded-guava-25.1-jre-graal-sub-1.jar to /tmp/spark-5396fb84-c158-456e-88f0-dffbea5067c3/userFiles-d22dee81-3622-45ac-8bce-f433f9768be5/com.datastax.oss_java-driver-shaded-guava-25.1-jre-graal-sub-1.jar
[2024-05-20T05:01:22.017+0000] {spark_submit.py:571} INFO - 24/05/20 05:01:22 INFO SparkContext: Added file file:///home/***/.ivy2/jars/com.typesafe_config-1.4.1.jar at spark://eddd84e36bad:35381/files/com.typesafe_config-1.4.1.jar with timestamp 1716181280631
[2024-05-20T05:01:22.017+0000] {spark_submit.py:571} INFO - 24/05/20 05:01:22 INFO Utils: Copying /home/***/.ivy2/jars/com.typesafe_config-1.4.1.jar to /tmp/spark-5396fb84-c158-456e-88f0-dffbea5067c3/userFiles-d22dee81-3622-45ac-8bce-f433f9768be5/com.typesafe_config-1.4.1.jar
[2024-05-20T05:01:22.029+0000] {spark_submit.py:571} INFO - 24/05/20 05:01:22 INFO SparkContext: Added file file:///home/***/.ivy2/jars/io.dropwizard.metrics_metrics-core-4.1.18.jar at spark://eddd84e36bad:35381/files/io.dropwizard.metrics_metrics-core-4.1.18.jar with timestamp 1716181280631
[2024-05-20T05:01:22.030+0000] {spark_submit.py:571} INFO - 24/05/20 05:01:22 INFO Utils: Copying /home/***/.ivy2/jars/io.dropwizard.metrics_metrics-core-4.1.18.jar to /tmp/spark-5396fb84-c158-456e-88f0-dffbea5067c3/userFiles-d22dee81-3622-45ac-8bce-f433f9768be5/io.dropwizard.metrics_metrics-core-4.1.18.jar
[2024-05-20T05:01:22.035+0000] {spark_submit.py:571} INFO - 24/05/20 05:01:22 INFO SparkContext: Added file file:///home/***/.ivy2/jars/org.hdrhistogram_HdrHistogram-2.1.12.jar at spark://eddd84e36bad:35381/files/org.hdrhistogram_HdrHistogram-2.1.12.jar with timestamp 1716181280631
[2024-05-20T05:01:22.035+0000] {spark_submit.py:571} INFO - 24/05/20 05:01:22 INFO Utils: Copying /home/***/.ivy2/jars/org.hdrhistogram_HdrHistogram-2.1.12.jar to /tmp/spark-5396fb84-c158-456e-88f0-dffbea5067c3/userFiles-d22dee81-3622-45ac-8bce-f433f9768be5/org.hdrhistogram_HdrHistogram-2.1.12.jar
[2024-05-20T05:01:22.039+0000] {spark_submit.py:571} INFO - 24/05/20 05:01:22 INFO SparkContext: Added file file:///home/***/.ivy2/jars/org.reactivestreams_reactive-streams-1.0.3.jar at spark://eddd84e36bad:35381/files/org.reactivestreams_reactive-streams-1.0.3.jar with timestamp 1716181280631
[2024-05-20T05:01:22.039+0000] {spark_submit.py:571} INFO - 24/05/20 05:01:22 INFO Utils: Copying /home/***/.ivy2/jars/org.reactivestreams_reactive-streams-1.0.3.jar to /tmp/spark-5396fb84-c158-456e-88f0-dffbea5067c3/userFiles-d22dee81-3622-45ac-8bce-f433f9768be5/org.reactivestreams_reactive-streams-1.0.3.jar
[2024-05-20T05:01:22.042+0000] {spark_submit.py:571} INFO - 24/05/20 05:01:22 INFO SparkContext: Added file file:///home/***/.ivy2/jars/com.github.stephenc.jcip_jcip-annotations-1.0-1.jar at spark://eddd84e36bad:35381/files/com.github.stephenc.jcip_jcip-annotations-1.0-1.jar with timestamp 1716181280631
[2024-05-20T05:01:22.043+0000] {spark_submit.py:571} INFO - 24/05/20 05:01:22 INFO Utils: Copying /home/***/.ivy2/jars/com.github.stephenc.jcip_jcip-annotations-1.0-1.jar to /tmp/spark-5396fb84-c158-456e-88f0-dffbea5067c3/userFiles-d22dee81-3622-45ac-8bce-f433f9768be5/com.github.stephenc.jcip_jcip-annotations-1.0-1.jar
[2024-05-20T05:01:22.046+0000] {spark_submit.py:571} INFO - 24/05/20 05:01:22 INFO SparkContext: Added file file:///home/***/.ivy2/jars/com.github.spotbugs_spotbugs-annotations-3.1.12.jar at spark://eddd84e36bad:35381/files/com.github.spotbugs_spotbugs-annotations-3.1.12.jar with timestamp 1716181280631
[2024-05-20T05:01:22.047+0000] {spark_submit.py:571} INFO - 24/05/20 05:01:22 INFO Utils: Copying /home/***/.ivy2/jars/com.github.spotbugs_spotbugs-annotations-3.1.12.jar to /tmp/spark-5396fb84-c158-456e-88f0-dffbea5067c3/userFiles-d22dee81-3622-45ac-8bce-f433f9768be5/com.github.spotbugs_spotbugs-annotations-3.1.12.jar
[2024-05-20T05:01:22.049+0000] {spark_submit.py:571} INFO - 24/05/20 05:01:22 INFO SparkContext: Added file file:///home/***/.ivy2/jars/com.google.code.findbugs_jsr305-3.0.2.jar at spark://eddd84e36bad:35381/files/com.google.code.findbugs_jsr305-3.0.2.jar with timestamp 1716181280631
[2024-05-20T05:01:22.050+0000] {spark_submit.py:571} INFO - 24/05/20 05:01:22 INFO Utils: Copying /home/***/.ivy2/jars/com.google.code.findbugs_jsr305-3.0.2.jar to /tmp/spark-5396fb84-c158-456e-88f0-dffbea5067c3/userFiles-d22dee81-3622-45ac-8bce-f433f9768be5/com.google.code.findbugs_jsr305-3.0.2.jar
[2024-05-20T05:01:22.052+0000] {spark_submit.py:571} INFO - 24/05/20 05:01:22 INFO SparkContext: Added file file:///home/***/.ivy2/jars/com.datastax.oss_java-driver-query-builder-4.13.0.jar at spark://eddd84e36bad:35381/files/com.datastax.oss_java-driver-query-builder-4.13.0.jar with timestamp 1716181280631
[2024-05-20T05:01:22.053+0000] {spark_submit.py:571} INFO - 24/05/20 05:01:22 INFO Utils: Copying /home/***/.ivy2/jars/com.datastax.oss_java-driver-query-builder-4.13.0.jar to /tmp/spark-5396fb84-c158-456e-88f0-dffbea5067c3/userFiles-d22dee81-3622-45ac-8bce-f433f9768be5/com.datastax.oss_java-driver-query-builder-4.13.0.jar
[2024-05-20T05:01:22.056+0000] {spark_submit.py:571} INFO - 24/05/20 05:01:22 INFO SparkContext: Added file file:///home/***/.ivy2/jars/com.github.luben_zstd-jni-1.5.5-1.jar at spark://eddd84e36bad:35381/files/com.github.luben_zstd-jni-1.5.5-1.jar with timestamp 1716181280631
[2024-05-20T05:01:22.056+0000] {spark_submit.py:571} INFO - 24/05/20 05:01:22 INFO Utils: Copying /home/***/.ivy2/jars/com.github.luben_zstd-jni-1.5.5-1.jar to /tmp/spark-5396fb84-c158-456e-88f0-dffbea5067c3/userFiles-d22dee81-3622-45ac-8bce-f433f9768be5/com.github.luben_zstd-jni-1.5.5-1.jar
[2024-05-20T05:01:22.089+0000] {spark_submit.py:571} INFO - 24/05/20 05:01:22 INFO SparkContext: Added file file:///home/***/.ivy2/jars/org.lz4_lz4-java-1.8.0.jar at spark://eddd84e36bad:35381/files/org.lz4_lz4-java-1.8.0.jar with timestamp 1716181280631
[2024-05-20T05:01:22.090+0000] {spark_submit.py:571} INFO - 24/05/20 05:01:22 INFO Utils: Copying /home/***/.ivy2/jars/org.lz4_lz4-java-1.8.0.jar to /tmp/spark-5396fb84-c158-456e-88f0-dffbea5067c3/userFiles-d22dee81-3622-45ac-8bce-f433f9768be5/org.lz4_lz4-java-1.8.0.jar
[2024-05-20T05:01:22.235+0000] {spark_submit.py:571} INFO - 24/05/20 05:01:22 INFO StandaloneAppClient$ClientEndpoint: Connecting to master spark://spark-master:7077...
[2024-05-20T05:01:22.305+0000] {spark_submit.py:571} INFO - 24/05/20 05:01:22 INFO TransportClientFactory: Successfully created connection to spark-master/192.168.96.3:7077 after 33 ms (0 ms spent in bootstraps)
[2024-05-20T05:01:22.437+0000] {spark_submit.py:571} INFO - 24/05/20 05:01:22 INFO StandaloneSchedulerBackend: Connected to Spark cluster with app ID app-20240520050122-0010
[2024-05-20T05:01:22.441+0000] {spark_submit.py:571} INFO - 24/05/20 05:01:22 INFO StandaloneAppClient$ClientEndpoint: Executor added: app-20240520050122-0010/0 on worker-20240519000616-192.168.96.6-36477 (192.168.96.6:36477) with 1 core(s)
[2024-05-20T05:01:22.443+0000] {spark_submit.py:571} INFO - 24/05/20 05:01:22 INFO StandaloneSchedulerBackend: Granted executor ID app-20240520050122-0010/0 on hostPort 192.168.96.6:36477 with 1 core(s), 1024.0 MiB RAM
[2024-05-20T05:01:22.451+0000] {spark_submit.py:571} INFO - 24/05/20 05:01:22 INFO Utils: Successfully started service 'org.apache.spark.network.netty.NettyBlockTransferService' on port 40321.
[2024-05-20T05:01:22.452+0000] {spark_submit.py:571} INFO - 24/05/20 05:01:22 INFO NettyBlockTransferService: Server created on eddd84e36bad:40321
[2024-05-20T05:01:22.454+0000] {spark_submit.py:571} INFO - 24/05/20 05:01:22 INFO BlockManager: Using org.apache.spark.storage.RandomBlockReplicationPolicy for block replication policy
[2024-05-20T05:01:22.464+0000] {spark_submit.py:571} INFO - 24/05/20 05:01:22 INFO BlockManagerMaster: Registering BlockManager BlockManagerId(driver, eddd84e36bad, 40321, None)
[2024-05-20T05:01:22.468+0000] {spark_submit.py:571} INFO - 24/05/20 05:01:22 INFO BlockManagerMasterEndpoint: Registering block manager eddd84e36bad:40321 with 434.4 MiB RAM, BlockManagerId(driver, eddd84e36bad, 40321, None)
[2024-05-20T05:01:22.471+0000] {spark_submit.py:571} INFO - 24/05/20 05:01:22 INFO BlockManagerMaster: Registered BlockManager BlockManagerId(driver, eddd84e36bad, 40321, None)
[2024-05-20T05:01:22.472+0000] {spark_submit.py:571} INFO - 24/05/20 05:01:22 INFO BlockManager: Initialized BlockManager: BlockManagerId(driver, eddd84e36bad, 40321, None)
[2024-05-20T05:01:22.573+0000] {spark_submit.py:571} INFO - 24/05/20 05:01:22 INFO StandaloneAppClient$ClientEndpoint: Executor updated: app-20240520050122-0010/0 is now RUNNING
[2024-05-20T05:01:22.930+0000] {spark_submit.py:571} INFO - 24/05/20 05:01:22 INFO StandaloneSchedulerBackend: SchedulerBackend is ready for scheduling beginning after reached minRegisteredResourcesRatio: 0.0
[2024-05-20T05:01:23.318+0000] {spark_submit.py:571} INFO - 24/05/20 05:01:23 INFO SharedState: Setting hive.metastore.warehouse.dir ('null') to the value of spark.sql.warehouse.dir.
[2024-05-20T05:01:23.323+0000] {spark_submit.py:571} INFO - 24/05/20 05:01:23 INFO SharedState: Warehouse path is 'file:/opt/***/spark-warehouse'.
[2024-05-20T05:01:25.541+0000] {spark_submit.py:571} INFO - 24/05/20 05:01:25 INFO StandaloneSchedulerBackend$StandaloneDriverEndpoint: Registered executor NettyRpcEndpointRef(spark-client://Executor) (192.168.96.6:42684) with ID 0,  ResourceProfileId 0
[2024-05-20T05:01:25.620+0000] {spark_submit.py:571} INFO - 24/05/20 05:01:25 INFO BlockManagerMasterEndpoint: Registering block manager 192.168.96.6:41317 with 434.4 MiB RAM, BlockManagerId(0, 192.168.96.6, 41317, None)
[2024-05-20T05:01:27.214+0000] {spark_submit.py:571} INFO - INFO:py4j.java_gateway:Callback Server Starting
[2024-05-20T05:01:27.229+0000] {spark_submit.py:571} INFO - INFO:py4j.java_gateway:Socket listening on ('127.0.0.1', 44949)
[2024-05-20T05:01:27.259+0000] {spark_submit.py:571} INFO - 24/05/20 05:01:27 INFO StateStoreCoordinatorRef: Registered StateStoreCoordinator endpoint
[2024-05-20T05:01:27.326+0000] {spark_submit.py:571} INFO - 24/05/20 05:01:27 WARN ResolveWriteToStream: Temporary checkpoint location created which is deleted normally when the query didn't fail: /tmp/temporary-76c89def-3261-4262-b2fb-8118c4e5db62. If it's required to delete it under any circumstances, please set spark.sql.streaming.forceDeleteTempCheckpointLocation to true. Important to know deleting temp checkpoint folder is best effort.
[2024-05-20T05:01:27.358+0000] {spark_submit.py:571} INFO - 24/05/20 05:01:27 INFO ResolveWriteToStream: Checkpoint root file:///tmp/temporary-76c89def-3261-4262-b2fb-8118c4e5db62 resolved to file:/tmp/temporary-76c89def-3261-4262-b2fb-8118c4e5db62.
[2024-05-20T05:01:27.359+0000] {spark_submit.py:571} INFO - 24/05/20 05:01:27 WARN ResolveWriteToStream: spark.sql.adaptive.enabled is not supported in streaming DataFrames/Datasets and will be disabled.
[2024-05-20T05:01:27.502+0000] {spark_submit.py:571} INFO - 24/05/20 05:01:27 INFO CheckpointFileManager: Writing atomically to file:/tmp/temporary-76c89def-3261-4262-b2fb-8118c4e5db62/metadata using temp file file:/tmp/temporary-76c89def-3261-4262-b2fb-8118c4e5db62/.metadata.94fddca1-7561-4a03-880b-3b6611ee2f06.tmp
[2024-05-20T05:01:27.653+0000] {spark_submit.py:571} INFO - 24/05/20 05:01:27 INFO CheckpointFileManager: Renamed temp file file:/tmp/temporary-76c89def-3261-4262-b2fb-8118c4e5db62/.metadata.94fddca1-7561-4a03-880b-3b6611ee2f06.tmp to file:/tmp/temporary-76c89def-3261-4262-b2fb-8118c4e5db62/metadata
[2024-05-20T05:01:27.753+0000] {spark_submit.py:571} INFO - 24/05/20 05:01:27 INFO MicroBatchExecution: Starting [id = 387bd953-c02d-4bc6-be02-b8516e13d4f1, runId = 67fdbbde-541e-47e6-9c94-4cc61a731db5]. Use file:/tmp/temporary-76c89def-3261-4262-b2fb-8118c4e5db62 to store the query checkpoint.
[2024-05-20T05:01:27.784+0000] {spark_submit.py:571} INFO - 24/05/20 05:01:27 INFO MicroBatchExecution: Reading table [org.apache.spark.sql.kafka010.KafkaSourceProvider$KafkaTable@75b96922] from DataSourceV2 named 'kafka' [org.apache.spark.sql.kafka010.KafkaSourceProvider@49e03ea8]
[2024-05-20T05:01:27.829+0000] {spark_submit.py:571} INFO - 24/05/20 05:01:27 INFO OffsetSeqLog: BatchIds found from listing:
[2024-05-20T05:01:27.834+0000] {spark_submit.py:571} INFO - 24/05/20 05:01:27 INFO OffsetSeqLog: BatchIds found from listing:
[2024-05-20T05:01:27.836+0000] {spark_submit.py:571} INFO - 24/05/20 05:01:27 INFO MicroBatchExecution: Starting new streaming query.
[2024-05-20T05:01:27.842+0000] {spark_submit.py:571} INFO - 24/05/20 05:01:27 INFO MicroBatchExecution: Stream started from {}
[2024-05-20T05:01:28.517+0000] {spark_submit.py:571} INFO - 24/05/20 05:01:28 INFO AdminClientConfig: AdminClientConfig values:
[2024-05-20T05:01:28.518+0000] {spark_submit.py:571} INFO - auto.include.jmx.reporter = true
[2024-05-20T05:01:28.518+0000] {spark_submit.py:571} INFO - bootstrap.servers = [kafka:9092]
[2024-05-20T05:01:28.518+0000] {spark_submit.py:571} INFO - client.dns.lookup = use_all_dns_ips
[2024-05-20T05:01:28.519+0000] {spark_submit.py:571} INFO - client.id =
[2024-05-20T05:01:28.519+0000] {spark_submit.py:571} INFO - connections.max.idle.ms = 300000
[2024-05-20T05:01:28.519+0000] {spark_submit.py:571} INFO - default.api.timeout.ms = 60000
[2024-05-20T05:01:28.519+0000] {spark_submit.py:571} INFO - metadata.max.age.ms = 300000
[2024-05-20T05:01:28.519+0000] {spark_submit.py:571} INFO - metric.reporters = []
[2024-05-20T05:01:28.520+0000] {spark_submit.py:571} INFO - metrics.num.samples = 2
[2024-05-20T05:01:28.520+0000] {spark_submit.py:571} INFO - metrics.recording.level = INFO
[2024-05-20T05:01:28.520+0000] {spark_submit.py:571} INFO - metrics.sample.window.ms = 30000
[2024-05-20T05:01:28.520+0000] {spark_submit.py:571} INFO - receive.buffer.bytes = 65536
[2024-05-20T05:01:28.520+0000] {spark_submit.py:571} INFO - reconnect.backoff.max.ms = 1000
[2024-05-20T05:01:28.521+0000] {spark_submit.py:571} INFO - reconnect.backoff.ms = 50
[2024-05-20T05:01:28.521+0000] {spark_submit.py:571} INFO - request.timeout.ms = 30000
[2024-05-20T05:01:28.521+0000] {spark_submit.py:571} INFO - retries = 2147483647
[2024-05-20T05:01:28.521+0000] {spark_submit.py:571} INFO - retry.backoff.ms = 100
[2024-05-20T05:01:28.521+0000] {spark_submit.py:571} INFO - sasl.client.callback.handler.class = null
[2024-05-20T05:01:28.522+0000] {spark_submit.py:571} INFO - sasl.jaas.config = null
[2024-05-20T05:01:28.522+0000] {spark_submit.py:571} INFO - sasl.kerberos.kinit.cmd = /usr/bin/kinit
[2024-05-20T05:01:28.522+0000] {spark_submit.py:571} INFO - sasl.kerberos.min.time.before.relogin = 60000
[2024-05-20T05:01:28.522+0000] {spark_submit.py:571} INFO - sasl.kerberos.service.name = null
[2024-05-20T05:01:28.522+0000] {spark_submit.py:571} INFO - sasl.kerberos.ticket.renew.jitter = 0.05
[2024-05-20T05:01:28.522+0000] {spark_submit.py:571} INFO - sasl.kerberos.ticket.renew.window.factor = 0.8
[2024-05-20T05:01:28.523+0000] {spark_submit.py:571} INFO - sasl.login.callback.handler.class = null
[2024-05-20T05:01:28.523+0000] {spark_submit.py:571} INFO - sasl.login.class = null
[2024-05-20T05:01:28.523+0000] {spark_submit.py:571} INFO - sasl.login.connect.timeout.ms = null
[2024-05-20T05:01:28.523+0000] {spark_submit.py:571} INFO - sasl.login.read.timeout.ms = null
[2024-05-20T05:01:28.523+0000] {spark_submit.py:571} INFO - sasl.login.refresh.buffer.seconds = 300
[2024-05-20T05:01:28.524+0000] {spark_submit.py:571} INFO - sasl.login.refresh.min.period.seconds = 60
[2024-05-20T05:01:28.524+0000] {spark_submit.py:571} INFO - sasl.login.refresh.window.factor = 0.8
[2024-05-20T05:01:28.524+0000] {spark_submit.py:571} INFO - sasl.login.refresh.window.jitter = 0.05
[2024-05-20T05:01:28.524+0000] {spark_submit.py:571} INFO - sasl.login.retry.backoff.max.ms = 10000
[2024-05-20T05:01:28.525+0000] {spark_submit.py:571} INFO - sasl.login.retry.backoff.ms = 100
[2024-05-20T05:01:28.525+0000] {spark_submit.py:571} INFO - sasl.mechanism = GSSAPI
[2024-05-20T05:01:28.525+0000] {spark_submit.py:571} INFO - sasl.oauthbearer.clock.skew.seconds = 30
[2024-05-20T05:01:28.525+0000] {spark_submit.py:571} INFO - sasl.oauthbearer.expected.audience = null
[2024-05-20T05:01:28.526+0000] {spark_submit.py:571} INFO - sasl.oauthbearer.expected.issuer = null
[2024-05-20T05:01:28.526+0000] {spark_submit.py:571} INFO - sasl.oauthbearer.jwks.endpoint.refresh.ms = 3600000
[2024-05-20T05:01:28.526+0000] {spark_submit.py:571} INFO - sasl.oauthbearer.jwks.endpoint.retry.backoff.max.ms = 10000
[2024-05-20T05:01:28.526+0000] {spark_submit.py:571} INFO - sasl.oauthbearer.jwks.endpoint.retry.backoff.ms = 100
[2024-05-20T05:01:28.527+0000] {spark_submit.py:571} INFO - sasl.oauthbearer.jwks.endpoint.url = null
[2024-05-20T05:01:28.527+0000] {spark_submit.py:571} INFO - sasl.oauthbearer.scope.claim.name = scope
[2024-05-20T05:01:28.527+0000] {spark_submit.py:571} INFO - sasl.oauthbearer.sub.claim.name = sub
[2024-05-20T05:01:28.527+0000] {spark_submit.py:571} INFO - sasl.oauthbearer.token.endpoint.url = null
[2024-05-20T05:01:28.527+0000] {spark_submit.py:571} INFO - security.protocol = PLAINTEXT
[2024-05-20T05:01:28.528+0000] {spark_submit.py:571} INFO - security.providers = null
[2024-05-20T05:01:28.528+0000] {spark_submit.py:571} INFO - send.buffer.bytes = 131072
[2024-05-20T05:01:28.528+0000] {spark_submit.py:571} INFO - socket.connection.setup.timeout.max.ms = 30000
[2024-05-20T05:01:28.528+0000] {spark_submit.py:571} INFO - socket.connection.setup.timeout.ms = 10000
[2024-05-20T05:01:28.529+0000] {spark_submit.py:571} INFO - ssl.cipher.suites = null
[2024-05-20T05:01:28.529+0000] {spark_submit.py:571} INFO - ssl.enabled.protocols = [TLSv1.2, TLSv1.3]
[2024-05-20T05:01:28.529+0000] {spark_submit.py:571} INFO - ssl.endpoint.identification.algorithm = https
[2024-05-20T05:01:28.529+0000] {spark_submit.py:571} INFO - ssl.engine.factory.class = null
[2024-05-20T05:01:28.529+0000] {spark_submit.py:571} INFO - ssl.key.password = null
[2024-05-20T05:01:28.530+0000] {spark_submit.py:571} INFO - ssl.keymanager.algorithm = SunX509
[2024-05-20T05:01:28.530+0000] {spark_submit.py:571} INFO - ssl.keystore.certificate.chain = null
[2024-05-20T05:01:28.530+0000] {spark_submit.py:571} INFO - ssl.keystore.key = null
[2024-05-20T05:01:28.530+0000] {spark_submit.py:571} INFO - ssl.keystore.location = null
[2024-05-20T05:01:28.530+0000] {spark_submit.py:571} INFO - ssl.keystore.password = null
[2024-05-20T05:01:28.530+0000] {spark_submit.py:571} INFO - ssl.keystore.type = JKS
[2024-05-20T05:01:28.531+0000] {spark_submit.py:571} INFO - ssl.protocol = TLSv1.3
[2024-05-20T05:01:28.531+0000] {spark_submit.py:571} INFO - ssl.provider = null
[2024-05-20T05:01:28.531+0000] {spark_submit.py:571} INFO - ssl.secure.random.implementation = null
[2024-05-20T05:01:28.531+0000] {spark_submit.py:571} INFO - ssl.trustmanager.algorithm = PKIX
[2024-05-20T05:01:28.531+0000] {spark_submit.py:571} INFO - ssl.truststore.certificates = null
[2024-05-20T05:01:28.532+0000] {spark_submit.py:571} INFO - ssl.truststore.location = null
[2024-05-20T05:01:28.532+0000] {spark_submit.py:571} INFO - ssl.truststore.password = null
[2024-05-20T05:01:28.532+0000] {spark_submit.py:571} INFO - ssl.truststore.type = JKS
[2024-05-20T05:01:28.532+0000] {spark_submit.py:571} INFO - 
[2024-05-20T05:01:28.608+0000] {spark_submit.py:571} INFO - 24/05/20 05:01:28 INFO AdminClientConfig: These configurations '[key.deserializer, value.deserializer, enable.auto.commit, max.poll.records, auto.offset.reset]' were supplied but are not used yet.
[2024-05-20T05:01:28.610+0000] {spark_submit.py:571} INFO - 24/05/20 05:01:28 INFO AppInfoParser: Kafka version: 3.5.1
[2024-05-20T05:01:28.610+0000] {spark_submit.py:571} INFO - 24/05/20 05:01:28 INFO AppInfoParser: Kafka commitId: 2c6fb6c54472e90a
[2024-05-20T05:01:28.610+0000] {spark_submit.py:571} INFO - 24/05/20 05:01:28 INFO AppInfoParser: Kafka startTimeMs: 1716181288608
[2024-05-20T05:01:28.956+0000] {spark_submit.py:571} INFO - 24/05/20 05:01:28 INFO CheckpointFileManager: Writing atomically to file:/tmp/temporary-76c89def-3261-4262-b2fb-8118c4e5db62/sources/0/0 using temp file file:/tmp/temporary-76c89def-3261-4262-b2fb-8118c4e5db62/sources/0/.0.c7633b39-10f0-4c54-967d-795755c02abd.tmp
[2024-05-20T05:01:28.980+0000] {spark_submit.py:571} INFO - 24/05/20 05:01:28 INFO CheckpointFileManager: Renamed temp file file:/tmp/temporary-76c89def-3261-4262-b2fb-8118c4e5db62/sources/0/.0.c7633b39-10f0-4c54-967d-795755c02abd.tmp to file:/tmp/temporary-76c89def-3261-4262-b2fb-8118c4e5db62/sources/0/0
[2024-05-20T05:01:28.982+0000] {spark_submit.py:571} INFO - 24/05/20 05:01:28 INFO KafkaMicroBatchStream: Initial offsets: {"redfin_properties":{"0":0}}
[2024-05-20T05:01:29.002+0000] {spark_submit.py:571} INFO - 24/05/20 05:01:29 INFO CheckpointFileManager: Writing atomically to file:/tmp/temporary-76c89def-3261-4262-b2fb-8118c4e5db62/offsets/0 using temp file file:/tmp/temporary-76c89def-3261-4262-b2fb-8118c4e5db62/offsets/.0.a42e0d28-1893-4bb4-abab-c3f9d8397454.tmp
[2024-05-20T05:01:29.030+0000] {spark_submit.py:571} INFO - 24/05/20 05:01:29 INFO CheckpointFileManager: Renamed temp file file:/tmp/temporary-76c89def-3261-4262-b2fb-8118c4e5db62/offsets/.0.a42e0d28-1893-4bb4-abab-c3f9d8397454.tmp to file:/tmp/temporary-76c89def-3261-4262-b2fb-8118c4e5db62/offsets/0
[2024-05-20T05:01:29.030+0000] {spark_submit.py:571} INFO - 24/05/20 05:01:29 INFO MicroBatchExecution: Committed offsets for batch 0. Metadata OffsetSeqMetadata(0,1716181288994,Map(spark.sql.streaming.stateStore.providerClass -> org.apache.spark.sql.execution.streaming.state.HDFSBackedStateStoreProvider, spark.sql.streaming.join.stateFormatVersion -> 2, spark.sql.streaming.stateStore.compression.codec -> lz4, spark.sql.streaming.stateStore.rocksdb.formatVersion -> 5, spark.sql.streaming.statefulOperator.useStrictDistribution -> true, spark.sql.streaming.flatMapGroupsWithState.stateFormatVersion -> 2, spark.sql.streaming.multipleWatermarkPolicy -> min, spark.sql.streaming.aggregation.stateFormatVersion -> 2, spark.sql.shuffle.partitions -> 200))
[2024-05-20T05:01:29.721+0000] {spark_submit.py:571} INFO - 24/05/20 05:01:29 INFO KafkaOffsetReaderAdmin: Partitions added: Map()
[2024-05-20T05:01:29.808+0000] {spark_submit.py:571} INFO - 24/05/20 05:01:29 INFO KafkaOffsetReaderAdmin: Partitions added: Map()
[2024-05-20T05:01:29.877+0000] {spark_submit.py:571} INFO - 24/05/20 05:01:29 INFO KafkaOffsetReaderAdmin: Partitions added: Map()
[2024-05-20T05:01:29.880+0000] {spark_submit.py:571} INFO - 24/05/20 05:01:29 INFO KafkaOffsetReaderAdmin: Partitions added: Map()
[2024-05-20T05:01:30.244+0000] {spark_submit.py:571} INFO - 24/05/20 05:01:30 INFO CodeGenerator: Code generated in 200.279875 ms
[2024-05-20T05:01:30.384+0000] {spark_submit.py:571} INFO - INFO:py4j.clientserver:Python Server ready to receive messages
[2024-05-20T05:01:30.387+0000] {spark_submit.py:571} INFO - INFO:py4j.clientserver:Received command c on object id p0
[2024-05-20T05:01:30.441+0000] {spark_submit.py:571} INFO - 24/05/20 05:01:30 INFO CodeGenerator: Code generated in 18.735416 ms
[2024-05-20T05:01:30.585+0000] {spark_submit.py:571} INFO - 24/05/20 05:01:30 INFO SparkContext: Starting job: call at /home/***/.local/lib/python3.11/site-packages/pyspark/python/lib/py4j-0.10.9.7-src.zip/py4j/clientserver.py:617
[2024-05-20T05:01:30.597+0000] {spark_submit.py:571} INFO - 24/05/20 05:01:30 INFO DAGScheduler: Got job 0 (call at /home/***/.local/lib/python3.11/site-packages/pyspark/python/lib/py4j-0.10.9.7-src.zip/py4j/clientserver.py:617) with 1 output partitions
[2024-05-20T05:01:30.597+0000] {spark_submit.py:571} INFO - 24/05/20 05:01:30 INFO DAGScheduler: Final stage: ResultStage 0 (call at /home/***/.local/lib/python3.11/site-packages/pyspark/python/lib/py4j-0.10.9.7-src.zip/py4j/clientserver.py:617)
[2024-05-20T05:01:30.598+0000] {spark_submit.py:571} INFO - 24/05/20 05:01:30 INFO DAGScheduler: Parents of final stage: List()
[2024-05-20T05:01:30.598+0000] {spark_submit.py:571} INFO - 24/05/20 05:01:30 INFO DAGScheduler: Missing parents: List()
[2024-05-20T05:01:30.601+0000] {spark_submit.py:571} INFO - 24/05/20 05:01:30 INFO DAGScheduler: Submitting ResultStage 0 (PythonRDD[9] at call at /home/***/.local/lib/python3.11/site-packages/pyspark/python/lib/py4j-0.10.9.7-src.zip/py4j/clientserver.py:617), which has no missing parents
[2024-05-20T05:01:30.656+0000] {spark_submit.py:571} INFO - 24/05/20 05:01:30 INFO MemoryStore: Block broadcast_0 stored as values in memory (estimated size 69.8 KiB, free 434.3 MiB)
[2024-05-20T05:01:30.696+0000] {spark_submit.py:571} INFO - 24/05/20 05:01:30 INFO MemoryStore: Block broadcast_0_piece0 stored as bytes in memory (estimated size 25.5 KiB, free 434.3 MiB)
[2024-05-20T05:01:30.699+0000] {spark_submit.py:571} INFO - 24/05/20 05:01:30 INFO BlockManagerInfo: Added broadcast_0_piece0 in memory on eddd84e36bad:40321 (size: 25.5 KiB, free: 434.4 MiB)
[2024-05-20T05:01:30.704+0000] {spark_submit.py:571} INFO - 24/05/20 05:01:30 INFO SparkContext: Created broadcast 0 from broadcast at DAGScheduler.scala:1585
[2024-05-20T05:01:30.723+0000] {spark_submit.py:571} INFO - 24/05/20 05:01:30 INFO DAGScheduler: Submitting 1 missing tasks from ResultStage 0 (PythonRDD[9] at call at /home/***/.local/lib/python3.11/site-packages/pyspark/python/lib/py4j-0.10.9.7-src.zip/py4j/clientserver.py:617) (first 15 tasks are for partitions Vector(0))
[2024-05-20T05:01:30.726+0000] {spark_submit.py:571} INFO - 24/05/20 05:01:30 INFO TaskSchedulerImpl: Adding task set 0.0 with 1 tasks resource profile 0
[2024-05-20T05:01:30.753+0000] {spark_submit.py:571} INFO - 24/05/20 05:01:30 INFO TaskSetManager: Starting task 0.0 in stage 0.0 (TID 0) (192.168.96.6, executor 0, partition 0, PROCESS_LOCAL, 14272 bytes)
[2024-05-20T05:01:31.057+0000] {spark_submit.py:571} INFO - 24/05/20 05:01:31 INFO BlockManagerInfo: Added broadcast_0_piece0 in memory on 192.168.96.6:41317 (size: 25.5 KiB, free: 434.4 MiB)
[2024-05-20T05:01:41.038+0000] {spark_submit.py:571} INFO - 24/05/20 05:01:41 INFO TaskSetManager: Finished task 0.0 in stage 0.0 (TID 0) in 10291 ms on 192.168.96.6 (executor 0) (1/1)
[2024-05-20T05:01:41.042+0000] {spark_submit.py:571} INFO - 24/05/20 05:01:41 INFO TaskSchedulerImpl: Removed TaskSet 0.0, whose tasks have all completed, from pool
[2024-05-20T05:01:41.047+0000] {spark_submit.py:571} INFO - 24/05/20 05:01:41 INFO PythonAccumulatorV2: Connected to AccumulatorServer at host: 127.0.0.1 port: 53759
[2024-05-20T05:01:41.066+0000] {spark_submit.py:571} INFO - 24/05/20 05:01:41 INFO DAGScheduler: ResultStage 0 (call at /home/***/.local/lib/python3.11/site-packages/pyspark/python/lib/py4j-0.10.9.7-src.zip/py4j/clientserver.py:617) finished in 10.454 s
[2024-05-20T05:01:41.075+0000] {spark_submit.py:571} INFO - 24/05/20 05:01:41 INFO DAGScheduler: Job 0 is finished. Cancelling potential speculative or zombie tasks for this job
[2024-05-20T05:01:41.076+0000] {spark_submit.py:571} INFO - 24/05/20 05:01:41 INFO TaskSchedulerImpl: Killing all running tasks in stage 0: Stage finished
[2024-05-20T05:01:41.078+0000] {spark_submit.py:571} INFO - 24/05/20 05:01:41 INFO DAGScheduler: Job 0 finished: call at /home/***/.local/lib/python3.11/site-packages/pyspark/python/lib/py4j-0.10.9.7-src.zip/py4j/clientserver.py:617, took 10.492613 s
[2024-05-20T05:01:41.216+0000] {spark_submit.py:571} INFO - 24/05/20 05:01:41 INFO CheckpointFileManager: Writing atomically to file:/tmp/temporary-76c89def-3261-4262-b2fb-8118c4e5db62/commits/0 using temp file file:/tmp/temporary-76c89def-3261-4262-b2fb-8118c4e5db62/commits/.0.61e09597-6500-429a-a671-49bfce167904.tmp
[2024-05-20T05:01:41.315+0000] {spark_submit.py:571} INFO - 24/05/20 05:01:41 INFO CheckpointFileManager: Renamed temp file file:/tmp/temporary-76c89def-3261-4262-b2fb-8118c4e5db62/commits/.0.61e09597-6500-429a-a671-49bfce167904.tmp to file:/tmp/temporary-76c89def-3261-4262-b2fb-8118c4e5db62/commits/0
[2024-05-20T05:01:41.382+0000] {spark_submit.py:571} INFO - 24/05/20 05:01:41 INFO MicroBatchExecution: Streaming query made progress: {
[2024-05-20T05:01:41.383+0000] {spark_submit.py:571} INFO - "id" : "387bd953-c02d-4bc6-be02-b8516e13d4f1",
[2024-05-20T05:01:41.383+0000] {spark_submit.py:571} INFO - "runId" : "67fdbbde-541e-47e6-9c94-4cc61a731db5",
[2024-05-20T05:01:41.384+0000] {spark_submit.py:571} INFO - "name" : null,
[2024-05-20T05:01:41.384+0000] {spark_submit.py:571} INFO - "timestamp" : "2024-05-20T05:01:27.822Z",
[2024-05-20T05:01:41.384+0000] {spark_submit.py:571} INFO - "batchId" : 0,
[2024-05-20T05:01:41.384+0000] {spark_submit.py:571} INFO - "numInputRows" : 44,
[2024-05-20T05:01:41.385+0000] {spark_submit.py:571} INFO - "inputRowsPerSecond" : 0.0,
[2024-05-20T05:01:41.385+0000] {spark_submit.py:571} INFO - "processedRowsPerSecond" : 3.2609501222856294,
[2024-05-20T05:01:41.385+0000] {spark_submit.py:571} INFO - "durationMs" : {
[2024-05-20T05:01:41.385+0000] {spark_submit.py:571} INFO - "addBatch" : 11325,
[2024-05-20T05:01:41.386+0000] {spark_submit.py:571} INFO - "commitOffsets" : 144,
[2024-05-20T05:01:41.386+0000] {spark_submit.py:571} INFO - "getBatch" : 15,
[2024-05-20T05:01:41.386+0000] {spark_submit.py:571} INFO - "latestOffset" : 1147,
[2024-05-20T05:01:41.387+0000] {spark_submit.py:571} INFO - "queryPlanning" : 787,
[2024-05-20T05:01:41.387+0000] {spark_submit.py:571} INFO - "triggerExecution" : 13493,
[2024-05-20T05:01:41.387+0000] {spark_submit.py:571} INFO - "walCommit" : 34
[2024-05-20T05:01:41.388+0000] {spark_submit.py:571} INFO - },
[2024-05-20T05:01:41.388+0000] {spark_submit.py:571} INFO - "stateOperators" : [ ],
[2024-05-20T05:01:41.388+0000] {spark_submit.py:571} INFO - "sources" : [ {
[2024-05-20T05:01:41.388+0000] {spark_submit.py:571} INFO - "description" : "KafkaV2[Subscribe[redfin_properties]]",
[2024-05-20T05:01:41.389+0000] {spark_submit.py:571} INFO - "startOffset" : null,
[2024-05-20T05:01:41.389+0000] {spark_submit.py:571} INFO - "endOffset" : {
[2024-05-20T05:01:41.389+0000] {spark_submit.py:571} INFO - "redfin_properties" : {
[2024-05-20T05:01:41.390+0000] {spark_submit.py:571} INFO - "0" : 44
[2024-05-20T05:01:41.390+0000] {spark_submit.py:571} INFO - }
[2024-05-20T05:01:41.390+0000] {spark_submit.py:571} INFO - },
[2024-05-20T05:01:41.390+0000] {spark_submit.py:571} INFO - "latestOffset" : {
[2024-05-20T05:01:41.390+0000] {spark_submit.py:571} INFO - "redfin_properties" : {
[2024-05-20T05:01:41.390+0000] {spark_submit.py:571} INFO - "0" : 44
[2024-05-20T05:01:41.391+0000] {spark_submit.py:571} INFO - }
[2024-05-20T05:01:41.391+0000] {spark_submit.py:571} INFO - },
[2024-05-20T05:01:41.391+0000] {spark_submit.py:571} INFO - "numInputRows" : 44,
[2024-05-20T05:01:41.391+0000] {spark_submit.py:571} INFO - "inputRowsPerSecond" : 0.0,
[2024-05-20T05:01:41.391+0000] {spark_submit.py:571} INFO - "processedRowsPerSecond" : 3.2609501222856294,
[2024-05-20T05:01:41.391+0000] {spark_submit.py:571} INFO - "metrics" : {
[2024-05-20T05:01:41.392+0000] {spark_submit.py:571} INFO - "avgOffsetsBehindLatest" : "0.0",
[2024-05-20T05:01:41.392+0000] {spark_submit.py:571} INFO - "maxOffsetsBehindLatest" : "0",
[2024-05-20T05:01:41.392+0000] {spark_submit.py:571} INFO - "minOffsetsBehindLatest" : "0"
[2024-05-20T05:01:41.392+0000] {spark_submit.py:571} INFO - }
[2024-05-20T05:01:41.392+0000] {spark_submit.py:571} INFO - } ],
[2024-05-20T05:01:41.392+0000] {spark_submit.py:571} INFO - "sink" : {
[2024-05-20T05:01:41.392+0000] {spark_submit.py:571} INFO - "description" : "ForeachBatchSink",
[2024-05-20T05:01:41.393+0000] {spark_submit.py:571} INFO - "numOutputRows" : -1
[2024-05-20T05:01:41.393+0000] {spark_submit.py:571} INFO - }
[2024-05-20T05:01:41.393+0000] {spark_submit.py:571} INFO - }
[2024-05-20T05:01:51.379+0000] {spark_submit.py:571} INFO - 24/05/20 05:01:51 INFO MicroBatchExecution: Streaming query has been idle and waiting for new data more than 10000 ms.
[2024-05-20T05:01:52.905+0000] {spark_submit.py:571} INFO - 24/05/20 05:01:52 INFO BlockManagerInfo: Removed broadcast_0_piece0 on eddd84e36bad:40321 in memory (size: 25.5 KiB, free: 434.4 MiB)
[2024-05-20T05:01:52.982+0000] {spark_submit.py:571} INFO - 24/05/20 05:01:52 INFO BlockManagerInfo: Removed broadcast_0_piece0 on 192.168.96.6:41317 in memory (size: 25.5 KiB, free: 434.4 MiB)
[2024-05-20T05:02:01.384+0000] {spark_submit.py:571} INFO - 24/05/20 05:02:01 INFO MicroBatchExecution: Streaming query has been idle and waiting for new data more than 10000 ms.
[2024-05-20T05:02:11.397+0000] {spark_submit.py:571} INFO - 24/05/20 05:02:11 INFO MicroBatchExecution: Streaming query has been idle and waiting for new data more than 10000 ms.
[2024-05-20T05:18:48.665+0000] {spark_submit.py:571} INFO - 24/05/20 05:18:48 INFO NetworkClient: [AdminClient clientId=adminclient-1] Disconnecting from node 1 due to request timeout.
[2024-05-20T05:18:48.695+0000] {spark_submit.py:571} INFO - 24/05/20 05:18:48 INFO NetworkClient: [AdminClient clientId=adminclient-1] Cancelled in-flight LIST_OFFSETS request with correlation id 5891 due to node 1 being disconnected (elapsed time since creation: 996624ms, elapsed time since send: 996624ms, request timeout: 30000ms)
[2024-05-20T05:18:48.710+0000] {spark_submit.py:571} INFO - 24/05/20 05:18:48 WARN KafkaOffsetReaderAdmin: Error in attempt 1 getting Kafka offsets:
[2024-05-20T05:18:48.711+0000] {spark_submit.py:571} INFO - java.util.concurrent.ExecutionException: org.apache.kafka.common.errors.TimeoutException: Call(callName=listOffsets on broker 1, deadlineMs=1716181391989, tries=1, nextAllowedTryMs=1716182328799) timed out at 1716182328699 after 1 attempt(s)
[2024-05-20T05:18:48.711+0000] {spark_submit.py:571} INFO - at java.base/java.util.concurrent.CompletableFuture.reportGet(CompletableFuture.java:395)
[2024-05-20T05:18:48.712+0000] {spark_submit.py:571} INFO - at java.base/java.util.concurrent.CompletableFuture.get(CompletableFuture.java:2005)
[2024-05-20T05:18:48.712+0000] {spark_submit.py:571} INFO - at org.apache.kafka.common.internals.KafkaFutureImpl.get(KafkaFutureImpl.java:165)
[2024-05-20T05:18:48.712+0000] {spark_submit.py:571} INFO - at org.apache.spark.sql.kafka010.KafkaOffsetReaderAdmin.listOffsets(KafkaOffsetReaderAdmin.scala:88)
[2024-05-20T05:18:48.712+0000] {spark_submit.py:571} INFO - at org.apache.spark.sql.kafka010.KafkaOffsetReaderAdmin.$anonfun$fetchLatestOffsets$1(KafkaOffsetReaderAdmin.scala:332)
[2024-05-20T05:18:48.712+0000] {spark_submit.py:571} INFO - at org.apache.spark.sql.kafka010.KafkaOffsetReaderAdmin.$anonfun$partitionsAssignedToAdmin$1(KafkaOffsetReaderAdmin.scala:501)
[2024-05-20T05:18:48.713+0000] {spark_submit.py:571} INFO - at org.apache.spark.sql.kafka010.KafkaOffsetReaderAdmin.withRetries(KafkaOffsetReaderAdmin.scala:518)
[2024-05-20T05:18:48.713+0000] {spark_submit.py:571} INFO - at org.apache.spark.sql.kafka010.KafkaOffsetReaderAdmin.partitionsAssignedToAdmin(KafkaOffsetReaderAdmin.scala:498)
[2024-05-20T05:18:48.713+0000] {spark_submit.py:571} INFO - at org.apache.spark.sql.kafka010.KafkaOffsetReaderAdmin.fetchLatestOffsets(KafkaOffsetReaderAdmin.scala:297)
[2024-05-20T05:18:48.713+0000] {spark_submit.py:571} INFO - at org.apache.spark.sql.kafka010.KafkaMicroBatchStream.latestOffset(KafkaMicroBatchStream.scala:130)
[2024-05-20T05:18:48.713+0000] {spark_submit.py:571} INFO - at org.apache.spark.sql.execution.streaming.MicroBatchExecution.$anonfun$constructNextBatch$4(MicroBatchExecution.scala:491)
[2024-05-20T05:18:48.713+0000] {spark_submit.py:571} INFO - at org.apache.spark.sql.execution.streaming.ProgressReporter.reportTimeTaken(ProgressReporter.scala:427)
[2024-05-20T05:18:48.713+0000] {spark_submit.py:571} INFO - at org.apache.spark.sql.execution.streaming.ProgressReporter.reportTimeTaken$(ProgressReporter.scala:425)
[2024-05-20T05:18:48.714+0000] {spark_submit.py:571} INFO - at org.apache.spark.sql.execution.streaming.StreamExecution.reportTimeTaken(StreamExecution.scala:67)
[2024-05-20T05:18:48.714+0000] {spark_submit.py:571} INFO - at org.apache.spark.sql.execution.streaming.MicroBatchExecution.$anonfun$constructNextBatch$2(MicroBatchExecution.scala:490)
[2024-05-20T05:18:48.714+0000] {spark_submit.py:571} INFO - at scala.collection.TraversableLike.$anonfun$map$1(TraversableLike.scala:286)
[2024-05-20T05:18:48.714+0000] {spark_submit.py:571} INFO - at scala.collection.Iterator.foreach(Iterator.scala:943)
[2024-05-20T05:18:48.714+0000] {spark_submit.py:571} INFO - at scala.collection.Iterator.foreach$(Iterator.scala:943)
[2024-05-20T05:18:48.714+0000] {spark_submit.py:571} INFO - at scala.collection.AbstractIterator.foreach(Iterator.scala:1431)
[2024-05-20T05:18:48.714+0000] {spark_submit.py:571} INFO - at scala.collection.IterableLike.foreach(IterableLike.scala:74)
[2024-05-20T05:18:48.715+0000] {spark_submit.py:571} INFO - at scala.collection.IterableLike.foreach$(IterableLike.scala:73)
[2024-05-20T05:18:48.715+0000] {spark_submit.py:571} INFO - at scala.collection.AbstractIterable.foreach(Iterable.scala:56)
[2024-05-20T05:18:48.715+0000] {spark_submit.py:571} INFO - at scala.collection.TraversableLike.map(TraversableLike.scala:286)
[2024-05-20T05:18:48.715+0000] {spark_submit.py:571} INFO - at scala.collection.TraversableLike.map$(TraversableLike.scala:279)
[2024-05-20T05:18:48.715+0000] {spark_submit.py:571} INFO - at scala.collection.AbstractTraversable.map(Traversable.scala:108)
[2024-05-20T05:18:48.716+0000] {spark_submit.py:571} INFO - at org.apache.spark.sql.execution.streaming.MicroBatchExecution.$anonfun$constructNextBatch$1(MicroBatchExecution.scala:479)
[2024-05-20T05:18:48.716+0000] {spark_submit.py:571} INFO - at scala.runtime.java8.JFunction0$mcZ$sp.apply(JFunction0$mcZ$sp.java:23)
[2024-05-20T05:18:48.716+0000] {spark_submit.py:571} INFO - at org.apache.spark.sql.execution.streaming.MicroBatchExecution.withProgressLocked(MicroBatchExecution.scala:810)
[2024-05-20T05:18:48.716+0000] {spark_submit.py:571} INFO - at org.apache.spark.sql.execution.streaming.MicroBatchExecution.constructNextBatch(MicroBatchExecution.scala:475)
[2024-05-20T05:18:48.716+0000] {spark_submit.py:571} INFO - at org.apache.spark.sql.execution.streaming.MicroBatchExecution.$anonfun$runActivatedStream$2(MicroBatchExecution.scala:268)
[2024-05-20T05:18:48.717+0000] {spark_submit.py:571} INFO - at scala.runtime.java8.JFunction0$mcV$sp.apply(JFunction0$mcV$sp.java:23)
[2024-05-20T05:18:48.718+0000] {spark_submit.py:571} INFO - at org.apache.spark.sql.execution.streaming.ProgressReporter.reportTimeTaken(ProgressReporter.scala:427)
[2024-05-20T05:18:48.718+0000] {spark_submit.py:571} INFO - at org.apache.spark.sql.execution.streaming.ProgressReporter.reportTimeTaken$(ProgressReporter.scala:425)
[2024-05-20T05:18:48.719+0000] {spark_submit.py:571} INFO - at org.apache.spark.sql.execution.streaming.StreamExecution.reportTimeTaken(StreamExecution.scala:67)
[2024-05-20T05:18:48.719+0000] {spark_submit.py:571} INFO - at org.apache.spark.sql.execution.streaming.MicroBatchExecution.$anonfun$runActivatedStream$1(MicroBatchExecution.scala:249)
[2024-05-20T05:18:48.719+0000] {spark_submit.py:571} INFO - at org.apache.spark.sql.execution.streaming.ProcessingTimeExecutor.execute(TriggerExecutor.scala:67)
[2024-05-20T05:18:48.719+0000] {spark_submit.py:571} INFO - at org.apache.spark.sql.execution.streaming.MicroBatchExecution.runActivatedStream(MicroBatchExecution.scala:239)
[2024-05-20T05:18:48.720+0000] {spark_submit.py:571} INFO - at org.apache.spark.sql.execution.streaming.StreamExecution.$anonfun$runStream$1(StreamExecution.scala:311)
[2024-05-20T05:18:48.720+0000] {spark_submit.py:571} INFO - at scala.runtime.java8.JFunction0$mcV$sp.apply(JFunction0$mcV$sp.java:23)
[2024-05-20T05:18:48.720+0000] {spark_submit.py:571} INFO - at org.apache.spark.sql.SparkSession.withActive(SparkSession.scala:900)
[2024-05-20T05:18:48.720+0000] {spark_submit.py:571} INFO - at org.apache.spark.sql.execution.streaming.StreamExecution.org$apache$spark$sql$execution$streaming$StreamExecution$$runStream(StreamExecution.scala:289)
[2024-05-20T05:18:48.720+0000] {spark_submit.py:571} INFO - at org.apache.spark.sql.execution.streaming.StreamExecution$$anon$1.$anonfun$run$1(StreamExecution.scala:211)
[2024-05-20T05:18:48.720+0000] {spark_submit.py:571} INFO - at scala.runtime.java8.JFunction0$mcV$sp.apply(JFunction0$mcV$sp.java:23)
[2024-05-20T05:18:48.720+0000] {spark_submit.py:571} INFO - at org.apache.spark.JobArtifactSet$.withActiveJobArtifactState(JobArtifactSet.scala:94)
[2024-05-20T05:18:48.721+0000] {spark_submit.py:571} INFO - at org.apache.spark.sql.execution.streaming.StreamExecution$$anon$1.run(StreamExecution.scala:211)
[2024-05-20T05:18:48.721+0000] {spark_submit.py:571} INFO - Caused by: org.apache.kafka.common.errors.TimeoutException: Call(callName=listOffsets on broker 1, deadlineMs=1716181391989, tries=1, nextAllowedTryMs=1716182328799) timed out at 1716182328699 after 1 attempt(s)
[2024-05-20T05:18:48.721+0000] {spark_submit.py:571} INFO - Caused by: org.apache.kafka.common.errors.DisconnectException: Cancelled listOffsets on broker 1 request with correlation id 5891 due to node 1 being disconnected
[2024-05-20T05:18:49.721+0000] {spark_submit.py:571} INFO - 24/05/20 05:18:49 INFO AppInfoParser: App info kafka.admin.client for adminclient-1 unregistered
[2024-05-20T05:18:49.744+0000] {spark_submit.py:571} INFO - 24/05/20 05:18:49 INFO Metrics: Metrics scheduler closed
[2024-05-20T05:18:49.747+0000] {spark_submit.py:571} INFO - 24/05/20 05:18:49 INFO Metrics: Closing reporter org.apache.kafka.common.metrics.JmxReporter
[2024-05-20T05:18:49.748+0000] {spark_submit.py:571} INFO - 24/05/20 05:18:49 INFO Metrics: Metrics reporters closed
[2024-05-20T05:18:49.768+0000] {spark_submit.py:571} INFO - 24/05/20 05:18:49 INFO AdminClientConfig: AdminClientConfig values:
[2024-05-20T05:18:49.769+0000] {spark_submit.py:571} INFO - auto.include.jmx.reporter = true
[2024-05-20T05:18:49.769+0000] {spark_submit.py:571} INFO - bootstrap.servers = [kafka:9092]
[2024-05-20T05:18:49.769+0000] {spark_submit.py:571} INFO - client.dns.lookup = use_all_dns_ips
[2024-05-20T05:18:49.772+0000] {spark_submit.py:571} INFO - client.id =
[2024-05-20T05:18:49.772+0000] {spark_submit.py:571} INFO - connections.max.idle.ms = 300000
[2024-05-20T05:18:49.775+0000] {spark_submit.py:571} INFO - default.api.timeout.ms = 60000
[2024-05-20T05:18:49.777+0000] {spark_submit.py:571} INFO - metadata.max.age.ms = 300000
[2024-05-20T05:18:49.777+0000] {spark_submit.py:571} INFO - metric.reporters = []
[2024-05-20T05:18:49.777+0000] {spark_submit.py:571} INFO - metrics.num.samples = 2
[2024-05-20T05:18:49.777+0000] {spark_submit.py:571} INFO - metrics.recording.level = INFO
[2024-05-20T05:18:49.777+0000] {spark_submit.py:571} INFO - metrics.sample.window.ms = 30000
[2024-05-20T05:18:49.778+0000] {spark_submit.py:571} INFO - receive.buffer.bytes = 65536
[2024-05-20T05:18:49.778+0000] {spark_submit.py:571} INFO - reconnect.backoff.max.ms = 1000
[2024-05-20T05:18:49.778+0000] {spark_submit.py:571} INFO - reconnect.backoff.ms = 50
[2024-05-20T05:18:49.778+0000] {spark_submit.py:571} INFO - request.timeout.ms = 30000
[2024-05-20T05:18:49.778+0000] {spark_submit.py:571} INFO - retries = 2147483647
[2024-05-20T05:18:49.779+0000] {spark_submit.py:571} INFO - retry.backoff.ms = 100
[2024-05-20T05:18:49.781+0000] {spark_submit.py:571} INFO - sasl.client.callback.handler.class = null
[2024-05-20T05:18:49.782+0000] {spark_submit.py:571} INFO - sasl.jaas.config = null
[2024-05-20T05:18:49.782+0000] {spark_submit.py:571} INFO - sasl.kerberos.kinit.cmd = /usr/bin/kinit
[2024-05-20T05:18:49.785+0000] {spark_submit.py:571} INFO - sasl.kerberos.min.time.before.relogin = 60000
[2024-05-20T05:18:49.785+0000] {spark_submit.py:571} INFO - sasl.kerberos.service.name = null
[2024-05-20T05:18:49.785+0000] {spark_submit.py:571} INFO - sasl.kerberos.ticket.renew.jitter = 0.05
[2024-05-20T05:18:49.785+0000] {spark_submit.py:571} INFO - sasl.kerberos.ticket.renew.window.factor = 0.8
[2024-05-20T05:18:49.786+0000] {spark_submit.py:571} INFO - sasl.login.callback.handler.class = null
[2024-05-20T05:18:49.789+0000] {spark_submit.py:571} INFO - sasl.login.class = null
[2024-05-20T05:18:49.791+0000] {spark_submit.py:571} INFO - sasl.login.connect.timeout.ms = null
[2024-05-20T05:18:49.792+0000] {spark_submit.py:571} INFO - sasl.login.read.timeout.ms = null
[2024-05-20T05:18:49.792+0000] {spark_submit.py:571} INFO - sasl.login.refresh.buffer.seconds = 300
[2024-05-20T05:18:49.792+0000] {spark_submit.py:571} INFO - sasl.login.refresh.min.period.seconds = 60
[2024-05-20T05:18:49.792+0000] {spark_submit.py:571} INFO - sasl.login.refresh.window.factor = 0.8
[2024-05-20T05:18:49.793+0000] {spark_submit.py:571} INFO - sasl.login.refresh.window.jitter = 0.05
[2024-05-20T05:18:49.793+0000] {spark_submit.py:571} INFO - sasl.login.retry.backoff.max.ms = 10000
[2024-05-20T05:18:49.794+0000] {spark_submit.py:571} INFO - sasl.login.retry.backoff.ms = 100
[2024-05-20T05:18:49.794+0000] {spark_submit.py:571} INFO - sasl.mechanism = GSSAPI
[2024-05-20T05:18:49.794+0000] {spark_submit.py:571} INFO - sasl.oauthbearer.clock.skew.seconds = 30
[2024-05-20T05:18:49.795+0000] {spark_submit.py:571} INFO - sasl.oauthbearer.expected.audience = null
[2024-05-20T05:18:49.795+0000] {spark_submit.py:571} INFO - sasl.oauthbearer.expected.issuer = null
[2024-05-20T05:18:49.796+0000] {spark_submit.py:571} INFO - sasl.oauthbearer.jwks.endpoint.refresh.ms = 3600000
[2024-05-20T05:18:49.796+0000] {spark_submit.py:571} INFO - sasl.oauthbearer.jwks.endpoint.retry.backoff.max.ms = 10000
[2024-05-20T05:18:49.797+0000] {spark_submit.py:571} INFO - sasl.oauthbearer.jwks.endpoint.retry.backoff.ms = 100
[2024-05-20T05:18:49.798+0000] {spark_submit.py:571} INFO - sasl.oauthbearer.jwks.endpoint.url = null
[2024-05-20T05:18:49.799+0000] {spark_submit.py:571} INFO - sasl.oauthbearer.scope.claim.name = scope
[2024-05-20T05:18:49.799+0000] {spark_submit.py:571} INFO - sasl.oauthbearer.sub.claim.name = sub
[2024-05-20T05:18:49.800+0000] {spark_submit.py:571} INFO - sasl.oauthbearer.token.endpoint.url = null
[2024-05-20T05:18:49.800+0000] {spark_submit.py:571} INFO - security.protocol = PLAINTEXT
[2024-05-20T05:18:49.801+0000] {spark_submit.py:571} INFO - security.providers = null
[2024-05-20T05:18:49.801+0000] {spark_submit.py:571} INFO - send.buffer.bytes = 131072
[2024-05-20T05:18:49.801+0000] {spark_submit.py:571} INFO - socket.connection.setup.timeout.max.ms = 30000
[2024-05-20T05:18:49.802+0000] {spark_submit.py:571} INFO - socket.connection.setup.timeout.ms = 10000
[2024-05-20T05:18:49.803+0000] {spark_submit.py:571} INFO - ssl.cipher.suites = null
[2024-05-20T05:18:49.803+0000] {spark_submit.py:571} INFO - ssl.enabled.protocols = [TLSv1.2, TLSv1.3]
[2024-05-20T05:18:49.805+0000] {spark_submit.py:571} INFO - ssl.endpoint.identification.algorithm = https
[2024-05-20T05:18:49.806+0000] {spark_submit.py:571} INFO - ssl.engine.factory.class = null
[2024-05-20T05:18:49.806+0000] {spark_submit.py:571} INFO - ssl.key.password = null
[2024-05-20T05:18:49.807+0000] {spark_submit.py:571} INFO - ssl.keymanager.algorithm = SunX509
[2024-05-20T05:18:49.807+0000] {spark_submit.py:571} INFO - ssl.keystore.certificate.chain = null
[2024-05-20T05:18:49.808+0000] {spark_submit.py:571} INFO - ssl.keystore.key = null
[2024-05-20T05:18:49.808+0000] {spark_submit.py:571} INFO - ssl.keystore.location = null
[2024-05-20T05:18:49.809+0000] {spark_submit.py:571} INFO - ssl.keystore.password = null
[2024-05-20T05:18:49.810+0000] {spark_submit.py:571} INFO - ssl.keystore.type = JKS
[2024-05-20T05:18:49.811+0000] {spark_submit.py:571} INFO - ssl.protocol = TLSv1.3
[2024-05-20T05:18:49.812+0000] {spark_submit.py:571} INFO - ssl.provider = null
[2024-05-20T05:18:49.814+0000] {spark_submit.py:571} INFO - ssl.secure.random.implementation = null
[2024-05-20T05:18:49.816+0000] {spark_submit.py:571} INFO - ssl.trustmanager.algorithm = PKIX
[2024-05-20T05:18:49.818+0000] {spark_submit.py:571} INFO - ssl.truststore.certificates = null
[2024-05-20T05:18:49.819+0000] {spark_submit.py:571} INFO - ssl.truststore.location = null
[2024-05-20T05:18:49.821+0000] {spark_submit.py:571} INFO - ssl.truststore.password = null
[2024-05-20T05:18:49.823+0000] {spark_submit.py:571} INFO - ssl.truststore.type = JKS
[2024-05-20T05:18:49.824+0000] {spark_submit.py:571} INFO - 
[2024-05-20T05:18:49.825+0000] {spark_submit.py:571} INFO - 24/05/20 05:18:49 INFO AdminClientConfig: These configurations '[key.deserializer, value.deserializer, enable.auto.commit, max.poll.records, auto.offset.reset]' were supplied but are not used yet.
[2024-05-20T05:18:49.828+0000] {spark_submit.py:571} INFO - 24/05/20 05:18:49 INFO AppInfoParser: Kafka version: 3.5.1
[2024-05-20T05:18:49.831+0000] {spark_submit.py:571} INFO - 24/05/20 05:18:49 INFO AppInfoParser: Kafka commitId: 2c6fb6c54472e90a
[2024-05-20T05:18:49.832+0000] {spark_submit.py:571} INFO - 24/05/20 05:18:49 INFO AppInfoParser: Kafka startTimeMs: 1716182329777
[2024-05-20T05:18:49.833+0000] {spark_submit.py:571} INFO - 24/05/20 05:18:49 INFO MicroBatchExecution: Streaming query has been idle and waiting for new data more than 10000 ms.
[2024-05-20T05:18:52.815+0000] {spark_submit.py:571} INFO - 24/05/20 05:18:52 INFO StandaloneAppClient$ClientEndpoint: Executor updated: app-20240520050122-0010/0 is now LOST (worker lost: Not receiving heartbeat for 60 seconds)
[2024-05-20T05:18:52.820+0000] {spark_submit.py:571} INFO - 24/05/20 05:18:52 INFO StandaloneSchedulerBackend: Executor app-20240520050122-0010/0 removed: worker lost: Not receiving heartbeat for 60 seconds
[2024-05-20T05:18:52.824+0000] {spark_submit.py:571} INFO - 24/05/20 05:18:52 INFO StandaloneAppClient$ClientEndpoint: Master removed worker worker-20240519000616-192.168.96.6-36477: Not receiving heartbeat for 60 seconds
[2024-05-20T05:18:52.826+0000] {spark_submit.py:571} INFO - 24/05/20 05:18:52 INFO StandaloneSchedulerBackend: Worker worker-20240519000616-192.168.96.6-36477 removed: Not receiving heartbeat for 60 seconds
[2024-05-20T05:18:52.828+0000] {spark_submit.py:571} INFO - 24/05/20 05:18:52 ERROR TaskSchedulerImpl: Lost executor 0 on 192.168.96.6: worker lost: Not receiving heartbeat for 60 seconds
[2024-05-20T05:18:52.842+0000] {spark_submit.py:571} INFO - 24/05/20 05:18:52 INFO TaskSchedulerImpl: Handle removed worker worker-20240519000616-192.168.96.6-36477: Not receiving heartbeat for 60 seconds
[2024-05-20T05:18:52.848+0000] {spark_submit.py:571} INFO - 24/05/20 05:18:52 INFO DAGScheduler: Executor lost: 0 (epoch 0)
[2024-05-20T05:18:52.851+0000] {spark_submit.py:571} INFO - 24/05/20 05:18:52 INFO BlockManagerMasterEndpoint: Trying to remove executor 0 from BlockManagerMaster.
[2024-05-20T05:18:52.854+0000] {spark_submit.py:571} INFO - 24/05/20 05:18:52 INFO BlockManagerMasterEndpoint: Removing block manager BlockManagerId(0, 192.168.96.6, 41317, None)
[2024-05-20T05:18:52.855+0000] {spark_submit.py:571} INFO - 24/05/20 05:18:52 INFO BlockManagerMaster: Removed 0 successfully in removeExecutor
[2024-05-20T05:18:52.856+0000] {spark_submit.py:571} INFO - 24/05/20 05:18:52 INFO DAGScheduler: Shuffle files lost for host: 192.168.96.6 (epoch 0)
[2024-05-20T05:18:52.884+0000] {spark_submit.py:571} INFO - 24/05/20 05:18:52 INFO DAGScheduler: Shuffle files lost for worker worker-20240519000616-192.168.96.6-36477 on host 192.168.96.6
[2024-05-20T05:18:54.416+0000] {spark_submit.py:571} INFO - 24/05/20 05:18:54 INFO StandaloneAppClient$ClientEndpoint: Executor added: app-20240520050122-0010/1 on worker-20240519000616-192.168.96.6-36477 (192.168.96.6:36477) with 1 core(s)
[2024-05-20T05:18:54.418+0000] {spark_submit.py:571} INFO - 24/05/20 05:18:54 INFO StandaloneSchedulerBackend: Granted executor ID app-20240520050122-0010/1 on hostPort 192.168.96.6:36477 with 1 core(s), 1024.0 MiB RAM
[2024-05-20T05:18:54.548+0000] {spark_submit.py:571} INFO - 24/05/20 05:18:54 INFO StandaloneAppClient$ClientEndpoint: Executor updated: app-20240520050122-0010/1 is now RUNNING
[2024-05-20T05:18:58.239+0000] {local_task_job_runner.py:310} WARNING - State of this instance has been externally set to up_for_retry. Terminating instance.
[2024-05-20T05:18:58.411+0000] {local_task_job_runner.py:222} INFO - ::endgroup::
[2024-05-20T05:18:58.464+0000] {process_utils.py:132} INFO - Sending 15 to group 16250. PIDs of all processes in the group: [16251, 16306, 16250]
[2024-05-20T05:18:58.476+0000] {process_utils.py:87} INFO - Sending the signal 15 to group 16250
[2024-05-20T05:18:58.485+0000] {taskinstance.py:2611} ERROR - Received SIGTERM. Terminating subprocesses.
[2024-05-20T05:18:58.512+0000] {spark_submit.py:697} INFO - Sending kill signal to spark-submit
[2024-05-20T05:18:58.542+0000] {taskinstance.py:441} INFO - ::group::Post task execution logs
[2024-05-20T05:18:58.649+0000] {taskinstance.py:2905} ERROR - Task failed with exception
Traceback (most recent call last):
  File "/home/airflow/.local/lib/python3.11/site-packages/airflow/models/taskinstance.py", line 465, in _execute_task
    result = _execute_callable(context=context, **execute_callable_kwargs)
             ^^^^^^^^^^^^^^^^^^^^^^^^^^^^^^^^^^^^^^^^^^^^^^^^^^^^^^^^^^^^^
  File "/home/airflow/.local/lib/python3.11/site-packages/airflow/models/taskinstance.py", line 432, in _execute_callable
    return execute_callable(context=context, **execute_callable_kwargs)
           ^^^^^^^^^^^^^^^^^^^^^^^^^^^^^^^^^^^^^^^^^^^^^^^^^^^^^^^^^^^^
  File "/home/airflow/.local/lib/python3.11/site-packages/airflow/models/baseoperator.py", line 400, in wrapper
    return func(self, *args, **kwargs)
           ^^^^^^^^^^^^^^^^^^^^^^^^^^^
  File "/home/airflow/.local/lib/python3.11/site-packages/airflow/providers/apache/spark/operators/spark_submit.py", line 174, in execute
    self._hook.submit(self.application)
  File "/home/airflow/.local/lib/python3.11/site-packages/airflow/providers/apache/spark/hooks/spark_submit.py", line 490, in submit
    self._process_spark_submit_log(iter(self._submit_sp.stdout))  # type: ignore
    ^^^^^^^^^^^^^^^^^^^^^^^^^^^^^^^^^^^^^^^^^^^^^^^^^^^^^^^^^^^^
  File "/home/airflow/.local/lib/python3.11/site-packages/airflow/providers/apache/spark/hooks/spark_submit.py", line 539, in _process_spark_submit_log
    for line in itr:
  File "/home/airflow/.local/lib/python3.11/site-packages/airflow/models/taskinstance.py", line 2613, in signal_handler
    raise AirflowTaskTerminated("Task received SIGTERM signal")
airflow.exceptions.AirflowTaskTerminated: Task received SIGTERM signal
[2024-05-20T05:18:58.678+0000] {taskinstance.py:1206} INFO - Marking task as UP_FOR_RETRY. dag_id=Redfin_Webscraping_ETL, task_id=Process_and_Send_Data_to_DB, run_id=scheduled__2024-05-19T00:00:00+00:00, execution_date=20240519T000000, start_date=20240520T050115, end_date=20240520T051858
[2024-05-20T05:18:58.782+0000] {process_utils.py:80} INFO - Process psutil.Process(pid=16251, status='terminated', started='05:01:14') (16251) terminated with exit code None
[2024-05-20T05:18:58.784+0000] {process_utils.py:80} INFO - Process psutil.Process(pid=16250, status='terminated', exitcode=2, started='05:01:14') (16250) terminated with exit code 2
[2024-05-20T05:18:58.784+0000] {process_utils.py:80} INFO - Process psutil.Process(pid=16306, status='terminated', started='05:01:18') (16306) terminated with exit code None
