[2024-05-20T05:36:39.408+0000] {local_task_job_runner.py:120} INFO - ::group::Pre task execution logs
[2024-05-20T05:36:39.437+0000] {taskinstance.py:2076} INFO - Dependencies all met for dep_context=non-requeueable deps ti=<TaskInstance: Redfin_Webscraping_ETL.Process_and_Send_Data_to_DB scheduled__2024-05-19T00:00:00+00:00 [queued]>
[2024-05-20T05:36:39.442+0000] {taskinstance.py:2076} INFO - Dependencies all met for dep_context=requeueable deps ti=<TaskInstance: Redfin_Webscraping_ETL.Process_and_Send_Data_to_DB scheduled__2024-05-19T00:00:00+00:00 [queued]>
[2024-05-20T05:36:39.442+0000] {taskinstance.py:2306} INFO - Starting attempt 5 of 6
[2024-05-20T05:36:39.452+0000] {taskinstance.py:2330} INFO - Executing <Task(SparkSubmitOperator): Process_and_Send_Data_to_DB> on 2024-05-19 00:00:00+00:00
[2024-05-20T05:36:39.459+0000] {standard_task_runner.py:63} INFO - Started process 16580 to run task
[2024-05-20T05:36:39.461+0000] {standard_task_runner.py:90} INFO - Running: ['***', 'tasks', 'run', 'Redfin_Webscraping_ETL', 'Process_and_Send_Data_to_DB', 'scheduled__2024-05-19T00:00:00+00:00', '--job-id', '468', '--raw', '--subdir', 'DAGS_FOLDER/webscrapping.py', '--cfg-path', '/tmp/tmphrp_czkb']
[2024-05-20T05:36:39.465+0000] {standard_task_runner.py:91} INFO - Job 468: Subtask Process_and_Send_Data_to_DB
[2024-05-20T05:36:39.532+0000] {task_command.py:426} INFO - Running <TaskInstance: Redfin_Webscraping_ETL.Process_and_Send_Data_to_DB scheduled__2024-05-19T00:00:00+00:00 [running]> on host eddd84e36bad
[2024-05-20T05:36:39.585+0000] {taskinstance.py:2648} INFO - Exporting env vars: AIRFLOW_CTX_DAG_OWNER='svc' AIRFLOW_CTX_DAG_ID='Redfin_Webscraping_ETL' AIRFLOW_CTX_TASK_ID='Process_and_Send_Data_to_DB' AIRFLOW_CTX_EXECUTION_DATE='2024-05-19T00:00:00+00:00' AIRFLOW_CTX_TRY_NUMBER='5' AIRFLOW_CTX_DAG_RUN_ID='scheduled__2024-05-19T00:00:00+00:00'
[2024-05-20T05:36:39.586+0000] {taskinstance.py:430} INFO - ::endgroup::
[2024-05-20T05:36:39.613+0000] {base.py:84} INFO - Using connection ID 'spark_default' for task execution.
[2024-05-20T05:36:39.614+0000] {spark_submit.py:401} INFO - Spark-Submit cmd: spark-submit --master spark://spark-master:7077 --packages org.apache.spark:spark-sql-kafka-0-10_2.12:3.5.1,com.datastax.spark:spark-cassandra-connector_2.12:3.5.0,org.apache.kafka:kafka-clients:3.5.1,commons-logging:commons-logging:1.2 --name arrow-spark --deploy-mode client dags/includes/jobs/spark_consumer.py
[2024-05-20T05:36:39.731+0000] {spark_submit.py:571} INFO - /home/***/.local/lib/python3.11/site-packages/pyspark/bin/load-spark-env.sh: line 68: ps: command not found
[2024-05-20T05:36:41.528+0000] {spark_submit.py:571} INFO - :: loading settings :: url = jar:file:/home/***/.local/lib/python3.11/site-packages/pyspark/jars/ivy-2.5.1.jar!/org/apache/ivy/core/settings/ivysettings.xml
[2024-05-20T05:36:41.629+0000] {spark_submit.py:571} INFO - Ivy Default Cache set to: /home/***/.ivy2/cache
[2024-05-20T05:36:41.630+0000] {spark_submit.py:571} INFO - The jars for the packages stored in: /home/***/.ivy2/jars
[2024-05-20T05:36:41.637+0000] {spark_submit.py:571} INFO - org.apache.spark#spark-sql-kafka-0-10_2.12 added as a dependency
[2024-05-20T05:36:41.637+0000] {spark_submit.py:571} INFO - com.datastax.spark#spark-cassandra-connector_2.12 added as a dependency
[2024-05-20T05:36:41.638+0000] {spark_submit.py:571} INFO - org.apache.kafka#kafka-clients added as a dependency
[2024-05-20T05:36:41.638+0000] {spark_submit.py:571} INFO - commons-logging#commons-logging added as a dependency
[2024-05-20T05:36:41.638+0000] {spark_submit.py:571} INFO - :: resolving dependencies :: org.apache.spark#spark-submit-parent-e6666ae7-9f73-4ea5-abe3-76d789dbeef6;1.0
[2024-05-20T05:36:41.638+0000] {spark_submit.py:571} INFO - confs: [default]
[2024-05-20T05:36:41.823+0000] {spark_submit.py:571} INFO - found org.apache.spark#spark-sql-kafka-0-10_2.12;3.5.1 in central
[2024-05-20T05:36:41.937+0000] {spark_submit.py:571} INFO - found org.apache.spark#spark-token-provider-kafka-0-10_2.12;3.5.1 in central
[2024-05-20T05:36:41.966+0000] {spark_submit.py:571} INFO - found org.apache.hadoop#hadoop-client-runtime;3.3.4 in central
[2024-05-20T05:36:42.024+0000] {spark_submit.py:571} INFO - found org.apache.hadoop#hadoop-client-api;3.3.4 in central
[2024-05-20T05:36:42.045+0000] {spark_submit.py:571} INFO - found org.xerial.snappy#snappy-java;1.1.10.3 in central
[2024-05-20T05:36:42.056+0000] {spark_submit.py:571} INFO - found org.slf4j#slf4j-api;2.0.7 in central
[2024-05-20T05:36:42.075+0000] {spark_submit.py:571} INFO - found com.google.code.findbugs#jsr305;3.0.0 in central
[2024-05-20T05:36:42.087+0000] {spark_submit.py:571} INFO - found org.apache.commons#commons-pool2;2.11.1 in central
[2024-05-20T05:36:42.099+0000] {spark_submit.py:571} INFO - found com.datastax.spark#spark-cassandra-connector_2.12;3.5.0 in central
[2024-05-20T05:36:42.114+0000] {spark_submit.py:571} INFO - found com.datastax.spark#spark-cassandra-connector-driver_2.12;3.5.0 in central
[2024-05-20T05:36:42.124+0000] {spark_submit.py:571} INFO - found org.scala-lang.modules#scala-collection-compat_2.12;2.11.0 in central
[2024-05-20T05:36:42.149+0000] {spark_submit.py:571} INFO - found com.datastax.oss#java-driver-core-shaded;4.13.0 in central
[2024-05-20T05:36:42.170+0000] {spark_submit.py:571} INFO - found com.datastax.oss#native-protocol;1.5.0 in central
[2024-05-20T05:36:42.183+0000] {spark_submit.py:571} INFO - found com.datastax.oss#java-driver-shaded-guava;25.1-jre-graal-sub-1 in central
[2024-05-20T05:36:42.197+0000] {spark_submit.py:571} INFO - found com.typesafe#config;1.4.1 in central
[2024-05-20T05:36:42.205+0000] {spark_submit.py:571} INFO - found io.dropwizard.metrics#metrics-core;4.1.18 in central
[2024-05-20T05:36:42.219+0000] {spark_submit.py:571} INFO - found org.hdrhistogram#HdrHistogram;2.1.12 in central
[2024-05-20T05:36:42.227+0000] {spark_submit.py:571} INFO - found org.reactivestreams#reactive-streams;1.0.3 in central
[2024-05-20T05:36:42.234+0000] {spark_submit.py:571} INFO - found com.github.stephenc.jcip#jcip-annotations;1.0-1 in central
[2024-05-20T05:36:42.242+0000] {spark_submit.py:571} INFO - found com.github.spotbugs#spotbugs-annotations;3.1.12 in central
[2024-05-20T05:36:42.264+0000] {spark_submit.py:571} INFO - found com.google.code.findbugs#jsr305;3.0.2 in central
[2024-05-20T05:36:42.278+0000] {spark_submit.py:571} INFO - found com.datastax.oss#java-driver-mapper-runtime;4.13.0 in central
[2024-05-20T05:36:42.290+0000] {spark_submit.py:571} INFO - found com.datastax.oss#java-driver-query-builder;4.13.0 in central
[2024-05-20T05:36:42.350+0000] {spark_submit.py:571} INFO - found org.apache.commons#commons-lang3;3.10 in central
[2024-05-20T05:36:42.372+0000] {spark_submit.py:571} INFO - found com.thoughtworks.paranamer#paranamer;2.8 in central
[2024-05-20T05:36:42.389+0000] {spark_submit.py:571} INFO - found org.scala-lang#scala-reflect;2.12.11 in central
[2024-05-20T05:36:42.408+0000] {spark_submit.py:571} INFO - found org.apache.kafka#kafka-clients;3.5.1 in central
[2024-05-20T05:36:42.416+0000] {spark_submit.py:571} INFO - found com.github.luben#zstd-jni;1.5.5-1 in spark-list
[2024-05-20T05:36:42.423+0000] {spark_submit.py:571} INFO - found org.lz4#lz4-java;1.8.0 in central
[2024-05-20T05:36:42.444+0000] {spark_submit.py:571} INFO - found commons-logging#commons-logging;1.2 in central
[2024-05-20T05:36:42.508+0000] {spark_submit.py:571} INFO - :: resolution report :: resolve 839ms :: artifacts dl 31ms
[2024-05-20T05:36:42.509+0000] {spark_submit.py:571} INFO - :: modules in use:
[2024-05-20T05:36:42.510+0000] {spark_submit.py:571} INFO - com.datastax.oss#java-driver-core-shaded;4.13.0 from central in [default]
[2024-05-20T05:36:42.512+0000] {spark_submit.py:571} INFO - com.datastax.oss#java-driver-mapper-runtime;4.13.0 from central in [default]
[2024-05-20T05:36:42.513+0000] {spark_submit.py:571} INFO - com.datastax.oss#java-driver-query-builder;4.13.0 from central in [default]
[2024-05-20T05:36:42.514+0000] {spark_submit.py:571} INFO - com.datastax.oss#java-driver-shaded-guava;25.1-jre-graal-sub-1 from central in [default]
[2024-05-20T05:36:42.515+0000] {spark_submit.py:571} INFO - com.datastax.oss#native-protocol;1.5.0 from central in [default]
[2024-05-20T05:36:42.517+0000] {spark_submit.py:571} INFO - com.datastax.spark#spark-cassandra-connector-driver_2.12;3.5.0 from central in [default]
[2024-05-20T05:36:42.518+0000] {spark_submit.py:571} INFO - com.datastax.spark#spark-cassandra-connector_2.12;3.5.0 from central in [default]
[2024-05-20T05:36:42.520+0000] {spark_submit.py:571} INFO - com.github.luben#zstd-jni;1.5.5-1 from spark-list in [default]
[2024-05-20T05:36:42.520+0000] {spark_submit.py:571} INFO - com.github.spotbugs#spotbugs-annotations;3.1.12 from central in [default]
[2024-05-20T05:36:42.521+0000] {spark_submit.py:571} INFO - com.github.stephenc.jcip#jcip-annotations;1.0-1 from central in [default]
[2024-05-20T05:36:42.522+0000] {spark_submit.py:571} INFO - com.google.code.findbugs#jsr305;3.0.2 from central in [default]
[2024-05-20T05:36:42.522+0000] {spark_submit.py:571} INFO - com.thoughtworks.paranamer#paranamer;2.8 from central in [default]
[2024-05-20T05:36:42.522+0000] {spark_submit.py:571} INFO - com.typesafe#config;1.4.1 from central in [default]
[2024-05-20T05:36:42.522+0000] {spark_submit.py:571} INFO - commons-logging#commons-logging;1.2 from central in [default]
[2024-05-20T05:36:42.523+0000] {spark_submit.py:571} INFO - io.dropwizard.metrics#metrics-core;4.1.18 from central in [default]
[2024-05-20T05:36:42.524+0000] {spark_submit.py:571} INFO - org.apache.commons#commons-lang3;3.10 from central in [default]
[2024-05-20T05:36:42.524+0000] {spark_submit.py:571} INFO - org.apache.commons#commons-pool2;2.11.1 from central in [default]
[2024-05-20T05:36:42.527+0000] {spark_submit.py:571} INFO - org.apache.hadoop#hadoop-client-api;3.3.4 from central in [default]
[2024-05-20T05:36:42.527+0000] {spark_submit.py:571} INFO - org.apache.hadoop#hadoop-client-runtime;3.3.4 from central in [default]
[2024-05-20T05:36:42.528+0000] {spark_submit.py:571} INFO - org.apache.kafka#kafka-clients;3.5.1 from central in [default]
[2024-05-20T05:36:42.528+0000] {spark_submit.py:571} INFO - org.apache.spark#spark-sql-kafka-0-10_2.12;3.5.1 from central in [default]
[2024-05-20T05:36:42.529+0000] {spark_submit.py:571} INFO - org.apache.spark#spark-token-provider-kafka-0-10_2.12;3.5.1 from central in [default]
[2024-05-20T05:36:42.529+0000] {spark_submit.py:571} INFO - org.hdrhistogram#HdrHistogram;2.1.12 from central in [default]
[2024-05-20T05:36:42.529+0000] {spark_submit.py:571} INFO - org.lz4#lz4-java;1.8.0 from central in [default]
[2024-05-20T05:36:42.530+0000] {spark_submit.py:571} INFO - org.reactivestreams#reactive-streams;1.0.3 from central in [default]
[2024-05-20T05:36:42.530+0000] {spark_submit.py:571} INFO - org.scala-lang#scala-reflect;2.12.11 from central in [default]
[2024-05-20T05:36:42.531+0000] {spark_submit.py:571} INFO - org.scala-lang.modules#scala-collection-compat_2.12;2.11.0 from central in [default]
[2024-05-20T05:36:42.532+0000] {spark_submit.py:571} INFO - org.slf4j#slf4j-api;2.0.7 from central in [default]
[2024-05-20T05:36:42.532+0000] {spark_submit.py:571} INFO - org.xerial.snappy#snappy-java;1.1.10.3 from central in [default]
[2024-05-20T05:36:42.533+0000] {spark_submit.py:571} INFO - :: evicted modules:
[2024-05-20T05:36:42.533+0000] {spark_submit.py:571} INFO - org.apache.kafka#kafka-clients;3.4.1 by [org.apache.kafka#kafka-clients;3.5.1] in [default]
[2024-05-20T05:36:42.533+0000] {spark_submit.py:571} INFO - commons-logging#commons-logging;1.1.3 by [commons-logging#commons-logging;1.2] in [default]
[2024-05-20T05:36:42.534+0000] {spark_submit.py:571} INFO - com.google.code.findbugs#jsr305;3.0.0 by [com.google.code.findbugs#jsr305;3.0.2] in [default]
[2024-05-20T05:36:42.536+0000] {spark_submit.py:571} INFO - org.slf4j#slf4j-api;1.7.26 by [org.slf4j#slf4j-api;2.0.7] in [default]
[2024-05-20T05:36:42.536+0000] {spark_submit.py:571} INFO - org.xerial.snappy#snappy-java;1.1.10.1 by [org.xerial.snappy#snappy-java;1.1.10.3] in [default]
[2024-05-20T05:36:42.538+0000] {spark_submit.py:571} INFO - org.slf4j#slf4j-api;1.7.36 by [org.slf4j#slf4j-api;2.0.7] in [default]
[2024-05-20T05:36:42.539+0000] {spark_submit.py:571} INFO - ---------------------------------------------------------------------
[2024-05-20T05:36:42.539+0000] {spark_submit.py:571} INFO - |                  |            modules            ||   artifacts   |
[2024-05-20T05:36:42.540+0000] {spark_submit.py:571} INFO - |       conf       | number| search|dwnlded|evicted|| number|dwnlded|
[2024-05-20T05:36:42.541+0000] {spark_submit.py:571} INFO - ---------------------------------------------------------------------
[2024-05-20T05:36:42.541+0000] {spark_submit.py:571} INFO - |      default     |   35  |   0   |   0   |   6   ||   29  |   0   |
[2024-05-20T05:36:42.541+0000] {spark_submit.py:571} INFO - ---------------------------------------------------------------------
[2024-05-20T05:36:42.541+0000] {spark_submit.py:571} INFO - :: retrieving :: org.apache.spark#spark-submit-parent-e6666ae7-9f73-4ea5-abe3-76d789dbeef6
[2024-05-20T05:36:42.542+0000] {spark_submit.py:571} INFO - confs: [default]
[2024-05-20T05:36:42.548+0000] {spark_submit.py:571} INFO - 0 artifacts copied, 29 already retrieved (0kB/10ms)
[2024-05-20T05:36:42.740+0000] {spark_submit.py:571} INFO - 24/05/20 05:36:42 WARN NativeCodeLoader: Unable to load native-hadoop library for your platform... using builtin-java classes where applicable
[2024-05-20T05:36:44.464+0000] {spark_submit.py:571} INFO - 24/05/20 05:36:44 INFO SparkContext: Running Spark version 3.5.1
[2024-05-20T05:36:44.468+0000] {spark_submit.py:571} INFO - 24/05/20 05:36:44 INFO SparkContext: OS info Linux, 6.6.26-linuxkit, aarch64
[2024-05-20T05:36:44.469+0000] {spark_submit.py:571} INFO - 24/05/20 05:36:44 INFO SparkContext: Java version 11.0.23
[2024-05-20T05:36:44.491+0000] {spark_submit.py:571} INFO - 24/05/20 05:36:44 INFO ResourceUtils: ==============================================================
[2024-05-20T05:36:44.492+0000] {spark_submit.py:571} INFO - 24/05/20 05:36:44 INFO ResourceUtils: No custom resources configured for spark.driver.
[2024-05-20T05:36:44.492+0000] {spark_submit.py:571} INFO - 24/05/20 05:36:44 INFO ResourceUtils: ==============================================================
[2024-05-20T05:36:44.492+0000] {spark_submit.py:571} INFO - 24/05/20 05:36:44 INFO SparkContext: Submitted application: Redfin_Properties_Consumer
[2024-05-20T05:36:44.555+0000] {spark_submit.py:571} INFO - 24/05/20 05:36:44 INFO ResourceProfile: Default ResourceProfile created, executor resources: Map(memory -> name: memory, amount: 1024, script: , vendor: , offHeap -> name: offHeap, amount: 0, script: , vendor: ), task resources: Map(cpus -> name: cpus, amount: 1.0)
[2024-05-20T05:36:44.571+0000] {spark_submit.py:571} INFO - 24/05/20 05:36:44 INFO ResourceProfile: Limiting resource is cpu
[2024-05-20T05:36:44.571+0000] {spark_submit.py:571} INFO - 24/05/20 05:36:44 INFO ResourceProfileManager: Added ResourceProfile id: 0
[2024-05-20T05:36:44.680+0000] {spark_submit.py:571} INFO - 24/05/20 05:36:44 INFO SecurityManager: Changing view acls to: ***
[2024-05-20T05:36:44.681+0000] {spark_submit.py:571} INFO - 24/05/20 05:36:44 INFO SecurityManager: Changing modify acls to: ***
[2024-05-20T05:36:44.682+0000] {spark_submit.py:571} INFO - 24/05/20 05:36:44 INFO SecurityManager: Changing view acls groups to:
[2024-05-20T05:36:44.682+0000] {spark_submit.py:571} INFO - 24/05/20 05:36:44 INFO SecurityManager: Changing modify acls groups to:
[2024-05-20T05:36:44.682+0000] {spark_submit.py:571} INFO - 24/05/20 05:36:44 INFO SecurityManager: SecurityManager: authentication disabled; ui acls disabled; users with view permissions: ***; groups with view permissions: EMPTY; users with modify permissions: ***; groups with modify permissions: EMPTY
[2024-05-20T05:36:45.439+0000] {spark_submit.py:571} INFO - 24/05/20 05:36:45 INFO Utils: Successfully started service 'sparkDriver' on port 45953.
[2024-05-20T05:36:45.517+0000] {spark_submit.py:571} INFO - 24/05/20 05:36:45 INFO SparkEnv: Registering MapOutputTracker
[2024-05-20T05:36:45.632+0000] {spark_submit.py:571} INFO - 24/05/20 05:36:45 INFO SparkEnv: Registering BlockManagerMaster
[2024-05-20T05:36:45.685+0000] {spark_submit.py:571} INFO - 24/05/20 05:36:45 INFO BlockManagerMasterEndpoint: Using org.apache.spark.storage.DefaultTopologyMapper for getting topology information
[2024-05-20T05:36:45.686+0000] {spark_submit.py:571} INFO - 24/05/20 05:36:45 INFO BlockManagerMasterEndpoint: BlockManagerMasterEndpoint up
[2024-05-20T05:36:45.690+0000] {spark_submit.py:571} INFO - 24/05/20 05:36:45 INFO SparkEnv: Registering BlockManagerMasterHeartbeat
[2024-05-20T05:36:45.762+0000] {spark_submit.py:571} INFO - 24/05/20 05:36:45 INFO DiskBlockManager: Created local directory at /tmp/blockmgr-69c00295-b605-4180-82e6-c98843f42217
[2024-05-20T05:36:45.797+0000] {spark_submit.py:571} INFO - 24/05/20 05:36:45 INFO MemoryStore: MemoryStore started with capacity 434.4 MiB
[2024-05-20T05:36:45.828+0000] {spark_submit.py:571} INFO - 24/05/20 05:36:45 INFO SparkEnv: Registering OutputCommitCoordinator
[2024-05-20T05:36:46.071+0000] {spark_submit.py:571} INFO - 24/05/20 05:36:46 INFO JettyUtils: Start Jetty 0.0.0.0:4040 for SparkUI
[2024-05-20T05:36:46.219+0000] {spark_submit.py:571} INFO - 24/05/20 05:36:46 INFO Utils: Successfully started service 'SparkUI' on port 4040.
[2024-05-20T05:36:46.271+0000] {spark_submit.py:571} INFO - 24/05/20 05:36:46 INFO SparkContext: Added JAR file:///home/***/.ivy2/jars/org.apache.spark_spark-sql-kafka-0-10_2.12-3.5.1.jar at spark://eddd84e36bad:45953/jars/org.apache.spark_spark-sql-kafka-0-10_2.12-3.5.1.jar with timestamp 1716183404450
[2024-05-20T05:36:46.272+0000] {spark_submit.py:571} INFO - 24/05/20 05:36:46 INFO SparkContext: Added JAR file:///home/***/.ivy2/jars/com.datastax.spark_spark-cassandra-connector_2.12-3.5.0.jar at spark://eddd84e36bad:45953/jars/com.datastax.spark_spark-cassandra-connector_2.12-3.5.0.jar with timestamp 1716183404450
[2024-05-20T05:36:46.272+0000] {spark_submit.py:571} INFO - 24/05/20 05:36:46 INFO SparkContext: Added JAR file:///home/***/.ivy2/jars/org.apache.kafka_kafka-clients-3.5.1.jar at spark://eddd84e36bad:45953/jars/org.apache.kafka_kafka-clients-3.5.1.jar with timestamp 1716183404450
[2024-05-20T05:36:46.273+0000] {spark_submit.py:571} INFO - 24/05/20 05:36:46 INFO SparkContext: Added JAR file:///home/***/.ivy2/jars/commons-logging_commons-logging-1.2.jar at spark://eddd84e36bad:45953/jars/commons-logging_commons-logging-1.2.jar with timestamp 1716183404450
[2024-05-20T05:36:46.273+0000] {spark_submit.py:571} INFO - 24/05/20 05:36:46 INFO SparkContext: Added JAR file:///home/***/.ivy2/jars/org.apache.spark_spark-token-provider-kafka-0-10_2.12-3.5.1.jar at spark://eddd84e36bad:45953/jars/org.apache.spark_spark-token-provider-kafka-0-10_2.12-3.5.1.jar with timestamp 1716183404450
[2024-05-20T05:36:46.273+0000] {spark_submit.py:571} INFO - 24/05/20 05:36:46 INFO SparkContext: Added JAR file:///home/***/.ivy2/jars/org.apache.commons_commons-pool2-2.11.1.jar at spark://eddd84e36bad:45953/jars/org.apache.commons_commons-pool2-2.11.1.jar with timestamp 1716183404450
[2024-05-20T05:36:46.273+0000] {spark_submit.py:571} INFO - 24/05/20 05:36:46 INFO SparkContext: Added JAR file:///home/***/.ivy2/jars/org.apache.hadoop_hadoop-client-runtime-3.3.4.jar at spark://eddd84e36bad:45953/jars/org.apache.hadoop_hadoop-client-runtime-3.3.4.jar with timestamp 1716183404450
[2024-05-20T05:36:46.275+0000] {spark_submit.py:571} INFO - 24/05/20 05:36:46 INFO SparkContext: Added JAR file:///home/***/.ivy2/jars/org.apache.hadoop_hadoop-client-api-3.3.4.jar at spark://eddd84e36bad:45953/jars/org.apache.hadoop_hadoop-client-api-3.3.4.jar with timestamp 1716183404450
[2024-05-20T05:36:46.279+0000] {spark_submit.py:571} INFO - 24/05/20 05:36:46 INFO SparkContext: Added JAR file:///home/***/.ivy2/jars/org.xerial.snappy_snappy-java-1.1.10.3.jar at spark://eddd84e36bad:45953/jars/org.xerial.snappy_snappy-java-1.1.10.3.jar with timestamp 1716183404450
[2024-05-20T05:36:46.279+0000] {spark_submit.py:571} INFO - 24/05/20 05:36:46 INFO SparkContext: Added JAR file:///home/***/.ivy2/jars/org.slf4j_slf4j-api-2.0.7.jar at spark://eddd84e36bad:45953/jars/org.slf4j_slf4j-api-2.0.7.jar with timestamp 1716183404450
[2024-05-20T05:36:46.279+0000] {spark_submit.py:571} INFO - 24/05/20 05:36:46 INFO SparkContext: Added JAR file:///home/***/.ivy2/jars/com.datastax.spark_spark-cassandra-connector-driver_2.12-3.5.0.jar at spark://eddd84e36bad:45953/jars/com.datastax.spark_spark-cassandra-connector-driver_2.12-3.5.0.jar with timestamp 1716183404450
[2024-05-20T05:36:46.280+0000] {spark_submit.py:571} INFO - 24/05/20 05:36:46 INFO SparkContext: Added JAR file:///home/***/.ivy2/jars/org.scala-lang.modules_scala-collection-compat_2.12-2.11.0.jar at spark://eddd84e36bad:45953/jars/org.scala-lang.modules_scala-collection-compat_2.12-2.11.0.jar with timestamp 1716183404450
[2024-05-20T05:36:46.280+0000] {spark_submit.py:571} INFO - 24/05/20 05:36:46 INFO SparkContext: Added JAR file:///home/***/.ivy2/jars/com.datastax.oss_java-driver-core-shaded-4.13.0.jar at spark://eddd84e36bad:45953/jars/com.datastax.oss_java-driver-core-shaded-4.13.0.jar with timestamp 1716183404450
[2024-05-20T05:36:46.280+0000] {spark_submit.py:571} INFO - 24/05/20 05:36:46 INFO SparkContext: Added JAR file:///home/***/.ivy2/jars/com.datastax.oss_java-driver-mapper-runtime-4.13.0.jar at spark://eddd84e36bad:45953/jars/com.datastax.oss_java-driver-mapper-runtime-4.13.0.jar with timestamp 1716183404450
[2024-05-20T05:36:46.281+0000] {spark_submit.py:571} INFO - 24/05/20 05:36:46 INFO SparkContext: Added JAR file:///home/***/.ivy2/jars/org.apache.commons_commons-lang3-3.10.jar at spark://eddd84e36bad:45953/jars/org.apache.commons_commons-lang3-3.10.jar with timestamp 1716183404450
[2024-05-20T05:36:46.281+0000] {spark_submit.py:571} INFO - 24/05/20 05:36:46 INFO SparkContext: Added JAR file:///home/***/.ivy2/jars/com.thoughtworks.paranamer_paranamer-2.8.jar at spark://eddd84e36bad:45953/jars/com.thoughtworks.paranamer_paranamer-2.8.jar with timestamp 1716183404450
[2024-05-20T05:36:46.281+0000] {spark_submit.py:571} INFO - 24/05/20 05:36:46 INFO SparkContext: Added JAR file:///home/***/.ivy2/jars/org.scala-lang_scala-reflect-2.12.11.jar at spark://eddd84e36bad:45953/jars/org.scala-lang_scala-reflect-2.12.11.jar with timestamp 1716183404450
[2024-05-20T05:36:46.281+0000] {spark_submit.py:571} INFO - 24/05/20 05:36:46 INFO SparkContext: Added JAR file:///home/***/.ivy2/jars/com.datastax.oss_native-protocol-1.5.0.jar at spark://eddd84e36bad:45953/jars/com.datastax.oss_native-protocol-1.5.0.jar with timestamp 1716183404450
[2024-05-20T05:36:46.282+0000] {spark_submit.py:571} INFO - 24/05/20 05:36:46 INFO SparkContext: Added JAR file:///home/***/.ivy2/jars/com.datastax.oss_java-driver-shaded-guava-25.1-jre-graal-sub-1.jar at spark://eddd84e36bad:45953/jars/com.datastax.oss_java-driver-shaded-guava-25.1-jre-graal-sub-1.jar with timestamp 1716183404450
[2024-05-20T05:36:46.282+0000] {spark_submit.py:571} INFO - 24/05/20 05:36:46 INFO SparkContext: Added JAR file:///home/***/.ivy2/jars/com.typesafe_config-1.4.1.jar at spark://eddd84e36bad:45953/jars/com.typesafe_config-1.4.1.jar with timestamp 1716183404450
[2024-05-20T05:36:46.282+0000] {spark_submit.py:571} INFO - 24/05/20 05:36:46 INFO SparkContext: Added JAR file:///home/***/.ivy2/jars/io.dropwizard.metrics_metrics-core-4.1.18.jar at spark://eddd84e36bad:45953/jars/io.dropwizard.metrics_metrics-core-4.1.18.jar with timestamp 1716183404450
[2024-05-20T05:36:46.282+0000] {spark_submit.py:571} INFO - 24/05/20 05:36:46 INFO SparkContext: Added JAR file:///home/***/.ivy2/jars/org.hdrhistogram_HdrHistogram-2.1.12.jar at spark://eddd84e36bad:45953/jars/org.hdrhistogram_HdrHistogram-2.1.12.jar with timestamp 1716183404450
[2024-05-20T05:36:46.282+0000] {spark_submit.py:571} INFO - 24/05/20 05:36:46 INFO SparkContext: Added JAR file:///home/***/.ivy2/jars/org.reactivestreams_reactive-streams-1.0.3.jar at spark://eddd84e36bad:45953/jars/org.reactivestreams_reactive-streams-1.0.3.jar with timestamp 1716183404450
[2024-05-20T05:36:46.282+0000] {spark_submit.py:571} INFO - 24/05/20 05:36:46 INFO SparkContext: Added JAR file:///home/***/.ivy2/jars/com.github.stephenc.jcip_jcip-annotations-1.0-1.jar at spark://eddd84e36bad:45953/jars/com.github.stephenc.jcip_jcip-annotations-1.0-1.jar with timestamp 1716183404450
[2024-05-20T05:36:46.283+0000] {spark_submit.py:571} INFO - 24/05/20 05:36:46 INFO SparkContext: Added JAR file:///home/***/.ivy2/jars/com.github.spotbugs_spotbugs-annotations-3.1.12.jar at spark://eddd84e36bad:45953/jars/com.github.spotbugs_spotbugs-annotations-3.1.12.jar with timestamp 1716183404450
[2024-05-20T05:36:46.283+0000] {spark_submit.py:571} INFO - 24/05/20 05:36:46 INFO SparkContext: Added JAR file:///home/***/.ivy2/jars/com.google.code.findbugs_jsr305-3.0.2.jar at spark://eddd84e36bad:45953/jars/com.google.code.findbugs_jsr305-3.0.2.jar with timestamp 1716183404450
[2024-05-20T05:36:46.283+0000] {spark_submit.py:571} INFO - 24/05/20 05:36:46 INFO SparkContext: Added JAR file:///home/***/.ivy2/jars/com.datastax.oss_java-driver-query-builder-4.13.0.jar at spark://eddd84e36bad:45953/jars/com.datastax.oss_java-driver-query-builder-4.13.0.jar with timestamp 1716183404450
[2024-05-20T05:36:46.283+0000] {spark_submit.py:571} INFO - 24/05/20 05:36:46 INFO SparkContext: Added JAR file:///home/***/.ivy2/jars/com.github.luben_zstd-jni-1.5.5-1.jar at spark://eddd84e36bad:45953/jars/com.github.luben_zstd-jni-1.5.5-1.jar with timestamp 1716183404450
[2024-05-20T05:36:46.283+0000] {spark_submit.py:571} INFO - 24/05/20 05:36:46 INFO SparkContext: Added JAR file:///home/***/.ivy2/jars/org.lz4_lz4-java-1.8.0.jar at spark://eddd84e36bad:45953/jars/org.lz4_lz4-java-1.8.0.jar with timestamp 1716183404450
[2024-05-20T05:36:46.284+0000] {spark_submit.py:571} INFO - 24/05/20 05:36:46 INFO SparkContext: Added file file:///home/***/.ivy2/jars/org.apache.spark_spark-sql-kafka-0-10_2.12-3.5.1.jar at spark://eddd84e36bad:45953/files/org.apache.spark_spark-sql-kafka-0-10_2.12-3.5.1.jar with timestamp 1716183404450
[2024-05-20T05:36:46.284+0000] {spark_submit.py:571} INFO - 24/05/20 05:36:46 INFO Utils: Copying /home/***/.ivy2/jars/org.apache.spark_spark-sql-kafka-0-10_2.12-3.5.1.jar to /tmp/spark-3712a627-c07b-4ddb-a55e-95468cd800d7/userFiles-47ddb77d-6a0c-43d4-8fe9-2f0bed742324/org.apache.spark_spark-sql-kafka-0-10_2.12-3.5.1.jar
[2024-05-20T05:36:46.358+0000] {spark_submit.py:571} INFO - 24/05/20 05:36:46 INFO SparkContext: Added file file:///home/***/.ivy2/jars/com.datastax.spark_spark-cassandra-connector_2.12-3.5.0.jar at spark://eddd84e36bad:45953/files/com.datastax.spark_spark-cassandra-connector_2.12-3.5.0.jar with timestamp 1716183404450
[2024-05-20T05:36:46.362+0000] {spark_submit.py:571} INFO - 24/05/20 05:36:46 INFO Utils: Copying /home/***/.ivy2/jars/com.datastax.spark_spark-cassandra-connector_2.12-3.5.0.jar to /tmp/spark-3712a627-c07b-4ddb-a55e-95468cd800d7/userFiles-47ddb77d-6a0c-43d4-8fe9-2f0bed742324/com.datastax.spark_spark-cassandra-connector_2.12-3.5.0.jar
[2024-05-20T05:36:46.481+0000] {spark_submit.py:571} INFO - 24/05/20 05:36:46 INFO SparkContext: Added file file:///home/***/.ivy2/jars/org.apache.kafka_kafka-clients-3.5.1.jar at spark://eddd84e36bad:45953/files/org.apache.kafka_kafka-clients-3.5.1.jar with timestamp 1716183404450
[2024-05-20T05:36:46.484+0000] {spark_submit.py:571} INFO - 24/05/20 05:36:46 INFO Utils: Copying /home/***/.ivy2/jars/org.apache.kafka_kafka-clients-3.5.1.jar to /tmp/spark-3712a627-c07b-4ddb-a55e-95468cd800d7/userFiles-47ddb77d-6a0c-43d4-8fe9-2f0bed742324/org.apache.kafka_kafka-clients-3.5.1.jar
[2024-05-20T05:36:46.866+0000] {spark_submit.py:571} INFO - 24/05/20 05:36:46 INFO SparkContext: Added file file:///home/***/.ivy2/jars/commons-logging_commons-logging-1.2.jar at spark://eddd84e36bad:45953/files/commons-logging_commons-logging-1.2.jar with timestamp 1716183404450
[2024-05-20T05:36:46.869+0000] {spark_submit.py:571} INFO - 24/05/20 05:36:46 INFO Utils: Copying /home/***/.ivy2/jars/commons-logging_commons-logging-1.2.jar to /tmp/spark-3712a627-c07b-4ddb-a55e-95468cd800d7/userFiles-47ddb77d-6a0c-43d4-8fe9-2f0bed742324/commons-logging_commons-logging-1.2.jar
[2024-05-20T05:36:46.879+0000] {spark_submit.py:571} INFO - 24/05/20 05:36:46 INFO SparkContext: Added file file:///home/***/.ivy2/jars/org.apache.spark_spark-token-provider-kafka-0-10_2.12-3.5.1.jar at spark://eddd84e36bad:45953/files/org.apache.spark_spark-token-provider-kafka-0-10_2.12-3.5.1.jar with timestamp 1716183404450
[2024-05-20T05:36:46.880+0000] {spark_submit.py:571} INFO - 24/05/20 05:36:46 INFO Utils: Copying /home/***/.ivy2/jars/org.apache.spark_spark-token-provider-kafka-0-10_2.12-3.5.1.jar to /tmp/spark-3712a627-c07b-4ddb-a55e-95468cd800d7/userFiles-47ddb77d-6a0c-43d4-8fe9-2f0bed742324/org.apache.spark_spark-token-provider-kafka-0-10_2.12-3.5.1.jar
[2024-05-20T05:36:46.887+0000] {spark_submit.py:571} INFO - 24/05/20 05:36:46 INFO SparkContext: Added file file:///home/***/.ivy2/jars/org.apache.commons_commons-pool2-2.11.1.jar at spark://eddd84e36bad:45953/files/org.apache.commons_commons-pool2-2.11.1.jar with timestamp 1716183404450
[2024-05-20T05:36:46.887+0000] {spark_submit.py:571} INFO - 24/05/20 05:36:46 INFO Utils: Copying /home/***/.ivy2/jars/org.apache.commons_commons-pool2-2.11.1.jar to /tmp/spark-3712a627-c07b-4ddb-a55e-95468cd800d7/userFiles-47ddb77d-6a0c-43d4-8fe9-2f0bed742324/org.apache.commons_commons-pool2-2.11.1.jar
[2024-05-20T05:36:46.901+0000] {spark_submit.py:571} INFO - 24/05/20 05:36:46 INFO SparkContext: Added file file:///home/***/.ivy2/jars/org.apache.hadoop_hadoop-client-runtime-3.3.4.jar at spark://eddd84e36bad:45953/files/org.apache.hadoop_hadoop-client-runtime-3.3.4.jar with timestamp 1716183404450
[2024-05-20T05:36:46.902+0000] {spark_submit.py:571} INFO - 24/05/20 05:36:46 INFO Utils: Copying /home/***/.ivy2/jars/org.apache.hadoop_hadoop-client-runtime-3.3.4.jar to /tmp/spark-3712a627-c07b-4ddb-a55e-95468cd800d7/userFiles-47ddb77d-6a0c-43d4-8fe9-2f0bed742324/org.apache.hadoop_hadoop-client-runtime-3.3.4.jar
[2024-05-20T05:36:47.215+0000] {spark_submit.py:571} INFO - 24/05/20 05:36:47 INFO SparkContext: Added file file:///home/***/.ivy2/jars/org.apache.hadoop_hadoop-client-api-3.3.4.jar at spark://eddd84e36bad:45953/files/org.apache.hadoop_hadoop-client-api-3.3.4.jar with timestamp 1716183404450
[2024-05-20T05:36:47.217+0000] {spark_submit.py:571} INFO - 24/05/20 05:36:47 INFO Utils: Copying /home/***/.ivy2/jars/org.apache.hadoop_hadoop-client-api-3.3.4.jar to /tmp/spark-3712a627-c07b-4ddb-a55e-95468cd800d7/userFiles-47ddb77d-6a0c-43d4-8fe9-2f0bed742324/org.apache.hadoop_hadoop-client-api-3.3.4.jar
[2024-05-20T05:36:47.364+0000] {spark_submit.py:571} INFO - 24/05/20 05:36:47 INFO SparkContext: Added file file:///home/***/.ivy2/jars/org.xerial.snappy_snappy-java-1.1.10.3.jar at spark://eddd84e36bad:45953/files/org.xerial.snappy_snappy-java-1.1.10.3.jar with timestamp 1716183404450
[2024-05-20T05:36:47.365+0000] {spark_submit.py:571} INFO - 24/05/20 05:36:47 INFO Utils: Copying /home/***/.ivy2/jars/org.xerial.snappy_snappy-java-1.1.10.3.jar to /tmp/spark-3712a627-c07b-4ddb-a55e-95468cd800d7/userFiles-47ddb77d-6a0c-43d4-8fe9-2f0bed742324/org.xerial.snappy_snappy-java-1.1.10.3.jar
[2024-05-20T05:36:47.380+0000] {spark_submit.py:571} INFO - 24/05/20 05:36:47 INFO SparkContext: Added file file:///home/***/.ivy2/jars/org.slf4j_slf4j-api-2.0.7.jar at spark://eddd84e36bad:45953/files/org.slf4j_slf4j-api-2.0.7.jar with timestamp 1716183404450
[2024-05-20T05:36:47.381+0000] {spark_submit.py:571} INFO - 24/05/20 05:36:47 INFO Utils: Copying /home/***/.ivy2/jars/org.slf4j_slf4j-api-2.0.7.jar to /tmp/spark-3712a627-c07b-4ddb-a55e-95468cd800d7/userFiles-47ddb77d-6a0c-43d4-8fe9-2f0bed742324/org.slf4j_slf4j-api-2.0.7.jar
[2024-05-20T05:36:47.385+0000] {spark_submit.py:571} INFO - 24/05/20 05:36:47 INFO SparkContext: Added file file:///home/***/.ivy2/jars/com.datastax.spark_spark-cassandra-connector-driver_2.12-3.5.0.jar at spark://eddd84e36bad:45953/files/com.datastax.spark_spark-cassandra-connector-driver_2.12-3.5.0.jar with timestamp 1716183404450
[2024-05-20T05:36:47.385+0000] {spark_submit.py:571} INFO - 24/05/20 05:36:47 INFO Utils: Copying /home/***/.ivy2/jars/com.datastax.spark_spark-cassandra-connector-driver_2.12-3.5.0.jar to /tmp/spark-3712a627-c07b-4ddb-a55e-95468cd800d7/userFiles-47ddb77d-6a0c-43d4-8fe9-2f0bed742324/com.datastax.spark_spark-cassandra-connector-driver_2.12-3.5.0.jar
[2024-05-20T05:36:47.407+0000] {spark_submit.py:571} INFO - 24/05/20 05:36:47 INFO SparkContext: Added file file:///home/***/.ivy2/jars/org.scala-lang.modules_scala-collection-compat_2.12-2.11.0.jar at spark://eddd84e36bad:45953/files/org.scala-lang.modules_scala-collection-compat_2.12-2.11.0.jar with timestamp 1716183404450
[2024-05-20T05:36:47.408+0000] {spark_submit.py:571} INFO - 24/05/20 05:36:47 INFO Utils: Copying /home/***/.ivy2/jars/org.scala-lang.modules_scala-collection-compat_2.12-2.11.0.jar to /tmp/spark-3712a627-c07b-4ddb-a55e-95468cd800d7/userFiles-47ddb77d-6a0c-43d4-8fe9-2f0bed742324/org.scala-lang.modules_scala-collection-compat_2.12-2.11.0.jar
[2024-05-20T05:36:47.415+0000] {spark_submit.py:571} INFO - 24/05/20 05:36:47 INFO SparkContext: Added file file:///home/***/.ivy2/jars/com.datastax.oss_java-driver-core-shaded-4.13.0.jar at spark://eddd84e36bad:45953/files/com.datastax.oss_java-driver-core-shaded-4.13.0.jar with timestamp 1716183404450
[2024-05-20T05:36:47.418+0000] {spark_submit.py:571} INFO - 24/05/20 05:36:47 INFO Utils: Copying /home/***/.ivy2/jars/com.datastax.oss_java-driver-core-shaded-4.13.0.jar to /tmp/spark-3712a627-c07b-4ddb-a55e-95468cd800d7/userFiles-47ddb77d-6a0c-43d4-8fe9-2f0bed742324/com.datastax.oss_java-driver-core-shaded-4.13.0.jar
[2024-05-20T05:36:47.471+0000] {spark_submit.py:571} INFO - 24/05/20 05:36:47 INFO SparkContext: Added file file:///home/***/.ivy2/jars/com.datastax.oss_java-driver-mapper-runtime-4.13.0.jar at spark://eddd84e36bad:45953/files/com.datastax.oss_java-driver-mapper-runtime-4.13.0.jar with timestamp 1716183404450
[2024-05-20T05:36:47.472+0000] {spark_submit.py:571} INFO - 24/05/20 05:36:47 INFO Utils: Copying /home/***/.ivy2/jars/com.datastax.oss_java-driver-mapper-runtime-4.13.0.jar to /tmp/spark-3712a627-c07b-4ddb-a55e-95468cd800d7/userFiles-47ddb77d-6a0c-43d4-8fe9-2f0bed742324/com.datastax.oss_java-driver-mapper-runtime-4.13.0.jar
[2024-05-20T05:36:47.481+0000] {spark_submit.py:571} INFO - 24/05/20 05:36:47 INFO SparkContext: Added file file:///home/***/.ivy2/jars/org.apache.commons_commons-lang3-3.10.jar at spark://eddd84e36bad:45953/files/org.apache.commons_commons-lang3-3.10.jar with timestamp 1716183404450
[2024-05-20T05:36:47.482+0000] {spark_submit.py:571} INFO - 24/05/20 05:36:47 INFO Utils: Copying /home/***/.ivy2/jars/org.apache.commons_commons-lang3-3.10.jar to /tmp/spark-3712a627-c07b-4ddb-a55e-95468cd800d7/userFiles-47ddb77d-6a0c-43d4-8fe9-2f0bed742324/org.apache.commons_commons-lang3-3.10.jar
[2024-05-20T05:36:47.510+0000] {spark_submit.py:571} INFO - 24/05/20 05:36:47 INFO SparkContext: Added file file:///home/***/.ivy2/jars/com.thoughtworks.paranamer_paranamer-2.8.jar at spark://eddd84e36bad:45953/files/com.thoughtworks.paranamer_paranamer-2.8.jar with timestamp 1716183404450
[2024-05-20T05:36:47.511+0000] {spark_submit.py:571} INFO - 24/05/20 05:36:47 INFO Utils: Copying /home/***/.ivy2/jars/com.thoughtworks.paranamer_paranamer-2.8.jar to /tmp/spark-3712a627-c07b-4ddb-a55e-95468cd800d7/userFiles-47ddb77d-6a0c-43d4-8fe9-2f0bed742324/com.thoughtworks.paranamer_paranamer-2.8.jar
[2024-05-20T05:36:47.513+0000] {spark_submit.py:571} INFO - 24/05/20 05:36:47 INFO SparkContext: Added file file:///home/***/.ivy2/jars/org.scala-lang_scala-reflect-2.12.11.jar at spark://eddd84e36bad:45953/files/org.scala-lang_scala-reflect-2.12.11.jar with timestamp 1716183404450
[2024-05-20T05:36:47.514+0000] {spark_submit.py:571} INFO - 24/05/20 05:36:47 INFO Utils: Copying /home/***/.ivy2/jars/org.scala-lang_scala-reflect-2.12.11.jar to /tmp/spark-3712a627-c07b-4ddb-a55e-95468cd800d7/userFiles-47ddb77d-6a0c-43d4-8fe9-2f0bed742324/org.scala-lang_scala-reflect-2.12.11.jar
[2024-05-20T05:36:47.534+0000] {spark_submit.py:571} INFO - 24/05/20 05:36:47 INFO SparkContext: Added file file:///home/***/.ivy2/jars/com.datastax.oss_native-protocol-1.5.0.jar at spark://eddd84e36bad:45953/files/com.datastax.oss_native-protocol-1.5.0.jar with timestamp 1716183404450
[2024-05-20T05:36:47.535+0000] {spark_submit.py:571} INFO - 24/05/20 05:36:47 INFO Utils: Copying /home/***/.ivy2/jars/com.datastax.oss_native-protocol-1.5.0.jar to /tmp/spark-3712a627-c07b-4ddb-a55e-95468cd800d7/userFiles-47ddb77d-6a0c-43d4-8fe9-2f0bed742324/com.datastax.oss_native-protocol-1.5.0.jar
[2024-05-20T05:36:47.540+0000] {spark_submit.py:571} INFO - 24/05/20 05:36:47 INFO SparkContext: Added file file:///home/***/.ivy2/jars/com.datastax.oss_java-driver-shaded-guava-25.1-jre-graal-sub-1.jar at spark://eddd84e36bad:45953/files/com.datastax.oss_java-driver-shaded-guava-25.1-jre-graal-sub-1.jar with timestamp 1716183404450
[2024-05-20T05:36:47.541+0000] {spark_submit.py:571} INFO - 24/05/20 05:36:47 INFO Utils: Copying /home/***/.ivy2/jars/com.datastax.oss_java-driver-shaded-guava-25.1-jre-graal-sub-1.jar to /tmp/spark-3712a627-c07b-4ddb-a55e-95468cd800d7/userFiles-47ddb77d-6a0c-43d4-8fe9-2f0bed742324/com.datastax.oss_java-driver-shaded-guava-25.1-jre-graal-sub-1.jar
[2024-05-20T05:36:47.561+0000] {spark_submit.py:571} INFO - 24/05/20 05:36:47 INFO SparkContext: Added file file:///home/***/.ivy2/jars/com.typesafe_config-1.4.1.jar at spark://eddd84e36bad:45953/files/com.typesafe_config-1.4.1.jar with timestamp 1716183404450
[2024-05-20T05:36:47.561+0000] {spark_submit.py:571} INFO - 24/05/20 05:36:47 INFO Utils: Copying /home/***/.ivy2/jars/com.typesafe_config-1.4.1.jar to /tmp/spark-3712a627-c07b-4ddb-a55e-95468cd800d7/userFiles-47ddb77d-6a0c-43d4-8fe9-2f0bed742324/com.typesafe_config-1.4.1.jar
[2024-05-20T05:36:47.566+0000] {spark_submit.py:571} INFO - 24/05/20 05:36:47 INFO SparkContext: Added file file:///home/***/.ivy2/jars/io.dropwizard.metrics_metrics-core-4.1.18.jar at spark://eddd84e36bad:45953/files/io.dropwizard.metrics_metrics-core-4.1.18.jar with timestamp 1716183404450
[2024-05-20T05:36:47.566+0000] {spark_submit.py:571} INFO - 24/05/20 05:36:47 INFO Utils: Copying /home/***/.ivy2/jars/io.dropwizard.metrics_metrics-core-4.1.18.jar to /tmp/spark-3712a627-c07b-4ddb-a55e-95468cd800d7/userFiles-47ddb77d-6a0c-43d4-8fe9-2f0bed742324/io.dropwizard.metrics_metrics-core-4.1.18.jar
[2024-05-20T05:36:47.574+0000] {spark_submit.py:571} INFO - 24/05/20 05:36:47 INFO SparkContext: Added file file:///home/***/.ivy2/jars/org.hdrhistogram_HdrHistogram-2.1.12.jar at spark://eddd84e36bad:45953/files/org.hdrhistogram_HdrHistogram-2.1.12.jar with timestamp 1716183404450
[2024-05-20T05:36:47.576+0000] {spark_submit.py:571} INFO - 24/05/20 05:36:47 INFO Utils: Copying /home/***/.ivy2/jars/org.hdrhistogram_HdrHistogram-2.1.12.jar to /tmp/spark-3712a627-c07b-4ddb-a55e-95468cd800d7/userFiles-47ddb77d-6a0c-43d4-8fe9-2f0bed742324/org.hdrhistogram_HdrHistogram-2.1.12.jar
[2024-05-20T05:36:47.580+0000] {spark_submit.py:571} INFO - 24/05/20 05:36:47 INFO SparkContext: Added file file:///home/***/.ivy2/jars/org.reactivestreams_reactive-streams-1.0.3.jar at spark://eddd84e36bad:45953/files/org.reactivestreams_reactive-streams-1.0.3.jar with timestamp 1716183404450
[2024-05-20T05:36:47.580+0000] {spark_submit.py:571} INFO - 24/05/20 05:36:47 INFO Utils: Copying /home/***/.ivy2/jars/org.reactivestreams_reactive-streams-1.0.3.jar to /tmp/spark-3712a627-c07b-4ddb-a55e-95468cd800d7/userFiles-47ddb77d-6a0c-43d4-8fe9-2f0bed742324/org.reactivestreams_reactive-streams-1.0.3.jar
[2024-05-20T05:36:47.584+0000] {spark_submit.py:571} INFO - 24/05/20 05:36:47 INFO SparkContext: Added file file:///home/***/.ivy2/jars/com.github.stephenc.jcip_jcip-annotations-1.0-1.jar at spark://eddd84e36bad:45953/files/com.github.stephenc.jcip_jcip-annotations-1.0-1.jar with timestamp 1716183404450
[2024-05-20T05:36:47.585+0000] {spark_submit.py:571} INFO - 24/05/20 05:36:47 INFO Utils: Copying /home/***/.ivy2/jars/com.github.stephenc.jcip_jcip-annotations-1.0-1.jar to /tmp/spark-3712a627-c07b-4ddb-a55e-95468cd800d7/userFiles-47ddb77d-6a0c-43d4-8fe9-2f0bed742324/com.github.stephenc.jcip_jcip-annotations-1.0-1.jar
[2024-05-20T05:36:47.589+0000] {spark_submit.py:571} INFO - 24/05/20 05:36:47 INFO SparkContext: Added file file:///home/***/.ivy2/jars/com.github.spotbugs_spotbugs-annotations-3.1.12.jar at spark://eddd84e36bad:45953/files/com.github.spotbugs_spotbugs-annotations-3.1.12.jar with timestamp 1716183404450
[2024-05-20T05:36:47.590+0000] {spark_submit.py:571} INFO - 24/05/20 05:36:47 INFO Utils: Copying /home/***/.ivy2/jars/com.github.spotbugs_spotbugs-annotations-3.1.12.jar to /tmp/spark-3712a627-c07b-4ddb-a55e-95468cd800d7/userFiles-47ddb77d-6a0c-43d4-8fe9-2f0bed742324/com.github.spotbugs_spotbugs-annotations-3.1.12.jar
[2024-05-20T05:36:47.594+0000] {spark_submit.py:571} INFO - 24/05/20 05:36:47 INFO SparkContext: Added file file:///home/***/.ivy2/jars/com.google.code.findbugs_jsr305-3.0.2.jar at spark://eddd84e36bad:45953/files/com.google.code.findbugs_jsr305-3.0.2.jar with timestamp 1716183404450
[2024-05-20T05:36:47.594+0000] {spark_submit.py:571} INFO - 24/05/20 05:36:47 INFO Utils: Copying /home/***/.ivy2/jars/com.google.code.findbugs_jsr305-3.0.2.jar to /tmp/spark-3712a627-c07b-4ddb-a55e-95468cd800d7/userFiles-47ddb77d-6a0c-43d4-8fe9-2f0bed742324/com.google.code.findbugs_jsr305-3.0.2.jar
[2024-05-20T05:36:47.597+0000] {spark_submit.py:571} INFO - 24/05/20 05:36:47 INFO SparkContext: Added file file:///home/***/.ivy2/jars/com.datastax.oss_java-driver-query-builder-4.13.0.jar at spark://eddd84e36bad:45953/files/com.datastax.oss_java-driver-query-builder-4.13.0.jar with timestamp 1716183404450
[2024-05-20T05:36:47.597+0000] {spark_submit.py:571} INFO - 24/05/20 05:36:47 INFO Utils: Copying /home/***/.ivy2/jars/com.datastax.oss_java-driver-query-builder-4.13.0.jar to /tmp/spark-3712a627-c07b-4ddb-a55e-95468cd800d7/userFiles-47ddb77d-6a0c-43d4-8fe9-2f0bed742324/com.datastax.oss_java-driver-query-builder-4.13.0.jar
[2024-05-20T05:36:47.602+0000] {spark_submit.py:571} INFO - 24/05/20 05:36:47 INFO SparkContext: Added file file:///home/***/.ivy2/jars/com.github.luben_zstd-jni-1.5.5-1.jar at spark://eddd84e36bad:45953/files/com.github.luben_zstd-jni-1.5.5-1.jar with timestamp 1716183404450
[2024-05-20T05:36:47.602+0000] {spark_submit.py:571} INFO - 24/05/20 05:36:47 INFO Utils: Copying /home/***/.ivy2/jars/com.github.luben_zstd-jni-1.5.5-1.jar to /tmp/spark-3712a627-c07b-4ddb-a55e-95468cd800d7/userFiles-47ddb77d-6a0c-43d4-8fe9-2f0bed742324/com.github.luben_zstd-jni-1.5.5-1.jar
[2024-05-20T05:36:47.642+0000] {spark_submit.py:571} INFO - 24/05/20 05:36:47 INFO SparkContext: Added file file:///home/***/.ivy2/jars/org.lz4_lz4-java-1.8.0.jar at spark://eddd84e36bad:45953/files/org.lz4_lz4-java-1.8.0.jar with timestamp 1716183404450
[2024-05-20T05:36:47.642+0000] {spark_submit.py:571} INFO - 24/05/20 05:36:47 INFO Utils: Copying /home/***/.ivy2/jars/org.lz4_lz4-java-1.8.0.jar to /tmp/spark-3712a627-c07b-4ddb-a55e-95468cd800d7/userFiles-47ddb77d-6a0c-43d4-8fe9-2f0bed742324/org.lz4_lz4-java-1.8.0.jar
[2024-05-20T05:36:47.805+0000] {spark_submit.py:571} INFO - 24/05/20 05:36:47 INFO StandaloneAppClient$ClientEndpoint: Connecting to master spark://spark-master:7077...
[2024-05-20T05:36:47.861+0000] {spark_submit.py:571} INFO - 24/05/20 05:36:47 INFO TransportClientFactory: Successfully created connection to spark-master/192.168.96.3:7077 after 33 ms (0 ms spent in bootstraps)
[2024-05-20T05:36:47.969+0000] {spark_submit.py:571} INFO - 24/05/20 05:36:47 INFO StandaloneSchedulerBackend: Connected to Spark cluster with app ID app-20240520053647-0011
[2024-05-20T05:36:47.972+0000] {spark_submit.py:571} INFO - 24/05/20 05:36:47 INFO StandaloneAppClient$ClientEndpoint: Executor added: app-20240520053647-0011/0 on worker-20240519000616-192.168.96.6-36477 (192.168.96.6:36477) with 1 core(s)
[2024-05-20T05:36:47.974+0000] {spark_submit.py:571} INFO - 24/05/20 05:36:47 INFO StandaloneSchedulerBackend: Granted executor ID app-20240520053647-0011/0 on hostPort 192.168.96.6:36477 with 1 core(s), 1024.0 MiB RAM
[2024-05-20T05:36:47.980+0000] {spark_submit.py:571} INFO - 24/05/20 05:36:47 INFO Utils: Successfully started service 'org.apache.spark.network.netty.NettyBlockTransferService' on port 41319.
[2024-05-20T05:36:47.981+0000] {spark_submit.py:571} INFO - 24/05/20 05:36:47 INFO NettyBlockTransferService: Server created on eddd84e36bad:41319
[2024-05-20T05:36:47.985+0000] {spark_submit.py:571} INFO - 24/05/20 05:36:47 INFO BlockManager: Using org.apache.spark.storage.RandomBlockReplicationPolicy for block replication policy
[2024-05-20T05:36:47.990+0000] {spark_submit.py:571} INFO - 24/05/20 05:36:47 INFO BlockManagerMaster: Registering BlockManager BlockManagerId(driver, eddd84e36bad, 41319, None)
[2024-05-20T05:36:47.996+0000] {spark_submit.py:571} INFO - 24/05/20 05:36:47 INFO BlockManagerMasterEndpoint: Registering block manager eddd84e36bad:41319 with 434.4 MiB RAM, BlockManagerId(driver, eddd84e36bad, 41319, None)
[2024-05-20T05:36:48.002+0000] {spark_submit.py:571} INFO - 24/05/20 05:36:48 INFO BlockManagerMaster: Registered BlockManager BlockManagerId(driver, eddd84e36bad, 41319, None)
[2024-05-20T05:36:48.003+0000] {spark_submit.py:571} INFO - 24/05/20 05:36:48 INFO BlockManager: Initialized BlockManager: BlockManagerId(driver, eddd84e36bad, 41319, None)
[2024-05-20T05:36:48.089+0000] {spark_submit.py:571} INFO - 24/05/20 05:36:48 INFO StandaloneAppClient$ClientEndpoint: Executor updated: app-20240520053647-0011/0 is now RUNNING
[2024-05-20T05:36:48.333+0000] {spark_submit.py:571} INFO - 24/05/20 05:36:48 INFO StandaloneSchedulerBackend: SchedulerBackend is ready for scheduling beginning after reached minRegisteredResourcesRatio: 0.0
[2024-05-20T05:36:49.142+0000] {spark_submit.py:571} INFO - 24/05/20 05:36:49 INFO SharedState: Setting hive.metastore.warehouse.dir ('null') to the value of spark.sql.warehouse.dir.
[2024-05-20T05:36:49.146+0000] {spark_submit.py:571} INFO - 24/05/20 05:36:49 INFO SharedState: Warehouse path is 'file:/opt/***/spark-warehouse'.
[2024-05-20T05:36:51.527+0000] {spark_submit.py:571} INFO - 24/05/20 05:36:51 INFO StandaloneSchedulerBackend$StandaloneDriverEndpoint: Registered executor NettyRpcEndpointRef(spark-client://Executor) (192.168.96.6:59346) with ID 0,  ResourceProfileId 0
[2024-05-20T05:36:51.707+0000] {spark_submit.py:571} INFO - 24/05/20 05:36:51 INFO BlockManagerMasterEndpoint: Registering block manager 192.168.96.6:38901 with 434.4 MiB RAM, BlockManagerId(0, 192.168.96.6, 38901, None)
[2024-05-20T05:36:52.815+0000] {spark_submit.py:571} INFO - INFO:py4j.java_gateway:Callback Server Starting
[2024-05-20T05:36:52.820+0000] {spark_submit.py:571} INFO - INFO:py4j.java_gateway:Socket listening on ('127.0.0.1', 46187)
[2024-05-20T05:36:52.839+0000] {spark_submit.py:571} INFO - 24/05/20 05:36:52 INFO StateStoreCoordinatorRef: Registered StateStoreCoordinator endpoint
[2024-05-20T05:36:52.894+0000] {spark_submit.py:571} INFO - 24/05/20 05:36:52 WARN ResolveWriteToStream: Temporary checkpoint location created which is deleted normally when the query didn't fail: /tmp/temporary-e78e197c-3e95-4a8a-9235-fe2afad2dcad. If it's required to delete it under any circumstances, please set spark.sql.streaming.forceDeleteTempCheckpointLocation to true. Important to know deleting temp checkpoint folder is best effort.
[2024-05-20T05:36:52.920+0000] {spark_submit.py:571} INFO - 24/05/20 05:36:52 INFO ResolveWriteToStream: Checkpoint root file:///tmp/temporary-e78e197c-3e95-4a8a-9235-fe2afad2dcad resolved to file:/tmp/temporary-e78e197c-3e95-4a8a-9235-fe2afad2dcad.
[2024-05-20T05:36:52.921+0000] {spark_submit.py:571} INFO - 24/05/20 05:36:52 WARN ResolveWriteToStream: spark.sql.adaptive.enabled is not supported in streaming DataFrames/Datasets and will be disabled.
[2024-05-20T05:36:53.041+0000] {spark_submit.py:571} INFO - 24/05/20 05:36:53 INFO CheckpointFileManager: Writing atomically to file:/tmp/temporary-e78e197c-3e95-4a8a-9235-fe2afad2dcad/metadata using temp file file:/tmp/temporary-e78e197c-3e95-4a8a-9235-fe2afad2dcad/.metadata.dccf02ea-1c14-47f9-9b33-349dd93a50ac.tmp
[2024-05-20T05:36:53.169+0000] {spark_submit.py:571} INFO - 24/05/20 05:36:53 INFO CheckpointFileManager: Renamed temp file file:/tmp/temporary-e78e197c-3e95-4a8a-9235-fe2afad2dcad/.metadata.dccf02ea-1c14-47f9-9b33-349dd93a50ac.tmp to file:/tmp/temporary-e78e197c-3e95-4a8a-9235-fe2afad2dcad/metadata
[2024-05-20T05:36:53.204+0000] {spark_submit.py:571} INFO - 24/05/20 05:36:53 INFO MicroBatchExecution: Starting [id = 602600ef-f849-4725-a7ff-70d543a7efdb, runId = c0806016-bba5-419c-a97d-7123ac49f292]. Use file:/tmp/temporary-e78e197c-3e95-4a8a-9235-fe2afad2dcad to store the query checkpoint.
[2024-05-20T05:36:53.222+0000] {spark_submit.py:571} INFO - 24/05/20 05:36:53 INFO MicroBatchExecution: Reading table [org.apache.spark.sql.kafka010.KafkaSourceProvider$KafkaTable@23925dcf] from DataSourceV2 named 'kafka' [org.apache.spark.sql.kafka010.KafkaSourceProvider@17a2cd7b]
[2024-05-20T05:36:53.276+0000] {spark_submit.py:571} INFO - 24/05/20 05:36:53 INFO OffsetSeqLog: BatchIds found from listing:
[2024-05-20T05:36:53.278+0000] {spark_submit.py:571} INFO - 24/05/20 05:36:53 INFO OffsetSeqLog: BatchIds found from listing:
[2024-05-20T05:36:53.278+0000] {spark_submit.py:571} INFO - 24/05/20 05:36:53 INFO MicroBatchExecution: Starting new streaming query.
[2024-05-20T05:36:53.335+0000] {spark_submit.py:571} INFO - 24/05/20 05:36:53 INFO MicroBatchExecution: Stream started from {}
[2024-05-20T05:36:53.970+0000] {spark_submit.py:571} INFO - 24/05/20 05:36:53 INFO AdminClientConfig: AdminClientConfig values:
[2024-05-20T05:36:53.975+0000] {spark_submit.py:571} INFO - auto.include.jmx.reporter = true
[2024-05-20T05:36:53.975+0000] {spark_submit.py:571} INFO - bootstrap.servers = [kafka:9092]
[2024-05-20T05:36:53.975+0000] {spark_submit.py:571} INFO - client.dns.lookup = use_all_dns_ips
[2024-05-20T05:36:53.975+0000] {spark_submit.py:571} INFO - client.id =
[2024-05-20T05:36:53.976+0000] {spark_submit.py:571} INFO - connections.max.idle.ms = 300000
[2024-05-20T05:36:53.976+0000] {spark_submit.py:571} INFO - default.api.timeout.ms = 60000
[2024-05-20T05:36:53.976+0000] {spark_submit.py:571} INFO - metadata.max.age.ms = 300000
[2024-05-20T05:36:53.976+0000] {spark_submit.py:571} INFO - metric.reporters = []
[2024-05-20T05:36:53.977+0000] {spark_submit.py:571} INFO - metrics.num.samples = 2
[2024-05-20T05:36:53.977+0000] {spark_submit.py:571} INFO - metrics.recording.level = INFO
[2024-05-20T05:36:53.977+0000] {spark_submit.py:571} INFO - metrics.sample.window.ms = 30000
[2024-05-20T05:36:53.978+0000] {spark_submit.py:571} INFO - receive.buffer.bytes = 65536
[2024-05-20T05:36:53.979+0000] {spark_submit.py:571} INFO - reconnect.backoff.max.ms = 1000
[2024-05-20T05:36:53.979+0000] {spark_submit.py:571} INFO - reconnect.backoff.ms = 50
[2024-05-20T05:36:53.979+0000] {spark_submit.py:571} INFO - request.timeout.ms = 30000
[2024-05-20T05:36:53.979+0000] {spark_submit.py:571} INFO - retries = 2147483647
[2024-05-20T05:36:53.980+0000] {spark_submit.py:571} INFO - retry.backoff.ms = 100
[2024-05-20T05:36:53.980+0000] {spark_submit.py:571} INFO - sasl.client.callback.handler.class = null
[2024-05-20T05:36:53.980+0000] {spark_submit.py:571} INFO - sasl.jaas.config = null
[2024-05-20T05:36:53.980+0000] {spark_submit.py:571} INFO - sasl.kerberos.kinit.cmd = /usr/bin/kinit
[2024-05-20T05:36:53.981+0000] {spark_submit.py:571} INFO - sasl.kerberos.min.time.before.relogin = 60000
[2024-05-20T05:36:53.981+0000] {spark_submit.py:571} INFO - sasl.kerberos.service.name = null
[2024-05-20T05:36:53.981+0000] {spark_submit.py:571} INFO - sasl.kerberos.ticket.renew.jitter = 0.05
[2024-05-20T05:36:53.981+0000] {spark_submit.py:571} INFO - sasl.kerberos.ticket.renew.window.factor = 0.8
[2024-05-20T05:36:53.981+0000] {spark_submit.py:571} INFO - sasl.login.callback.handler.class = null
[2024-05-20T05:36:53.981+0000] {spark_submit.py:571} INFO - sasl.login.class = null
[2024-05-20T05:36:53.982+0000] {spark_submit.py:571} INFO - sasl.login.connect.timeout.ms = null
[2024-05-20T05:36:53.982+0000] {spark_submit.py:571} INFO - sasl.login.read.timeout.ms = null
[2024-05-20T05:36:53.982+0000] {spark_submit.py:571} INFO - sasl.login.refresh.buffer.seconds = 300
[2024-05-20T05:36:53.983+0000] {spark_submit.py:571} INFO - sasl.login.refresh.min.period.seconds = 60
[2024-05-20T05:36:53.983+0000] {spark_submit.py:571} INFO - sasl.login.refresh.window.factor = 0.8
[2024-05-20T05:36:53.983+0000] {spark_submit.py:571} INFO - sasl.login.refresh.window.jitter = 0.05
[2024-05-20T05:36:53.984+0000] {spark_submit.py:571} INFO - sasl.login.retry.backoff.max.ms = 10000
[2024-05-20T05:36:53.984+0000] {spark_submit.py:571} INFO - sasl.login.retry.backoff.ms = 100
[2024-05-20T05:36:53.984+0000] {spark_submit.py:571} INFO - sasl.mechanism = GSSAPI
[2024-05-20T05:36:53.985+0000] {spark_submit.py:571} INFO - sasl.oauthbearer.clock.skew.seconds = 30
[2024-05-20T05:36:53.985+0000] {spark_submit.py:571} INFO - sasl.oauthbearer.expected.audience = null
[2024-05-20T05:36:53.985+0000] {spark_submit.py:571} INFO - sasl.oauthbearer.expected.issuer = null
[2024-05-20T05:36:53.986+0000] {spark_submit.py:571} INFO - sasl.oauthbearer.jwks.endpoint.refresh.ms = 3600000
[2024-05-20T05:36:53.986+0000] {spark_submit.py:571} INFO - sasl.oauthbearer.jwks.endpoint.retry.backoff.max.ms = 10000
[2024-05-20T05:36:53.986+0000] {spark_submit.py:571} INFO - sasl.oauthbearer.jwks.endpoint.retry.backoff.ms = 100
[2024-05-20T05:36:53.987+0000] {spark_submit.py:571} INFO - sasl.oauthbearer.jwks.endpoint.url = null
[2024-05-20T05:36:53.987+0000] {spark_submit.py:571} INFO - sasl.oauthbearer.scope.claim.name = scope
[2024-05-20T05:36:53.988+0000] {spark_submit.py:571} INFO - sasl.oauthbearer.sub.claim.name = sub
[2024-05-20T05:36:53.988+0000] {spark_submit.py:571} INFO - sasl.oauthbearer.token.endpoint.url = null
[2024-05-20T05:36:53.988+0000] {spark_submit.py:571} INFO - security.protocol = PLAINTEXT
[2024-05-20T05:36:53.988+0000] {spark_submit.py:571} INFO - security.providers = null
[2024-05-20T05:36:53.988+0000] {spark_submit.py:571} INFO - send.buffer.bytes = 131072
[2024-05-20T05:36:53.989+0000] {spark_submit.py:571} INFO - socket.connection.setup.timeout.max.ms = 30000
[2024-05-20T05:36:53.989+0000] {spark_submit.py:571} INFO - socket.connection.setup.timeout.ms = 10000
[2024-05-20T05:36:53.989+0000] {spark_submit.py:571} INFO - ssl.cipher.suites = null
[2024-05-20T05:36:53.990+0000] {spark_submit.py:571} INFO - ssl.enabled.protocols = [TLSv1.2, TLSv1.3]
[2024-05-20T05:36:53.990+0000] {spark_submit.py:571} INFO - ssl.endpoint.identification.algorithm = https
[2024-05-20T05:36:53.990+0000] {spark_submit.py:571} INFO - ssl.engine.factory.class = null
[2024-05-20T05:36:53.990+0000] {spark_submit.py:571} INFO - ssl.key.password = null
[2024-05-20T05:36:53.991+0000] {spark_submit.py:571} INFO - ssl.keymanager.algorithm = SunX509
[2024-05-20T05:36:53.991+0000] {spark_submit.py:571} INFO - ssl.keystore.certificate.chain = null
[2024-05-20T05:36:53.991+0000] {spark_submit.py:571} INFO - ssl.keystore.key = null
[2024-05-20T05:36:53.991+0000] {spark_submit.py:571} INFO - ssl.keystore.location = null
[2024-05-20T05:36:53.991+0000] {spark_submit.py:571} INFO - ssl.keystore.password = null
[2024-05-20T05:36:53.992+0000] {spark_submit.py:571} INFO - ssl.keystore.type = JKS
[2024-05-20T05:36:53.992+0000] {spark_submit.py:571} INFO - ssl.protocol = TLSv1.3
[2024-05-20T05:36:53.992+0000] {spark_submit.py:571} INFO - ssl.provider = null
[2024-05-20T05:36:53.993+0000] {spark_submit.py:571} INFO - ssl.secure.random.implementation = null
[2024-05-20T05:36:53.993+0000] {spark_submit.py:571} INFO - ssl.trustmanager.algorithm = PKIX
[2024-05-20T05:36:53.994+0000] {spark_submit.py:571} INFO - ssl.truststore.certificates = null
[2024-05-20T05:36:53.995+0000] {spark_submit.py:571} INFO - ssl.truststore.location = null
[2024-05-20T05:36:53.995+0000] {spark_submit.py:571} INFO - ssl.truststore.password = null
[2024-05-20T05:36:53.995+0000] {spark_submit.py:571} INFO - ssl.truststore.type = JKS
[2024-05-20T05:36:53.995+0000] {spark_submit.py:571} INFO - 
[2024-05-20T05:36:54.116+0000] {spark_submit.py:571} INFO - 24/05/20 05:36:54 INFO AdminClientConfig: These configurations '[key.deserializer, value.deserializer, enable.auto.commit, max.poll.records, auto.offset.reset]' were supplied but are not used yet.
[2024-05-20T05:36:54.119+0000] {spark_submit.py:571} INFO - 24/05/20 05:36:54 INFO AppInfoParser: Kafka version: 3.5.1
[2024-05-20T05:36:54.120+0000] {spark_submit.py:571} INFO - 24/05/20 05:36:54 INFO AppInfoParser: Kafka commitId: 2c6fb6c54472e90a
[2024-05-20T05:36:54.120+0000] {spark_submit.py:571} INFO - 24/05/20 05:36:54 INFO AppInfoParser: Kafka startTimeMs: 1716183414116
[2024-05-20T05:36:55.042+0000] {spark_submit.py:571} INFO - 24/05/20 05:36:55 INFO CheckpointFileManager: Writing atomically to file:/tmp/temporary-e78e197c-3e95-4a8a-9235-fe2afad2dcad/sources/0/0 using temp file file:/tmp/temporary-e78e197c-3e95-4a8a-9235-fe2afad2dcad/sources/0/.0.10d1933b-0968-4c43-a468-9284c367f859.tmp
[2024-05-20T05:36:55.071+0000] {spark_submit.py:571} INFO - 24/05/20 05:36:55 INFO CheckpointFileManager: Renamed temp file file:/tmp/temporary-e78e197c-3e95-4a8a-9235-fe2afad2dcad/sources/0/.0.10d1933b-0968-4c43-a468-9284c367f859.tmp to file:/tmp/temporary-e78e197c-3e95-4a8a-9235-fe2afad2dcad/sources/0/0
[2024-05-20T05:36:55.072+0000] {spark_submit.py:571} INFO - 24/05/20 05:36:55 INFO KafkaMicroBatchStream: Initial offsets: {"redfin_properties":{"0":0}}
[2024-05-20T05:36:55.091+0000] {spark_submit.py:571} INFO - 24/05/20 05:36:55 INFO CheckpointFileManager: Writing atomically to file:/tmp/temporary-e78e197c-3e95-4a8a-9235-fe2afad2dcad/offsets/0 using temp file file:/tmp/temporary-e78e197c-3e95-4a8a-9235-fe2afad2dcad/offsets/.0.6e159df5-40b0-4fc7-b7f2-b6f8ff0784da.tmp
[2024-05-20T05:36:55.122+0000] {spark_submit.py:571} INFO - 24/05/20 05:36:55 INFO CheckpointFileManager: Renamed temp file file:/tmp/temporary-e78e197c-3e95-4a8a-9235-fe2afad2dcad/offsets/.0.6e159df5-40b0-4fc7-b7f2-b6f8ff0784da.tmp to file:/tmp/temporary-e78e197c-3e95-4a8a-9235-fe2afad2dcad/offsets/0
[2024-05-20T05:36:55.122+0000] {spark_submit.py:571} INFO - 24/05/20 05:36:55 INFO MicroBatchExecution: Committed offsets for batch 0. Metadata OffsetSeqMetadata(0,1716183415083,Map(spark.sql.streaming.stateStore.providerClass -> org.apache.spark.sql.execution.streaming.state.HDFSBackedStateStoreProvider, spark.sql.streaming.join.stateFormatVersion -> 2, spark.sql.streaming.stateStore.compression.codec -> lz4, spark.sql.streaming.stateStore.rocksdb.formatVersion -> 5, spark.sql.streaming.statefulOperator.useStrictDistribution -> true, spark.sql.streaming.flatMapGroupsWithState.stateFormatVersion -> 2, spark.sql.streaming.multipleWatermarkPolicy -> min, spark.sql.streaming.aggregation.stateFormatVersion -> 2, spark.sql.shuffle.partitions -> 200))
[2024-05-20T05:36:55.625+0000] {spark_submit.py:571} INFO - 24/05/20 05:36:55 INFO KafkaOffsetReaderAdmin: Partitions added: Map()
[2024-05-20T05:36:55.677+0000] {spark_submit.py:571} INFO - 24/05/20 05:36:55 INFO KafkaOffsetReaderAdmin: Partitions added: Map()
[2024-05-20T05:36:55.774+0000] {spark_submit.py:571} INFO - 24/05/20 05:36:55 INFO KafkaOffsetReaderAdmin: Partitions added: Map()
[2024-05-20T05:36:55.776+0000] {spark_submit.py:571} INFO - 24/05/20 05:36:55 INFO KafkaOffsetReaderAdmin: Partitions added: Map()
[2024-05-20T05:36:56.064+0000] {spark_submit.py:571} INFO - 24/05/20 05:36:56 INFO CodeGenerator: Code generated in 174.117916 ms
[2024-05-20T05:36:56.154+0000] {spark_submit.py:571} INFO - INFO:py4j.clientserver:Python Server ready to receive messages
[2024-05-20T05:36:56.154+0000] {spark_submit.py:571} INFO - INFO:py4j.clientserver:Received command c on object id p0
[2024-05-20T05:36:56.186+0000] {spark_submit.py:571} INFO - 24/05/20 05:36:56 INFO CodeGenerator: Code generated in 16.975125 ms
[2024-05-20T05:36:56.337+0000] {spark_submit.py:571} INFO - 24/05/20 05:36:56 INFO SparkContext: Starting job: call at /home/***/.local/lib/python3.11/site-packages/pyspark/python/lib/py4j-0.10.9.7-src.zip/py4j/clientserver.py:617
[2024-05-20T05:36:56.352+0000] {spark_submit.py:571} INFO - 24/05/20 05:36:56 INFO DAGScheduler: Got job 0 (call at /home/***/.local/lib/python3.11/site-packages/pyspark/python/lib/py4j-0.10.9.7-src.zip/py4j/clientserver.py:617) with 1 output partitions
[2024-05-20T05:36:56.353+0000] {spark_submit.py:571} INFO - 24/05/20 05:36:56 INFO DAGScheduler: Final stage: ResultStage 0 (call at /home/***/.local/lib/python3.11/site-packages/pyspark/python/lib/py4j-0.10.9.7-src.zip/py4j/clientserver.py:617)
[2024-05-20T05:36:56.353+0000] {spark_submit.py:571} INFO - 24/05/20 05:36:56 INFO DAGScheduler: Parents of final stage: List()
[2024-05-20T05:36:56.354+0000] {spark_submit.py:571} INFO - 24/05/20 05:36:56 INFO DAGScheduler: Missing parents: List()
[2024-05-20T05:36:56.357+0000] {spark_submit.py:571} INFO - 24/05/20 05:36:56 INFO DAGScheduler: Submitting ResultStage 0 (PythonRDD[9] at call at /home/***/.local/lib/python3.11/site-packages/pyspark/python/lib/py4j-0.10.9.7-src.zip/py4j/clientserver.py:617), which has no missing parents
[2024-05-20T05:36:56.412+0000] {spark_submit.py:571} INFO - 24/05/20 05:36:56 INFO MemoryStore: Block broadcast_0 stored as values in memory (estimated size 69.8 KiB, free 434.3 MiB)
[2024-05-20T05:36:56.448+0000] {spark_submit.py:571} INFO - 24/05/20 05:36:56 INFO MemoryStore: Block broadcast_0_piece0 stored as bytes in memory (estimated size 25.5 KiB, free 434.3 MiB)
[2024-05-20T05:36:56.451+0000] {spark_submit.py:571} INFO - 24/05/20 05:36:56 INFO BlockManagerInfo: Added broadcast_0_piece0 in memory on eddd84e36bad:41319 (size: 25.5 KiB, free: 434.4 MiB)
[2024-05-20T05:36:56.456+0000] {spark_submit.py:571} INFO - 24/05/20 05:36:56 INFO SparkContext: Created broadcast 0 from broadcast at DAGScheduler.scala:1585
[2024-05-20T05:36:56.478+0000] {spark_submit.py:571} INFO - 24/05/20 05:36:56 INFO DAGScheduler: Submitting 1 missing tasks from ResultStage 0 (PythonRDD[9] at call at /home/***/.local/lib/python3.11/site-packages/pyspark/python/lib/py4j-0.10.9.7-src.zip/py4j/clientserver.py:617) (first 15 tasks are for partitions Vector(0))
[2024-05-20T05:36:56.479+0000] {spark_submit.py:571} INFO - 24/05/20 05:36:56 INFO TaskSchedulerImpl: Adding task set 0.0 with 1 tasks resource profile 0
[2024-05-20T05:36:56.511+0000] {spark_submit.py:571} INFO - 24/05/20 05:36:56 INFO TaskSetManager: Starting task 0.0 in stage 0.0 (TID 0) (192.168.96.6, executor 0, partition 0, PROCESS_LOCAL, 14272 bytes)
[2024-05-20T05:36:56.970+0000] {spark_submit.py:571} INFO - 24/05/20 05:36:56 INFO BlockManagerInfo: Added broadcast_0_piece0 in memory on 192.168.96.6:38901 (size: 25.5 KiB, free: 434.4 MiB)
[2024-05-20T05:37:03.684+0000] {spark_submit.py:571} INFO - 24/05/20 05:37:03 INFO TaskSetManager: Finished task 0.0 in stage 0.0 (TID 0) in 7181 ms on 192.168.96.6 (executor 0) (1/1)
[2024-05-20T05:37:03.688+0000] {spark_submit.py:571} INFO - 24/05/20 05:37:03 INFO TaskSchedulerImpl: Removed TaskSet 0.0, whose tasks have all completed, from pool
[2024-05-20T05:37:03.703+0000] {spark_submit.py:571} INFO - 24/05/20 05:37:03 INFO PythonAccumulatorV2: Connected to AccumulatorServer at host: 127.0.0.1 port: 40851
[2024-05-20T05:37:03.713+0000] {spark_submit.py:571} INFO - 24/05/20 05:37:03 INFO DAGScheduler: ResultStage 0 (call at /home/***/.local/lib/python3.11/site-packages/pyspark/python/lib/py4j-0.10.9.7-src.zip/py4j/clientserver.py:617) finished in 7.343 s
[2024-05-20T05:37:03.717+0000] {spark_submit.py:571} INFO - 24/05/20 05:37:03 INFO DAGScheduler: Job 0 is finished. Cancelling potential speculative or zombie tasks for this job
[2024-05-20T05:37:03.718+0000] {spark_submit.py:571} INFO - 24/05/20 05:37:03 INFO TaskSchedulerImpl: Killing all running tasks in stage 0: Stage finished
[2024-05-20T05:37:03.720+0000] {spark_submit.py:571} INFO - 24/05/20 05:37:03 INFO DAGScheduler: Job 0 finished: call at /home/***/.local/lib/python3.11/site-packages/pyspark/python/lib/py4j-0.10.9.7-src.zip/py4j/clientserver.py:617, took 7.382475 s
[2024-05-20T05:37:03.788+0000] {spark_submit.py:571} INFO - 24/05/20 05:37:03 INFO CheckpointFileManager: Writing atomically to file:/tmp/temporary-e78e197c-3e95-4a8a-9235-fe2afad2dcad/commits/0 using temp file file:/tmp/temporary-e78e197c-3e95-4a8a-9235-fe2afad2dcad/commits/.0.cddb64ea-1714-49ce-89dd-7e6badff4a49.tmp
[2024-05-20T05:37:03.837+0000] {spark_submit.py:571} INFO - 24/05/20 05:37:03 INFO CheckpointFileManager: Renamed temp file file:/tmp/temporary-e78e197c-3e95-4a8a-9235-fe2afad2dcad/commits/.0.cddb64ea-1714-49ce-89dd-7e6badff4a49.tmp to file:/tmp/temporary-e78e197c-3e95-4a8a-9235-fe2afad2dcad/commits/0
[2024-05-20T05:37:03.888+0000] {spark_submit.py:571} INFO - 24/05/20 05:37:03 INFO MicroBatchExecution: Streaming query made progress: {
[2024-05-20T05:37:03.889+0000] {spark_submit.py:571} INFO - "id" : "602600ef-f849-4725-a7ff-70d543a7efdb",
[2024-05-20T05:37:03.889+0000] {spark_submit.py:571} INFO - "runId" : "c0806016-bba5-419c-a97d-7123ac49f292",
[2024-05-20T05:37:03.889+0000] {spark_submit.py:571} INFO - "name" : null,
[2024-05-20T05:37:03.890+0000] {spark_submit.py:571} INFO - "timestamp" : "2024-05-20T05:36:53.269Z",
[2024-05-20T05:37:03.890+0000] {spark_submit.py:571} INFO - "batchId" : 0,
[2024-05-20T05:37:03.890+0000] {spark_submit.py:571} INFO - "numInputRows" : 44,
[2024-05-20T05:37:03.890+0000] {spark_submit.py:571} INFO - "inputRowsPerSecond" : 0.0,
[2024-05-20T05:37:03.891+0000] {spark_submit.py:571} INFO - "processedRowsPerSecond" : 4.163118554262465,
[2024-05-20T05:37:03.891+0000] {spark_submit.py:571} INFO - "durationMs" : {
[2024-05-20T05:37:03.891+0000] {spark_submit.py:571} INFO - "addBatch" : 8057,
[2024-05-20T05:37:03.891+0000] {spark_submit.py:571} INFO - "commitOffsets" : 74,
[2024-05-20T05:37:03.891+0000] {spark_submit.py:571} INFO - "getBatch" : 31,
[2024-05-20T05:37:03.892+0000] {spark_submit.py:571} INFO - "latestOffset" : 1743,
[2024-05-20T05:37:03.892+0000] {spark_submit.py:571} INFO - "queryPlanning" : 535,
[2024-05-20T05:37:03.892+0000] {spark_submit.py:571} INFO - "triggerExecution" : 10568,
[2024-05-20T05:37:03.892+0000] {spark_submit.py:571} INFO - "walCommit" : 38
[2024-05-20T05:37:03.893+0000] {spark_submit.py:571} INFO - },
[2024-05-20T05:37:03.893+0000] {spark_submit.py:571} INFO - "stateOperators" : [ ],
[2024-05-20T05:37:03.893+0000] {spark_submit.py:571} INFO - "sources" : [ {
[2024-05-20T05:37:03.893+0000] {spark_submit.py:571} INFO - "description" : "KafkaV2[Subscribe[redfin_properties]]",
[2024-05-20T05:37:03.893+0000] {spark_submit.py:571} INFO - "startOffset" : null,
[2024-05-20T05:37:03.894+0000] {spark_submit.py:571} INFO - "endOffset" : {
[2024-05-20T05:37:03.894+0000] {spark_submit.py:571} INFO - "redfin_properties" : {
[2024-05-20T05:37:03.894+0000] {spark_submit.py:571} INFO - "0" : 44
[2024-05-20T05:37:03.894+0000] {spark_submit.py:571} INFO - }
[2024-05-20T05:37:03.895+0000] {spark_submit.py:571} INFO - },
[2024-05-20T05:37:03.895+0000] {spark_submit.py:571} INFO - "latestOffset" : {
[2024-05-20T05:37:03.895+0000] {spark_submit.py:571} INFO - "redfin_properties" : {
[2024-05-20T05:37:03.896+0000] {spark_submit.py:571} INFO - "0" : 44
[2024-05-20T05:37:03.896+0000] {spark_submit.py:571} INFO - }
[2024-05-20T05:37:03.896+0000] {spark_submit.py:571} INFO - },
[2024-05-20T05:37:03.897+0000] {spark_submit.py:571} INFO - "numInputRows" : 44,
[2024-05-20T05:37:03.897+0000] {spark_submit.py:571} INFO - "inputRowsPerSecond" : 0.0,
[2024-05-20T05:37:03.898+0000] {spark_submit.py:571} INFO - "processedRowsPerSecond" : 4.163118554262465,
[2024-05-20T05:37:03.898+0000] {spark_submit.py:571} INFO - "metrics" : {
[2024-05-20T05:37:03.898+0000] {spark_submit.py:571} INFO - "avgOffsetsBehindLatest" : "0.0",
[2024-05-20T05:37:03.898+0000] {spark_submit.py:571} INFO - "maxOffsetsBehindLatest" : "0",
[2024-05-20T05:37:03.899+0000] {spark_submit.py:571} INFO - "minOffsetsBehindLatest" : "0"
[2024-05-20T05:37:03.899+0000] {spark_submit.py:571} INFO - }
[2024-05-20T05:37:03.899+0000] {spark_submit.py:571} INFO - } ],
[2024-05-20T05:37:03.899+0000] {spark_submit.py:571} INFO - "sink" : {
[2024-05-20T05:37:03.899+0000] {spark_submit.py:571} INFO - "description" : "ForeachBatchSink",
[2024-05-20T05:37:03.900+0000] {spark_submit.py:571} INFO - "numOutputRows" : -1
[2024-05-20T05:37:03.900+0000] {spark_submit.py:571} INFO - }
[2024-05-20T05:37:03.900+0000] {spark_submit.py:571} INFO - }
[2024-05-20T05:37:13.886+0000] {spark_submit.py:571} INFO - 24/05/20 05:37:13 INFO MicroBatchExecution: Streaming query has been idle and waiting for new data more than 10000 ms.
[2024-05-20T05:37:21.972+0000] {spark_submit.py:571} INFO - 24/05/20 05:37:21 INFO BlockManagerInfo: Removed broadcast_0_piece0 on eddd84e36bad:41319 in memory (size: 25.5 KiB, free: 434.4 MiB)
[2024-05-20T05:37:22.033+0000] {spark_submit.py:571} INFO - 24/05/20 05:37:22 INFO BlockManagerInfo: Removed broadcast_0_piece0 on 192.168.96.6:38901 in memory (size: 25.5 KiB, free: 434.4 MiB)
[2024-05-20T05:37:23.876+0000] {spark_submit.py:571} INFO - 24/05/20 05:37:23 INFO MicroBatchExecution: Streaming query has been idle and waiting for new data more than 10000 ms.
[2024-05-20T05:37:33.887+0000] {spark_submit.py:571} INFO - 24/05/20 05:37:33 INFO MicroBatchExecution: Streaming query has been idle and waiting for new data more than 10000 ms.
[2024-05-20T05:53:59.023+0000] {spark_submit.py:571} INFO - 24/05/20 05:53:59 INFO MicroBatchExecution: Streaming query has been idle and waiting for new data more than 10000 ms.
[2024-05-20T05:54:08.788+0000] {local_task_job_runner.py:310} WARNING - State of this instance has been externally set to up_for_retry. Terminating instance.
[2024-05-20T05:54:08.824+0000] {local_task_job_runner.py:222} INFO - ::endgroup::
[2024-05-20T05:54:08.837+0000] {process_utils.py:132} INFO - Sending 15 to group 16580. PIDs of all processes in the group: [16581, 16637, 16580]
[2024-05-20T05:54:08.838+0000] {process_utils.py:87} INFO - Sending the signal 15 to group 16580
[2024-05-20T05:54:08.848+0000] {taskinstance.py:2611} ERROR - Received SIGTERM. Terminating subprocesses.
[2024-05-20T05:54:08.875+0000] {spark_submit.py:697} INFO - Sending kill signal to spark-submit
[2024-05-20T05:54:08.886+0000] {taskinstance.py:441} INFO - ::group::Post task execution logs
[2024-05-20T05:54:09.053+0000] {taskinstance.py:2905} ERROR - Task failed with exception
Traceback (most recent call last):
  File "/home/airflow/.local/lib/python3.11/site-packages/airflow/models/taskinstance.py", line 465, in _execute_task
    result = _execute_callable(context=context, **execute_callable_kwargs)
             ^^^^^^^^^^^^^^^^^^^^^^^^^^^^^^^^^^^^^^^^^^^^^^^^^^^^^^^^^^^^^
  File "/home/airflow/.local/lib/python3.11/site-packages/airflow/models/taskinstance.py", line 432, in _execute_callable
    return execute_callable(context=context, **execute_callable_kwargs)
           ^^^^^^^^^^^^^^^^^^^^^^^^^^^^^^^^^^^^^^^^^^^^^^^^^^^^^^^^^^^^
  File "/home/airflow/.local/lib/python3.11/site-packages/airflow/models/baseoperator.py", line 400, in wrapper
    return func(self, *args, **kwargs)
           ^^^^^^^^^^^^^^^^^^^^^^^^^^^
  File "/home/airflow/.local/lib/python3.11/site-packages/airflow/providers/apache/spark/operators/spark_submit.py", line 174, in execute
    self._hook.submit(self.application)
  File "/home/airflow/.local/lib/python3.11/site-packages/airflow/providers/apache/spark/hooks/spark_submit.py", line 490, in submit
    self._process_spark_submit_log(iter(self._submit_sp.stdout))  # type: ignore
    ^^^^^^^^^^^^^^^^^^^^^^^^^^^^^^^^^^^^^^^^^^^^^^^^^^^^^^^^^^^^
  File "/home/airflow/.local/lib/python3.11/site-packages/airflow/providers/apache/spark/hooks/spark_submit.py", line 539, in _process_spark_submit_log
    for line in itr:
  File "/home/airflow/.local/lib/python3.11/site-packages/airflow/models/taskinstance.py", line 2613, in signal_handler
    raise AirflowTaskTerminated("Task received SIGTERM signal")
airflow.exceptions.AirflowTaskTerminated: Task received SIGTERM signal
[2024-05-20T05:54:09.122+0000] {taskinstance.py:1206} INFO - Marking task as FAILED. dag_id=Redfin_Webscraping_ETL, task_id=Process_and_Send_Data_to_DB, run_id=scheduled__2024-05-19T00:00:00+00:00, execution_date=20240519T000000, start_date=20240520T053639, end_date=20240520T055409
[2024-05-20T05:54:09.244+0000] {process_utils.py:80} INFO - Process psutil.Process(pid=16581, status='terminated', started='05:36:38') (16581) terminated with exit code None
[2024-05-20T05:54:09.247+0000] {process_utils.py:80} INFO - Process psutil.Process(pid=16637, status='terminated', started='05:36:42') (16637) terminated with exit code None
[2024-05-20T05:54:09.248+0000] {process_utils.py:80} INFO - Process psutil.Process(pid=16580, status='terminated', exitcode=2, started='05:36:38') (16580) terminated with exit code 2
