[2024-05-15T14:37:09.938+0000] {local_task_job_runner.py:120} INFO - ::group::Pre task execution logs
[2024-05-15T14:37:09.974+0000] {taskinstance.py:2076} INFO - Dependencies all met for dep_context=non-requeueable deps ti=<TaskInstance: Webscrape.Ingest_Data manual__2024-05-14T21:01:29.347446+00:00 [queued]>
[2024-05-15T14:37:09.980+0000] {taskinstance.py:2076} INFO - Dependencies all met for dep_context=requeueable deps ti=<TaskInstance: Webscrape.Ingest_Data manual__2024-05-14T21:01:29.347446+00:00 [queued]>
[2024-05-15T14:37:09.980+0000] {taskinstance.py:2306} INFO - Starting attempt 1 of 6
[2024-05-15T14:37:10.010+0000] {taskinstance.py:2330} INFO - Executing <Task(PythonOperator): Ingest_Data> on 2024-05-14 21:01:29.347446+00:00
[2024-05-15T14:37:10.043+0000] {logging_mixin.py:188} WARNING - /home/***/.local/lib/python3.12/site-packages/***/task/task_runner/standard_task_runner.py:61 DeprecationWarning: This process (pid=213) is multi-threaded, use of fork() may lead to deadlocks in the child.
[2024-05-15T14:37:10.040+0000] {standard_task_runner.py:90} INFO - Running: ['***', 'tasks', 'run', 'Webscrape', 'Ingest_Data', 'manual__2024-05-14T21:01:29.347446+00:00', '--job-id', '103', '--raw', '--subdir', 'DAGS_FOLDER/webscrapping.py', '--cfg-path', '/tmp/tmpmdy6ao6i']
[2024-05-15T14:37:10.050+0000] {standard_task_runner.py:63} INFO - Started process 214 to run task
[2024-05-15T14:37:10.050+0000] {standard_task_runner.py:91} INFO - Job 103: Subtask Ingest_Data
[2024-05-15T14:37:10.292+0000] {task_command.py:426} INFO - Running <TaskInstance: Webscrape.Ingest_Data manual__2024-05-14T21:01:29.347446+00:00 [running]> on host 56675aac5a2b
[2024-05-15T14:37:10.386+0000] {taskinstance.py:2648} INFO - Exporting env vars: AIRFLOW_CTX_DAG_OWNER='svc' AIRFLOW_CTX_DAG_ID='Webscrape' AIRFLOW_CTX_TASK_ID='Ingest_Data' AIRFLOW_CTX_EXECUTION_DATE='2024-05-14T21:01:29.347446+00:00' AIRFLOW_CTX_TRY_NUMBER='1' AIRFLOW_CTX_DAG_RUN_ID='manual__2024-05-14T21:01:29.347446+00:00'
[2024-05-15T14:37:10.388+0000] {taskinstance.py:430} INFO - ::endgroup::
[2024-05-15T14:37:10.497+0000] {conn.py:362} INFO - <BrokerConnection node_id=bootstrap-0 host=kafka:9092 <connecting> [IPv4 ('172.27.0.5', 9092)]>: connecting to kafka:9092 [('172.27.0.5', 9092) IPv4]
[2024-05-15T14:37:10.499+0000] {conn.py:957} INFO - Probing node bootstrap-0 broker version
[2024-05-15T14:37:10.501+0000] {conn.py:393} INFO - <BrokerConnection node_id=bootstrap-0 host=kafka:9092 <connecting> [IPv4 ('172.27.0.5', 9092)]>: Connection complete.
[2024-05-15T14:37:10.636+0000] {conn.py:1019} INFO - Broker version identified as 2.6.0
[2024-05-15T14:37:10.637+0000] {conn.py:1020} INFO - Set configuration api_version=(2, 6, 0) to skip auto check_version requests on startup
[2024-05-15T14:37:11.792+0000] {logging_mixin.py:188} INFO - Connecting to Scraping Browser...
[2024-05-15T14:37:13.375+0000] {logging_mixin.py:188} INFO - Connected! Navigating to https://www.redfin.com...
[2024-05-15T14:37:19.003+0000] {logging_mixin.py:188} INFO - Searching...
[2024-05-15T14:37:23.472+0000] {logging_mixin.py:188} INFO - --------
[2024-05-15T14:37:23.474+0000] {logging_mixin.py:188} INFO - 1
[2024-05-15T14:37:23.475+0000] {logging_mixin.py:188} INFO - Navigating to Listing page: https://www.redfin.com/NC/Charlotte/2739-Grand-Union-Way-28209/home/148598761
[2024-05-15T14:37:44.355+0000] {logging_mixin.py:188} INFO - Extracting Pictures
[2024-05-15T14:37:48.050+0000] {logging_mixin.py:188} INFO - Extracting Key Details
[2024-05-15T14:37:49.615+0000] {logging_mixin.py:188} INFO - Extracting Listing Agent Details
[2024-05-15T14:37:50.829+0000] {logging_mixin.py:188} INFO - Extracting Redfin Agent Details
[2024-05-15T14:37:51.971+0000] {logging_mixin.py:188} INFO - Extracting Property Details
[2024-05-15T14:37:54.103+0000] {logging_mixin.py:188} INFO - {
  "address": "2739 Grand Union Way Charlotte NC 28209",
  "price": "649900",
  "beds": "3",
  "baths": "3.5",
  "link": "https://www.redfin.com/NC/Charlotte/2739-Grand-Union-Way-28209/home/148598761",
  "photos": [
    "https://ssl.cdn-redfin.com/system_files/media/919615_JPG/item_22.jpg",
    "https://ssl.cdn-redfin.com/system_files/media/919615_JPG/genLdpUgcMediaBrowserUrl/item_38.jpg",
    "https://my.matterport.com/api/v2/player/models/cVZCU4kuhtR/thumb",
    "https://ssl.cdn-redfin.com/system_files/media/919615_JPG/genLdpUgcMediaBrowserUrl/item_30.jpg",
    "https://ssl.cdn-redfin.com/system_files/media/919615_JPG/genLdpUgcMediaBrowserUrl/item_45.jpg",
    "https://ssl.cdn-redfin.com/system_files/media/919615_JPG/item_46.jpg",
    "https://ssl.cdn-redfin.com/system_files/media/919615_JPG/item_1.jpg",
    "https://ssl.cdn-redfin.com/system_files/media/919615_JPG/item_5.jpg",
    "https://ssl.cdn-redfin.com/system_files/media/919615_JPG/item_10.jpg",
    "https://ssl.cdn-redfin.com/system_files/media/919615_JPG/item_18.jpg"
  ],
  "hoa_fee": "262",
  "buyers_agent_fee": "2",
  "listing_agent_name": "Jill Moyer",
  "listing_agent_contact": "jill.moyer@redfin.com",
  "redfin_agent_name": "Stephen Passarelli",
  "finished_sqft": "",
  "unfinished_sqft": "",
  "total_sqft": "",
  "stories": "4",
  "style": "Townhouse",
  "year_built": "2019",
  "year_renovated": "",
  "county": "Mecklenburg County",
  "APN": "14901360"
}
[2024-05-15T14:37:54.105+0000] {logging_mixin.py:188} INFO - Sending Data to Kafka
[2024-05-15T14:37:54.166+0000] {conn.py:362} INFO - <BrokerConnection node_id=1 host=kafka:9092 <connecting> [IPv4 ('172.27.0.5', 9092)]>: connecting to kafka:9092 [('172.27.0.5', 9092) IPv4]
[2024-05-15T14:37:54.168+0000] {conn.py:393} INFO - <BrokerConnection node_id=1 host=kafka:9092 <connecting> [IPv4 ('172.27.0.5', 9092)]>: Connection complete.
[2024-05-15T14:37:54.169+0000] {conn.py:673} INFO - <BrokerConnection node_id=bootstrap-0 host=kafka:9092 <connected> [IPv4 ('172.27.0.5', 9092)]>: Closing connection. 
[2024-05-15T14:37:54.705+0000] {logging_mixin.py:188} INFO - --------
[2024-05-15T14:37:54.706+0000] {logging_mixin.py:188} INFO - 2
[2024-05-15T14:37:54.713+0000] {logging_mixin.py:188} INFO - Navigating to Listing page: https://www.redfin.com/NC/Charlotte/4117-Duplin-Dr-28214/home/185574517
[2024-05-15T14:38:10.569+0000] {logging_mixin.py:188} INFO - Extracting Pictures
[2024-05-15T14:38:13.656+0000] {logging_mixin.py:188} INFO - Extracting Key Details
[2024-05-15T14:38:15.027+0000] {logging_mixin.py:188} INFO - Extracting Listing Agent Details
[2024-05-15T14:38:16.105+0000] {logging_mixin.py:188} INFO - Extracting Redfin Agent Details
[2024-05-15T14:38:16.755+0000] {logging_mixin.py:188} INFO - Extracting Property Details
[2024-05-15T14:38:18.898+0000] {logging_mixin.py:188} INFO - {
  "address": "4117 Duplin Dr Charlotte NC 28214",
  "price": "475000",
  "beds": "3",
  "baths": "2",
  "link": "https://www.redfin.com/NC/Charlotte/4117-Duplin-Dr-28214/home/185574517",
  "photos": [
    "https://ssl.cdn-redfin.com/system_files/media/919625_JPG/item_26.jpg",
    "https://ssl.cdn-redfin.com/system_files/media/919625_JPG/genLdpUgcMediaBrowserUrl/item_10.jpg",
    "https://my.matterport.com/api/v2/player/models/QrMTxwVZ4jy/thumb",
    "https://ssl.cdn-redfin.com/system_files/media/919625_JPG/genLdpUgcMediaBrowserUrl/item_11.jpg",
    "https://ssl.cdn-redfin.com/system_files/media/919625_JPG/genLdpUgcMediaBrowserUrl/item_12.jpg",
    "https://ssl.cdn-redfin.com/system_files/media/919625_JPG/item_13.jpg",
    "https://ssl.cdn-redfin.com/system_files/media/919625_JPG/item_9.jpg",
    "https://ssl.cdn-redfin.com/system_files/media/919625_JPG/item_21.jpg",
    "https://ssl.cdn-redfin.com/system_files/media/919625_JPG/item_4.jpg",
    "https://ssl.cdn-redfin.com/system_files/media/919625_JPG/item_37.jpg"
  ],
  "hoa_fee": "113",
  "buyers_agent_fee": "2.5",
  "listing_agent_name": "Peter Dorninger",
  "listing_agent_contact": "peter.dorninger@redfin.com",
  "redfin_agent_name": "Karen Krotki",
  "finished_sqft": "",
  "unfinished_sqft": "",
  "total_sqft": "",
  "stories": "",
  "style": "Single Family Residential",
  "year_built": "",
  "year_renovated": "",
  "county": "Mecklenburg County",
  "APN": "11308417"
}
[2024-05-15T14:38:18.911+0000] {logging_mixin.py:188} INFO - Sending Data to Kafka
[2024-05-15T14:38:19.035+0000] {logging_mixin.py:188} INFO - --------
[2024-05-15T14:38:19.036+0000] {logging_mixin.py:188} INFO - 3
[2024-05-15T14:38:19.037+0000] {logging_mixin.py:188} INFO - Navigating to Listing page: https://www.redfin.com/NC/Charlotte/3200-Dunaire-Dr-28205/home/43938459
[2024-05-15T14:38:38.440+0000] {logging_mixin.py:188} INFO - Extracting Pictures
[2024-05-15T14:38:40.699+0000] {logging_mixin.py:188} INFO - Extracting Key Details
[2024-05-15T14:38:41.898+0000] {logging_mixin.py:188} INFO - Extracting Listing Agent Details
[2024-05-15T14:38:42.939+0000] {logging_mixin.py:188} INFO - Extracting Redfin Agent Details
[2024-05-15T14:38:43.739+0000] {logging_mixin.py:188} INFO - Extracting Property Details
[2024-05-15T14:38:46.289+0000] {logging_mixin.py:188} INFO - {
  "address": "3200 Dunaire Dr Charlotte NC 28205",
  "price": "475000",
  "beds": "3",
  "baths": "2",
  "link": "https://www.redfin.com/NC/Charlotte/3200-Dunaire-Dr-28205/home/43938459",
  "photos": [
    "https://ssl.cdn-redfin.com/system_files/media/919050_JPG/item_1.jpg",
    "https://ssl.cdn-redfin.com/system_files/media/919050_JPG/genLdpUgcMediaBrowserUrl/item_2.jpg",
    "https://my.matterport.com/api/v2/player/models/EL5PrvVRLoz/thumb",
    "https://ssl.cdn-redfin.com/system_files/media/919050_JPG/genLdpUgcMediaBrowserUrl/item_4.jpg",
    "https://ssl.cdn-redfin.com/system_files/media/919050_JPG/genLdpUgcMediaBrowserUrl/item_5.jpg",
    "https://ssl.cdn-redfin.com/system_files/media/919050_JPG/item_3.jpg",
    "https://ssl.cdn-redfin.com/system_files/media/919050_JPG/item_11.jpg",
    "https://ssl.cdn-redfin.com/system_files/media/919050_JPG/item_15.jpg",
    "https://ssl.cdn-redfin.com/system_files/media/919050_JPG/item_21.jpg",
    "https://ssl.cdn-redfin.com/system_files/media/919050_JPG/item_27.jpg",
    "https://ssl.cdn-redfin.com/system_files/media/919050_JPG/item_33.jpg",
    "https://ssl.cdn-redfin.com/system_files/media/919050_JPG/item_39.jpg",
    "https://ssl.cdn-redfin.com/system_files/media/919050_JPG/item_45.jpg"
  ],
  "hoa_fee": "",
  "buyers_agent_fee": "2",
  "listing_agent_name": "Lilliah Moseley",
  "listing_agent_contact": "lilliah.moseley@redfin.com",
  "redfin_agent_name": "Stephen Passarelli",
  "finished_sqft": "1442",
  "unfinished_sqft": "",
  "total_sqft": "1442",
  "stories": "1",
  "style": "Single Family Residential",
  "year_built": "1959",
  "year_renovated": "1970",
  "county": "Mecklenburg County",
  "APN": "10112504"
}
[2024-05-15T14:38:46.295+0000] {logging_mixin.py:188} INFO - Sending Data to Kafka
[2024-05-15T14:38:46.615+0000] {logging_mixin.py:188} INFO - --------
[2024-05-15T14:38:46.619+0000] {logging_mixin.py:188} INFO - 4
[2024-05-15T14:38:46.629+0000] {logging_mixin.py:188} INFO - Navigating to Listing page: https://www.redfin.com/NC/Charlotte/6900-Heatherford-Dr-28226/home/44018657
[2024-05-15T14:39:03.667+0000] {logging_mixin.py:188} INFO - Extracting Pictures
[2024-05-15T14:39:06.068+0000] {logging_mixin.py:188} INFO - Extracting Key Details
[2024-05-15T14:39:07.199+0000] {logging_mixin.py:188} INFO - Extracting Listing Agent Details
[2024-05-15T14:39:08.366+0000] {logging_mixin.py:188} INFO - Traceback (most recent call last):
  File "/opt/***/dags/includes/main.py", line 157, in run
    listing.update(extract_listing_agent_details(listing_agent_soup))
                   ^^^^^^^^^^^^^^^^^^^^^^^^^^^^^^^^^^^^^^^^^^^^^^^^^
  File "/opt/***/dags/includes/main.py", line 57, in extract_listing_agent_details
    json_data = json.loads(result or "")
                ^^^^^^^^^^^^^^^^^^^^^^^^
  File "/usr/local/lib/python3.12/json/__init__.py", line 346, in loads
    return _default_decoder.decode(s)
           ^^^^^^^^^^^^^^^^^^^^^^^^^^
  File "/usr/local/lib/python3.12/json/decoder.py", line 337, in decode
    obj, end = self.raw_decode(s, idx=_w(s, 0).end())
               ^^^^^^^^^^^^^^^^^^^^^^^^^^^^^^^^^^^^^^
  File "/usr/local/lib/python3.12/json/decoder.py", line 355, in raw_decode
    raise JSONDecodeError("Expecting value", s, err.value) from None
json.decoder.JSONDecodeError: Expecting value: line 1 column 1 (char 0)
[2024-05-15T14:39:08.521+0000] {python.py:237} INFO - Done. Returned value was: None
[2024-05-15T14:39:08.529+0000] {taskinstance.py:441} INFO - ::group::Post task execution logs
[2024-05-15T14:39:08.593+0000] {taskinstance.py:1206} INFO - Marking task as SUCCESS. dag_id=Webscrape, task_id=Ingest_Data, run_id=manual__2024-05-14T21:01:29.347446+00:00, execution_date=20240514T210129, start_date=20240515T143709, end_date=20240515T143908
[2024-05-15T14:39:08.675+0000] {local_task_job_runner.py:240} INFO - Task exited with return code 0
[2024-05-15T14:39:08.712+0000] {taskinstance.py:3498} INFO - 0 downstream tasks scheduled from follow-on schedule check
[2024-05-15T14:39:08.712+0000] {local_task_job_runner.py:222} INFO - ::endgroup::
