[2024-05-18T23:10:48.326+0000] {local_task_job_runner.py:120} INFO - ::group::Pre task execution logs
[2024-05-18T23:10:48.353+0000] {taskinstance.py:2076} INFO - Dependencies all met for dep_context=non-requeueable deps ti=<TaskInstance: Webscrape.Ingest_Data manual__2024-05-18T23:10:46.693729+00:00 [queued]>
[2024-05-18T23:10:48.361+0000] {taskinstance.py:2076} INFO - Dependencies all met for dep_context=requeueable deps ti=<TaskInstance: Webscrape.Ingest_Data manual__2024-05-18T23:10:46.693729+00:00 [queued]>
[2024-05-18T23:10:48.361+0000] {taskinstance.py:2306} INFO - Starting attempt 1 of 6
[2024-05-18T23:10:48.371+0000] {taskinstance.py:2330} INFO - Executing <Task(PythonOperator): Ingest_Data> on 2024-05-18 23:10:46.693729+00:00
[2024-05-18T23:10:48.392+0000] {standard_task_runner.py:63} INFO - Started process 609 to run task
[2024-05-18T23:10:48.404+0000] {standard_task_runner.py:90} INFO - Running: ['***', 'tasks', 'run', 'Webscrape', 'Ingest_Data', 'manual__2024-05-18T23:10:46.693729+00:00', '--job-id', '319', '--raw', '--subdir', 'DAGS_FOLDER/webscrapping.py', '--cfg-path', '/tmp/tmpn2okjux3']
[2024-05-18T23:10:48.407+0000] {standard_task_runner.py:91} INFO - Job 319: Subtask Ingest_Data
[2024-05-18T23:10:48.524+0000] {task_command.py:426} INFO - Running <TaskInstance: Webscrape.Ingest_Data manual__2024-05-18T23:10:46.693729+00:00 [running]> on host 5bab4fb132fb
[2024-05-18T23:10:48.602+0000] {taskinstance.py:2648} INFO - Exporting env vars: AIRFLOW_CTX_DAG_OWNER='svc' AIRFLOW_CTX_DAG_ID='Webscrape' AIRFLOW_CTX_TASK_ID='Ingest_Data' AIRFLOW_CTX_EXECUTION_DATE='2024-05-18T23:10:46.693729+00:00' AIRFLOW_CTX_TRY_NUMBER='1' AIRFLOW_CTX_DAG_RUN_ID='manual__2024-05-18T23:10:46.693729+00:00'
[2024-05-18T23:10:48.604+0000] {taskinstance.py:430} INFO - ::endgroup::
[2024-05-18T23:10:48.628+0000] {conn.py:362} INFO - <BrokerConnection node_id=bootstrap-0 host=kafka:9092 <connecting> [IPv4 ('172.31.0.5', 9092)]>: connecting to kafka:9092 [('172.31.0.5', 9092) IPv4]
[2024-05-18T23:10:48.632+0000] {conn.py:957} INFO - Probing node bootstrap-0 broker version
[2024-05-18T23:10:48.636+0000] {conn.py:393} INFO - <BrokerConnection node_id=bootstrap-0 host=kafka:9092 <connecting> [IPv4 ('172.31.0.5', 9092)]>: Connection complete.
[2024-05-18T23:10:48.764+0000] {conn.py:1019} INFO - Broker version identified as 2.6.0
[2024-05-18T23:10:48.766+0000] {conn.py:1020} INFO - Set configuration api_version=(2, 6, 0) to skip auto check_version requests on startup
[2024-05-18T23:10:49.489+0000] {logging_mixin.py:188} INFO - Connecting to Scraping Browser
[2024-05-18T23:10:50.693+0000] {logging_mixin.py:188} INFO - Connected! Navigating to https://www.redfin.com
[2024-05-18T23:10:57.112+0000] {logging_mixin.py:188} INFO - Searching...
[2024-05-18T23:11:04.675+0000] {logging_mixin.py:188} INFO - --------
[2024-05-18T23:11:04.681+0000] {logging_mixin.py:188} INFO - 1
[2024-05-18T23:11:04.683+0000] {logging_mixin.py:188} INFO - Navigating to Listing page: https://www.redfin.com/NC/Charlotte/17113-Soho-Dr-28204/home/170607944
[2024-05-18T23:11:08.872+0000] {local_task_job_runner.py:310} WARNING - State of this instance has been externally set to failed. Terminating instance.
[2024-05-18T23:11:08.877+0000] {local_task_job_runner.py:222} INFO - ::endgroup::
[2024-05-18T23:11:08.881+0000] {process_utils.py:132} INFO - Sending 15 to group 609. PIDs of all processes in the group: [617, 609]
[2024-05-18T23:11:08.881+0000] {process_utils.py:87} INFO - Sending the signal 15 to group 609
[2024-05-18T23:11:08.883+0000] {taskinstance.py:2611} ERROR - Received SIGTERM. Terminating subprocesses.
[2024-05-18T23:11:09.402+0000] {process_utils.py:80} INFO - Process psutil.Process(pid=617, status='terminated', started='23:10:48') (617) terminated with exit code None
[2024-05-18T23:12:08.896+0000] {process_utils.py:150} WARNING - process psutil.Process(pid=609, name='airflow task ru', status='sleeping', started='23:10:47') did not respond to SIGTERM. Trying SIGKILL
[2024-05-18T23:12:08.917+0000] {process_utils.py:87} INFO - Sending the signal 9 to group 609
[2024-05-18T23:12:09.018+0000] {process_utils.py:80} INFO - Process psutil.Process(pid=609, name='airflow task ru', status='terminated', exitcode=<Negsignal.SIGKILL: -9>, started='23:10:47') (609) terminated with exit code -9
[2024-05-18T23:12:09.019+0000] {standard_task_runner.py:178} ERROR - Job 319 was killed before it finished (likely due to running out of memory)
