[2024-05-16T15:34:01.305+0000] {local_task_job_runner.py:120} INFO - ::group::Pre task execution logs
[2024-05-16T15:34:01.335+0000] {taskinstance.py:2076} INFO - Dependencies all met for dep_context=non-requeueable deps ti=<TaskInstance: Webscrape.Ingest_Data manual__2024-05-16T15:33:58.027087+00:00 [queued]>
[2024-05-16T15:34:01.339+0000] {taskinstance.py:2076} INFO - Dependencies all met for dep_context=requeueable deps ti=<TaskInstance: Webscrape.Ingest_Data manual__2024-05-16T15:33:58.027087+00:00 [queued]>
[2024-05-16T15:34:01.339+0000] {taskinstance.py:2306} INFO - Starting attempt 1 of 6
[2024-05-16T15:34:01.347+0000] {taskinstance.py:2330} INFO - Executing <Task(PythonOperator): Ingest_Data> on 2024-05-16 15:33:58.027087+00:00
[2024-05-16T15:34:01.358+0000] {logging_mixin.py:188} WARNING - /home/***/.local/lib/python3.12/site-packages/***/task/task_runner/standard_task_runner.py:61 DeprecationWarning: This process (pid=180) is multi-threaded, use of fork() may lead to deadlocks in the child.
[2024-05-16T15:34:01.356+0000] {standard_task_runner.py:90} INFO - Running: ['***', 'tasks', 'run', 'Webscrape', 'Ingest_Data', 'manual__2024-05-16T15:33:58.027087+00:00', '--job-id', '187', '--raw', '--subdir', 'DAGS_FOLDER/webscrapping.py', '--cfg-path', '/tmp/tmpsfm74rqp']
[2024-05-16T15:34:01.359+0000] {standard_task_runner.py:63} INFO - Started process 181 to run task
[2024-05-16T15:34:01.359+0000] {standard_task_runner.py:91} INFO - Job 187: Subtask Ingest_Data
[2024-05-16T15:34:01.398+0000] {task_command.py:426} INFO - Running <TaskInstance: Webscrape.Ingest_Data manual__2024-05-16T15:33:58.027087+00:00 [running]> on host d16a9a0c8ccf
[2024-05-16T15:34:01.465+0000] {taskinstance.py:2648} INFO - Exporting env vars: AIRFLOW_CTX_DAG_OWNER='svc' AIRFLOW_CTX_DAG_ID='Webscrape' AIRFLOW_CTX_TASK_ID='Ingest_Data' AIRFLOW_CTX_EXECUTION_DATE='2024-05-16T15:33:58.027087+00:00' AIRFLOW_CTX_TRY_NUMBER='1' AIRFLOW_CTX_DAG_RUN_ID='manual__2024-05-16T15:33:58.027087+00:00'
[2024-05-16T15:34:01.470+0000] {taskinstance.py:430} INFO - ::endgroup::
[2024-05-16T15:34:01.513+0000] {conn.py:362} INFO - <BrokerConnection node_id=bootstrap-0 host=kafka:9092 <connecting> [IPv4 ('172.24.0.5', 9092)]>: connecting to kafka:9092 [('172.24.0.5', 9092) IPv4]
[2024-05-16T15:34:01.514+0000] {conn.py:957} INFO - Probing node bootstrap-0 broker version
[2024-05-16T15:34:01.515+0000] {conn.py:393} INFO - <BrokerConnection node_id=bootstrap-0 host=kafka:9092 <connecting> [IPv4 ('172.24.0.5', 9092)]>: Connection complete.
[2024-05-16T15:34:01.645+0000] {conn.py:1019} INFO - Broker version identified as 2.6.0
[2024-05-16T15:34:01.645+0000] {conn.py:1020} INFO - Set configuration api_version=(2, 6, 0) to skip auto check_version requests on startup
[2024-05-16T15:34:02.112+0000] {logging_mixin.py:188} INFO - Connecting to Scraping Browser...
[2024-05-16T15:34:03.718+0000] {logging_mixin.py:188} INFO - Connected! Navigating to https://www.redfin.com...
[2024-05-16T15:34:17.864+0000] {logging_mixin.py:188} INFO - Searching...
[2024-05-16T15:34:20.440+0000] {logging_mixin.py:188} INFO - --------
[2024-05-16T15:34:20.441+0000] {logging_mixin.py:188} INFO - 1
[2024-05-16T15:34:20.442+0000] {logging_mixin.py:188} INFO - Navigating to Listing page: https://www.redfin.com/NC/Charlotte/17113-Soho-Dr-28204/home/170607944
[2024-05-16T15:34:39.806+0000] {logging_mixin.py:188} INFO - Extracting Pictures
[2024-05-16T15:34:42.996+0000] {logging_mixin.py:188} INFO - Extracting Key Details
[2024-05-16T15:34:44.365+0000] {logging_mixin.py:188} INFO - Extracting Listing Agent Details
[2024-05-16T15:34:45.547+0000] {logging_mixin.py:188} INFO - Extracting Redfin Agent Details
[2024-05-16T15:34:46.205+0000] {logging_mixin.py:188} INFO - Extracting Property Details
[2024-05-16T15:34:48.263+0000] {logging_mixin.py:188} INFO - {
  "address": "17113 Soho Dr Charlotte NC 28204",
  "price": "760000",
  "beds": "3",
  "baths": "4.5",
  "link": "https://www.redfin.com/NC/Charlotte/17113-Soho-Dr-28204/home/170607944",
  "photos": [
    "https://ssl.cdn-redfin.com/system_files/media/922567_JPG/item_9.jpg",
    "https://ssl.cdn-redfin.com/system_files/media/922567_JPG/genLdpUgcMediaBrowserUrl/item_11.jpg",
    "https://my.matterport.com/api/v2/player/models/ED3A7ghRwH6/thumb",
    "https://ssl.cdn-redfin.com/system_files/media/922567_JPG/genLdpUgcMediaBrowserUrl/item_13.jpg",
    "https://ssl.cdn-redfin.com/system_files/media/922567_JPG/genLdpUgcMediaBrowserUrl/item_14.jpg",
    "https://ssl.cdn-redfin.com/system_files/media/922567_JPG/item_12.jpg",
    "https://ssl.cdn-redfin.com/system_files/media/922567_JPG/item_18.jpg",
    "https://ssl.cdn-redfin.com/system_files/media/922567_JPG/item_24.jpg",
    "https://ssl.cdn-redfin.com/system_files/media/922567_JPG/item_30.jpg",
    "https://ssl.cdn-redfin.com/system_files/media/922567_JPG/item_36.jpg",
    "https://ssl.cdn-redfin.com/system_files/media/922567_JPG/item_43.jpg",
    "https://ssl.cdn-redfin.com/system_files/media/922567_JPG/item_51.jpg"
  ],
  "hoa_fee": "236",
  "buyers_agent_fee": "2.5",
  "listing_agent_name": "Jon Bartholomew",
  "listing_agent_contact": "jonathan.bartholomew@redfin.com",
  "redfin_agent_name": "Stephen Passarelli",
  "finished_sqft": "",
  "unfinished_sqft": "",
  "total_sqft": "",
  "stories": "4",
  "style": "Townhouse",
  "year_built": "2020",
  "year_renovated": "",
  "county": "Mecklenburg County",
  "APN": "08111612"
}
[2024-05-16T15:34:48.264+0000] {logging_mixin.py:188} INFO - Sending Data to Kafka
[2024-05-16T15:34:48.321+0000] {conn.py:362} INFO - <BrokerConnection node_id=1 host=kafka:9092 <connecting> [IPv4 ('172.24.0.5', 9092)]>: connecting to kafka:9092 [('172.24.0.5', 9092) IPv4]
[2024-05-16T15:34:48.324+0000] {conn.py:393} INFO - <BrokerConnection node_id=1 host=kafka:9092 <connecting> [IPv4 ('172.24.0.5', 9092)]>: Connection complete.
[2024-05-16T15:34:48.325+0000] {conn.py:673} INFO - <BrokerConnection node_id=bootstrap-0 host=kafka:9092 <connected> [IPv4 ('172.24.0.5', 9092)]>: Closing connection. 
[2024-05-16T15:34:48.632+0000] {logging_mixin.py:188} INFO - --------
[2024-05-16T15:34:48.632+0000] {logging_mixin.py:188} INFO - 2
[2024-05-16T15:34:48.634+0000] {logging_mixin.py:188} INFO - Navigating to Listing page: https://www.redfin.com/NC/Charlotte/3200-Dunaire-Dr-28205/home/43938459
[2024-05-16T15:35:27.273+0000] {logging_mixin.py:188} INFO - Extracting Pictures
[2024-05-16T15:35:38.182+0000] {logging_mixin.py:188} INFO - Extracting Key Details
[2024-05-16T15:35:39.634+0000] {logging_mixin.py:188} INFO - Extracting Listing Agent Details
[2024-05-16T15:35:40.928+0000] {logging_mixin.py:188} INFO - Extracting Redfin Agent Details
[2024-05-16T15:35:41.657+0000] {logging_mixin.py:188} INFO - Extracting Property Details
[2024-05-16T15:35:45.892+0000] {logging_mixin.py:188} INFO - {
  "address": "3200 Dunaire Dr Charlotte NC 28205",
  "price": "475000",
  "beds": "3",
  "baths": "2",
  "link": "https://www.redfin.com/NC/Charlotte/3200-Dunaire-Dr-28205/home/43938459",
  "photos": [
    "https://ssl.cdn-redfin.com/system_files/media/919050_JPG/item_1.jpg",
    "https://ssl.cdn-redfin.com/system_files/media/919050_JPG/genLdpUgcMediaBrowserUrl/item_2.jpg",
    "https://my.matterport.com/api/v2/player/models/EL5PrvVRLoz/thumb",
    "https://ssl.cdn-redfin.com/system_files/media/919050_JPG/genLdpUgcMediaBrowserUrl/item_4.jpg",
    "https://ssl.cdn-redfin.com/system_files/media/919050_JPG/genLdpUgcMediaBrowserUrl/item_5.jpg",
    "https://ssl.cdn-redfin.com/system_files/media/919050_JPG/item_3.jpg",
    "https://ssl.cdn-redfin.com/system_files/media/919050_JPG/item_11.jpg",
    "https://ssl.cdn-redfin.com/system_files/media/919050_JPG/item_15.jpg",
    "https://ssl.cdn-redfin.com/system_files/media/919050_JPG/item_21.jpg",
    "https://ssl.cdn-redfin.com/system_files/media/919050_JPG/item_27.jpg",
    "https://ssl.cdn-redfin.com/system_files/media/919050_JPG/item_33.jpg",
    "https://ssl.cdn-redfin.com/system_files/media/919050_JPG/item_39.jpg",
    "https://ssl.cdn-redfin.com/system_files/media/919050_JPG/item_45.jpg"
  ],
  "hoa_fee": "",
  "buyers_agent_fee": "2",
  "listing_agent_name": "Lilliah Moseley",
  "listing_agent_contact": "lilliah.moseley@redfin.com",
  "redfin_agent_name": "Stephen Passarelli",
  "finished_sqft": "1442",
  "unfinished_sqft": "",
  "total_sqft": "1442",
  "stories": "1",
  "style": "Single Family Residential",
  "year_built": "1959",
  "year_renovated": "1970",
  "county": "Mecklenburg County",
  "APN": "10112504"
}
[2024-05-16T15:35:45.896+0000] {logging_mixin.py:188} INFO - Sending Data to Kafka
[2024-05-16T15:35:46.079+0000] {logging_mixin.py:188} INFO - --------
[2024-05-16T15:35:46.080+0000] {logging_mixin.py:188} INFO - 3
[2024-05-16T15:35:46.082+0000] {logging_mixin.py:188} INFO - Navigating to Listing page: https://www.redfin.com/NC/Charlotte/2739-Grand-Union-Way-28209/home/148598761
[2024-05-16T15:35:58.337+0000] {local_task_job_runner.py:310} WARNING - State of this instance has been externally set to failed. Terminating instance.
[2024-05-16T15:35:58.347+0000] {local_task_job_runner.py:222} INFO - ::endgroup::
[2024-05-16T15:35:58.352+0000] {process_utils.py:132} INFO - Sending 15 to group 181. PIDs of all processes in the group: [183, 181]
[2024-05-16T15:35:58.353+0000] {process_utils.py:87} INFO - Sending the signal 15 to group 181
[2024-05-16T15:35:58.354+0000] {taskinstance.py:2611} ERROR - Received SIGTERM. Terminating subprocesses.
[2024-05-16T15:35:58.365+0000] {process_utils.py:80} INFO - Process psutil.Process(pid=183, status='terminated', started='15:34:00') (183) terminated with exit code None
[2024-05-16T15:36:58.438+0000] {process_utils.py:150} WARNING - process psutil.Process(pid=181, name='airflow task ru', status='sleeping', started='15:34:00') did not respond to SIGTERM. Trying SIGKILL
[2024-05-16T15:36:58.486+0000] {process_utils.py:87} INFO - Sending the signal 9 to group 181
[2024-05-16T15:36:58.620+0000] {process_utils.py:80} INFO - Process psutil.Process(pid=181, name='airflow task ru', status='terminated', exitcode=<Negsignal.SIGKILL: -9>, started='15:34:00') (181) terminated with exit code -9
[2024-05-16T15:36:58.628+0000] {standard_task_runner.py:178} ERROR - Job 187 was killed before it finished (likely due to running out of memory)
