[2024-05-15T23:23:20.645+0000] {local_task_job_runner.py:120} INFO - ::group::Pre task execution logs
[2024-05-15T23:23:20.665+0000] {taskinstance.py:2076} INFO - Dependencies all met for dep_context=non-requeueable deps ti=<TaskInstance: Webscrape.Process_Send_Data manual__2024-05-15T23:23:18.480141+00:00 [queued]>
[2024-05-15T23:23:20.670+0000] {taskinstance.py:2076} INFO - Dependencies all met for dep_context=requeueable deps ti=<TaskInstance: Webscrape.Process_Send_Data manual__2024-05-15T23:23:18.480141+00:00 [queued]>
[2024-05-15T23:23:20.670+0000] {taskinstance.py:2306} INFO - Starting attempt 1 of 6
[2024-05-15T23:23:20.678+0000] {taskinstance.py:2330} INFO - Executing <Task(SparkSubmitOperator): Process_Send_Data> on 2024-05-15 23:23:18.480141+00:00
[2024-05-15T23:23:20.696+0000] {standard_task_runner.py:90} INFO - Running: ['***', 'tasks', 'run', 'Webscrape', 'Process_Send_Data', 'manual__2024-05-15T23:23:18.480141+00:00', '--job-id', '147', '--raw', '--subdir', 'DAGS_FOLDER/webscrapping.py', '--cfg-path', '/tmp/tmp1ivzswor']
[2024-05-15T23:23:20.700+0000] {logging_mixin.py:188} WARNING - /home/***/.local/lib/python3.12/site-packages/***/task/task_runner/standard_task_runner.py:61 DeprecationWarning: This process (pid=629) is multi-threaded, use of fork() may lead to deadlocks in the child.
[2024-05-15T23:23:20.701+0000] {standard_task_runner.py:91} INFO - Job 147: Subtask Process_Send_Data
[2024-05-15T23:23:20.701+0000] {standard_task_runner.py:63} INFO - Started process 630 to run task
[2024-05-15T23:23:20.754+0000] {task_command.py:426} INFO - Running <TaskInstance: Webscrape.Process_Send_Data manual__2024-05-15T23:23:18.480141+00:00 [running]> on host fb6491796190
[2024-05-15T23:23:20.877+0000] {taskinstance.py:2648} INFO - Exporting env vars: AIRFLOW_CTX_DAG_OWNER='svc' AIRFLOW_CTX_DAG_ID='Webscrape' AIRFLOW_CTX_TASK_ID='Process_Send_Data' AIRFLOW_CTX_EXECUTION_DATE='2024-05-15T23:23:18.480141+00:00' AIRFLOW_CTX_TRY_NUMBER='1' AIRFLOW_CTX_DAG_RUN_ID='manual__2024-05-15T23:23:18.480141+00:00'
[2024-05-15T23:23:20.878+0000] {taskinstance.py:430} INFO - ::endgroup::
[2024-05-15T23:23:20.896+0000] {base.py:84} INFO - Using connection ID 'spark_default' for task execution.
[2024-05-15T23:23:20.897+0000] {spark_submit.py:401} INFO - Spark-Submit cmd: spark-submit --master spark://spark-master:7077 --num-executors 1 --total-executor-cores 1 --executor-cores 1 --executor-memory 2g --driver-memory 2g --name arrow-spark --deploy-mode client dags/includes/jobs/spark_consumer.py
[2024-05-15T23:23:23.673+0000] {spark_submit.py:571} INFO - 24/05/15 23:23:23 INFO ShutdownHookManager: Shutdown hook called
[2024-05-15T23:23:23.686+0000] {spark_submit.py:571} INFO - 24/05/15 23:23:23 INFO ShutdownHookManager: Deleting directory /tmp/spark-e09df019-bf1f-4799-9e7e-cbd2c7d13280
[2024-05-15T23:23:23.726+0000] {taskinstance.py:441} INFO - ::group::Post task execution logs
[2024-05-15T23:23:23.762+0000] {taskinstance.py:1206} INFO - Marking task as SUCCESS. dag_id=Webscrape, task_id=Process_Send_Data, run_id=manual__2024-05-15T23:23:18.480141+00:00, execution_date=20240515T232318, start_date=20240515T232320, end_date=20240515T232323
[2024-05-15T23:23:23.821+0000] {local_task_job_runner.py:240} INFO - Task exited with return code 0
[2024-05-15T23:23:23.844+0000] {taskinstance.py:3498} INFO - 0 downstream tasks scheduled from follow-on schedule check
[2024-05-15T23:23:23.846+0000] {local_task_job_runner.py:222} INFO - ::endgroup::
