[2024-05-18T22:57:24.967+0000] {local_task_job_runner.py:120} INFO - ::group::Pre task execution logs
[2024-05-18T22:57:24.992+0000] {taskinstance.py:2076} INFO - Dependencies all met for dep_context=non-requeueable deps ti=<TaskInstance: Webscrape.Process_Send_Data manual__2024-05-18T22:51:02.773929+00:00 [queued]>
[2024-05-18T22:57:25.006+0000] {taskinstance.py:2076} INFO - Dependencies all met for dep_context=requeueable deps ti=<TaskInstance: Webscrape.Process_Send_Data manual__2024-05-18T22:51:02.773929+00:00 [queued]>
[2024-05-18T22:57:25.012+0000] {taskinstance.py:2306} INFO - Starting attempt 3 of 6
[2024-05-18T22:57:25.024+0000] {taskinstance.py:2330} INFO - Executing <Task(SparkSubmitOperator): Process_Send_Data> on 2024-05-18 22:51:02.773929+00:00
[2024-05-18T22:57:25.040+0000] {standard_task_runner.py:63} INFO - Started process 172 to run task
[2024-05-18T22:57:25.044+0000] {standard_task_runner.py:90} INFO - Running: ['***', 'tasks', 'run', 'Webscrape', 'Process_Send_Data', 'manual__2024-05-18T22:51:02.773929+00:00', '--job-id', '311', '--raw', '--subdir', 'DAGS_FOLDER/webscrapping.py', '--cfg-path', '/tmp/tmpjspx18h3']
[2024-05-18T22:57:25.077+0000] {standard_task_runner.py:91} INFO - Job 311: Subtask Process_Send_Data
[2024-05-18T22:57:25.363+0000] {task_command.py:426} INFO - Running <TaskInstance: Webscrape.Process_Send_Data manual__2024-05-18T22:51:02.773929+00:00 [running]> on host fdbd6134e8e0
[2024-05-18T22:57:25.654+0000] {taskinstance.py:2648} INFO - Exporting env vars: AIRFLOW_CTX_DAG_OWNER='svc' AIRFLOW_CTX_DAG_ID='Webscrape' AIRFLOW_CTX_TASK_ID='Process_Send_Data' AIRFLOW_CTX_EXECUTION_DATE='2024-05-18T22:51:02.773929+00:00' AIRFLOW_CTX_TRY_NUMBER='3' AIRFLOW_CTX_DAG_RUN_ID='manual__2024-05-18T22:51:02.773929+00:00'
[2024-05-18T22:57:25.662+0000] {taskinstance.py:430} INFO - ::endgroup::
[2024-05-18T22:57:25.710+0000] {base.py:84} INFO - Using connection ID 'spark_default' for task execution.
[2024-05-18T22:57:25.712+0000] {spark_submit.py:401} INFO - Spark-Submit cmd: spark-submit --master spark://spark-master:7077 --packages org.apache.spark:spark-sql-kafka-0-10_2.12:3.5.1,com.datastax.spark:spark-cassandra-connector_2.12:3.5.0,org.apache.kafka:kafka-clients:3.5.1,commons-logging:commons-logging:1.2 --name arrow-spark --deploy-mode client dags/includes/jobs/spark_consumer.py
[2024-05-18T22:57:25.905+0000] {spark_submit.py:571} INFO - /home/***/.local/lib/python3.11/site-packages/pyspark/bin/load-spark-env.sh: line 68: ps: command not found
[2024-05-18T22:57:28.591+0000] {spark_submit.py:571} INFO - :: loading settings :: url = jar:file:/home/***/.local/lib/python3.11/site-packages/pyspark/jars/ivy-2.5.1.jar!/org/apache/ivy/core/settings/ivysettings.xml
[2024-05-18T22:57:28.740+0000] {spark_submit.py:571} INFO - Ivy Default Cache set to: /home/***/.ivy2/cache
[2024-05-18T22:57:28.743+0000] {spark_submit.py:571} INFO - The jars for the packages stored in: /home/***/.ivy2/jars
[2024-05-18T22:57:28.780+0000] {spark_submit.py:571} INFO - org.apache.spark#spark-sql-kafka-0-10_2.12 added as a dependency
[2024-05-18T22:57:28.782+0000] {spark_submit.py:571} INFO - com.datastax.spark#spark-cassandra-connector_2.12 added as a dependency
[2024-05-18T22:57:28.782+0000] {spark_submit.py:571} INFO - org.apache.kafka#kafka-clients added as a dependency
[2024-05-18T22:57:28.783+0000] {spark_submit.py:571} INFO - commons-logging#commons-logging added as a dependency
[2024-05-18T22:57:28.784+0000] {spark_submit.py:571} INFO - :: resolving dependencies :: org.apache.spark#spark-submit-parent-44a5dae0-a5d7-4c40-b621-072a1ed7051d;1.0
[2024-05-18T22:57:28.784+0000] {spark_submit.py:571} INFO - confs: [default]
[2024-05-18T22:57:31.181+0000] {spark_submit.py:571} INFO - found org.apache.spark#spark-sql-kafka-0-10_2.12;3.5.1 in central
[2024-05-18T22:57:31.518+0000] {spark_submit.py:571} INFO - found org.apache.spark#spark-token-provider-kafka-0-10_2.12;3.5.1 in central
[2024-05-18T22:57:32.791+0000] {spark_submit.py:571} INFO - found org.apache.hadoop#hadoop-client-runtime;3.3.4 in central
[2024-05-18T22:57:33.008+0000] {spark_submit.py:571} INFO - found org.apache.hadoop#hadoop-client-api;3.3.4 in central
[2024-05-18T22:57:33.100+0000] {spark_submit.py:571} INFO - found org.xerial.snappy#snappy-java;1.1.10.3 in central
[2024-05-18T22:57:33.665+0000] {spark_submit.py:571} INFO - found org.slf4j#slf4j-api;2.0.7 in central
[2024-05-18T22:57:33.785+0000] {spark_submit.py:571} INFO - found com.google.code.findbugs#jsr305;3.0.0 in central
[2024-05-18T22:57:34.556+0000] {spark_submit.py:571} INFO - found org.apache.commons#commons-pool2;2.11.1 in central
[2024-05-18T22:57:34.697+0000] {spark_submit.py:571} INFO - found com.datastax.spark#spark-cassandra-connector_2.12;3.5.0 in central
[2024-05-18T22:57:34.801+0000] {spark_submit.py:571} INFO - found com.datastax.spark#spark-cassandra-connector-driver_2.12;3.5.0 in central
[2024-05-18T22:57:35.079+0000] {spark_submit.py:571} INFO - found org.scala-lang.modules#scala-collection-compat_2.12;2.11.0 in central
[2024-05-18T22:57:36.694+0000] {spark_submit.py:571} INFO - found com.datastax.oss#java-driver-core-shaded;4.13.0 in central
[2024-05-18T22:57:36.804+0000] {spark_submit.py:571} INFO - found com.datastax.oss#native-protocol;1.5.0 in central
[2024-05-18T22:57:36.895+0000] {spark_submit.py:571} INFO - found com.datastax.oss#java-driver-shaded-guava;25.1-jre-graal-sub-1 in central
[2024-05-18T22:57:37.010+0000] {spark_submit.py:571} INFO - found com.typesafe#config;1.4.1 in central
[2024-05-18T22:57:37.579+0000] {spark_submit.py:571} INFO - found io.dropwizard.metrics#metrics-core;4.1.18 in central
[2024-05-18T22:57:37.665+0000] {spark_submit.py:571} INFO - found org.hdrhistogram#HdrHistogram;2.1.12 in central
[2024-05-18T22:57:37.751+0000] {spark_submit.py:571} INFO - found org.reactivestreams#reactive-streams;1.0.3 in central
[2024-05-18T22:57:38.123+0000] {spark_submit.py:571} INFO - found com.github.stephenc.jcip#jcip-annotations;1.0-1 in central
[2024-05-18T22:57:38.218+0000] {spark_submit.py:571} INFO - found com.github.spotbugs#spotbugs-annotations;3.1.12 in central
[2024-05-18T22:57:38.392+0000] {spark_submit.py:571} INFO - found com.google.code.findbugs#jsr305;3.0.2 in central
[2024-05-18T22:57:38.549+0000] {spark_submit.py:571} INFO - found com.datastax.oss#java-driver-mapper-runtime;4.13.0 in central
[2024-05-18T22:57:38.694+0000] {spark_submit.py:571} INFO - found com.datastax.oss#java-driver-query-builder;4.13.0 in central
[2024-05-18T22:57:39.536+0000] {spark_submit.py:571} INFO - found org.apache.commons#commons-lang3;3.10 in central
[2024-05-18T22:57:40.404+0000] {spark_submit.py:571} INFO - found com.thoughtworks.paranamer#paranamer;2.8 in central
[2024-05-18T22:57:40.905+0000] {spark_submit.py:571} INFO - found org.scala-lang#scala-reflect;2.12.11 in central
[2024-05-18T22:57:40.996+0000] {spark_submit.py:571} INFO - found org.apache.kafka#kafka-clients;3.5.1 in central
[2024-05-18T22:57:41.086+0000] {spark_submit.py:571} INFO - found com.github.luben#zstd-jni;1.5.5-1 in central
[2024-05-18T22:57:41.186+0000] {spark_submit.py:571} INFO - found org.lz4#lz4-java;1.8.0 in central
[2024-05-18T22:57:42.206+0000] {spark_submit.py:571} INFO - found commons-logging#commons-logging;1.2 in central
[2024-05-18T22:57:42.269+0000] {spark_submit.py:571} INFO - downloading https://repo1.maven.org/maven2/org/apache/spark/spark-sql-kafka-0-10_2.12/3.5.1/spark-sql-kafka-0-10_2.12-3.5.1.jar ...
[2024-05-18T22:57:42.433+0000] {spark_submit.py:571} INFO - [SUCCESSFUL ] org.apache.spark#spark-sql-kafka-0-10_2.12;3.5.1!spark-sql-kafka-0-10_2.12.jar (207ms)
[2024-05-18T22:57:42.473+0000] {spark_submit.py:571} INFO - downloading https://repo1.maven.org/maven2/com/datastax/spark/spark-cassandra-connector_2.12/3.5.0/spark-cassandra-connector_2.12-3.5.0.jar ...
[2024-05-18T22:57:42.912+0000] {spark_submit.py:571} INFO - [SUCCESSFUL ] com.datastax.spark#spark-cassandra-connector_2.12;3.5.0!spark-cassandra-connector_2.12.jar (479ms)
[2024-05-18T22:57:42.987+0000] {spark_submit.py:571} INFO - downloading https://repo1.maven.org/maven2/org/apache/kafka/kafka-clients/3.5.1/kafka-clients-3.5.1.jar ...
[2024-05-18T22:57:44.274+0000] {spark_submit.py:571} INFO - [SUCCESSFUL ] org.apache.kafka#kafka-clients;3.5.1!kafka-clients.jar (1360ms)
[2024-05-18T22:57:44.315+0000] {spark_submit.py:571} INFO - downloading https://repo1.maven.org/maven2/commons-logging/commons-logging/1.2/commons-logging-1.2.jar ...
[2024-05-18T22:57:44.383+0000] {spark_submit.py:571} INFO - [SUCCESSFUL ] commons-logging#commons-logging;1.2!commons-logging.jar (108ms)
[2024-05-18T22:57:44.424+0000] {spark_submit.py:571} INFO - downloading https://repo1.maven.org/maven2/org/apache/spark/spark-token-provider-kafka-0-10_2.12/3.5.1/spark-token-provider-kafka-0-10_2.12-3.5.1.jar ...
[2024-05-18T22:57:44.473+0000] {spark_submit.py:571} INFO - [SUCCESSFUL ] org.apache.spark#spark-token-provider-kafka-0-10_2.12;3.5.1!spark-token-provider-kafka-0-10_2.12.jar (88ms)
[2024-05-18T22:57:44.520+0000] {spark_submit.py:571} INFO - downloading https://repo1.maven.org/maven2/org/apache/commons/commons-pool2/2.11.1/commons-pool2-2.11.1.jar ...
[2024-05-18T22:57:44.587+0000] {spark_submit.py:571} INFO - [SUCCESSFUL ] org.apache.commons#commons-pool2;2.11.1!commons-pool2.jar (112ms)
[2024-05-18T22:57:44.629+0000] {spark_submit.py:571} INFO - downloading https://repo1.maven.org/maven2/org/apache/hadoop/hadoop-client-runtime/3.3.4/hadoop-client-runtime-3.3.4.jar ...
[2024-05-18T22:57:50.484+0000] {spark_submit.py:571} INFO - [SUCCESSFUL ] org.apache.hadoop#hadoop-client-runtime;3.3.4!hadoop-client-runtime.jar (5892ms)
[2024-05-18T22:57:50.527+0000] {spark_submit.py:571} INFO - downloading https://repo1.maven.org/maven2/org/apache/hadoop/hadoop-client-api/3.3.4/hadoop-client-api-3.3.4.jar ...
[2024-05-18T22:57:50.537+0000] {local_task_job_runner.py:124} ERROR - Received SIGTERM. Terminating subprocesses
[2024-05-18T22:57:50.808+0000] {process_utils.py:132} INFO - Sending 15 to group 172. PIDs of all processes in the group: [173, 172]
[2024-05-18T22:57:50.891+0000] {process_utils.py:87} INFO - Sending the signal 15 to group 172
[2024-05-18T22:57:50.916+0000] {taskinstance.py:2611} ERROR - Received SIGTERM. Terminating subprocesses.
[2024-05-18T22:57:50.934+0000] {spark_submit.py:697} INFO - Sending kill signal to spark-submit
[2024-05-18T22:57:50.969+0000] {taskinstance.py:441} INFO - ::group::Post task execution logs
[2024-05-18T22:57:51.205+0000] {taskinstance.py:2905} ERROR - Task failed with exception
Traceback (most recent call last):
  File "/home/airflow/.local/lib/python3.11/site-packages/airflow/models/taskinstance.py", line 465, in _execute_task
    result = _execute_callable(context=context, **execute_callable_kwargs)
             ^^^^^^^^^^^^^^^^^^^^^^^^^^^^^^^^^^^^^^^^^^^^^^^^^^^^^^^^^^^^^
  File "/home/airflow/.local/lib/python3.11/site-packages/airflow/models/taskinstance.py", line 432, in _execute_callable
    return execute_callable(context=context, **execute_callable_kwargs)
           ^^^^^^^^^^^^^^^^^^^^^^^^^^^^^^^^^^^^^^^^^^^^^^^^^^^^^^^^^^^^
  File "/home/airflow/.local/lib/python3.11/site-packages/airflow/models/baseoperator.py", line 400, in wrapper
    return func(self, *args, **kwargs)
           ^^^^^^^^^^^^^^^^^^^^^^^^^^^
  File "/home/airflow/.local/lib/python3.11/site-packages/airflow/providers/apache/spark/operators/spark_submit.py", line 174, in execute
    self._hook.submit(self.application)
  File "/home/airflow/.local/lib/python3.11/site-packages/airflow/providers/apache/spark/hooks/spark_submit.py", line 490, in submit
    self._process_spark_submit_log(iter(self._submit_sp.stdout))  # type: ignore
    ^^^^^^^^^^^^^^^^^^^^^^^^^^^^^^^^^^^^^^^^^^^^^^^^^^^^^^^^^^^^
  File "/home/airflow/.local/lib/python3.11/site-packages/airflow/providers/apache/spark/hooks/spark_submit.py", line 539, in _process_spark_submit_log
    for line in itr:
  File "/home/airflow/.local/lib/python3.11/site-packages/airflow/models/taskinstance.py", line 2613, in signal_handler
    raise AirflowTaskTerminated("Task received SIGTERM signal")
airflow.exceptions.AirflowTaskTerminated: Task received SIGTERM signal
[2024-05-18T22:57:51.270+0000] {taskinstance.py:1206} INFO - Marking task as UP_FOR_RETRY. dag_id=Webscrape, task_id=Process_Send_Data, run_id=manual__2024-05-18T22:51:02.773929+00:00, execution_date=20240518T225102, start_date=20240518T225724, end_date=20240518T225751
[2024-05-18T22:57:51.389+0000] {process_utils.py:80} INFO - Process psutil.Process(pid=172, status='terminated', exitcode=2, started='22:57:24') (172) terminated with exit code 2
[2024-05-18T22:57:51.398+0000] {process_utils.py:80} INFO - Process psutil.Process(pid=173, status='terminated', started='22:57:25') (173) terminated with exit code None
[2024-05-18T22:57:51.402+0000] {local_task_job_runner.py:240} INFO - Task exited with return code 143
[2024-05-18T22:57:51.469+0000] {taskinstance.py:3498} INFO - 0 downstream tasks scheduled from follow-on schedule check
[2024-05-18T22:57:51.512+0000] {local_task_job_runner.py:222} INFO - ::endgroup::
