[2024-05-18T23:20:57.197+0000] {local_task_job_runner.py:120} INFO - ::group::Pre task execution logs
[2024-05-18T23:20:57.223+0000] {taskinstance.py:2076} INFO - Dependencies all met for dep_context=non-requeueable deps ti=<TaskInstance: Webscrape.Ingest_Data manual__2024-05-18T23:20:54.361544+00:00 [queued]>
[2024-05-18T23:20:57.230+0000] {taskinstance.py:2076} INFO - Dependencies all met for dep_context=requeueable deps ti=<TaskInstance: Webscrape.Ingest_Data manual__2024-05-18T23:20:54.361544+00:00 [queued]>
[2024-05-18T23:20:57.231+0000] {taskinstance.py:2306} INFO - Starting attempt 1 of 6
[2024-05-18T23:20:57.246+0000] {taskinstance.py:2330} INFO - Executing <Task(PythonOperator): Ingest_Data> on 2024-05-18 23:20:54.361544+00:00
[2024-05-18T23:20:57.266+0000] {standard_task_runner.py:63} INFO - Started process 202 to run task
[2024-05-18T23:20:57.276+0000] {standard_task_runner.py:90} INFO - Running: ['***', 'tasks', 'run', 'Webscrape', 'Ingest_Data', 'manual__2024-05-18T23:20:54.361544+00:00', '--job-id', '322', '--raw', '--subdir', 'DAGS_FOLDER/webscrapping.py', '--cfg-path', '/tmp/tmpwm6rluf8']
[2024-05-18T23:20:57.285+0000] {standard_task_runner.py:91} INFO - Job 322: Subtask Ingest_Data
[2024-05-18T23:20:57.452+0000] {task_command.py:426} INFO - Running <TaskInstance: Webscrape.Ingest_Data manual__2024-05-18T23:20:54.361544+00:00 [running]> on host c0373bd0174c
[2024-05-18T23:20:57.605+0000] {taskinstance.py:2648} INFO - Exporting env vars: AIRFLOW_CTX_DAG_OWNER='svc' AIRFLOW_CTX_DAG_ID='Webscrape' AIRFLOW_CTX_TASK_ID='Ingest_Data' AIRFLOW_CTX_EXECUTION_DATE='2024-05-18T23:20:54.361544+00:00' AIRFLOW_CTX_TRY_NUMBER='1' AIRFLOW_CTX_DAG_RUN_ID='manual__2024-05-18T23:20:54.361544+00:00'
[2024-05-18T23:20:57.608+0000] {taskinstance.py:430} INFO - ::endgroup::
[2024-05-18T23:20:57.655+0000] {conn.py:362} INFO - <BrokerConnection node_id=bootstrap-0 host=kafka:9092 <connecting> [IPv4 ('192.168.16.5', 9092)]>: connecting to kafka:9092 [('192.168.16.5', 9092) IPv4]
[2024-05-18T23:20:57.656+0000] {conn.py:957} INFO - Probing node bootstrap-0 broker version
[2024-05-18T23:20:57.658+0000] {conn.py:393} INFO - <BrokerConnection node_id=bootstrap-0 host=kafka:9092 <connecting> [IPv4 ('192.168.16.5', 9092)]>: Connection complete.
[2024-05-18T23:20:57.781+0000] {conn.py:1019} INFO - Broker version identified as 2.6.0
[2024-05-18T23:20:57.781+0000] {conn.py:1020} INFO - Set configuration api_version=(2, 6, 0) to skip auto check_version requests on startup
[2024-05-18T23:20:58.868+0000] {logging_mixin.py:188} INFO - Connecting to Scraping Browser
[2024-05-18T23:21:00.108+0000] {logging_mixin.py:188} INFO - Connected! Navigating to https://www.redfin.com
[2024-05-18T23:21:05.934+0000] {logging_mixin.py:188} INFO - Searching...
[2024-05-18T23:21:07.549+0000] {local_task_job_runner.py:310} WARNING - State of this instance has been externally set to failed. Terminating instance.
[2024-05-18T23:21:07.561+0000] {local_task_job_runner.py:222} INFO - ::endgroup::
[2024-05-18T23:21:07.569+0000] {process_utils.py:132} INFO - Sending 15 to group 202. PIDs of all processes in the group: [209, 202]
[2024-05-18T23:21:07.570+0000] {process_utils.py:87} INFO - Sending the signal 15 to group 202
[2024-05-18T23:21:07.572+0000] {taskinstance.py:2611} ERROR - Received SIGTERM. Terminating subprocesses.
[2024-05-18T23:21:07.612+0000] {process_utils.py:80} INFO - Process psutil.Process(pid=209, status='terminated', started='23:20:57') (209) terminated with exit code None
[2024-05-18T23:22:07.624+0000] {process_utils.py:150} WARNING - process psutil.Process(pid=202, name='airflow task ru', status='sleeping', started='23:20:56') did not respond to SIGTERM. Trying SIGKILL
[2024-05-18T23:22:07.796+0000] {process_utils.py:87} INFO - Sending the signal 9 to group 202
[2024-05-18T23:22:07.955+0000] {process_utils.py:80} INFO - Process psutil.Process(pid=202, name='airflow task ru', status='terminated', exitcode=<Negsignal.SIGKILL: -9>, started='23:20:56') (202) terminated with exit code -9
[2024-05-18T23:22:07.967+0000] {standard_task_runner.py:178} ERROR - Job 322 was killed before it finished (likely due to running out of memory)
