[2024-05-18T22:38:12.520+0000] {local_task_job_runner.py:120} INFO - ::group::Pre task execution logs
[2024-05-18T22:38:12.554+0000] {taskinstance.py:2076} INFO - Dependencies all met for dep_context=non-requeueable deps ti=<TaskInstance: Webscrape.Ingest_Data manual__2024-05-18T22:38:06.545333+00:00 [queued]>
[2024-05-18T22:38:12.558+0000] {taskinstance.py:2076} INFO - Dependencies all met for dep_context=requeueable deps ti=<TaskInstance: Webscrape.Ingest_Data manual__2024-05-18T22:38:06.545333+00:00 [queued]>
[2024-05-18T22:38:12.558+0000] {taskinstance.py:2306} INFO - Starting attempt 1 of 6
[2024-05-18T22:38:12.572+0000] {taskinstance.py:2330} INFO - Executing <Task(PythonOperator): Ingest_Data> on 2024-05-18 22:38:06.545333+00:00
[2024-05-18T22:38:12.604+0000] {standard_task_runner.py:63} INFO - Started process 202 to run task
[2024-05-18T22:38:12.639+0000] {standard_task_runner.py:90} INFO - Running: ['***', 'tasks', 'run', 'Webscrape', 'Ingest_Data', 'manual__2024-05-18T22:38:06.545333+00:00', '--job-id', '298', '--raw', '--subdir', 'DAGS_FOLDER/webscrapping.py', '--cfg-path', '/tmp/tmpd9_4i2jd']
[2024-05-18T22:38:12.658+0000] {standard_task_runner.py:91} INFO - Job 298: Subtask Ingest_Data
[2024-05-18T22:38:12.904+0000] {task_command.py:426} INFO - Running <TaskInstance: Webscrape.Ingest_Data manual__2024-05-18T22:38:06.545333+00:00 [running]> on host c45bb9249772
[2024-05-18T22:38:13.256+0000] {taskinstance.py:2648} INFO - Exporting env vars: AIRFLOW_CTX_DAG_OWNER='svc' AIRFLOW_CTX_DAG_ID='Webscrape' AIRFLOW_CTX_TASK_ID='Ingest_Data' AIRFLOW_CTX_EXECUTION_DATE='2024-05-18T22:38:06.545333+00:00' AIRFLOW_CTX_TRY_NUMBER='1' AIRFLOW_CTX_DAG_RUN_ID='manual__2024-05-18T22:38:06.545333+00:00'
[2024-05-18T22:38:13.257+0000] {taskinstance.py:430} INFO - ::endgroup::
[2024-05-18T22:38:13.287+0000] {conn.py:362} INFO - <BrokerConnection node_id=bootstrap-0 host=kafka:9092 <connecting> [IPv4 ('172.26.0.5', 9092)]>: connecting to kafka:9092 [('172.26.0.5', 9092) IPv4]
[2024-05-18T22:38:13.288+0000] {conn.py:957} INFO - Probing node bootstrap-0 broker version
[2024-05-18T22:38:13.290+0000] {conn.py:393} INFO - <BrokerConnection node_id=bootstrap-0 host=kafka:9092 <connecting> [IPv4 ('172.26.0.5', 9092)]>: Connection complete.
[2024-05-18T22:38:13.432+0000] {conn.py:1019} INFO - Broker version identified as 2.6.0
[2024-05-18T22:38:13.432+0000] {conn.py:1020} INFO - Set configuration api_version=(2, 6, 0) to skip auto check_version requests on startup
[2024-05-18T22:38:15.733+0000] {logging_mixin.py:188} INFO - Connecting to Scraping Browser...
[2024-05-18T22:38:17.275+0000] {logging_mixin.py:188} INFO - Connected! Navigating to https://www.redfin.com...
[2024-05-18T22:38:22.572+0000] {logging_mixin.py:188} INFO - Searching...
[2024-05-18T22:38:26.953+0000] {logging_mixin.py:188} INFO - --------
[2024-05-18T22:38:26.955+0000] {logging_mixin.py:188} INFO - 1
[2024-05-18T22:38:26.957+0000] {logging_mixin.py:188} INFO - Navigating to Listing page: https://www.redfin.com/NC/Charlotte/17113-Soho-Dr-28204/home/170607944
[2024-05-18T22:39:14.651+0000] {logging_mixin.py:188} INFO - Extracting Pictures
[2024-05-18T22:39:19.924+0000] {logging_mixin.py:188} INFO - Extracting Key Details
[2024-05-18T22:39:21.453+0000] {logging_mixin.py:188} INFO - Extracting Listing Agent Details
[2024-05-18T22:39:22.184+0000] {logging_mixin.py:188} INFO - Extracting Redfin Agent Details
[2024-05-18T22:39:22.728+0000] {logging_mixin.py:188} INFO - Extracting Property Details
[2024-05-18T22:39:24.025+0000] {logging_mixin.py:188} INFO - {
  "address": "17113 Soho Dr Charlotte NC 28204",
  "price": "760000",
  "beds": "3",
  "baths": "4.5",
  "link": "https://www.redfin.com/NC/Charlotte/17113-Soho-Dr-28204/home/170607944",
  "photos": [
    "https://ssl.cdn-redfin.com/system_files/media/922567_JPG/item_9.jpg",
    "https://ssl.cdn-redfin.com/system_files/media/922567_JPG/genLdpUgcMediaBrowserUrl/item_11.jpg",
    "https://my.matterport.com/api/v2/player/models/ED3A7ghRwH6/thumb",
    "https://ssl.cdn-redfin.com/system_files/media/922567_JPG/genLdpUgcMediaBrowserUrl/item_13.jpg",
    "https://ssl.cdn-redfin.com/system_files/media/922567_JPG/genLdpUgcMediaBrowserUrl/item_14.jpg",
    "https://ssl.cdn-redfin.com/system_files/media/922567_JPG/item_12.jpg",
    "https://ssl.cdn-redfin.com/system_files/media/922567_JPG/item_15.jpg",
    "https://ssl.cdn-redfin.com/system_files/media/922567_JPG/genLdpUgcMediaBrowserUrl/item_16.jpg",
    "https://ssl.cdn-redfin.com/system_files/media/922567_JPG/genLdpUgcMediaBrowserUrl/item_17.jpg",
    "https://ssl.cdn-redfin.com/system_files/media/922567_JPG/item_18.jpg",
    "https://ssl.cdn-redfin.com/system_files/media/922567_JPG/item_24.jpg",
    "https://ssl.cdn-redfin.com/system_files/media/922567_JPG/item_30.jpg",
    "https://ssl.cdn-redfin.com/system_files/media/922567_JPG/item_36.jpg",
    "https://ssl.cdn-redfin.com/system_files/media/922567_JPG/item_43.jpg",
    "https://ssl.cdn-redfin.com/system_files/media/922567_JPG/item_51.jpg"
  ],
  "hoa_fee": "236",
  "buyers_agent_fee": "2.5",
  "listing_agent_name": "Jon Bartholomew",
  "listing_agent_contact": "jonathan.bartholomew@redfin.com",
  "redfin_agent_name": "Stephen Passarelli",
  "finished_sqft": "",
  "unfinished_sqft": "",
  "total_sqft": "",
  "stories": "4",
  "style": "Townhouse",
  "year_built": "2020",
  "year_renovated": "",
  "county": "Mecklenburg County",
  "APN": "08111612"
}
[2024-05-18T22:39:24.035+0000] {logging_mixin.py:188} INFO - Sending Data to Kafka
[2024-05-18T22:39:24.056+0000] {conn.py:362} INFO - <BrokerConnection node_id=1 host=kafka:9092 <connecting> [IPv4 ('172.26.0.5', 9092)]>: connecting to kafka:9092 [('172.26.0.5', 9092) IPv4]
[2024-05-18T22:39:24.059+0000] {conn.py:393} INFO - <BrokerConnection node_id=1 host=kafka:9092 <connecting> [IPv4 ('172.26.0.5', 9092)]>: Connection complete.
[2024-05-18T22:39:24.062+0000] {conn.py:673} INFO - <BrokerConnection node_id=bootstrap-0 host=kafka:9092 <connected> [IPv4 ('172.26.0.5', 9092)]>: Closing connection. 
[2024-05-18T22:39:24.291+0000] {logging_mixin.py:188} INFO - --------
[2024-05-18T22:39:24.295+0000] {logging_mixin.py:188} INFO - 2
[2024-05-18T22:39:24.301+0000] {logging_mixin.py:188} INFO - Navigating to Listing page: https://www.redfin.com/NC/Charlotte/3200-Dunaire-Dr-28205/home/43938459
[2024-05-18T22:39:44.501+0000] {logging_mixin.py:188} INFO - Extracting Pictures
[2024-05-18T22:39:48.555+0000] {logging_mixin.py:188} INFO - Extracting Key Details
[2024-05-18T22:39:49.201+0000] {logging_mixin.py:188} INFO - Extracting Listing Agent Details
[2024-05-18T22:39:49.909+0000] {logging_mixin.py:188} INFO - Extracting Redfin Agent Details
[2024-05-18T22:39:50.394+0000] {logging_mixin.py:188} INFO - Extracting Property Details
[2024-05-18T22:39:51.683+0000] {logging_mixin.py:188} INFO - {
  "address": "3200 Dunaire Dr Charlotte NC 28205",
  "price": "475000",
  "beds": "3",
  "baths": "2",
  "link": "https://www.redfin.com/NC/Charlotte/3200-Dunaire-Dr-28205/home/43938459",
  "photos": [
    "https://ssl.cdn-redfin.com/system_files/media/919050_JPG/item_1.jpg",
    "https://ssl.cdn-redfin.com/system_files/media/919050_JPG/genLdpUgcMediaBrowserUrl/item_2.jpg",
    "https://my.matterport.com/api/v2/player/models/EL5PrvVRLoz/thumb",
    "https://ssl.cdn-redfin.com/system_files/media/919050_JPG/genLdpUgcMediaBrowserUrl/item_4.jpg",
    "https://ssl.cdn-redfin.com/system_files/media/919050_JPG/genLdpUgcMediaBrowserUrl/item_5.jpg",
    "https://ssl.cdn-redfin.com/system_files/media/919050_JPG/item_3.jpg",
    "https://ssl.cdn-redfin.com/system_files/media/919050_JPG/item_8.jpg",
    "https://ssl.cdn-redfin.com/system_files/media/919050_JPG/genLdpUgcMediaBrowserUrl/item_9.jpg",
    "https://ssl.cdn-redfin.com/system_files/media/919050_JPG/genLdpUgcMediaBrowserUrl/item_10.jpg",
    "https://ssl.cdn-redfin.com/system_files/media/919050_JPG/item_11.jpg",
    "https://ssl.cdn-redfin.com/system_files/media/919050_JPG/item_15.jpg",
    "https://ssl.cdn-redfin.com/system_files/media/919050_JPG/item_21.jpg",
    "https://ssl.cdn-redfin.com/system_files/media/919050_JPG/item_27.jpg",
    "https://ssl.cdn-redfin.com/system_files/media/919050_JPG/item_33.jpg",
    "https://ssl.cdn-redfin.com/system_files/media/919050_JPG/item_39.jpg",
    "https://ssl.cdn-redfin.com/system_files/media/919050_JPG/item_45.jpg"
  ],
  "hoa_fee": "",
  "buyers_agent_fee": "2",
  "listing_agent_name": "Lilliah Moseley",
  "listing_agent_contact": "lilliah.moseley@redfin.com",
  "redfin_agent_name": "Stephen Passarelli",
  "finished_sqft": "1442",
  "unfinished_sqft": "",
  "total_sqft": "1442",
  "stories": "1",
  "style": "Single Family Residential",
  "year_built": "1959",
  "year_renovated": "1970",
  "county": "Mecklenburg County",
  "APN": "10112504"
}
[2024-05-18T22:39:51.685+0000] {logging_mixin.py:188} INFO - Sending Data to Kafka
[2024-05-18T22:39:51.834+0000] {logging_mixin.py:188} INFO - --------
[2024-05-18T22:39:51.834+0000] {logging_mixin.py:188} INFO - 3
[2024-05-18T22:39:51.836+0000] {logging_mixin.py:188} INFO - Navigating to Listing page: https://www.redfin.com/NC/Charlotte/2739-Grand-Union-Way-28209/home/148598761
[2024-05-18T22:40:08.603+0000] {logging_mixin.py:188} INFO - Extracting Pictures
[2024-05-18T22:40:11.593+0000] {logging_mixin.py:188} INFO - Extracting Key Details
[2024-05-18T22:40:12.648+0000] {logging_mixin.py:188} INFO - Extracting Listing Agent Details
[2024-05-18T22:40:13.320+0000] {logging_mixin.py:188} INFO - Extracting Redfin Agent Details
[2024-05-18T22:40:13.752+0000] {logging_mixin.py:188} INFO - Extracting Property Details
[2024-05-18T22:40:15.284+0000] {logging_mixin.py:188} INFO - {
  "address": "2739 Grand Union Way Charlotte NC 28209",
  "price": "649900",
  "beds": "3",
  "baths": "3.5",
  "link": "https://www.redfin.com/NC/Charlotte/2739-Grand-Union-Way-28209/home/148598761",
  "photos": [
    "https://ssl.cdn-redfin.com/system_files/media/919615_JPG/item_22.jpg",
    "https://ssl.cdn-redfin.com/system_files/media/919615_JPG/genLdpUgcMediaBrowserUrl/item_38.jpg",
    "https://my.matterport.com/api/v2/player/models/cVZCU4kuhtR/thumb",
    "https://ssl.cdn-redfin.com/system_files/media/919615_JPG/genLdpUgcMediaBrowserUrl/item_30.jpg",
    "https://ssl.cdn-redfin.com/system_files/media/919615_JPG/genLdpUgcMediaBrowserUrl/item_45.jpg",
    "https://ssl.cdn-redfin.com/system_files/media/919615_JPG/item_46.jpg",
    "https://ssl.cdn-redfin.com/system_files/media/919615_JPG/item_33.jpg",
    "https://ssl.cdn-redfin.com/system_files/media/919615_JPG/genLdpUgcMediaBrowserUrl/item_35.jpg",
    "https://ssl.cdn-redfin.com/system_files/media/919615_JPG/genLdpUgcMediaBrowserUrl/item_36.jpg",
    "https://ssl.cdn-redfin.com/system_files/media/919615_JPG/item_1.jpg",
    "https://ssl.cdn-redfin.com/system_files/media/919615_JPG/item_5.jpg",
    "https://ssl.cdn-redfin.com/system_files/media/919615_JPG/item_10.jpg",
    "https://ssl.cdn-redfin.com/system_files/media/919615_JPG/item_18.jpg"
  ],
  "hoa_fee": "262",
  "buyers_agent_fee": "2",
  "listing_agent_name": "Jill Moyer",
  "listing_agent_contact": "jill.moyer@redfin.com",
  "redfin_agent_name": "Stephen Passarelli",
  "finished_sqft": "",
  "unfinished_sqft": "",
  "total_sqft": "",
  "stories": "4",
  "style": "Townhouse",
  "year_built": "2019",
  "year_renovated": "",
  "county": "Mecklenburg County",
  "APN": "14901360"
}
[2024-05-18T22:40:15.285+0000] {logging_mixin.py:188} INFO - Sending Data to Kafka
[2024-05-18T22:40:15.456+0000] {logging_mixin.py:188} INFO - --------
[2024-05-18T22:40:15.456+0000] {logging_mixin.py:188} INFO - 4
[2024-05-18T22:40:15.458+0000] {logging_mixin.py:188} INFO - Navigating to Listing page: https://www.redfin.com/NC/Charlotte/7728-Ridgeloch-Pl-28226/home/44020150
[2024-05-18T22:40:21.759+0000] {local_task_job_runner.py:310} WARNING - State of this instance has been externally set to failed. Terminating instance.
[2024-05-18T22:40:21.839+0000] {local_task_job_runner.py:222} INFO - ::endgroup::
[2024-05-18T22:40:21.868+0000] {process_utils.py:132} INFO - Sending 15 to group 202. PIDs of all processes in the group: [209, 202]
[2024-05-18T22:40:21.874+0000] {process_utils.py:87} INFO - Sending the signal 15 to group 202
[2024-05-18T22:40:21.884+0000] {taskinstance.py:2611} ERROR - Received SIGTERM. Terminating subprocesses.
[2024-05-18T22:40:21.943+0000] {process_utils.py:80} INFO - Process psutil.Process(pid=209, status='terminated', started='22:38:12') (209) terminated with exit code None
[2024-05-18T22:41:21.920+0000] {process_utils.py:150} WARNING - process psutil.Process(pid=202, name='airflow task ru', status='sleeping', started='22:38:11') did not respond to SIGTERM. Trying SIGKILL
[2024-05-18T22:41:21.974+0000] {process_utils.py:87} INFO - Sending the signal 9 to group 202
[2024-05-18T22:41:22.038+0000] {process_utils.py:80} INFO - Process psutil.Process(pid=202, name='airflow task ru', status='terminated', exitcode=<Negsignal.SIGKILL: -9>, started='22:38:11') (202) terminated with exit code -9
[2024-05-18T22:41:22.049+0000] {standard_task_runner.py:178} ERROR - Job 298 was killed before it finished (likely due to running out of memory)
