[2024-05-15T23:57:26.955+0000] {local_task_job_runner.py:120} INFO - ::group::Pre task execution logs
[2024-05-15T23:57:26.976+0000] {taskinstance.py:2076} INFO - Dependencies all met for dep_context=non-requeueable deps ti=<TaskInstance: Webscrape.Process_Send_Data manual__2024-05-15T23:53:06.439912+00:00 [queued]>
[2024-05-15T23:57:26.983+0000] {taskinstance.py:2076} INFO - Dependencies all met for dep_context=requeueable deps ti=<TaskInstance: Webscrape.Process_Send_Data manual__2024-05-15T23:53:06.439912+00:00 [queued]>
[2024-05-15T23:57:26.984+0000] {taskinstance.py:2306} INFO - Starting attempt 3 of 6
[2024-05-15T23:57:26.990+0000] {taskinstance.py:2330} INFO - Executing <Task(SparkSubmitOperator): Process_Send_Data> on 2024-05-15 23:53:06.439912+00:00
[2024-05-15T23:57:26.998+0000] {standard_task_runner.py:90} INFO - Running: ['***', 'tasks', 'run', 'Webscrape', 'Process_Send_Data', 'manual__2024-05-15T23:53:06.439912+00:00', '--job-id', '163', '--raw', '--subdir', 'DAGS_FOLDER/webscrapping.py', '--cfg-path', '/tmp/tmpceg63ua3']
[2024-05-15T23:57:27.001+0000] {logging_mixin.py:188} WARNING - /home/***/.local/lib/python3.12/site-packages/***/task/task_runner/standard_task_runner.py:61 DeprecationWarning: This process (pid=3375) is multi-threaded, use of fork() may lead to deadlocks in the child.
[2024-05-15T23:57:27.001+0000] {standard_task_runner.py:91} INFO - Job 163: Subtask Process_Send_Data
[2024-05-15T23:57:27.001+0000] {standard_task_runner.py:63} INFO - Started process 3376 to run task
[2024-05-15T23:57:27.040+0000] {task_command.py:426} INFO - Running <TaskInstance: Webscrape.Process_Send_Data manual__2024-05-15T23:53:06.439912+00:00 [running]> on host fb6491796190
[2024-05-15T23:57:27.107+0000] {taskinstance.py:2648} INFO - Exporting env vars: AIRFLOW_CTX_DAG_OWNER='svc' AIRFLOW_CTX_DAG_ID='Webscrape' AIRFLOW_CTX_TASK_ID='Process_Send_Data' AIRFLOW_CTX_EXECUTION_DATE='2024-05-15T23:53:06.439912+00:00' AIRFLOW_CTX_TRY_NUMBER='3' AIRFLOW_CTX_DAG_RUN_ID='manual__2024-05-15T23:53:06.439912+00:00'
[2024-05-15T23:57:27.108+0000] {taskinstance.py:430} INFO - ::endgroup::
[2024-05-15T23:57:27.126+0000] {base.py:84} INFO - Using connection ID 'spark_default' for task execution.
[2024-05-15T23:57:27.127+0000] {spark_submit.py:401} INFO - Spark-Submit cmd: spark-submit --master spark://spark-master:7077 --num-executors 1 --total-executor-cores 1 --executor-cores 1 --executor-memory 2g --driver-memory 2g --name arrow-spark --deploy-mode client dags/includes/jobs/spark_consumer.py
[2024-05-15T23:57:29.990+0000] {spark_submit.py:571} INFO - 24/05/15 23:57:29 INFO SparkContext: Running Spark version 3.5.1
[2024-05-15T23:57:29.993+0000] {spark_submit.py:571} INFO - 24/05/15 23:57:29 INFO SparkContext: OS info Linux, 6.6.26-linuxkit, aarch64
[2024-05-15T23:57:29.993+0000] {spark_submit.py:571} INFO - 24/05/15 23:57:29 INFO SparkContext: Java version 17.0.11
[2024-05-15T23:57:30.027+0000] {spark_submit.py:571} INFO - 24/05/15 23:57:30 WARN NativeCodeLoader: Unable to load native-hadoop library for your platform... using builtin-java classes where applicable
[2024-05-15T23:57:30.075+0000] {spark_submit.py:571} INFO - 24/05/15 23:57:30 INFO ResourceUtils: ==============================================================
[2024-05-15T23:57:30.076+0000] {spark_submit.py:571} INFO - 24/05/15 23:57:30 INFO ResourceUtils: No custom resources configured for spark.driver.
[2024-05-15T23:57:30.077+0000] {spark_submit.py:571} INFO - 24/05/15 23:57:30 INFO ResourceUtils: ==============================================================
[2024-05-15T23:57:30.078+0000] {spark_submit.py:571} INFO - 24/05/15 23:57:30 INFO SparkContext: Submitted application: Redfin_Properties_Consumer
[2024-05-15T23:57:30.093+0000] {spark_submit.py:571} INFO - 24/05/15 23:57:30 INFO ResourceProfile: Default ResourceProfile created, executor resources: Map(cores -> name: cores, amount: 1, script: , vendor: , memory -> name: memory, amount: 2048, script: , vendor: , offHeap -> name: offHeap, amount: 0, script: , vendor: ), task resources: Map(cpus -> name: cpus, amount: 1.0)
[2024-05-15T23:57:30.098+0000] {spark_submit.py:571} INFO - 24/05/15 23:57:30 INFO ResourceProfile: Limiting resource is cpus at 1 tasks per executor
[2024-05-15T23:57:30.100+0000] {spark_submit.py:571} INFO - 24/05/15 23:57:30 INFO ResourceProfileManager: Added ResourceProfile id: 0
[2024-05-15T23:57:30.133+0000] {spark_submit.py:571} INFO - 24/05/15 23:57:30 INFO SecurityManager: Changing view acls to: ***
[2024-05-15T23:57:30.133+0000] {spark_submit.py:571} INFO - 24/05/15 23:57:30 INFO SecurityManager: Changing modify acls to: ***
[2024-05-15T23:57:30.134+0000] {spark_submit.py:571} INFO - 24/05/15 23:57:30 INFO SecurityManager: Changing view acls groups to:
[2024-05-15T23:57:30.134+0000] {spark_submit.py:571} INFO - 24/05/15 23:57:30 INFO SecurityManager: Changing modify acls groups to:
[2024-05-15T23:57:30.134+0000] {spark_submit.py:571} INFO - 24/05/15 23:57:30 INFO SecurityManager: SecurityManager: authentication disabled; ui acls disabled; users with view permissions: ***; groups with view permissions: EMPTY; users with modify permissions: ***; groups with modify permissions: EMPTY
[2024-05-15T23:57:30.294+0000] {spark_submit.py:571} INFO - 24/05/15 23:57:30 INFO Utils: Successfully started service 'sparkDriver' on port 35663.
[2024-05-15T23:57:30.316+0000] {spark_submit.py:571} INFO - 24/05/15 23:57:30 INFO SparkEnv: Registering MapOutputTracker
[2024-05-15T23:57:30.344+0000] {spark_submit.py:571} INFO - 24/05/15 23:57:30 INFO SparkEnv: Registering BlockManagerMaster
[2024-05-15T23:57:30.362+0000] {spark_submit.py:571} INFO - 24/05/15 23:57:30 INFO BlockManagerMasterEndpoint: Using org.apache.spark.storage.DefaultTopologyMapper for getting topology information
[2024-05-15T23:57:30.363+0000] {spark_submit.py:571} INFO - 24/05/15 23:57:30 INFO BlockManagerMasterEndpoint: BlockManagerMasterEndpoint up
[2024-05-15T23:57:30.367+0000] {spark_submit.py:571} INFO - 24/05/15 23:57:30 INFO SparkEnv: Registering BlockManagerMasterHeartbeat
[2024-05-15T23:57:30.382+0000] {spark_submit.py:571} INFO - 24/05/15 23:57:30 INFO DiskBlockManager: Created local directory at /tmp/blockmgr-2d2a3465-734b-4d0f-a72f-b4e3e14b8a69
[2024-05-15T23:57:30.390+0000] {spark_submit.py:571} INFO - 24/05/15 23:57:30 INFO MemoryStore: MemoryStore started with capacity 1048.8 MiB
[2024-05-15T23:57:30.400+0000] {spark_submit.py:571} INFO - 24/05/15 23:57:30 INFO SparkEnv: Registering OutputCommitCoordinator
[2024-05-15T23:57:30.474+0000] {spark_submit.py:571} INFO - 24/05/15 23:57:30 INFO JettyUtils: Start Jetty 0.0.0.0:4040 for SparkUI
[2024-05-15T23:57:30.523+0000] {spark_submit.py:571} INFO - 24/05/15 23:57:30 INFO Utils: Successfully started service 'SparkUI' on port 4040.
[2024-05-15T23:57:30.604+0000] {spark_submit.py:571} INFO - 24/05/15 23:57:30 INFO StandaloneAppClient$ClientEndpoint: Connecting to master spark://spark-master:7077...
[2024-05-15T23:57:30.633+0000] {spark_submit.py:571} INFO - 24/05/15 23:57:30 INFO TransportClientFactory: Successfully created connection to spark-master/172.30.0.2:7077 after 13 ms (0 ms spent in bootstraps)
[2024-05-15T23:57:30.740+0000] {spark_submit.py:571} INFO - 24/05/15 23:57:30 INFO StandaloneSchedulerBackend: Connected to Spark cluster with app ID app-20240515235730-0013
[2024-05-15T23:57:30.745+0000] {spark_submit.py:571} INFO - 24/05/15 23:57:30 INFO Utils: Successfully started service 'org.apache.spark.network.netty.NettyBlockTransferService' on port 41861.
[2024-05-15T23:57:30.746+0000] {spark_submit.py:571} INFO - 24/05/15 23:57:30 INFO NettyBlockTransferService: Server created on fb6491796190:41861
[2024-05-15T23:57:30.747+0000] {spark_submit.py:571} INFO - 24/05/15 23:57:30 INFO BlockManager: Using org.apache.spark.storage.RandomBlockReplicationPolicy for block replication policy
[2024-05-15T23:57:30.750+0000] {spark_submit.py:571} INFO - 24/05/15 23:57:30 INFO BlockManagerMaster: Registering BlockManager BlockManagerId(driver, fb6491796190, 41861, None)
[2024-05-15T23:57:30.751+0000] {spark_submit.py:571} INFO - 24/05/15 23:57:30 INFO BlockManagerMasterEndpoint: Registering block manager fb6491796190:41861 with 1048.8 MiB RAM, BlockManagerId(driver, fb6491796190, 41861, None)
[2024-05-15T23:57:30.752+0000] {spark_submit.py:571} INFO - 24/05/15 23:57:30 INFO BlockManagerMaster: Registered BlockManager BlockManagerId(driver, fb6491796190, 41861, None)
[2024-05-15T23:57:30.753+0000] {spark_submit.py:571} INFO - 24/05/15 23:57:30 INFO BlockManager: Initialized BlockManager: BlockManagerId(driver, fb6491796190, 41861, None)
[2024-05-15T23:57:30.915+0000] {spark_submit.py:571} INFO - 24/05/15 23:57:30 INFO StandaloneSchedulerBackend: SchedulerBackend is ready for scheduling beginning after reached minRegisteredResourcesRatio: 0.0
[2024-05-15T23:57:31.070+0000] {spark_submit.py:571} INFO - 24/05/15 23:57:31 INFO SharedState: Setting hive.metastore.warehouse.dir ('null') to the value of spark.sql.warehouse.dir.
[2024-05-15T23:57:31.074+0000] {spark_submit.py:571} INFO - 24/05/15 23:57:31 INFO SharedState: Warehouse path is 'file:/opt/***/spark-warehouse'.
[2024-05-15T23:57:31.803+0000] {spark_submit.py:571} INFO - Traceback (most recent call last):
[2024-05-15T23:57:31.809+0000] {spark_submit.py:571} INFO - File "/opt/***/dags/includes/jobs/spark_consumer.py", line 76, in <module>
[2024-05-15T23:57:31.811+0000] {spark_submit.py:571} INFO - .load())
[2024-05-15T23:57:31.813+0000] {spark_submit.py:571} INFO - ^^^^^^
[2024-05-15T23:57:31.813+0000] {spark_submit.py:571} INFO - File "/home/***/.local/lib/python3.12/site-packages/pyspark/python/lib/pyspark.zip/pyspark/sql/streaming/readwriter.py", line 304, in load
[2024-05-15T23:57:31.818+0000] {spark_submit.py:571} INFO - File "/home/***/.local/lib/python3.12/site-packages/pyspark/python/lib/py4j-0.10.9.7-src.zip/py4j/java_gateway.py", line 1322, in __call__
[2024-05-15T23:57:31.821+0000] {spark_submit.py:571} INFO - File "/home/***/.local/lib/python3.12/site-packages/pyspark/python/lib/pyspark.zip/pyspark/errors/exceptions/captured.py", line 185, in deco
[2024-05-15T23:57:31.828+0000] {spark_submit.py:571} INFO - pyspark.errors.exceptions.captured.AnalysisException: Failed to find data source: kafka. Please deploy the application as per the deployment section of Structured Streaming + Kafka Integration Guide.
[2024-05-15T23:57:31.837+0000] {spark_submit.py:571} INFO - INFO:py4j.clientserver:Closing down clientserver connection
[2024-05-15T23:57:32.004+0000] {spark_submit.py:571} INFO - 24/05/15 23:57:32 INFO SparkContext: Invoking stop() from shutdown hook
[2024-05-15T23:57:32.004+0000] {spark_submit.py:571} INFO - 24/05/15 23:57:32 INFO SparkContext: SparkContext is stopping with exitCode 0.
[2024-05-15T23:57:32.025+0000] {spark_submit.py:571} INFO - 24/05/15 23:57:32 INFO SparkUI: Stopped Spark web UI at http://fb6491796190:4040
[2024-05-15T23:57:32.033+0000] {spark_submit.py:571} INFO - 24/05/15 23:57:32 INFO StandaloneSchedulerBackend: Shutting down all executors
[2024-05-15T23:57:32.038+0000] {spark_submit.py:571} INFO - 24/05/15 23:57:32 INFO StandaloneSchedulerBackend$StandaloneDriverEndpoint: Asking each executor to shut down
[2024-05-15T23:57:32.074+0000] {spark_submit.py:571} INFO - 24/05/15 23:57:32 INFO MapOutputTrackerMasterEndpoint: MapOutputTrackerMasterEndpoint stopped!
[2024-05-15T23:57:32.120+0000] {spark_submit.py:571} INFO - 24/05/15 23:57:32 INFO MemoryStore: MemoryStore cleared
[2024-05-15T23:57:32.124+0000] {spark_submit.py:571} INFO - 24/05/15 23:57:32 INFO BlockManager: BlockManager stopped
[2024-05-15T23:57:32.129+0000] {spark_submit.py:571} INFO - 24/05/15 23:57:32 INFO BlockManagerMaster: BlockManagerMaster stopped
[2024-05-15T23:57:32.132+0000] {spark_submit.py:571} INFO - 24/05/15 23:57:32 INFO OutputCommitCoordinator$OutputCommitCoordinatorEndpoint: OutputCommitCoordinator stopped!
[2024-05-15T23:57:32.146+0000] {spark_submit.py:571} INFO - 24/05/15 23:57:32 INFO SparkContext: Successfully stopped SparkContext
[2024-05-15T23:57:32.147+0000] {spark_submit.py:571} INFO - 24/05/15 23:57:32 INFO ShutdownHookManager: Shutdown hook called
[2024-05-15T23:57:32.147+0000] {spark_submit.py:571} INFO - 24/05/15 23:57:32 INFO ShutdownHookManager: Deleting directory /tmp/spark-f22101a4-ba9c-471e-b50d-db5301a9d0c5
[2024-05-15T23:57:32.154+0000] {spark_submit.py:571} INFO - 24/05/15 23:57:32 INFO ShutdownHookManager: Deleting directory /tmp/spark-55a6b44d-55a2-482b-b591-d33d730d0660/pyspark-05ed48cd-320d-4a85-b73a-7b8f542bb63a
[2024-05-15T23:57:32.160+0000] {spark_submit.py:571} INFO - 24/05/15 23:57:32 INFO ShutdownHookManager: Deleting directory /tmp/spark-55a6b44d-55a2-482b-b591-d33d730d0660
[2024-05-15T23:57:32.210+0000] {taskinstance.py:441} INFO - ::group::Post task execution logs
[2024-05-15T23:57:32.224+0000] {taskinstance.py:2905} ERROR - Task failed with exception
Traceback (most recent call last):
  File "/home/airflow/.local/lib/python3.12/site-packages/airflow/models/taskinstance.py", line 465, in _execute_task
    result = _execute_callable(context=context, **execute_callable_kwargs)
             ^^^^^^^^^^^^^^^^^^^^^^^^^^^^^^^^^^^^^^^^^^^^^^^^^^^^^^^^^^^^^
  File "/home/airflow/.local/lib/python3.12/site-packages/airflow/models/taskinstance.py", line 432, in _execute_callable
    return execute_callable(context=context, **execute_callable_kwargs)
           ^^^^^^^^^^^^^^^^^^^^^^^^^^^^^^^^^^^^^^^^^^^^^^^^^^^^^^^^^^^^
  File "/home/airflow/.local/lib/python3.12/site-packages/airflow/models/baseoperator.py", line 400, in wrapper
    return func(self, *args, **kwargs)
           ^^^^^^^^^^^^^^^^^^^^^^^^^^^
  File "/home/airflow/.local/lib/python3.12/site-packages/airflow/providers/apache/spark/operators/spark_submit.py", line 174, in execute
    self._hook.submit(self.application)
  File "/home/airflow/.local/lib/python3.12/site-packages/airflow/providers/apache/spark/hooks/spark_submit.py", line 502, in submit
    raise AirflowException(
airflow.exceptions.AirflowException: Cannot execute: spark-submit --master spark://spark-master:7077 --num-executors 1 --total-executor-cores 1 --executor-cores 1 --executor-memory 2g --driver-memory 2g --name arrow-spark --deploy-mode client dags/includes/jobs/spark_consumer.py. Error code is: 1.
[2024-05-15T23:57:32.229+0000] {taskinstance.py:1206} INFO - Marking task as UP_FOR_RETRY. dag_id=Webscrape, task_id=Process_Send_Data, run_id=manual__2024-05-15T23:53:06.439912+00:00, execution_date=20240515T235306, start_date=20240515T235726, end_date=20240515T235732
[2024-05-15T23:57:32.249+0000] {standard_task_runner.py:110} ERROR - Failed to execute job 163 for task Process_Send_Data (Cannot execute: spark-submit --master spark://spark-master:7077 --num-executors 1 --total-executor-cores 1 --executor-cores 1 --executor-memory 2g --driver-memory 2g --name arrow-spark --deploy-mode client dags/includes/jobs/spark_consumer.py. Error code is: 1.; 3376)
[2024-05-15T23:57:32.275+0000] {local_task_job_runner.py:240} INFO - Task exited with return code 1
[2024-05-15T23:57:32.287+0000] {taskinstance.py:3498} INFO - 0 downstream tasks scheduled from follow-on schedule check
[2024-05-15T23:57:32.288+0000] {local_task_job_runner.py:222} INFO - ::endgroup::
