[2024-05-15T23:55:16.441+0000] {local_task_job_runner.py:120} INFO - ::group::Pre task execution logs
[2024-05-15T23:55:16.467+0000] {taskinstance.py:2076} INFO - Dependencies all met for dep_context=non-requeueable deps ti=<TaskInstance: Webscrape.Process_Send_Data manual__2024-05-15T23:53:06.439912+00:00 [queued]>
[2024-05-15T23:55:16.472+0000] {taskinstance.py:2076} INFO - Dependencies all met for dep_context=requeueable deps ti=<TaskInstance: Webscrape.Process_Send_Data manual__2024-05-15T23:53:06.439912+00:00 [queued]>
[2024-05-15T23:55:16.472+0000] {taskinstance.py:2306} INFO - Starting attempt 2 of 6
[2024-05-15T23:55:16.482+0000] {taskinstance.py:2330} INFO - Executing <Task(SparkSubmitOperator): Process_Send_Data> on 2024-05-15 23:53:06.439912+00:00
[2024-05-15T23:55:16.495+0000] {logging_mixin.py:188} WARNING - /home/***/.local/lib/python3.12/site-packages/***/task/task_runner/standard_task_runner.py:61 DeprecationWarning: This process (pid=3194) is multi-threaded, use of fork() may lead to deadlocks in the child.
[2024-05-15T23:55:16.494+0000] {standard_task_runner.py:90} INFO - Running: ['***', 'tasks', 'run', 'Webscrape', 'Process_Send_Data', 'manual__2024-05-15T23:53:06.439912+00:00', '--job-id', '162', '--raw', '--subdir', 'DAGS_FOLDER/webscrapping.py', '--cfg-path', '/tmp/tmpk_k_6q_y']
[2024-05-15T23:55:16.496+0000] {standard_task_runner.py:63} INFO - Started process 3195 to run task
[2024-05-15T23:55:16.497+0000] {standard_task_runner.py:91} INFO - Job 162: Subtask Process_Send_Data
[2024-05-15T23:55:16.543+0000] {task_command.py:426} INFO - Running <TaskInstance: Webscrape.Process_Send_Data manual__2024-05-15T23:53:06.439912+00:00 [running]> on host fb6491796190
[2024-05-15T23:55:16.612+0000] {taskinstance.py:2648} INFO - Exporting env vars: AIRFLOW_CTX_DAG_OWNER='svc' AIRFLOW_CTX_DAG_ID='Webscrape' AIRFLOW_CTX_TASK_ID='Process_Send_Data' AIRFLOW_CTX_EXECUTION_DATE='2024-05-15T23:53:06.439912+00:00' AIRFLOW_CTX_TRY_NUMBER='2' AIRFLOW_CTX_DAG_RUN_ID='manual__2024-05-15T23:53:06.439912+00:00'
[2024-05-15T23:55:16.614+0000] {taskinstance.py:430} INFO - ::endgroup::
[2024-05-15T23:55:16.632+0000] {base.py:84} INFO - Using connection ID 'spark_default' for task execution.
[2024-05-15T23:55:16.633+0000] {spark_submit.py:401} INFO - Spark-Submit cmd: spark-submit --master spark://spark-master:7077 --num-executors 1 --total-executor-cores 1 --executor-cores 1 --executor-memory 2g --driver-memory 2g --name arrow-spark --deploy-mode client dags/includes/jobs/spark_consumer.py
[2024-05-15T23:55:20.744+0000] {spark_submit.py:571} INFO - 24/05/15 23:55:20 INFO SparkContext: Running Spark version 3.5.1
[2024-05-15T23:55:20.748+0000] {spark_submit.py:571} INFO - 24/05/15 23:55:20 INFO SparkContext: OS info Linux, 6.6.26-linuxkit, aarch64
[2024-05-15T23:55:20.749+0000] {spark_submit.py:571} INFO - 24/05/15 23:55:20 INFO SparkContext: Java version 17.0.11
[2024-05-15T23:55:20.871+0000] {spark_submit.py:571} INFO - 24/05/15 23:55:20 WARN NativeCodeLoader: Unable to load native-hadoop library for your platform... using builtin-java classes where applicable
[2024-05-15T23:55:20.981+0000] {spark_submit.py:571} INFO - 24/05/15 23:55:20 INFO ResourceUtils: ==============================================================
[2024-05-15T23:55:20.982+0000] {spark_submit.py:571} INFO - 24/05/15 23:55:20 INFO ResourceUtils: No custom resources configured for spark.driver.
[2024-05-15T23:55:20.983+0000] {spark_submit.py:571} INFO - 24/05/15 23:55:20 INFO ResourceUtils: ==============================================================
[2024-05-15T23:55:20.984+0000] {spark_submit.py:571} INFO - 24/05/15 23:55:20 INFO SparkContext: Submitted application: Redfin_Properties_Consumer
[2024-05-15T23:55:21.230+0000] {spark_submit.py:571} INFO - 24/05/15 23:55:21 INFO ResourceProfile: Default ResourceProfile created, executor resources: Map(cores -> name: cores, amount: 1, script: , vendor: , memory -> name: memory, amount: 2048, script: , vendor: , offHeap -> name: offHeap, amount: 0, script: , vendor: ), task resources: Map(cpus -> name: cpus, amount: 1.0)
[2024-05-15T23:55:21.255+0000] {spark_submit.py:571} INFO - 24/05/15 23:55:21 INFO ResourceProfile: Limiting resource is cpus at 1 tasks per executor
[2024-05-15T23:55:21.258+0000] {spark_submit.py:571} INFO - 24/05/15 23:55:21 INFO ResourceProfileManager: Added ResourceProfile id: 0
[2024-05-15T23:55:21.322+0000] {spark_submit.py:571} INFO - 24/05/15 23:55:21 INFO SecurityManager: Changing view acls to: ***
[2024-05-15T23:55:21.323+0000] {spark_submit.py:571} INFO - 24/05/15 23:55:21 INFO SecurityManager: Changing modify acls to: ***
[2024-05-15T23:55:21.323+0000] {spark_submit.py:571} INFO - 24/05/15 23:55:21 INFO SecurityManager: Changing view acls groups to:
[2024-05-15T23:55:21.324+0000] {spark_submit.py:571} INFO - 24/05/15 23:55:21 INFO SecurityManager: Changing modify acls groups to:
[2024-05-15T23:55:21.324+0000] {spark_submit.py:571} INFO - 24/05/15 23:55:21 INFO SecurityManager: SecurityManager: authentication disabled; ui acls disabled; users with view permissions: ***; groups with view permissions: EMPTY; users with modify permissions: ***; groups with modify permissions: EMPTY
[2024-05-15T23:55:21.704+0000] {spark_submit.py:571} INFO - 24/05/15 23:55:21 INFO Utils: Successfully started service 'sparkDriver' on port 45795.
[2024-05-15T23:55:21.779+0000] {spark_submit.py:571} INFO - 24/05/15 23:55:21 INFO SparkEnv: Registering MapOutputTracker
[2024-05-15T23:55:21.859+0000] {spark_submit.py:571} INFO - 24/05/15 23:55:21 INFO SparkEnv: Registering BlockManagerMaster
[2024-05-15T23:55:21.896+0000] {spark_submit.py:571} INFO - 24/05/15 23:55:21 INFO BlockManagerMasterEndpoint: Using org.apache.spark.storage.DefaultTopologyMapper for getting topology information
[2024-05-15T23:55:21.899+0000] {spark_submit.py:571} INFO - 24/05/15 23:55:21 INFO BlockManagerMasterEndpoint: BlockManagerMasterEndpoint up
[2024-05-15T23:55:21.905+0000] {spark_submit.py:571} INFO - 24/05/15 23:55:21 INFO SparkEnv: Registering BlockManagerMasterHeartbeat
[2024-05-15T23:55:21.966+0000] {spark_submit.py:571} INFO - 24/05/15 23:55:21 INFO DiskBlockManager: Created local directory at /tmp/blockmgr-2a772e6c-18cb-46f8-a372-df9908660ebb
[2024-05-15T23:55:22.053+0000] {spark_submit.py:571} INFO - 24/05/15 23:55:22 INFO MemoryStore: MemoryStore started with capacity 1048.8 MiB
[2024-05-15T23:55:22.129+0000] {spark_submit.py:571} INFO - 24/05/15 23:55:22 INFO SparkEnv: Registering OutputCommitCoordinator
[2024-05-15T23:55:22.502+0000] {spark_submit.py:571} INFO - 24/05/15 23:55:22 INFO JettyUtils: Start Jetty 0.0.0.0:4040 for SparkUI
[2024-05-15T23:55:22.593+0000] {spark_submit.py:571} INFO - 24/05/15 23:55:22 INFO Utils: Successfully started service 'SparkUI' on port 4040.
[2024-05-15T23:55:22.860+0000] {spark_submit.py:571} INFO - 24/05/15 23:55:22 INFO StandaloneAppClient$ClientEndpoint: Connecting to master spark://spark-master:7077...
[2024-05-15T23:55:22.968+0000] {spark_submit.py:571} INFO - 24/05/15 23:55:22 INFO TransportClientFactory: Successfully created connection to spark-master/172.30.0.2:7077 after 66 ms (0 ms spent in bootstraps)
[2024-05-15T23:55:23.142+0000] {spark_submit.py:571} INFO - 24/05/15 23:55:23 INFO StandaloneSchedulerBackend: Connected to Spark cluster with app ID app-20240515235523-0012
[2024-05-15T23:55:23.271+0000] {spark_submit.py:571} INFO - 24/05/15 23:55:23 INFO Utils: Successfully started service 'org.apache.spark.network.netty.NettyBlockTransferService' on port 33997.
[2024-05-15T23:55:23.273+0000] {spark_submit.py:571} INFO - 24/05/15 23:55:23 INFO NettyBlockTransferService: Server created on fb6491796190:33997
[2024-05-15T23:55:23.283+0000] {spark_submit.py:571} INFO - 24/05/15 23:55:23 INFO BlockManager: Using org.apache.spark.storage.RandomBlockReplicationPolicy for block replication policy
[2024-05-15T23:55:23.335+0000] {spark_submit.py:571} INFO - 24/05/15 23:55:23 INFO BlockManagerMaster: Registering BlockManager BlockManagerId(driver, fb6491796190, 33997, None)
[2024-05-15T23:55:23.343+0000] {spark_submit.py:571} INFO - 24/05/15 23:55:23 INFO BlockManagerMasterEndpoint: Registering block manager fb6491796190:33997 with 1048.8 MiB RAM, BlockManagerId(driver, fb6491796190, 33997, None)
[2024-05-15T23:55:23.347+0000] {spark_submit.py:571} INFO - 24/05/15 23:55:23 INFO BlockManagerMaster: Registered BlockManager BlockManagerId(driver, fb6491796190, 33997, None)
[2024-05-15T23:55:23.350+0000] {spark_submit.py:571} INFO - 24/05/15 23:55:23 INFO BlockManager: Initialized BlockManager: BlockManagerId(driver, fb6491796190, 33997, None)
[2024-05-15T23:55:23.596+0000] {spark_submit.py:571} INFO - 24/05/15 23:55:23 INFO StandaloneSchedulerBackend: SchedulerBackend is ready for scheduling beginning after reached minRegisteredResourcesRatio: 0.0
[2024-05-15T23:55:23.987+0000] {spark_submit.py:571} INFO - 24/05/15 23:55:23 INFO SharedState: Setting hive.metastore.warehouse.dir ('null') to the value of spark.sql.warehouse.dir.
[2024-05-15T23:55:23.996+0000] {spark_submit.py:571} INFO - 24/05/15 23:55:23 INFO SharedState: Warehouse path is 'file:/opt/***/spark-warehouse'.
[2024-05-15T23:55:25.109+0000] {spark_submit.py:571} INFO - Traceback (most recent call last):
[2024-05-15T23:55:25.112+0000] {spark_submit.py:571} INFO - File "/opt/***/dags/includes/jobs/spark_consumer.py", line 76, in <module>
[2024-05-15T23:55:25.112+0000] {spark_submit.py:571} INFO - .load())
[2024-05-15T23:55:25.113+0000] {spark_submit.py:571} INFO - ^^^^^^
[2024-05-15T23:55:25.113+0000] {spark_submit.py:571} INFO - File "/home/***/.local/lib/python3.12/site-packages/pyspark/python/lib/pyspark.zip/pyspark/sql/streaming/readwriter.py", line 304, in load
[2024-05-15T23:55:25.114+0000] {spark_submit.py:571} INFO - File "/home/***/.local/lib/python3.12/site-packages/pyspark/python/lib/py4j-0.10.9.7-src.zip/py4j/java_gateway.py", line 1322, in __call__
[2024-05-15T23:55:25.114+0000] {spark_submit.py:571} INFO - File "/home/***/.local/lib/python3.12/site-packages/pyspark/python/lib/pyspark.zip/pyspark/errors/exceptions/captured.py", line 185, in deco
[2024-05-15T23:55:25.118+0000] {spark_submit.py:571} INFO - pyspark.errors.exceptions.captured.AnalysisException: Failed to find data source: kafka. Please deploy the application as per the deployment section of Structured Streaming + Kafka Integration Guide.
[2024-05-15T23:55:25.121+0000] {spark_submit.py:571} INFO - INFO:py4j.clientserver:Closing down clientserver connection
[2024-05-15T23:55:25.233+0000] {spark_submit.py:571} INFO - 24/05/15 23:55:25 INFO SparkContext: Invoking stop() from shutdown hook
[2024-05-15T23:55:25.233+0000] {spark_submit.py:571} INFO - 24/05/15 23:55:25 INFO SparkContext: SparkContext is stopping with exitCode 0.
[2024-05-15T23:55:25.240+0000] {spark_submit.py:571} INFO - 24/05/15 23:55:25 INFO SparkUI: Stopped Spark web UI at http://fb6491796190:4040
[2024-05-15T23:55:25.243+0000] {spark_submit.py:571} INFO - 24/05/15 23:55:25 INFO StandaloneSchedulerBackend: Shutting down all executors
[2024-05-15T23:55:25.245+0000] {spark_submit.py:571} INFO - 24/05/15 23:55:25 INFO StandaloneSchedulerBackend$StandaloneDriverEndpoint: Asking each executor to shut down
[2024-05-15T23:55:25.257+0000] {spark_submit.py:571} INFO - 24/05/15 23:55:25 INFO MapOutputTrackerMasterEndpoint: MapOutputTrackerMasterEndpoint stopped!
[2024-05-15T23:55:25.290+0000] {spark_submit.py:571} INFO - 24/05/15 23:55:25 INFO MemoryStore: MemoryStore cleared
[2024-05-15T23:55:25.290+0000] {spark_submit.py:571} INFO - 24/05/15 23:55:25 INFO BlockManager: BlockManager stopped
[2024-05-15T23:55:25.293+0000] {spark_submit.py:571} INFO - 24/05/15 23:55:25 INFO BlockManagerMaster: BlockManagerMaster stopped
[2024-05-15T23:55:25.295+0000] {spark_submit.py:571} INFO - 24/05/15 23:55:25 INFO OutputCommitCoordinator$OutputCommitCoordinatorEndpoint: OutputCommitCoordinator stopped!
[2024-05-15T23:55:25.318+0000] {spark_submit.py:571} INFO - 24/05/15 23:55:25 INFO SparkContext: Successfully stopped SparkContext
[2024-05-15T23:55:25.319+0000] {spark_submit.py:571} INFO - 24/05/15 23:55:25 INFO ShutdownHookManager: Shutdown hook called
[2024-05-15T23:55:25.319+0000] {spark_submit.py:571} INFO - 24/05/15 23:55:25 INFO ShutdownHookManager: Deleting directory /tmp/spark-4a846022-24aa-40b0-9147-5c88385ead87/pyspark-b5f52808-aaef-41cc-bc6c-b28a22787e65
[2024-05-15T23:55:25.335+0000] {spark_submit.py:571} INFO - 24/05/15 23:55:25 INFO ShutdownHookManager: Deleting directory /tmp/spark-33055cad-996c-4099-8301-2e81ce018a60
[2024-05-15T23:55:25.343+0000] {spark_submit.py:571} INFO - 24/05/15 23:55:25 INFO ShutdownHookManager: Deleting directory /tmp/spark-4a846022-24aa-40b0-9147-5c88385ead87
[2024-05-15T23:55:25.382+0000] {taskinstance.py:441} INFO - ::group::Post task execution logs
[2024-05-15T23:55:25.421+0000] {taskinstance.py:2905} ERROR - Task failed with exception
Traceback (most recent call last):
  File "/home/airflow/.local/lib/python3.12/site-packages/airflow/models/taskinstance.py", line 465, in _execute_task
    result = _execute_callable(context=context, **execute_callable_kwargs)
             ^^^^^^^^^^^^^^^^^^^^^^^^^^^^^^^^^^^^^^^^^^^^^^^^^^^^^^^^^^^^^
  File "/home/airflow/.local/lib/python3.12/site-packages/airflow/models/taskinstance.py", line 432, in _execute_callable
    return execute_callable(context=context, **execute_callable_kwargs)
           ^^^^^^^^^^^^^^^^^^^^^^^^^^^^^^^^^^^^^^^^^^^^^^^^^^^^^^^^^^^^
  File "/home/airflow/.local/lib/python3.12/site-packages/airflow/models/baseoperator.py", line 400, in wrapper
    return func(self, *args, **kwargs)
           ^^^^^^^^^^^^^^^^^^^^^^^^^^^
  File "/home/airflow/.local/lib/python3.12/site-packages/airflow/providers/apache/spark/operators/spark_submit.py", line 174, in execute
    self._hook.submit(self.application)
  File "/home/airflow/.local/lib/python3.12/site-packages/airflow/providers/apache/spark/hooks/spark_submit.py", line 502, in submit
    raise AirflowException(
airflow.exceptions.AirflowException: Cannot execute: spark-submit --master spark://spark-master:7077 --num-executors 1 --total-executor-cores 1 --executor-cores 1 --executor-memory 2g --driver-memory 2g --name arrow-spark --deploy-mode client dags/includes/jobs/spark_consumer.py. Error code is: 1.
[2024-05-15T23:55:25.430+0000] {taskinstance.py:1206} INFO - Marking task as UP_FOR_RETRY. dag_id=Webscrape, task_id=Process_Send_Data, run_id=manual__2024-05-15T23:53:06.439912+00:00, execution_date=20240515T235306, start_date=20240515T235516, end_date=20240515T235525
[2024-05-15T23:55:25.445+0000] {standard_task_runner.py:110} ERROR - Failed to execute job 162 for task Process_Send_Data (Cannot execute: spark-submit --master spark://spark-master:7077 --num-executors 1 --total-executor-cores 1 --executor-cores 1 --executor-memory 2g --driver-memory 2g --name arrow-spark --deploy-mode client dags/includes/jobs/spark_consumer.py. Error code is: 1.; 3195)
[2024-05-15T23:55:25.489+0000] {local_task_job_runner.py:240} INFO - Task exited with return code 1
[2024-05-15T23:55:25.515+0000] {taskinstance.py:3498} INFO - 0 downstream tasks scheduled from follow-on schedule check
[2024-05-15T23:55:25.518+0000] {local_task_job_runner.py:222} INFO - ::endgroup::
