[2024-05-16T00:02:54.092+0000] {local_task_job_runner.py:120} INFO - ::group::Pre task execution logs
[2024-05-16T00:02:54.136+0000] {taskinstance.py:2076} INFO - Dependencies all met for dep_context=non-requeueable deps ti=<TaskInstance: Webscrape.Process_Send_Data manual__2024-05-15T23:53:06.439912+00:00 [queued]>
[2024-05-16T00:02:54.161+0000] {taskinstance.py:2076} INFO - Dependencies all met for dep_context=requeueable deps ti=<TaskInstance: Webscrape.Process_Send_Data manual__2024-05-15T23:53:06.439912+00:00 [queued]>
[2024-05-16T00:02:54.165+0000] {taskinstance.py:2306} INFO - Starting attempt 5 of 6
[2024-05-16T00:02:54.184+0000] {taskinstance.py:2330} INFO - Executing <Task(SparkSubmitOperator): Process_Send_Data> on 2024-05-15 23:53:06.439912+00:00
[2024-05-16T00:02:54.217+0000] {logging_mixin.py:188} WARNING - /home/***/.local/lib/python3.12/site-packages/***/task/task_runner/standard_task_runner.py:61 DeprecationWarning: This process (pid=168) is multi-threaded, use of fork() may lead to deadlocks in the child.
[2024-05-16T00:02:54.205+0000] {standard_task_runner.py:90} INFO - Running: ['***', 'tasks', 'run', 'Webscrape', 'Process_Send_Data', 'manual__2024-05-15T23:53:06.439912+00:00', '--job-id', '167', '--raw', '--subdir', 'DAGS_FOLDER/webscrapping.py', '--cfg-path', '/tmp/tmpqncqha9_']
[2024-05-16T00:02:54.219+0000] {standard_task_runner.py:63} INFO - Started process 172 to run task
[2024-05-16T00:02:54.220+0000] {standard_task_runner.py:91} INFO - Job 167: Subtask Process_Send_Data
[2024-05-16T00:02:54.269+0000] {task_command.py:426} INFO - Running <TaskInstance: Webscrape.Process_Send_Data manual__2024-05-15T23:53:06.439912+00:00 [running]> on host 1def91e7b936
[2024-05-16T00:02:54.382+0000] {taskinstance.py:2648} INFO - Exporting env vars: AIRFLOW_CTX_DAG_OWNER='svc' AIRFLOW_CTX_DAG_ID='Webscrape' AIRFLOW_CTX_TASK_ID='Process_Send_Data' AIRFLOW_CTX_EXECUTION_DATE='2024-05-15T23:53:06.439912+00:00' AIRFLOW_CTX_TRY_NUMBER='5' AIRFLOW_CTX_DAG_RUN_ID='manual__2024-05-15T23:53:06.439912+00:00'
[2024-05-16T00:02:54.385+0000] {taskinstance.py:430} INFO - ::endgroup::
[2024-05-16T00:02:54.431+0000] {base.py:84} INFO - Using connection ID 'spark_default' for task execution.
[2024-05-16T00:02:54.434+0000] {spark_submit.py:401} INFO - Spark-Submit cmd: spark-submit --master spark://spark-master:7077 --num-executors 1 --total-executor-cores 1 --executor-cores 1 --executor-memory 2g --driver-memory 2g --name arrow-spark --deploy-mode client dags/includes/jobs/spark_consumer.py
[2024-05-16T00:03:02.895+0000] {spark_submit.py:571} INFO - 24/05/16 00:03:02 INFO SparkContext: Running Spark version 3.5.1
[2024-05-16T00:03:02.969+0000] {spark_submit.py:571} INFO - 24/05/16 00:03:02 INFO SparkContext: OS info Linux, 6.6.26-linuxkit, aarch64
[2024-05-16T00:03:02.977+0000] {spark_submit.py:571} INFO - 24/05/16 00:03:02 INFO SparkContext: Java version 17.0.11
[2024-05-16T00:03:03.027+0000] {spark_submit.py:571} INFO - 24/05/16 00:03:03 WARN NativeCodeLoader: Unable to load native-hadoop library for your platform... using builtin-java classes where applicable
[2024-05-16T00:03:03.270+0000] {spark_submit.py:571} INFO - 24/05/16 00:03:03 INFO ResourceUtils: ==============================================================
[2024-05-16T00:03:03.275+0000] {spark_submit.py:571} INFO - 24/05/16 00:03:03 INFO ResourceUtils: No custom resources configured for spark.driver.
[2024-05-16T00:03:03.277+0000] {spark_submit.py:571} INFO - 24/05/16 00:03:03 INFO ResourceUtils: ==============================================================
[2024-05-16T00:03:03.280+0000] {spark_submit.py:571} INFO - 24/05/16 00:03:03 INFO SparkContext: Submitted application: Redfin_Properties_Consumer
[2024-05-16T00:03:03.336+0000] {spark_submit.py:571} INFO - 24/05/16 00:03:03 INFO ResourceProfile: Default ResourceProfile created, executor resources: Map(cores -> name: cores, amount: 1, script: , vendor: , memory -> name: memory, amount: 2048, script: , vendor: , offHeap -> name: offHeap, amount: 0, script: , vendor: ), task resources: Map(cpus -> name: cpus, amount: 1.0)
[2024-05-16T00:03:03.358+0000] {spark_submit.py:571} INFO - 24/05/16 00:03:03 INFO ResourceProfile: Limiting resource is cpus at 1 tasks per executor
[2024-05-16T00:03:03.363+0000] {spark_submit.py:571} INFO - 24/05/16 00:03:03 INFO ResourceProfileManager: Added ResourceProfile id: 0
[2024-05-16T00:03:03.485+0000] {spark_submit.py:571} INFO - 24/05/16 00:03:03 INFO SecurityManager: Changing view acls to: ***
[2024-05-16T00:03:03.490+0000] {spark_submit.py:571} INFO - 24/05/16 00:03:03 INFO SecurityManager: Changing modify acls to: ***
[2024-05-16T00:03:03.493+0000] {spark_submit.py:571} INFO - 24/05/16 00:03:03 INFO SecurityManager: Changing view acls groups to:
[2024-05-16T00:03:03.498+0000] {spark_submit.py:571} INFO - 24/05/16 00:03:03 INFO SecurityManager: Changing modify acls groups to:
[2024-05-16T00:03:03.499+0000] {spark_submit.py:571} INFO - 24/05/16 00:03:03 INFO SecurityManager: SecurityManager: authentication disabled; ui acls disabled; users with view permissions: ***; groups with view permissions: EMPTY; users with modify permissions: ***; groups with modify permissions: EMPTY
[2024-05-16T00:03:03.915+0000] {spark_submit.py:571} INFO - 24/05/16 00:03:03 INFO Utils: Successfully started service 'sparkDriver' on port 35255.
[2024-05-16T00:03:03.968+0000] {spark_submit.py:571} INFO - 24/05/16 00:03:03 INFO SparkEnv: Registering MapOutputTracker
[2024-05-16T00:03:04.010+0000] {spark_submit.py:571} INFO - 24/05/16 00:03:04 INFO SparkEnv: Registering BlockManagerMaster
[2024-05-16T00:03:04.026+0000] {spark_submit.py:571} INFO - 24/05/16 00:03:04 INFO BlockManagerMasterEndpoint: Using org.apache.spark.storage.DefaultTopologyMapper for getting topology information
[2024-05-16T00:03:04.026+0000] {spark_submit.py:571} INFO - 24/05/16 00:03:04 INFO BlockManagerMasterEndpoint: BlockManagerMasterEndpoint up
[2024-05-16T00:03:04.030+0000] {spark_submit.py:571} INFO - 24/05/16 00:03:04 INFO SparkEnv: Registering BlockManagerMasterHeartbeat
[2024-05-16T00:03:04.070+0000] {spark_submit.py:571} INFO - 24/05/16 00:03:04 INFO DiskBlockManager: Created local directory at /tmp/blockmgr-46ea02c6-04d5-4eac-ae23-27050aa36339
[2024-05-16T00:03:04.088+0000] {spark_submit.py:571} INFO - 24/05/16 00:03:04 INFO MemoryStore: MemoryStore started with capacity 1048.8 MiB
[2024-05-16T00:03:04.126+0000] {spark_submit.py:571} INFO - 24/05/16 00:03:04 INFO SparkEnv: Registering OutputCommitCoordinator
[2024-05-16T00:03:04.320+0000] {spark_submit.py:571} INFO - 24/05/16 00:03:04 INFO JettyUtils: Start Jetty 0.0.0.0:4040 for SparkUI
[2024-05-16T00:03:04.422+0000] {spark_submit.py:571} INFO - 24/05/16 00:03:04 INFO Utils: Successfully started service 'SparkUI' on port 4040.
[2024-05-16T00:03:04.758+0000] {spark_submit.py:571} INFO - 24/05/16 00:03:04 INFO StandaloneAppClient$ClientEndpoint: Connecting to master spark://spark-master:7077...
[2024-05-16T00:03:04.884+0000] {spark_submit.py:571} INFO - 24/05/16 00:03:04 INFO TransportClientFactory: Successfully created connection to spark-master/192.168.16.4:7077 after 38 ms (0 ms spent in bootstraps)
[2024-05-16T00:03:06.116+0000] {spark_submit.py:571} INFO - 24/05/16 00:03:06 INFO StandaloneSchedulerBackend: Connected to Spark cluster with app ID app-20240516000305-0000
[2024-05-16T00:03:06.157+0000] {spark_submit.py:571} INFO - 24/05/16 00:03:06 INFO Utils: Successfully started service 'org.apache.spark.network.netty.NettyBlockTransferService' on port 41979.
[2024-05-16T00:03:06.159+0000] {spark_submit.py:571} INFO - 24/05/16 00:03:06 INFO NettyBlockTransferService: Server created on 1def91e7b936:41979
[2024-05-16T00:03:06.162+0000] {spark_submit.py:571} INFO - 24/05/16 00:03:06 INFO BlockManager: Using org.apache.spark.storage.RandomBlockReplicationPolicy for block replication policy
[2024-05-16T00:03:06.176+0000] {spark_submit.py:571} INFO - 24/05/16 00:03:06 INFO BlockManagerMaster: Registering BlockManager BlockManagerId(driver, 1def91e7b936, 41979, None)
[2024-05-16T00:03:06.185+0000] {spark_submit.py:571} INFO - 24/05/16 00:03:06 INFO BlockManagerMasterEndpoint: Registering block manager 1def91e7b936:41979 with 1048.8 MiB RAM, BlockManagerId(driver, 1def91e7b936, 41979, None)
[2024-05-16T00:03:06.193+0000] {spark_submit.py:571} INFO - 24/05/16 00:03:06 INFO BlockManagerMaster: Registered BlockManager BlockManagerId(driver, 1def91e7b936, 41979, None)
[2024-05-16T00:03:06.198+0000] {spark_submit.py:571} INFO - 24/05/16 00:03:06 INFO BlockManager: Initialized BlockManager: BlockManagerId(driver, 1def91e7b936, 41979, None)
[2024-05-16T00:03:06.885+0000] {spark_submit.py:571} INFO - 24/05/16 00:03:06 INFO StandaloneSchedulerBackend: SchedulerBackend is ready for scheduling beginning after reached minRegisteredResourcesRatio: 0.0
[2024-05-16T00:03:07.691+0000] {spark_submit.py:571} INFO - 24/05/16 00:03:07 INFO SharedState: Setting hive.metastore.warehouse.dir ('null') to the value of spark.sql.warehouse.dir.
[2024-05-16T00:03:07.733+0000] {spark_submit.py:571} INFO - 24/05/16 00:03:07 INFO SharedState: Warehouse path is 'file:/opt/***/spark-warehouse'.
[2024-05-16T00:03:10.548+0000] {spark_submit.py:571} INFO - Traceback (most recent call last):
[2024-05-16T00:03:10.552+0000] {spark_submit.py:571} INFO - File "/opt/***/dags/includes/jobs/spark_consumer.py", line 76, in <module>
[2024-05-16T00:03:10.560+0000] {spark_submit.py:571} INFO - .load())
[2024-05-16T00:03:10.565+0000] {spark_submit.py:571} INFO - ^^^^^^
[2024-05-16T00:03:10.566+0000] {spark_submit.py:571} INFO - File "/home/***/.local/lib/python3.12/site-packages/pyspark/python/lib/pyspark.zip/pyspark/sql/streaming/readwriter.py", line 304, in load
[2024-05-16T00:03:10.566+0000] {spark_submit.py:571} INFO - File "/home/***/.local/lib/python3.12/site-packages/pyspark/python/lib/py4j-0.10.9.7-src.zip/py4j/java_gateway.py", line 1322, in __call__
[2024-05-16T00:03:10.569+0000] {spark_submit.py:571} INFO - File "/home/***/.local/lib/python3.12/site-packages/pyspark/python/lib/pyspark.zip/pyspark/errors/exceptions/captured.py", line 185, in deco
[2024-05-16T00:03:10.587+0000] {spark_submit.py:571} INFO - pyspark.errors.exceptions.captured.AnalysisException: Failed to find data source: kafka. Please deploy the application as per the deployment section of Structured Streaming + Kafka Integration Guide.
[2024-05-16T00:03:10.601+0000] {spark_submit.py:571} INFO - INFO:py4j.clientserver:Closing down clientserver connection
[2024-05-16T00:03:10.960+0000] {spark_submit.py:571} INFO - 24/05/16 00:03:10 INFO SparkContext: Invoking stop() from shutdown hook
[2024-05-16T00:03:11.053+0000] {spark_submit.py:571} INFO - 24/05/16 00:03:10 INFO SparkContext: SparkContext is stopping with exitCode 0.
[2024-05-16T00:03:11.060+0000] {spark_submit.py:571} INFO - 24/05/16 00:03:10 INFO SparkUI: Stopped Spark web UI at http://1def91e7b936:4040
[2024-05-16T00:03:11.061+0000] {spark_submit.py:571} INFO - 24/05/16 00:03:10 INFO StandaloneSchedulerBackend: Shutting down all executors
[2024-05-16T00:03:11.063+0000] {spark_submit.py:571} INFO - 24/05/16 00:03:10 INFO StandaloneSchedulerBackend$StandaloneDriverEndpoint: Asking each executor to shut down
[2024-05-16T00:03:11.067+0000] {spark_submit.py:571} INFO - 24/05/16 00:03:11 INFO MapOutputTrackerMasterEndpoint: MapOutputTrackerMasterEndpoint stopped!
[2024-05-16T00:03:11.068+0000] {spark_submit.py:571} INFO - 24/05/16 00:03:11 INFO MemoryStore: MemoryStore cleared
[2024-05-16T00:03:11.069+0000] {spark_submit.py:571} INFO - 24/05/16 00:03:11 INFO BlockManager: BlockManager stopped
[2024-05-16T00:03:11.070+0000] {spark_submit.py:571} INFO - 24/05/16 00:03:11 INFO BlockManagerMaster: BlockManagerMaster stopped
[2024-05-16T00:03:11.077+0000] {spark_submit.py:571} INFO - 24/05/16 00:03:11 INFO OutputCommitCoordinator$OutputCommitCoordinatorEndpoint: OutputCommitCoordinator stopped!
[2024-05-16T00:03:11.126+0000] {spark_submit.py:571} INFO - 24/05/16 00:03:11 INFO SparkContext: Successfully stopped SparkContext
[2024-05-16T00:03:11.127+0000] {spark_submit.py:571} INFO - 24/05/16 00:03:11 INFO ShutdownHookManager: Shutdown hook called
[2024-05-16T00:03:11.128+0000] {spark_submit.py:571} INFO - 24/05/16 00:03:11 INFO ShutdownHookManager: Deleting directory /tmp/spark-2acf507c-750b-483c-898a-d0a1efd014a0
[2024-05-16T00:03:11.134+0000] {spark_submit.py:571} INFO - 24/05/16 00:03:11 INFO ShutdownHookManager: Deleting directory /tmp/spark-a98b9b04-68f7-4048-8712-9bd4fe8ae51e/pyspark-e715b0ba-a080-48a2-a9b8-12fbf80cd057
[2024-05-16T00:03:11.144+0000] {spark_submit.py:571} INFO - 24/05/16 00:03:11 INFO ShutdownHookManager: Deleting directory /tmp/spark-a98b9b04-68f7-4048-8712-9bd4fe8ae51e
[2024-05-16T00:03:11.258+0000] {taskinstance.py:441} INFO - ::group::Post task execution logs
[2024-05-16T00:03:11.477+0000] {taskinstance.py:2905} ERROR - Task failed with exception
Traceback (most recent call last):
  File "/home/airflow/.local/lib/python3.12/site-packages/airflow/models/taskinstance.py", line 465, in _execute_task
    result = _execute_callable(context=context, **execute_callable_kwargs)
             ^^^^^^^^^^^^^^^^^^^^^^^^^^^^^^^^^^^^^^^^^^^^^^^^^^^^^^^^^^^^^
  File "/home/airflow/.local/lib/python3.12/site-packages/airflow/models/taskinstance.py", line 432, in _execute_callable
    return execute_callable(context=context, **execute_callable_kwargs)
           ^^^^^^^^^^^^^^^^^^^^^^^^^^^^^^^^^^^^^^^^^^^^^^^^^^^^^^^^^^^^
  File "/home/airflow/.local/lib/python3.12/site-packages/airflow/models/baseoperator.py", line 400, in wrapper
    return func(self, *args, **kwargs)
           ^^^^^^^^^^^^^^^^^^^^^^^^^^^
  File "/home/airflow/.local/lib/python3.12/site-packages/airflow/providers/apache/spark/operators/spark_submit.py", line 174, in execute
    self._hook.submit(self.application)
  File "/home/airflow/.local/lib/python3.12/site-packages/airflow/providers/apache/spark/hooks/spark_submit.py", line 502, in submit
    raise AirflowException(
airflow.exceptions.AirflowException: Cannot execute: spark-submit --master spark://spark-master:7077 --num-executors 1 --total-executor-cores 1 --executor-cores 1 --executor-memory 2g --driver-memory 2g --name arrow-spark --deploy-mode client dags/includes/jobs/spark_consumer.py. Error code is: 1.
[2024-05-16T00:03:11.566+0000] {taskinstance.py:1206} INFO - Marking task as UP_FOR_RETRY. dag_id=Webscrape, task_id=Process_Send_Data, run_id=manual__2024-05-15T23:53:06.439912+00:00, execution_date=20240515T235306, start_date=20240516T000254, end_date=20240516T000311
[2024-05-16T00:03:11.725+0000] {standard_task_runner.py:110} ERROR - Failed to execute job 167 for task Process_Send_Data (Cannot execute: spark-submit --master spark://spark-master:7077 --num-executors 1 --total-executor-cores 1 --executor-cores 1 --executor-memory 2g --driver-memory 2g --name arrow-spark --deploy-mode client dags/includes/jobs/spark_consumer.py. Error code is: 1.; 172)
[2024-05-16T00:03:11.846+0000] {local_task_job_runner.py:240} INFO - Task exited with return code 1
[2024-05-16T00:03:11.966+0000] {taskinstance.py:3498} INFO - 0 downstream tasks scheduled from follow-on schedule check
[2024-05-16T00:03:11.968+0000] {local_task_job_runner.py:222} INFO - ::endgroup::
