[2024-05-15T23:59:33.489+0000] {local_task_job_runner.py:120} INFO - ::group::Pre task execution logs
[2024-05-15T23:59:33.512+0000] {taskinstance.py:2076} INFO - Dependencies all met for dep_context=non-requeueable deps ti=<TaskInstance: Webscrape.Process_Send_Data manual__2024-05-15T23:53:06.439912+00:00 [queued]>
[2024-05-15T23:59:33.516+0000] {taskinstance.py:2076} INFO - Dependencies all met for dep_context=requeueable deps ti=<TaskInstance: Webscrape.Process_Send_Data manual__2024-05-15T23:53:06.439912+00:00 [queued]>
[2024-05-15T23:59:33.516+0000] {taskinstance.py:2306} INFO - Starting attempt 4 of 6
[2024-05-15T23:59:33.522+0000] {taskinstance.py:2330} INFO - Executing <Task(SparkSubmitOperator): Process_Send_Data> on 2024-05-15 23:53:06.439912+00:00
[2024-05-15T23:59:33.530+0000] {logging_mixin.py:188} WARNING - /home/***/.local/lib/python3.12/site-packages/***/task/task_runner/standard_task_runner.py:61 DeprecationWarning: This process (pid=3557) is multi-threaded, use of fork() may lead to deadlocks in the child.
[2024-05-15T23:59:33.527+0000] {standard_task_runner.py:90} INFO - Running: ['***', 'tasks', 'run', 'Webscrape', 'Process_Send_Data', 'manual__2024-05-15T23:53:06.439912+00:00', '--job-id', '164', '--raw', '--subdir', 'DAGS_FOLDER/webscrapping.py', '--cfg-path', '/tmp/tmpp88vutc4']
[2024-05-15T23:59:33.531+0000] {standard_task_runner.py:63} INFO - Started process 3558 to run task
[2024-05-15T23:59:33.532+0000] {standard_task_runner.py:91} INFO - Job 164: Subtask Process_Send_Data
[2024-05-15T23:59:33.562+0000] {task_command.py:426} INFO - Running <TaskInstance: Webscrape.Process_Send_Data manual__2024-05-15T23:53:06.439912+00:00 [running]> on host fb6491796190
[2024-05-15T23:59:33.628+0000] {taskinstance.py:2648} INFO - Exporting env vars: AIRFLOW_CTX_DAG_OWNER='svc' AIRFLOW_CTX_DAG_ID='Webscrape' AIRFLOW_CTX_TASK_ID='Process_Send_Data' AIRFLOW_CTX_EXECUTION_DATE='2024-05-15T23:53:06.439912+00:00' AIRFLOW_CTX_TRY_NUMBER='4' AIRFLOW_CTX_DAG_RUN_ID='manual__2024-05-15T23:53:06.439912+00:00'
[2024-05-15T23:59:33.629+0000] {taskinstance.py:430} INFO - ::endgroup::
[2024-05-15T23:59:33.641+0000] {base.py:84} INFO - Using connection ID 'spark_default' for task execution.
[2024-05-15T23:59:33.642+0000] {spark_submit.py:401} INFO - Spark-Submit cmd: spark-submit --master spark://spark-master:7077 --num-executors 1 --total-executor-cores 1 --executor-cores 1 --executor-memory 2g --driver-memory 2g --name arrow-spark --deploy-mode client dags/includes/jobs/spark_consumer.py
[2024-05-15T23:59:35.646+0000] {spark_submit.py:571} INFO - 24/05/15 23:59:35 INFO SparkContext: Running Spark version 3.5.1
[2024-05-15T23:59:35.648+0000] {spark_submit.py:571} INFO - 24/05/15 23:59:35 INFO SparkContext: OS info Linux, 6.6.26-linuxkit, aarch64
[2024-05-15T23:59:35.648+0000] {spark_submit.py:571} INFO - 24/05/15 23:59:35 INFO SparkContext: Java version 17.0.11
[2024-05-15T23:59:35.713+0000] {spark_submit.py:571} INFO - 24/05/15 23:59:35 WARN NativeCodeLoader: Unable to load native-hadoop library for your platform... using builtin-java classes where applicable
[2024-05-15T23:59:35.763+0000] {spark_submit.py:571} INFO - 24/05/15 23:59:35 INFO ResourceUtils: ==============================================================
[2024-05-15T23:59:35.764+0000] {spark_submit.py:571} INFO - 24/05/15 23:59:35 INFO ResourceUtils: No custom resources configured for spark.driver.
[2024-05-15T23:59:35.765+0000] {spark_submit.py:571} INFO - 24/05/15 23:59:35 INFO ResourceUtils: ==============================================================
[2024-05-15T23:59:35.765+0000] {spark_submit.py:571} INFO - 24/05/15 23:59:35 INFO SparkContext: Submitted application: Redfin_Properties_Consumer
[2024-05-15T23:59:35.775+0000] {spark_submit.py:571} INFO - 24/05/15 23:59:35 INFO ResourceProfile: Default ResourceProfile created, executor resources: Map(cores -> name: cores, amount: 1, script: , vendor: , memory -> name: memory, amount: 2048, script: , vendor: , offHeap -> name: offHeap, amount: 0, script: , vendor: ), task resources: Map(cpus -> name: cpus, amount: 1.0)
[2024-05-15T23:59:35.780+0000] {spark_submit.py:571} INFO - 24/05/15 23:59:35 INFO ResourceProfile: Limiting resource is cpus at 1 tasks per executor
[2024-05-15T23:59:35.781+0000] {spark_submit.py:571} INFO - 24/05/15 23:59:35 INFO ResourceProfileManager: Added ResourceProfile id: 0
[2024-05-15T23:59:35.806+0000] {spark_submit.py:571} INFO - 24/05/15 23:59:35 INFO SecurityManager: Changing view acls to: ***
[2024-05-15T23:59:35.807+0000] {spark_submit.py:571} INFO - 24/05/15 23:59:35 INFO SecurityManager: Changing modify acls to: ***
[2024-05-15T23:59:35.807+0000] {spark_submit.py:571} INFO - 24/05/15 23:59:35 INFO SecurityManager: Changing view acls groups to:
[2024-05-15T23:59:35.807+0000] {spark_submit.py:571} INFO - 24/05/15 23:59:35 INFO SecurityManager: Changing modify acls groups to:
[2024-05-15T23:59:35.808+0000] {spark_submit.py:571} INFO - 24/05/15 23:59:35 INFO SecurityManager: SecurityManager: authentication disabled; ui acls disabled; users with view permissions: ***; groups with view permissions: EMPTY; users with modify permissions: ***; groups with modify permissions: EMPTY
[2024-05-15T23:59:35.918+0000] {spark_submit.py:571} INFO - 24/05/15 23:59:35 INFO Utils: Successfully started service 'sparkDriver' on port 33583.
[2024-05-15T23:59:35.933+0000] {spark_submit.py:571} INFO - 24/05/15 23:59:35 INFO SparkEnv: Registering MapOutputTracker
[2024-05-15T23:59:35.953+0000] {spark_submit.py:571} INFO - 24/05/15 23:59:35 INFO SparkEnv: Registering BlockManagerMaster
[2024-05-15T23:59:35.962+0000] {spark_submit.py:571} INFO - 24/05/15 23:59:35 INFO BlockManagerMasterEndpoint: Using org.apache.spark.storage.DefaultTopologyMapper for getting topology information
[2024-05-15T23:59:35.962+0000] {spark_submit.py:571} INFO - 24/05/15 23:59:35 INFO BlockManagerMasterEndpoint: BlockManagerMasterEndpoint up
[2024-05-15T23:59:35.964+0000] {spark_submit.py:571} INFO - 24/05/15 23:59:35 INFO SparkEnv: Registering BlockManagerMasterHeartbeat
[2024-05-15T23:59:35.975+0000] {spark_submit.py:571} INFO - 24/05/15 23:59:35 INFO DiskBlockManager: Created local directory at /tmp/blockmgr-92a996f6-3547-45e6-9d66-0adf045469ee
[2024-05-15T23:59:35.992+0000] {spark_submit.py:571} INFO - 24/05/15 23:59:35 INFO MemoryStore: MemoryStore started with capacity 1048.8 MiB
[2024-05-15T23:59:36.006+0000] {spark_submit.py:571} INFO - 24/05/15 23:59:36 INFO SparkEnv: Registering OutputCommitCoordinator
[2024-05-15T23:59:36.091+0000] {spark_submit.py:571} INFO - 24/05/15 23:59:36 INFO JettyUtils: Start Jetty 0.0.0.0:4040 for SparkUI
[2024-05-15T23:59:36.120+0000] {spark_submit.py:571} INFO - 24/05/15 23:59:36 INFO Utils: Successfully started service 'SparkUI' on port 4040.
[2024-05-15T23:59:36.202+0000] {spark_submit.py:571} INFO - 24/05/15 23:59:36 INFO StandaloneAppClient$ClientEndpoint: Connecting to master spark://spark-master:7077...
[2024-05-15T23:59:36.226+0000] {spark_submit.py:571} INFO - 24/05/15 23:59:36 INFO TransportClientFactory: Successfully created connection to spark-master/172.30.0.2:7077 after 11 ms (0 ms spent in bootstraps)
[2024-05-15T23:59:36.324+0000] {spark_submit.py:571} INFO - 24/05/15 23:59:36 INFO StandaloneSchedulerBackend: Connected to Spark cluster with app ID app-20240515235936-0014
[2024-05-15T23:59:36.329+0000] {spark_submit.py:571} INFO - 24/05/15 23:59:36 INFO Utils: Successfully started service 'org.apache.spark.network.netty.NettyBlockTransferService' on port 35577.
[2024-05-15T23:59:36.329+0000] {spark_submit.py:571} INFO - 24/05/15 23:59:36 INFO NettyBlockTransferService: Server created on fb6491796190:35577
[2024-05-15T23:59:36.330+0000] {spark_submit.py:571} INFO - 24/05/15 23:59:36 INFO BlockManager: Using org.apache.spark.storage.RandomBlockReplicationPolicy for block replication policy
[2024-05-15T23:59:36.333+0000] {spark_submit.py:571} INFO - 24/05/15 23:59:36 INFO BlockManagerMaster: Registering BlockManager BlockManagerId(driver, fb6491796190, 35577, None)
[2024-05-15T23:59:36.334+0000] {spark_submit.py:571} INFO - 24/05/15 23:59:36 INFO BlockManagerMasterEndpoint: Registering block manager fb6491796190:35577 with 1048.8 MiB RAM, BlockManagerId(driver, fb6491796190, 35577, None)
[2024-05-15T23:59:36.335+0000] {spark_submit.py:571} INFO - 24/05/15 23:59:36 INFO BlockManagerMaster: Registered BlockManager BlockManagerId(driver, fb6491796190, 35577, None)
[2024-05-15T23:59:36.336+0000] {spark_submit.py:571} INFO - 24/05/15 23:59:36 INFO BlockManager: Initialized BlockManager: BlockManagerId(driver, fb6491796190, 35577, None)
[2024-05-15T23:59:36.437+0000] {spark_submit.py:571} INFO - 24/05/15 23:59:36 INFO StandaloneSchedulerBackend: SchedulerBackend is ready for scheduling beginning after reached minRegisteredResourcesRatio: 0.0
[2024-05-15T23:59:36.578+0000] {spark_submit.py:571} INFO - 24/05/15 23:59:36 INFO SharedState: Setting hive.metastore.warehouse.dir ('null') to the value of spark.sql.warehouse.dir.
[2024-05-15T23:59:36.582+0000] {spark_submit.py:571} INFO - 24/05/15 23:59:36 INFO SharedState: Warehouse path is 'file:/opt/***/spark-warehouse'.
[2024-05-15T23:59:37.250+0000] {spark_submit.py:571} INFO - Traceback (most recent call last):
[2024-05-15T23:59:37.251+0000] {spark_submit.py:571} INFO - File "/opt/***/dags/includes/jobs/spark_consumer.py", line 76, in <module>
[2024-05-15T23:59:37.252+0000] {spark_submit.py:571} INFO - .load())
[2024-05-15T23:59:37.252+0000] {spark_submit.py:571} INFO - ^^^^^^
[2024-05-15T23:59:37.252+0000] {spark_submit.py:571} INFO - File "/home/***/.local/lib/python3.12/site-packages/pyspark/python/lib/pyspark.zip/pyspark/sql/streaming/readwriter.py", line 304, in load
[2024-05-15T23:59:37.252+0000] {spark_submit.py:571} INFO - File "/home/***/.local/lib/python3.12/site-packages/pyspark/python/lib/py4j-0.10.9.7-src.zip/py4j/java_gateway.py", line 1322, in __call__
[2024-05-15T23:59:37.252+0000] {spark_submit.py:571} INFO - File "/home/***/.local/lib/python3.12/site-packages/pyspark/python/lib/pyspark.zip/pyspark/errors/exceptions/captured.py", line 185, in deco
[2024-05-15T23:59:37.256+0000] {spark_submit.py:571} INFO - pyspark.errors.exceptions.captured.AnalysisException: Failed to find data source: kafka. Please deploy the application as per the deployment section of Structured Streaming + Kafka Integration Guide.
[2024-05-15T23:59:37.257+0000] {spark_submit.py:571} INFO - INFO:py4j.clientserver:Closing down clientserver connection
[2024-05-15T23:59:37.341+0000] {spark_submit.py:571} INFO - 24/05/15 23:59:37 INFO SparkContext: Invoking stop() from shutdown hook
[2024-05-15T23:59:37.342+0000] {spark_submit.py:571} INFO - 24/05/15 23:59:37 INFO SparkContext: SparkContext is stopping with exitCode 0.
[2024-05-15T23:59:37.350+0000] {spark_submit.py:571} INFO - 24/05/15 23:59:37 INFO SparkUI: Stopped Spark web UI at http://fb6491796190:4040
[2024-05-15T23:59:37.352+0000] {spark_submit.py:571} INFO - 24/05/15 23:59:37 INFO StandaloneSchedulerBackend: Shutting down all executors
[2024-05-15T23:59:37.354+0000] {spark_submit.py:571} INFO - 24/05/15 23:59:37 INFO StandaloneSchedulerBackend$StandaloneDriverEndpoint: Asking each executor to shut down
[2024-05-15T23:59:37.362+0000] {spark_submit.py:571} INFO - 24/05/15 23:59:37 INFO MapOutputTrackerMasterEndpoint: MapOutputTrackerMasterEndpoint stopped!
[2024-05-15T23:59:37.378+0000] {spark_submit.py:571} INFO - 24/05/15 23:59:37 INFO MemoryStore: MemoryStore cleared
[2024-05-15T23:59:37.381+0000] {spark_submit.py:571} INFO - 24/05/15 23:59:37 INFO BlockManager: BlockManager stopped
[2024-05-15T23:59:37.381+0000] {spark_submit.py:571} INFO - 24/05/15 23:59:37 INFO BlockManagerMaster: BlockManagerMaster stopped
[2024-05-15T23:59:37.382+0000] {spark_submit.py:571} INFO - 24/05/15 23:59:37 INFO OutputCommitCoordinator$OutputCommitCoordinatorEndpoint: OutputCommitCoordinator stopped!
[2024-05-15T23:59:37.391+0000] {spark_submit.py:571} INFO - 24/05/15 23:59:37 INFO SparkContext: Successfully stopped SparkContext
[2024-05-15T23:59:37.392+0000] {spark_submit.py:571} INFO - 24/05/15 23:59:37 INFO ShutdownHookManager: Shutdown hook called
[2024-05-15T23:59:37.392+0000] {spark_submit.py:571} INFO - 24/05/15 23:59:37 INFO ShutdownHookManager: Deleting directory /tmp/spark-192d9f5c-00a0-4c01-8120-6714af0cb3f8
[2024-05-15T23:59:37.397+0000] {spark_submit.py:571} INFO - 24/05/15 23:59:37 INFO ShutdownHookManager: Deleting directory /tmp/spark-56694263-88c1-4534-9ba0-d1d41810db2b/pyspark-c924d814-f1ac-4e9a-8476-1d2348ba9f18
[2024-05-15T23:59:37.401+0000] {spark_submit.py:571} INFO - 24/05/15 23:59:37 INFO ShutdownHookManager: Deleting directory /tmp/spark-56694263-88c1-4534-9ba0-d1d41810db2b
[2024-05-15T23:59:37.462+0000] {taskinstance.py:441} INFO - ::group::Post task execution logs
[2024-05-15T23:59:37.481+0000] {taskinstance.py:2905} ERROR - Task failed with exception
Traceback (most recent call last):
  File "/home/airflow/.local/lib/python3.12/site-packages/airflow/models/taskinstance.py", line 465, in _execute_task
    result = _execute_callable(context=context, **execute_callable_kwargs)
             ^^^^^^^^^^^^^^^^^^^^^^^^^^^^^^^^^^^^^^^^^^^^^^^^^^^^^^^^^^^^^
  File "/home/airflow/.local/lib/python3.12/site-packages/airflow/models/taskinstance.py", line 432, in _execute_callable
    return execute_callable(context=context, **execute_callable_kwargs)
           ^^^^^^^^^^^^^^^^^^^^^^^^^^^^^^^^^^^^^^^^^^^^^^^^^^^^^^^^^^^^
  File "/home/airflow/.local/lib/python3.12/site-packages/airflow/models/baseoperator.py", line 400, in wrapper
    return func(self, *args, **kwargs)
           ^^^^^^^^^^^^^^^^^^^^^^^^^^^
  File "/home/airflow/.local/lib/python3.12/site-packages/airflow/providers/apache/spark/operators/spark_submit.py", line 174, in execute
    self._hook.submit(self.application)
  File "/home/airflow/.local/lib/python3.12/site-packages/airflow/providers/apache/spark/hooks/spark_submit.py", line 502, in submit
    raise AirflowException(
airflow.exceptions.AirflowException: Cannot execute: spark-submit --master spark://spark-master:7077 --num-executors 1 --total-executor-cores 1 --executor-cores 1 --executor-memory 2g --driver-memory 2g --name arrow-spark --deploy-mode client dags/includes/jobs/spark_consumer.py. Error code is: 1.
[2024-05-15T23:59:37.487+0000] {taskinstance.py:1206} INFO - Marking task as UP_FOR_RETRY. dag_id=Webscrape, task_id=Process_Send_Data, run_id=manual__2024-05-15T23:53:06.439912+00:00, execution_date=20240515T235306, start_date=20240515T235933, end_date=20240515T235937
[2024-05-15T23:59:37.509+0000] {standard_task_runner.py:110} ERROR - Failed to execute job 164 for task Process_Send_Data (Cannot execute: spark-submit --master spark://spark-master:7077 --num-executors 1 --total-executor-cores 1 --executor-cores 1 --executor-memory 2g --driver-memory 2g --name arrow-spark --deploy-mode client dags/includes/jobs/spark_consumer.py. Error code is: 1.; 3558)
[2024-05-15T23:59:37.527+0000] {local_task_job_runner.py:240} INFO - Task exited with return code 1
[2024-05-15T23:59:37.563+0000] {taskinstance.py:3498} INFO - 0 downstream tasks scheduled from follow-on schedule check
[2024-05-15T23:59:37.564+0000] {local_task_job_runner.py:222} INFO - ::endgroup::
