[2024-05-16T00:05:13.234+0000] {local_task_job_runner.py:120} INFO - ::group::Pre task execution logs
[2024-05-16T00:05:13.273+0000] {taskinstance.py:2076} INFO - Dependencies all met for dep_context=non-requeueable deps ti=<TaskInstance: Webscrape.Process_Send_Data manual__2024-05-15T23:53:06.439912+00:00 [queued]>
[2024-05-16T00:05:13.281+0000] {taskinstance.py:2076} INFO - Dependencies all met for dep_context=requeueable deps ti=<TaskInstance: Webscrape.Process_Send_Data manual__2024-05-15T23:53:06.439912+00:00 [queued]>
[2024-05-16T00:05:13.282+0000] {taskinstance.py:2306} INFO - Starting attempt 6 of 6
[2024-05-16T00:05:13.303+0000] {taskinstance.py:2330} INFO - Executing <Task(SparkSubmitOperator): Process_Send_Data> on 2024-05-15 23:53:06.439912+00:00
[2024-05-16T00:05:13.344+0000] {logging_mixin.py:188} WARNING - /home/***/.local/lib/python3.12/site-packages/***/task/task_runner/standard_task_runner.py:61 DeprecationWarning: This process (pid=529) is multi-threaded, use of fork() may lead to deadlocks in the child.
[2024-05-16T00:05:13.327+0000] {standard_task_runner.py:90} INFO - Running: ['***', 'tasks', 'run', 'Webscrape', 'Process_Send_Data', 'manual__2024-05-15T23:53:06.439912+00:00', '--job-id', '169', '--raw', '--subdir', 'DAGS_FOLDER/webscrapping.py', '--cfg-path', '/tmp/tmpctjlg36c']
[2024-05-16T00:05:13.352+0000] {standard_task_runner.py:63} INFO - Started process 532 to run task
[2024-05-16T00:05:13.352+0000] {standard_task_runner.py:91} INFO - Job 169: Subtask Process_Send_Data
[2024-05-16T00:05:13.534+0000] {task_command.py:426} INFO - Running <TaskInstance: Webscrape.Process_Send_Data manual__2024-05-15T23:53:06.439912+00:00 [running]> on host 1def91e7b936
[2024-05-16T00:05:13.673+0000] {taskinstance.py:2648} INFO - Exporting env vars: AIRFLOW_CTX_DAG_OWNER='svc' AIRFLOW_CTX_DAG_ID='Webscrape' AIRFLOW_CTX_TASK_ID='Process_Send_Data' AIRFLOW_CTX_EXECUTION_DATE='2024-05-15T23:53:06.439912+00:00' AIRFLOW_CTX_TRY_NUMBER='6' AIRFLOW_CTX_DAG_RUN_ID='manual__2024-05-15T23:53:06.439912+00:00'
[2024-05-16T00:05:13.674+0000] {taskinstance.py:430} INFO - ::endgroup::
[2024-05-16T00:05:13.699+0000] {base.py:84} INFO - Using connection ID 'spark_default' for task execution.
[2024-05-16T00:05:13.700+0000] {spark_submit.py:401} INFO - Spark-Submit cmd: spark-submit --master spark://spark-master:7077 --num-executors 1 --total-executor-cores 1 --executor-cores 1 --executor-memory 2g --driver-memory 2g --name arrow-spark --deploy-mode client dags/includes/jobs/spark_consumer.py
[2024-05-16T00:05:21.602+0000] {spark_submit.py:571} INFO - 24/05/16 00:05:21 INFO SparkContext: Running Spark version 3.5.1
[2024-05-16T00:05:21.651+0000] {spark_submit.py:571} INFO - 24/05/16 00:05:21 INFO SparkContext: OS info Linux, 6.6.26-linuxkit, aarch64
[2024-05-16T00:05:21.655+0000] {spark_submit.py:571} INFO - 24/05/16 00:05:21 INFO SparkContext: Java version 17.0.11
[2024-05-16T00:05:21.686+0000] {spark_submit.py:571} INFO - 24/05/16 00:05:21 WARN NativeCodeLoader: Unable to load native-hadoop library for your platform... using builtin-java classes where applicable
[2024-05-16T00:05:21.787+0000] {spark_submit.py:571} INFO - 24/05/16 00:05:21 INFO ResourceUtils: ==============================================================
[2024-05-16T00:05:21.789+0000] {spark_submit.py:571} INFO - 24/05/16 00:05:21 INFO ResourceUtils: No custom resources configured for spark.driver.
[2024-05-16T00:05:21.789+0000] {spark_submit.py:571} INFO - 24/05/16 00:05:21 INFO ResourceUtils: ==============================================================
[2024-05-16T00:05:21.791+0000] {spark_submit.py:571} INFO - 24/05/16 00:05:21 INFO SparkContext: Submitted application: Redfin_Properties_Consumer
[2024-05-16T00:05:21.809+0000] {spark_submit.py:571} INFO - 24/05/16 00:05:21 INFO ResourceProfile: Default ResourceProfile created, executor resources: Map(cores -> name: cores, amount: 1, script: , vendor: , memory -> name: memory, amount: 2048, script: , vendor: , offHeap -> name: offHeap, amount: 0, script: , vendor: ), task resources: Map(cpus -> name: cpus, amount: 1.0)
[2024-05-16T00:05:21.816+0000] {spark_submit.py:571} INFO - 24/05/16 00:05:21 INFO ResourceProfile: Limiting resource is cpus at 1 tasks per executor
[2024-05-16T00:05:21.818+0000] {spark_submit.py:571} INFO - 24/05/16 00:05:21 INFO ResourceProfileManager: Added ResourceProfile id: 0
[2024-05-16T00:05:21.882+0000] {spark_submit.py:571} INFO - 24/05/16 00:05:21 INFO SecurityManager: Changing view acls to: ***
[2024-05-16T00:05:21.885+0000] {spark_submit.py:571} INFO - 24/05/16 00:05:21 INFO SecurityManager: Changing modify acls to: ***
[2024-05-16T00:05:21.889+0000] {spark_submit.py:571} INFO - 24/05/16 00:05:21 INFO SecurityManager: Changing view acls groups to:
[2024-05-16T00:05:21.891+0000] {spark_submit.py:571} INFO - 24/05/16 00:05:21 INFO SecurityManager: Changing modify acls groups to:
[2024-05-16T00:05:21.894+0000] {spark_submit.py:571} INFO - 24/05/16 00:05:21 INFO SecurityManager: SecurityManager: authentication disabled; ui acls disabled; users with view permissions: ***; groups with view permissions: EMPTY; users with modify permissions: ***; groups with modify permissions: EMPTY
[2024-05-16T00:05:22.219+0000] {spark_submit.py:571} INFO - 24/05/16 00:05:22 INFO Utils: Successfully started service 'sparkDriver' on port 41399.
[2024-05-16T00:05:22.285+0000] {spark_submit.py:571} INFO - 24/05/16 00:05:22 INFO SparkEnv: Registering MapOutputTracker
[2024-05-16T00:05:22.369+0000] {spark_submit.py:571} INFO - 24/05/16 00:05:22 INFO SparkEnv: Registering BlockManagerMaster
[2024-05-16T00:05:22.386+0000] {spark_submit.py:571} INFO - 24/05/16 00:05:22 INFO BlockManagerMasterEndpoint: Using org.apache.spark.storage.DefaultTopologyMapper for getting topology information
[2024-05-16T00:05:22.386+0000] {spark_submit.py:571} INFO - 24/05/16 00:05:22 INFO BlockManagerMasterEndpoint: BlockManagerMasterEndpoint up
[2024-05-16T00:05:22.388+0000] {spark_submit.py:571} INFO - 24/05/16 00:05:22 INFO SparkEnv: Registering BlockManagerMasterHeartbeat
[2024-05-16T00:05:22.414+0000] {spark_submit.py:571} INFO - 24/05/16 00:05:22 INFO DiskBlockManager: Created local directory at /tmp/blockmgr-bb3c757e-face-4e99-be8e-1ee9617b0d69
[2024-05-16T00:05:22.429+0000] {spark_submit.py:571} INFO - 24/05/16 00:05:22 INFO MemoryStore: MemoryStore started with capacity 1048.8 MiB
[2024-05-16T00:05:22.493+0000] {spark_submit.py:571} INFO - 24/05/16 00:05:22 INFO SparkEnv: Registering OutputCommitCoordinator
[2024-05-16T00:05:22.708+0000] {spark_submit.py:571} INFO - 24/05/16 00:05:22 INFO JettyUtils: Start Jetty 0.0.0.0:4040 for SparkUI
[2024-05-16T00:05:22.811+0000] {spark_submit.py:571} INFO - 24/05/16 00:05:22 INFO Utils: Successfully started service 'SparkUI' on port 4040.
[2024-05-16T00:05:23.166+0000] {spark_submit.py:571} INFO - 24/05/16 00:05:23 INFO StandaloneAppClient$ClientEndpoint: Connecting to master spark://spark-master:7077...
[2024-05-16T00:05:23.275+0000] {spark_submit.py:571} INFO - 24/05/16 00:05:23 INFO TransportClientFactory: Successfully created connection to spark-master/192.168.16.4:7077 after 60 ms (0 ms spent in bootstraps)
[2024-05-16T00:05:24.216+0000] {spark_submit.py:571} INFO - 24/05/16 00:05:24 INFO StandaloneSchedulerBackend: Connected to Spark cluster with app ID app-20240516000524-0003
[2024-05-16T00:05:24.246+0000] {spark_submit.py:571} INFO - 24/05/16 00:05:24 INFO Utils: Successfully started service 'org.apache.spark.network.netty.NettyBlockTransferService' on port 43847.
[2024-05-16T00:05:24.248+0000] {spark_submit.py:571} INFO - 24/05/16 00:05:24 INFO NettyBlockTransferService: Server created on 1def91e7b936:43847
[2024-05-16T00:05:24.253+0000] {spark_submit.py:571} INFO - 24/05/16 00:05:24 INFO BlockManager: Using org.apache.spark.storage.RandomBlockReplicationPolicy for block replication policy
[2024-05-16T00:05:24.265+0000] {spark_submit.py:571} INFO - 24/05/16 00:05:24 INFO BlockManagerMaster: Registering BlockManager BlockManagerId(driver, 1def91e7b936, 43847, None)
[2024-05-16T00:05:24.269+0000] {spark_submit.py:571} INFO - 24/05/16 00:05:24 INFO BlockManagerMasterEndpoint: Registering block manager 1def91e7b936:43847 with 1048.8 MiB RAM, BlockManagerId(driver, 1def91e7b936, 43847, None)
[2024-05-16T00:05:24.273+0000] {spark_submit.py:571} INFO - 24/05/16 00:05:24 INFO BlockManagerMaster: Registered BlockManager BlockManagerId(driver, 1def91e7b936, 43847, None)
[2024-05-16T00:05:24.278+0000] {spark_submit.py:571} INFO - 24/05/16 00:05:24 INFO BlockManager: Initialized BlockManager: BlockManagerId(driver, 1def91e7b936, 43847, None)
[2024-05-16T00:05:25.227+0000] {spark_submit.py:571} INFO - 24/05/16 00:05:25 INFO StandaloneSchedulerBackend: SchedulerBackend is ready for scheduling beginning after reached minRegisteredResourcesRatio: 0.0
[2024-05-16T00:05:26.009+0000] {spark_submit.py:571} INFO - 24/05/16 00:05:26 INFO SharedState: Setting hive.metastore.warehouse.dir ('null') to the value of spark.sql.warehouse.dir.
[2024-05-16T00:05:26.040+0000] {spark_submit.py:571} INFO - 24/05/16 00:05:26 INFO SharedState: Warehouse path is 'file:/opt/***/spark-warehouse'.
[2024-05-16T00:05:37.393+0000] {spark_submit.py:571} INFO - Traceback (most recent call last):
[2024-05-16T00:05:37.411+0000] {spark_submit.py:571} INFO - File "/opt/***/dags/includes/jobs/spark_consumer.py", line 76, in <module>
[2024-05-16T00:05:37.419+0000] {spark_submit.py:571} INFO - .load())
[2024-05-16T00:05:37.427+0000] {spark_submit.py:571} INFO - ^^^^^^
[2024-05-16T00:05:37.430+0000] {spark_submit.py:571} INFO - File "/home/***/.local/lib/python3.12/site-packages/pyspark/python/lib/pyspark.zip/pyspark/sql/streaming/readwriter.py", line 304, in load
[2024-05-16T00:05:37.434+0000] {spark_submit.py:571} INFO - File "/home/***/.local/lib/python3.12/site-packages/pyspark/python/lib/py4j-0.10.9.7-src.zip/py4j/java_gateway.py", line 1322, in __call__
[2024-05-16T00:05:37.435+0000] {spark_submit.py:571} INFO - File "/home/***/.local/lib/python3.12/site-packages/pyspark/python/lib/pyspark.zip/pyspark/errors/exceptions/captured.py", line 185, in deco
[2024-05-16T00:05:37.478+0000] {spark_submit.py:571} INFO - pyspark.errors.exceptions.captured.AnalysisException: Failed to find data source: kafka. Please deploy the application as per the deployment section of Structured Streaming + Kafka Integration Guide.
[2024-05-16T00:05:37.523+0000] {spark_submit.py:571} INFO - INFO:py4j.clientserver:Closing down clientserver connection
[2024-05-16T00:05:39.155+0000] {spark_submit.py:571} INFO - 24/05/16 00:05:39 INFO SparkContext: Invoking stop() from shutdown hook
[2024-05-16T00:05:39.206+0000] {spark_submit.py:571} INFO - 24/05/16 00:05:39 INFO SparkContext: SparkContext is stopping with exitCode 0.
[2024-05-16T00:05:39.308+0000] {spark_submit.py:571} INFO - 24/05/16 00:05:39 INFO SparkUI: Stopped Spark web UI at http://1def91e7b936:4040
[2024-05-16T00:05:39.352+0000] {spark_submit.py:571} INFO - 24/05/16 00:05:39 INFO StandaloneSchedulerBackend: Shutting down all executors
[2024-05-16T00:05:39.382+0000] {spark_submit.py:571} INFO - 24/05/16 00:05:39 INFO StandaloneSchedulerBackend$StandaloneDriverEndpoint: Asking each executor to shut down
[2024-05-16T00:05:39.498+0000] {spark_submit.py:571} INFO - 24/05/16 00:05:39 INFO MapOutputTrackerMasterEndpoint: MapOutputTrackerMasterEndpoint stopped!
[2024-05-16T00:05:39.687+0000] {spark_submit.py:571} INFO - 24/05/16 00:05:39 INFO MemoryStore: MemoryStore cleared
[2024-05-16T00:05:39.699+0000] {spark_submit.py:571} INFO - 24/05/16 00:05:39 INFO BlockManager: BlockManager stopped
[2024-05-16T00:05:39.760+0000] {spark_submit.py:571} INFO - 24/05/16 00:05:39 INFO BlockManagerMaster: BlockManagerMaster stopped
[2024-05-16T00:05:39.785+0000] {spark_submit.py:571} INFO - 24/05/16 00:05:39 INFO OutputCommitCoordinator$OutputCommitCoordinatorEndpoint: OutputCommitCoordinator stopped!
[2024-05-16T00:05:40.002+0000] {spark_submit.py:571} INFO - 24/05/16 00:05:39 INFO SparkContext: Successfully stopped SparkContext
[2024-05-16T00:05:40.354+0000] {spark_submit.py:571} INFO - 24/05/16 00:05:39 INFO ShutdownHookManager: Shutdown hook called
[2024-05-16T00:05:40.387+0000] {spark_submit.py:571} INFO - 24/05/16 00:05:40 INFO ShutdownHookManager: Deleting directory /tmp/spark-70be8578-e867-45ad-b8cf-e352afa45440/pyspark-c9418329-5830-4758-b28d-2ce5e06095d4
[2024-05-16T00:05:40.394+0000] {spark_submit.py:571} INFO - 24/05/16 00:05:40 INFO ShutdownHookManager: Deleting directory /tmp/spark-a4025eeb-cffa-4128-8621-f342787c61ba
[2024-05-16T00:05:40.417+0000] {spark_submit.py:571} INFO - 24/05/16 00:05:40 INFO ShutdownHookManager: Deleting directory /tmp/spark-70be8578-e867-45ad-b8cf-e352afa45440
[2024-05-16T00:05:40.609+0000] {taskinstance.py:441} INFO - ::group::Post task execution logs
[2024-05-16T00:05:40.898+0000] {taskinstance.py:2905} ERROR - Task failed with exception
Traceback (most recent call last):
  File "/home/airflow/.local/lib/python3.12/site-packages/airflow/models/taskinstance.py", line 465, in _execute_task
    result = _execute_callable(context=context, **execute_callable_kwargs)
             ^^^^^^^^^^^^^^^^^^^^^^^^^^^^^^^^^^^^^^^^^^^^^^^^^^^^^^^^^^^^^
  File "/home/airflow/.local/lib/python3.12/site-packages/airflow/models/taskinstance.py", line 432, in _execute_callable
    return execute_callable(context=context, **execute_callable_kwargs)
           ^^^^^^^^^^^^^^^^^^^^^^^^^^^^^^^^^^^^^^^^^^^^^^^^^^^^^^^^^^^^
  File "/home/airflow/.local/lib/python3.12/site-packages/airflow/models/baseoperator.py", line 400, in wrapper
    return func(self, *args, **kwargs)
           ^^^^^^^^^^^^^^^^^^^^^^^^^^^
  File "/home/airflow/.local/lib/python3.12/site-packages/airflow/providers/apache/spark/operators/spark_submit.py", line 174, in execute
    self._hook.submit(self.application)
  File "/home/airflow/.local/lib/python3.12/site-packages/airflow/providers/apache/spark/hooks/spark_submit.py", line 502, in submit
    raise AirflowException(
airflow.exceptions.AirflowException: Cannot execute: spark-submit --master spark://spark-master:7077 --num-executors 1 --total-executor-cores 1 --executor-cores 1 --executor-memory 2g --driver-memory 2g --name arrow-spark --deploy-mode client dags/includes/jobs/spark_consumer.py. Error code is: 1.
[2024-05-16T00:05:40.999+0000] {taskinstance.py:1206} INFO - Marking task as FAILED. dag_id=Webscrape, task_id=Process_Send_Data, run_id=manual__2024-05-15T23:53:06.439912+00:00, execution_date=20240515T235306, start_date=20240516T000513, end_date=20240516T000540
[2024-05-16T00:05:41.228+0000] {standard_task_runner.py:110} ERROR - Failed to execute job 169 for task Process_Send_Data (Cannot execute: spark-submit --master spark://spark-master:7077 --num-executors 1 --total-executor-cores 1 --executor-cores 1 --executor-memory 2g --driver-memory 2g --name arrow-spark --deploy-mode client dags/includes/jobs/spark_consumer.py. Error code is: 1.; 532)
[2024-05-16T00:05:41.372+0000] {local_task_job_runner.py:240} INFO - Task exited with return code 1
[2024-05-16T00:05:41.624+0000] {local_task_job_runner.py:222} INFO - ::endgroup::
