[2024-05-14T18:04:34.957+0000] {local_task_job_runner.py:120} INFO - ::group::Pre task execution logs
[2024-05-14T18:04:34.979+0000] {taskinstance.py:2076} INFO - Dependencies all met for dep_context=non-requeueable deps ti=<TaskInstance: Webscrape.Process_Send_Data manual__2024-05-14T18:02:29.640686+00:00 [queued]>
[2024-05-14T18:04:34.983+0000] {taskinstance.py:2076} INFO - Dependencies all met for dep_context=requeueable deps ti=<TaskInstance: Webscrape.Process_Send_Data manual__2024-05-14T18:02:29.640686+00:00 [queued]>
[2024-05-14T18:04:34.983+0000] {taskinstance.py:2306} INFO - Starting attempt 2 of 6
[2024-05-14T18:04:34.991+0000] {taskinstance.py:2330} INFO - Executing <Task(PythonOperator): Process_Send_Data> on 2024-05-14 18:02:29.640686+00:00
[2024-05-14T18:04:35.000+0000] {standard_task_runner.py:90} INFO - Running: ['***', 'tasks', 'run', 'Webscrape', 'Process_Send_Data', 'manual__2024-05-14T18:02:29.640686+00:00', '--job-id', '87', '--raw', '--subdir', 'DAGS_FOLDER/webscrapping.py', '--cfg-path', '/tmp/tmpvimune_j']
[2024-05-14T18:04:35.004+0000] {logging_mixin.py:188} WARNING - /home/***/.local/lib/python3.12/site-packages/***/task/task_runner/standard_task_runner.py:61 DeprecationWarning: This process (pid=550) is multi-threaded, use of fork() may lead to deadlocks in the child.
[2024-05-14T18:04:35.005+0000] {standard_task_runner.py:91} INFO - Job 87: Subtask Process_Send_Data
[2024-05-14T18:04:35.006+0000] {standard_task_runner.py:63} INFO - Started process 551 to run task
[2024-05-14T18:04:35.070+0000] {task_command.py:426} INFO - Running <TaskInstance: Webscrape.Process_Send_Data manual__2024-05-14T18:02:29.640686+00:00 [running]> on host 4ac0c9fa8b6a
[2024-05-14T18:04:35.119+0000] {taskinstance.py:2648} INFO - Exporting env vars: AIRFLOW_CTX_DAG_OWNER='svc' AIRFLOW_CTX_DAG_ID='Webscrape' AIRFLOW_CTX_TASK_ID='Process_Send_Data' AIRFLOW_CTX_EXECUTION_DATE='2024-05-14T18:02:29.640686+00:00' AIRFLOW_CTX_TRY_NUMBER='2' AIRFLOW_CTX_DAG_RUN_ID='manual__2024-05-14T18:02:29.640686+00:00'
[2024-05-14T18:04:35.121+0000] {taskinstance.py:430} INFO - ::endgroup::
[2024-05-14T18:04:35.273+0000] {taskinstance.py:441} INFO - ::group::Post task execution logs
[2024-05-14T18:04:35.274+0000] {taskinstance.py:2905} ERROR - Task failed with exception
Traceback (most recent call last):
  File "/home/airflow/.local/lib/python3.12/site-packages/airflow/models/taskinstance.py", line 465, in _execute_task
    result = _execute_callable(context=context, **execute_callable_kwargs)
             ^^^^^^^^^^^^^^^^^^^^^^^^^^^^^^^^^^^^^^^^^^^^^^^^^^^^^^^^^^^^^
  File "/home/airflow/.local/lib/python3.12/site-packages/airflow/models/taskinstance.py", line 432, in _execute_callable
    return execute_callable(context=context, **execute_callable_kwargs)
           ^^^^^^^^^^^^^^^^^^^^^^^^^^^^^^^^^^^^^^^^^^^^^^^^^^^^^^^^^^^^
  File "/home/airflow/.local/lib/python3.12/site-packages/airflow/models/baseoperator.py", line 400, in wrapper
    return func(self, *args, **kwargs)
           ^^^^^^^^^^^^^^^^^^^^^^^^^^^
  File "/home/airflow/.local/lib/python3.12/site-packages/airflow/operators/python.py", line 235, in execute
    return_value = self.execute_callable()
                   ^^^^^^^^^^^^^^^^^^^^^^^
  File "/home/airflow/.local/lib/python3.12/site-packages/airflow/operators/python.py", line 252, in execute_callable
    return self.python_callable(*self.op_args, **self.op_kwargs)
           ^^^^^^^^^^^^^^^^^^^^^^^^^^^^^^^^^^^^^^^^^^^^^^^^^^^^^
  File "/opt/airflow/dags/includes/jobs/spark_consumer.py", line 68, in process_start
    .getOrCreate())
     ^^^^^^^^^^^^^
  File "/home/airflow/.local/lib/python3.12/site-packages/pyspark/sql/session.py", line 497, in getOrCreate
    sc = SparkContext.getOrCreate(sparkConf)
         ^^^^^^^^^^^^^^^^^^^^^^^^^^^^^^^^^^^
  File "/home/airflow/.local/lib/python3.12/site-packages/pyspark/context.py", line 515, in getOrCreate
    SparkContext(conf=conf or SparkConf())
  File "/home/airflow/.local/lib/python3.12/site-packages/pyspark/context.py", line 201, in __init__
    SparkContext._ensure_initialized(self, gateway=gateway, conf=conf)
  File "/home/airflow/.local/lib/python3.12/site-packages/pyspark/context.py", line 436, in _ensure_initialized
    SparkContext._gateway = gateway or launch_gateway(conf)
                                       ^^^^^^^^^^^^^^^^^^^^
  File "/home/airflow/.local/lib/python3.12/site-packages/pyspark/java_gateway.py", line 107, in launch_gateway
    raise PySparkRuntimeError(
pyspark.errors.exceptions.base.PySparkRuntimeError: [JAVA_GATEWAY_EXITED] Java gateway process exited before sending its port number.
[2024-05-14T18:04:35.281+0000] {taskinstance.py:1206} INFO - Marking task as UP_FOR_RETRY. dag_id=Webscrape, task_id=Process_Send_Data, run_id=manual__2024-05-14T18:02:29.640686+00:00, execution_date=20240514T180229, start_date=20240514T180434, end_date=20240514T180435
[2024-05-14T18:04:35.289+0000] {standard_task_runner.py:110} ERROR - Failed to execute job 87 for task Process_Send_Data ([JAVA_GATEWAY_EXITED] Java gateway process exited before sending its port number.; 551)
[2024-05-14T18:04:35.310+0000] {local_task_job_runner.py:240} INFO - Task exited with return code 1
[2024-05-14T18:04:35.319+0000] {taskinstance.py:3498} INFO - 0 downstream tasks scheduled from follow-on schedule check
[2024-05-14T18:04:35.320+0000] {local_task_job_runner.py:222} INFO - ::endgroup::
