[2024-05-15T23:40:18.772+0000] {local_task_job_runner.py:120} INFO - ::group::Pre task execution logs
[2024-05-15T23:40:18.788+0000] {taskinstance.py:2076} INFO - Dependencies all met for dep_context=non-requeueable deps ti=<TaskInstance: Webscrape.Process_Send_Data manual__2024-05-15T23:38:10.994472+00:00 [queued]>
[2024-05-15T23:40:18.792+0000] {taskinstance.py:2076} INFO - Dependencies all met for dep_context=requeueable deps ti=<TaskInstance: Webscrape.Process_Send_Data manual__2024-05-15T23:38:10.994472+00:00 [queued]>
[2024-05-15T23:40:18.792+0000] {taskinstance.py:2306} INFO - Starting attempt 2 of 6
[2024-05-15T23:40:18.799+0000] {taskinstance.py:2330} INFO - Executing <Task(SparkSubmitOperator): Process_Send_Data> on 2024-05-15 23:38:10.994472+00:00
[2024-05-15T23:40:18.812+0000] {standard_task_runner.py:90} INFO - Running: ['***', 'tasks', 'run', 'Webscrape', 'Process_Send_Data', 'manual__2024-05-15T23:38:10.994472+00:00', '--job-id', '156', '--raw', '--subdir', 'DAGS_FOLDER/webscrapping.py', '--cfg-path', '/tmp/tmp9coxougg']
[2024-05-15T23:40:18.815+0000] {standard_task_runner.py:91} INFO - Job 156: Subtask Process_Send_Data
[2024-05-15T23:40:18.816+0000] {logging_mixin.py:188} WARNING - /home/***/.local/lib/python3.12/site-packages/***/task/task_runner/standard_task_runner.py:61 DeprecationWarning: This process (pid=2083) is multi-threaded, use of fork() may lead to deadlocks in the child.
[2024-05-15T23:40:18.816+0000] {standard_task_runner.py:63} INFO - Started process 2084 to run task
[2024-05-15T23:40:18.853+0000] {task_command.py:426} INFO - Running <TaskInstance: Webscrape.Process_Send_Data manual__2024-05-15T23:38:10.994472+00:00 [running]> on host fb6491796190
[2024-05-15T23:40:18.967+0000] {taskinstance.py:2648} INFO - Exporting env vars: AIRFLOW_CTX_DAG_OWNER='svc' AIRFLOW_CTX_DAG_ID='Webscrape' AIRFLOW_CTX_TASK_ID='Process_Send_Data' AIRFLOW_CTX_EXECUTION_DATE='2024-05-15T23:38:10.994472+00:00' AIRFLOW_CTX_TRY_NUMBER='2' AIRFLOW_CTX_DAG_RUN_ID='manual__2024-05-15T23:38:10.994472+00:00'
[2024-05-15T23:40:18.968+0000] {taskinstance.py:430} INFO - ::endgroup::
[2024-05-15T23:40:18.981+0000] {base.py:84} INFO - Using connection ID 'spark_default' for task execution.
[2024-05-15T23:40:18.982+0000] {spark_submit.py:401} INFO - Spark-Submit cmd: spark-submit --master spark://spark-master:7077 --num-executors 1 --total-executor-cores 1 --executor-cores 1 --executor-memory 2g --driver-memory 2g --name arrow-spark --deploy-mode client dags/includes/jobs/spark_consumer.py
[2024-05-15T23:40:21.196+0000] {spark_submit.py:571} INFO - 24/05/15 23:40:21 INFO SparkContext: Running Spark version 3.5.1
[2024-05-15T23:40:21.198+0000] {spark_submit.py:571} INFO - 24/05/15 23:40:21 INFO SparkContext: OS info Linux, 6.6.26-linuxkit, aarch64
[2024-05-15T23:40:21.199+0000] {spark_submit.py:571} INFO - 24/05/15 23:40:21 INFO SparkContext: Java version 17.0.11
[2024-05-15T23:40:21.276+0000] {spark_submit.py:571} INFO - 24/05/15 23:40:21 WARN NativeCodeLoader: Unable to load native-hadoop library for your platform... using builtin-java classes where applicable
[2024-05-15T23:40:21.323+0000] {spark_submit.py:571} INFO - 24/05/15 23:40:21 INFO ResourceUtils: ==============================================================
[2024-05-15T23:40:21.323+0000] {spark_submit.py:571} INFO - 24/05/15 23:40:21 INFO ResourceUtils: No custom resources configured for spark.driver.
[2024-05-15T23:40:21.323+0000] {spark_submit.py:571} INFO - 24/05/15 23:40:21 INFO ResourceUtils: ==============================================================
[2024-05-15T23:40:21.324+0000] {spark_submit.py:571} INFO - 24/05/15 23:40:21 INFO SparkContext: Submitted application: Redfin_Properties_Consumer
[2024-05-15T23:40:21.333+0000] {spark_submit.py:571} INFO - 24/05/15 23:40:21 INFO ResourceProfile: Default ResourceProfile created, executor resources: Map(cores -> name: cores, amount: 1, script: , vendor: , memory -> name: memory, amount: 2048, script: , vendor: , offHeap -> name: offHeap, amount: 0, script: , vendor: ), task resources: Map(cpus -> name: cpus, amount: 1.0)
[2024-05-15T23:40:21.338+0000] {spark_submit.py:571} INFO - 24/05/15 23:40:21 INFO ResourceProfile: Limiting resource is cpus at 1 tasks per executor
[2024-05-15T23:40:21.339+0000] {spark_submit.py:571} INFO - 24/05/15 23:40:21 INFO ResourceProfileManager: Added ResourceProfile id: 0
[2024-05-15T23:40:21.364+0000] {spark_submit.py:571} INFO - 24/05/15 23:40:21 INFO SecurityManager: Changing view acls to: ***
[2024-05-15T23:40:21.365+0000] {spark_submit.py:571} INFO - 24/05/15 23:40:21 INFO SecurityManager: Changing modify acls to: ***
[2024-05-15T23:40:21.365+0000] {spark_submit.py:571} INFO - 24/05/15 23:40:21 INFO SecurityManager: Changing view acls groups to:
[2024-05-15T23:40:21.365+0000] {spark_submit.py:571} INFO - 24/05/15 23:40:21 INFO SecurityManager: Changing modify acls groups to:
[2024-05-15T23:40:21.366+0000] {spark_submit.py:571} INFO - 24/05/15 23:40:21 INFO SecurityManager: SecurityManager: authentication disabled; ui acls disabled; users with view permissions: ***; groups with view permissions: EMPTY; users with modify permissions: ***; groups with modify permissions: EMPTY
[2024-05-15T23:40:21.525+0000] {spark_submit.py:571} INFO - 24/05/15 23:40:21 INFO Utils: Successfully started service 'sparkDriver' on port 44165.
[2024-05-15T23:40:21.545+0000] {spark_submit.py:571} INFO - 24/05/15 23:40:21 INFO SparkEnv: Registering MapOutputTracker
[2024-05-15T23:40:21.563+0000] {spark_submit.py:571} INFO - 24/05/15 23:40:21 INFO SparkEnv: Registering BlockManagerMaster
[2024-05-15T23:40:21.572+0000] {spark_submit.py:571} INFO - 24/05/15 23:40:21 INFO BlockManagerMasterEndpoint: Using org.apache.spark.storage.DefaultTopologyMapper for getting topology information
[2024-05-15T23:40:21.572+0000] {spark_submit.py:571} INFO - 24/05/15 23:40:21 INFO BlockManagerMasterEndpoint: BlockManagerMasterEndpoint up
[2024-05-15T23:40:21.574+0000] {spark_submit.py:571} INFO - 24/05/15 23:40:21 INFO SparkEnv: Registering BlockManagerMasterHeartbeat
[2024-05-15T23:40:21.587+0000] {spark_submit.py:571} INFO - 24/05/15 23:40:21 INFO DiskBlockManager: Created local directory at /tmp/blockmgr-1816e1b3-aa5c-408a-b999-a41f5dc9cc7c
[2024-05-15T23:40:21.594+0000] {spark_submit.py:571} INFO - 24/05/15 23:40:21 INFO MemoryStore: MemoryStore started with capacity 1048.8 MiB
[2024-05-15T23:40:21.603+0000] {spark_submit.py:571} INFO - 24/05/15 23:40:21 INFO SparkEnv: Registering OutputCommitCoordinator
[2024-05-15T23:40:21.668+0000] {spark_submit.py:571} INFO - 24/05/15 23:40:21 INFO JettyUtils: Start Jetty 0.0.0.0:4040 for SparkUI
[2024-05-15T23:40:21.726+0000] {spark_submit.py:571} INFO - 24/05/15 23:40:21 INFO Utils: Successfully started service 'SparkUI' on port 4040.
[2024-05-15T23:40:21.796+0000] {spark_submit.py:571} INFO - 24/05/15 23:40:21 INFO StandaloneAppClient$ClientEndpoint: Connecting to master spark://spark-master:7077...
[2024-05-15T23:40:21.834+0000] {spark_submit.py:571} INFO - 24/05/15 23:40:21 INFO TransportClientFactory: Successfully created connection to spark-master/172.30.0.2:7077 after 22 ms (0 ms spent in bootstraps)
[2024-05-15T23:40:21.929+0000] {spark_submit.py:571} INFO - 24/05/15 23:40:21 INFO StandaloneSchedulerBackend: Connected to Spark cluster with app ID app-20240515234021-0006
[2024-05-15T23:40:21.936+0000] {spark_submit.py:571} INFO - 24/05/15 23:40:21 INFO Utils: Successfully started service 'org.apache.spark.network.netty.NettyBlockTransferService' on port 39043.
[2024-05-15T23:40:21.937+0000] {spark_submit.py:571} INFO - 24/05/15 23:40:21 INFO NettyBlockTransferService: Server created on fb6491796190:39043
[2024-05-15T23:40:21.938+0000] {spark_submit.py:571} INFO - 24/05/15 23:40:21 INFO BlockManager: Using org.apache.spark.storage.RandomBlockReplicationPolicy for block replication policy
[2024-05-15T23:40:21.942+0000] {spark_submit.py:571} INFO - 24/05/15 23:40:21 INFO BlockManagerMaster: Registering BlockManager BlockManagerId(driver, fb6491796190, 39043, None)
[2024-05-15T23:40:21.946+0000] {spark_submit.py:571} INFO - 24/05/15 23:40:21 INFO BlockManagerMasterEndpoint: Registering block manager fb6491796190:39043 with 1048.8 MiB RAM, BlockManagerId(driver, fb6491796190, 39043, None)
[2024-05-15T23:40:21.949+0000] {spark_submit.py:571} INFO - 24/05/15 23:40:21 INFO BlockManagerMaster: Registered BlockManager BlockManagerId(driver, fb6491796190, 39043, None)
[2024-05-15T23:40:21.955+0000] {spark_submit.py:571} INFO - 24/05/15 23:40:21 INFO BlockManager: Initialized BlockManager: BlockManagerId(driver, fb6491796190, 39043, None)
[2024-05-15T23:40:22.110+0000] {spark_submit.py:571} INFO - 24/05/15 23:40:22 INFO StandaloneSchedulerBackend: SchedulerBackend is ready for scheduling beginning after reached minRegisteredResourcesRatio: 0.0
[2024-05-15T23:40:22.403+0000] {spark_submit.py:571} INFO - 24/05/15 23:40:22 INFO SharedState: Setting hive.metastore.warehouse.dir ('null') to the value of spark.sql.warehouse.dir.
[2024-05-15T23:40:22.418+0000] {spark_submit.py:571} INFO - 24/05/15 23:40:22 INFO SharedState: Warehouse path is 'file:/opt/***/spark-warehouse'.
[2024-05-15T23:40:23.377+0000] {spark_submit.py:571} INFO - Traceback (most recent call last):
[2024-05-15T23:40:23.380+0000] {spark_submit.py:571} INFO - File "/opt/***/dags/includes/jobs/spark_consumer.py", line 76, in <module>
[2024-05-15T23:40:23.380+0000] {spark_submit.py:571} INFO - .load())
[2024-05-15T23:40:23.380+0000] {spark_submit.py:571} INFO - ^^^^^^
[2024-05-15T23:40:23.380+0000] {spark_submit.py:571} INFO - File "/home/***/.local/lib/python3.12/site-packages/pyspark/python/lib/pyspark.zip/pyspark/sql/streaming/readwriter.py", line 304, in load
[2024-05-15T23:40:23.381+0000] {spark_submit.py:571} INFO - File "/home/***/.local/lib/python3.12/site-packages/pyspark/python/lib/py4j-0.10.9.7-src.zip/py4j/java_gateway.py", line 1322, in __call__
[2024-05-15T23:40:23.381+0000] {spark_submit.py:571} INFO - File "/home/***/.local/lib/python3.12/site-packages/pyspark/python/lib/pyspark.zip/pyspark/errors/exceptions/captured.py", line 185, in deco
[2024-05-15T23:40:23.384+0000] {spark_submit.py:571} INFO - pyspark.errors.exceptions.captured.AnalysisException: Failed to find data source: kafka. Please deploy the application as per the deployment section of Structured Streaming + Kafka Integration Guide.
[2024-05-15T23:40:23.385+0000] {spark_submit.py:571} INFO - INFO:py4j.clientserver:Closing down clientserver connection
[2024-05-15T23:40:23.503+0000] {spark_submit.py:571} INFO - 24/05/15 23:40:23 INFO SparkContext: Invoking stop() from shutdown hook
[2024-05-15T23:40:23.504+0000] {spark_submit.py:571} INFO - 24/05/15 23:40:23 INFO SparkContext: SparkContext is stopping with exitCode 0.
[2024-05-15T23:40:23.510+0000] {spark_submit.py:571} INFO - 24/05/15 23:40:23 INFO SparkUI: Stopped Spark web UI at http://fb6491796190:4040
[2024-05-15T23:40:23.512+0000] {spark_submit.py:571} INFO - 24/05/15 23:40:23 INFO StandaloneSchedulerBackend: Shutting down all executors
[2024-05-15T23:40:23.514+0000] {spark_submit.py:571} INFO - 24/05/15 23:40:23 INFO StandaloneSchedulerBackend$StandaloneDriverEndpoint: Asking each executor to shut down
[2024-05-15T23:40:23.523+0000] {spark_submit.py:571} INFO - 24/05/15 23:40:23 INFO MapOutputTrackerMasterEndpoint: MapOutputTrackerMasterEndpoint stopped!
[2024-05-15T23:40:23.558+0000] {spark_submit.py:571} INFO - 24/05/15 23:40:23 INFO MemoryStore: MemoryStore cleared
[2024-05-15T23:40:23.560+0000] {spark_submit.py:571} INFO - 24/05/15 23:40:23 INFO BlockManager: BlockManager stopped
[2024-05-15T23:40:23.563+0000] {spark_submit.py:571} INFO - 24/05/15 23:40:23 INFO BlockManagerMaster: BlockManagerMaster stopped
[2024-05-15T23:40:23.565+0000] {spark_submit.py:571} INFO - 24/05/15 23:40:23 INFO OutputCommitCoordinator$OutputCommitCoordinatorEndpoint: OutputCommitCoordinator stopped!
[2024-05-15T23:40:23.583+0000] {spark_submit.py:571} INFO - 24/05/15 23:40:23 INFO SparkContext: Successfully stopped SparkContext
[2024-05-15T23:40:23.583+0000] {spark_submit.py:571} INFO - 24/05/15 23:40:23 INFO ShutdownHookManager: Shutdown hook called
[2024-05-15T23:40:23.584+0000] {spark_submit.py:571} INFO - 24/05/15 23:40:23 INFO ShutdownHookManager: Deleting directory /tmp/spark-27034d71-44d8-44a2-b4c2-690aaa17f2d2
[2024-05-15T23:40:23.591+0000] {spark_submit.py:571} INFO - 24/05/15 23:40:23 INFO ShutdownHookManager: Deleting directory /tmp/spark-a63084d6-0402-45c4-85ea-196ced558d3f
[2024-05-15T23:40:23.598+0000] {spark_submit.py:571} INFO - 24/05/15 23:40:23 INFO ShutdownHookManager: Deleting directory /tmp/spark-27034d71-44d8-44a2-b4c2-690aaa17f2d2/pyspark-db6f0429-7235-4cc8-8a28-392172f505d7
[2024-05-15T23:40:23.645+0000] {taskinstance.py:441} INFO - ::group::Post task execution logs
[2024-05-15T23:40:23.667+0000] {taskinstance.py:2905} ERROR - Task failed with exception
Traceback (most recent call last):
  File "/home/airflow/.local/lib/python3.12/site-packages/airflow/models/taskinstance.py", line 465, in _execute_task
    result = _execute_callable(context=context, **execute_callable_kwargs)
             ^^^^^^^^^^^^^^^^^^^^^^^^^^^^^^^^^^^^^^^^^^^^^^^^^^^^^^^^^^^^^
  File "/home/airflow/.local/lib/python3.12/site-packages/airflow/models/taskinstance.py", line 432, in _execute_callable
    return execute_callable(context=context, **execute_callable_kwargs)
           ^^^^^^^^^^^^^^^^^^^^^^^^^^^^^^^^^^^^^^^^^^^^^^^^^^^^^^^^^^^^
  File "/home/airflow/.local/lib/python3.12/site-packages/airflow/models/baseoperator.py", line 400, in wrapper
    return func(self, *args, **kwargs)
           ^^^^^^^^^^^^^^^^^^^^^^^^^^^
  File "/home/airflow/.local/lib/python3.12/site-packages/airflow/providers/apache/spark/operators/spark_submit.py", line 174, in execute
    self._hook.submit(self.application)
  File "/home/airflow/.local/lib/python3.12/site-packages/airflow/providers/apache/spark/hooks/spark_submit.py", line 502, in submit
    raise AirflowException(
airflow.exceptions.AirflowException: Cannot execute: spark-submit --master spark://spark-master:7077 --num-executors 1 --total-executor-cores 1 --executor-cores 1 --executor-memory 2g --driver-memory 2g --name arrow-spark --deploy-mode client dags/includes/jobs/spark_consumer.py. Error code is: 1.
[2024-05-15T23:40:23.683+0000] {taskinstance.py:1206} INFO - Marking task as UP_FOR_RETRY. dag_id=Webscrape, task_id=Process_Send_Data, run_id=manual__2024-05-15T23:38:10.994472+00:00, execution_date=20240515T233810, start_date=20240515T234018, end_date=20240515T234023
[2024-05-15T23:40:23.696+0000] {standard_task_runner.py:110} ERROR - Failed to execute job 156 for task Process_Send_Data (Cannot execute: spark-submit --master spark://spark-master:7077 --num-executors 1 --total-executor-cores 1 --executor-cores 1 --executor-memory 2g --driver-memory 2g --name arrow-spark --deploy-mode client dags/includes/jobs/spark_consumer.py. Error code is: 1.; 2084)
[2024-05-15T23:40:23.736+0000] {local_task_job_runner.py:240} INFO - Task exited with return code 1
[2024-05-15T23:40:23.768+0000] {taskinstance.py:3498} INFO - 0 downstream tasks scheduled from follow-on schedule check
[2024-05-15T23:40:23.769+0000] {local_task_job_runner.py:222} INFO - ::endgroup::
