[2024-05-15T23:42:25.279+0000] {local_task_job_runner.py:120} INFO - ::group::Pre task execution logs
[2024-05-15T23:42:25.295+0000] {taskinstance.py:2076} INFO - Dependencies all met for dep_context=non-requeueable deps ti=<TaskInstance: Webscrape.Process_Send_Data manual__2024-05-15T23:38:10.994472+00:00 [queued]>
[2024-05-15T23:42:25.299+0000] {taskinstance.py:2076} INFO - Dependencies all met for dep_context=requeueable deps ti=<TaskInstance: Webscrape.Process_Send_Data manual__2024-05-15T23:38:10.994472+00:00 [queued]>
[2024-05-15T23:42:25.299+0000] {taskinstance.py:2306} INFO - Starting attempt 3 of 6
[2024-05-15T23:42:25.304+0000] {taskinstance.py:2330} INFO - Executing <Task(SparkSubmitOperator): Process_Send_Data> on 2024-05-15 23:38:10.994472+00:00
[2024-05-15T23:42:25.310+0000] {standard_task_runner.py:90} INFO - Running: ['***', 'tasks', 'run', 'Webscrape', 'Process_Send_Data', 'manual__2024-05-15T23:38:10.994472+00:00', '--job-id', '157', '--raw', '--subdir', 'DAGS_FOLDER/webscrapping.py', '--cfg-path', '/tmp/tmpb44e8_bq']
[2024-05-15T23:42:25.311+0000] {logging_mixin.py:188} WARNING - /home/***/.local/lib/python3.12/site-packages/***/task/task_runner/standard_task_runner.py:61 DeprecationWarning: This process (pid=2264) is multi-threaded, use of fork() may lead to deadlocks in the child.
[2024-05-15T23:42:25.313+0000] {standard_task_runner.py:91} INFO - Job 157: Subtask Process_Send_Data
[2024-05-15T23:42:25.313+0000] {standard_task_runner.py:63} INFO - Started process 2265 to run task
[2024-05-15T23:42:25.353+0000] {task_command.py:426} INFO - Running <TaskInstance: Webscrape.Process_Send_Data manual__2024-05-15T23:38:10.994472+00:00 [running]> on host fb6491796190
[2024-05-15T23:42:25.401+0000] {taskinstance.py:2648} INFO - Exporting env vars: AIRFLOW_CTX_DAG_OWNER='svc' AIRFLOW_CTX_DAG_ID='Webscrape' AIRFLOW_CTX_TASK_ID='Process_Send_Data' AIRFLOW_CTX_EXECUTION_DATE='2024-05-15T23:38:10.994472+00:00' AIRFLOW_CTX_TRY_NUMBER='3' AIRFLOW_CTX_DAG_RUN_ID='manual__2024-05-15T23:38:10.994472+00:00'
[2024-05-15T23:42:25.402+0000] {taskinstance.py:430} INFO - ::endgroup::
[2024-05-15T23:42:25.423+0000] {base.py:84} INFO - Using connection ID 'spark_default' for task execution.
[2024-05-15T23:42:25.424+0000] {spark_submit.py:401} INFO - Spark-Submit cmd: spark-submit --master spark://spark-master:7077 --num-executors 1 --total-executor-cores 1 --executor-cores 1 --executor-memory 2g --driver-memory 2g --name arrow-spark --deploy-mode client dags/includes/jobs/spark_consumer.py
[2024-05-15T23:42:27.367+0000] {spark_submit.py:571} INFO - 24/05/15 23:42:27 INFO SparkContext: Running Spark version 3.5.1
[2024-05-15T23:42:27.369+0000] {spark_submit.py:571} INFO - 24/05/15 23:42:27 INFO SparkContext: OS info Linux, 6.6.26-linuxkit, aarch64
[2024-05-15T23:42:27.369+0000] {spark_submit.py:571} INFO - 24/05/15 23:42:27 INFO SparkContext: Java version 17.0.11
[2024-05-15T23:42:27.398+0000] {spark_submit.py:571} INFO - 24/05/15 23:42:27 WARN NativeCodeLoader: Unable to load native-hadoop library for your platform... using builtin-java classes where applicable
[2024-05-15T23:42:27.443+0000] {spark_submit.py:571} INFO - 24/05/15 23:42:27 INFO ResourceUtils: ==============================================================
[2024-05-15T23:42:27.444+0000] {spark_submit.py:571} INFO - 24/05/15 23:42:27 INFO ResourceUtils: No custom resources configured for spark.driver.
[2024-05-15T23:42:27.444+0000] {spark_submit.py:571} INFO - 24/05/15 23:42:27 INFO ResourceUtils: ==============================================================
[2024-05-15T23:42:27.444+0000] {spark_submit.py:571} INFO - 24/05/15 23:42:27 INFO SparkContext: Submitted application: Redfin_Properties_Consumer
[2024-05-15T23:42:27.454+0000] {spark_submit.py:571} INFO - 24/05/15 23:42:27 INFO ResourceProfile: Default ResourceProfile created, executor resources: Map(cores -> name: cores, amount: 1, script: , vendor: , memory -> name: memory, amount: 2048, script: , vendor: , offHeap -> name: offHeap, amount: 0, script: , vendor: ), task resources: Map(cpus -> name: cpus, amount: 1.0)
[2024-05-15T23:42:27.458+0000] {spark_submit.py:571} INFO - 24/05/15 23:42:27 INFO ResourceProfile: Limiting resource is cpus at 1 tasks per executor
[2024-05-15T23:42:27.459+0000] {spark_submit.py:571} INFO - 24/05/15 23:42:27 INFO ResourceProfileManager: Added ResourceProfile id: 0
[2024-05-15T23:42:27.485+0000] {spark_submit.py:571} INFO - 24/05/15 23:42:27 INFO SecurityManager: Changing view acls to: ***
[2024-05-15T23:42:27.485+0000] {spark_submit.py:571} INFO - 24/05/15 23:42:27 INFO SecurityManager: Changing modify acls to: ***
[2024-05-15T23:42:27.486+0000] {spark_submit.py:571} INFO - 24/05/15 23:42:27 INFO SecurityManager: Changing view acls groups to:
[2024-05-15T23:42:27.486+0000] {spark_submit.py:571} INFO - 24/05/15 23:42:27 INFO SecurityManager: Changing modify acls groups to:
[2024-05-15T23:42:27.486+0000] {spark_submit.py:571} INFO - 24/05/15 23:42:27 INFO SecurityManager: SecurityManager: authentication disabled; ui acls disabled; users with view permissions: ***; groups with view permissions: EMPTY; users with modify permissions: ***; groups with modify permissions: EMPTY
[2024-05-15T23:42:27.614+0000] {spark_submit.py:571} INFO - 24/05/15 23:42:27 INFO Utils: Successfully started service 'sparkDriver' on port 42877.
[2024-05-15T23:42:27.630+0000] {spark_submit.py:571} INFO - 24/05/15 23:42:27 INFO SparkEnv: Registering MapOutputTracker
[2024-05-15T23:42:27.650+0000] {spark_submit.py:571} INFO - 24/05/15 23:42:27 INFO SparkEnv: Registering BlockManagerMaster
[2024-05-15T23:42:27.662+0000] {spark_submit.py:571} INFO - 24/05/15 23:42:27 INFO BlockManagerMasterEndpoint: Using org.apache.spark.storage.DefaultTopologyMapper for getting topology information
[2024-05-15T23:42:27.663+0000] {spark_submit.py:571} INFO - 24/05/15 23:42:27 INFO BlockManagerMasterEndpoint: BlockManagerMasterEndpoint up
[2024-05-15T23:42:27.668+0000] {spark_submit.py:571} INFO - 24/05/15 23:42:27 INFO SparkEnv: Registering BlockManagerMasterHeartbeat
[2024-05-15T23:42:27.685+0000] {spark_submit.py:571} INFO - 24/05/15 23:42:27 INFO DiskBlockManager: Created local directory at /tmp/blockmgr-c7ac3b31-9586-4c5b-8840-939e9cc13386
[2024-05-15T23:42:27.695+0000] {spark_submit.py:571} INFO - 24/05/15 23:42:27 INFO MemoryStore: MemoryStore started with capacity 1048.8 MiB
[2024-05-15T23:42:27.705+0000] {spark_submit.py:571} INFO - 24/05/15 23:42:27 INFO SparkEnv: Registering OutputCommitCoordinator
[2024-05-15T23:42:27.778+0000] {spark_submit.py:571} INFO - 24/05/15 23:42:27 INFO JettyUtils: Start Jetty 0.0.0.0:4040 for SparkUI
[2024-05-15T23:42:27.843+0000] {spark_submit.py:571} INFO - 24/05/15 23:42:27 INFO Utils: Successfully started service 'SparkUI' on port 4040.
[2024-05-15T23:42:27.917+0000] {spark_submit.py:571} INFO - 24/05/15 23:42:27 INFO StandaloneAppClient$ClientEndpoint: Connecting to master spark://spark-master:7077...
[2024-05-15T23:42:27.942+0000] {spark_submit.py:571} INFO - 24/05/15 23:42:27 INFO TransportClientFactory: Successfully created connection to spark-master/172.30.0.2:7077 after 13 ms (0 ms spent in bootstraps)
[2024-05-15T23:42:28.054+0000] {spark_submit.py:571} INFO - 24/05/15 23:42:28 INFO StandaloneSchedulerBackend: Connected to Spark cluster with app ID app-20240515234228-0007
[2024-05-15T23:42:28.061+0000] {spark_submit.py:571} INFO - 24/05/15 23:42:28 INFO Utils: Successfully started service 'org.apache.spark.network.netty.NettyBlockTransferService' on port 34869.
[2024-05-15T23:42:28.062+0000] {spark_submit.py:571} INFO - 24/05/15 23:42:28 INFO NettyBlockTransferService: Server created on fb6491796190:34869
[2024-05-15T23:42:28.062+0000] {spark_submit.py:571} INFO - 24/05/15 23:42:28 INFO BlockManager: Using org.apache.spark.storage.RandomBlockReplicationPolicy for block replication policy
[2024-05-15T23:42:28.066+0000] {spark_submit.py:571} INFO - 24/05/15 23:42:28 INFO BlockManagerMaster: Registering BlockManager BlockManagerId(driver, fb6491796190, 34869, None)
[2024-05-15T23:42:28.069+0000] {spark_submit.py:571} INFO - 24/05/15 23:42:28 INFO BlockManagerMasterEndpoint: Registering block manager fb6491796190:34869 with 1048.8 MiB RAM, BlockManagerId(driver, fb6491796190, 34869, None)
[2024-05-15T23:42:28.070+0000] {spark_submit.py:571} INFO - 24/05/15 23:42:28 INFO BlockManagerMaster: Registered BlockManager BlockManagerId(driver, fb6491796190, 34869, None)
[2024-05-15T23:42:28.071+0000] {spark_submit.py:571} INFO - 24/05/15 23:42:28 INFO BlockManager: Initialized BlockManager: BlockManagerId(driver, fb6491796190, 34869, None)
[2024-05-15T23:42:28.173+0000] {spark_submit.py:571} INFO - 24/05/15 23:42:28 INFO StandaloneSchedulerBackend: SchedulerBackend is ready for scheduling beginning after reached minRegisteredResourcesRatio: 0.0
[2024-05-15T23:42:28.301+0000] {spark_submit.py:571} INFO - 24/05/15 23:42:28 INFO SharedState: Setting hive.metastore.warehouse.dir ('null') to the value of spark.sql.warehouse.dir.
[2024-05-15T23:42:28.304+0000] {spark_submit.py:571} INFO - 24/05/15 23:42:28 INFO SharedState: Warehouse path is 'file:/opt/***/spark-warehouse'.
[2024-05-15T23:42:29.124+0000] {spark_submit.py:571} INFO - Traceback (most recent call last):
[2024-05-15T23:42:29.125+0000] {spark_submit.py:571} INFO - File "/opt/***/dags/includes/jobs/spark_consumer.py", line 76, in <module>
[2024-05-15T23:42:29.125+0000] {spark_submit.py:571} INFO - .load())
[2024-05-15T23:42:29.126+0000] {spark_submit.py:571} INFO - ^^^^^^
[2024-05-15T23:42:29.126+0000] {spark_submit.py:571} INFO - File "/home/***/.local/lib/python3.12/site-packages/pyspark/python/lib/pyspark.zip/pyspark/sql/streaming/readwriter.py", line 304, in load
[2024-05-15T23:42:29.126+0000] {spark_submit.py:571} INFO - File "/home/***/.local/lib/python3.12/site-packages/pyspark/python/lib/py4j-0.10.9.7-src.zip/py4j/java_gateway.py", line 1322, in __call__
[2024-05-15T23:42:29.126+0000] {spark_submit.py:571} INFO - File "/home/***/.local/lib/python3.12/site-packages/pyspark/python/lib/pyspark.zip/pyspark/errors/exceptions/captured.py", line 185, in deco
[2024-05-15T23:42:29.131+0000] {spark_submit.py:571} INFO - pyspark.errors.exceptions.captured.AnalysisException: Failed to find data source: kafka. Please deploy the application as per the deployment section of Structured Streaming + Kafka Integration Guide.
[2024-05-15T23:42:29.132+0000] {spark_submit.py:571} INFO - INFO:py4j.clientserver:Closing down clientserver connection
[2024-05-15T23:42:29.238+0000] {spark_submit.py:571} INFO - 24/05/15 23:42:29 INFO SparkContext: Invoking stop() from shutdown hook
[2024-05-15T23:42:29.239+0000] {spark_submit.py:571} INFO - 24/05/15 23:42:29 INFO SparkContext: SparkContext is stopping with exitCode 0.
[2024-05-15T23:42:29.245+0000] {spark_submit.py:571} INFO - 24/05/15 23:42:29 INFO SparkUI: Stopped Spark web UI at http://fb6491796190:4040
[2024-05-15T23:42:29.248+0000] {spark_submit.py:571} INFO - 24/05/15 23:42:29 INFO StandaloneSchedulerBackend: Shutting down all executors
[2024-05-15T23:42:29.251+0000] {spark_submit.py:571} INFO - 24/05/15 23:42:29 INFO StandaloneSchedulerBackend$StandaloneDriverEndpoint: Asking each executor to shut down
[2024-05-15T23:42:29.281+0000] {spark_submit.py:571} INFO - 24/05/15 23:42:29 INFO MapOutputTrackerMasterEndpoint: MapOutputTrackerMasterEndpoint stopped!
[2024-05-15T23:42:29.317+0000] {spark_submit.py:571} INFO - 24/05/15 23:42:29 INFO MemoryStore: MemoryStore cleared
[2024-05-15T23:42:29.318+0000] {spark_submit.py:571} INFO - 24/05/15 23:42:29 INFO BlockManager: BlockManager stopped
[2024-05-15T23:42:29.321+0000] {spark_submit.py:571} INFO - 24/05/15 23:42:29 INFO BlockManagerMaster: BlockManagerMaster stopped
[2024-05-15T23:42:29.322+0000] {spark_submit.py:571} INFO - 24/05/15 23:42:29 INFO OutputCommitCoordinator$OutputCommitCoordinatorEndpoint: OutputCommitCoordinator stopped!
[2024-05-15T23:42:29.334+0000] {spark_submit.py:571} INFO - 24/05/15 23:42:29 INFO SparkContext: Successfully stopped SparkContext
[2024-05-15T23:42:29.334+0000] {spark_submit.py:571} INFO - 24/05/15 23:42:29 INFO ShutdownHookManager: Shutdown hook called
[2024-05-15T23:42:29.335+0000] {spark_submit.py:571} INFO - 24/05/15 23:42:29 INFO ShutdownHookManager: Deleting directory /tmp/spark-8086f73c-2829-4b28-bc7f-92ef372c4fad/pyspark-d0ca3b13-a9e6-43db-b530-2b4b93b3841d
[2024-05-15T23:42:29.341+0000] {spark_submit.py:571} INFO - 24/05/15 23:42:29 INFO ShutdownHookManager: Deleting directory /tmp/spark-8086f73c-2829-4b28-bc7f-92ef372c4fad
[2024-05-15T23:42:29.348+0000] {spark_submit.py:571} INFO - 24/05/15 23:42:29 INFO ShutdownHookManager: Deleting directory /tmp/spark-613d4144-9eaf-4496-bd2f-8eba0a3a71d0
[2024-05-15T23:42:29.387+0000] {taskinstance.py:441} INFO - ::group::Post task execution logs
[2024-05-15T23:42:29.406+0000] {taskinstance.py:2905} ERROR - Task failed with exception
Traceback (most recent call last):
  File "/home/airflow/.local/lib/python3.12/site-packages/airflow/models/taskinstance.py", line 465, in _execute_task
    result = _execute_callable(context=context, **execute_callable_kwargs)
             ^^^^^^^^^^^^^^^^^^^^^^^^^^^^^^^^^^^^^^^^^^^^^^^^^^^^^^^^^^^^^
  File "/home/airflow/.local/lib/python3.12/site-packages/airflow/models/taskinstance.py", line 432, in _execute_callable
    return execute_callable(context=context, **execute_callable_kwargs)
           ^^^^^^^^^^^^^^^^^^^^^^^^^^^^^^^^^^^^^^^^^^^^^^^^^^^^^^^^^^^^
  File "/home/airflow/.local/lib/python3.12/site-packages/airflow/models/baseoperator.py", line 400, in wrapper
    return func(self, *args, **kwargs)
           ^^^^^^^^^^^^^^^^^^^^^^^^^^^
  File "/home/airflow/.local/lib/python3.12/site-packages/airflow/providers/apache/spark/operators/spark_submit.py", line 174, in execute
    self._hook.submit(self.application)
  File "/home/airflow/.local/lib/python3.12/site-packages/airflow/providers/apache/spark/hooks/spark_submit.py", line 502, in submit
    raise AirflowException(
airflow.exceptions.AirflowException: Cannot execute: spark-submit --master spark://spark-master:7077 --num-executors 1 --total-executor-cores 1 --executor-cores 1 --executor-memory 2g --driver-memory 2g --name arrow-spark --deploy-mode client dags/includes/jobs/spark_consumer.py. Error code is: 1.
[2024-05-15T23:42:29.411+0000] {taskinstance.py:1206} INFO - Marking task as UP_FOR_RETRY. dag_id=Webscrape, task_id=Process_Send_Data, run_id=manual__2024-05-15T23:38:10.994472+00:00, execution_date=20240515T233810, start_date=20240515T234225, end_date=20240515T234229
[2024-05-15T23:42:29.434+0000] {standard_task_runner.py:110} ERROR - Failed to execute job 157 for task Process_Send_Data (Cannot execute: spark-submit --master spark://spark-master:7077 --num-executors 1 --total-executor-cores 1 --executor-cores 1 --executor-memory 2g --driver-memory 2g --name arrow-spark --deploy-mode client dags/includes/jobs/spark_consumer.py. Error code is: 1.; 2265)
[2024-05-15T23:42:29.483+0000] {local_task_job_runner.py:240} INFO - Task exited with return code 1
[2024-05-15T23:42:29.505+0000] {taskinstance.py:3498} INFO - 0 downstream tasks scheduled from follow-on schedule check
[2024-05-15T23:42:29.507+0000] {local_task_job_runner.py:222} INFO - ::endgroup::
