[2024-05-15T23:48:44.204+0000] {local_task_job_runner.py:120} INFO - ::group::Pre task execution logs
[2024-05-15T23:48:44.236+0000] {taskinstance.py:2076} INFO - Dependencies all met for dep_context=non-requeueable deps ti=<TaskInstance: Webscrape.Process_Send_Data manual__2024-05-15T23:38:10.994472+00:00 [queued]>
[2024-05-15T23:48:44.240+0000] {taskinstance.py:2076} INFO - Dependencies all met for dep_context=requeueable deps ti=<TaskInstance: Webscrape.Process_Send_Data manual__2024-05-15T23:38:10.994472+00:00 [queued]>
[2024-05-15T23:48:44.241+0000] {taskinstance.py:2306} INFO - Starting attempt 6 of 6
[2024-05-15T23:48:44.246+0000] {taskinstance.py:2330} INFO - Executing <Task(SparkSubmitOperator): Process_Send_Data> on 2024-05-15 23:38:10.994472+00:00
[2024-05-15T23:48:44.258+0000] {standard_task_runner.py:90} INFO - Running: ['***', 'tasks', 'run', 'Webscrape', 'Process_Send_Data', 'manual__2024-05-15T23:38:10.994472+00:00', '--job-id', '160', '--raw', '--subdir', 'DAGS_FOLDER/webscrapping.py', '--cfg-path', '/tmp/tmp9748pg17']
[2024-05-15T23:48:44.268+0000] {logging_mixin.py:188} WARNING - /home/***/.local/lib/python3.12/site-packages/***/task/task_runner/standard_task_runner.py:61 DeprecationWarning: This process (pid=2808) is multi-threaded, use of fork() may lead to deadlocks in the child.
[2024-05-15T23:48:44.269+0000] {standard_task_runner.py:91} INFO - Job 160: Subtask Process_Send_Data
[2024-05-15T23:48:44.270+0000] {standard_task_runner.py:63} INFO - Started process 2809 to run task
[2024-05-15T23:48:44.327+0000] {task_command.py:426} INFO - Running <TaskInstance: Webscrape.Process_Send_Data manual__2024-05-15T23:38:10.994472+00:00 [running]> on host fb6491796190
[2024-05-15T23:48:44.412+0000] {taskinstance.py:2648} INFO - Exporting env vars: AIRFLOW_CTX_DAG_OWNER='svc' AIRFLOW_CTX_DAG_ID='Webscrape' AIRFLOW_CTX_TASK_ID='Process_Send_Data' AIRFLOW_CTX_EXECUTION_DATE='2024-05-15T23:38:10.994472+00:00' AIRFLOW_CTX_TRY_NUMBER='6' AIRFLOW_CTX_DAG_RUN_ID='manual__2024-05-15T23:38:10.994472+00:00'
[2024-05-15T23:48:44.413+0000] {taskinstance.py:430} INFO - ::endgroup::
[2024-05-15T23:48:44.442+0000] {base.py:84} INFO - Using connection ID 'spark_default' for task execution.
[2024-05-15T23:48:44.443+0000] {spark_submit.py:401} INFO - Spark-Submit cmd: spark-submit --master spark://spark-master:7077 --num-executors 1 --total-executor-cores 1 --executor-cores 1 --executor-memory 2g --driver-memory 2g --name arrow-spark --deploy-mode client dags/includes/jobs/spark_consumer.py
[2024-05-15T23:48:46.853+0000] {spark_submit.py:571} INFO - 24/05/15 23:48:46 INFO SparkContext: Running Spark version 3.5.1
[2024-05-15T23:48:46.855+0000] {spark_submit.py:571} INFO - 24/05/15 23:48:46 INFO SparkContext: OS info Linux, 6.6.26-linuxkit, aarch64
[2024-05-15T23:48:46.856+0000] {spark_submit.py:571} INFO - 24/05/15 23:48:46 INFO SparkContext: Java version 17.0.11
[2024-05-15T23:48:46.894+0000] {spark_submit.py:571} INFO - 24/05/15 23:48:46 WARN NativeCodeLoader: Unable to load native-hadoop library for your platform... using builtin-java classes where applicable
[2024-05-15T23:48:46.944+0000] {spark_submit.py:571} INFO - 24/05/15 23:48:46 INFO ResourceUtils: ==============================================================
[2024-05-15T23:48:46.945+0000] {spark_submit.py:571} INFO - 24/05/15 23:48:46 INFO ResourceUtils: No custom resources configured for spark.driver.
[2024-05-15T23:48:46.946+0000] {spark_submit.py:571} INFO - 24/05/15 23:48:46 INFO ResourceUtils: ==============================================================
[2024-05-15T23:48:46.946+0000] {spark_submit.py:571} INFO - 24/05/15 23:48:46 INFO SparkContext: Submitted application: Redfin_Properties_Consumer
[2024-05-15T23:48:46.957+0000] {spark_submit.py:571} INFO - 24/05/15 23:48:46 INFO ResourceProfile: Default ResourceProfile created, executor resources: Map(cores -> name: cores, amount: 1, script: , vendor: , memory -> name: memory, amount: 2048, script: , vendor: , offHeap -> name: offHeap, amount: 0, script: , vendor: ), task resources: Map(cpus -> name: cpus, amount: 1.0)
[2024-05-15T23:48:46.962+0000] {spark_submit.py:571} INFO - 24/05/15 23:48:46 INFO ResourceProfile: Limiting resource is cpus at 1 tasks per executor
[2024-05-15T23:48:46.963+0000] {spark_submit.py:571} INFO - 24/05/15 23:48:46 INFO ResourceProfileManager: Added ResourceProfile id: 0
[2024-05-15T23:48:46.989+0000] {spark_submit.py:571} INFO - 24/05/15 23:48:46 INFO SecurityManager: Changing view acls to: ***
[2024-05-15T23:48:46.990+0000] {spark_submit.py:571} INFO - 24/05/15 23:48:46 INFO SecurityManager: Changing modify acls to: ***
[2024-05-15T23:48:46.990+0000] {spark_submit.py:571} INFO - 24/05/15 23:48:46 INFO SecurityManager: Changing view acls groups to:
[2024-05-15T23:48:46.990+0000] {spark_submit.py:571} INFO - 24/05/15 23:48:46 INFO SecurityManager: Changing modify acls groups to:
[2024-05-15T23:48:46.990+0000] {spark_submit.py:571} INFO - 24/05/15 23:48:46 INFO SecurityManager: SecurityManager: authentication disabled; ui acls disabled; users with view permissions: ***; groups with view permissions: EMPTY; users with modify permissions: ***; groups with modify permissions: EMPTY
[2024-05-15T23:48:47.123+0000] {spark_submit.py:571} INFO - 24/05/15 23:48:47 INFO Utils: Successfully started service 'sparkDriver' on port 33763.
[2024-05-15T23:48:47.140+0000] {spark_submit.py:571} INFO - 24/05/15 23:48:47 INFO SparkEnv: Registering MapOutputTracker
[2024-05-15T23:48:47.163+0000] {spark_submit.py:571} INFO - 24/05/15 23:48:47 INFO SparkEnv: Registering BlockManagerMaster
[2024-05-15T23:48:47.175+0000] {spark_submit.py:571} INFO - 24/05/15 23:48:47 INFO BlockManagerMasterEndpoint: Using org.apache.spark.storage.DefaultTopologyMapper for getting topology information
[2024-05-15T23:48:47.175+0000] {spark_submit.py:571} INFO - 24/05/15 23:48:47 INFO BlockManagerMasterEndpoint: BlockManagerMasterEndpoint up
[2024-05-15T23:48:47.178+0000] {spark_submit.py:571} INFO - 24/05/15 23:48:47 INFO SparkEnv: Registering BlockManagerMasterHeartbeat
[2024-05-15T23:48:47.196+0000] {spark_submit.py:571} INFO - 24/05/15 23:48:47 INFO DiskBlockManager: Created local directory at /tmp/blockmgr-8b9ae173-7b5e-4178-b0a9-cce5af0f89cf
[2024-05-15T23:48:47.203+0000] {spark_submit.py:571} INFO - 24/05/15 23:48:47 INFO MemoryStore: MemoryStore started with capacity 1048.8 MiB
[2024-05-15T23:48:47.223+0000] {spark_submit.py:571} INFO - 24/05/15 23:48:47 INFO SparkEnv: Registering OutputCommitCoordinator
[2024-05-15T23:48:47.326+0000] {spark_submit.py:571} INFO - 24/05/15 23:48:47 INFO JettyUtils: Start Jetty 0.0.0.0:4040 for SparkUI
[2024-05-15T23:48:47.395+0000] {spark_submit.py:571} INFO - 24/05/15 23:48:47 INFO Utils: Successfully started service 'SparkUI' on port 4040.
[2024-05-15T23:48:47.468+0000] {spark_submit.py:571} INFO - 24/05/15 23:48:47 INFO StandaloneAppClient$ClientEndpoint: Connecting to master spark://spark-master:7077...
[2024-05-15T23:48:47.510+0000] {spark_submit.py:571} INFO - 24/05/15 23:48:47 INFO TransportClientFactory: Successfully created connection to spark-master/172.30.0.2:7077 after 26 ms (0 ms spent in bootstraps)
[2024-05-15T23:48:47.622+0000] {spark_submit.py:571} INFO - 24/05/15 23:48:47 INFO StandaloneSchedulerBackend: Connected to Spark cluster with app ID app-20240515234847-0010
[2024-05-15T23:48:47.631+0000] {spark_submit.py:571} INFO - 24/05/15 23:48:47 INFO Utils: Successfully started service 'org.apache.spark.network.netty.NettyBlockTransferService' on port 32959.
[2024-05-15T23:48:47.632+0000] {spark_submit.py:571} INFO - 24/05/15 23:48:47 INFO NettyBlockTransferService: Server created on fb6491796190:32959
[2024-05-15T23:48:47.633+0000] {spark_submit.py:571} INFO - 24/05/15 23:48:47 INFO BlockManager: Using org.apache.spark.storage.RandomBlockReplicationPolicy for block replication policy
[2024-05-15T23:48:47.637+0000] {spark_submit.py:571} INFO - 24/05/15 23:48:47 INFO BlockManagerMaster: Registering BlockManager BlockManagerId(driver, fb6491796190, 32959, None)
[2024-05-15T23:48:47.640+0000] {spark_submit.py:571} INFO - 24/05/15 23:48:47 INFO BlockManagerMasterEndpoint: Registering block manager fb6491796190:32959 with 1048.8 MiB RAM, BlockManagerId(driver, fb6491796190, 32959, None)
[2024-05-15T23:48:47.641+0000] {spark_submit.py:571} INFO - 24/05/15 23:48:47 INFO BlockManagerMaster: Registered BlockManager BlockManagerId(driver, fb6491796190, 32959, None)
[2024-05-15T23:48:47.642+0000] {spark_submit.py:571} INFO - 24/05/15 23:48:47 INFO BlockManager: Initialized BlockManager: BlockManagerId(driver, fb6491796190, 32959, None)
[2024-05-15T23:48:47.777+0000] {spark_submit.py:571} INFO - 24/05/15 23:48:47 INFO StandaloneSchedulerBackend: SchedulerBackend is ready for scheduling beginning after reached minRegisteredResourcesRatio: 0.0
[2024-05-15T23:48:47.929+0000] {spark_submit.py:571} INFO - 24/05/15 23:48:47 INFO SharedState: Setting hive.metastore.warehouse.dir ('null') to the value of spark.sql.warehouse.dir.
[2024-05-15T23:48:47.932+0000] {spark_submit.py:571} INFO - 24/05/15 23:48:47 INFO SharedState: Warehouse path is 'file:/opt/***/spark-warehouse'.
[2024-05-15T23:48:48.746+0000] {spark_submit.py:571} INFO - Traceback (most recent call last):
[2024-05-15T23:48:48.749+0000] {spark_submit.py:571} INFO - File "/opt/***/dags/includes/jobs/spark_consumer.py", line 76, in <module>
[2024-05-15T23:48:48.749+0000] {spark_submit.py:571} INFO - .load())
[2024-05-15T23:48:48.749+0000] {spark_submit.py:571} INFO - ^^^^^^
[2024-05-15T23:48:48.751+0000] {spark_submit.py:571} INFO - File "/home/***/.local/lib/python3.12/site-packages/pyspark/python/lib/pyspark.zip/pyspark/sql/streaming/readwriter.py", line 304, in load
[2024-05-15T23:48:48.751+0000] {spark_submit.py:571} INFO - File "/home/***/.local/lib/python3.12/site-packages/pyspark/python/lib/py4j-0.10.9.7-src.zip/py4j/java_gateway.py", line 1322, in __call__
[2024-05-15T23:48:48.751+0000] {spark_submit.py:571} INFO - File "/home/***/.local/lib/python3.12/site-packages/pyspark/python/lib/pyspark.zip/pyspark/errors/exceptions/captured.py", line 185, in deco
[2024-05-15T23:48:48.752+0000] {spark_submit.py:571} INFO - pyspark.errors.exceptions.captured.AnalysisException: Failed to find data source: kafka. Please deploy the application as per the deployment section of Structured Streaming + Kafka Integration Guide.
[2024-05-15T23:48:48.753+0000] {spark_submit.py:571} INFO - INFO:py4j.clientserver:Closing down clientserver connection
[2024-05-15T23:48:48.858+0000] {spark_submit.py:571} INFO - 24/05/15 23:48:48 INFO SparkContext: Invoking stop() from shutdown hook
[2024-05-15T23:48:48.858+0000] {spark_submit.py:571} INFO - 24/05/15 23:48:48 INFO SparkContext: SparkContext is stopping with exitCode 0.
[2024-05-15T23:48:48.865+0000] {spark_submit.py:571} INFO - 24/05/15 23:48:48 INFO SparkUI: Stopped Spark web UI at http://fb6491796190:4040
[2024-05-15T23:48:48.867+0000] {spark_submit.py:571} INFO - 24/05/15 23:48:48 INFO StandaloneSchedulerBackend: Shutting down all executors
[2024-05-15T23:48:48.871+0000] {spark_submit.py:571} INFO - 24/05/15 23:48:48 INFO StandaloneSchedulerBackend$StandaloneDriverEndpoint: Asking each executor to shut down
[2024-05-15T23:48:48.884+0000] {spark_submit.py:571} INFO - 24/05/15 23:48:48 INFO MapOutputTrackerMasterEndpoint: MapOutputTrackerMasterEndpoint stopped!
[2024-05-15T23:48:48.908+0000] {spark_submit.py:571} INFO - 24/05/15 23:48:48 INFO MemoryStore: MemoryStore cleared
[2024-05-15T23:48:48.908+0000] {spark_submit.py:571} INFO - 24/05/15 23:48:48 INFO BlockManager: BlockManager stopped
[2024-05-15T23:48:48.912+0000] {spark_submit.py:571} INFO - 24/05/15 23:48:48 INFO BlockManagerMaster: BlockManagerMaster stopped
[2024-05-15T23:48:48.913+0000] {spark_submit.py:571} INFO - 24/05/15 23:48:48 INFO OutputCommitCoordinator$OutputCommitCoordinatorEndpoint: OutputCommitCoordinator stopped!
[2024-05-15T23:48:48.936+0000] {spark_submit.py:571} INFO - 24/05/15 23:48:48 INFO SparkContext: Successfully stopped SparkContext
[2024-05-15T23:48:48.937+0000] {spark_submit.py:571} INFO - 24/05/15 23:48:48 INFO ShutdownHookManager: Shutdown hook called
[2024-05-15T23:48:48.937+0000] {spark_submit.py:571} INFO - 24/05/15 23:48:48 INFO ShutdownHookManager: Deleting directory /tmp/spark-1cc253e5-0d44-470e-8e23-6b09ee8a647e
[2024-05-15T23:48:48.943+0000] {spark_submit.py:571} INFO - 24/05/15 23:48:48 INFO ShutdownHookManager: Deleting directory /tmp/spark-1cc253e5-0d44-470e-8e23-6b09ee8a647e/pyspark-ef153977-af38-47c8-a843-72b5f314c9e7
[2024-05-15T23:48:48.950+0000] {spark_submit.py:571} INFO - 24/05/15 23:48:48 INFO ShutdownHookManager: Deleting directory /tmp/spark-963f3506-73c1-468d-b4cf-8fadd70594e3
[2024-05-15T23:48:48.981+0000] {taskinstance.py:441} INFO - ::group::Post task execution logs
[2024-05-15T23:48:49.012+0000] {taskinstance.py:2905} ERROR - Task failed with exception
Traceback (most recent call last):
  File "/home/airflow/.local/lib/python3.12/site-packages/airflow/models/taskinstance.py", line 465, in _execute_task
    result = _execute_callable(context=context, **execute_callable_kwargs)
             ^^^^^^^^^^^^^^^^^^^^^^^^^^^^^^^^^^^^^^^^^^^^^^^^^^^^^^^^^^^^^
  File "/home/airflow/.local/lib/python3.12/site-packages/airflow/models/taskinstance.py", line 432, in _execute_callable
    return execute_callable(context=context, **execute_callable_kwargs)
           ^^^^^^^^^^^^^^^^^^^^^^^^^^^^^^^^^^^^^^^^^^^^^^^^^^^^^^^^^^^^
  File "/home/airflow/.local/lib/python3.12/site-packages/airflow/models/baseoperator.py", line 400, in wrapper
    return func(self, *args, **kwargs)
           ^^^^^^^^^^^^^^^^^^^^^^^^^^^
  File "/home/airflow/.local/lib/python3.12/site-packages/airflow/providers/apache/spark/operators/spark_submit.py", line 174, in execute
    self._hook.submit(self.application)
  File "/home/airflow/.local/lib/python3.12/site-packages/airflow/providers/apache/spark/hooks/spark_submit.py", line 502, in submit
    raise AirflowException(
airflow.exceptions.AirflowException: Cannot execute: spark-submit --master spark://spark-master:7077 --num-executors 1 --total-executor-cores 1 --executor-cores 1 --executor-memory 2g --driver-memory 2g --name arrow-spark --deploy-mode client dags/includes/jobs/spark_consumer.py. Error code is: 1.
[2024-05-15T23:48:49.018+0000] {taskinstance.py:1206} INFO - Marking task as FAILED. dag_id=Webscrape, task_id=Process_Send_Data, run_id=manual__2024-05-15T23:38:10.994472+00:00, execution_date=20240515T233810, start_date=20240515T234844, end_date=20240515T234849
[2024-05-15T23:48:49.030+0000] {standard_task_runner.py:110} ERROR - Failed to execute job 160 for task Process_Send_Data (Cannot execute: spark-submit --master spark://spark-master:7077 --num-executors 1 --total-executor-cores 1 --executor-cores 1 --executor-memory 2g --driver-memory 2g --name arrow-spark --deploy-mode client dags/includes/jobs/spark_consumer.py. Error code is: 1.; 2809)
[2024-05-15T23:48:49.070+0000] {local_task_job_runner.py:240} INFO - Task exited with return code 1
[2024-05-15T23:48:49.106+0000] {taskinstance.py:3498} INFO - 0 downstream tasks scheduled from follow-on schedule check
[2024-05-15T23:48:49.108+0000] {local_task_job_runner.py:222} INFO - ::endgroup::
