[2024-05-20T15:22:20.023+0000] {local_task_job_runner.py:120} INFO - ::group::Pre task execution logs
[2024-05-20T15:22:20.065+0000] {taskinstance.py:2076} INFO - Dependencies all met for dep_context=non-requeueable deps ti=<TaskInstance: Redfin_Webscraping_ETL.Process_and_Send_Data_to_DB manual__2024-05-20T15:22:17.473694+00:00 [queued]>
[2024-05-20T15:22:20.072+0000] {taskinstance.py:2076} INFO - Dependencies all met for dep_context=requeueable deps ti=<TaskInstance: Redfin_Webscraping_ETL.Process_and_Send_Data_to_DB manual__2024-05-20T15:22:17.473694+00:00 [queued]>
[2024-05-20T15:22:20.072+0000] {taskinstance.py:2306} INFO - Starting attempt 1 of 6
[2024-05-20T15:22:20.090+0000] {taskinstance.py:2330} INFO - Executing <Task(SparkSubmitOperator): Process_and_Send_Data_to_DB> on 2024-05-20 15:22:17.473694+00:00
[2024-05-20T15:22:20.116+0000] {standard_task_runner.py:63} INFO - Started process 238 to run task
[2024-05-20T15:22:20.125+0000] {standard_task_runner.py:90} INFO - Running: ['***', 'tasks', 'run', 'Redfin_Webscraping_ETL', 'Process_and_Send_Data_to_DB', 'manual__2024-05-20T15:22:17.473694+00:00', '--job-id', '472', '--raw', '--subdir', 'DAGS_FOLDER/webscrapping.py', '--cfg-path', '/tmp/tmpi9g_1oy7']
[2024-05-20T15:22:20.129+0000] {standard_task_runner.py:91} INFO - Job 472: Subtask Process_and_Send_Data_to_DB
[2024-05-20T15:22:20.218+0000] {task_command.py:426} INFO - Running <TaskInstance: Redfin_Webscraping_ETL.Process_and_Send_Data_to_DB manual__2024-05-20T15:22:17.473694+00:00 [running]> on host f39758f400c5
[2024-05-20T15:22:20.381+0000] {taskinstance.py:2648} INFO - Exporting env vars: AIRFLOW_CTX_DAG_OWNER='svc' AIRFLOW_CTX_DAG_ID='Redfin_Webscraping_ETL' AIRFLOW_CTX_TASK_ID='Process_and_Send_Data_to_DB' AIRFLOW_CTX_EXECUTION_DATE='2024-05-20T15:22:17.473694+00:00' AIRFLOW_CTX_TRY_NUMBER='1' AIRFLOW_CTX_DAG_RUN_ID='manual__2024-05-20T15:22:17.473694+00:00'
[2024-05-20T15:22:20.383+0000] {taskinstance.py:430} INFO - ::endgroup::
[2024-05-20T15:22:20.449+0000] {base.py:84} INFO - Using connection ID 'spark_default' for task execution.
[2024-05-20T15:22:20.452+0000] {spark_submit.py:401} INFO - Spark-Submit cmd: spark-submit --master spark://spark-master:7077 --packages org.apache.spark:spark-sql-kafka-0-10_2.12:3.5.1,com.datastax.spark:spark-cassandra-connector_2.12:3.5.0,org.apache.kafka:kafka-clients:3.5.1,commons-logging:commons-logging:1.2 --name arrow-spark --deploy-mode client dags/includes/jobs/spark_consumer.py
[2024-05-20T15:22:21.442+0000] {spark_submit.py:571} INFO - /home/***/.local/lib/python3.11/site-packages/pyspark/bin/load-spark-env.sh: line 68: ps: command not found
[2024-05-20T15:22:25.905+0000] {spark_submit.py:571} INFO - :: loading settings :: url = jar:file:/home/***/.local/lib/python3.11/site-packages/pyspark/jars/ivy-2.5.1.jar!/org/apache/ivy/core/settings/ivysettings.xml
[2024-05-20T15:22:26.020+0000] {spark_submit.py:571} INFO - Ivy Default Cache set to: /home/***/.ivy2/cache
[2024-05-20T15:22:26.021+0000] {spark_submit.py:571} INFO - The jars for the packages stored in: /home/***/.ivy2/jars
[2024-05-20T15:22:26.023+0000] {spark_submit.py:571} INFO - org.apache.spark#spark-sql-kafka-0-10_2.12 added as a dependency
[2024-05-20T15:22:26.024+0000] {spark_submit.py:571} INFO - com.datastax.spark#spark-cassandra-connector_2.12 added as a dependency
[2024-05-20T15:22:26.024+0000] {spark_submit.py:571} INFO - org.apache.kafka#kafka-clients added as a dependency
[2024-05-20T15:22:26.024+0000] {spark_submit.py:571} INFO - commons-logging#commons-logging added as a dependency
[2024-05-20T15:22:26.024+0000] {spark_submit.py:571} INFO - :: resolving dependencies :: org.apache.spark#spark-submit-parent-d97cfc14-0859-409d-b8aa-7e8e5007ebac;1.0
[2024-05-20T15:22:26.024+0000] {spark_submit.py:571} INFO - confs: [default]
[2024-05-20T15:22:28.934+0000] {spark_submit.py:571} INFO - found org.apache.spark#spark-sql-kafka-0-10_2.12;3.5.1 in central
[2024-05-20T15:22:29.146+0000] {spark_submit.py:571} INFO - found org.apache.spark#spark-token-provider-kafka-0-10_2.12;3.5.1 in central
[2024-05-20T15:22:30.386+0000] {spark_submit.py:571} INFO - found org.apache.hadoop#hadoop-client-runtime;3.3.4 in central
[2024-05-20T15:22:30.563+0000] {spark_submit.py:571} INFO - found org.apache.hadoop#hadoop-client-api;3.3.4 in central
[2024-05-20T15:22:30.654+0000] {spark_submit.py:571} INFO - found org.xerial.snappy#snappy-java;1.1.10.3 in central
[2024-05-20T15:22:31.276+0000] {spark_submit.py:571} INFO - found org.slf4j#slf4j-api;2.0.7 in central
[2024-05-20T15:22:31.559+0000] {spark_submit.py:571} INFO - found com.google.code.findbugs#jsr305;3.0.0 in central
[2024-05-20T15:22:33.156+0000] {spark_submit.py:571} INFO - found org.apache.commons#commons-pool2;2.11.1 in central
[2024-05-20T15:22:33.263+0000] {spark_submit.py:571} INFO - found com.datastax.spark#spark-cassandra-connector_2.12;3.5.0 in central
[2024-05-20T15:22:33.362+0000] {spark_submit.py:571} INFO - found com.datastax.spark#spark-cassandra-connector-driver_2.12;3.5.0 in central
[2024-05-20T15:22:33.453+0000] {spark_submit.py:571} INFO - found org.scala-lang.modules#scala-collection-compat_2.12;2.11.0 in central
[2024-05-20T15:22:34.955+0000] {spark_submit.py:571} INFO - found com.datastax.oss#java-driver-core-shaded;4.13.0 in central
[2024-05-20T15:22:35.051+0000] {spark_submit.py:571} INFO - found com.datastax.oss#native-protocol;1.5.0 in central
[2024-05-20T15:22:35.196+0000] {spark_submit.py:571} INFO - found com.datastax.oss#java-driver-shaded-guava;25.1-jre-graal-sub-1 in central
[2024-05-20T15:22:35.315+0000] {spark_submit.py:571} INFO - found com.typesafe#config;1.4.1 in central
[2024-05-20T15:22:35.886+0000] {spark_submit.py:571} INFO - found io.dropwizard.metrics#metrics-core;4.1.18 in central
[2024-05-20T15:22:36.010+0000] {spark_submit.py:571} INFO - found org.hdrhistogram#HdrHistogram;2.1.12 in central
[2024-05-20T15:22:36.131+0000] {spark_submit.py:571} INFO - found org.reactivestreams#reactive-streams;1.0.3 in central
[2024-05-20T15:22:36.548+0000] {spark_submit.py:571} INFO - found com.github.stephenc.jcip#jcip-annotations;1.0-1 in central
[2024-05-20T15:22:36.622+0000] {spark_submit.py:571} INFO - found com.github.spotbugs#spotbugs-annotations;3.1.12 in central
[2024-05-20T15:22:36.712+0000] {spark_submit.py:571} INFO - found com.google.code.findbugs#jsr305;3.0.2 in central
[2024-05-20T15:22:36.820+0000] {spark_submit.py:571} INFO - found com.datastax.oss#java-driver-mapper-runtime;4.13.0 in central
[2024-05-20T15:22:36.907+0000] {spark_submit.py:571} INFO - found com.datastax.oss#java-driver-query-builder;4.13.0 in central
[2024-05-20T15:22:37.902+0000] {spark_submit.py:571} INFO - found org.apache.commons#commons-lang3;3.10 in central
[2024-05-20T15:22:38.428+0000] {spark_submit.py:571} INFO - found com.thoughtworks.paranamer#paranamer;2.8 in central
[2024-05-20T15:22:38.517+0000] {spark_submit.py:571} INFO - found org.scala-lang#scala-reflect;2.12.11 in central
[2024-05-20T15:22:38.621+0000] {spark_submit.py:571} INFO - found org.apache.kafka#kafka-clients;3.5.1 in central
[2024-05-20T15:22:38.716+0000] {spark_submit.py:571} INFO - found com.github.luben#zstd-jni;1.5.5-1 in central
[2024-05-20T15:22:38.804+0000] {spark_submit.py:571} INFO - found org.lz4#lz4-java;1.8.0 in central
[2024-05-20T15:22:39.524+0000] {spark_submit.py:571} INFO - found commons-logging#commons-logging;1.2 in central
[2024-05-20T15:22:39.578+0000] {spark_submit.py:571} INFO - downloading https://repo1.maven.org/maven2/org/apache/spark/spark-sql-kafka-0-10_2.12/3.5.1/spark-sql-kafka-0-10_2.12-3.5.1.jar ...
[2024-05-20T15:22:39.746+0000] {spark_submit.py:571} INFO - [SUCCESSFUL ] org.apache.spark#spark-sql-kafka-0-10_2.12;3.5.1!spark-sql-kafka-0-10_2.12.jar (208ms)
[2024-05-20T15:22:39.811+0000] {spark_submit.py:571} INFO - downloading https://repo1.maven.org/maven2/com/datastax/spark/spark-cassandra-connector_2.12/3.5.0/spark-cassandra-connector_2.12-3.5.0.jar ...
[2024-05-20T15:22:40.306+0000] {spark_submit.py:571} INFO - [SUCCESSFUL ] com.datastax.spark#spark-cassandra-connector_2.12;3.5.0!spark-cassandra-connector_2.12.jar (559ms)
[2024-05-20T15:22:40.357+0000] {spark_submit.py:571} INFO - downloading https://repo1.maven.org/maven2/org/apache/kafka/kafka-clients/3.5.1/kafka-clients-3.5.1.jar ...
[2024-05-20T15:22:40.444+0000] {local_task_job_runner.py:310} WARNING - State of this instance has been externally set to failed. Terminating instance.
[2024-05-20T15:22:40.455+0000] {local_task_job_runner.py:222} INFO - ::endgroup::
[2024-05-20T15:22:40.463+0000] {process_utils.py:132} INFO - Sending 15 to group 238. PIDs of all processes in the group: [239, 238]
[2024-05-20T15:22:40.465+0000] {process_utils.py:87} INFO - Sending the signal 15 to group 238
[2024-05-20T15:22:40.466+0000] {taskinstance.py:2611} ERROR - Received SIGTERM. Terminating subprocesses.
[2024-05-20T15:22:40.467+0000] {spark_submit.py:697} INFO - Sending kill signal to spark-submit
[2024-05-20T15:22:40.468+0000] {taskinstance.py:441} INFO - ::group::Post task execution logs
[2024-05-20T15:22:40.524+0000] {process_utils.py:80} INFO - Process psutil.Process(pid=238, status='terminated', exitcode=0, started='15:22:20') (238) terminated with exit code 0
[2024-05-20T15:22:40.525+0000] {process_utils.py:80} INFO - Process psutil.Process(pid=239, status='terminated', started='15:22:20') (239) terminated with exit code None
