[2024-05-16T00:38:14.871+0000] {local_task_job_runner.py:120} INFO - ::group::Pre task execution logs
[2024-05-16T00:38:15.051+0000] {taskinstance.py:2076} INFO - Dependencies all met for dep_context=non-requeueable deps ti=<TaskInstance: Webscrape.Process_Send_Data manual__2024-05-16T00:36:00.025857+00:00 [queued]>
[2024-05-16T00:38:15.059+0000] {taskinstance.py:2076} INFO - Dependencies all met for dep_context=requeueable deps ti=<TaskInstance: Webscrape.Process_Send_Data manual__2024-05-16T00:36:00.025857+00:00 [queued]>
[2024-05-16T00:38:15.059+0000] {taskinstance.py:2306} INFO - Starting attempt 2 of 6
[2024-05-16T00:38:15.075+0000] {taskinstance.py:2330} INFO - Executing <Task(SparkSubmitOperator): Process_Send_Data> on 2024-05-16 00:36:00.025857+00:00
[2024-05-16T00:38:15.218+0000] {logging_mixin.py:188} WARNING - /home/***/.local/lib/python3.12/site-packages/***/task/task_runner/standard_task_runner.py:61 DeprecationWarning: This process (pid=2317) is multi-threaded, use of fork() may lead to deadlocks in the child.
[2024-05-16T00:38:15.124+0000] {standard_task_runner.py:90} INFO - Running: ['***', 'tasks', 'run', 'Webscrape', 'Process_Send_Data', 'manual__2024-05-16T00:36:00.025857+00:00', '--job-id', '179', '--raw', '--subdir', 'DAGS_FOLDER/webscrapping.py', '--cfg-path', '/tmp/tmpb_tisokp']
[2024-05-16T00:38:15.226+0000] {standard_task_runner.py:63} INFO - Started process 2318 to run task
[2024-05-16T00:38:15.227+0000] {standard_task_runner.py:91} INFO - Job 179: Subtask Process_Send_Data
[2024-05-16T00:38:15.426+0000] {task_command.py:426} INFO - Running <TaskInstance: Webscrape.Process_Send_Data manual__2024-05-16T00:36:00.025857+00:00 [running]> on host 1def91e7b936
[2024-05-16T00:38:15.561+0000] {taskinstance.py:2648} INFO - Exporting env vars: AIRFLOW_CTX_DAG_OWNER='svc' AIRFLOW_CTX_DAG_ID='Webscrape' AIRFLOW_CTX_TASK_ID='Process_Send_Data' AIRFLOW_CTX_EXECUTION_DATE='2024-05-16T00:36:00.025857+00:00' AIRFLOW_CTX_TRY_NUMBER='2' AIRFLOW_CTX_DAG_RUN_ID='manual__2024-05-16T00:36:00.025857+00:00'
[2024-05-16T00:38:15.563+0000] {taskinstance.py:430} INFO - ::endgroup::
[2024-05-16T00:38:15.597+0000] {base.py:84} INFO - Using connection ID 'spark_default' for task execution.
[2024-05-16T00:38:15.598+0000] {spark_submit.py:401} INFO - Spark-Submit cmd: spark-submit --master spark://spark-master:7077 --num-executors 1 --total-executor-cores 1 --executor-cores 1 --executor-memory 2g --driver-memory 2g --name arrow-spark --deploy-mode client dags/includes/jobs/spark_consumer.py
[2024-05-16T00:38:19.436+0000] {spark_submit.py:571} INFO - 24/05/16 00:38:19 INFO SparkContext: Running Spark version 3.5.1
[2024-05-16T00:38:19.441+0000] {spark_submit.py:571} INFO - 24/05/16 00:38:19 INFO SparkContext: OS info Linux, 6.6.26-linuxkit, aarch64
[2024-05-16T00:38:19.444+0000] {spark_submit.py:571} INFO - 24/05/16 00:38:19 INFO SparkContext: Java version 17.0.11
[2024-05-16T00:38:19.524+0000] {spark_submit.py:571} INFO - 24/05/16 00:38:19 WARN NativeCodeLoader: Unable to load native-hadoop library for your platform... using builtin-java classes where applicable
[2024-05-16T00:38:19.624+0000] {spark_submit.py:571} INFO - 24/05/16 00:38:19 INFO ResourceUtils: ==============================================================
[2024-05-16T00:38:19.626+0000] {spark_submit.py:571} INFO - 24/05/16 00:38:19 INFO ResourceUtils: No custom resources configured for spark.driver.
[2024-05-16T00:38:19.627+0000] {spark_submit.py:571} INFO - 24/05/16 00:38:19 INFO ResourceUtils: ==============================================================
[2024-05-16T00:38:19.627+0000] {spark_submit.py:571} INFO - 24/05/16 00:38:19 INFO SparkContext: Submitted application: Redfin_Properties_Consumer
[2024-05-16T00:38:19.644+0000] {spark_submit.py:571} INFO - 24/05/16 00:38:19 INFO ResourceProfile: Default ResourceProfile created, executor resources: Map(cores -> name: cores, amount: 1, script: , vendor: , memory -> name: memory, amount: 2048, script: , vendor: , offHeap -> name: offHeap, amount: 0, script: , vendor: ), task resources: Map(cpus -> name: cpus, amount: 1.0)
[2024-05-16T00:38:19.654+0000] {spark_submit.py:571} INFO - 24/05/16 00:38:19 INFO ResourceProfile: Limiting resource is cpus at 1 tasks per executor
[2024-05-16T00:38:19.656+0000] {spark_submit.py:571} INFO - 24/05/16 00:38:19 INFO ResourceProfileManager: Added ResourceProfile id: 0
[2024-05-16T00:38:19.693+0000] {spark_submit.py:571} INFO - 24/05/16 00:38:19 INFO SecurityManager: Changing view acls to: ***
[2024-05-16T00:38:19.694+0000] {spark_submit.py:571} INFO - 24/05/16 00:38:19 INFO SecurityManager: Changing modify acls to: ***
[2024-05-16T00:38:19.694+0000] {spark_submit.py:571} INFO - 24/05/16 00:38:19 INFO SecurityManager: Changing view acls groups to:
[2024-05-16T00:38:19.695+0000] {spark_submit.py:571} INFO - 24/05/16 00:38:19 INFO SecurityManager: Changing modify acls groups to:
[2024-05-16T00:38:19.695+0000] {spark_submit.py:571} INFO - 24/05/16 00:38:19 INFO SecurityManager: SecurityManager: authentication disabled; ui acls disabled; users with view permissions: ***; groups with view permissions: EMPTY; users with modify permissions: ***; groups with modify permissions: EMPTY
[2024-05-16T00:38:20.041+0000] {spark_submit.py:571} INFO - 24/05/16 00:38:20 INFO Utils: Successfully started service 'sparkDriver' on port 37547.
[2024-05-16T00:38:20.068+0000] {spark_submit.py:571} INFO - 24/05/16 00:38:20 INFO SparkEnv: Registering MapOutputTracker
[2024-05-16T00:38:20.124+0000] {spark_submit.py:571} INFO - 24/05/16 00:38:20 INFO SparkEnv: Registering BlockManagerMaster
[2024-05-16T00:38:20.149+0000] {spark_submit.py:571} INFO - 24/05/16 00:38:20 INFO BlockManagerMasterEndpoint: Using org.apache.spark.storage.DefaultTopologyMapper for getting topology information
[2024-05-16T00:38:20.151+0000] {spark_submit.py:571} INFO - 24/05/16 00:38:20 INFO BlockManagerMasterEndpoint: BlockManagerMasterEndpoint up
[2024-05-16T00:38:20.153+0000] {spark_submit.py:571} INFO - 24/05/16 00:38:20 INFO SparkEnv: Registering BlockManagerMasterHeartbeat
[2024-05-16T00:38:20.175+0000] {spark_submit.py:571} INFO - 24/05/16 00:38:20 INFO DiskBlockManager: Created local directory at /tmp/blockmgr-616f48ec-8db3-4f1a-aff9-1022c5ab77e9
[2024-05-16T00:38:20.186+0000] {spark_submit.py:571} INFO - 24/05/16 00:38:20 INFO MemoryStore: MemoryStore started with capacity 1048.8 MiB
[2024-05-16T00:38:20.198+0000] {spark_submit.py:571} INFO - 24/05/16 00:38:20 INFO SparkEnv: Registering OutputCommitCoordinator
[2024-05-16T00:38:20.394+0000] {spark_submit.py:571} INFO - 24/05/16 00:38:20 INFO JettyUtils: Start Jetty 0.0.0.0:4040 for SparkUI
[2024-05-16T00:38:20.497+0000] {spark_submit.py:571} INFO - 24/05/16 00:38:20 INFO Utils: Successfully started service 'SparkUI' on port 4040.
[2024-05-16T00:38:20.594+0000] {spark_submit.py:571} INFO - 24/05/16 00:38:20 INFO StandaloneAppClient$ClientEndpoint: Connecting to master spark://spark-master:7077...
[2024-05-16T00:38:20.651+0000] {spark_submit.py:571} INFO - 24/05/16 00:38:20 INFO TransportClientFactory: Successfully created connection to spark-master/192.168.16.4:7077 after 35 ms (0 ms spent in bootstraps)
[2024-05-16T00:38:20.888+0000] {spark_submit.py:571} INFO - 24/05/16 00:38:20 INFO StandaloneSchedulerBackend: Connected to Spark cluster with app ID app-20240516003820-0011
[2024-05-16T00:38:20.898+0000] {spark_submit.py:571} INFO - 24/05/16 00:38:20 INFO Utils: Successfully started service 'org.apache.spark.network.netty.NettyBlockTransferService' on port 38435.
[2024-05-16T00:38:20.899+0000] {spark_submit.py:571} INFO - 24/05/16 00:38:20 INFO NettyBlockTransferService: Server created on 1def91e7b936:38435
[2024-05-16T00:38:20.900+0000] {spark_submit.py:571} INFO - 24/05/16 00:38:20 INFO BlockManager: Using org.apache.spark.storage.RandomBlockReplicationPolicy for block replication policy
[2024-05-16T00:38:20.905+0000] {spark_submit.py:571} INFO - 24/05/16 00:38:20 INFO BlockManagerMaster: Registering BlockManager BlockManagerId(driver, 1def91e7b936, 38435, None)
[2024-05-16T00:38:20.908+0000] {spark_submit.py:571} INFO - 24/05/16 00:38:20 INFO BlockManagerMasterEndpoint: Registering block manager 1def91e7b936:38435 with 1048.8 MiB RAM, BlockManagerId(driver, 1def91e7b936, 38435, None)
[2024-05-16T00:38:20.910+0000] {spark_submit.py:571} INFO - 24/05/16 00:38:20 INFO BlockManagerMaster: Registered BlockManager BlockManagerId(driver, 1def91e7b936, 38435, None)
[2024-05-16T00:38:20.910+0000] {spark_submit.py:571} INFO - 24/05/16 00:38:20 INFO BlockManager: Initialized BlockManager: BlockManagerId(driver, 1def91e7b936, 38435, None)
[2024-05-16T00:38:21.165+0000] {spark_submit.py:571} INFO - 24/05/16 00:38:21 INFO StandaloneSchedulerBackend: SchedulerBackend is ready for scheduling beginning after reached minRegisteredResourcesRatio: 0.0
[2024-05-16T00:38:21.400+0000] {spark_submit.py:571} INFO - 24/05/16 00:38:21 INFO SharedState: Setting hive.metastore.warehouse.dir ('null') to the value of spark.sql.warehouse.dir.
[2024-05-16T00:38:21.406+0000] {spark_submit.py:571} INFO - 24/05/16 00:38:21 INFO SharedState: Warehouse path is 'file:/opt/***/spark-warehouse'.
[2024-05-16T00:38:22.530+0000] {spark_submit.py:571} INFO - Traceback (most recent call last):
[2024-05-16T00:38:22.541+0000] {spark_submit.py:571} INFO - File "/opt/***/dags/includes/jobs/spark_consumer.py", line 76, in <module>
[2024-05-16T00:38:22.542+0000] {spark_submit.py:571} INFO - .load())
[2024-05-16T00:38:22.542+0000] {spark_submit.py:571} INFO - ^^^^^^
[2024-05-16T00:38:22.542+0000] {spark_submit.py:571} INFO - File "/home/***/.local/lib/python3.12/site-packages/pyspark/python/lib/pyspark.zip/pyspark/sql/streaming/readwriter.py", line 304, in load
[2024-05-16T00:38:22.543+0000] {spark_submit.py:571} INFO - File "/home/***/.local/lib/python3.12/site-packages/pyspark/python/lib/py4j-0.10.9.7-src.zip/py4j/java_gateway.py", line 1322, in __call__
[2024-05-16T00:38:22.543+0000] {spark_submit.py:571} INFO - File "/home/***/.local/lib/python3.12/site-packages/pyspark/python/lib/pyspark.zip/pyspark/errors/exceptions/captured.py", line 185, in deco
[2024-05-16T00:38:22.548+0000] {spark_submit.py:571} INFO - pyspark.errors.exceptions.captured.AnalysisException: Failed to find data source: kafka. Please deploy the application as per the deployment section of Structured Streaming + Kafka Integration Guide.
[2024-05-16T00:38:22.761+0000] {spark_submit.py:571} INFO - 24/05/16 00:38:22 INFO SparkContext: Invoking stop() from shutdown hook
[2024-05-16T00:38:22.761+0000] {spark_submit.py:571} INFO - 24/05/16 00:38:22 INFO SparkContext: SparkContext is stopping with exitCode 0.
[2024-05-16T00:38:22.771+0000] {spark_submit.py:571} INFO - 24/05/16 00:38:22 INFO SparkUI: Stopped Spark web UI at http://1def91e7b936:4040
[2024-05-16T00:38:22.776+0000] {spark_submit.py:571} INFO - 24/05/16 00:38:22 INFO StandaloneSchedulerBackend: Shutting down all executors
[2024-05-16T00:38:22.780+0000] {spark_submit.py:571} INFO - 24/05/16 00:38:22 INFO StandaloneSchedulerBackend$StandaloneDriverEndpoint: Asking each executor to shut down
[2024-05-16T00:38:22.803+0000] {spark_submit.py:571} INFO - 24/05/16 00:38:22 INFO MapOutputTrackerMasterEndpoint: MapOutputTrackerMasterEndpoint stopped!
[2024-05-16T00:38:22.833+0000] {spark_submit.py:571} INFO - 24/05/16 00:38:22 INFO MemoryStore: MemoryStore cleared
[2024-05-16T00:38:22.833+0000] {spark_submit.py:571} INFO - 24/05/16 00:38:22 INFO BlockManager: BlockManager stopped
[2024-05-16T00:38:22.839+0000] {spark_submit.py:571} INFO - 24/05/16 00:38:22 INFO BlockManagerMaster: BlockManagerMaster stopped
[2024-05-16T00:38:22.841+0000] {spark_submit.py:571} INFO - 24/05/16 00:38:22 INFO OutputCommitCoordinator$OutputCommitCoordinatorEndpoint: OutputCommitCoordinator stopped!
[2024-05-16T00:38:22.878+0000] {spark_submit.py:571} INFO - 24/05/16 00:38:22 INFO SparkContext: Successfully stopped SparkContext
[2024-05-16T00:38:22.879+0000] {spark_submit.py:571} INFO - 24/05/16 00:38:22 INFO ShutdownHookManager: Shutdown hook called
[2024-05-16T00:38:22.880+0000] {spark_submit.py:571} INFO - 24/05/16 00:38:22 INFO ShutdownHookManager: Deleting directory /tmp/spark-15ff3dda-e909-4c24-9398-851aa06e8d71
[2024-05-16T00:38:22.888+0000] {spark_submit.py:571} INFO - 24/05/16 00:38:22 INFO ShutdownHookManager: Deleting directory /tmp/spark-cbb29f5a-4458-4efa-9366-d652122c71a3/pyspark-92db516f-7f44-474d-807a-d6d2bd7ceba2
[2024-05-16T00:38:22.895+0000] {spark_submit.py:571} INFO - 24/05/16 00:38:22 INFO ShutdownHookManager: Deleting directory /tmp/spark-cbb29f5a-4458-4efa-9366-d652122c71a3
[2024-05-16T00:38:22.941+0000] {taskinstance.py:441} INFO - ::group::Post task execution logs
[2024-05-16T00:38:22.987+0000] {taskinstance.py:2905} ERROR - Task failed with exception
Traceback (most recent call last):
  File "/home/airflow/.local/lib/python3.12/site-packages/airflow/models/taskinstance.py", line 465, in _execute_task
    result = _execute_callable(context=context, **execute_callable_kwargs)
             ^^^^^^^^^^^^^^^^^^^^^^^^^^^^^^^^^^^^^^^^^^^^^^^^^^^^^^^^^^^^^
  File "/home/airflow/.local/lib/python3.12/site-packages/airflow/models/taskinstance.py", line 432, in _execute_callable
    return execute_callable(context=context, **execute_callable_kwargs)
           ^^^^^^^^^^^^^^^^^^^^^^^^^^^^^^^^^^^^^^^^^^^^^^^^^^^^^^^^^^^^
  File "/home/airflow/.local/lib/python3.12/site-packages/airflow/models/baseoperator.py", line 400, in wrapper
    return func(self, *args, **kwargs)
           ^^^^^^^^^^^^^^^^^^^^^^^^^^^
  File "/home/airflow/.local/lib/python3.12/site-packages/airflow/providers/apache/spark/operators/spark_submit.py", line 174, in execute
    self._hook.submit(self.application)
  File "/home/airflow/.local/lib/python3.12/site-packages/airflow/providers/apache/spark/hooks/spark_submit.py", line 502, in submit
    raise AirflowException(
airflow.exceptions.AirflowException: Cannot execute: spark-submit --master spark://spark-master:7077 --num-executors 1 --total-executor-cores 1 --executor-cores 1 --executor-memory 2g --driver-memory 2g --name arrow-spark --deploy-mode client dags/includes/jobs/spark_consumer.py. Error code is: 1.
[2024-05-16T00:38:22.996+0000] {taskinstance.py:1206} INFO - Marking task as UP_FOR_RETRY. dag_id=Webscrape, task_id=Process_Send_Data, run_id=manual__2024-05-16T00:36:00.025857+00:00, execution_date=20240516T003600, start_date=20240516T003815, end_date=20240516T003822
[2024-05-16T00:38:23.015+0000] {standard_task_runner.py:110} ERROR - Failed to execute job 179 for task Process_Send_Data (Cannot execute: spark-submit --master spark://spark-master:7077 --num-executors 1 --total-executor-cores 1 --executor-cores 1 --executor-memory 2g --driver-memory 2g --name arrow-spark --deploy-mode client dags/includes/jobs/spark_consumer.py. Error code is: 1.; 2318)
[2024-05-16T00:38:23.041+0000] {local_task_job_runner.py:240} INFO - Task exited with return code 1
[2024-05-16T00:38:23.082+0000] {taskinstance.py:3498} INFO - 0 downstream tasks scheduled from follow-on schedule check
[2024-05-16T00:38:23.083+0000] {local_task_job_runner.py:222} INFO - ::endgroup::
