[2024-05-16T00:36:02.634+0000] {local_task_job_runner.py:120} INFO - ::group::Pre task execution logs
[2024-05-16T00:36:02.690+0000] {taskinstance.py:2076} INFO - Dependencies all met for dep_context=non-requeueable deps ti=<TaskInstance: Webscrape.Process_Send_Data manual__2024-05-16T00:36:00.025857+00:00 [queued]>
[2024-05-16T00:36:02.700+0000] {taskinstance.py:2076} INFO - Dependencies all met for dep_context=requeueable deps ti=<TaskInstance: Webscrape.Process_Send_Data manual__2024-05-16T00:36:00.025857+00:00 [queued]>
[2024-05-16T00:36:02.700+0000] {taskinstance.py:2306} INFO - Starting attempt 1 of 6
[2024-05-16T00:36:02.714+0000] {taskinstance.py:2330} INFO - Executing <Task(SparkSubmitOperator): Process_Send_Data> on 2024-05-16 00:36:00.025857+00:00
[2024-05-16T00:36:02.806+0000] {logging_mixin.py:188} WARNING - /home/***/.local/lib/python3.12/site-packages/***/task/task_runner/standard_task_runner.py:61 DeprecationWarning: This process (pid=2132) is multi-threaded, use of fork() may lead to deadlocks in the child.
[2024-05-16T00:36:02.752+0000] {standard_task_runner.py:90} INFO - Running: ['***', 'tasks', 'run', 'Webscrape', 'Process_Send_Data', 'manual__2024-05-16T00:36:00.025857+00:00', '--job-id', '178', '--raw', '--subdir', 'DAGS_FOLDER/webscrapping.py', '--cfg-path', '/tmp/tmp1cr_zjyx']
[2024-05-16T00:36:02.810+0000] {standard_task_runner.py:91} INFO - Job 178: Subtask Process_Send_Data
[2024-05-16T00:36:02.811+0000] {standard_task_runner.py:63} INFO - Started process 2133 to run task
[2024-05-16T00:36:02.976+0000] {task_command.py:426} INFO - Running <TaskInstance: Webscrape.Process_Send_Data manual__2024-05-16T00:36:00.025857+00:00 [running]> on host 1def91e7b936
[2024-05-16T00:36:03.120+0000] {taskinstance.py:2648} INFO - Exporting env vars: AIRFLOW_CTX_DAG_OWNER='svc' AIRFLOW_CTX_DAG_ID='Webscrape' AIRFLOW_CTX_TASK_ID='Process_Send_Data' AIRFLOW_CTX_EXECUTION_DATE='2024-05-16T00:36:00.025857+00:00' AIRFLOW_CTX_TRY_NUMBER='1' AIRFLOW_CTX_DAG_RUN_ID='manual__2024-05-16T00:36:00.025857+00:00'
[2024-05-16T00:36:03.123+0000] {taskinstance.py:430} INFO - ::endgroup::
[2024-05-16T00:36:03.155+0000] {base.py:84} INFO - Using connection ID 'spark_default' for task execution.
[2024-05-16T00:36:03.157+0000] {spark_submit.py:401} INFO - Spark-Submit cmd: spark-submit --master spark://spark-master:7077 --num-executors 1 --total-executor-cores 1 --executor-cores 1 --executor-memory 2g --driver-memory 2g --name arrow-spark --deploy-mode client dags/includes/jobs/spark_consumer.py
[2024-05-16T00:36:07.419+0000] {spark_submit.py:571} INFO - 24/05/16 00:36:07 INFO SparkContext: Running Spark version 3.5.1
[2024-05-16T00:36:07.424+0000] {spark_submit.py:571} INFO - 24/05/16 00:36:07 INFO SparkContext: OS info Linux, 6.6.26-linuxkit, aarch64
[2024-05-16T00:36:07.425+0000] {spark_submit.py:571} INFO - 24/05/16 00:36:07 INFO SparkContext: Java version 17.0.11
[2024-05-16T00:36:07.455+0000] {spark_submit.py:571} INFO - 24/05/16 00:36:07 WARN NativeCodeLoader: Unable to load native-hadoop library for your platform... using builtin-java classes where applicable
[2024-05-16T00:36:07.504+0000] {spark_submit.py:571} INFO - 24/05/16 00:36:07 INFO ResourceUtils: ==============================================================
[2024-05-16T00:36:07.505+0000] {spark_submit.py:571} INFO - 24/05/16 00:36:07 INFO ResourceUtils: No custom resources configured for spark.driver.
[2024-05-16T00:36:07.505+0000] {spark_submit.py:571} INFO - 24/05/16 00:36:07 INFO ResourceUtils: ==============================================================
[2024-05-16T00:36:07.505+0000] {spark_submit.py:571} INFO - 24/05/16 00:36:07 INFO SparkContext: Submitted application: Redfin_Properties_Consumer
[2024-05-16T00:36:07.517+0000] {spark_submit.py:571} INFO - 24/05/16 00:36:07 INFO ResourceProfile: Default ResourceProfile created, executor resources: Map(cores -> name: cores, amount: 1, script: , vendor: , memory -> name: memory, amount: 2048, script: , vendor: , offHeap -> name: offHeap, amount: 0, script: , vendor: ), task resources: Map(cpus -> name: cpus, amount: 1.0)
[2024-05-16T00:36:07.522+0000] {spark_submit.py:571} INFO - 24/05/16 00:36:07 INFO ResourceProfile: Limiting resource is cpus at 1 tasks per executor
[2024-05-16T00:36:07.523+0000] {spark_submit.py:571} INFO - 24/05/16 00:36:07 INFO ResourceProfileManager: Added ResourceProfile id: 0
[2024-05-16T00:36:07.554+0000] {spark_submit.py:571} INFO - 24/05/16 00:36:07 INFO SecurityManager: Changing view acls to: ***
[2024-05-16T00:36:07.555+0000] {spark_submit.py:571} INFO - 24/05/16 00:36:07 INFO SecurityManager: Changing modify acls to: ***
[2024-05-16T00:36:07.555+0000] {spark_submit.py:571} INFO - 24/05/16 00:36:07 INFO SecurityManager: Changing view acls groups to:
[2024-05-16T00:36:07.555+0000] {spark_submit.py:571} INFO - 24/05/16 00:36:07 INFO SecurityManager: Changing modify acls groups to:
[2024-05-16T00:36:07.555+0000] {spark_submit.py:571} INFO - 24/05/16 00:36:07 INFO SecurityManager: SecurityManager: authentication disabled; ui acls disabled; users with view permissions: ***; groups with view permissions: EMPTY; users with modify permissions: ***; groups with modify permissions: EMPTY
[2024-05-16T00:36:07.732+0000] {spark_submit.py:571} INFO - 24/05/16 00:36:07 INFO Utils: Successfully started service 'sparkDriver' on port 32973.
[2024-05-16T00:36:07.760+0000] {spark_submit.py:571} INFO - 24/05/16 00:36:07 INFO SparkEnv: Registering MapOutputTracker
[2024-05-16T00:36:07.830+0000] {spark_submit.py:571} INFO - 24/05/16 00:36:07 INFO SparkEnv: Registering BlockManagerMaster
[2024-05-16T00:36:07.871+0000] {spark_submit.py:571} INFO - 24/05/16 00:36:07 INFO BlockManagerMasterEndpoint: Using org.apache.spark.storage.DefaultTopologyMapper for getting topology information
[2024-05-16T00:36:07.872+0000] {spark_submit.py:571} INFO - 24/05/16 00:36:07 INFO BlockManagerMasterEndpoint: BlockManagerMasterEndpoint up
[2024-05-16T00:36:07.883+0000] {spark_submit.py:571} INFO - 24/05/16 00:36:07 INFO SparkEnv: Registering BlockManagerMasterHeartbeat
[2024-05-16T00:36:07.949+0000] {spark_submit.py:571} INFO - 24/05/16 00:36:07 INFO DiskBlockManager: Created local directory at /tmp/blockmgr-7cbb0cdb-472b-4214-abad-4a90dacbb1a7
[2024-05-16T00:36:07.997+0000] {spark_submit.py:571} INFO - 24/05/16 00:36:07 INFO MemoryStore: MemoryStore started with capacity 1048.8 MiB
[2024-05-16T00:36:08.072+0000] {spark_submit.py:571} INFO - 24/05/16 00:36:08 INFO SparkEnv: Registering OutputCommitCoordinator
[2024-05-16T00:36:08.342+0000] {spark_submit.py:571} INFO - 24/05/16 00:36:08 INFO JettyUtils: Start Jetty 0.0.0.0:4040 for SparkUI
[2024-05-16T00:36:08.476+0000] {spark_submit.py:571} INFO - 24/05/16 00:36:08 INFO Utils: Successfully started service 'SparkUI' on port 4040.
[2024-05-16T00:36:08.664+0000] {spark_submit.py:571} INFO - 24/05/16 00:36:08 INFO StandaloneAppClient$ClientEndpoint: Connecting to master spark://spark-master:7077...
[2024-05-16T00:36:08.736+0000] {spark_submit.py:571} INFO - 24/05/16 00:36:08 INFO TransportClientFactory: Successfully created connection to spark-master/192.168.16.4:7077 after 46 ms (0 ms spent in bootstraps)
[2024-05-16T00:36:09.067+0000] {spark_submit.py:571} INFO - 24/05/16 00:36:09 INFO StandaloneSchedulerBackend: Connected to Spark cluster with app ID app-20240516003609-0010
[2024-05-16T00:36:09.082+0000] {spark_submit.py:571} INFO - 24/05/16 00:36:09 INFO Utils: Successfully started service 'org.apache.spark.network.netty.NettyBlockTransferService' on port 33593.
[2024-05-16T00:36:09.083+0000] {spark_submit.py:571} INFO - 24/05/16 00:36:09 INFO NettyBlockTransferService: Server created on 1def91e7b936:33593
[2024-05-16T00:36:09.084+0000] {spark_submit.py:571} INFO - 24/05/16 00:36:09 INFO BlockManager: Using org.apache.spark.storage.RandomBlockReplicationPolicy for block replication policy
[2024-05-16T00:36:09.090+0000] {spark_submit.py:571} INFO - 24/05/16 00:36:09 INFO BlockManagerMaster: Registering BlockManager BlockManagerId(driver, 1def91e7b936, 33593, None)
[2024-05-16T00:36:09.093+0000] {spark_submit.py:571} INFO - 24/05/16 00:36:09 INFO BlockManagerMasterEndpoint: Registering block manager 1def91e7b936:33593 with 1048.8 MiB RAM, BlockManagerId(driver, 1def91e7b936, 33593, None)
[2024-05-16T00:36:09.094+0000] {spark_submit.py:571} INFO - 24/05/16 00:36:09 INFO BlockManagerMaster: Registered BlockManager BlockManagerId(driver, 1def91e7b936, 33593, None)
[2024-05-16T00:36:09.095+0000] {spark_submit.py:571} INFO - 24/05/16 00:36:09 INFO BlockManager: Initialized BlockManager: BlockManagerId(driver, 1def91e7b936, 33593, None)
[2024-05-16T00:36:09.293+0000] {spark_submit.py:571} INFO - 24/05/16 00:36:09 INFO StandaloneSchedulerBackend: SchedulerBackend is ready for scheduling beginning after reached minRegisteredResourcesRatio: 0.0
[2024-05-16T00:36:09.651+0000] {spark_submit.py:571} INFO - 24/05/16 00:36:09 INFO SharedState: Setting hive.metastore.warehouse.dir ('null') to the value of spark.sql.warehouse.dir.
[2024-05-16T00:36:09.672+0000] {spark_submit.py:571} INFO - 24/05/16 00:36:09 INFO SharedState: Warehouse path is 'file:/opt/***/spark-warehouse'.
[2024-05-16T00:36:11.006+0000] {spark_submit.py:571} INFO - Traceback (most recent call last):
[2024-05-16T00:36:11.010+0000] {spark_submit.py:571} INFO - File "/opt/***/dags/includes/jobs/spark_consumer.py", line 76, in <module>
[2024-05-16T00:36:11.011+0000] {spark_submit.py:571} INFO - .load())
[2024-05-16T00:36:11.011+0000] {spark_submit.py:571} INFO - ^^^^^^
[2024-05-16T00:36:11.012+0000] {spark_submit.py:571} INFO - File "/home/***/.local/lib/python3.12/site-packages/pyspark/python/lib/pyspark.zip/pyspark/sql/streaming/readwriter.py", line 304, in load
[2024-05-16T00:36:11.012+0000] {spark_submit.py:571} INFO - File "/home/***/.local/lib/python3.12/site-packages/pyspark/python/lib/py4j-0.10.9.7-src.zip/py4j/java_gateway.py", line 1322, in __call__
[2024-05-16T00:36:11.012+0000] {spark_submit.py:571} INFO - File "/home/***/.local/lib/python3.12/site-packages/pyspark/python/lib/pyspark.zip/pyspark/errors/exceptions/captured.py", line 185, in deco
[2024-05-16T00:36:11.030+0000] {spark_submit.py:571} INFO - pyspark.errors.exceptions.captured.AnalysisException: Failed to find data source: kafka. Please deploy the application as per the deployment section of Structured Streaming + Kafka Integration Guide.
[2024-05-16T00:36:11.144+0000] {spark_submit.py:571} INFO - 24/05/16 00:36:11 INFO SparkContext: Invoking stop() from shutdown hook
[2024-05-16T00:36:11.145+0000] {spark_submit.py:571} INFO - 24/05/16 00:36:11 INFO SparkContext: SparkContext is stopping with exitCode 0.
[2024-05-16T00:36:11.211+0000] {spark_submit.py:571} INFO - 24/05/16 00:36:11 INFO SparkUI: Stopped Spark web UI at http://1def91e7b936:4040
[2024-05-16T00:36:11.236+0000] {spark_submit.py:571} INFO - 24/05/16 00:36:11 INFO StandaloneSchedulerBackend: Shutting down all executors
[2024-05-16T00:36:11.257+0000] {spark_submit.py:571} INFO - 24/05/16 00:36:11 INFO StandaloneSchedulerBackend$StandaloneDriverEndpoint: Asking each executor to shut down
[2024-05-16T00:36:11.345+0000] {spark_submit.py:571} INFO - 24/05/16 00:36:11 INFO MapOutputTrackerMasterEndpoint: MapOutputTrackerMasterEndpoint stopped!
[2024-05-16T00:36:11.471+0000] {spark_submit.py:571} INFO - 24/05/16 00:36:11 INFO MemoryStore: MemoryStore cleared
[2024-05-16T00:36:11.472+0000] {spark_submit.py:571} INFO - 24/05/16 00:36:11 INFO BlockManager: BlockManager stopped
[2024-05-16T00:36:11.523+0000] {spark_submit.py:571} INFO - 24/05/16 00:36:11 INFO BlockManagerMaster: BlockManagerMaster stopped
[2024-05-16T00:36:11.540+0000] {spark_submit.py:571} INFO - 24/05/16 00:36:11 INFO OutputCommitCoordinator$OutputCommitCoordinatorEndpoint: OutputCommitCoordinator stopped!
[2024-05-16T00:36:11.691+0000] {spark_submit.py:571} INFO - 24/05/16 00:36:11 INFO SparkContext: Successfully stopped SparkContext
[2024-05-16T00:36:11.693+0000] {spark_submit.py:571} INFO - 24/05/16 00:36:11 INFO ShutdownHookManager: Shutdown hook called
[2024-05-16T00:36:11.696+0000] {spark_submit.py:571} INFO - 24/05/16 00:36:11 INFO ShutdownHookManager: Deleting directory /tmp/spark-ef359601-ded4-415c-927f-bb027dc076c8
[2024-05-16T00:36:11.745+0000] {spark_submit.py:571} INFO - 24/05/16 00:36:11 INFO ShutdownHookManager: Deleting directory /tmp/spark-e30fb6ba-e648-4c2f-a214-3700a328ba6e/pyspark-54298b79-38f9-4bcc-99f3-86bd69ab998f
[2024-05-16T00:36:11.799+0000] {spark_submit.py:571} INFO - 24/05/16 00:36:11 INFO ShutdownHookManager: Deleting directory /tmp/spark-e30fb6ba-e648-4c2f-a214-3700a328ba6e
[2024-05-16T00:36:11.935+0000] {taskinstance.py:441} INFO - ::group::Post task execution logs
[2024-05-16T00:36:12.075+0000] {taskinstance.py:2905} ERROR - Task failed with exception
Traceback (most recent call last):
  File "/home/airflow/.local/lib/python3.12/site-packages/airflow/models/taskinstance.py", line 465, in _execute_task
    result = _execute_callable(context=context, **execute_callable_kwargs)
             ^^^^^^^^^^^^^^^^^^^^^^^^^^^^^^^^^^^^^^^^^^^^^^^^^^^^^^^^^^^^^
  File "/home/airflow/.local/lib/python3.12/site-packages/airflow/models/taskinstance.py", line 432, in _execute_callable
    return execute_callable(context=context, **execute_callable_kwargs)
           ^^^^^^^^^^^^^^^^^^^^^^^^^^^^^^^^^^^^^^^^^^^^^^^^^^^^^^^^^^^^
  File "/home/airflow/.local/lib/python3.12/site-packages/airflow/models/baseoperator.py", line 400, in wrapper
    return func(self, *args, **kwargs)
           ^^^^^^^^^^^^^^^^^^^^^^^^^^^
  File "/home/airflow/.local/lib/python3.12/site-packages/airflow/providers/apache/spark/operators/spark_submit.py", line 174, in execute
    self._hook.submit(self.application)
  File "/home/airflow/.local/lib/python3.12/site-packages/airflow/providers/apache/spark/hooks/spark_submit.py", line 502, in submit
    raise AirflowException(
airflow.exceptions.AirflowException: Cannot execute: spark-submit --master spark://spark-master:7077 --num-executors 1 --total-executor-cores 1 --executor-cores 1 --executor-memory 2g --driver-memory 2g --name arrow-spark --deploy-mode client dags/includes/jobs/spark_consumer.py. Error code is: 1.
[2024-05-16T00:36:12.108+0000] {taskinstance.py:1206} INFO - Marking task as UP_FOR_RETRY. dag_id=Webscrape, task_id=Process_Send_Data, run_id=manual__2024-05-16T00:36:00.025857+00:00, execution_date=20240516T003600, start_date=20240516T003602, end_date=20240516T003612
[2024-05-16T00:36:12.166+0000] {standard_task_runner.py:110} ERROR - Failed to execute job 178 for task Process_Send_Data (Cannot execute: spark-submit --master spark://spark-master:7077 --num-executors 1 --total-executor-cores 1 --executor-cores 1 --executor-memory 2g --driver-memory 2g --name arrow-spark --deploy-mode client dags/includes/jobs/spark_consumer.py. Error code is: 1.; 2133)
[2024-05-16T00:36:12.192+0000] {local_task_job_runner.py:240} INFO - Task exited with return code 1
[2024-05-16T00:36:12.238+0000] {taskinstance.py:3498} INFO - 0 downstream tasks scheduled from follow-on schedule check
[2024-05-16T00:36:12.239+0000] {local_task_job_runner.py:222} INFO - ::endgroup::
