[2024-05-16T00:40:24.701+0000] {local_task_job_runner.py:120} INFO - ::group::Pre task execution logs
[2024-05-16T00:40:24.726+0000] {taskinstance.py:2076} INFO - Dependencies all met for dep_context=non-requeueable deps ti=<TaskInstance: Webscrape.Process_Send_Data manual__2024-05-16T00:36:00.025857+00:00 [queued]>
[2024-05-16T00:40:24.731+0000] {taskinstance.py:2076} INFO - Dependencies all met for dep_context=requeueable deps ti=<TaskInstance: Webscrape.Process_Send_Data manual__2024-05-16T00:36:00.025857+00:00 [queued]>
[2024-05-16T00:40:24.731+0000] {taskinstance.py:2306} INFO - Starting attempt 3 of 6
[2024-05-16T00:40:24.737+0000] {taskinstance.py:2330} INFO - Executing <Task(SparkSubmitOperator): Process_Send_Data> on 2024-05-16 00:36:00.025857+00:00
[2024-05-16T00:40:24.743+0000] {standard_task_runner.py:90} INFO - Running: ['***', 'tasks', 'run', 'Webscrape', 'Process_Send_Data', 'manual__2024-05-16T00:36:00.025857+00:00', '--job-id', '180', '--raw', '--subdir', 'DAGS_FOLDER/webscrapping.py', '--cfg-path', '/tmp/tmp46nr8wkl']
[2024-05-16T00:40:24.746+0000] {standard_task_runner.py:91} INFO - Job 180: Subtask Process_Send_Data
[2024-05-16T00:40:24.746+0000] {logging_mixin.py:188} WARNING - /home/***/.local/lib/python3.12/site-packages/***/task/task_runner/standard_task_runner.py:61 DeprecationWarning: This process (pid=2497) is multi-threaded, use of fork() may lead to deadlocks in the child.
[2024-05-16T00:40:24.746+0000] {standard_task_runner.py:63} INFO - Started process 2498 to run task
[2024-05-16T00:40:24.864+0000] {task_command.py:426} INFO - Running <TaskInstance: Webscrape.Process_Send_Data manual__2024-05-16T00:36:00.025857+00:00 [running]> on host 1def91e7b936
[2024-05-16T00:40:24.950+0000] {taskinstance.py:2648} INFO - Exporting env vars: AIRFLOW_CTX_DAG_OWNER='svc' AIRFLOW_CTX_DAG_ID='Webscrape' AIRFLOW_CTX_TASK_ID='Process_Send_Data' AIRFLOW_CTX_EXECUTION_DATE='2024-05-16T00:36:00.025857+00:00' AIRFLOW_CTX_TRY_NUMBER='3' AIRFLOW_CTX_DAG_RUN_ID='manual__2024-05-16T00:36:00.025857+00:00'
[2024-05-16T00:40:24.952+0000] {taskinstance.py:430} INFO - ::endgroup::
[2024-05-16T00:40:24.978+0000] {base.py:84} INFO - Using connection ID 'spark_default' for task execution.
[2024-05-16T00:40:24.980+0000] {spark_submit.py:401} INFO - Spark-Submit cmd: spark-submit --master spark://spark-master:7077 --num-executors 1 --total-executor-cores 1 --executor-cores 1 --executor-memory 2g --driver-memory 2g --name arrow-spark --deploy-mode client dags/includes/jobs/spark_consumer.py
[2024-05-16T00:40:28.399+0000] {spark_submit.py:571} INFO - 24/05/16 00:40:28 INFO SparkContext: Running Spark version 3.5.1
[2024-05-16T00:40:28.402+0000] {spark_submit.py:571} INFO - 24/05/16 00:40:28 INFO SparkContext: OS info Linux, 6.6.26-linuxkit, aarch64
[2024-05-16T00:40:28.403+0000] {spark_submit.py:571} INFO - 24/05/16 00:40:28 INFO SparkContext: Java version 17.0.11
[2024-05-16T00:40:28.434+0000] {spark_submit.py:571} INFO - 24/05/16 00:40:28 WARN NativeCodeLoader: Unable to load native-hadoop library for your platform... using builtin-java classes where applicable
[2024-05-16T00:40:28.508+0000] {spark_submit.py:571} INFO - 24/05/16 00:40:28 INFO ResourceUtils: ==============================================================
[2024-05-16T00:40:28.509+0000] {spark_submit.py:571} INFO - 24/05/16 00:40:28 INFO ResourceUtils: No custom resources configured for spark.driver.
[2024-05-16T00:40:28.510+0000] {spark_submit.py:571} INFO - 24/05/16 00:40:28 INFO ResourceUtils: ==============================================================
[2024-05-16T00:40:28.510+0000] {spark_submit.py:571} INFO - 24/05/16 00:40:28 INFO SparkContext: Submitted application: Redfin_Properties_Consumer
[2024-05-16T00:40:28.526+0000] {spark_submit.py:571} INFO - 24/05/16 00:40:28 INFO ResourceProfile: Default ResourceProfile created, executor resources: Map(cores -> name: cores, amount: 1, script: , vendor: , memory -> name: memory, amount: 2048, script: , vendor: , offHeap -> name: offHeap, amount: 0, script: , vendor: ), task resources: Map(cpus -> name: cpus, amount: 1.0)
[2024-05-16T00:40:28.533+0000] {spark_submit.py:571} INFO - 24/05/16 00:40:28 INFO ResourceProfile: Limiting resource is cpus at 1 tasks per executor
[2024-05-16T00:40:28.534+0000] {spark_submit.py:571} INFO - 24/05/16 00:40:28 INFO ResourceProfileManager: Added ResourceProfile id: 0
[2024-05-16T00:40:28.593+0000] {spark_submit.py:571} INFO - 24/05/16 00:40:28 INFO SecurityManager: Changing view acls to: ***
[2024-05-16T00:40:28.594+0000] {spark_submit.py:571} INFO - 24/05/16 00:40:28 INFO SecurityManager: Changing modify acls to: ***
[2024-05-16T00:40:28.595+0000] {spark_submit.py:571} INFO - 24/05/16 00:40:28 INFO SecurityManager: Changing view acls groups to:
[2024-05-16T00:40:28.595+0000] {spark_submit.py:571} INFO - 24/05/16 00:40:28 INFO SecurityManager: Changing modify acls groups to:
[2024-05-16T00:40:28.596+0000] {spark_submit.py:571} INFO - 24/05/16 00:40:28 INFO SecurityManager: SecurityManager: authentication disabled; ui acls disabled; users with view permissions: ***; groups with view permissions: EMPTY; users with modify permissions: ***; groups with modify permissions: EMPTY
[2024-05-16T00:40:28.771+0000] {spark_submit.py:571} INFO - 24/05/16 00:40:28 INFO Utils: Successfully started service 'sparkDriver' on port 45697.
[2024-05-16T00:40:28.980+0000] {spark_submit.py:571} INFO - 24/05/16 00:40:28 INFO SparkEnv: Registering MapOutputTracker
[2024-05-16T00:40:29.089+0000] {spark_submit.py:571} INFO - 24/05/16 00:40:29 INFO SparkEnv: Registering BlockManagerMaster
[2024-05-16T00:40:29.111+0000] {spark_submit.py:571} INFO - 24/05/16 00:40:29 INFO BlockManagerMasterEndpoint: Using org.apache.spark.storage.DefaultTopologyMapper for getting topology information
[2024-05-16T00:40:29.112+0000] {spark_submit.py:571} INFO - 24/05/16 00:40:29 INFO BlockManagerMasterEndpoint: BlockManagerMasterEndpoint up
[2024-05-16T00:40:29.116+0000] {spark_submit.py:571} INFO - 24/05/16 00:40:29 INFO SparkEnv: Registering BlockManagerMasterHeartbeat
[2024-05-16T00:40:29.154+0000] {spark_submit.py:571} INFO - 24/05/16 00:40:29 INFO DiskBlockManager: Created local directory at /tmp/blockmgr-9b2de9a0-6110-4d09-b5fe-c50c20c3eff5
[2024-05-16T00:40:29.169+0000] {spark_submit.py:571} INFO - 24/05/16 00:40:29 INFO MemoryStore: MemoryStore started with capacity 1048.8 MiB
[2024-05-16T00:40:29.196+0000] {spark_submit.py:571} INFO - 24/05/16 00:40:29 INFO SparkEnv: Registering OutputCommitCoordinator
[2024-05-16T00:40:29.351+0000] {spark_submit.py:571} INFO - 24/05/16 00:40:29 INFO JettyUtils: Start Jetty 0.0.0.0:4040 for SparkUI
[2024-05-16T00:40:29.504+0000] {spark_submit.py:571} INFO - 24/05/16 00:40:29 INFO Utils: Successfully started service 'SparkUI' on port 4040.
[2024-05-16T00:40:29.652+0000] {spark_submit.py:571} INFO - 24/05/16 00:40:29 INFO StandaloneAppClient$ClientEndpoint: Connecting to master spark://spark-master:7077...
[2024-05-16T00:40:29.685+0000] {spark_submit.py:571} INFO - 24/05/16 00:40:29 INFO TransportClientFactory: Successfully created connection to spark-master/192.168.16.4:7077 after 16 ms (0 ms spent in bootstraps)
[2024-05-16T00:40:29.900+0000] {spark_submit.py:571} INFO - 24/05/16 00:40:29 INFO StandaloneSchedulerBackend: Connected to Spark cluster with app ID app-20240516004029-0012
[2024-05-16T00:40:29.910+0000] {spark_submit.py:571} INFO - 24/05/16 00:40:29 INFO Utils: Successfully started service 'org.apache.spark.network.netty.NettyBlockTransferService' on port 35243.
[2024-05-16T00:40:29.910+0000] {spark_submit.py:571} INFO - 24/05/16 00:40:29 INFO NettyBlockTransferService: Server created on 1def91e7b936:35243
[2024-05-16T00:40:29.912+0000] {spark_submit.py:571} INFO - 24/05/16 00:40:29 INFO BlockManager: Using org.apache.spark.storage.RandomBlockReplicationPolicy for block replication policy
[2024-05-16T00:40:29.920+0000] {spark_submit.py:571} INFO - 24/05/16 00:40:29 INFO BlockManagerMaster: Registering BlockManager BlockManagerId(driver, 1def91e7b936, 35243, None)
[2024-05-16T00:40:29.922+0000] {spark_submit.py:571} INFO - 24/05/16 00:40:29 INFO BlockManagerMasterEndpoint: Registering block manager 1def91e7b936:35243 with 1048.8 MiB RAM, BlockManagerId(driver, 1def91e7b936, 35243, None)
[2024-05-16T00:40:29.924+0000] {spark_submit.py:571} INFO - 24/05/16 00:40:29 INFO BlockManagerMaster: Registered BlockManager BlockManagerId(driver, 1def91e7b936, 35243, None)
[2024-05-16T00:40:29.925+0000] {spark_submit.py:571} INFO - 24/05/16 00:40:29 INFO BlockManager: Initialized BlockManager: BlockManagerId(driver, 1def91e7b936, 35243, None)
[2024-05-16T00:40:30.082+0000] {spark_submit.py:571} INFO - 24/05/16 00:40:30 INFO StandaloneSchedulerBackend: SchedulerBackend is ready for scheduling beginning after reached minRegisteredResourcesRatio: 0.0
[2024-05-16T00:40:30.239+0000] {spark_submit.py:571} INFO - 24/05/16 00:40:30 INFO SharedState: Setting hive.metastore.warehouse.dir ('null') to the value of spark.sql.warehouse.dir.
[2024-05-16T00:40:30.245+0000] {spark_submit.py:571} INFO - 24/05/16 00:40:30 INFO SharedState: Warehouse path is 'file:/opt/***/spark-warehouse'.
[2024-05-16T00:40:30.974+0000] {spark_submit.py:571} INFO - Traceback (most recent call last):
[2024-05-16T00:40:30.975+0000] {spark_submit.py:571} INFO - File "/opt/***/dags/includes/jobs/spark_consumer.py", line 76, in <module>
[2024-05-16T00:40:30.976+0000] {spark_submit.py:571} INFO - .load())
[2024-05-16T00:40:30.977+0000] {spark_submit.py:571} INFO - ^^^^^^
[2024-05-16T00:40:30.977+0000] {spark_submit.py:571} INFO - File "/home/***/.local/lib/python3.12/site-packages/pyspark/python/lib/pyspark.zip/pyspark/sql/streaming/readwriter.py", line 304, in load
[2024-05-16T00:40:30.977+0000] {spark_submit.py:571} INFO - File "/home/***/.local/lib/python3.12/site-packages/pyspark/python/lib/py4j-0.10.9.7-src.zip/py4j/java_gateway.py", line 1322, in __call__
[2024-05-16T00:40:30.978+0000] {spark_submit.py:571} INFO - File "/home/***/.local/lib/python3.12/site-packages/pyspark/python/lib/pyspark.zip/pyspark/errors/exceptions/captured.py", line 185, in deco
[2024-05-16T00:40:30.982+0000] {spark_submit.py:571} INFO - pyspark.errors.exceptions.captured.AnalysisException: Failed to find data source: kafka. Please deploy the application as per the deployment section of Structured Streaming + Kafka Integration Guide.
[2024-05-16T00:40:31.113+0000] {spark_submit.py:571} INFO - 24/05/16 00:40:31 INFO SparkContext: Invoking stop() from shutdown hook
[2024-05-16T00:40:31.114+0000] {spark_submit.py:571} INFO - 24/05/16 00:40:31 INFO SparkContext: SparkContext is stopping with exitCode 0.
[2024-05-16T00:40:31.123+0000] {spark_submit.py:571} INFO - 24/05/16 00:40:31 INFO SparkUI: Stopped Spark web UI at http://1def91e7b936:4040
[2024-05-16T00:40:31.125+0000] {spark_submit.py:571} INFO - 24/05/16 00:40:31 INFO StandaloneSchedulerBackend: Shutting down all executors
[2024-05-16T00:40:31.127+0000] {spark_submit.py:571} INFO - 24/05/16 00:40:31 INFO StandaloneSchedulerBackend$StandaloneDriverEndpoint: Asking each executor to shut down
[2024-05-16T00:40:31.151+0000] {spark_submit.py:571} INFO - 24/05/16 00:40:31 INFO MapOutputTrackerMasterEndpoint: MapOutputTrackerMasterEndpoint stopped!
[2024-05-16T00:40:31.200+0000] {spark_submit.py:571} INFO - 24/05/16 00:40:31 INFO MemoryStore: MemoryStore cleared
[2024-05-16T00:40:31.202+0000] {spark_submit.py:571} INFO - 24/05/16 00:40:31 INFO BlockManager: BlockManager stopped
[2024-05-16T00:40:31.207+0000] {spark_submit.py:571} INFO - 24/05/16 00:40:31 INFO BlockManagerMaster: BlockManagerMaster stopped
[2024-05-16T00:40:31.211+0000] {spark_submit.py:571} INFO - 24/05/16 00:40:31 INFO OutputCommitCoordinator$OutputCommitCoordinatorEndpoint: OutputCommitCoordinator stopped!
[2024-05-16T00:40:31.229+0000] {spark_submit.py:571} INFO - 24/05/16 00:40:31 INFO SparkContext: Successfully stopped SparkContext
[2024-05-16T00:40:31.231+0000] {spark_submit.py:571} INFO - 24/05/16 00:40:31 INFO ShutdownHookManager: Shutdown hook called
[2024-05-16T00:40:31.234+0000] {spark_submit.py:571} INFO - 24/05/16 00:40:31 INFO ShutdownHookManager: Deleting directory /tmp/spark-da6c6f80-2715-420e-94c2-d74397fe46d2
[2024-05-16T00:40:31.251+0000] {spark_submit.py:571} INFO - 24/05/16 00:40:31 INFO ShutdownHookManager: Deleting directory /tmp/spark-97b9fc66-edaf-4362-ab1b-c92766090338/pyspark-f4c1866c-bda3-40d2-b067-83716be218a6
[2024-05-16T00:40:31.260+0000] {spark_submit.py:571} INFO - 24/05/16 00:40:31 INFO ShutdownHookManager: Deleting directory /tmp/spark-97b9fc66-edaf-4362-ab1b-c92766090338
[2024-05-16T00:40:31.311+0000] {taskinstance.py:441} INFO - ::group::Post task execution logs
[2024-05-16T00:40:31.338+0000] {taskinstance.py:2905} ERROR - Task failed with exception
Traceback (most recent call last):
  File "/home/airflow/.local/lib/python3.12/site-packages/airflow/models/taskinstance.py", line 465, in _execute_task
    result = _execute_callable(context=context, **execute_callable_kwargs)
             ^^^^^^^^^^^^^^^^^^^^^^^^^^^^^^^^^^^^^^^^^^^^^^^^^^^^^^^^^^^^^
  File "/home/airflow/.local/lib/python3.12/site-packages/airflow/models/taskinstance.py", line 432, in _execute_callable
    return execute_callable(context=context, **execute_callable_kwargs)
           ^^^^^^^^^^^^^^^^^^^^^^^^^^^^^^^^^^^^^^^^^^^^^^^^^^^^^^^^^^^^
  File "/home/airflow/.local/lib/python3.12/site-packages/airflow/models/baseoperator.py", line 400, in wrapper
    return func(self, *args, **kwargs)
           ^^^^^^^^^^^^^^^^^^^^^^^^^^^
  File "/home/airflow/.local/lib/python3.12/site-packages/airflow/providers/apache/spark/operators/spark_submit.py", line 174, in execute
    self._hook.submit(self.application)
  File "/home/airflow/.local/lib/python3.12/site-packages/airflow/providers/apache/spark/hooks/spark_submit.py", line 502, in submit
    raise AirflowException(
airflow.exceptions.AirflowException: Cannot execute: spark-submit --master spark://spark-master:7077 --num-executors 1 --total-executor-cores 1 --executor-cores 1 --executor-memory 2g --driver-memory 2g --name arrow-spark --deploy-mode client dags/includes/jobs/spark_consumer.py. Error code is: 1.
[2024-05-16T00:40:31.345+0000] {taskinstance.py:1206} INFO - Marking task as UP_FOR_RETRY. dag_id=Webscrape, task_id=Process_Send_Data, run_id=manual__2024-05-16T00:36:00.025857+00:00, execution_date=20240516T003600, start_date=20240516T004024, end_date=20240516T004031
[2024-05-16T00:40:31.375+0000] {standard_task_runner.py:110} ERROR - Failed to execute job 180 for task Process_Send_Data (Cannot execute: spark-submit --master spark://spark-master:7077 --num-executors 1 --total-executor-cores 1 --executor-cores 1 --executor-memory 2g --driver-memory 2g --name arrow-spark --deploy-mode client dags/includes/jobs/spark_consumer.py. Error code is: 1.; 2498)
[2024-05-16T00:40:31.402+0000] {local_task_job_runner.py:240} INFO - Task exited with return code 1
[2024-05-16T00:40:31.431+0000] {taskinstance.py:3498} INFO - 0 downstream tasks scheduled from follow-on schedule check
[2024-05-16T00:40:31.432+0000] {local_task_job_runner.py:222} INFO - ::endgroup::
