[2024-05-18T20:29:23.272+0000] {local_task_job_runner.py:120} INFO - ::group::Pre task execution logs
[2024-05-18T20:29:23.325+0000] {taskinstance.py:2076} INFO - Dependencies all met for dep_context=non-requeueable deps ti=<TaskInstance: Webscrape.Ingest_Data manual__2024-05-18T20:29:18.054546+00:00 [queued]>
[2024-05-18T20:29:23.335+0000] {taskinstance.py:2076} INFO - Dependencies all met for dep_context=requeueable deps ti=<TaskInstance: Webscrape.Ingest_Data manual__2024-05-18T20:29:18.054546+00:00 [queued]>
[2024-05-18T20:29:23.335+0000] {taskinstance.py:2306} INFO - Starting attempt 1 of 6
[2024-05-18T20:29:23.350+0000] {taskinstance.py:2330} INFO - Executing <Task(PythonOperator): Ingest_Data> on 2024-05-18 20:29:18.054546+00:00
[2024-05-18T20:29:23.385+0000] {standard_task_runner.py:63} INFO - Started process 1244 to run task
[2024-05-18T20:29:23.398+0000] {standard_task_runner.py:90} INFO - Running: ['***', 'tasks', 'run', 'Webscrape', 'Ingest_Data', 'manual__2024-05-18T20:29:18.054546+00:00', '--job-id', '273', '--raw', '--subdir', 'DAGS_FOLDER/webscrapping.py', '--cfg-path', '/tmp/tmpkf14azsq']
[2024-05-18T20:29:23.403+0000] {standard_task_runner.py:91} INFO - Job 273: Subtask Ingest_Data
[2024-05-18T20:29:23.488+0000] {task_command.py:426} INFO - Running <TaskInstance: Webscrape.Ingest_Data manual__2024-05-18T20:29:18.054546+00:00 [running]> on host f3c105d69d83
[2024-05-18T20:29:23.599+0000] {taskinstance.py:2648} INFO - Exporting env vars: AIRFLOW_CTX_DAG_OWNER='svc' AIRFLOW_CTX_DAG_ID='Webscrape' AIRFLOW_CTX_TASK_ID='Ingest_Data' AIRFLOW_CTX_EXECUTION_DATE='2024-05-18T20:29:18.054546+00:00' AIRFLOW_CTX_TRY_NUMBER='1' AIRFLOW_CTX_DAG_RUN_ID='manual__2024-05-18T20:29:18.054546+00:00'
[2024-05-18T20:29:23.601+0000] {taskinstance.py:430} INFO - ::endgroup::
[2024-05-18T20:29:23.628+0000] {conn.py:362} INFO - <BrokerConnection node_id=bootstrap-0 host=kafka:9092 <connecting> [IPv4 ('172.25.0.7', 9092)]>: connecting to kafka:9092 [('172.25.0.7', 9092) IPv4]
[2024-05-18T20:29:23.629+0000] {conn.py:957} INFO - Probing node bootstrap-0 broker version
[2024-05-18T20:29:23.631+0000] {conn.py:393} INFO - <BrokerConnection node_id=bootstrap-0 host=kafka:9092 <connecting> [IPv4 ('172.25.0.7', 9092)]>: Connection complete.
[2024-05-18T20:29:23.740+0000] {conn.py:1019} INFO - Broker version identified as 2.6.0
[2024-05-18T20:29:23.740+0000] {conn.py:1020} INFO - Set configuration api_version=(2, 6, 0) to skip auto check_version requests on startup
[2024-05-18T20:29:24.665+0000] {logging_mixin.py:188} INFO - Connecting to Scraping Browser...
[2024-05-18T20:29:26.815+0000] {logging_mixin.py:188} INFO - Connected! Navigating to https://www.redfin.com...
[2024-05-18T20:29:34.759+0000] {logging_mixin.py:188} INFO - Searching...
[2024-05-18T20:29:40.550+0000] {logging_mixin.py:188} INFO - --------
[2024-05-18T20:29:40.557+0000] {logging_mixin.py:188} INFO - 1
[2024-05-18T20:29:40.562+0000] {logging_mixin.py:188} INFO - Navigating to Listing page: https://www.redfin.com/CA/San-Francisco/5853-Mission-St-94112/unit-2/home/795540
[2024-05-18T20:30:00.183+0000] {logging_mixin.py:188} INFO - Extracting Pictures
[2024-05-18T20:30:06.888+0000] {logging_mixin.py:188} INFO - Extracting Key Details
[2024-05-18T20:30:07.801+0000] {logging_mixin.py:188} INFO - Extracting Listing Agent Details
[2024-05-18T20:30:08.428+0000] {logging_mixin.py:188} INFO - Extracting Redfin Agent Details
[2024-05-18T20:30:08.998+0000] {logging_mixin.py:188} INFO - Extracting Property Details
[2024-05-18T20:30:10.589+0000] {logging_mixin.py:188} INFO - {
  "address": "5853 Mission St #2 San Francisco CA 94112",
  "price": "525000",
  "beds": "1",
  "baths": "1",
  "link": "https://www.redfin.com/CA/San-Francisco/5853-Mission-St-94112/unit-2/home/795540",
  "photos": [
    "https://ssl.cdn-redfin.com/system_files/media/922079_JPG/item_1.jpg",
    "https://ssl.cdn-redfin.com/system_files/media/922079_JPG/genLdpUgcMediaBrowserUrl/item_2.jpg",
    "https://my.matterport.com/api/v2/player/models/dfuTSuYsHx2/thumb",
    "https://ssl.cdn-redfin.com/system_files/media/922079_JPG/genLdpUgcMediaBrowserUrl/item_4.jpg",
    "https://ssl.cdn-redfin.com/system_files/media/922079_JPG/genLdpUgcMediaBrowserUrl/item_5.jpg",
    "https://ssl.cdn-redfin.com/system_files/media/922079_JPG/item_3.jpg",
    "https://ssl.cdn-redfin.com/system_files/media/922079_JPG/item_9.jpg",
    "https://ssl.cdn-redfin.com/system_files/media/922079_JPG/item_15.jpg",
    "https://ssl.cdn-redfin.com/system_files/media/922079_JPG/item_21.jpg",
    "https://ssl.cdn-redfin.com/system_files/media/922079_JPG/item_27.jpg"
  ],
  "hoa_fee": "400",
  "buyers_agent_fee": "",
  "listing_agent_name": "Cleveland Motley",
  "listing_agent_contact": "",
  "redfin_agent_name": "Cleveland Motley",
  "finished_sqft": "",
  "unfinished_sqft": "",
  "total_sqft": "708",
  "stories": "1",
  "style": "Condo/Co-op",
  "year_built": "1980",
  "year_renovated": "",
  "county": "San Francisco County",
  "APN": "6472032"
}
[2024-05-18T20:30:10.591+0000] {logging_mixin.py:188} INFO - Sending Data to Kafka
[2024-05-18T20:30:10.614+0000] {conn.py:362} INFO - <BrokerConnection node_id=1 host=kafka:9092 <connecting> [IPv4 ('172.25.0.7', 9092)]>: connecting to kafka:9092 [('172.25.0.7', 9092) IPv4]
[2024-05-18T20:30:10.616+0000] {conn.py:393} INFO - <BrokerConnection node_id=1 host=kafka:9092 <connecting> [IPv4 ('172.25.0.7', 9092)]>: Connection complete.
[2024-05-18T20:30:10.617+0000] {conn.py:673} INFO - <BrokerConnection node_id=bootstrap-0 host=kafka:9092 <connected> [IPv4 ('172.25.0.7', 9092)]>: Closing connection. 
[2024-05-18T20:30:10.768+0000] {logging_mixin.py:188} INFO - --------
[2024-05-18T20:30:10.769+0000] {logging_mixin.py:188} INFO - 2
[2024-05-18T20:30:10.781+0000] {logging_mixin.py:188} INFO - Navigating to Listing page: https://www.redfin.com/CA/San-Francisco/88-Cameo-Way-94131/home/840418
[2024-05-18T20:30:28.479+0000] {logging_mixin.py:188} INFO - Extracting Pictures
[2024-05-18T20:30:37.618+0000] {logging_mixin.py:188} INFO - Extracting Key Details
[2024-05-18T20:30:38.515+0000] {logging_mixin.py:188} INFO - Extracting Listing Agent Details
[2024-05-18T20:30:39.256+0000] {logging_mixin.py:188} INFO - Extracting Redfin Agent Details
[2024-05-18T20:30:39.764+0000] {logging_mixin.py:188} INFO - Extracting Property Details
[2024-05-18T20:30:41.362+0000] {logging_mixin.py:188} INFO - {
  "address": "88 Cameo Way San Francisco CA 94131",
  "price": "2295000",
  "beds": "4",
  "baths": "2.5",
  "link": "https://www.redfin.com/CA/San-Francisco/88-Cameo-Way-94131/home/840418",
  "photos": [
    "https://ssl.cdn-redfin.com/photo/27/bigphoto/928/424031928_0.jpg",
    "https://ssl.cdn-redfin.com/photo/27/mbpaddedwide/928/genMid.424031928_1_0.jpg",
    "https://ssl.cdn-redfin.com/photo/27/mbpaddedwide/928/genMid.424031928_2_0.jpg",
    "https://ssl.cdn-redfin.com/photo/27/mbpaddedwide/928/genMid.424031928_4_0.jpg",
    "https://ssl.cdn-redfin.com/photo/27/mbpaddedwide/928/genMid.424031928_5_0.jpg",
    "https://ssl.cdn-redfin.com/photo/27/bigphoto/928/424031928_3_0.jpg",
    "https://ssl.cdn-redfin.com/photo/27/bigphoto/928/424031928_9_0.jpg",
    "https://ssl.cdn-redfin.com/photo/27/bigphoto/928/424031928_15_0.jpg",
    "https://ssl.cdn-redfin.com/photo/27/bigphoto/928/424031928_21_0.jpg",
    "https://ssl.cdn-redfin.com/photo/27/bigphoto/928/424031928_27_0.jpg",
    "https://ssl.cdn-redfin.com/photo/27/bigphoto/928/424031928_33_0.jpg"
  ],
  "hoa_fee": "",
  "buyers_agent_fee": "2.5",
  "listing_agent_name": "Gary Chang",
  "listing_agent_contact": "",
  "redfin_agent_name": "Anthony Torres",
  "finished_sqft": "",
  "unfinished_sqft": "",
  "total_sqft": "2007",
  "stories": "1",
  "style": "Single Family Residential",
  "year_built": "1965",
  "year_renovated": "",
  "county": "San Francisco County",
  "APN": "7513045"
}
[2024-05-18T20:30:41.363+0000] {logging_mixin.py:188} INFO - Sending Data to Kafka
[2024-05-18T20:30:41.555+0000] {logging_mixin.py:188} INFO - --------
[2024-05-18T20:30:41.559+0000] {logging_mixin.py:188} INFO - 3
[2024-05-18T20:30:41.564+0000] {logging_mixin.py:188} INFO - Navigating to Listing page: https://www.redfin.com/CA/San-Francisco/1-Bristol-Ct-94130/unit-208/home/187610447
[2024-05-18T20:31:01.113+0000] {logging_mixin.py:188} INFO - Extracting Pictures
[2024-05-18T20:31:21.680+0000] {local_task_job_runner.py:310} WARNING - State of this instance has been externally set to failed. Terminating instance.
[2024-05-18T20:31:21.701+0000] {local_task_job_runner.py:222} INFO - ::endgroup::
[2024-05-18T20:31:21.707+0000] {process_utils.py:132} INFO - Sending 15 to group 1244. PIDs of all processes in the group: [1251, 1244]
[2024-05-18T20:31:21.709+0000] {process_utils.py:87} INFO - Sending the signal 15 to group 1244
[2024-05-18T20:31:21.710+0000] {taskinstance.py:2611} ERROR - Received SIGTERM. Terminating subprocesses.
[2024-05-18T20:31:22.223+0000] {process_utils.py:80} INFO - Process psutil.Process(pid=1251, status='terminated', started='20:29:23') (1251) terminated with exit code None
[2024-05-18T20:32:21.815+0000] {process_utils.py:150} WARNING - process psutil.Process(pid=1244, name='airflow task ru', status='sleeping', started='20:29:22') did not respond to SIGTERM. Trying SIGKILL
[2024-05-18T20:32:21.926+0000] {process_utils.py:87} INFO - Sending the signal 9 to group 1244
[2024-05-18T20:32:22.037+0000] {process_utils.py:80} INFO - Process psutil.Process(pid=1244, name='airflow task ru', status='terminated', exitcode=<Negsignal.SIGKILL: -9>, started='20:29:22') (1244) terminated with exit code -9
[2024-05-18T20:32:22.049+0000] {standard_task_runner.py:178} ERROR - Job 273 was killed before it finished (likely due to running out of memory)
