[2024-05-15T23:28:22.696+0000] {local_task_job_runner.py:120} INFO - ::group::Pre task execution logs
[2024-05-15T23:28:22.734+0000] {taskinstance.py:2076} INFO - Dependencies all met for dep_context=non-requeueable deps ti=<TaskInstance: Webscrape.Process_Send_Data manual__2024-05-15T23:26:11.576974+00:00 [queued]>
[2024-05-15T23:28:22.741+0000] {taskinstance.py:2076} INFO - Dependencies all met for dep_context=requeueable deps ti=<TaskInstance: Webscrape.Process_Send_Data manual__2024-05-15T23:26:11.576974+00:00 [queued]>
[2024-05-15T23:28:22.741+0000] {taskinstance.py:2306} INFO - Starting attempt 2 of 6
[2024-05-15T23:28:22.752+0000] {taskinstance.py:2330} INFO - Executing <Task(SparkSubmitOperator): Process_Send_Data> on 2024-05-15 23:26:11.576974+00:00
[2024-05-15T23:28:22.779+0000] {logging_mixin.py:188} WARNING - /home/***/.local/lib/python3.12/site-packages/***/task/task_runner/standard_task_runner.py:61 DeprecationWarning: This process (pid=875) is multi-threaded, use of fork() may lead to deadlocks in the child.
[2024-05-15T23:28:22.771+0000] {standard_task_runner.py:90} INFO - Running: ['***', 'tasks', 'run', 'Webscrape', 'Process_Send_Data', 'manual__2024-05-15T23:26:11.576974+00:00', '--job-id', '149', '--raw', '--subdir', 'DAGS_FOLDER/webscrapping.py', '--cfg-path', '/tmp/tmp9z4v6nz3']
[2024-05-15T23:28:22.789+0000] {standard_task_runner.py:63} INFO - Started process 876 to run task
[2024-05-15T23:28:22.790+0000] {standard_task_runner.py:91} INFO - Job 149: Subtask Process_Send_Data
[2024-05-15T23:28:22.871+0000] {task_command.py:426} INFO - Running <TaskInstance: Webscrape.Process_Send_Data manual__2024-05-15T23:26:11.576974+00:00 [running]> on host fb6491796190
[2024-05-15T23:28:22.939+0000] {taskinstance.py:2648} INFO - Exporting env vars: AIRFLOW_CTX_DAG_OWNER='svc' AIRFLOW_CTX_DAG_ID='Webscrape' AIRFLOW_CTX_TASK_ID='Process_Send_Data' AIRFLOW_CTX_EXECUTION_DATE='2024-05-15T23:26:11.576974+00:00' AIRFLOW_CTX_TRY_NUMBER='2' AIRFLOW_CTX_DAG_RUN_ID='manual__2024-05-15T23:26:11.576974+00:00'
[2024-05-15T23:28:22.941+0000] {taskinstance.py:430} INFO - ::endgroup::
[2024-05-15T23:28:22.959+0000] {base.py:84} INFO - Using connection ID 'spark_default' for task execution.
[2024-05-15T23:28:22.962+0000] {spark_submit.py:401} INFO - Spark-Submit cmd: spark-submit --master spark://spark-master:7077 --num-executors 1 --total-executor-cores 1 --executor-cores 1 --executor-memory 2g --driver-memory 2g --name arrow-spark --deploy-mode client dags/includes/jobs/spark_consumer.py
[2024-05-15T23:28:25.769+0000] {spark_submit.py:571} INFO - 24/05/15 23:28:25 INFO SparkContext: Running Spark version 3.5.1
[2024-05-15T23:28:25.773+0000] {spark_submit.py:571} INFO - 24/05/15 23:28:25 INFO SparkContext: OS info Linux, 6.6.26-linuxkit, aarch64
[2024-05-15T23:28:25.773+0000] {spark_submit.py:571} INFO - 24/05/15 23:28:25 INFO SparkContext: Java version 17.0.11
[2024-05-15T23:28:25.803+0000] {spark_submit.py:571} INFO - 24/05/15 23:28:25 WARN NativeCodeLoader: Unable to load native-hadoop library for your platform... using builtin-java classes where applicable
[2024-05-15T23:28:25.848+0000] {spark_submit.py:571} INFO - 24/05/15 23:28:25 INFO ResourceUtils: ==============================================================
[2024-05-15T23:28:25.849+0000] {spark_submit.py:571} INFO - 24/05/15 23:28:25 INFO ResourceUtils: No custom resources configured for spark.driver.
[2024-05-15T23:28:25.849+0000] {spark_submit.py:571} INFO - 24/05/15 23:28:25 INFO ResourceUtils: ==============================================================
[2024-05-15T23:28:25.849+0000] {spark_submit.py:571} INFO - 24/05/15 23:28:25 INFO SparkContext: Submitted application: Redfin_Properties_Consumer
[2024-05-15T23:28:25.859+0000] {spark_submit.py:571} INFO - 24/05/15 23:28:25 INFO ResourceProfile: Default ResourceProfile created, executor resources: Map(cores -> name: cores, amount: 1, script: , vendor: , memory -> name: memory, amount: 2048, script: , vendor: , offHeap -> name: offHeap, amount: 0, script: , vendor: ), task resources: Map(cpus -> name: cpus, amount: 1.0)
[2024-05-15T23:28:25.864+0000] {spark_submit.py:571} INFO - 24/05/15 23:28:25 INFO ResourceProfile: Limiting resource is cpus at 1 tasks per executor
[2024-05-15T23:28:25.865+0000] {spark_submit.py:571} INFO - 24/05/15 23:28:25 INFO ResourceProfileManager: Added ResourceProfile id: 0
[2024-05-15T23:28:25.892+0000] {spark_submit.py:571} INFO - 24/05/15 23:28:25 INFO SecurityManager: Changing view acls to: ***
[2024-05-15T23:28:25.893+0000] {spark_submit.py:571} INFO - 24/05/15 23:28:25 INFO SecurityManager: Changing modify acls to: ***
[2024-05-15T23:28:25.893+0000] {spark_submit.py:571} INFO - 24/05/15 23:28:25 INFO SecurityManager: Changing view acls groups to:
[2024-05-15T23:28:25.894+0000] {spark_submit.py:571} INFO - 24/05/15 23:28:25 INFO SecurityManager: Changing modify acls groups to:
[2024-05-15T23:28:25.894+0000] {spark_submit.py:571} INFO - 24/05/15 23:28:25 INFO SecurityManager: SecurityManager: authentication disabled; ui acls disabled; users with view permissions: ***; groups with view permissions: EMPTY; users with modify permissions: ***; groups with modify permissions: EMPTY
[2024-05-15T23:28:26.024+0000] {spark_submit.py:571} INFO - 24/05/15 23:28:26 INFO Utils: Successfully started service 'sparkDriver' on port 35161.
[2024-05-15T23:28:26.068+0000] {spark_submit.py:571} INFO - 24/05/15 23:28:26 INFO SparkEnv: Registering MapOutputTracker
[2024-05-15T23:28:26.093+0000] {spark_submit.py:571} INFO - 24/05/15 23:28:26 INFO SparkEnv: Registering BlockManagerMaster
[2024-05-15T23:28:26.102+0000] {spark_submit.py:571} INFO - 24/05/15 23:28:26 INFO BlockManagerMasterEndpoint: Using org.apache.spark.storage.DefaultTopologyMapper for getting topology information
[2024-05-15T23:28:26.102+0000] {spark_submit.py:571} INFO - 24/05/15 23:28:26 INFO BlockManagerMasterEndpoint: BlockManagerMasterEndpoint up
[2024-05-15T23:28:26.105+0000] {spark_submit.py:571} INFO - 24/05/15 23:28:26 INFO SparkEnv: Registering BlockManagerMasterHeartbeat
[2024-05-15T23:28:26.117+0000] {spark_submit.py:571} INFO - 24/05/15 23:28:26 INFO DiskBlockManager: Created local directory at /tmp/blockmgr-19f74e91-ec59-4926-b1f7-0daa40d8b1d7
[2024-05-15T23:28:26.126+0000] {spark_submit.py:571} INFO - 24/05/15 23:28:26 INFO MemoryStore: MemoryStore started with capacity 1048.8 MiB
[2024-05-15T23:28:26.136+0000] {spark_submit.py:571} INFO - 24/05/15 23:28:26 INFO SparkEnv: Registering OutputCommitCoordinator
[2024-05-15T23:28:26.207+0000] {spark_submit.py:571} INFO - 24/05/15 23:28:26 INFO JettyUtils: Start Jetty 0.0.0.0:4040 for SparkUI
[2024-05-15T23:28:26.249+0000] {spark_submit.py:571} INFO - 24/05/15 23:28:26 INFO Utils: Successfully started service 'SparkUI' on port 4040.
[2024-05-15T23:28:26.318+0000] {spark_submit.py:571} INFO - 24/05/15 23:28:26 INFO Executor: Starting executor ID driver on host fb6491796190
[2024-05-15T23:28:26.319+0000] {spark_submit.py:571} INFO - 24/05/15 23:28:26 INFO Executor: OS info Linux, 6.6.26-linuxkit, aarch64
[2024-05-15T23:28:26.319+0000] {spark_submit.py:571} INFO - 24/05/15 23:28:26 INFO Executor: Java version 17.0.11
[2024-05-15T23:28:26.322+0000] {spark_submit.py:571} INFO - 24/05/15 23:28:26 INFO Executor: Starting executor with user classpath (userClassPathFirst = false): ''
[2024-05-15T23:28:26.322+0000] {spark_submit.py:571} INFO - 24/05/15 23:28:26 INFO Executor: Created or updated repl class loader org.apache.spark.util.MutableURLClassLoader@6a662e2a for default.
[2024-05-15T23:28:26.332+0000] {spark_submit.py:571} INFO - 24/05/15 23:28:26 INFO Utils: Successfully started service 'org.apache.spark.network.netty.NettyBlockTransferService' on port 33201.
[2024-05-15T23:28:26.332+0000] {spark_submit.py:571} INFO - 24/05/15 23:28:26 INFO NettyBlockTransferService: Server created on fb6491796190:33201
[2024-05-15T23:28:26.333+0000] {spark_submit.py:571} INFO - 24/05/15 23:28:26 INFO BlockManager: Using org.apache.spark.storage.RandomBlockReplicationPolicy for block replication policy
[2024-05-15T23:28:26.336+0000] {spark_submit.py:571} INFO - 24/05/15 23:28:26 INFO BlockManagerMaster: Registering BlockManager BlockManagerId(driver, fb6491796190, 33201, None)
[2024-05-15T23:28:26.337+0000] {spark_submit.py:571} INFO - 24/05/15 23:28:26 INFO BlockManagerMasterEndpoint: Registering block manager fb6491796190:33201 with 1048.8 MiB RAM, BlockManagerId(driver, fb6491796190, 33201, None)
[2024-05-15T23:28:26.339+0000] {spark_submit.py:571} INFO - 24/05/15 23:28:26 INFO BlockManagerMaster: Registered BlockManager BlockManagerId(driver, fb6491796190, 33201, None)
[2024-05-15T23:28:26.339+0000] {spark_submit.py:571} INFO - 24/05/15 23:28:26 INFO BlockManager: Initialized BlockManager: BlockManagerId(driver, fb6491796190, 33201, None)
[2024-05-15T23:28:26.622+0000] {spark_submit.py:571} INFO - 24/05/15 23:28:26 INFO SharedState: Setting hive.metastore.warehouse.dir ('null') to the value of spark.sql.warehouse.dir.
[2024-05-15T23:28:26.631+0000] {spark_submit.py:571} INFO - 24/05/15 23:28:26 INFO SharedState: Warehouse path is 'file:/opt/***/spark-warehouse'.
[2024-05-15T23:28:27.258+0000] {spark_submit.py:571} INFO - Traceback (most recent call last):
[2024-05-15T23:28:27.259+0000] {spark_submit.py:571} INFO - File "/opt/***/dags/includes/jobs/spark_consumer.py", line 75, in <module>
[2024-05-15T23:28:27.259+0000] {spark_submit.py:571} INFO - .load())
[2024-05-15T23:28:27.259+0000] {spark_submit.py:571} INFO - ^^^^^^
[2024-05-15T23:28:27.260+0000] {spark_submit.py:571} INFO - File "/home/***/.local/lib/python3.12/site-packages/pyspark/python/lib/pyspark.zip/pyspark/sql/streaming/readwriter.py", line 304, in load
[2024-05-15T23:28:27.260+0000] {spark_submit.py:571} INFO - File "/home/***/.local/lib/python3.12/site-packages/pyspark/python/lib/py4j-0.10.9.7-src.zip/py4j/java_gateway.py", line 1322, in __call__
[2024-05-15T23:28:27.260+0000] {spark_submit.py:571} INFO - File "/home/***/.local/lib/python3.12/site-packages/pyspark/python/lib/pyspark.zip/pyspark/errors/exceptions/captured.py", line 185, in deco
[2024-05-15T23:28:27.265+0000] {spark_submit.py:571} INFO - pyspark.errors.exceptions.captured.AnalysisException: Failed to find data source: kafka. Please deploy the application as per the deployment section of Structured Streaming + Kafka Integration Guide.
[2024-05-15T23:28:27.265+0000] {spark_submit.py:571} INFO - INFO:py4j.clientserver:Closing down clientserver connection
[2024-05-15T23:28:27.341+0000] {spark_submit.py:571} INFO - 24/05/15 23:28:27 INFO SparkContext: Invoking stop() from shutdown hook
[2024-05-15T23:28:27.342+0000] {spark_submit.py:571} INFO - 24/05/15 23:28:27 INFO SparkContext: SparkContext is stopping with exitCode 0.
[2024-05-15T23:28:27.346+0000] {spark_submit.py:571} INFO - 24/05/15 23:28:27 INFO SparkUI: Stopped Spark web UI at http://fb6491796190:4040
[2024-05-15T23:28:27.350+0000] {spark_submit.py:571} INFO - 24/05/15 23:28:27 INFO MapOutputTrackerMasterEndpoint: MapOutputTrackerMasterEndpoint stopped!
[2024-05-15T23:28:27.362+0000] {spark_submit.py:571} INFO - 24/05/15 23:28:27 INFO MemoryStore: MemoryStore cleared
[2024-05-15T23:28:27.362+0000] {spark_submit.py:571} INFO - 24/05/15 23:28:27 INFO BlockManager: BlockManager stopped
[2024-05-15T23:28:27.364+0000] {spark_submit.py:571} INFO - 24/05/15 23:28:27 INFO BlockManagerMaster: BlockManagerMaster stopped
[2024-05-15T23:28:27.365+0000] {spark_submit.py:571} INFO - 24/05/15 23:28:27 INFO OutputCommitCoordinator$OutputCommitCoordinatorEndpoint: OutputCommitCoordinator stopped!
[2024-05-15T23:28:27.372+0000] {spark_submit.py:571} INFO - 24/05/15 23:28:27 INFO SparkContext: Successfully stopped SparkContext
[2024-05-15T23:28:27.372+0000] {spark_submit.py:571} INFO - 24/05/15 23:28:27 INFO ShutdownHookManager: Shutdown hook called
[2024-05-15T23:28:27.373+0000] {spark_submit.py:571} INFO - 24/05/15 23:28:27 INFO ShutdownHookManager: Deleting directory /tmp/spark-e40cca57-9473-4569-909a-c9fdccc63e55/pyspark-45a2c0d6-5376-434f-9842-c2cce2cfcff6
[2024-05-15T23:28:27.385+0000] {spark_submit.py:571} INFO - 24/05/15 23:28:27 INFO ShutdownHookManager: Deleting directory /tmp/spark-37e5f581-4673-4db3-be67-1808e00d34da
[2024-05-15T23:28:27.391+0000] {spark_submit.py:571} INFO - 24/05/15 23:28:27 INFO ShutdownHookManager: Deleting directory /tmp/spark-e40cca57-9473-4569-909a-c9fdccc63e55
[2024-05-15T23:28:27.422+0000] {taskinstance.py:441} INFO - ::group::Post task execution logs
[2024-05-15T23:28:27.445+0000] {taskinstance.py:2905} ERROR - Task failed with exception
Traceback (most recent call last):
  File "/home/airflow/.local/lib/python3.12/site-packages/airflow/models/taskinstance.py", line 465, in _execute_task
    result = _execute_callable(context=context, **execute_callable_kwargs)
             ^^^^^^^^^^^^^^^^^^^^^^^^^^^^^^^^^^^^^^^^^^^^^^^^^^^^^^^^^^^^^
  File "/home/airflow/.local/lib/python3.12/site-packages/airflow/models/taskinstance.py", line 432, in _execute_callable
    return execute_callable(context=context, **execute_callable_kwargs)
           ^^^^^^^^^^^^^^^^^^^^^^^^^^^^^^^^^^^^^^^^^^^^^^^^^^^^^^^^^^^^
  File "/home/airflow/.local/lib/python3.12/site-packages/airflow/models/baseoperator.py", line 400, in wrapper
    return func(self, *args, **kwargs)
           ^^^^^^^^^^^^^^^^^^^^^^^^^^^
  File "/home/airflow/.local/lib/python3.12/site-packages/airflow/providers/apache/spark/operators/spark_submit.py", line 174, in execute
    self._hook.submit(self.application)
  File "/home/airflow/.local/lib/python3.12/site-packages/airflow/providers/apache/spark/hooks/spark_submit.py", line 502, in submit
    raise AirflowException(
airflow.exceptions.AirflowException: Cannot execute: spark-submit --master spark://spark-master:7077 --num-executors 1 --total-executor-cores 1 --executor-cores 1 --executor-memory 2g --driver-memory 2g --name arrow-spark --deploy-mode client dags/includes/jobs/spark_consumer.py. Error code is: 1.
[2024-05-15T23:28:27.449+0000] {taskinstance.py:1206} INFO - Marking task as UP_FOR_RETRY. dag_id=Webscrape, task_id=Process_Send_Data, run_id=manual__2024-05-15T23:26:11.576974+00:00, execution_date=20240515T232611, start_date=20240515T232822, end_date=20240515T232827
[2024-05-15T23:28:27.459+0000] {standard_task_runner.py:110} ERROR - Failed to execute job 149 for task Process_Send_Data (Cannot execute: spark-submit --master spark://spark-master:7077 --num-executors 1 --total-executor-cores 1 --executor-cores 1 --executor-memory 2g --driver-memory 2g --name arrow-spark --deploy-mode client dags/includes/jobs/spark_consumer.py. Error code is: 1.; 876)
[2024-05-15T23:28:27.511+0000] {local_task_job_runner.py:240} INFO - Task exited with return code 1
[2024-05-15T23:28:27.530+0000] {local_task_job_runner.py:222} INFO - ::endgroup::
