[2024-05-15T23:26:13.350+0000] {local_task_job_runner.py:120} INFO - ::group::Pre task execution logs
[2024-05-15T23:26:13.379+0000] {taskinstance.py:2076} INFO - Dependencies all met for dep_context=non-requeueable deps ti=<TaskInstance: Webscrape.Process_Send_Data manual__2024-05-15T23:26:11.576974+00:00 [queued]>
[2024-05-15T23:26:13.386+0000] {taskinstance.py:2076} INFO - Dependencies all met for dep_context=requeueable deps ti=<TaskInstance: Webscrape.Process_Send_Data manual__2024-05-15T23:26:11.576974+00:00 [queued]>
[2024-05-15T23:26:13.387+0000] {taskinstance.py:2306} INFO - Starting attempt 1 of 6
[2024-05-15T23:26:13.395+0000] {taskinstance.py:2330} INFO - Executing <Task(SparkSubmitOperator): Process_Send_Data> on 2024-05-15 23:26:11.576974+00:00
[2024-05-15T23:26:13.412+0000] {logging_mixin.py:188} WARNING - /home/***/.local/lib/python3.12/site-packages/***/task/task_runner/standard_task_runner.py:61 DeprecationWarning: This process (pid=732) is multi-threaded, use of fork() may lead to deadlocks in the child.
[2024-05-15T23:26:13.408+0000] {standard_task_runner.py:90} INFO - Running: ['***', 'tasks', 'run', 'Webscrape', 'Process_Send_Data', 'manual__2024-05-15T23:26:11.576974+00:00', '--job-id', '148', '--raw', '--subdir', 'DAGS_FOLDER/webscrapping.py', '--cfg-path', '/tmp/tmpqvwcfdtr']
[2024-05-15T23:26:13.414+0000] {standard_task_runner.py:63} INFO - Started process 733 to run task
[2024-05-15T23:26:13.414+0000] {standard_task_runner.py:91} INFO - Job 148: Subtask Process_Send_Data
[2024-05-15T23:26:13.472+0000] {task_command.py:426} INFO - Running <TaskInstance: Webscrape.Process_Send_Data manual__2024-05-15T23:26:11.576974+00:00 [running]> on host fb6491796190
[2024-05-15T23:26:13.549+0000] {taskinstance.py:2648} INFO - Exporting env vars: AIRFLOW_CTX_DAG_OWNER='svc' AIRFLOW_CTX_DAG_ID='Webscrape' AIRFLOW_CTX_TASK_ID='Process_Send_Data' AIRFLOW_CTX_EXECUTION_DATE='2024-05-15T23:26:11.576974+00:00' AIRFLOW_CTX_TRY_NUMBER='1' AIRFLOW_CTX_DAG_RUN_ID='manual__2024-05-15T23:26:11.576974+00:00'
[2024-05-15T23:26:13.550+0000] {taskinstance.py:430} INFO - ::endgroup::
[2024-05-15T23:26:13.571+0000] {base.py:84} INFO - Using connection ID 'spark_default' for task execution.
[2024-05-15T23:26:13.571+0000] {spark_submit.py:401} INFO - Spark-Submit cmd: spark-submit --master spark://spark-master:7077 --num-executors 1 --total-executor-cores 1 --executor-cores 1 --executor-memory 2g --driver-memory 2g --name arrow-spark --deploy-mode client dags/includes/jobs/spark_consumer.py
[2024-05-15T23:26:16.628+0000] {spark_submit.py:571} INFO - 24/05/15 23:26:16 INFO SparkContext: Running Spark version 3.5.1
[2024-05-15T23:26:16.631+0000] {spark_submit.py:571} INFO - 24/05/15 23:26:16 INFO SparkContext: OS info Linux, 6.6.26-linuxkit, aarch64
[2024-05-15T23:26:16.631+0000] {spark_submit.py:571} INFO - 24/05/15 23:26:16 INFO SparkContext: Java version 17.0.11
[2024-05-15T23:26:16.679+0000] {spark_submit.py:571} INFO - 24/05/15 23:26:16 WARN NativeCodeLoader: Unable to load native-hadoop library for your platform... using builtin-java classes where applicable
[2024-05-15T23:26:16.758+0000] {spark_submit.py:571} INFO - 24/05/15 23:26:16 INFO ResourceUtils: ==============================================================
[2024-05-15T23:26:16.774+0000] {spark_submit.py:571} INFO - 24/05/15 23:26:16 INFO ResourceUtils: No custom resources configured for spark.driver.
[2024-05-15T23:26:16.781+0000] {spark_submit.py:571} INFO - 24/05/15 23:26:16 INFO ResourceUtils: ==============================================================
[2024-05-15T23:26:16.798+0000] {spark_submit.py:571} INFO - 24/05/15 23:26:16 INFO SparkContext: Submitted application: Redfin_Properties_Consumer
[2024-05-15T23:26:16.854+0000] {spark_submit.py:571} INFO - 24/05/15 23:26:16 INFO ResourceProfile: Default ResourceProfile created, executor resources: Map(cores -> name: cores, amount: 1, script: , vendor: , memory -> name: memory, amount: 2048, script: , vendor: , offHeap -> name: offHeap, amount: 0, script: , vendor: ), task resources: Map(cpus -> name: cpus, amount: 1.0)
[2024-05-15T23:26:16.862+0000] {spark_submit.py:571} INFO - 24/05/15 23:26:16 INFO ResourceProfile: Limiting resource is cpus at 1 tasks per executor
[2024-05-15T23:26:16.863+0000] {spark_submit.py:571} INFO - 24/05/15 23:26:16 INFO ResourceProfileManager: Added ResourceProfile id: 0
[2024-05-15T23:26:16.943+0000] {spark_submit.py:571} INFO - 24/05/15 23:26:16 INFO SecurityManager: Changing view acls to: ***
[2024-05-15T23:26:16.950+0000] {spark_submit.py:571} INFO - 24/05/15 23:26:16 INFO SecurityManager: Changing modify acls to: ***
[2024-05-15T23:26:16.951+0000] {spark_submit.py:571} INFO - 24/05/15 23:26:16 INFO SecurityManager: Changing view acls groups to:
[2024-05-15T23:26:16.951+0000] {spark_submit.py:571} INFO - 24/05/15 23:26:16 INFO SecurityManager: Changing modify acls groups to:
[2024-05-15T23:26:16.952+0000] {spark_submit.py:571} INFO - 24/05/15 23:26:16 INFO SecurityManager: SecurityManager: authentication disabled; ui acls disabled; users with view permissions: ***; groups with view permissions: EMPTY; users with modify permissions: ***; groups with modify permissions: EMPTY
[2024-05-15T23:26:17.211+0000] {spark_submit.py:571} INFO - 24/05/15 23:26:17 INFO Utils: Successfully started service 'sparkDriver' on port 40223.
[2024-05-15T23:26:17.270+0000] {spark_submit.py:571} INFO - 24/05/15 23:26:17 INFO SparkEnv: Registering MapOutputTracker
[2024-05-15T23:26:17.333+0000] {spark_submit.py:571} INFO - 24/05/15 23:26:17 INFO SparkEnv: Registering BlockManagerMaster
[2024-05-15T23:26:17.355+0000] {spark_submit.py:571} INFO - 24/05/15 23:26:17 INFO BlockManagerMasterEndpoint: Using org.apache.spark.storage.DefaultTopologyMapper for getting topology information
[2024-05-15T23:26:17.356+0000] {spark_submit.py:571} INFO - 24/05/15 23:26:17 INFO BlockManagerMasterEndpoint: BlockManagerMasterEndpoint up
[2024-05-15T23:26:17.360+0000] {spark_submit.py:571} INFO - 24/05/15 23:26:17 INFO SparkEnv: Registering BlockManagerMasterHeartbeat
[2024-05-15T23:26:17.412+0000] {spark_submit.py:571} INFO - 24/05/15 23:26:17 INFO DiskBlockManager: Created local directory at /tmp/blockmgr-dd52a423-ee92-409d-85b7-7c6617273243
[2024-05-15T23:26:17.434+0000] {spark_submit.py:571} INFO - 24/05/15 23:26:17 INFO MemoryStore: MemoryStore started with capacity 1048.8 MiB
[2024-05-15T23:26:17.453+0000] {spark_submit.py:571} INFO - 24/05/15 23:26:17 INFO SparkEnv: Registering OutputCommitCoordinator
[2024-05-15T23:26:17.659+0000] {spark_submit.py:571} INFO - 24/05/15 23:26:17 INFO JettyUtils: Start Jetty 0.0.0.0:4040 for SparkUI
[2024-05-15T23:26:17.874+0000] {spark_submit.py:571} INFO - 24/05/15 23:26:17 INFO Utils: Successfully started service 'SparkUI' on port 4040.
[2024-05-15T23:26:18.038+0000] {spark_submit.py:571} INFO - 24/05/15 23:26:18 INFO Executor: Starting executor ID driver on host fb6491796190
[2024-05-15T23:26:18.039+0000] {spark_submit.py:571} INFO - 24/05/15 23:26:18 INFO Executor: OS info Linux, 6.6.26-linuxkit, aarch64
[2024-05-15T23:26:18.039+0000] {spark_submit.py:571} INFO - 24/05/15 23:26:18 INFO Executor: Java version 17.0.11
[2024-05-15T23:26:18.048+0000] {spark_submit.py:571} INFO - 24/05/15 23:26:18 INFO Executor: Starting executor with user classpath (userClassPathFirst = false): ''
[2024-05-15T23:26:18.048+0000] {spark_submit.py:571} INFO - 24/05/15 23:26:18 INFO Executor: Created or updated repl class loader org.apache.spark.util.MutableURLClassLoader@32b503fd for default.
[2024-05-15T23:26:18.088+0000] {spark_submit.py:571} INFO - 24/05/15 23:26:18 INFO Utils: Successfully started service 'org.apache.spark.network.netty.NettyBlockTransferService' on port 35545.
[2024-05-15T23:26:18.089+0000] {spark_submit.py:571} INFO - 24/05/15 23:26:18 INFO NettyBlockTransferService: Server created on fb6491796190:35545
[2024-05-15T23:26:18.091+0000] {spark_submit.py:571} INFO - 24/05/15 23:26:18 INFO BlockManager: Using org.apache.spark.storage.RandomBlockReplicationPolicy for block replication policy
[2024-05-15T23:26:18.096+0000] {spark_submit.py:571} INFO - 24/05/15 23:26:18 INFO BlockManagerMaster: Registering BlockManager BlockManagerId(driver, fb6491796190, 35545, None)
[2024-05-15T23:26:18.102+0000] {spark_submit.py:571} INFO - 24/05/15 23:26:18 INFO BlockManagerMasterEndpoint: Registering block manager fb6491796190:35545 with 1048.8 MiB RAM, BlockManagerId(driver, fb6491796190, 35545, None)
[2024-05-15T23:26:18.103+0000] {spark_submit.py:571} INFO - 24/05/15 23:26:18 INFO BlockManagerMaster: Registered BlockManager BlockManagerId(driver, fb6491796190, 35545, None)
[2024-05-15T23:26:18.104+0000] {spark_submit.py:571} INFO - 24/05/15 23:26:18 INFO BlockManager: Initialized BlockManager: BlockManagerId(driver, fb6491796190, 35545, None)
[2024-05-15T23:26:19.183+0000] {spark_submit.py:571} INFO - 24/05/15 23:26:19 INFO SharedState: Setting hive.metastore.warehouse.dir ('null') to the value of spark.sql.warehouse.dir.
[2024-05-15T23:26:19.190+0000] {spark_submit.py:571} INFO - 24/05/15 23:26:19 INFO SharedState: Warehouse path is 'file:/opt/***/spark-warehouse'.
[2024-05-15T23:26:20.744+0000] {spark_submit.py:571} INFO - Traceback (most recent call last):
[2024-05-15T23:26:20.747+0000] {spark_submit.py:571} INFO - File "/opt/***/dags/includes/jobs/spark_consumer.py", line 75, in <module>
[2024-05-15T23:26:20.748+0000] {spark_submit.py:571} INFO - .load())
[2024-05-15T23:26:20.748+0000] {spark_submit.py:571} INFO - ^^^^^^
[2024-05-15T23:26:20.748+0000] {spark_submit.py:571} INFO - File "/home/***/.local/lib/python3.12/site-packages/pyspark/python/lib/pyspark.zip/pyspark/sql/streaming/readwriter.py", line 304, in load
[2024-05-15T23:26:20.748+0000] {spark_submit.py:571} INFO - File "/home/***/.local/lib/python3.12/site-packages/pyspark/python/lib/py4j-0.10.9.7-src.zip/py4j/java_gateway.py", line 1322, in __call__
[2024-05-15T23:26:20.749+0000] {spark_submit.py:571} INFO - File "/home/***/.local/lib/python3.12/site-packages/pyspark/python/lib/pyspark.zip/pyspark/errors/exceptions/captured.py", line 185, in deco
[2024-05-15T23:26:20.753+0000] {spark_submit.py:571} INFO - pyspark.errors.exceptions.captured.AnalysisException: Failed to find data source: kafka. Please deploy the application as per the deployment section of Structured Streaming + Kafka Integration Guide.
[2024-05-15T23:26:20.755+0000] {spark_submit.py:571} INFO - INFO:py4j.clientserver:Closing down clientserver connection
[2024-05-15T23:26:20.860+0000] {spark_submit.py:571} INFO - 24/05/15 23:26:20 INFO SparkContext: Invoking stop() from shutdown hook
[2024-05-15T23:26:20.861+0000] {spark_submit.py:571} INFO - 24/05/15 23:26:20 INFO SparkContext: SparkContext is stopping with exitCode 0.
[2024-05-15T23:26:20.870+0000] {spark_submit.py:571} INFO - 24/05/15 23:26:20 INFO SparkUI: Stopped Spark web UI at http://fb6491796190:4040
[2024-05-15T23:26:20.880+0000] {spark_submit.py:571} INFO - 24/05/15 23:26:20 INFO MapOutputTrackerMasterEndpoint: MapOutputTrackerMasterEndpoint stopped!
[2024-05-15T23:26:20.890+0000] {spark_submit.py:571} INFO - 24/05/15 23:26:20 INFO MemoryStore: MemoryStore cleared
[2024-05-15T23:26:20.890+0000] {spark_submit.py:571} INFO - 24/05/15 23:26:20 INFO BlockManager: BlockManager stopped
[2024-05-15T23:26:20.893+0000] {spark_submit.py:571} INFO - 24/05/15 23:26:20 INFO BlockManagerMaster: BlockManagerMaster stopped
[2024-05-15T23:26:20.894+0000] {spark_submit.py:571} INFO - 24/05/15 23:26:20 INFO OutputCommitCoordinator$OutputCommitCoordinatorEndpoint: OutputCommitCoordinator stopped!
[2024-05-15T23:26:20.904+0000] {spark_submit.py:571} INFO - 24/05/15 23:26:20 INFO SparkContext: Successfully stopped SparkContext
[2024-05-15T23:26:20.905+0000] {spark_submit.py:571} INFO - 24/05/15 23:26:20 INFO ShutdownHookManager: Shutdown hook called
[2024-05-15T23:26:20.906+0000] {spark_submit.py:571} INFO - 24/05/15 23:26:20 INFO ShutdownHookManager: Deleting directory /tmp/spark-470e35e1-b0ce-4ffd-accf-8c2b91e19135
[2024-05-15T23:26:20.919+0000] {spark_submit.py:571} INFO - 24/05/15 23:26:20 INFO ShutdownHookManager: Deleting directory /tmp/spark-470e35e1-b0ce-4ffd-accf-8c2b91e19135/pyspark-310e09b5-6a7d-45b4-a27a-5d0528a09597
[2024-05-15T23:26:20.926+0000] {spark_submit.py:571} INFO - 24/05/15 23:26:20 INFO ShutdownHookManager: Deleting directory /tmp/spark-3039e840-2299-4fb3-b653-e79f5d4e6676
[2024-05-15T23:26:20.960+0000] {taskinstance.py:441} INFO - ::group::Post task execution logs
[2024-05-15T23:26:20.991+0000] {taskinstance.py:2905} ERROR - Task failed with exception
Traceback (most recent call last):
  File "/home/airflow/.local/lib/python3.12/site-packages/airflow/models/taskinstance.py", line 465, in _execute_task
    result = _execute_callable(context=context, **execute_callable_kwargs)
             ^^^^^^^^^^^^^^^^^^^^^^^^^^^^^^^^^^^^^^^^^^^^^^^^^^^^^^^^^^^^^
  File "/home/airflow/.local/lib/python3.12/site-packages/airflow/models/taskinstance.py", line 432, in _execute_callable
    return execute_callable(context=context, **execute_callable_kwargs)
           ^^^^^^^^^^^^^^^^^^^^^^^^^^^^^^^^^^^^^^^^^^^^^^^^^^^^^^^^^^^^
  File "/home/airflow/.local/lib/python3.12/site-packages/airflow/models/baseoperator.py", line 400, in wrapper
    return func(self, *args, **kwargs)
           ^^^^^^^^^^^^^^^^^^^^^^^^^^^
  File "/home/airflow/.local/lib/python3.12/site-packages/airflow/providers/apache/spark/operators/spark_submit.py", line 174, in execute
    self._hook.submit(self.application)
  File "/home/airflow/.local/lib/python3.12/site-packages/airflow/providers/apache/spark/hooks/spark_submit.py", line 502, in submit
    raise AirflowException(
airflow.exceptions.AirflowException: Cannot execute: spark-submit --master spark://spark-master:7077 --num-executors 1 --total-executor-cores 1 --executor-cores 1 --executor-memory 2g --driver-memory 2g --name arrow-spark --deploy-mode client dags/includes/jobs/spark_consumer.py. Error code is: 1.
[2024-05-15T23:26:21.000+0000] {taskinstance.py:1206} INFO - Marking task as UP_FOR_RETRY. dag_id=Webscrape, task_id=Process_Send_Data, run_id=manual__2024-05-15T23:26:11.576974+00:00, execution_date=20240515T232611, start_date=20240515T232613, end_date=20240515T232620
[2024-05-15T23:26:21.012+0000] {standard_task_runner.py:110} ERROR - Failed to execute job 148 for task Process_Send_Data (Cannot execute: spark-submit --master spark://spark-master:7077 --num-executors 1 --total-executor-cores 1 --executor-cores 1 --executor-memory 2g --driver-memory 2g --name arrow-spark --deploy-mode client dags/includes/jobs/spark_consumer.py. Error code is: 1.; 733)
[2024-05-15T23:26:21.029+0000] {local_task_job_runner.py:240} INFO - Task exited with return code 1
[2024-05-15T23:26:21.061+0000] {taskinstance.py:3498} INFO - 0 downstream tasks scheduled from follow-on schedule check
[2024-05-15T23:26:21.062+0000] {local_task_job_runner.py:222} INFO - ::endgroup::
