[2024-05-17T15:30:51.038+0000] {local_task_job_runner.py:120} INFO - ::group::Pre task execution logs
[2024-05-17T15:30:51.056+0000] {taskinstance.py:2076} INFO - Dependencies all met for dep_context=non-requeueable deps ti=<TaskInstance: Webscrape.Process_Send_Data manual__2024-05-17T15:30:49.390540+00:00 [queued]>
[2024-05-17T15:30:51.062+0000] {taskinstance.py:2076} INFO - Dependencies all met for dep_context=requeueable deps ti=<TaskInstance: Webscrape.Process_Send_Data manual__2024-05-17T15:30:49.390540+00:00 [queued]>
[2024-05-17T15:30:51.062+0000] {taskinstance.py:2306} INFO - Starting attempt 1 of 6
[2024-05-17T15:30:51.077+0000] {taskinstance.py:2330} INFO - Executing <Task(SparkSubmitOperator): Process_Send_Data> on 2024-05-17 15:30:49.390540+00:00
[2024-05-17T15:30:51.092+0000] {standard_task_runner.py:63} INFO - Started process 662 to run task
[2024-05-17T15:30:51.095+0000] {standard_task_runner.py:90} INFO - Running: ['***', 'tasks', 'run', 'Webscrape', 'Process_Send_Data', 'manual__2024-05-17T15:30:49.390540+00:00', '--job-id', '209', '--raw', '--subdir', 'DAGS_FOLDER/webscrapping.py', '--cfg-path', '/tmp/tmp0ecec_p9']
[2024-05-17T15:30:51.098+0000] {standard_task_runner.py:91} INFO - Job 209: Subtask Process_Send_Data
[2024-05-17T15:30:51.151+0000] {task_command.py:426} INFO - Running <TaskInstance: Webscrape.Process_Send_Data manual__2024-05-17T15:30:49.390540+00:00 [running]> on host 3e429f118033
[2024-05-17T15:30:51.195+0000] {taskinstance.py:2648} INFO - Exporting env vars: AIRFLOW_CTX_DAG_OWNER='svc' AIRFLOW_CTX_DAG_ID='Webscrape' AIRFLOW_CTX_TASK_ID='Process_Send_Data' AIRFLOW_CTX_EXECUTION_DATE='2024-05-17T15:30:49.390540+00:00' AIRFLOW_CTX_TRY_NUMBER='1' AIRFLOW_CTX_DAG_RUN_ID='manual__2024-05-17T15:30:49.390540+00:00'
[2024-05-17T15:30:51.196+0000] {taskinstance.py:430} INFO - ::endgroup::
[2024-05-17T15:30:51.207+0000] {base.py:84} INFO - Using connection ID 'spark_default' for task execution.
[2024-05-17T15:30:51.208+0000] {spark_submit.py:401} INFO - Spark-Submit cmd: spark-submit --master spark://spark-master:7077 --packages org.apache.spark:spark-sql-kafka-0-10_2.12:3.5.1,com.datastax.spark:spark-cassandra-connector_2.12:3.5.1,org.apache.kafka:kafka-clients:3.5.1,commons-logging:commons-logging:1.2 --name arrow-spark --deploy-mode client dags/includes/jobs/spark_consumer.py
[2024-05-17T15:30:51.289+0000] {spark_submit.py:571} INFO - /home/***/.local/lib/python3.11/site-packages/pyspark/bin/load-spark-env.sh: line 68: ps: command not found
[2024-05-17T15:30:52.925+0000] {spark_submit.py:571} INFO - :: loading settings :: url = jar:file:/home/***/.local/lib/python3.11/site-packages/pyspark/jars/ivy-2.5.1.jar!/org/apache/ivy/core/settings/ivysettings.xml
[2024-05-17T15:30:53.016+0000] {spark_submit.py:571} INFO - Ivy Default Cache set to: /home/***/.ivy2/cache
[2024-05-17T15:30:53.018+0000] {spark_submit.py:571} INFO - The jars for the packages stored in: /home/***/.ivy2/jars
[2024-05-17T15:30:53.022+0000] {spark_submit.py:571} INFO - org.apache.spark#spark-sql-kafka-0-10_2.12 added as a dependency
[2024-05-17T15:30:53.023+0000] {spark_submit.py:571} INFO - com.datastax.spark#spark-cassandra-connector_2.12 added as a dependency
[2024-05-17T15:30:53.024+0000] {spark_submit.py:571} INFO - org.apache.kafka#kafka-clients added as a dependency
[2024-05-17T15:30:53.024+0000] {spark_submit.py:571} INFO - commons-logging#commons-logging added as a dependency
[2024-05-17T15:30:53.024+0000] {spark_submit.py:571} INFO - :: resolving dependencies :: org.apache.spark#spark-submit-parent-479fb38d-7ab2-40d1-a3ad-cc027f94de6a;1.0
[2024-05-17T15:30:53.025+0000] {spark_submit.py:571} INFO - confs: [default]
[2024-05-17T15:30:54.513+0000] {spark_submit.py:571} INFO - found org.apache.spark#spark-sql-kafka-0-10_2.12;3.5.1 in central
[2024-05-17T15:30:54.781+0000] {spark_submit.py:571} INFO - found org.apache.spark#spark-token-provider-kafka-0-10_2.12;3.5.1 in central
[2024-05-17T15:30:55.378+0000] {spark_submit.py:571} INFO - found org.apache.hadoop#hadoop-client-runtime;3.3.4 in central
[2024-05-17T15:30:55.509+0000] {spark_submit.py:571} INFO - found org.apache.hadoop#hadoop-client-api;3.3.4 in central
[2024-05-17T15:30:55.605+0000] {spark_submit.py:571} INFO - found org.xerial.snappy#snappy-java;1.1.10.3 in central
[2024-05-17T15:30:55.990+0000] {spark_submit.py:571} INFO - found org.slf4j#slf4j-api;2.0.7 in central
[2024-05-17T15:30:56.124+0000] {spark_submit.py:571} INFO - found com.google.code.findbugs#jsr305;3.0.0 in central
[2024-05-17T15:30:57.062+0000] {spark_submit.py:571} INFO - found org.apache.commons#commons-pool2;2.11.1 in central
[2024-05-17T15:30:58.186+0000] {spark_submit.py:571} INFO - found org.apache.kafka#kafka-clients;3.5.1 in central
[2024-05-17T15:30:58.276+0000] {spark_submit.py:571} INFO - found com.github.luben#zstd-jni;1.5.5-1 in central
[2024-05-17T15:30:58.362+0000] {spark_submit.py:571} INFO - found org.lz4#lz4-java;1.8.0 in central
[2024-05-17T15:30:59.322+0000] {spark_submit.py:571} INFO - found commons-logging#commons-logging;1.2 in central
[2024-05-17T15:30:59.408+0000] {spark_submit.py:571} INFO - downloading https://repo1.maven.org/maven2/org/apache/spark/spark-sql-kafka-0-10_2.12/3.5.1/spark-sql-kafka-0-10_2.12-3.5.1.jar ...
[2024-05-17T15:30:59.534+0000] {spark_submit.py:571} INFO - [SUCCESSFUL ] org.apache.spark#spark-sql-kafka-0-10_2.12;3.5.1!spark-sql-kafka-0-10_2.12.jar (198ms)
[2024-05-17T15:30:59.566+0000] {spark_submit.py:571} INFO - downloading https://repo1.maven.org/maven2/org/apache/kafka/kafka-clients/3.5.1/kafka-clients-3.5.1.jar ...
[2024-05-17T15:31:00.350+0000] {spark_submit.py:571} INFO - [SUCCESSFUL ] org.apache.kafka#kafka-clients;3.5.1!kafka-clients.jar (814ms)
[2024-05-17T15:31:00.409+0000] {spark_submit.py:571} INFO - downloading https://repo1.maven.org/maven2/commons-logging/commons-logging/1.2/commons-logging-1.2.jar ...
[2024-05-17T15:31:00.457+0000] {spark_submit.py:571} INFO - [SUCCESSFUL ] commons-logging#commons-logging;1.2!commons-logging.jar (104ms)
[2024-05-17T15:31:00.497+0000] {spark_submit.py:571} INFO - downloading https://repo1.maven.org/maven2/org/apache/spark/spark-token-provider-kafka-0-10_2.12/3.5.1/spark-token-provider-kafka-0-10_2.12-3.5.1.jar ...
[2024-05-17T15:31:00.554+0000] {spark_submit.py:571} INFO - [SUCCESSFUL ] org.apache.spark#spark-token-provider-kafka-0-10_2.12;3.5.1!spark-token-provider-kafka-0-10_2.12.jar (97ms)
[2024-05-17T15:31:00.596+0000] {spark_submit.py:571} INFO - downloading https://repo1.maven.org/maven2/com/google/code/findbugs/jsr305/3.0.0/jsr305-3.0.0.jar ...
[2024-05-17T15:31:00.648+0000] {spark_submit.py:571} INFO - [SUCCESSFUL ] com.google.code.findbugs#jsr305;3.0.0!jsr305.jar (92ms)
[2024-05-17T15:31:00.685+0000] {spark_submit.py:571} INFO - downloading https://repo1.maven.org/maven2/org/apache/commons/commons-pool2/2.11.1/commons-pool2-2.11.1.jar ...
[2024-05-17T15:31:00.733+0000] {spark_submit.py:571} INFO - [SUCCESSFUL ] org.apache.commons#commons-pool2;2.11.1!commons-pool2.jar (85ms)
[2024-05-17T15:31:00.772+0000] {spark_submit.py:571} INFO - downloading https://repo1.maven.org/maven2/org/apache/hadoop/hadoop-client-runtime/3.3.4/hadoop-client-runtime-3.3.4.jar ...
[2024-05-17T15:31:04.238+0000] {spark_submit.py:571} INFO - [SUCCESSFUL ] org.apache.hadoop#hadoop-client-runtime;3.3.4!hadoop-client-runtime.jar (3502ms)
[2024-05-17T15:31:04.276+0000] {spark_submit.py:571} INFO - downloading https://repo1.maven.org/maven2/org/apache/hadoop/hadoop-client-api/3.3.4/hadoop-client-api-3.3.4.jar ...
[2024-05-17T15:31:06.437+0000] {spark_submit.py:571} INFO - [SUCCESSFUL ] org.apache.hadoop#hadoop-client-api;3.3.4!hadoop-client-api.jar (2197ms)
[2024-05-17T15:31:06.478+0000] {spark_submit.py:571} INFO - downloading https://repo1.maven.org/maven2/org/xerial/snappy/snappy-java/1.1.10.3/snappy-java-1.1.10.3.jar ...
[2024-05-17T15:31:06.724+0000] {spark_submit.py:571} INFO - [SUCCESSFUL ] org.xerial.snappy#snappy-java;1.1.10.3!snappy-java.jar(bundle) (286ms)
[2024-05-17T15:31:06.762+0000] {spark_submit.py:571} INFO - downloading https://repo1.maven.org/maven2/org/slf4j/slf4j-api/2.0.7/slf4j-api-2.0.7.jar ...
[2024-05-17T15:31:06.796+0000] {spark_submit.py:571} INFO - [SUCCESSFUL ] org.slf4j#slf4j-api;2.0.7!slf4j-api.jar (70ms)
[2024-05-17T15:31:06.832+0000] {spark_submit.py:571} INFO - downloading https://repo1.maven.org/maven2/com/github/luben/zstd-jni/1.5.5-1/zstd-jni-1.5.5-1.jar ...
[2024-05-17T15:31:07.879+0000] {spark_submit.py:571} INFO - [SUCCESSFUL ] com.github.luben#zstd-jni;1.5.5-1!zstd-jni.jar (1081ms)
[2024-05-17T15:31:07.922+0000] {spark_submit.py:571} INFO - downloading https://repo1.maven.org/maven2/org/lz4/lz4-java/1.8.0/lz4-java-1.8.0.jar ...
[2024-05-17T15:31:08.050+0000] {spark_submit.py:571} INFO - [SUCCESSFUL ] org.lz4#lz4-java;1.8.0!lz4-java.jar (171ms)
[2024-05-17T15:31:08.051+0000] {spark_submit.py:571} INFO - :: resolution report :: resolve 6312ms :: artifacts dl 8716ms
[2024-05-17T15:31:08.051+0000] {spark_submit.py:571} INFO - :: modules in use:
[2024-05-17T15:31:08.051+0000] {spark_submit.py:571} INFO - com.github.luben#zstd-jni;1.5.5-1 from central in [default]
[2024-05-17T15:31:08.052+0000] {spark_submit.py:571} INFO - com.google.code.findbugs#jsr305;3.0.0 from central in [default]
[2024-05-17T15:31:08.052+0000] {spark_submit.py:571} INFO - commons-logging#commons-logging;1.2 from central in [default]
[2024-05-17T15:31:08.052+0000] {spark_submit.py:571} INFO - org.apache.commons#commons-pool2;2.11.1 from central in [default]
[2024-05-17T15:31:08.052+0000] {spark_submit.py:571} INFO - org.apache.hadoop#hadoop-client-api;3.3.4 from central in [default]
[2024-05-17T15:31:08.052+0000] {spark_submit.py:571} INFO - org.apache.hadoop#hadoop-client-runtime;3.3.4 from central in [default]
[2024-05-17T15:31:08.053+0000] {spark_submit.py:571} INFO - org.apache.kafka#kafka-clients;3.5.1 from central in [default]
[2024-05-17T15:31:08.053+0000] {spark_submit.py:571} INFO - org.apache.spark#spark-sql-kafka-0-10_2.12;3.5.1 from central in [default]
[2024-05-17T15:31:08.053+0000] {spark_submit.py:571} INFO - org.apache.spark#spark-token-provider-kafka-0-10_2.12;3.5.1 from central in [default]
[2024-05-17T15:31:08.053+0000] {spark_submit.py:571} INFO - org.lz4#lz4-java;1.8.0 from central in [default]
[2024-05-17T15:31:08.053+0000] {spark_submit.py:571} INFO - org.slf4j#slf4j-api;2.0.7 from central in [default]
[2024-05-17T15:31:08.053+0000] {spark_submit.py:571} INFO - org.xerial.snappy#snappy-java;1.1.10.3 from central in [default]
[2024-05-17T15:31:08.054+0000] {spark_submit.py:571} INFO - :: evicted modules:
[2024-05-17T15:31:08.055+0000] {spark_submit.py:571} INFO - org.apache.kafka#kafka-clients;3.4.1 by [org.apache.kafka#kafka-clients;3.5.1] in [default]
[2024-05-17T15:31:08.055+0000] {spark_submit.py:571} INFO - commons-logging#commons-logging;1.1.3 by [commons-logging#commons-logging;1.2] in [default]
[2024-05-17T15:31:08.055+0000] {spark_submit.py:571} INFO - org.xerial.snappy#snappy-java;1.1.10.1 by [org.xerial.snappy#snappy-java;1.1.10.3] in [default]
[2024-05-17T15:31:08.055+0000] {spark_submit.py:571} INFO - org.slf4j#slf4j-api;1.7.36 by [org.slf4j#slf4j-api;2.0.7] in [default]
[2024-05-17T15:31:08.055+0000] {spark_submit.py:571} INFO - ---------------------------------------------------------------------
[2024-05-17T15:31:08.055+0000] {spark_submit.py:571} INFO - |                  |            modules            ||   artifacts   |
[2024-05-17T15:31:08.056+0000] {spark_submit.py:571} INFO - |       conf       | number| search|dwnlded|evicted|| number|dwnlded|
[2024-05-17T15:31:08.056+0000] {spark_submit.py:571} INFO - ---------------------------------------------------------------------
[2024-05-17T15:31:08.056+0000] {spark_submit.py:571} INFO - |      default     |   17  |   12  |   12  |   4   ||   12  |   12  |
[2024-05-17T15:31:08.056+0000] {spark_submit.py:571} INFO - ---------------------------------------------------------------------
[2024-05-17T15:31:08.078+0000] {spark_submit.py:571} INFO - 
[2024-05-17T15:31:08.078+0000] {spark_submit.py:571} INFO - :: problems summary ::
[2024-05-17T15:31:08.079+0000] {spark_submit.py:571} INFO - :::: WARNINGS
[2024-05-17T15:31:08.079+0000] {spark_submit.py:571} INFO - module not found: com.datastax.spark#spark-cassandra-connector_2.12;3.5.1
[2024-05-17T15:31:08.079+0000] {spark_submit.py:571} INFO - 
[2024-05-17T15:31:08.079+0000] {spark_submit.py:571} INFO - ==== local-m2-cache: tried
[2024-05-17T15:31:08.079+0000] {spark_submit.py:571} INFO - 
[2024-05-17T15:31:08.079+0000] {spark_submit.py:571} INFO - file:/home/***/.m2/repository/com/datastax/spark/spark-cassandra-connector_2.12/3.5.1/spark-cassandra-connector_2.12-3.5.1.pom
[2024-05-17T15:31:08.080+0000] {spark_submit.py:571} INFO - 
[2024-05-17T15:31:08.080+0000] {spark_submit.py:571} INFO - -- artifact com.datastax.spark#spark-cassandra-connector_2.12;3.5.1!spark-cassandra-connector_2.12.jar:
[2024-05-17T15:31:08.080+0000] {spark_submit.py:571} INFO - 
[2024-05-17T15:31:08.080+0000] {spark_submit.py:571} INFO - file:/home/***/.m2/repository/com/datastax/spark/spark-cassandra-connector_2.12/3.5.1/spark-cassandra-connector_2.12-3.5.1.jar
[2024-05-17T15:31:08.080+0000] {spark_submit.py:571} INFO - 
[2024-05-17T15:31:08.081+0000] {spark_submit.py:571} INFO - ==== local-ivy-cache: tried
[2024-05-17T15:31:08.081+0000] {spark_submit.py:571} INFO - 
[2024-05-17T15:31:08.081+0000] {spark_submit.py:571} INFO - /home/***/.ivy2/local/com.datastax.spark/spark-cassandra-connector_2.12/3.5.1/ivys/ivy.xml
[2024-05-17T15:31:08.081+0000] {spark_submit.py:571} INFO - 
[2024-05-17T15:31:08.081+0000] {spark_submit.py:571} INFO - -- artifact com.datastax.spark#spark-cassandra-connector_2.12;3.5.1!spark-cassandra-connector_2.12.jar:
[2024-05-17T15:31:08.081+0000] {spark_submit.py:571} INFO - 
[2024-05-17T15:31:08.082+0000] {spark_submit.py:571} INFO - /home/***/.ivy2/local/com.datastax.spark/spark-cassandra-connector_2.12/3.5.1/jars/spark-cassandra-connector_2.12.jar
[2024-05-17T15:31:08.082+0000] {spark_submit.py:571} INFO - 
[2024-05-17T15:31:08.082+0000] {spark_submit.py:571} INFO - ==== central: tried
[2024-05-17T15:31:08.082+0000] {spark_submit.py:571} INFO - 
[2024-05-17T15:31:08.082+0000] {spark_submit.py:571} INFO - https://repo1.maven.org/maven2/com/datastax/spark/spark-cassandra-connector_2.12/3.5.1/spark-cassandra-connector_2.12-3.5.1.pom
[2024-05-17T15:31:08.082+0000] {spark_submit.py:571} INFO - 
[2024-05-17T15:31:08.082+0000] {spark_submit.py:571} INFO - -- artifact com.datastax.spark#spark-cassandra-connector_2.12;3.5.1!spark-cassandra-connector_2.12.jar:
[2024-05-17T15:31:08.083+0000] {spark_submit.py:571} INFO - 
[2024-05-17T15:31:08.083+0000] {spark_submit.py:571} INFO - https://repo1.maven.org/maven2/com/datastax/spark/spark-cassandra-connector_2.12/3.5.1/spark-cassandra-connector_2.12-3.5.1.jar
[2024-05-17T15:31:08.083+0000] {spark_submit.py:571} INFO - 
[2024-05-17T15:31:08.083+0000] {spark_submit.py:571} INFO - ==== spark-packages: tried
[2024-05-17T15:31:08.083+0000] {spark_submit.py:571} INFO - 
[2024-05-17T15:31:08.083+0000] {spark_submit.py:571} INFO - https://repos.spark-packages.org/com/datastax/spark/spark-cassandra-connector_2.12/3.5.1/spark-cassandra-connector_2.12-3.5.1.pom
[2024-05-17T15:31:08.083+0000] {spark_submit.py:571} INFO - 
[2024-05-17T15:31:08.084+0000] {spark_submit.py:571} INFO - -- artifact com.datastax.spark#spark-cassandra-connector_2.12;3.5.1!spark-cassandra-connector_2.12.jar:
[2024-05-17T15:31:08.084+0000] {spark_submit.py:571} INFO - 
[2024-05-17T15:31:08.084+0000] {spark_submit.py:571} INFO - https://repos.spark-packages.org/com/datastax/spark/spark-cassandra-connector_2.12/3.5.1/spark-cassandra-connector_2.12-3.5.1.jar
[2024-05-17T15:31:08.084+0000] {spark_submit.py:571} INFO - 
[2024-05-17T15:31:08.084+0000] {spark_submit.py:571} INFO - ::::::::::::::::::::::::::::::::::::::::::::::
[2024-05-17T15:31:08.084+0000] {spark_submit.py:571} INFO - 
[2024-05-17T15:31:08.085+0000] {spark_submit.py:571} INFO - ::          UNRESOLVED DEPENDENCIES         ::
[2024-05-17T15:31:08.085+0000] {spark_submit.py:571} INFO - 
[2024-05-17T15:31:08.085+0000] {spark_submit.py:571} INFO - ::::::::::::::::::::::::::::::::::::::::::::::
[2024-05-17T15:31:08.085+0000] {spark_submit.py:571} INFO - 
[2024-05-17T15:31:08.085+0000] {spark_submit.py:571} INFO - :: com.datastax.spark#spark-cassandra-connector_2.12;3.5.1: not found
[2024-05-17T15:31:08.085+0000] {spark_submit.py:571} INFO - 
[2024-05-17T15:31:08.085+0000] {spark_submit.py:571} INFO - ::::::::::::::::::::::::::::::::::::::::::::::
[2024-05-17T15:31:08.086+0000] {spark_submit.py:571} INFO - 
[2024-05-17T15:31:08.086+0000] {spark_submit.py:571} INFO - 
[2024-05-17T15:31:08.086+0000] {spark_submit.py:571} INFO - 
[2024-05-17T15:31:08.086+0000] {spark_submit.py:571} INFO - :: USE VERBOSE OR DEBUG MESSAGE LEVEL FOR MORE DETAILS
[2024-05-17T15:31:08.086+0000] {spark_submit.py:571} INFO - Exception in thread "main" java.lang.RuntimeException: [unresolved dependency: com.datastax.spark#spark-cassandra-connector_2.12;3.5.1: not found]
[2024-05-17T15:31:08.086+0000] {spark_submit.py:571} INFO - at org.apache.spark.deploy.SparkSubmitUtils$.resolveMavenCoordinates(SparkSubmit.scala:1608)
[2024-05-17T15:31:08.087+0000] {spark_submit.py:571} INFO - at org.apache.spark.util.DependencyUtils$.resolveMavenDependencies(DependencyUtils.scala:185)
[2024-05-17T15:31:08.087+0000] {spark_submit.py:571} INFO - at org.apache.spark.deploy.SparkSubmit.prepareSubmitEnvironment(SparkSubmit.scala:334)
[2024-05-17T15:31:08.087+0000] {spark_submit.py:571} INFO - at org.apache.spark.deploy.SparkSubmit.org$apache$spark$deploy$SparkSubmit$$runMain(SparkSubmit.scala:964)
[2024-05-17T15:31:08.087+0000] {spark_submit.py:571} INFO - at org.apache.spark.deploy.SparkSubmit.doRunMain$1(SparkSubmit.scala:194)
[2024-05-17T15:31:08.090+0000] {spark_submit.py:571} INFO - at org.apache.spark.deploy.SparkSubmit.submit(SparkSubmit.scala:217)
[2024-05-17T15:31:08.090+0000] {spark_submit.py:571} INFO - at org.apache.spark.deploy.SparkSubmit.doSubmit(SparkSubmit.scala:91)
[2024-05-17T15:31:08.090+0000] {spark_submit.py:571} INFO - at org.apache.spark.deploy.SparkSubmit$$anon$2.doSubmit(SparkSubmit.scala:1120)
[2024-05-17T15:31:08.090+0000] {spark_submit.py:571} INFO - at org.apache.spark.deploy.SparkSubmit$.main(SparkSubmit.scala:1129)
[2024-05-17T15:31:08.090+0000] {spark_submit.py:571} INFO - at org.apache.spark.deploy.SparkSubmit.main(SparkSubmit.scala)
[2024-05-17T15:31:08.100+0000] {taskinstance.py:441} INFO - ::group::Post task execution logs
[2024-05-17T15:31:08.117+0000] {taskinstance.py:2905} ERROR - Task failed with exception
Traceback (most recent call last):
  File "/home/airflow/.local/lib/python3.11/site-packages/airflow/models/taskinstance.py", line 465, in _execute_task
    result = _execute_callable(context=context, **execute_callable_kwargs)
             ^^^^^^^^^^^^^^^^^^^^^^^^^^^^^^^^^^^^^^^^^^^^^^^^^^^^^^^^^^^^^
  File "/home/airflow/.local/lib/python3.11/site-packages/airflow/models/taskinstance.py", line 432, in _execute_callable
    return execute_callable(context=context, **execute_callable_kwargs)
           ^^^^^^^^^^^^^^^^^^^^^^^^^^^^^^^^^^^^^^^^^^^^^^^^^^^^^^^^^^^^
  File "/home/airflow/.local/lib/python3.11/site-packages/airflow/models/baseoperator.py", line 400, in wrapper
    return func(self, *args, **kwargs)
           ^^^^^^^^^^^^^^^^^^^^^^^^^^^
  File "/home/airflow/.local/lib/python3.11/site-packages/airflow/providers/apache/spark/operators/spark_submit.py", line 174, in execute
    self._hook.submit(self.application)
  File "/home/airflow/.local/lib/python3.11/site-packages/airflow/providers/apache/spark/hooks/spark_submit.py", line 502, in submit
    raise AirflowException(
airflow.exceptions.AirflowException: Cannot execute: spark-submit --master spark://spark-master:7077 --packages org.apache.spark:spark-sql-kafka-0-10_2.12:3.5.1,com.datastax.spark:spark-cassandra-connector_2.12:3.5.1,org.apache.kafka:kafka-clients:3.5.1,commons-logging:commons-logging:1.2 --name arrow-spark --deploy-mode client dags/includes/jobs/spark_consumer.py. Error code is: 1.
[2024-05-17T15:31:08.124+0000] {taskinstance.py:1206} INFO - Marking task as UP_FOR_RETRY. dag_id=Webscrape, task_id=Process_Send_Data, run_id=manual__2024-05-17T15:30:49.390540+00:00, execution_date=20240517T153049, start_date=20240517T153051, end_date=20240517T153108
[2024-05-17T15:31:08.149+0000] {standard_task_runner.py:110} ERROR - Failed to execute job 209 for task Process_Send_Data (Cannot execute: spark-submit --master spark://spark-master:7077 --packages org.apache.spark:spark-sql-kafka-0-10_2.12:3.5.1,com.datastax.spark:spark-cassandra-connector_2.12:3.5.1,org.apache.kafka:kafka-clients:3.5.1,commons-logging:commons-logging:1.2 --name arrow-spark --deploy-mode client dags/includes/jobs/spark_consumer.py. Error code is: 1.; 662)
[2024-05-17T15:31:08.191+0000] {local_task_job_runner.py:240} INFO - Task exited with return code 1
[2024-05-17T15:31:08.208+0000] {taskinstance.py:3498} INFO - 0 downstream tasks scheduled from follow-on schedule check
[2024-05-17T15:31:08.209+0000] {local_task_job_runner.py:222} INFO - ::endgroup::
