[2024-05-18T20:15:06.628+0000] {local_task_job_runner.py:120} INFO - ::group::Pre task execution logs
[2024-05-18T20:15:06.705+0000] {taskinstance.py:2076} INFO - Dependencies all met for dep_context=non-requeueable deps ti=<TaskInstance: Webscrape.Process_Send_Data scheduled__2024-05-17T00:00:00+00:00 [queued]>
[2024-05-18T20:15:06.720+0000] {taskinstance.py:2076} INFO - Dependencies all met for dep_context=requeueable deps ti=<TaskInstance: Webscrape.Process_Send_Data scheduled__2024-05-17T00:00:00+00:00 [queued]>
[2024-05-18T20:15:06.721+0000] {taskinstance.py:2306} INFO - Starting attempt 1 of 6
[2024-05-18T20:15:06.767+0000] {taskinstance.py:2330} INFO - Executing <Task(SparkSubmitOperator): Process_Send_Data> on 2024-05-17 00:00:00+00:00
[2024-05-18T20:15:06.824+0000] {standard_task_runner.py:63} INFO - Started process 175 to run task
[2024-05-18T20:15:06.846+0000] {standard_task_runner.py:90} INFO - Running: ['***', 'tasks', 'run', 'Webscrape', 'Process_Send_Data', 'scheduled__2024-05-17T00:00:00+00:00', '--job-id', '268', '--raw', '--subdir', 'DAGS_FOLDER/webscrapping.py', '--cfg-path', '/tmp/tmpbsl83o70']
[2024-05-18T20:15:06.901+0000] {standard_task_runner.py:91} INFO - Job 268: Subtask Process_Send_Data
[2024-05-18T20:15:07.263+0000] {task_command.py:426} INFO - Running <TaskInstance: Webscrape.Process_Send_Data scheduled__2024-05-17T00:00:00+00:00 [running]> on host f3c105d69d83
[2024-05-18T20:15:07.745+0000] {taskinstance.py:2648} INFO - Exporting env vars: AIRFLOW_CTX_DAG_OWNER='svc' AIRFLOW_CTX_DAG_ID='Webscrape' AIRFLOW_CTX_TASK_ID='Process_Send_Data' AIRFLOW_CTX_EXECUTION_DATE='2024-05-17T00:00:00+00:00' AIRFLOW_CTX_TRY_NUMBER='1' AIRFLOW_CTX_DAG_RUN_ID='scheduled__2024-05-17T00:00:00+00:00'
[2024-05-18T20:15:07.750+0000] {taskinstance.py:430} INFO - ::endgroup::
[2024-05-18T20:15:07.845+0000] {base.py:84} INFO - Using connection ID 'spark_default' for task execution.
[2024-05-18T20:15:07.850+0000] {spark_submit.py:401} INFO - Spark-Submit cmd: spark-submit --master spark://spark-master:7077 --packages org.apache.spark:spark-sql-kafka-0-10_2.12:3.5.1,com.datastax.spark:spark-cassandra-connector_2.12:3.5.0,org.apache.kafka:kafka-clients:3.5.1,commons-logging:commons-logging:1.2 --name arrow-spark --deploy-mode client dags/includes/jobs/spark_consumer.py
[2024-05-18T20:15:08.617+0000] {spark_submit.py:571} INFO - /home/***/.local/lib/python3.11/site-packages/pyspark/bin/load-spark-env.sh: line 68: ps: command not found
[2024-05-18T20:15:14.775+0000] {spark_submit.py:571} INFO - :: loading settings :: url = jar:file:/home/***/.local/lib/python3.11/site-packages/pyspark/jars/ivy-2.5.1.jar!/org/apache/ivy/core/settings/ivysettings.xml
[2024-05-18T20:15:14.905+0000] {spark_submit.py:571} INFO - Ivy Default Cache set to: /home/***/.ivy2/cache
[2024-05-18T20:15:15.374+0000] {spark_submit.py:571} INFO - The jars for the packages stored in: /home/***/.ivy2/jars
[2024-05-18T20:15:15.669+0000] {spark_submit.py:571} INFO - org.apache.spark#spark-sql-kafka-0-10_2.12 added as a dependency
[2024-05-18T20:15:15.670+0000] {spark_submit.py:571} INFO - com.datastax.spark#spark-cassandra-connector_2.12 added as a dependency
[2024-05-18T20:15:15.804+0000] {spark_submit.py:571} INFO - org.apache.kafka#kafka-clients added as a dependency
[2024-05-18T20:15:15.913+0000] {spark_submit.py:571} INFO - commons-logging#commons-logging added as a dependency
[2024-05-18T20:15:15.930+0000] {spark_submit.py:571} INFO - :: resolving dependencies :: org.apache.spark#spark-submit-parent-7d4eeb4d-1816-47d9-bc65-99f34b252913;1.0
[2024-05-18T20:15:15.931+0000] {spark_submit.py:571} INFO - confs: [default]
[2024-05-18T20:15:18.885+0000] {spark_submit.py:571} INFO - found org.apache.spark#spark-sql-kafka-0-10_2.12;3.5.1 in central
[2024-05-18T20:15:20.548+0000] {spark_submit.py:571} INFO - found org.apache.spark#spark-token-provider-kafka-0-10_2.12;3.5.1 in central
[2024-05-18T20:15:21.417+0000] {spark_submit.py:571} INFO - found org.apache.hadoop#hadoop-client-runtime;3.3.4 in central
[2024-05-18T20:15:21.785+0000] {spark_submit.py:571} INFO - found org.apache.hadoop#hadoop-client-api;3.3.4 in central
[2024-05-18T20:15:21.952+0000] {spark_submit.py:571} INFO - found org.xerial.snappy#snappy-java;1.1.10.3 in central
[2024-05-18T20:15:22.600+0000] {spark_submit.py:571} INFO - found org.slf4j#slf4j-api;2.0.7 in central
[2024-05-18T20:15:23.305+0000] {spark_submit.py:571} INFO - found com.google.code.findbugs#jsr305;3.0.0 in central
[2024-05-18T20:15:24.476+0000] {spark_submit.py:571} INFO - found org.apache.commons#commons-pool2;2.11.1 in central
[2024-05-18T20:15:24.597+0000] {spark_submit.py:571} INFO - found com.datastax.spark#spark-cassandra-connector_2.12;3.5.0 in central
[2024-05-18T20:15:24.738+0000] {spark_submit.py:571} INFO - found com.datastax.spark#spark-cassandra-connector-driver_2.12;3.5.0 in central
[2024-05-18T20:15:24.858+0000] {spark_submit.py:571} INFO - found org.scala-lang.modules#scala-collection-compat_2.12;2.11.0 in central
[2024-05-18T20:15:27.151+0000] {spark_submit.py:571} INFO - found com.datastax.oss#java-driver-core-shaded;4.13.0 in central
[2024-05-18T20:15:27.449+0000] {spark_submit.py:571} INFO - found com.datastax.oss#native-protocol;1.5.0 in central
[2024-05-18T20:15:27.694+0000] {spark_submit.py:571} INFO - found com.datastax.oss#java-driver-shaded-guava;25.1-jre-graal-sub-1 in central
[2024-05-18T20:15:27.905+0000] {spark_submit.py:571} INFO - found com.typesafe#config;1.4.1 in central
[2024-05-18T20:15:28.695+0000] {spark_submit.py:571} INFO - found io.dropwizard.metrics#metrics-core;4.1.18 in central
[2024-05-18T20:15:28.929+0000] {spark_submit.py:571} INFO - found org.hdrhistogram#HdrHistogram;2.1.12 in central
[2024-05-18T20:15:29.355+0000] {spark_submit.py:571} INFO - found org.reactivestreams#reactive-streams;1.0.3 in central
[2024-05-18T20:15:29.672+0000] {spark_submit.py:571} INFO - found com.github.stephenc.jcip#jcip-annotations;1.0-1 in central
[2024-05-18T20:15:29.956+0000] {spark_submit.py:571} INFO - found com.github.spotbugs#spotbugs-annotations;3.1.12 in central
[2024-05-18T20:15:30.654+0000] {spark_submit.py:571} INFO - found com.google.code.findbugs#jsr305;3.0.2 in central
[2024-05-18T20:15:31.190+0000] {spark_submit.py:571} INFO - found com.datastax.oss#java-driver-mapper-runtime;4.13.0 in central
[2024-05-18T20:15:32.051+0000] {spark_submit.py:571} INFO - found com.datastax.oss#java-driver-query-builder;4.13.0 in central
[2024-05-18T20:15:32.884+0000] {spark_submit.py:571} INFO - found org.apache.commons#commons-lang3;3.10 in central
[2024-05-18T20:15:33.534+0000] {spark_submit.py:571} INFO - found com.thoughtworks.paranamer#paranamer;2.8 in central
[2024-05-18T20:15:33.872+0000] {spark_submit.py:571} INFO - found org.scala-lang#scala-reflect;2.12.11 in central
[2024-05-18T20:15:34.187+0000] {spark_submit.py:571} INFO - found org.apache.kafka#kafka-clients;3.5.1 in central
[2024-05-18T20:15:34.398+0000] {spark_submit.py:571} INFO - found com.github.luben#zstd-jni;1.5.5-1 in central
[2024-05-18T20:15:35.152+0000] {spark_submit.py:571} INFO - found org.lz4#lz4-java;1.8.0 in central
[2024-05-18T20:15:36.152+0000] {spark_submit.py:571} INFO - found commons-logging#commons-logging;1.2 in central
[2024-05-18T20:15:36.427+0000] {spark_submit.py:571} INFO - downloading https://repo1.maven.org/maven2/org/apache/spark/spark-sql-kafka-0-10_2.12/3.5.1/spark-sql-kafka-0-10_2.12-3.5.1.jar ...
[2024-05-18T20:15:36.700+0000] {spark_submit.py:571} INFO - [SUCCESSFUL ] org.apache.spark#spark-sql-kafka-0-10_2.12;3.5.1!spark-sql-kafka-0-10_2.12.jar (328ms)
[2024-05-18T20:15:36.767+0000] {spark_submit.py:571} INFO - downloading https://repo1.maven.org/maven2/com/datastax/spark/spark-cassandra-connector_2.12/3.5.0/spark-cassandra-connector_2.12-3.5.0.jar ...
[2024-05-18T20:15:37.266+0000] {spark_submit.py:571} INFO - [SUCCESSFUL ] com.datastax.spark#spark-cassandra-connector_2.12;3.5.0!spark-cassandra-connector_2.12.jar (555ms)
[2024-05-18T20:15:37.352+0000] {spark_submit.py:571} INFO - downloading https://repo1.maven.org/maven2/org/apache/kafka/kafka-clients/3.5.1/kafka-clients-3.5.1.jar ...
[2024-05-18T20:15:38.590+0000] {spark_submit.py:571} INFO - [SUCCESSFUL ] org.apache.kafka#kafka-clients;3.5.1!kafka-clients.jar (1311ms)
[2024-05-18T20:15:38.686+0000] {spark_submit.py:571} INFO - downloading https://repo1.maven.org/maven2/commons-logging/commons-logging/1.2/commons-logging-1.2.jar ...
[2024-05-18T20:15:38.754+0000] {spark_submit.py:571} INFO - [SUCCESSFUL ] commons-logging#commons-logging;1.2!commons-logging.jar (135ms)
[2024-05-18T20:15:38.797+0000] {spark_submit.py:571} INFO - downloading https://repo1.maven.org/maven2/org/apache/spark/spark-token-provider-kafka-0-10_2.12/3.5.1/spark-token-provider-kafka-0-10_2.12-3.5.1.jar ...
[2024-05-18T20:15:38.853+0000] {spark_submit.py:571} INFO - [SUCCESSFUL ] org.apache.spark#spark-token-provider-kafka-0-10_2.12;3.5.1!spark-token-provider-kafka-0-10_2.12.jar (95ms)
[2024-05-18T20:15:38.898+0000] {spark_submit.py:571} INFO - downloading https://repo1.maven.org/maven2/org/apache/commons/commons-pool2/2.11.1/commons-pool2-2.11.1.jar ...
[2024-05-18T20:15:38.960+0000] {spark_submit.py:571} INFO - [SUCCESSFUL ] org.apache.commons#commons-pool2;2.11.1!commons-pool2.jar (103ms)
[2024-05-18T20:15:38.995+0000] {spark_submit.py:571} INFO - downloading https://repo1.maven.org/maven2/org/apache/hadoop/hadoop-client-runtime/3.3.4/hadoop-client-runtime-3.3.4.jar ...
[2024-05-18T20:15:45.941+0000] {spark_submit.py:571} INFO - [SUCCESSFUL ] org.apache.hadoop#hadoop-client-runtime;3.3.4!hadoop-client-runtime.jar (6969ms)
[2024-05-18T20:15:45.994+0000] {spark_submit.py:571} INFO - downloading https://repo1.maven.org/maven2/org/apache/hadoop/hadoop-client-api/3.3.4/hadoop-client-api-3.3.4.jar ...
[2024-05-18T20:15:51.157+0000] {spark_submit.py:571} INFO - [SUCCESSFUL ] org.apache.hadoop#hadoop-client-api;3.3.4!hadoop-client-api.jar (5209ms)
[2024-05-18T20:15:51.256+0000] {spark_submit.py:571} INFO - downloading https://repo1.maven.org/maven2/org/xerial/snappy/snappy-java/1.1.10.3/snappy-java-1.1.10.3.jar ...
[2024-05-18T20:15:51.993+0000] {spark_submit.py:571} INFO - [SUCCESSFUL ] org.xerial.snappy#snappy-java;1.1.10.3!snappy-java.jar(bundle) (828ms)
[2024-05-18T20:15:52.060+0000] {spark_submit.py:571} INFO - downloading https://repo1.maven.org/maven2/org/slf4j/slf4j-api/2.0.7/slf4j-api-2.0.7.jar ...
[2024-05-18T20:15:52.127+0000] {spark_submit.py:571} INFO - [SUCCESSFUL ] org.slf4j#slf4j-api;2.0.7!slf4j-api.jar (126ms)
[2024-05-18T20:15:52.176+0000] {spark_submit.py:571} INFO - downloading https://repo1.maven.org/maven2/com/datastax/spark/spark-cassandra-connector-driver_2.12/3.5.0/spark-cassandra-connector-driver_2.12-3.5.0.jar ...
[2024-05-18T20:15:52.579+0000] {spark_submit.py:571} INFO - [SUCCESSFUL ] com.datastax.spark#spark-cassandra-connector-driver_2.12;3.5.0!spark-cassandra-connector-driver_2.12.jar (442ms)
[2024-05-18T20:15:52.640+0000] {spark_submit.py:571} INFO - downloading https://repo1.maven.org/maven2/org/scala-lang/modules/scala-collection-compat_2.12/2.11.0/scala-collection-compat_2.12-2.11.0.jar ...
[2024-05-18T20:15:52.782+0000] {spark_submit.py:571} INFO - [SUCCESSFUL ] org.scala-lang.modules#scala-collection-compat_2.12;2.11.0!scala-collection-compat_2.12.jar (194ms)
[2024-05-18T20:15:53.011+0000] {spark_submit.py:571} INFO - downloading https://repo1.maven.org/maven2/com/datastax/oss/java-driver-core-shaded/4.13.0/java-driver-core-shaded-4.13.0.jar ...
[2024-05-18T20:15:55.117+0000] {spark_submit.py:571} INFO - [SUCCESSFUL ] com.datastax.oss#java-driver-core-shaded;4.13.0!java-driver-core-shaded.jar (2307ms)
[2024-05-18T20:15:55.248+0000] {spark_submit.py:571} INFO - downloading https://repo1.maven.org/maven2/com/datastax/oss/java-driver-mapper-runtime/4.13.0/java-driver-mapper-runtime-4.13.0.jar ...
[2024-05-18T20:15:55.331+0000] {spark_submit.py:571} INFO - [SUCCESSFUL ] com.datastax.oss#java-driver-mapper-runtime;4.13.0!java-driver-mapper-runtime.jar(bundle) (189ms)
[2024-05-18T20:15:55.374+0000] {spark_submit.py:571} INFO - downloading https://repo1.maven.org/maven2/org/apache/commons/commons-lang3/3.10/commons-lang3-3.10.jar ...
[2024-05-18T20:15:55.524+0000] {spark_submit.py:571} INFO - [SUCCESSFUL ] org.apache.commons#commons-lang3;3.10!commons-lang3.jar (183ms)
[2024-05-18T20:15:55.697+0000] {spark_submit.py:571} INFO - downloading https://repo1.maven.org/maven2/com/thoughtworks/paranamer/paranamer/2.8/paranamer-2.8.jar ...
[2024-05-18T20:15:55.768+0000] {spark_submit.py:571} INFO - [SUCCESSFUL ] com.thoughtworks.paranamer#paranamer;2.8!paranamer.jar(bundle) (237ms)
[2024-05-18T20:15:55.835+0000] {spark_submit.py:571} INFO - downloading https://repo1.maven.org/maven2/org/scala-lang/scala-reflect/2.12.11/scala-reflect-2.12.11.jar ...
[2024-05-18T20:15:56.760+0000] {spark_submit.py:571} INFO - [SUCCESSFUL ] org.scala-lang#scala-reflect;2.12.11!scala-reflect.jar (982ms)
[2024-05-18T20:15:56.968+0000] {spark_submit.py:571} INFO - downloading https://repo1.maven.org/maven2/com/datastax/oss/native-protocol/1.5.0/native-protocol-1.5.0.jar ...
[2024-05-18T20:15:57.309+0000] {spark_submit.py:571} INFO - [SUCCESSFUL ] com.datastax.oss#native-protocol;1.5.0!native-protocol.jar(bundle) (221ms)
[2024-05-18T20:15:57.311+0000] {spark_submit.py:571} INFO - downloading https://repo1.maven.org/maven2/com/datastax/oss/java-driver-shaded-guava/25.1-jre-graal-sub-1/java-driver-shaded-guava-25.1-jre-graal-sub-1.jar ...
[2024-05-18T20:15:57.677+0000] {spark_submit.py:571} INFO - [SUCCESSFUL ] com.datastax.oss#java-driver-shaded-guava;25.1-jre-graal-sub-1!java-driver-shaded-guava.jar (626ms)
[2024-05-18T20:15:57.729+0000] {spark_submit.py:571} INFO - downloading https://repo1.maven.org/maven2/com/typesafe/config/1.4.1/config-1.4.1.jar ...
[2024-05-18T20:15:57.852+0000] {spark_submit.py:571} INFO - [SUCCESSFUL ] com.typesafe#config;1.4.1!config.jar(bundle) (161ms)
[2024-05-18T20:15:57.905+0000] {spark_submit.py:571} INFO - downloading https://repo1.maven.org/maven2/io/dropwizard/metrics/metrics-core/4.1.18/metrics-core-4.1.18.jar ...
[2024-05-18T20:15:58.011+0000] {spark_submit.py:571} INFO - [SUCCESSFUL ] io.dropwizard.metrics#metrics-core;4.1.18!metrics-core.jar(bundle) (146ms)
[2024-05-18T20:15:58.054+0000] {spark_submit.py:571} INFO - downloading https://repo1.maven.org/maven2/org/hdrhistogram/HdrHistogram/2.1.12/HdrHistogram-2.1.12.jar ...
[2024-05-18T20:15:58.138+0000] {spark_submit.py:571} INFO - [SUCCESSFUL ] org.hdrhistogram#HdrHistogram;2.1.12!HdrHistogram.jar(bundle) (123ms)
[2024-05-18T20:15:58.178+0000] {spark_submit.py:571} INFO - downloading https://repo1.maven.org/maven2/org/reactivestreams/reactive-streams/1.0.3/reactive-streams-1.0.3.jar ...
[2024-05-18T20:15:58.219+0000] {spark_submit.py:571} INFO - [SUCCESSFUL ] org.reactivestreams#reactive-streams;1.0.3!reactive-streams.jar (76ms)
[2024-05-18T20:15:58.250+0000] {spark_submit.py:571} INFO - downloading https://repo1.maven.org/maven2/com/github/stephenc/jcip/jcip-annotations/1.0-1/jcip-annotations-1.0-1.jar ...
[2024-05-18T20:15:58.291+0000] {spark_submit.py:571} INFO - [SUCCESSFUL ] com.github.stephenc.jcip#jcip-annotations;1.0-1!jcip-annotations.jar (68ms)
[2024-05-18T20:15:58.501+0000] {spark_submit.py:571} INFO - downloading https://repo1.maven.org/maven2/com/github/spotbugs/spotbugs-annotations/3.1.12/spotbugs-annotations-3.1.12.jar ...
[2024-05-18T20:15:58.545+0000] {spark_submit.py:571} INFO - [SUCCESSFUL ] com.github.spotbugs#spotbugs-annotations;3.1.12!spotbugs-annotations.jar (92ms)
[2024-05-18T20:15:58.584+0000] {spark_submit.py:571} INFO - downloading https://repo1.maven.org/maven2/com/google/code/findbugs/jsr305/3.0.2/jsr305-3.0.2.jar ...
[2024-05-18T20:15:58.646+0000] {spark_submit.py:571} INFO - [SUCCESSFUL ] com.google.code.findbugs#jsr305;3.0.2!jsr305.jar (98ms)
[2024-05-18T20:15:58.697+0000] {spark_submit.py:571} INFO - downloading https://repo1.maven.org/maven2/com/datastax/oss/java-driver-query-builder/4.13.0/java-driver-query-builder-4.13.0.jar ...
[2024-05-18T20:15:58.857+0000] {spark_submit.py:571} INFO - [SUCCESSFUL ] com.datastax.oss#java-driver-query-builder;4.13.0!java-driver-query-builder.jar(bundle) (203ms)
[2024-05-18T20:15:58.928+0000] {spark_submit.py:571} INFO - downloading https://repo1.maven.org/maven2/com/github/luben/zstd-jni/1.5.5-1/zstd-jni-1.5.5-1.jar ...
[2024-05-18T20:16:00.609+0000] {spark_submit.py:571} INFO - [SUCCESSFUL ] com.github.luben#zstd-jni;1.5.5-1!zstd-jni.jar (1691ms)
[2024-05-18T20:16:00.807+0000] {spark_submit.py:571} INFO - downloading https://repo1.maven.org/maven2/org/lz4/lz4-java/1.8.0/lz4-java-1.8.0.jar ...
[2024-05-18T20:16:04.366+0000] {spark_submit.py:571} INFO - [SUCCESSFUL ] org.lz4#lz4-java;1.8.0!lz4-java.jar (3635ms)
[2024-05-18T20:16:04.484+0000] {spark_submit.py:571} INFO - :: resolution report :: resolve 21456ms :: artifacts dl 28052ms
[2024-05-18T20:16:04.491+0000] {spark_submit.py:571} INFO - :: modules in use:
[2024-05-18T20:16:04.691+0000] {spark_submit.py:571} INFO - com.datastax.oss#java-driver-core-shaded;4.13.0 from central in [default]
[2024-05-18T20:16:04.705+0000] {spark_submit.py:571} INFO - com.datastax.oss#java-driver-mapper-runtime;4.13.0 from central in [default]
[2024-05-18T20:16:04.715+0000] {spark_submit.py:571} INFO - com.datastax.oss#java-driver-query-builder;4.13.0 from central in [default]
[2024-05-18T20:16:04.718+0000] {spark_submit.py:571} INFO - com.datastax.oss#java-driver-shaded-guava;25.1-jre-graal-sub-1 from central in [default]
[2024-05-18T20:16:04.719+0000] {spark_submit.py:571} INFO - com.datastax.oss#native-protocol;1.5.0 from central in [default]
[2024-05-18T20:16:04.719+0000] {spark_submit.py:571} INFO - com.datastax.spark#spark-cassandra-connector-driver_2.12;3.5.0 from central in [default]
[2024-05-18T20:16:04.719+0000] {spark_submit.py:571} INFO - com.datastax.spark#spark-cassandra-connector_2.12;3.5.0 from central in [default]
[2024-05-18T20:16:04.719+0000] {spark_submit.py:571} INFO - com.github.luben#zstd-jni;1.5.5-1 from central in [default]
[2024-05-18T20:16:04.719+0000] {spark_submit.py:571} INFO - com.github.spotbugs#spotbugs-annotations;3.1.12 from central in [default]
[2024-05-18T20:16:04.720+0000] {spark_submit.py:571} INFO - com.github.stephenc.jcip#jcip-annotations;1.0-1 from central in [default]
[2024-05-18T20:16:04.720+0000] {spark_submit.py:571} INFO - com.google.code.findbugs#jsr305;3.0.2 from central in [default]
[2024-05-18T20:16:04.721+0000] {spark_submit.py:571} INFO - com.thoughtworks.paranamer#paranamer;2.8 from central in [default]
[2024-05-18T20:16:04.721+0000] {spark_submit.py:571} INFO - com.typesafe#config;1.4.1 from central in [default]
[2024-05-18T20:16:04.721+0000] {spark_submit.py:571} INFO - commons-logging#commons-logging;1.2 from central in [default]
[2024-05-18T20:16:04.722+0000] {spark_submit.py:571} INFO - io.dropwizard.metrics#metrics-core;4.1.18 from central in [default]
[2024-05-18T20:16:04.723+0000] {spark_submit.py:571} INFO - org.apache.commons#commons-lang3;3.10 from central in [default]
[2024-05-18T20:16:04.724+0000] {spark_submit.py:571} INFO - org.apache.commons#commons-pool2;2.11.1 from central in [default]
[2024-05-18T20:16:04.729+0000] {spark_submit.py:571} INFO - org.apache.hadoop#hadoop-client-api;3.3.4 from central in [default]
[2024-05-18T20:16:04.729+0000] {spark_submit.py:571} INFO - org.apache.hadoop#hadoop-client-runtime;3.3.4 from central in [default]
[2024-05-18T20:16:04.729+0000] {spark_submit.py:571} INFO - org.apache.kafka#kafka-clients;3.5.1 from central in [default]
[2024-05-18T20:16:04.733+0000] {spark_submit.py:571} INFO - org.apache.spark#spark-sql-kafka-0-10_2.12;3.5.1 from central in [default]
[2024-05-18T20:16:04.750+0000] {spark_submit.py:571} INFO - org.apache.spark#spark-token-provider-kafka-0-10_2.12;3.5.1 from central in [default]
[2024-05-18T20:16:04.751+0000] {spark_submit.py:571} INFO - org.hdrhistogram#HdrHistogram;2.1.12 from central in [default]
[2024-05-18T20:16:04.751+0000] {spark_submit.py:571} INFO - org.lz4#lz4-java;1.8.0 from central in [default]
[2024-05-18T20:16:04.751+0000] {spark_submit.py:571} INFO - org.reactivestreams#reactive-streams;1.0.3 from central in [default]
[2024-05-18T20:16:04.751+0000] {spark_submit.py:571} INFO - org.scala-lang#scala-reflect;2.12.11 from central in [default]
[2024-05-18T20:16:04.752+0000] {spark_submit.py:571} INFO - org.scala-lang.modules#scala-collection-compat_2.12;2.11.0 from central in [default]
[2024-05-18T20:16:04.753+0000] {spark_submit.py:571} INFO - org.slf4j#slf4j-api;2.0.7 from central in [default]
[2024-05-18T20:16:04.753+0000] {spark_submit.py:571} INFO - org.xerial.snappy#snappy-java;1.1.10.3 from central in [default]
[2024-05-18T20:16:04.757+0000] {spark_submit.py:571} INFO - :: evicted modules:
[2024-05-18T20:16:04.758+0000] {spark_submit.py:571} INFO - org.apache.kafka#kafka-clients;3.4.1 by [org.apache.kafka#kafka-clients;3.5.1] in [default]
[2024-05-18T20:16:04.764+0000] {spark_submit.py:571} INFO - commons-logging#commons-logging;1.1.3 by [commons-logging#commons-logging;1.2] in [default]
[2024-05-18T20:16:04.765+0000] {spark_submit.py:571} INFO - com.google.code.findbugs#jsr305;3.0.0 by [com.google.code.findbugs#jsr305;3.0.2] in [default]
[2024-05-18T20:16:04.766+0000] {spark_submit.py:571} INFO - org.slf4j#slf4j-api;1.7.26 by [org.slf4j#slf4j-api;2.0.7] in [default]
[2024-05-18T20:16:04.766+0000] {spark_submit.py:571} INFO - org.xerial.snappy#snappy-java;1.1.10.1 by [org.xerial.snappy#snappy-java;1.1.10.3] in [default]
[2024-05-18T20:16:04.771+0000] {spark_submit.py:571} INFO - org.slf4j#slf4j-api;1.7.36 by [org.slf4j#slf4j-api;2.0.7] in [default]
[2024-05-18T20:16:04.777+0000] {spark_submit.py:571} INFO - ---------------------------------------------------------------------
[2024-05-18T20:16:04.777+0000] {spark_submit.py:571} INFO - |                  |            modules            ||   artifacts   |
[2024-05-18T20:16:04.777+0000] {spark_submit.py:571} INFO - |       conf       | number| search|dwnlded|evicted|| number|dwnlded|
[2024-05-18T20:16:04.810+0000] {spark_submit.py:571} INFO - ---------------------------------------------------------------------
[2024-05-18T20:16:04.816+0000] {spark_submit.py:571} INFO - |      default     |   35  |   30  |   30  |   6   ||   29  |   29  |
[2024-05-18T20:16:04.817+0000] {spark_submit.py:571} INFO - ---------------------------------------------------------------------
[2024-05-18T20:16:05.752+0000] {spark_submit.py:571} INFO - :: retrieving :: org.apache.spark#spark-submit-parent-7d4eeb4d-1816-47d9-bc65-99f34b252913
[2024-05-18T20:16:05.764+0000] {spark_submit.py:571} INFO - confs: [default]
[2024-05-18T20:16:08.763+0000] {spark_submit.py:571} INFO - 29 artifacts copied, 0 already retrieved (81094kB/2986ms)
[2024-05-18T20:16:13.617+0000] {spark_submit.py:571} INFO - 24/05/18 20:16:13 WARN NativeCodeLoader: Unable to load native-hadoop library for your platform... using builtin-java classes where applicable
[2024-05-18T20:16:23.678+0000] {spark_submit.py:571} INFO - 24/05/18 20:16:23 INFO SparkContext: Running Spark version 3.5.1
[2024-05-18T20:16:23.703+0000] {spark_submit.py:571} INFO - 24/05/18 20:16:23 INFO SparkContext: OS info Linux, 6.6.26-linuxkit, aarch64
[2024-05-18T20:16:23.704+0000] {spark_submit.py:571} INFO - 24/05/18 20:16:23 INFO SparkContext: Java version 11.0.23
[2024-05-18T20:16:23.725+0000] {spark_submit.py:571} INFO - 24/05/18 20:16:23 INFO ResourceUtils: ==============================================================
[2024-05-18T20:16:23.726+0000] {spark_submit.py:571} INFO - 24/05/18 20:16:23 INFO ResourceUtils: No custom resources configured for spark.driver.
[2024-05-18T20:16:23.726+0000] {spark_submit.py:571} INFO - 24/05/18 20:16:23 INFO ResourceUtils: ==============================================================
[2024-05-18T20:16:23.726+0000] {spark_submit.py:571} INFO - 24/05/18 20:16:23 INFO SparkContext: Submitted application: Redfin_Properties_Consumer
[2024-05-18T20:16:23.775+0000] {spark_submit.py:571} INFO - 24/05/18 20:16:23 INFO ResourceProfile: Default ResourceProfile created, executor resources: Map(memory -> name: memory, amount: 1024, script: , vendor: , offHeap -> name: offHeap, amount: 0, script: , vendor: ), task resources: Map(cpus -> name: cpus, amount: 1.0)
[2024-05-18T20:16:23.789+0000] {spark_submit.py:571} INFO - 24/05/18 20:16:23 INFO ResourceProfile: Limiting resource is cpu
[2024-05-18T20:16:23.789+0000] {spark_submit.py:571} INFO - 24/05/18 20:16:23 INFO ResourceProfileManager: Added ResourceProfile id: 0
[2024-05-18T20:16:23.962+0000] {spark_submit.py:571} INFO - 24/05/18 20:16:23 INFO SecurityManager: Changing view acls to: ***
[2024-05-18T20:16:23.968+0000] {spark_submit.py:571} INFO - 24/05/18 20:16:23 INFO SecurityManager: Changing modify acls to: ***
[2024-05-18T20:16:23.971+0000] {spark_submit.py:571} INFO - 24/05/18 20:16:23 INFO SecurityManager: Changing view acls groups to:
[2024-05-18T20:16:23.971+0000] {spark_submit.py:571} INFO - 24/05/18 20:16:23 INFO SecurityManager: Changing modify acls groups to:
[2024-05-18T20:16:23.972+0000] {spark_submit.py:571} INFO - 24/05/18 20:16:23 INFO SecurityManager: SecurityManager: authentication disabled; ui acls disabled; users with view permissions: ***; groups with view permissions: EMPTY; users with modify permissions: ***; groups with modify permissions: EMPTY
[2024-05-18T20:16:25.024+0000] {spark_submit.py:571} INFO - 24/05/18 20:16:25 INFO Utils: Successfully started service 'sparkDriver' on port 33047.
[2024-05-18T20:16:25.098+0000] {spark_submit.py:571} INFO - 24/05/18 20:16:25 INFO SparkEnv: Registering MapOutputTracker
[2024-05-18T20:16:25.182+0000] {spark_submit.py:571} INFO - 24/05/18 20:16:25 INFO SparkEnv: Registering BlockManagerMaster
[2024-05-18T20:16:25.247+0000] {spark_submit.py:571} INFO - 24/05/18 20:16:25 INFO BlockManagerMasterEndpoint: Using org.apache.spark.storage.DefaultTopologyMapper for getting topology information
[2024-05-18T20:16:25.248+0000] {spark_submit.py:571} INFO - 24/05/18 20:16:25 INFO BlockManagerMasterEndpoint: BlockManagerMasterEndpoint up
[2024-05-18T20:16:25.252+0000] {spark_submit.py:571} INFO - 24/05/18 20:16:25 INFO SparkEnv: Registering BlockManagerMasterHeartbeat
[2024-05-18T20:16:25.303+0000] {spark_submit.py:571} INFO - 24/05/18 20:16:25 INFO DiskBlockManager: Created local directory at /tmp/blockmgr-69bc1ea3-822f-4d79-8692-97244986d1df
[2024-05-18T20:16:25.329+0000] {spark_submit.py:571} INFO - 24/05/18 20:16:25 INFO MemoryStore: MemoryStore started with capacity 434.4 MiB
[2024-05-18T20:16:25.356+0000] {spark_submit.py:571} INFO - 24/05/18 20:16:25 INFO SparkEnv: Registering OutputCommitCoordinator
[2024-05-18T20:16:26.087+0000] {spark_submit.py:571} INFO - 24/05/18 20:16:26 INFO JettyUtils: Start Jetty 0.0.0.0:4040 for SparkUI
[2024-05-18T20:16:26.411+0000] {spark_submit.py:571} INFO - 24/05/18 20:16:26 INFO Utils: Successfully started service 'SparkUI' on port 4040.
[2024-05-18T20:16:26.564+0000] {spark_submit.py:571} INFO - 24/05/18 20:16:26 INFO SparkContext: Added JAR file:///home/***/.ivy2/jars/org.apache.spark_spark-sql-kafka-0-10_2.12-3.5.1.jar at spark://f3c105d69d83:33047/jars/org.apache.spark_spark-sql-kafka-0-10_2.12-3.5.1.jar with timestamp 1716063383637
[2024-05-18T20:16:26.570+0000] {spark_submit.py:571} INFO - 24/05/18 20:16:26 INFO SparkContext: Added JAR file:///home/***/.ivy2/jars/com.datastax.spark_spark-cassandra-connector_2.12-3.5.0.jar at spark://f3c105d69d83:33047/jars/com.datastax.spark_spark-cassandra-connector_2.12-3.5.0.jar with timestamp 1716063383637
[2024-05-18T20:16:26.574+0000] {spark_submit.py:571} INFO - 24/05/18 20:16:26 INFO SparkContext: Added JAR file:///home/***/.ivy2/jars/org.apache.kafka_kafka-clients-3.5.1.jar at spark://f3c105d69d83:33047/jars/org.apache.kafka_kafka-clients-3.5.1.jar with timestamp 1716063383637
[2024-05-18T20:16:26.575+0000] {spark_submit.py:571} INFO - 24/05/18 20:16:26 INFO SparkContext: Added JAR file:///home/***/.ivy2/jars/commons-logging_commons-logging-1.2.jar at spark://f3c105d69d83:33047/jars/commons-logging_commons-logging-1.2.jar with timestamp 1716063383637
[2024-05-18T20:16:26.577+0000] {spark_submit.py:571} INFO - 24/05/18 20:16:26 INFO SparkContext: Added JAR file:///home/***/.ivy2/jars/org.apache.spark_spark-token-provider-kafka-0-10_2.12-3.5.1.jar at spark://f3c105d69d83:33047/jars/org.apache.spark_spark-token-provider-kafka-0-10_2.12-3.5.1.jar with timestamp 1716063383637
[2024-05-18T20:16:26.580+0000] {spark_submit.py:571} INFO - 24/05/18 20:16:26 INFO SparkContext: Added JAR file:///home/***/.ivy2/jars/org.apache.commons_commons-pool2-2.11.1.jar at spark://f3c105d69d83:33047/jars/org.apache.commons_commons-pool2-2.11.1.jar with timestamp 1716063383637
[2024-05-18T20:16:26.580+0000] {spark_submit.py:571} INFO - 24/05/18 20:16:26 INFO SparkContext: Added JAR file:///home/***/.ivy2/jars/org.apache.hadoop_hadoop-client-runtime-3.3.4.jar at spark://f3c105d69d83:33047/jars/org.apache.hadoop_hadoop-client-runtime-3.3.4.jar with timestamp 1716063383637
[2024-05-18T20:16:26.581+0000] {spark_submit.py:571} INFO - 24/05/18 20:16:26 INFO SparkContext: Added JAR file:///home/***/.ivy2/jars/org.apache.hadoop_hadoop-client-api-3.3.4.jar at spark://f3c105d69d83:33047/jars/org.apache.hadoop_hadoop-client-api-3.3.4.jar with timestamp 1716063383637
[2024-05-18T20:16:26.583+0000] {spark_submit.py:571} INFO - 24/05/18 20:16:26 INFO SparkContext: Added JAR file:///home/***/.ivy2/jars/org.xerial.snappy_snappy-java-1.1.10.3.jar at spark://f3c105d69d83:33047/jars/org.xerial.snappy_snappy-java-1.1.10.3.jar with timestamp 1716063383637
[2024-05-18T20:16:26.584+0000] {spark_submit.py:571} INFO - 24/05/18 20:16:26 INFO SparkContext: Added JAR file:///home/***/.ivy2/jars/org.slf4j_slf4j-api-2.0.7.jar at spark://f3c105d69d83:33047/jars/org.slf4j_slf4j-api-2.0.7.jar with timestamp 1716063383637
[2024-05-18T20:16:26.585+0000] {spark_submit.py:571} INFO - 24/05/18 20:16:26 INFO SparkContext: Added JAR file:///home/***/.ivy2/jars/com.datastax.spark_spark-cassandra-connector-driver_2.12-3.5.0.jar at spark://f3c105d69d83:33047/jars/com.datastax.spark_spark-cassandra-connector-driver_2.12-3.5.0.jar with timestamp 1716063383637
[2024-05-18T20:16:26.587+0000] {spark_submit.py:571} INFO - 24/05/18 20:16:26 INFO SparkContext: Added JAR file:///home/***/.ivy2/jars/org.scala-lang.modules_scala-collection-compat_2.12-2.11.0.jar at spark://f3c105d69d83:33047/jars/org.scala-lang.modules_scala-collection-compat_2.12-2.11.0.jar with timestamp 1716063383637
[2024-05-18T20:16:26.588+0000] {spark_submit.py:571} INFO - 24/05/18 20:16:26 INFO SparkContext: Added JAR file:///home/***/.ivy2/jars/com.datastax.oss_java-driver-core-shaded-4.13.0.jar at spark://f3c105d69d83:33047/jars/com.datastax.oss_java-driver-core-shaded-4.13.0.jar with timestamp 1716063383637
[2024-05-18T20:16:26.590+0000] {spark_submit.py:571} INFO - 24/05/18 20:16:26 INFO SparkContext: Added JAR file:///home/***/.ivy2/jars/com.datastax.oss_java-driver-mapper-runtime-4.13.0.jar at spark://f3c105d69d83:33047/jars/com.datastax.oss_java-driver-mapper-runtime-4.13.0.jar with timestamp 1716063383637
[2024-05-18T20:16:26.592+0000] {spark_submit.py:571} INFO - 24/05/18 20:16:26 INFO SparkContext: Added JAR file:///home/***/.ivy2/jars/org.apache.commons_commons-lang3-3.10.jar at spark://f3c105d69d83:33047/jars/org.apache.commons_commons-lang3-3.10.jar with timestamp 1716063383637
[2024-05-18T20:16:26.599+0000] {spark_submit.py:571} INFO - 24/05/18 20:16:26 INFO SparkContext: Added JAR file:///home/***/.ivy2/jars/com.thoughtworks.paranamer_paranamer-2.8.jar at spark://f3c105d69d83:33047/jars/com.thoughtworks.paranamer_paranamer-2.8.jar with timestamp 1716063383637
[2024-05-18T20:16:26.605+0000] {spark_submit.py:571} INFO - 24/05/18 20:16:26 INFO SparkContext: Added JAR file:///home/***/.ivy2/jars/org.scala-lang_scala-reflect-2.12.11.jar at spark://f3c105d69d83:33047/jars/org.scala-lang_scala-reflect-2.12.11.jar with timestamp 1716063383637
[2024-05-18T20:16:26.607+0000] {spark_submit.py:571} INFO - 24/05/18 20:16:26 INFO SparkContext: Added JAR file:///home/***/.ivy2/jars/com.datastax.oss_native-protocol-1.5.0.jar at spark://f3c105d69d83:33047/jars/com.datastax.oss_native-protocol-1.5.0.jar with timestamp 1716063383637
[2024-05-18T20:16:26.620+0000] {spark_submit.py:571} INFO - 24/05/18 20:16:26 INFO SparkContext: Added JAR file:///home/***/.ivy2/jars/com.datastax.oss_java-driver-shaded-guava-25.1-jre-graal-sub-1.jar at spark://f3c105d69d83:33047/jars/com.datastax.oss_java-driver-shaded-guava-25.1-jre-graal-sub-1.jar with timestamp 1716063383637
[2024-05-18T20:16:26.621+0000] {spark_submit.py:571} INFO - 24/05/18 20:16:26 INFO SparkContext: Added JAR file:///home/***/.ivy2/jars/com.typesafe_config-1.4.1.jar at spark://f3c105d69d83:33047/jars/com.typesafe_config-1.4.1.jar with timestamp 1716063383637
[2024-05-18T20:16:26.623+0000] {spark_submit.py:571} INFO - 24/05/18 20:16:26 INFO SparkContext: Added JAR file:///home/***/.ivy2/jars/io.dropwizard.metrics_metrics-core-4.1.18.jar at spark://f3c105d69d83:33047/jars/io.dropwizard.metrics_metrics-core-4.1.18.jar with timestamp 1716063383637
[2024-05-18T20:16:26.627+0000] {spark_submit.py:571} INFO - 24/05/18 20:16:26 INFO SparkContext: Added JAR file:///home/***/.ivy2/jars/org.hdrhistogram_HdrHistogram-2.1.12.jar at spark://f3c105d69d83:33047/jars/org.hdrhistogram_HdrHistogram-2.1.12.jar with timestamp 1716063383637
[2024-05-18T20:16:26.648+0000] {spark_submit.py:571} INFO - 24/05/18 20:16:26 INFO SparkContext: Added JAR file:///home/***/.ivy2/jars/org.reactivestreams_reactive-streams-1.0.3.jar at spark://f3c105d69d83:33047/jars/org.reactivestreams_reactive-streams-1.0.3.jar with timestamp 1716063383637
[2024-05-18T20:16:26.649+0000] {spark_submit.py:571} INFO - 24/05/18 20:16:26 INFO SparkContext: Added JAR file:///home/***/.ivy2/jars/com.github.stephenc.jcip_jcip-annotations-1.0-1.jar at spark://f3c105d69d83:33047/jars/com.github.stephenc.jcip_jcip-annotations-1.0-1.jar with timestamp 1716063383637
[2024-05-18T20:16:26.650+0000] {spark_submit.py:571} INFO - 24/05/18 20:16:26 INFO SparkContext: Added JAR file:///home/***/.ivy2/jars/com.github.spotbugs_spotbugs-annotations-3.1.12.jar at spark://f3c105d69d83:33047/jars/com.github.spotbugs_spotbugs-annotations-3.1.12.jar with timestamp 1716063383637
[2024-05-18T20:16:26.654+0000] {spark_submit.py:571} INFO - 24/05/18 20:16:26 INFO SparkContext: Added JAR file:///home/***/.ivy2/jars/com.google.code.findbugs_jsr305-3.0.2.jar at spark://f3c105d69d83:33047/jars/com.google.code.findbugs_jsr305-3.0.2.jar with timestamp 1716063383637
[2024-05-18T20:16:26.655+0000] {spark_submit.py:571} INFO - 24/05/18 20:16:26 INFO SparkContext: Added JAR file:///home/***/.ivy2/jars/com.datastax.oss_java-driver-query-builder-4.13.0.jar at spark://f3c105d69d83:33047/jars/com.datastax.oss_java-driver-query-builder-4.13.0.jar with timestamp 1716063383637
[2024-05-18T20:16:26.657+0000] {spark_submit.py:571} INFO - 24/05/18 20:16:26 INFO SparkContext: Added JAR file:///home/***/.ivy2/jars/com.github.luben_zstd-jni-1.5.5-1.jar at spark://f3c105d69d83:33047/jars/com.github.luben_zstd-jni-1.5.5-1.jar with timestamp 1716063383637
[2024-05-18T20:16:26.657+0000] {spark_submit.py:571} INFO - 24/05/18 20:16:26 INFO SparkContext: Added JAR file:///home/***/.ivy2/jars/org.lz4_lz4-java-1.8.0.jar at spark://f3c105d69d83:33047/jars/org.lz4_lz4-java-1.8.0.jar with timestamp 1716063383637
[2024-05-18T20:16:26.663+0000] {spark_submit.py:571} INFO - 24/05/18 20:16:26 INFO SparkContext: Added file file:///home/***/.ivy2/jars/org.apache.spark_spark-sql-kafka-0-10_2.12-3.5.1.jar at spark://f3c105d69d83:33047/files/org.apache.spark_spark-sql-kafka-0-10_2.12-3.5.1.jar with timestamp 1716063383637
[2024-05-18T20:16:26.664+0000] {spark_submit.py:571} INFO - 24/05/18 20:16:26 INFO Utils: Copying /home/***/.ivy2/jars/org.apache.spark_spark-sql-kafka-0-10_2.12-3.5.1.jar to /tmp/spark-6f16cc67-6753-46d6-bd65-da393f6bc0ba/userFiles-8f3b8596-445a-4dd4-b22b-09c7823dced1/org.apache.spark_spark-sql-kafka-0-10_2.12-3.5.1.jar
[2024-05-18T20:16:26.895+0000] {spark_submit.py:571} INFO - 24/05/18 20:16:26 INFO SparkContext: Added file file:///home/***/.ivy2/jars/com.datastax.spark_spark-cassandra-connector_2.12-3.5.0.jar at spark://f3c105d69d83:33047/files/com.datastax.spark_spark-cassandra-connector_2.12-3.5.0.jar with timestamp 1716063383637
[2024-05-18T20:16:26.897+0000] {spark_submit.py:571} INFO - 24/05/18 20:16:26 INFO Utils: Copying /home/***/.ivy2/jars/com.datastax.spark_spark-cassandra-connector_2.12-3.5.0.jar to /tmp/spark-6f16cc67-6753-46d6-bd65-da393f6bc0ba/userFiles-8f3b8596-445a-4dd4-b22b-09c7823dced1/com.datastax.spark_spark-cassandra-connector_2.12-3.5.0.jar
[2024-05-18T20:16:27.102+0000] {spark_submit.py:571} INFO - 24/05/18 20:16:27 INFO SparkContext: Added file file:///home/***/.ivy2/jars/org.apache.kafka_kafka-clients-3.5.1.jar at spark://f3c105d69d83:33047/files/org.apache.kafka_kafka-clients-3.5.1.jar with timestamp 1716063383637
[2024-05-18T20:16:27.103+0000] {spark_submit.py:571} INFO - 24/05/18 20:16:27 INFO Utils: Copying /home/***/.ivy2/jars/org.apache.kafka_kafka-clients-3.5.1.jar to /tmp/spark-6f16cc67-6753-46d6-bd65-da393f6bc0ba/userFiles-8f3b8596-445a-4dd4-b22b-09c7823dced1/org.apache.kafka_kafka-clients-3.5.1.jar
[2024-05-18T20:16:27.434+0000] {spark_submit.py:571} INFO - 24/05/18 20:16:27 INFO SparkContext: Added file file:///home/***/.ivy2/jars/commons-logging_commons-logging-1.2.jar at spark://f3c105d69d83:33047/files/commons-logging_commons-logging-1.2.jar with timestamp 1716063383637
[2024-05-18T20:16:27.443+0000] {spark_submit.py:571} INFO - 24/05/18 20:16:27 INFO Utils: Copying /home/***/.ivy2/jars/commons-logging_commons-logging-1.2.jar to /tmp/spark-6f16cc67-6753-46d6-bd65-da393f6bc0ba/userFiles-8f3b8596-445a-4dd4-b22b-09c7823dced1/commons-logging_commons-logging-1.2.jar
[2024-05-18T20:16:27.466+0000] {spark_submit.py:571} INFO - 24/05/18 20:16:27 INFO SparkContext: Added file file:///home/***/.ivy2/jars/org.apache.spark_spark-token-provider-kafka-0-10_2.12-3.5.1.jar at spark://f3c105d69d83:33047/files/org.apache.spark_spark-token-provider-kafka-0-10_2.12-3.5.1.jar with timestamp 1716063383637
[2024-05-18T20:16:27.467+0000] {spark_submit.py:571} INFO - 24/05/18 20:16:27 INFO Utils: Copying /home/***/.ivy2/jars/org.apache.spark_spark-token-provider-kafka-0-10_2.12-3.5.1.jar to /tmp/spark-6f16cc67-6753-46d6-bd65-da393f6bc0ba/userFiles-8f3b8596-445a-4dd4-b22b-09c7823dced1/org.apache.spark_spark-token-provider-kafka-0-10_2.12-3.5.1.jar
[2024-05-18T20:16:27.496+0000] {spark_submit.py:571} INFO - 24/05/18 20:16:27 INFO SparkContext: Added file file:///home/***/.ivy2/jars/org.apache.commons_commons-pool2-2.11.1.jar at spark://f3c105d69d83:33047/files/org.apache.commons_commons-pool2-2.11.1.jar with timestamp 1716063383637
[2024-05-18T20:16:27.500+0000] {spark_submit.py:571} INFO - 24/05/18 20:16:27 INFO Utils: Copying /home/***/.ivy2/jars/org.apache.commons_commons-pool2-2.11.1.jar to /tmp/spark-6f16cc67-6753-46d6-bd65-da393f6bc0ba/userFiles-8f3b8596-445a-4dd4-b22b-09c7823dced1/org.apache.commons_commons-pool2-2.11.1.jar
[2024-05-18T20:16:27.521+0000] {spark_submit.py:571} INFO - 24/05/18 20:16:27 INFO SparkContext: Added file file:///home/***/.ivy2/jars/org.apache.hadoop_hadoop-client-runtime-3.3.4.jar at spark://f3c105d69d83:33047/files/org.apache.hadoop_hadoop-client-runtime-3.3.4.jar with timestamp 1716063383637
[2024-05-18T20:16:27.525+0000] {spark_submit.py:571} INFO - 24/05/18 20:16:27 INFO Utils: Copying /home/***/.ivy2/jars/org.apache.hadoop_hadoop-client-runtime-3.3.4.jar to /tmp/spark-6f16cc67-6753-46d6-bd65-da393f6bc0ba/userFiles-8f3b8596-445a-4dd4-b22b-09c7823dced1/org.apache.hadoop_hadoop-client-runtime-3.3.4.jar
[2024-05-18T20:16:28.267+0000] {spark_submit.py:571} INFO - 24/05/18 20:16:28 INFO SparkContext: Added file file:///home/***/.ivy2/jars/org.apache.hadoop_hadoop-client-api-3.3.4.jar at spark://f3c105d69d83:33047/files/org.apache.hadoop_hadoop-client-api-3.3.4.jar with timestamp 1716063383637
[2024-05-18T20:16:28.276+0000] {spark_submit.py:571} INFO - 24/05/18 20:16:28 INFO Utils: Copying /home/***/.ivy2/jars/org.apache.hadoop_hadoop-client-api-3.3.4.jar to /tmp/spark-6f16cc67-6753-46d6-bd65-da393f6bc0ba/userFiles-8f3b8596-445a-4dd4-b22b-09c7823dced1/org.apache.hadoop_hadoop-client-api-3.3.4.jar
[2024-05-18T20:16:28.851+0000] {spark_submit.py:571} INFO - 24/05/18 20:16:28 INFO SparkContext: Added file file:///home/***/.ivy2/jars/org.xerial.snappy_snappy-java-1.1.10.3.jar at spark://f3c105d69d83:33047/files/org.xerial.snappy_snappy-java-1.1.10.3.jar with timestamp 1716063383637
[2024-05-18T20:16:28.853+0000] {spark_submit.py:571} INFO - 24/05/18 20:16:28 INFO Utils: Copying /home/***/.ivy2/jars/org.xerial.snappy_snappy-java-1.1.10.3.jar to /tmp/spark-6f16cc67-6753-46d6-bd65-da393f6bc0ba/userFiles-8f3b8596-445a-4dd4-b22b-09c7823dced1/org.xerial.snappy_snappy-java-1.1.10.3.jar
[2024-05-18T20:16:28.939+0000] {spark_submit.py:571} INFO - 24/05/18 20:16:28 INFO SparkContext: Added file file:///home/***/.ivy2/jars/org.slf4j_slf4j-api-2.0.7.jar at spark://f3c105d69d83:33047/files/org.slf4j_slf4j-api-2.0.7.jar with timestamp 1716063383637
[2024-05-18T20:16:28.940+0000] {spark_submit.py:571} INFO - 24/05/18 20:16:28 INFO Utils: Copying /home/***/.ivy2/jars/org.slf4j_slf4j-api-2.0.7.jar to /tmp/spark-6f16cc67-6753-46d6-bd65-da393f6bc0ba/userFiles-8f3b8596-445a-4dd4-b22b-09c7823dced1/org.slf4j_slf4j-api-2.0.7.jar
[2024-05-18T20:16:29.066+0000] {spark_submit.py:571} INFO - 24/05/18 20:16:29 INFO SparkContext: Added file file:///home/***/.ivy2/jars/com.datastax.spark_spark-cassandra-connector-driver_2.12-3.5.0.jar at spark://f3c105d69d83:33047/files/com.datastax.spark_spark-cassandra-connector-driver_2.12-3.5.0.jar with timestamp 1716063383637
[2024-05-18T20:16:29.071+0000] {spark_submit.py:571} INFO - 24/05/18 20:16:29 INFO Utils: Copying /home/***/.ivy2/jars/com.datastax.spark_spark-cassandra-connector-driver_2.12-3.5.0.jar to /tmp/spark-6f16cc67-6753-46d6-bd65-da393f6bc0ba/userFiles-8f3b8596-445a-4dd4-b22b-09c7823dced1/com.datastax.spark_spark-cassandra-connector-driver_2.12-3.5.0.jar
[2024-05-18T20:16:29.147+0000] {spark_submit.py:571} INFO - 24/05/18 20:16:29 INFO SparkContext: Added file file:///home/***/.ivy2/jars/org.scala-lang.modules_scala-collection-compat_2.12-2.11.0.jar at spark://f3c105d69d83:33047/files/org.scala-lang.modules_scala-collection-compat_2.12-2.11.0.jar with timestamp 1716063383637
[2024-05-18T20:16:29.148+0000] {spark_submit.py:571} INFO - 24/05/18 20:16:29 INFO Utils: Copying /home/***/.ivy2/jars/org.scala-lang.modules_scala-collection-compat_2.12-2.11.0.jar to /tmp/spark-6f16cc67-6753-46d6-bd65-da393f6bc0ba/userFiles-8f3b8596-445a-4dd4-b22b-09c7823dced1/org.scala-lang.modules_scala-collection-compat_2.12-2.11.0.jar
[2024-05-18T20:16:29.180+0000] {spark_submit.py:571} INFO - 24/05/18 20:16:29 INFO SparkContext: Added file file:///home/***/.ivy2/jars/com.datastax.oss_java-driver-core-shaded-4.13.0.jar at spark://f3c105d69d83:33047/files/com.datastax.oss_java-driver-core-shaded-4.13.0.jar with timestamp 1716063383637
[2024-05-18T20:16:29.182+0000] {spark_submit.py:571} INFO - 24/05/18 20:16:29 INFO Utils: Copying /home/***/.ivy2/jars/com.datastax.oss_java-driver-core-shaded-4.13.0.jar to /tmp/spark-6f16cc67-6753-46d6-bd65-da393f6bc0ba/userFiles-8f3b8596-445a-4dd4-b22b-09c7823dced1/com.datastax.oss_java-driver-core-shaded-4.13.0.jar
[2024-05-18T20:16:29.381+0000] {spark_submit.py:571} INFO - 24/05/18 20:16:29 INFO SparkContext: Added file file:///home/***/.ivy2/jars/com.datastax.oss_java-driver-mapper-runtime-4.13.0.jar at spark://f3c105d69d83:33047/files/com.datastax.oss_java-driver-mapper-runtime-4.13.0.jar with timestamp 1716063383637
[2024-05-18T20:16:29.383+0000] {spark_submit.py:571} INFO - 24/05/18 20:16:29 INFO Utils: Copying /home/***/.ivy2/jars/com.datastax.oss_java-driver-mapper-runtime-4.13.0.jar to /tmp/spark-6f16cc67-6753-46d6-bd65-da393f6bc0ba/userFiles-8f3b8596-445a-4dd4-b22b-09c7823dced1/com.datastax.oss_java-driver-mapper-runtime-4.13.0.jar
[2024-05-18T20:16:29.395+0000] {spark_submit.py:571} INFO - 24/05/18 20:16:29 INFO SparkContext: Added file file:///home/***/.ivy2/jars/org.apache.commons_commons-lang3-3.10.jar at spark://f3c105d69d83:33047/files/org.apache.commons_commons-lang3-3.10.jar with timestamp 1716063383637
[2024-05-18T20:16:29.395+0000] {spark_submit.py:571} INFO - 24/05/18 20:16:29 INFO Utils: Copying /home/***/.ivy2/jars/org.apache.commons_commons-lang3-3.10.jar to /tmp/spark-6f16cc67-6753-46d6-bd65-da393f6bc0ba/userFiles-8f3b8596-445a-4dd4-b22b-09c7823dced1/org.apache.commons_commons-lang3-3.10.jar
[2024-05-18T20:16:29.420+0000] {spark_submit.py:571} INFO - 24/05/18 20:16:29 INFO SparkContext: Added file file:///home/***/.ivy2/jars/com.thoughtworks.paranamer_paranamer-2.8.jar at spark://f3c105d69d83:33047/files/com.thoughtworks.paranamer_paranamer-2.8.jar with timestamp 1716063383637
[2024-05-18T20:16:29.421+0000] {spark_submit.py:571} INFO - 24/05/18 20:16:29 INFO Utils: Copying /home/***/.ivy2/jars/com.thoughtworks.paranamer_paranamer-2.8.jar to /tmp/spark-6f16cc67-6753-46d6-bd65-da393f6bc0ba/userFiles-8f3b8596-445a-4dd4-b22b-09c7823dced1/com.thoughtworks.paranamer_paranamer-2.8.jar
[2024-05-18T20:16:29.453+0000] {spark_submit.py:571} INFO - 24/05/18 20:16:29 INFO SparkContext: Added file file:///home/***/.ivy2/jars/org.scala-lang_scala-reflect-2.12.11.jar at spark://f3c105d69d83:33047/files/org.scala-lang_scala-reflect-2.12.11.jar with timestamp 1716063383637
[2024-05-18T20:16:29.457+0000] {spark_submit.py:571} INFO - 24/05/18 20:16:29 INFO Utils: Copying /home/***/.ivy2/jars/org.scala-lang_scala-reflect-2.12.11.jar to /tmp/spark-6f16cc67-6753-46d6-bd65-da393f6bc0ba/userFiles-8f3b8596-445a-4dd4-b22b-09c7823dced1/org.scala-lang_scala-reflect-2.12.11.jar
[2024-05-18T20:16:29.545+0000] {spark_submit.py:571} INFO - 24/05/18 20:16:29 INFO SparkContext: Added file file:///home/***/.ivy2/jars/com.datastax.oss_native-protocol-1.5.0.jar at spark://f3c105d69d83:33047/files/com.datastax.oss_native-protocol-1.5.0.jar with timestamp 1716063383637
[2024-05-18T20:16:29.550+0000] {spark_submit.py:571} INFO - 24/05/18 20:16:29 INFO Utils: Copying /home/***/.ivy2/jars/com.datastax.oss_native-protocol-1.5.0.jar to /tmp/spark-6f16cc67-6753-46d6-bd65-da393f6bc0ba/userFiles-8f3b8596-445a-4dd4-b22b-09c7823dced1/com.datastax.oss_native-protocol-1.5.0.jar
[2024-05-18T20:16:29.560+0000] {spark_submit.py:571} INFO - 24/05/18 20:16:29 INFO SparkContext: Added file file:///home/***/.ivy2/jars/com.datastax.oss_java-driver-shaded-guava-25.1-jre-graal-sub-1.jar at spark://f3c105d69d83:33047/files/com.datastax.oss_java-driver-shaded-guava-25.1-jre-graal-sub-1.jar with timestamp 1716063383637
[2024-05-18T20:16:29.560+0000] {spark_submit.py:571} INFO - 24/05/18 20:16:29 INFO Utils: Copying /home/***/.ivy2/jars/com.datastax.oss_java-driver-shaded-guava-25.1-jre-graal-sub-1.jar to /tmp/spark-6f16cc67-6753-46d6-bd65-da393f6bc0ba/userFiles-8f3b8596-445a-4dd4-b22b-09c7823dced1/com.datastax.oss_java-driver-shaded-guava-25.1-jre-graal-sub-1.jar
[2024-05-18T20:16:29.634+0000] {spark_submit.py:571} INFO - 24/05/18 20:16:29 INFO SparkContext: Added file file:///home/***/.ivy2/jars/com.typesafe_config-1.4.1.jar at spark://f3c105d69d83:33047/files/com.typesafe_config-1.4.1.jar with timestamp 1716063383637
[2024-05-18T20:16:29.634+0000] {spark_submit.py:571} INFO - 24/05/18 20:16:29 INFO Utils: Copying /home/***/.ivy2/jars/com.typesafe_config-1.4.1.jar to /tmp/spark-6f16cc67-6753-46d6-bd65-da393f6bc0ba/userFiles-8f3b8596-445a-4dd4-b22b-09c7823dced1/com.typesafe_config-1.4.1.jar
[2024-05-18T20:16:29.663+0000] {spark_submit.py:571} INFO - 24/05/18 20:16:29 INFO SparkContext: Added file file:///home/***/.ivy2/jars/io.dropwizard.metrics_metrics-core-4.1.18.jar at spark://f3c105d69d83:33047/files/io.dropwizard.metrics_metrics-core-4.1.18.jar with timestamp 1716063383637
[2024-05-18T20:16:29.667+0000] {spark_submit.py:571} INFO - 24/05/18 20:16:29 INFO Utils: Copying /home/***/.ivy2/jars/io.dropwizard.metrics_metrics-core-4.1.18.jar to /tmp/spark-6f16cc67-6753-46d6-bd65-da393f6bc0ba/userFiles-8f3b8596-445a-4dd4-b22b-09c7823dced1/io.dropwizard.metrics_metrics-core-4.1.18.jar
[2024-05-18T20:16:29.678+0000] {spark_submit.py:571} INFO - 24/05/18 20:16:29 INFO SparkContext: Added file file:///home/***/.ivy2/jars/org.hdrhistogram_HdrHistogram-2.1.12.jar at spark://f3c105d69d83:33047/files/org.hdrhistogram_HdrHistogram-2.1.12.jar with timestamp 1716063383637
[2024-05-18T20:16:29.679+0000] {spark_submit.py:571} INFO - 24/05/18 20:16:29 INFO Utils: Copying /home/***/.ivy2/jars/org.hdrhistogram_HdrHistogram-2.1.12.jar to /tmp/spark-6f16cc67-6753-46d6-bd65-da393f6bc0ba/userFiles-8f3b8596-445a-4dd4-b22b-09c7823dced1/org.hdrhistogram_HdrHistogram-2.1.12.jar
[2024-05-18T20:16:29.703+0000] {spark_submit.py:571} INFO - 24/05/18 20:16:29 INFO SparkContext: Added file file:///home/***/.ivy2/jars/org.reactivestreams_reactive-streams-1.0.3.jar at spark://f3c105d69d83:33047/files/org.reactivestreams_reactive-streams-1.0.3.jar with timestamp 1716063383637
[2024-05-18T20:16:29.704+0000] {spark_submit.py:571} INFO - 24/05/18 20:16:29 INFO Utils: Copying /home/***/.ivy2/jars/org.reactivestreams_reactive-streams-1.0.3.jar to /tmp/spark-6f16cc67-6753-46d6-bd65-da393f6bc0ba/userFiles-8f3b8596-445a-4dd4-b22b-09c7823dced1/org.reactivestreams_reactive-streams-1.0.3.jar
[2024-05-18T20:16:29.722+0000] {spark_submit.py:571} INFO - 24/05/18 20:16:29 INFO SparkContext: Added file file:///home/***/.ivy2/jars/com.github.stephenc.jcip_jcip-annotations-1.0-1.jar at spark://f3c105d69d83:33047/files/com.github.stephenc.jcip_jcip-annotations-1.0-1.jar with timestamp 1716063383637
[2024-05-18T20:16:29.724+0000] {spark_submit.py:571} INFO - 24/05/18 20:16:29 INFO Utils: Copying /home/***/.ivy2/jars/com.github.stephenc.jcip_jcip-annotations-1.0-1.jar to /tmp/spark-6f16cc67-6753-46d6-bd65-da393f6bc0ba/userFiles-8f3b8596-445a-4dd4-b22b-09c7823dced1/com.github.stephenc.jcip_jcip-annotations-1.0-1.jar
[2024-05-18T20:16:29.741+0000] {spark_submit.py:571} INFO - 24/05/18 20:16:29 INFO SparkContext: Added file file:///home/***/.ivy2/jars/com.github.spotbugs_spotbugs-annotations-3.1.12.jar at spark://f3c105d69d83:33047/files/com.github.spotbugs_spotbugs-annotations-3.1.12.jar with timestamp 1716063383637
[2024-05-18T20:16:29.742+0000] {spark_submit.py:571} INFO - 24/05/18 20:16:29 INFO Utils: Copying /home/***/.ivy2/jars/com.github.spotbugs_spotbugs-annotations-3.1.12.jar to /tmp/spark-6f16cc67-6753-46d6-bd65-da393f6bc0ba/userFiles-8f3b8596-445a-4dd4-b22b-09c7823dced1/com.github.spotbugs_spotbugs-annotations-3.1.12.jar
[2024-05-18T20:16:29.756+0000] {spark_submit.py:571} INFO - 24/05/18 20:16:29 INFO SparkContext: Added file file:///home/***/.ivy2/jars/com.google.code.findbugs_jsr305-3.0.2.jar at spark://f3c105d69d83:33047/files/com.google.code.findbugs_jsr305-3.0.2.jar with timestamp 1716063383637
[2024-05-18T20:16:29.759+0000] {spark_submit.py:571} INFO - 24/05/18 20:16:29 INFO Utils: Copying /home/***/.ivy2/jars/com.google.code.findbugs_jsr305-3.0.2.jar to /tmp/spark-6f16cc67-6753-46d6-bd65-da393f6bc0ba/userFiles-8f3b8596-445a-4dd4-b22b-09c7823dced1/com.google.code.findbugs_jsr305-3.0.2.jar
[2024-05-18T20:16:29.786+0000] {spark_submit.py:571} INFO - 24/05/18 20:16:29 INFO SparkContext: Added file file:///home/***/.ivy2/jars/com.datastax.oss_java-driver-query-builder-4.13.0.jar at spark://f3c105d69d83:33047/files/com.datastax.oss_java-driver-query-builder-4.13.0.jar with timestamp 1716063383637
[2024-05-18T20:16:29.787+0000] {spark_submit.py:571} INFO - 24/05/18 20:16:29 INFO Utils: Copying /home/***/.ivy2/jars/com.datastax.oss_java-driver-query-builder-4.13.0.jar to /tmp/spark-6f16cc67-6753-46d6-bd65-da393f6bc0ba/userFiles-8f3b8596-445a-4dd4-b22b-09c7823dced1/com.datastax.oss_java-driver-query-builder-4.13.0.jar
[2024-05-18T20:16:29.810+0000] {spark_submit.py:571} INFO - 24/05/18 20:16:29 INFO SparkContext: Added file file:///home/***/.ivy2/jars/com.github.luben_zstd-jni-1.5.5-1.jar at spark://f3c105d69d83:33047/files/com.github.luben_zstd-jni-1.5.5-1.jar with timestamp 1716063383637
[2024-05-18T20:16:29.810+0000] {spark_submit.py:571} INFO - 24/05/18 20:16:29 INFO Utils: Copying /home/***/.ivy2/jars/com.github.luben_zstd-jni-1.5.5-1.jar to /tmp/spark-6f16cc67-6753-46d6-bd65-da393f6bc0ba/userFiles-8f3b8596-445a-4dd4-b22b-09c7823dced1/com.github.luben_zstd-jni-1.5.5-1.jar
[2024-05-18T20:16:29.943+0000] {spark_submit.py:571} INFO - 24/05/18 20:16:29 INFO SparkContext: Added file file:///home/***/.ivy2/jars/org.lz4_lz4-java-1.8.0.jar at spark://f3c105d69d83:33047/files/org.lz4_lz4-java-1.8.0.jar with timestamp 1716063383637
[2024-05-18T20:16:29.946+0000] {spark_submit.py:571} INFO - 24/05/18 20:16:29 INFO Utils: Copying /home/***/.ivy2/jars/org.lz4_lz4-java-1.8.0.jar to /tmp/spark-6f16cc67-6753-46d6-bd65-da393f6bc0ba/userFiles-8f3b8596-445a-4dd4-b22b-09c7823dced1/org.lz4_lz4-java-1.8.0.jar
[2024-05-18T20:16:30.554+0000] {spark_submit.py:571} INFO - 24/05/18 20:16:30 INFO StandaloneAppClient$ClientEndpoint: Connecting to master spark://spark-master:7077...
[2024-05-18T20:16:31.117+0000] {spark_submit.py:571} INFO - 24/05/18 20:16:31 INFO TransportClientFactory: Successfully created connection to spark-master/172.25.0.4:7077 after 308 ms (0 ms spent in bootstraps)
[2024-05-18T20:16:39.618+0000] {spark_submit.py:571} INFO - 24/05/18 20:16:39 INFO StandaloneSchedulerBackend: Connected to Spark cluster with app ID app-20240518201637-0000
[2024-05-18T20:16:39.927+0000] {spark_submit.py:571} INFO - 24/05/18 20:16:39 INFO StandaloneAppClient$ClientEndpoint: Executor added: app-20240518201637-0000/0 on worker-20240518201224-172.25.0.6-33123 (172.25.0.6:33123) with 1 core(s)
[2024-05-18T20:16:40.012+0000] {spark_submit.py:571} INFO - 24/05/18 20:16:40 INFO StandaloneSchedulerBackend: Granted executor ID app-20240518201637-0000/0 on hostPort 172.25.0.6:33123 with 1 core(s), 1024.0 MiB RAM
[2024-05-18T20:16:40.113+0000] {spark_submit.py:571} INFO - 24/05/18 20:16:40 INFO Utils: Successfully started service 'org.apache.spark.network.netty.NettyBlockTransferService' on port 35639.
[2024-05-18T20:16:40.116+0000] {spark_submit.py:571} INFO - 24/05/18 20:16:40 INFO NettyBlockTransferService: Server created on f3c105d69d83:35639
[2024-05-18T20:16:40.146+0000] {spark_submit.py:571} INFO - 24/05/18 20:16:40 INFO BlockManager: Using org.apache.spark.storage.RandomBlockReplicationPolicy for block replication policy
[2024-05-18T20:16:40.212+0000] {spark_submit.py:571} INFO - 24/05/18 20:16:40 INFO BlockManagerMaster: Registering BlockManager BlockManagerId(driver, f3c105d69d83, 35639, None)
[2024-05-18T20:16:40.222+0000] {spark_submit.py:571} INFO - 24/05/18 20:16:40 INFO BlockManagerMasterEndpoint: Registering block manager f3c105d69d83:35639 with 434.4 MiB RAM, BlockManagerId(driver, f3c105d69d83, 35639, None)
[2024-05-18T20:16:40.233+0000] {spark_submit.py:571} INFO - 24/05/18 20:16:40 INFO BlockManagerMaster: Registered BlockManager BlockManagerId(driver, f3c105d69d83, 35639, None)
[2024-05-18T20:16:40.235+0000] {spark_submit.py:571} INFO - 24/05/18 20:16:40 INFO BlockManager: Initialized BlockManager: BlockManagerId(driver, f3c105d69d83, 35639, None)
[2024-05-18T20:16:42.418+0000] {spark_submit.py:571} INFO - 24/05/18 20:16:42 INFO StandaloneSchedulerBackend: SchedulerBackend is ready for scheduling beginning after reached minRegisteredResourcesRatio: 0.0
[2024-05-18T20:16:44.899+0000] {spark_submit.py:571} INFO - 24/05/18 20:16:44 INFO SharedState: Setting hive.metastore.warehouse.dir ('null') to the value of spark.sql.warehouse.dir.
[2024-05-18T20:16:44.948+0000] {spark_submit.py:571} INFO - 24/05/18 20:16:44 INFO SharedState: Warehouse path is 'file:/opt/***/spark-warehouse'.
[2024-05-18T20:16:45.691+0000] {spark_submit.py:571} INFO - 24/05/18 20:16:45 INFO StandaloneAppClient$ClientEndpoint: Executor updated: app-20240518201637-0000/0 is now RUNNING
[2024-05-18T20:17:39.510+0000] {spark_submit.py:571} INFO - 24/05/18 20:17:39 INFO StandaloneSchedulerBackend$StandaloneDriverEndpoint: Registered executor NettyRpcEndpointRef(spark-client://Executor) (172.25.0.6:44868) with ID 0,  ResourceProfileId 0
[2024-05-18T20:17:40.178+0000] {spark_submit.py:571} INFO - 24/05/18 20:17:40 INFO BlockManagerMasterEndpoint: Registering block manager 172.25.0.6:35559 with 434.4 MiB RAM, BlockManagerId(0, 172.25.0.6, 35559, None)
[2024-05-18T20:17:41.656+0000] {spark_submit.py:571} INFO - INFO:py4j.java_gateway:Callback Server Starting
[2024-05-18T20:17:41.659+0000] {spark_submit.py:571} INFO - INFO:py4j.java_gateway:Socket listening on ('127.0.0.1', 38313)
[2024-05-18T20:17:41.829+0000] {spark_submit.py:571} INFO - 24/05/18 20:17:41 INFO StateStoreCoordinatorRef: Registered StateStoreCoordinator endpoint
[2024-05-18T20:17:42.222+0000] {spark_submit.py:571} INFO - 24/05/18 20:17:42 WARN ResolveWriteToStream: Temporary checkpoint location created which is deleted normally when the query didn't fail: /tmp/temporary-a52ace80-a279-4b5f-a08b-49aba93ea0c2. If it's required to delete it under any circumstances, please set spark.sql.streaming.forceDeleteTempCheckpointLocation to true. Important to know deleting temp checkpoint folder is best effort.
[2024-05-18T20:17:42.681+0000] {spark_submit.py:571} INFO - 24/05/18 20:17:42 INFO ResolveWriteToStream: Checkpoint root file:///tmp/temporary-a52ace80-a279-4b5f-a08b-49aba93ea0c2 resolved to file:/tmp/temporary-a52ace80-a279-4b5f-a08b-49aba93ea0c2.
[2024-05-18T20:17:42.690+0000] {spark_submit.py:571} INFO - 24/05/18 20:17:42 WARN ResolveWriteToStream: spark.sql.adaptive.enabled is not supported in streaming DataFrames/Datasets and will be disabled.
[2024-05-18T20:17:43.490+0000] {spark_submit.py:571} INFO - 24/05/18 20:17:43 INFO CheckpointFileManager: Writing atomically to file:/tmp/temporary-a52ace80-a279-4b5f-a08b-49aba93ea0c2/metadata using temp file file:/tmp/temporary-a52ace80-a279-4b5f-a08b-49aba93ea0c2/.metadata.b83076a5-1ab3-49ab-ad10-0a5991964dac.tmp
[2024-05-18T20:17:44.600+0000] {spark_submit.py:571} INFO - 24/05/18 20:17:44 INFO CheckpointFileManager: Renamed temp file file:/tmp/temporary-a52ace80-a279-4b5f-a08b-49aba93ea0c2/.metadata.b83076a5-1ab3-49ab-ad10-0a5991964dac.tmp to file:/tmp/temporary-a52ace80-a279-4b5f-a08b-49aba93ea0c2/metadata
[2024-05-18T20:17:44.832+0000] {spark_submit.py:571} INFO - 24/05/18 20:17:44 INFO MicroBatchExecution: Starting [id = 3c56bc23-64b0-4a19-ab22-33978d1be9c8, runId = dffd1a9b-0bb1-4f43-988e-04d3a7065940]. Use file:/tmp/temporary-a52ace80-a279-4b5f-a08b-49aba93ea0c2 to store the query checkpoint.
[2024-05-18T20:17:44.956+0000] {spark_submit.py:571} INFO - 24/05/18 20:17:44 INFO MicroBatchExecution: Reading table [org.apache.spark.sql.kafka010.KafkaSourceProvider$KafkaTable@30a70015] from DataSourceV2 named 'kafka' [org.apache.spark.sql.kafka010.KafkaSourceProvider@4a2a90d6]
[2024-05-18T20:17:45.149+0000] {spark_submit.py:571} INFO - 24/05/18 20:17:45 INFO OffsetSeqLog: BatchIds found from listing:
[2024-05-18T20:17:45.156+0000] {spark_submit.py:571} INFO - 24/05/18 20:17:45 INFO OffsetSeqLog: BatchIds found from listing:
[2024-05-18T20:17:45.158+0000] {spark_submit.py:571} INFO - 24/05/18 20:17:45 INFO MicroBatchExecution: Starting new streaming query.
[2024-05-18T20:17:45.170+0000] {spark_submit.py:571} INFO - 24/05/18 20:17:45 INFO MicroBatchExecution: Stream started from {}
[2024-05-18T20:17:47.623+0000] {spark_submit.py:571} INFO - 24/05/18 20:17:47 INFO AdminClientConfig: AdminClientConfig values:
[2024-05-18T20:17:47.637+0000] {spark_submit.py:571} INFO - auto.include.jmx.reporter = true
[2024-05-18T20:17:47.638+0000] {spark_submit.py:571} INFO - bootstrap.servers = [kafka:9092]
[2024-05-18T20:17:47.644+0000] {spark_submit.py:571} INFO - client.dns.lookup = use_all_dns_ips
[2024-05-18T20:17:47.647+0000] {spark_submit.py:571} INFO - client.id =
[2024-05-18T20:17:47.648+0000] {spark_submit.py:571} INFO - connections.max.idle.ms = 300000
[2024-05-18T20:17:47.648+0000] {spark_submit.py:571} INFO - default.api.timeout.ms = 60000
[2024-05-18T20:17:47.648+0000] {spark_submit.py:571} INFO - metadata.max.age.ms = 300000
[2024-05-18T20:17:47.649+0000] {spark_submit.py:571} INFO - metric.reporters = []
[2024-05-18T20:17:47.649+0000] {spark_submit.py:571} INFO - metrics.num.samples = 2
[2024-05-18T20:17:47.649+0000] {spark_submit.py:571} INFO - metrics.recording.level = INFO
[2024-05-18T20:17:47.649+0000] {spark_submit.py:571} INFO - metrics.sample.window.ms = 30000
[2024-05-18T20:17:47.650+0000] {spark_submit.py:571} INFO - receive.buffer.bytes = 65536
[2024-05-18T20:17:47.650+0000] {spark_submit.py:571} INFO - reconnect.backoff.max.ms = 1000
[2024-05-18T20:17:47.650+0000] {spark_submit.py:571} INFO - reconnect.backoff.ms = 50
[2024-05-18T20:17:47.650+0000] {spark_submit.py:571} INFO - request.timeout.ms = 30000
[2024-05-18T20:17:47.650+0000] {spark_submit.py:571} INFO - retries = 2147483647
[2024-05-18T20:17:47.650+0000] {spark_submit.py:571} INFO - retry.backoff.ms = 100
[2024-05-18T20:17:47.651+0000] {spark_submit.py:571} INFO - sasl.client.callback.handler.class = null
[2024-05-18T20:17:47.652+0000] {spark_submit.py:571} INFO - sasl.jaas.config = null
[2024-05-18T20:17:47.653+0000] {spark_submit.py:571} INFO - sasl.kerberos.kinit.cmd = /usr/bin/kinit
[2024-05-18T20:17:47.653+0000] {spark_submit.py:571} INFO - sasl.kerberos.min.time.before.relogin = 60000
[2024-05-18T20:17:47.653+0000] {spark_submit.py:571} INFO - sasl.kerberos.service.name = null
[2024-05-18T20:17:47.653+0000] {spark_submit.py:571} INFO - sasl.kerberos.ticket.renew.jitter = 0.05
[2024-05-18T20:17:47.654+0000] {spark_submit.py:571} INFO - sasl.kerberos.ticket.renew.window.factor = 0.8
[2024-05-18T20:17:47.654+0000] {spark_submit.py:571} INFO - sasl.login.callback.handler.class = null
[2024-05-18T20:17:47.654+0000] {spark_submit.py:571} INFO - sasl.login.class = null
[2024-05-18T20:17:47.654+0000] {spark_submit.py:571} INFO - sasl.login.connect.timeout.ms = null
[2024-05-18T20:17:47.654+0000] {spark_submit.py:571} INFO - sasl.login.read.timeout.ms = null
[2024-05-18T20:17:47.654+0000] {spark_submit.py:571} INFO - sasl.login.refresh.buffer.seconds = 300
[2024-05-18T20:17:47.654+0000] {spark_submit.py:571} INFO - sasl.login.refresh.min.period.seconds = 60
[2024-05-18T20:17:47.655+0000] {spark_submit.py:571} INFO - sasl.login.refresh.window.factor = 0.8
[2024-05-18T20:17:47.655+0000] {spark_submit.py:571} INFO - sasl.login.refresh.window.jitter = 0.05
[2024-05-18T20:17:47.655+0000] {spark_submit.py:571} INFO - sasl.login.retry.backoff.max.ms = 10000
[2024-05-18T20:17:47.655+0000] {spark_submit.py:571} INFO - sasl.login.retry.backoff.ms = 100
[2024-05-18T20:17:47.655+0000] {spark_submit.py:571} INFO - sasl.mechanism = GSSAPI
[2024-05-18T20:17:47.655+0000] {spark_submit.py:571} INFO - sasl.oauthbearer.clock.skew.seconds = 30
[2024-05-18T20:17:47.656+0000] {spark_submit.py:571} INFO - sasl.oauthbearer.expected.audience = null
[2024-05-18T20:17:47.656+0000] {spark_submit.py:571} INFO - sasl.oauthbearer.expected.issuer = null
[2024-05-18T20:17:47.656+0000] {spark_submit.py:571} INFO - sasl.oauthbearer.jwks.endpoint.refresh.ms = 3600000
[2024-05-18T20:17:47.656+0000] {spark_submit.py:571} INFO - sasl.oauthbearer.jwks.endpoint.retry.backoff.max.ms = 10000
[2024-05-18T20:17:47.656+0000] {spark_submit.py:571} INFO - sasl.oauthbearer.jwks.endpoint.retry.backoff.ms = 100
[2024-05-18T20:17:47.656+0000] {spark_submit.py:571} INFO - sasl.oauthbearer.jwks.endpoint.url = null
[2024-05-18T20:17:47.656+0000] {spark_submit.py:571} INFO - sasl.oauthbearer.scope.claim.name = scope
[2024-05-18T20:17:47.657+0000] {spark_submit.py:571} INFO - sasl.oauthbearer.sub.claim.name = sub
[2024-05-18T20:17:47.657+0000] {spark_submit.py:571} INFO - sasl.oauthbearer.token.endpoint.url = null
[2024-05-18T20:17:47.657+0000] {spark_submit.py:571} INFO - security.protocol = PLAINTEXT
[2024-05-18T20:17:47.659+0000] {spark_submit.py:571} INFO - security.providers = null
[2024-05-18T20:17:47.659+0000] {spark_submit.py:571} INFO - send.buffer.bytes = 131072
[2024-05-18T20:17:47.660+0000] {spark_submit.py:571} INFO - socket.connection.setup.timeout.max.ms = 30000
[2024-05-18T20:17:47.661+0000] {spark_submit.py:571} INFO - socket.connection.setup.timeout.ms = 10000
[2024-05-18T20:17:47.662+0000] {spark_submit.py:571} INFO - ssl.cipher.suites = null
[2024-05-18T20:17:47.664+0000] {spark_submit.py:571} INFO - ssl.enabled.protocols = [TLSv1.2, TLSv1.3]
[2024-05-18T20:17:47.669+0000] {spark_submit.py:571} INFO - ssl.endpoint.identification.algorithm = https
[2024-05-18T20:17:47.671+0000] {spark_submit.py:571} INFO - ssl.engine.factory.class = null
[2024-05-18T20:17:47.672+0000] {spark_submit.py:571} INFO - ssl.key.password = null
[2024-05-18T20:17:47.672+0000] {spark_submit.py:571} INFO - ssl.keymanager.algorithm = SunX509
[2024-05-18T20:17:47.673+0000] {spark_submit.py:571} INFO - ssl.keystore.certificate.chain = null
[2024-05-18T20:17:47.673+0000] {spark_submit.py:571} INFO - ssl.keystore.key = null
[2024-05-18T20:17:47.673+0000] {spark_submit.py:571} INFO - ssl.keystore.location = null
[2024-05-18T20:17:47.674+0000] {spark_submit.py:571} INFO - ssl.keystore.password = null
[2024-05-18T20:17:47.674+0000] {spark_submit.py:571} INFO - ssl.keystore.type = JKS
[2024-05-18T20:17:47.674+0000] {spark_submit.py:571} INFO - ssl.protocol = TLSv1.3
[2024-05-18T20:17:47.674+0000] {spark_submit.py:571} INFO - ssl.provider = null
[2024-05-18T20:17:47.675+0000] {spark_submit.py:571} INFO - ssl.secure.random.implementation = null
[2024-05-18T20:17:47.675+0000] {spark_submit.py:571} INFO - ssl.trustmanager.algorithm = PKIX
[2024-05-18T20:17:47.675+0000] {spark_submit.py:571} INFO - ssl.truststore.certificates = null
[2024-05-18T20:17:47.675+0000] {spark_submit.py:571} INFO - ssl.truststore.location = null
[2024-05-18T20:17:47.675+0000] {spark_submit.py:571} INFO - ssl.truststore.password = null
[2024-05-18T20:17:47.675+0000] {spark_submit.py:571} INFO - ssl.truststore.type = JKS
[2024-05-18T20:17:47.676+0000] {spark_submit.py:571} INFO - 
[2024-05-18T20:17:48.281+0000] {spark_submit.py:571} INFO - 24/05/18 20:17:48 INFO AdminClientConfig: These configurations '[key.deserializer, value.deserializer, enable.auto.commit, max.poll.records, auto.offset.reset]' were supplied but are not used yet.
[2024-05-18T20:17:48.292+0000] {spark_submit.py:571} INFO - 24/05/18 20:17:48 INFO AppInfoParser: Kafka version: 3.5.1
[2024-05-18T20:17:48.294+0000] {spark_submit.py:571} INFO - 24/05/18 20:17:48 INFO AppInfoParser: Kafka commitId: 2c6fb6c54472e90a
[2024-05-18T20:17:48.296+0000] {spark_submit.py:571} INFO - 24/05/18 20:17:48 INFO AppInfoParser: Kafka startTimeMs: 1716063468281
[2024-05-18T20:17:49.514+0000] {spark_submit.py:571} INFO - 24/05/18 20:17:49 INFO CheckpointFileManager: Writing atomically to file:/tmp/temporary-a52ace80-a279-4b5f-a08b-49aba93ea0c2/sources/0/0 using temp file file:/tmp/temporary-a52ace80-a279-4b5f-a08b-49aba93ea0c2/sources/0/.0.9fb0644e-babb-487b-814e-4fb7b6b85d83.tmp
[2024-05-18T20:17:49.850+0000] {spark_submit.py:571} INFO - 24/05/18 20:17:49 INFO CheckpointFileManager: Renamed temp file file:/tmp/temporary-a52ace80-a279-4b5f-a08b-49aba93ea0c2/sources/0/.0.9fb0644e-babb-487b-814e-4fb7b6b85d83.tmp to file:/tmp/temporary-a52ace80-a279-4b5f-a08b-49aba93ea0c2/sources/0/0
[2024-05-18T20:17:49.851+0000] {spark_submit.py:571} INFO - 24/05/18 20:17:49 INFO KafkaMicroBatchStream: Initial offsets: {"properties":{"0":0}}
[2024-05-18T20:17:49.852+0000] {spark_submit.py:571} INFO - 24/05/18 20:17:49 INFO CheckpointFileManager: Writing atomically to file:/tmp/temporary-a52ace80-a279-4b5f-a08b-49aba93ea0c2/offsets/0 using temp file file:/tmp/temporary-a52ace80-a279-4b5f-a08b-49aba93ea0c2/offsets/.0.be83aba5-ddbc-4c8b-8804-2a4bdf27dacb.tmp
[2024-05-18T20:17:51.303+0000] {spark_submit.py:571} INFO - 24/05/18 20:17:51 INFO CheckpointFileManager: Renamed temp file file:/tmp/temporary-a52ace80-a279-4b5f-a08b-49aba93ea0c2/offsets/.0.be83aba5-ddbc-4c8b-8804-2a4bdf27dacb.tmp to file:/tmp/temporary-a52ace80-a279-4b5f-a08b-49aba93ea0c2/offsets/0
[2024-05-18T20:17:51.557+0000] {spark_submit.py:571} INFO - 24/05/18 20:17:51 INFO MicroBatchExecution: Committed offsets for batch 0. Metadata OffsetSeqMetadata(0,1716063469742,Map(spark.sql.streaming.stateStore.providerClass -> org.apache.spark.sql.execution.streaming.state.HDFSBackedStateStoreProvider, spark.sql.streaming.join.stateFormatVersion -> 2, spark.sql.streaming.stateStore.compression.codec -> lz4, spark.sql.streaming.stateStore.rocksdb.formatVersion -> 5, spark.sql.streaming.statefulOperator.useStrictDistribution -> true, spark.sql.streaming.flatMapGroupsWithState.stateFormatVersion -> 2, spark.sql.streaming.multipleWatermarkPolicy -> min, spark.sql.streaming.aggregation.stateFormatVersion -> 2, spark.sql.shuffle.partitions -> 200))
[2024-05-18T20:18:00.998+0000] {spark_submit.py:571} INFO - 24/05/18 20:18:00 INFO KafkaOffsetReaderAdmin: Partitions added: Map()
[2024-05-18T20:18:02.219+0000] {spark_submit.py:571} INFO - 24/05/18 20:18:02 INFO KafkaOffsetReaderAdmin: Partitions added: Map()
[2024-05-18T20:18:03.230+0000] {spark_submit.py:571} INFO - 24/05/18 20:18:03 INFO KafkaOffsetReaderAdmin: Partitions added: Map()
[2024-05-18T20:18:03.239+0000] {spark_submit.py:571} INFO - 24/05/18 20:18:03 INFO KafkaOffsetReaderAdmin: Partitions added: Map()
[2024-05-18T20:18:15.567+0000] {spark_submit.py:571} INFO - 24/05/18 20:18:15 INFO CodeGenerator: Code generated in 9706.708588 ms
[2024-05-18T20:18:18.287+0000] {spark_submit.py:571} INFO - INFO:py4j.clientserver:Python Server ready to receive messages
[2024-05-18T20:18:18.327+0000] {spark_submit.py:571} INFO - INFO:py4j.clientserver:Received command c on object id p0
[2024-05-18T20:18:18.656+0000] {spark_submit.py:571} INFO - 24/05/18 20:18:18 INFO CodeGenerator: Code generated in 125.533417 ms
[2024-05-18T20:18:19.489+0000] {spark_submit.py:571} INFO - 24/05/18 20:18:19 INFO SparkContext: Starting job: call at /home/***/.local/lib/python3.11/site-packages/pyspark/python/lib/py4j-0.10.9.7-src.zip/py4j/clientserver.py:617
[2024-05-18T20:18:19.523+0000] {spark_submit.py:571} INFO - 24/05/18 20:18:19 INFO DAGScheduler: Got job 0 (call at /home/***/.local/lib/python3.11/site-packages/pyspark/python/lib/py4j-0.10.9.7-src.zip/py4j/clientserver.py:617) with 1 output partitions
[2024-05-18T20:18:19.527+0000] {spark_submit.py:571} INFO - 24/05/18 20:18:19 INFO DAGScheduler: Final stage: ResultStage 0 (call at /home/***/.local/lib/python3.11/site-packages/pyspark/python/lib/py4j-0.10.9.7-src.zip/py4j/clientserver.py:617)
[2024-05-18T20:18:19.532+0000] {spark_submit.py:571} INFO - 24/05/18 20:18:19 INFO DAGScheduler: Parents of final stage: List()
[2024-05-18T20:18:19.533+0000] {spark_submit.py:571} INFO - 24/05/18 20:18:19 INFO DAGScheduler: Missing parents: List()
[2024-05-18T20:18:19.543+0000] {spark_submit.py:571} INFO - 24/05/18 20:18:19 INFO DAGScheduler: Submitting ResultStage 0 (PythonRDD[9] at call at /home/***/.local/lib/python3.11/site-packages/pyspark/python/lib/py4j-0.10.9.7-src.zip/py4j/clientserver.py:617), which has no missing parents
[2024-05-18T20:18:19.877+0000] {spark_submit.py:571} INFO - 24/05/18 20:18:19 INFO MemoryStore: Block broadcast_0 stored as values in memory (estimated size 76.5 KiB, free 434.3 MiB)
[2024-05-18T20:18:20.192+0000] {spark_submit.py:571} INFO - 24/05/18 20:18:20 INFO MemoryStore: Block broadcast_0_piece0 stored as bytes in memory (estimated size 26.9 KiB, free 434.3 MiB)
[2024-05-18T20:18:20.218+0000] {spark_submit.py:571} INFO - 24/05/18 20:18:20 INFO BlockManagerInfo: Added broadcast_0_piece0 in memory on f3c105d69d83:35639 (size: 26.9 KiB, free: 434.4 MiB)
[2024-05-18T20:18:20.238+0000] {spark_submit.py:571} INFO - 24/05/18 20:18:20 INFO SparkContext: Created broadcast 0 from broadcast at DAGScheduler.scala:1585
[2024-05-18T20:18:20.358+0000] {spark_submit.py:571} INFO - 24/05/18 20:18:20 INFO DAGScheduler: Submitting 1 missing tasks from ResultStage 0 (PythonRDD[9] at call at /home/***/.local/lib/python3.11/site-packages/pyspark/python/lib/py4j-0.10.9.7-src.zip/py4j/clientserver.py:617) (first 15 tasks are for partitions Vector(0))
[2024-05-18T20:18:20.362+0000] {spark_submit.py:571} INFO - 24/05/18 20:18:20 INFO TaskSchedulerImpl: Adding task set 0.0 with 1 tasks resource profile 0
[2024-05-18T20:18:20.487+0000] {spark_submit.py:571} INFO - 24/05/18 20:18:20 INFO TaskSetManager: Starting task 0.0 in stage 0.0 (TID 0) (172.25.0.6, executor 0, partition 0, PROCESS_LOCAL, 14263 bytes)
[2024-05-18T20:18:22.864+0000] {spark_submit.py:571} INFO - 24/05/18 20:18:22 INFO BlockManagerInfo: Added broadcast_0_piece0 in memory on 172.25.0.6:35559 (size: 26.9 KiB, free: 434.4 MiB)
[2024-05-18T20:18:45.097+0000] {spark_submit.py:571} INFO - 24/05/18 20:18:45 INFO TaskSetManager: Finished task 0.0 in stage 0.0 (TID 0) in 24635 ms on 172.25.0.6 (executor 0) (1/1)
[2024-05-18T20:18:45.167+0000] {spark_submit.py:571} INFO - 24/05/18 20:18:45 INFO TaskSchedulerImpl: Removed TaskSet 0.0, whose tasks have all completed, from pool
[2024-05-18T20:18:45.182+0000] {spark_submit.py:571} INFO - 24/05/18 20:18:45 INFO PythonAccumulatorV2: Connected to AccumulatorServer at host: 127.0.0.1 port: 35493
[2024-05-18T20:18:45.367+0000] {spark_submit.py:571} INFO - 24/05/18 20:18:45 INFO DAGScheduler: ResultStage 0 (call at /home/***/.local/lib/python3.11/site-packages/pyspark/python/lib/py4j-0.10.9.7-src.zip/py4j/clientserver.py:617) finished in 25.685 s
[2024-05-18T20:18:45.420+0000] {spark_submit.py:571} INFO - 24/05/18 20:18:45 INFO DAGScheduler: Job 0 is finished. Cancelling potential speculative or zombie tasks for this job
[2024-05-18T20:18:45.433+0000] {spark_submit.py:571} INFO - 24/05/18 20:18:45 INFO TaskSchedulerImpl: Killing all running tasks in stage 0: Stage finished
[2024-05-18T20:18:45.488+0000] {spark_submit.py:571} INFO - 24/05/18 20:18:45 INFO DAGScheduler: Job 0 finished: call at /home/***/.local/lib/python3.11/site-packages/pyspark/python/lib/py4j-0.10.9.7-src.zip/py4j/clientserver.py:617, took 25.988104 s
[2024-05-18T20:18:47.680+0000] {spark_submit.py:571} INFO - 24/05/18 20:18:47 INFO CheckpointFileManager: Writing atomically to file:/tmp/temporary-a52ace80-a279-4b5f-a08b-49aba93ea0c2/commits/0 using temp file file:/tmp/temporary-a52ace80-a279-4b5f-a08b-49aba93ea0c2/commits/.0.b1867624-327d-46f6-963d-6e9c87ebd630.tmp
[2024-05-18T20:18:48.662+0000] {spark_submit.py:571} INFO - 24/05/18 20:18:48 INFO CheckpointFileManager: Renamed temp file file:/tmp/temporary-a52ace80-a279-4b5f-a08b-49aba93ea0c2/commits/.0.b1867624-327d-46f6-963d-6e9c87ebd630.tmp to file:/tmp/temporary-a52ace80-a279-4b5f-a08b-49aba93ea0c2/commits/0
[2024-05-18T20:18:49.042+0000] {spark_submit.py:571} INFO - 24/05/18 20:18:49 INFO MicroBatchExecution: Streaming query made progress: {
[2024-05-18T20:18:49.044+0000] {spark_submit.py:571} INFO - "id" : "3c56bc23-64b0-4a19-ab22-33978d1be9c8",
[2024-05-18T20:18:49.044+0000] {spark_submit.py:571} INFO - "runId" : "dffd1a9b-0bb1-4f43-988e-04d3a7065940",
[2024-05-18T20:18:49.044+0000] {spark_submit.py:571} INFO - "name" : null,
[2024-05-18T20:18:49.044+0000] {spark_submit.py:571} INFO - "timestamp" : "2024-05-18T20:17:45.117Z",
[2024-05-18T20:18:49.044+0000] {spark_submit.py:571} INFO - "batchId" : 0,
[2024-05-18T20:18:49.045+0000] {spark_submit.py:571} INFO - "numInputRows" : 2,
[2024-05-18T20:18:49.045+0000] {spark_submit.py:571} INFO - "inputRowsPerSecond" : 0.0,
[2024-05-18T20:18:49.045+0000] {spark_submit.py:571} INFO - "processedRowsPerSecond" : 0.031458906802988594,
[2024-05-18T20:18:49.045+0000] {spark_submit.py:571} INFO - "durationMs" : {
[2024-05-18T20:18:49.045+0000] {spark_submit.py:571} INFO - "addBatch" : 43828,
[2024-05-18T20:18:49.045+0000] {spark_submit.py:571} INFO - "commitOffsets" : 1844,
[2024-05-18T20:18:49.046+0000] {spark_submit.py:571} INFO - "getBatch" : 1381,
[2024-05-18T20:18:49.046+0000] {spark_submit.py:571} INFO - "latestOffset" : 4549,
[2024-05-18T20:18:49.046+0000] {spark_submit.py:571} INFO - "queryPlanning" : 9773,
[2024-05-18T20:18:49.046+0000] {spark_submit.py:571} INFO - "triggerExecution" : 63571,
[2024-05-18T20:18:49.047+0000] {spark_submit.py:571} INFO - "walCommit" : 1574
[2024-05-18T20:18:49.047+0000] {spark_submit.py:571} INFO - },
[2024-05-18T20:18:49.047+0000] {spark_submit.py:571} INFO - "stateOperators" : [ ],
[2024-05-18T20:18:49.047+0000] {spark_submit.py:571} INFO - "sources" : [ {
[2024-05-18T20:18:49.047+0000] {spark_submit.py:571} INFO - "description" : "KafkaV2[Subscribe[properties]]",
[2024-05-18T20:18:49.048+0000] {spark_submit.py:571} INFO - "startOffset" : null,
[2024-05-18T20:18:49.048+0000] {spark_submit.py:571} INFO - "endOffset" : {
[2024-05-18T20:18:49.048+0000] {spark_submit.py:571} INFO - "properties" : {
[2024-05-18T20:18:49.048+0000] {spark_submit.py:571} INFO - "0" : 2
[2024-05-18T20:18:49.048+0000] {spark_submit.py:571} INFO - }
[2024-05-18T20:18:49.049+0000] {spark_submit.py:571} INFO - },
[2024-05-18T20:18:49.049+0000] {spark_submit.py:571} INFO - "latestOffset" : {
[2024-05-18T20:18:49.049+0000] {spark_submit.py:571} INFO - "properties" : {
[2024-05-18T20:18:49.049+0000] {spark_submit.py:571} INFO - "0" : 2
[2024-05-18T20:18:49.049+0000] {spark_submit.py:571} INFO - }
[2024-05-18T20:18:49.049+0000] {spark_submit.py:571} INFO - },
[2024-05-18T20:18:49.049+0000] {spark_submit.py:571} INFO - "numInputRows" : 2,
[2024-05-18T20:18:49.050+0000] {spark_submit.py:571} INFO - "inputRowsPerSecond" : 0.0,
[2024-05-18T20:18:49.050+0000] {spark_submit.py:571} INFO - "processedRowsPerSecond" : 0.031458906802988594,
[2024-05-18T20:18:49.050+0000] {spark_submit.py:571} INFO - "metrics" : {
[2024-05-18T20:18:49.050+0000] {spark_submit.py:571} INFO - "avgOffsetsBehindLatest" : "0.0",
[2024-05-18T20:18:49.050+0000] {spark_submit.py:571} INFO - "maxOffsetsBehindLatest" : "0",
[2024-05-18T20:18:49.050+0000] {spark_submit.py:571} INFO - "minOffsetsBehindLatest" : "0"
[2024-05-18T20:18:49.051+0000] {spark_submit.py:571} INFO - }
[2024-05-18T20:18:49.052+0000] {spark_submit.py:571} INFO - } ],
[2024-05-18T20:18:49.052+0000] {spark_submit.py:571} INFO - "sink" : {
[2024-05-18T20:18:49.052+0000] {spark_submit.py:571} INFO - "description" : "ForeachBatchSink",
[2024-05-18T20:18:49.052+0000] {spark_submit.py:571} INFO - "numOutputRows" : -1
[2024-05-18T20:18:49.052+0000] {spark_submit.py:571} INFO - }
[2024-05-18T20:18:49.052+0000] {spark_submit.py:571} INFO - }
[2024-05-18T20:18:54.188+0000] {spark_submit.py:571} INFO - 24/05/18 20:18:54 INFO BlockManagerInfo: Removed broadcast_0_piece0 on f3c105d69d83:35639 in memory (size: 26.9 KiB, free: 434.4 MiB)
[2024-05-18T20:18:54.614+0000] {spark_submit.py:571} INFO - 24/05/18 20:18:54 INFO BlockManagerInfo: Removed broadcast_0_piece0 on 172.25.0.6:35559 in memory (size: 26.9 KiB, free: 434.4 MiB)
[2024-05-18T20:18:59.022+0000] {spark_submit.py:571} INFO - 24/05/18 20:18:59 INFO MicroBatchExecution: Streaming query has been idle and waiting for new data more than 10000 ms.
[2024-05-18T20:19:08.990+0000] {spark_submit.py:571} INFO - 24/05/18 20:19:08 INFO MicroBatchExecution: Streaming query has been idle and waiting for new data more than 10000 ms.
[2024-05-18T20:19:18.996+0000] {spark_submit.py:571} INFO - 24/05/18 20:19:18 INFO MicroBatchExecution: Streaming query has been idle and waiting for new data more than 10000 ms.
[2024-05-18T20:19:29.005+0000] {spark_submit.py:571} INFO - 24/05/18 20:19:29 INFO MicroBatchExecution: Streaming query has been idle and waiting for new data more than 10000 ms.
[2024-05-18T20:19:39.043+0000] {spark_submit.py:571} INFO - 24/05/18 20:19:39 INFO MicroBatchExecution: Streaming query has been idle and waiting for new data more than 10000 ms.
[2024-05-18T20:19:49.040+0000] {spark_submit.py:571} INFO - 24/05/18 20:19:49 INFO MicroBatchExecution: Streaming query has been idle and waiting for new data more than 10000 ms.
[2024-05-18T20:19:59.031+0000] {spark_submit.py:571} INFO - 24/05/18 20:19:59 INFO MicroBatchExecution: Streaming query has been idle and waiting for new data more than 10000 ms.
[2024-05-18T20:20:08.285+0000] {local_task_job_runner.py:310} WARNING - State of this instance has been externally set to failed. Terminating instance.
[2024-05-18T20:20:08.364+0000] {local_task_job_runner.py:222} INFO - ::endgroup::
[2024-05-18T20:20:08.386+0000] {process_utils.py:132} INFO - Sending 15 to group 175. PIDs of all processes in the group: [177, 290, 175]
[2024-05-18T20:20:08.389+0000] {process_utils.py:87} INFO - Sending the signal 15 to group 175
[2024-05-18T20:20:08.415+0000] {taskinstance.py:2611} ERROR - Received SIGTERM. Terminating subprocesses.
[2024-05-18T20:20:08.427+0000] {spark_submit.py:697} INFO - Sending kill signal to spark-submit
[2024-05-18T20:20:08.439+0000] {taskinstance.py:441} INFO - ::group::Post task execution logs
[2024-05-18T20:20:08.752+0000] {process_utils.py:80} INFO - Process psutil.Process(pid=290, status='terminated', started='20:16:15') (290) terminated with exit code None
[2024-05-18T20:20:08.894+0000] {process_utils.py:80} INFO - Process psutil.Process(pid=177, status='terminated', started='20:15:07') (177) terminated with exit code None
[2024-05-18T20:20:08.900+0000] {process_utils.py:80} INFO - Process psutil.Process(pid=175, status='terminated', exitcode=0, started='20:15:06') (175) terminated with exit code 0
