[2024-05-18T23:42:07.695+0000] {local_task_job_runner.py:120} INFO - ::group::Pre task execution logs
[2024-05-18T23:42:08.540+0000] {taskinstance.py:2076} INFO - Dependencies all met for dep_context=non-requeueable deps ti=<TaskInstance: Real_Estate_Webscraping_ETL.Process_and_Send_Data_to_DB scheduled__2024-05-18T12:05:00+00:00 [queued]>
[2024-05-18T23:42:08.691+0000] {taskinstance.py:2076} INFO - Dependencies all met for dep_context=requeueable deps ti=<TaskInstance: Real_Estate_Webscraping_ETL.Process_and_Send_Data_to_DB scheduled__2024-05-18T12:05:00+00:00 [queued]>
[2024-05-18T23:42:08.703+0000] {taskinstance.py:2306} INFO - Starting attempt 1 of 6
[2024-05-18T23:42:09.025+0000] {taskinstance.py:2330} INFO - Executing <Task(SparkSubmitOperator): Process_and_Send_Data_to_DB> on 2024-05-18 12:05:00+00:00
[2024-05-18T23:42:09.362+0000] {standard_task_runner.py:63} INFO - Started process 2578 to run task
[2024-05-18T23:42:09.966+0000] {standard_task_runner.py:90} INFO - Running: ['***', 'tasks', 'run', 'Real_Estate_Webscraping_ETL', 'Process_and_Send_Data_to_DB', 'scheduled__2024-05-18T12:05:00+00:00', '--job-id', '359', '--raw', '--subdir', 'DAGS_FOLDER/webscrapping.py', '--cfg-path', '/tmp/tmp_frue606']
[2024-05-18T23:42:10.120+0000] {standard_task_runner.py:91} INFO - Job 359: Subtask Process_and_Send_Data_to_DB
[2024-05-18T23:42:14.291+0000] {task_command.py:426} INFO - Running <TaskInstance: Real_Estate_Webscraping_ETL.Process_and_Send_Data_to_DB scheduled__2024-05-18T12:05:00+00:00 [running]> on host c0373bd0174c
[2024-05-18T23:42:18.695+0000] {taskinstance.py:2648} INFO - Exporting env vars: AIRFLOW_CTX_DAG_OWNER='svc' AIRFLOW_CTX_DAG_ID='Real_Estate_Webscraping_ETL' AIRFLOW_CTX_TASK_ID='Process_and_Send_Data_to_DB' AIRFLOW_CTX_EXECUTION_DATE='2024-05-18T12:05:00+00:00' AIRFLOW_CTX_TRY_NUMBER='1' AIRFLOW_CTX_DAG_RUN_ID='scheduled__2024-05-18T12:05:00+00:00'
[2024-05-18T23:42:18.946+0000] {taskinstance.py:430} INFO - ::endgroup::
[2024-05-18T23:42:20.919+0000] {base.py:84} INFO - Using connection ID 'spark_default' for task execution.
[2024-05-18T23:42:20.994+0000] {spark_submit.py:401} INFO - Spark-Submit cmd: spark-submit --master spark://spark-master:7077 --packages org.apache.spark:spark-sql-kafka-0-10_2.12:3.5.1,com.datastax.spark:spark-cassandra-connector_2.12:3.5.0,org.apache.kafka:kafka-clients:3.5.1,commons-logging:commons-logging:1.2 --name arrow-spark --deploy-mode client dags/includes/jobs/spark_consumer.py
[2024-05-18T23:42:26.566+0000] {spark_submit.py:571} INFO - /home/***/.local/lib/python3.11/site-packages/pyspark/bin/load-spark-env.sh: line 68: ps: command not found
[2024-05-18T23:45:03.175+0000] {spark_submit.py:571} INFO - :: loading settings :: url = jar:file:/home/***/.local/lib/python3.11/site-packages/pyspark/jars/ivy-2.5.1.jar!/org/apache/ivy/core/settings/ivysettings.xml
[2024-05-18T23:45:13.470+0000] {spark_submit.py:571} INFO - Ivy Default Cache set to: /home/***/.ivy2/cache
[2024-05-18T23:45:14.317+0000] {spark_submit.py:571} INFO - The jars for the packages stored in: /home/***/.ivy2/jars
[2024-05-18T23:45:14.344+0000] {spark_submit.py:571} INFO - org.apache.spark#spark-sql-kafka-0-10_2.12 added as a dependency
[2024-05-18T23:45:14.346+0000] {spark_submit.py:571} INFO - com.datastax.spark#spark-cassandra-connector_2.12 added as a dependency
[2024-05-18T23:45:14.380+0000] {spark_submit.py:571} INFO - org.apache.kafka#kafka-clients added as a dependency
[2024-05-18T23:45:14.383+0000] {spark_submit.py:571} INFO - commons-logging#commons-logging added as a dependency
[2024-05-18T23:45:14.387+0000] {spark_submit.py:571} INFO - :: resolving dependencies :: org.apache.spark#spark-submit-parent-acfb72c2-388a-4b47-a5ff-ee8936c753db;1.0
[2024-05-18T23:45:14.393+0000] {spark_submit.py:571} INFO - confs: [default]
[2024-05-18T23:45:21.186+0000] {spark_submit.py:571} INFO - found org.apache.spark#spark-sql-kafka-0-10_2.12;3.5.1 in spark-list
[2024-05-18T23:45:23.724+0000] {spark_submit.py:571} INFO - found org.apache.spark#spark-token-provider-kafka-0-10_2.12;3.5.1 in central
[2024-05-18T23:45:25.498+0000] {spark_submit.py:571} INFO - found org.apache.hadoop#hadoop-client-runtime;3.3.4 in central
[2024-05-18T23:45:26.720+0000] {spark_submit.py:571} INFO - found org.apache.hadoop#hadoop-client-api;3.3.4 in central
[2024-05-18T23:45:27.204+0000] {spark_submit.py:571} INFO - found org.xerial.snappy#snappy-java;1.1.10.3 in central
[2024-05-18T23:45:28.119+0000] {spark_submit.py:571} INFO - found org.slf4j#slf4j-api;2.0.7 in central
[2024-05-18T23:45:29.071+0000] {spark_submit.py:571} INFO - found com.google.code.findbugs#jsr305;3.0.0 in central
[2024-05-18T23:45:29.450+0000] {spark_submit.py:571} INFO - found org.apache.commons#commons-pool2;2.11.1 in central
[2024-05-18T23:45:29.783+0000] {spark_submit.py:571} INFO - found com.datastax.spark#spark-cassandra-connector_2.12;3.5.0 in central
[2024-05-18T23:45:30.308+0000] {spark_submit.py:571} INFO - found com.datastax.spark#spark-cassandra-connector-driver_2.12;3.5.0 in central
[2024-05-18T23:45:31.653+0000] {spark_submit.py:571} INFO - found org.scala-lang.modules#scala-collection-compat_2.12;2.11.0 in central
[2024-05-18T23:45:33.278+0000] {spark_submit.py:571} INFO - found com.datastax.oss#java-driver-core-shaded;4.13.0 in central
[2024-05-18T23:45:38.838+0000] {spark_submit.py:571} INFO - found com.datastax.oss#native-protocol;1.5.0 in central
[2024-05-18T23:45:42.046+0000] {spark_submit.py:571} INFO - found com.datastax.oss#java-driver-shaded-guava;25.1-jre-graal-sub-1 in central
[2024-05-18T23:45:47.009+0000] {spark_submit.py:571} INFO - found com.typesafe#config;1.4.1 in central
[2024-05-18T23:45:51.007+0000] {spark_submit.py:571} INFO - found io.dropwizard.metrics#metrics-core;4.1.18 in central
[2024-05-18T23:45:51.269+0000] {spark_submit.py:571} INFO - found org.hdrhistogram#HdrHistogram;2.1.12 in central
[2024-05-18T23:45:51.657+0000] {spark_submit.py:571} INFO - found org.reactivestreams#reactive-streams;1.0.3 in central
[2024-05-18T23:45:52.074+0000] {spark_submit.py:571} INFO - found com.github.stephenc.jcip#jcip-annotations;1.0-1 in central
[2024-05-18T23:45:52.772+0000] {spark_submit.py:571} INFO - found com.github.spotbugs#spotbugs-annotations;3.1.12 in central
[2024-05-18T23:45:53.411+0000] {spark_submit.py:571} INFO - found com.google.code.findbugs#jsr305;3.0.2 in central
[2024-05-18T23:45:54.344+0000] {spark_submit.py:571} INFO - found com.datastax.oss#java-driver-mapper-runtime;4.13.0 in central
[2024-05-18T23:45:54.726+0000] {spark_submit.py:571} INFO - found com.datastax.oss#java-driver-query-builder;4.13.0 in central
[2024-05-18T23:45:55.329+0000] {spark_submit.py:571} INFO - found org.apache.commons#commons-lang3;3.10 in central
[2024-05-18T23:45:56.866+0000] {spark_submit.py:571} INFO - found com.thoughtworks.paranamer#paranamer;2.8 in central
[2024-05-18T23:45:57.065+0000] {spark_submit.py:571} INFO - found org.scala-lang#scala-reflect;2.12.11 in central
[2024-05-18T23:45:57.137+0000] {spark_submit.py:571} INFO - found org.apache.kafka#kafka-clients;3.5.1 in central
[2024-05-18T23:45:57.157+0000] {spark_submit.py:571} INFO - found com.github.luben#zstd-jni;1.5.5-1 in central
[2024-05-18T23:45:57.179+0000] {spark_submit.py:571} INFO - found org.lz4#lz4-java;1.8.0 in central
[2024-05-18T23:45:57.198+0000] {spark_submit.py:571} INFO - found commons-logging#commons-logging;1.2 in central
[2024-05-18T23:46:01.201+0000] {spark_submit.py:571} INFO - :: resolution report :: resolve 44406ms :: artifacts dl 3141ms
[2024-05-18T23:46:01.858+0000] {spark_submit.py:571} INFO - :: modules in use:
[2024-05-18T23:46:02.318+0000] {spark_submit.py:571} INFO - com.datastax.oss#java-driver-core-shaded;4.13.0 from central in [default]
[2024-05-18T23:46:02.327+0000] {spark_submit.py:571} INFO - com.datastax.oss#java-driver-mapper-runtime;4.13.0 from central in [default]
[2024-05-18T23:46:02.330+0000] {spark_submit.py:571} INFO - com.datastax.oss#java-driver-query-builder;4.13.0 from central in [default]
[2024-05-18T23:46:02.335+0000] {spark_submit.py:571} INFO - com.datastax.oss#java-driver-shaded-guava;25.1-jre-graal-sub-1 from central in [default]
[2024-05-18T23:46:02.336+0000] {spark_submit.py:571} INFO - com.datastax.oss#native-protocol;1.5.0 from central in [default]
[2024-05-18T23:46:02.348+0000] {spark_submit.py:571} INFO - com.datastax.spark#spark-cassandra-connector-driver_2.12;3.5.0 from central in [default]
[2024-05-18T23:46:02.358+0000] {spark_submit.py:571} INFO - com.datastax.spark#spark-cassandra-connector_2.12;3.5.0 from central in [default]
[2024-05-18T23:46:02.371+0000] {spark_submit.py:571} INFO - com.github.luben#zstd-jni;1.5.5-1 from central in [default]
[2024-05-18T23:46:02.377+0000] {spark_submit.py:571} INFO - com.github.spotbugs#spotbugs-annotations;3.1.12 from central in [default]
[2024-05-18T23:46:02.378+0000] {spark_submit.py:571} INFO - com.github.stephenc.jcip#jcip-annotations;1.0-1 from central in [default]
[2024-05-18T23:46:02.379+0000] {spark_submit.py:571} INFO - com.google.code.findbugs#jsr305;3.0.2 from central in [default]
[2024-05-18T23:46:02.382+0000] {spark_submit.py:571} INFO - com.thoughtworks.paranamer#paranamer;2.8 from central in [default]
[2024-05-18T23:46:02.383+0000] {spark_submit.py:571} INFO - com.typesafe#config;1.4.1 from central in [default]
[2024-05-18T23:46:02.398+0000] {spark_submit.py:571} INFO - commons-logging#commons-logging;1.2 from central in [default]
[2024-05-18T23:46:02.399+0000] {spark_submit.py:571} INFO - io.dropwizard.metrics#metrics-core;4.1.18 from central in [default]
[2024-05-18T23:46:02.399+0000] {spark_submit.py:571} INFO - org.apache.commons#commons-lang3;3.10 from central in [default]
[2024-05-18T23:46:02.400+0000] {spark_submit.py:571} INFO - org.apache.commons#commons-pool2;2.11.1 from central in [default]
[2024-05-18T23:46:02.400+0000] {spark_submit.py:571} INFO - org.apache.hadoop#hadoop-client-api;3.3.4 from central in [default]
[2024-05-18T23:46:02.400+0000] {spark_submit.py:571} INFO - org.apache.hadoop#hadoop-client-runtime;3.3.4 from central in [default]
[2024-05-18T23:46:02.403+0000] {spark_submit.py:571} INFO - org.apache.kafka#kafka-clients;3.5.1 from central in [default]
[2024-05-18T23:46:02.403+0000] {spark_submit.py:571} INFO - org.apache.spark#spark-sql-kafka-0-10_2.12;3.5.1 from spark-list in [default]
[2024-05-18T23:46:02.415+0000] {spark_submit.py:571} INFO - org.apache.spark#spark-token-provider-kafka-0-10_2.12;3.5.1 from central in [default]
[2024-05-18T23:46:02.416+0000] {spark_submit.py:571} INFO - org.hdrhistogram#HdrHistogram;2.1.12 from central in [default]
[2024-05-18T23:46:02.416+0000] {spark_submit.py:571} INFO - org.lz4#lz4-java;1.8.0 from central in [default]
[2024-05-18T23:46:02.417+0000] {spark_submit.py:571} INFO - org.reactivestreams#reactive-streams;1.0.3 from central in [default]
[2024-05-18T23:46:02.419+0000] {spark_submit.py:571} INFO - org.scala-lang#scala-reflect;2.12.11 from central in [default]
[2024-05-18T23:46:02.430+0000] {spark_submit.py:571} INFO - org.scala-lang.modules#scala-collection-compat_2.12;2.11.0 from central in [default]
[2024-05-18T23:46:02.432+0000] {spark_submit.py:571} INFO - org.slf4j#slf4j-api;2.0.7 from central in [default]
[2024-05-18T23:46:02.434+0000] {spark_submit.py:571} INFO - org.xerial.snappy#snappy-java;1.1.10.3 from central in [default]
[2024-05-18T23:46:02.436+0000] {spark_submit.py:571} INFO - :: evicted modules:
[2024-05-18T23:46:02.444+0000] {spark_submit.py:571} INFO - org.apache.kafka#kafka-clients;3.4.1 by [org.apache.kafka#kafka-clients;3.5.1] in [default]
[2024-05-18T23:46:02.445+0000] {spark_submit.py:571} INFO - commons-logging#commons-logging;1.1.3 by [commons-logging#commons-logging;1.2] in [default]
[2024-05-18T23:46:02.445+0000] {spark_submit.py:571} INFO - com.google.code.findbugs#jsr305;3.0.0 by [com.google.code.findbugs#jsr305;3.0.2] in [default]
[2024-05-18T23:46:02.446+0000] {spark_submit.py:571} INFO - org.slf4j#slf4j-api;1.7.26 by [org.slf4j#slf4j-api;2.0.7] in [default]
[2024-05-18T23:46:02.447+0000] {spark_submit.py:571} INFO - org.xerial.snappy#snappy-java;1.1.10.1 by [org.xerial.snappy#snappy-java;1.1.10.3] in [default]
[2024-05-18T23:46:02.457+0000] {spark_submit.py:571} INFO - org.slf4j#slf4j-api;1.7.36 by [org.slf4j#slf4j-api;2.0.7] in [default]
[2024-05-18T23:46:02.458+0000] {spark_submit.py:571} INFO - ---------------------------------------------------------------------
[2024-05-18T23:46:02.459+0000] {spark_submit.py:571} INFO - |                  |            modules            ||   artifacts   |
[2024-05-18T23:46:02.460+0000] {spark_submit.py:571} INFO - |       conf       | number| search|dwnlded|evicted|| number|dwnlded|
[2024-05-18T23:46:02.488+0000] {spark_submit.py:571} INFO - ---------------------------------------------------------------------
[2024-05-18T23:46:02.489+0000] {spark_submit.py:571} INFO - |      default     |   35  |   0   |   0   |   6   ||   29  |   0   |
[2024-05-18T23:46:02.489+0000] {spark_submit.py:571} INFO - ---------------------------------------------------------------------
[2024-05-18T23:46:04.317+0000] {spark_submit.py:571} INFO - :: retrieving :: org.apache.spark#spark-submit-parent-acfb72c2-388a-4b47-a5ff-ee8936c753db
[2024-05-18T23:46:04.554+0000] {spark_submit.py:571} INFO - confs: [default]
[2024-05-18T23:46:09.643+0000] {spark_submit.py:571} INFO - 0 artifacts copied, 29 already retrieved (0kB/4989ms)
[2024-05-18T23:46:17.039+0000] {spark_submit.py:571} INFO - 24/05/18 23:46:16 WARN NativeCodeLoader: Unable to load native-hadoop library for your platform... using builtin-java classes where applicable
[2024-05-18T23:47:29.386+0000] {spark_submit.py:571} INFO - 24/05/18 23:47:29 INFO SparkContext: Running Spark version 3.5.1
[2024-05-18T23:47:29.682+0000] {spark_submit.py:571} INFO - 24/05/18 23:47:29 INFO SparkContext: OS info Linux, 6.6.26-linuxkit, aarch64
[2024-05-18T23:47:29.688+0000] {spark_submit.py:571} INFO - 24/05/18 23:47:29 INFO SparkContext: Java version 11.0.23
[2024-05-18T23:47:30.843+0000] {spark_submit.py:571} INFO - 24/05/18 23:47:30 INFO ResourceUtils: ==============================================================
[2024-05-18T23:47:30.984+0000] {spark_submit.py:571} INFO - 24/05/18 23:47:30 INFO ResourceUtils: No custom resources configured for spark.driver.
[2024-05-18T23:47:30.985+0000] {spark_submit.py:571} INFO - 24/05/18 23:47:30 INFO ResourceUtils: ==============================================================
[2024-05-18T23:47:30.987+0000] {spark_submit.py:571} INFO - 24/05/18 23:47:30 INFO SparkContext: Submitted application: Redfin_Properties_Consumer
[2024-05-18T23:47:31.217+0000] {spark_submit.py:571} INFO - 24/05/18 23:47:31 INFO ResourceProfile: Default ResourceProfile created, executor resources: Map(memory -> name: memory, amount: 1024, script: , vendor: , offHeap -> name: offHeap, amount: 0, script: , vendor: ), task resources: Map(cpus -> name: cpus, amount: 1.0)
[2024-05-18T23:47:31.491+0000] {spark_submit.py:571} INFO - 24/05/18 23:47:31 INFO ResourceProfile: Limiting resource is cpu
[2024-05-18T23:47:31.494+0000] {spark_submit.py:571} INFO - 24/05/18 23:47:31 INFO ResourceProfileManager: Added ResourceProfile id: 0
[2024-05-18T23:47:33.655+0000] {spark_submit.py:571} INFO - 24/05/18 23:47:33 INFO SecurityManager: Changing view acls to: ***
[2024-05-18T23:47:33.748+0000] {spark_submit.py:571} INFO - 24/05/18 23:47:33 INFO SecurityManager: Changing modify acls to: ***
[2024-05-18T23:47:33.759+0000] {spark_submit.py:571} INFO - 24/05/18 23:47:33 INFO SecurityManager: Changing view acls groups to:
[2024-05-18T23:47:33.762+0000] {spark_submit.py:571} INFO - 24/05/18 23:47:33 INFO SecurityManager: Changing modify acls groups to:
[2024-05-18T23:47:33.764+0000] {spark_submit.py:571} INFO - 24/05/18 23:47:33 INFO SecurityManager: SecurityManager: authentication disabled; ui acls disabled; users with view permissions: ***; groups with view permissions: EMPTY; users with modify permissions: ***; groups with modify permissions: EMPTY
[2024-05-18T23:47:40.722+0000] {spark_submit.py:571} INFO - 24/05/18 23:47:40 INFO Utils: Successfully started service 'sparkDriver' on port 33555.
[2024-05-18T23:47:41.062+0000] {spark_submit.py:571} INFO - 24/05/18 23:47:41 INFO SparkEnv: Registering MapOutputTracker
[2024-05-18T23:47:41.801+0000] {spark_submit.py:571} INFO - 24/05/18 23:47:41 INFO SparkEnv: Registering BlockManagerMaster
[2024-05-18T23:47:42.003+0000] {spark_submit.py:571} INFO - 24/05/18 23:47:41 INFO BlockManagerMasterEndpoint: Using org.apache.spark.storage.DefaultTopologyMapper for getting topology information
[2024-05-18T23:47:42.061+0000] {spark_submit.py:571} INFO - 24/05/18 23:47:42 INFO BlockManagerMasterEndpoint: BlockManagerMasterEndpoint up
[2024-05-18T23:47:42.112+0000] {spark_submit.py:571} INFO - 24/05/18 23:47:42 INFO SparkEnv: Registering BlockManagerMasterHeartbeat
[2024-05-18T23:47:42.768+0000] {spark_submit.py:571} INFO - 24/05/18 23:47:42 INFO DiskBlockManager: Created local directory at /tmp/blockmgr-e1986c65-88e6-4d48-9779-36260f6e9ff5
[2024-05-18T23:47:42.915+0000] {spark_submit.py:571} INFO - 24/05/18 23:47:42 INFO MemoryStore: MemoryStore started with capacity 434.4 MiB
[2024-05-18T23:47:43.344+0000] {spark_submit.py:571} INFO - 24/05/18 23:47:43 INFO SparkEnv: Registering OutputCommitCoordinator
[2024-05-18T23:47:45.901+0000] {spark_submit.py:571} INFO - 24/05/18 23:47:45 INFO JettyUtils: Start Jetty 0.0.0.0:4040 for SparkUI
[2024-05-18T23:47:46.666+0000] {spark_submit.py:571} INFO - 24/05/18 23:47:46 INFO Utils: Successfully started service 'SparkUI' on port 4040.
[2024-05-18T23:47:47.001+0000] {spark_submit.py:571} INFO - 24/05/18 23:47:47 INFO SparkContext: Added JAR file:///home/***/.ivy2/jars/org.apache.spark_spark-sql-kafka-0-10_2.12-3.5.1.jar at spark://c0373bd0174c:33555/jars/org.apache.spark_spark-sql-kafka-0-10_2.12-3.5.1.jar with timestamp 1716076048041
[2024-05-18T23:47:47.006+0000] {spark_submit.py:571} INFO - 24/05/18 23:47:47 INFO SparkContext: Added JAR file:///home/***/.ivy2/jars/com.datastax.spark_spark-cassandra-connector_2.12-3.5.0.jar at spark://c0373bd0174c:33555/jars/com.datastax.spark_spark-cassandra-connector_2.12-3.5.0.jar with timestamp 1716076048041
[2024-05-18T23:47:47.008+0000] {spark_submit.py:571} INFO - 24/05/18 23:47:47 INFO SparkContext: Added JAR file:///home/***/.ivy2/jars/org.apache.kafka_kafka-clients-3.5.1.jar at spark://c0373bd0174c:33555/jars/org.apache.kafka_kafka-clients-3.5.1.jar with timestamp 1716076048041
[2024-05-18T23:47:47.011+0000] {spark_submit.py:571} INFO - 24/05/18 23:47:47 INFO SparkContext: Added JAR file:///home/***/.ivy2/jars/commons-logging_commons-logging-1.2.jar at spark://c0373bd0174c:33555/jars/commons-logging_commons-logging-1.2.jar with timestamp 1716076048041
[2024-05-18T23:47:47.016+0000] {spark_submit.py:571} INFO - 24/05/18 23:47:47 INFO SparkContext: Added JAR file:///home/***/.ivy2/jars/org.apache.spark_spark-token-provider-kafka-0-10_2.12-3.5.1.jar at spark://c0373bd0174c:33555/jars/org.apache.spark_spark-token-provider-kafka-0-10_2.12-3.5.1.jar with timestamp 1716076048041
[2024-05-18T23:47:47.020+0000] {spark_submit.py:571} INFO - 24/05/18 23:47:47 INFO SparkContext: Added JAR file:///home/***/.ivy2/jars/org.apache.commons_commons-pool2-2.11.1.jar at spark://c0373bd0174c:33555/jars/org.apache.commons_commons-pool2-2.11.1.jar with timestamp 1716076048041
[2024-05-18T23:47:47.023+0000] {spark_submit.py:571} INFO - 24/05/18 23:47:47 INFO SparkContext: Added JAR file:///home/***/.ivy2/jars/org.apache.hadoop_hadoop-client-runtime-3.3.4.jar at spark://c0373bd0174c:33555/jars/org.apache.hadoop_hadoop-client-runtime-3.3.4.jar with timestamp 1716076048041
[2024-05-18T23:47:47.026+0000] {spark_submit.py:571} INFO - 24/05/18 23:47:47 INFO SparkContext: Added JAR file:///home/***/.ivy2/jars/org.apache.hadoop_hadoop-client-api-3.3.4.jar at spark://c0373bd0174c:33555/jars/org.apache.hadoop_hadoop-client-api-3.3.4.jar with timestamp 1716076048041
[2024-05-18T23:47:47.029+0000] {spark_submit.py:571} INFO - 24/05/18 23:47:47 INFO SparkContext: Added JAR file:///home/***/.ivy2/jars/org.xerial.snappy_snappy-java-1.1.10.3.jar at spark://c0373bd0174c:33555/jars/org.xerial.snappy_snappy-java-1.1.10.3.jar with timestamp 1716076048041
[2024-05-18T23:47:47.030+0000] {spark_submit.py:571} INFO - 24/05/18 23:47:47 INFO SparkContext: Added JAR file:///home/***/.ivy2/jars/org.slf4j_slf4j-api-2.0.7.jar at spark://c0373bd0174c:33555/jars/org.slf4j_slf4j-api-2.0.7.jar with timestamp 1716076048041
[2024-05-18T23:47:47.039+0000] {spark_submit.py:571} INFO - 24/05/18 23:47:47 INFO SparkContext: Added JAR file:///home/***/.ivy2/jars/com.datastax.spark_spark-cassandra-connector-driver_2.12-3.5.0.jar at spark://c0373bd0174c:33555/jars/com.datastax.spark_spark-cassandra-connector-driver_2.12-3.5.0.jar with timestamp 1716076048041
[2024-05-18T23:47:47.041+0000] {spark_submit.py:571} INFO - 24/05/18 23:47:47 INFO SparkContext: Added JAR file:///home/***/.ivy2/jars/org.scala-lang.modules_scala-collection-compat_2.12-2.11.0.jar at spark://c0373bd0174c:33555/jars/org.scala-lang.modules_scala-collection-compat_2.12-2.11.0.jar with timestamp 1716076048041
[2024-05-18T23:47:47.043+0000] {spark_submit.py:571} INFO - 24/05/18 23:47:47 INFO SparkContext: Added JAR file:///home/***/.ivy2/jars/com.datastax.oss_java-driver-core-shaded-4.13.0.jar at spark://c0373bd0174c:33555/jars/com.datastax.oss_java-driver-core-shaded-4.13.0.jar with timestamp 1716076048041
[2024-05-18T23:47:47.048+0000] {spark_submit.py:571} INFO - 24/05/18 23:47:47 INFO SparkContext: Added JAR file:///home/***/.ivy2/jars/com.datastax.oss_java-driver-mapper-runtime-4.13.0.jar at spark://c0373bd0174c:33555/jars/com.datastax.oss_java-driver-mapper-runtime-4.13.0.jar with timestamp 1716076048041
[2024-05-18T23:47:47.055+0000] {spark_submit.py:571} INFO - 24/05/18 23:47:47 INFO SparkContext: Added JAR file:///home/***/.ivy2/jars/org.apache.commons_commons-lang3-3.10.jar at spark://c0373bd0174c:33555/jars/org.apache.commons_commons-lang3-3.10.jar with timestamp 1716076048041
[2024-05-18T23:47:47.057+0000] {spark_submit.py:571} INFO - 24/05/18 23:47:47 INFO SparkContext: Added JAR file:///home/***/.ivy2/jars/com.thoughtworks.paranamer_paranamer-2.8.jar at spark://c0373bd0174c:33555/jars/com.thoughtworks.paranamer_paranamer-2.8.jar with timestamp 1716076048041
[2024-05-18T23:47:47.060+0000] {spark_submit.py:571} INFO - 24/05/18 23:47:47 INFO SparkContext: Added JAR file:///home/***/.ivy2/jars/org.scala-lang_scala-reflect-2.12.11.jar at spark://c0373bd0174c:33555/jars/org.scala-lang_scala-reflect-2.12.11.jar with timestamp 1716076048041
[2024-05-18T23:47:47.063+0000] {spark_submit.py:571} INFO - 24/05/18 23:47:47 INFO SparkContext: Added JAR file:///home/***/.ivy2/jars/com.datastax.oss_native-protocol-1.5.0.jar at spark://c0373bd0174c:33555/jars/com.datastax.oss_native-protocol-1.5.0.jar with timestamp 1716076048041
[2024-05-18T23:47:47.067+0000] {spark_submit.py:571} INFO - 24/05/18 23:47:47 INFO SparkContext: Added JAR file:///home/***/.ivy2/jars/com.datastax.oss_java-driver-shaded-guava-25.1-jre-graal-sub-1.jar at spark://c0373bd0174c:33555/jars/com.datastax.oss_java-driver-shaded-guava-25.1-jre-graal-sub-1.jar with timestamp 1716076048041
[2024-05-18T23:47:47.070+0000] {spark_submit.py:571} INFO - 24/05/18 23:47:47 INFO SparkContext: Added JAR file:///home/***/.ivy2/jars/com.typesafe_config-1.4.1.jar at spark://c0373bd0174c:33555/jars/com.typesafe_config-1.4.1.jar with timestamp 1716076048041
[2024-05-18T23:47:47.075+0000] {spark_submit.py:571} INFO - 24/05/18 23:47:47 INFO SparkContext: Added JAR file:///home/***/.ivy2/jars/io.dropwizard.metrics_metrics-core-4.1.18.jar at spark://c0373bd0174c:33555/jars/io.dropwizard.metrics_metrics-core-4.1.18.jar with timestamp 1716076048041
[2024-05-18T23:47:47.079+0000] {spark_submit.py:571} INFO - 24/05/18 23:47:47 INFO SparkContext: Added JAR file:///home/***/.ivy2/jars/org.hdrhistogram_HdrHistogram-2.1.12.jar at spark://c0373bd0174c:33555/jars/org.hdrhistogram_HdrHistogram-2.1.12.jar with timestamp 1716076048041
[2024-05-18T23:47:47.083+0000] {spark_submit.py:571} INFO - 24/05/18 23:47:47 INFO SparkContext: Added JAR file:///home/***/.ivy2/jars/org.reactivestreams_reactive-streams-1.0.3.jar at spark://c0373bd0174c:33555/jars/org.reactivestreams_reactive-streams-1.0.3.jar with timestamp 1716076048041
[2024-05-18T23:47:47.088+0000] {spark_submit.py:571} INFO - 24/05/18 23:47:47 INFO SparkContext: Added JAR file:///home/***/.ivy2/jars/com.github.stephenc.jcip_jcip-annotations-1.0-1.jar at spark://c0373bd0174c:33555/jars/com.github.stephenc.jcip_jcip-annotations-1.0-1.jar with timestamp 1716076048041
[2024-05-18T23:47:47.092+0000] {spark_submit.py:571} INFO - 24/05/18 23:47:47 INFO SparkContext: Added JAR file:///home/***/.ivy2/jars/com.github.spotbugs_spotbugs-annotations-3.1.12.jar at spark://c0373bd0174c:33555/jars/com.github.spotbugs_spotbugs-annotations-3.1.12.jar with timestamp 1716076048041
[2024-05-18T23:47:47.097+0000] {spark_submit.py:571} INFO - 24/05/18 23:47:47 INFO SparkContext: Added JAR file:///home/***/.ivy2/jars/com.google.code.findbugs_jsr305-3.0.2.jar at spark://c0373bd0174c:33555/jars/com.google.code.findbugs_jsr305-3.0.2.jar with timestamp 1716076048041
[2024-05-18T23:47:47.111+0000] {spark_submit.py:571} INFO - 24/05/18 23:47:47 INFO SparkContext: Added JAR file:///home/***/.ivy2/jars/com.datastax.oss_java-driver-query-builder-4.13.0.jar at spark://c0373bd0174c:33555/jars/com.datastax.oss_java-driver-query-builder-4.13.0.jar with timestamp 1716076048041
[2024-05-18T23:47:47.113+0000] {spark_submit.py:571} INFO - 24/05/18 23:47:47 INFO SparkContext: Added JAR file:///home/***/.ivy2/jars/com.github.luben_zstd-jni-1.5.5-1.jar at spark://c0373bd0174c:33555/jars/com.github.luben_zstd-jni-1.5.5-1.jar with timestamp 1716076048041
[2024-05-18T23:47:47.116+0000] {spark_submit.py:571} INFO - 24/05/18 23:47:47 INFO SparkContext: Added JAR file:///home/***/.ivy2/jars/org.lz4_lz4-java-1.8.0.jar at spark://c0373bd0174c:33555/jars/org.lz4_lz4-java-1.8.0.jar with timestamp 1716076048041
[2024-05-18T23:47:47.121+0000] {spark_submit.py:571} INFO - 24/05/18 23:47:47 INFO SparkContext: Added file file:///home/***/.ivy2/jars/org.apache.spark_spark-sql-kafka-0-10_2.12-3.5.1.jar at spark://c0373bd0174c:33555/files/org.apache.spark_spark-sql-kafka-0-10_2.12-3.5.1.jar with timestamp 1716076048041
[2024-05-18T23:47:47.124+0000] {spark_submit.py:571} INFO - 24/05/18 23:47:47 INFO Utils: Copying /home/***/.ivy2/jars/org.apache.spark_spark-sql-kafka-0-10_2.12-3.5.1.jar to /tmp/spark-44e594f0-7787-4b60-9e79-645bedff4cf6/userFiles-4c772653-eb75-4471-a53d-3352cfff0d80/org.apache.spark_spark-sql-kafka-0-10_2.12-3.5.1.jar
[2024-05-18T23:47:47.845+0000] {spark_submit.py:571} INFO - 24/05/18 23:47:47 INFO SparkContext: Added file file:///home/***/.ivy2/jars/com.datastax.spark_spark-cassandra-connector_2.12-3.5.0.jar at spark://c0373bd0174c:33555/files/com.datastax.spark_spark-cassandra-connector_2.12-3.5.0.jar with timestamp 1716076048041
[2024-05-18T23:47:47.969+0000] {spark_submit.py:571} INFO - 24/05/18 23:47:47 INFO Utils: Copying /home/***/.ivy2/jars/com.datastax.spark_spark-cassandra-connector_2.12-3.5.0.jar to /tmp/spark-44e594f0-7787-4b60-9e79-645bedff4cf6/userFiles-4c772653-eb75-4471-a53d-3352cfff0d80/com.datastax.spark_spark-cassandra-connector_2.12-3.5.0.jar
[2024-05-18T23:47:48.150+0000] {spark_submit.py:571} INFO - 24/05/18 23:47:48 INFO SparkContext: Added file file:///home/***/.ivy2/jars/org.apache.kafka_kafka-clients-3.5.1.jar at spark://c0373bd0174c:33555/files/org.apache.kafka_kafka-clients-3.5.1.jar with timestamp 1716076048041
[2024-05-18T23:47:48.167+0000] {spark_submit.py:571} INFO - 24/05/18 23:47:48 INFO Utils: Copying /home/***/.ivy2/jars/org.apache.kafka_kafka-clients-3.5.1.jar to /tmp/spark-44e594f0-7787-4b60-9e79-645bedff4cf6/userFiles-4c772653-eb75-4471-a53d-3352cfff0d80/org.apache.kafka_kafka-clients-3.5.1.jar
[2024-05-18T23:47:51.373+0000] {spark_submit.py:571} INFO - 24/05/18 23:47:51 INFO SparkContext: Added file file:///home/***/.ivy2/jars/commons-logging_commons-logging-1.2.jar at spark://c0373bd0174c:33555/files/commons-logging_commons-logging-1.2.jar with timestamp 1716076048041
[2024-05-18T23:47:51.414+0000] {spark_submit.py:571} INFO - 24/05/18 23:47:51 INFO Utils: Copying /home/***/.ivy2/jars/commons-logging_commons-logging-1.2.jar to /tmp/spark-44e594f0-7787-4b60-9e79-645bedff4cf6/userFiles-4c772653-eb75-4471-a53d-3352cfff0d80/commons-logging_commons-logging-1.2.jar
[2024-05-18T23:47:51.441+0000] {spark_submit.py:571} INFO - 24/05/18 23:47:51 INFO SparkContext: Added file file:///home/***/.ivy2/jars/org.apache.spark_spark-token-provider-kafka-0-10_2.12-3.5.1.jar at spark://c0373bd0174c:33555/files/org.apache.spark_spark-token-provider-kafka-0-10_2.12-3.5.1.jar with timestamp 1716076048041
[2024-05-18T23:47:51.459+0000] {spark_submit.py:571} INFO - 24/05/18 23:47:51 INFO Utils: Copying /home/***/.ivy2/jars/org.apache.spark_spark-token-provider-kafka-0-10_2.12-3.5.1.jar to /tmp/spark-44e594f0-7787-4b60-9e79-645bedff4cf6/userFiles-4c772653-eb75-4471-a53d-3352cfff0d80/org.apache.spark_spark-token-provider-kafka-0-10_2.12-3.5.1.jar
[2024-05-18T23:47:51.573+0000] {spark_submit.py:571} INFO - 24/05/18 23:47:51 INFO SparkContext: Added file file:///home/***/.ivy2/jars/org.apache.commons_commons-pool2-2.11.1.jar at spark://c0373bd0174c:33555/files/org.apache.commons_commons-pool2-2.11.1.jar with timestamp 1716076048041
[2024-05-18T23:47:51.585+0000] {spark_submit.py:571} INFO - 24/05/18 23:47:51 INFO Utils: Copying /home/***/.ivy2/jars/org.apache.commons_commons-pool2-2.11.1.jar to /tmp/spark-44e594f0-7787-4b60-9e79-645bedff4cf6/userFiles-4c772653-eb75-4471-a53d-3352cfff0d80/org.apache.commons_commons-pool2-2.11.1.jar
[2024-05-18T23:47:51.635+0000] {spark_submit.py:571} INFO - 24/05/18 23:47:51 INFO SparkContext: Added file file:///home/***/.ivy2/jars/org.apache.hadoop_hadoop-client-runtime-3.3.4.jar at spark://c0373bd0174c:33555/files/org.apache.hadoop_hadoop-client-runtime-3.3.4.jar with timestamp 1716076048041
[2024-05-18T23:47:51.648+0000] {spark_submit.py:571} INFO - 24/05/18 23:47:51 INFO Utils: Copying /home/***/.ivy2/jars/org.apache.hadoop_hadoop-client-runtime-3.3.4.jar to /tmp/spark-44e594f0-7787-4b60-9e79-645bedff4cf6/userFiles-4c772653-eb75-4471-a53d-3352cfff0d80/org.apache.hadoop_hadoop-client-runtime-3.3.4.jar
[2024-05-18T23:47:55.164+0000] {spark_submit.py:571} INFO - 24/05/18 23:47:55 INFO SparkContext: Added file file:///home/***/.ivy2/jars/org.apache.hadoop_hadoop-client-api-3.3.4.jar at spark://c0373bd0174c:33555/files/org.apache.hadoop_hadoop-client-api-3.3.4.jar with timestamp 1716076048041
[2024-05-18T23:47:55.552+0000] {spark_submit.py:571} INFO - 24/05/18 23:47:55 INFO Utils: Copying /home/***/.ivy2/jars/org.apache.hadoop_hadoop-client-api-3.3.4.jar to /tmp/spark-44e594f0-7787-4b60-9e79-645bedff4cf6/userFiles-4c772653-eb75-4471-a53d-3352cfff0d80/org.apache.hadoop_hadoop-client-api-3.3.4.jar
[2024-05-18T23:48:03.909+0000] {spark_submit.py:571} INFO - 24/05/18 23:48:03 INFO SparkContext: Added file file:///home/***/.ivy2/jars/org.xerial.snappy_snappy-java-1.1.10.3.jar at spark://c0373bd0174c:33555/files/org.xerial.snappy_snappy-java-1.1.10.3.jar with timestamp 1716076048041
[2024-05-18T23:48:03.954+0000] {spark_submit.py:571} INFO - 24/05/18 23:48:03 INFO Utils: Copying /home/***/.ivy2/jars/org.xerial.snappy_snappy-java-1.1.10.3.jar to /tmp/spark-44e594f0-7787-4b60-9e79-645bedff4cf6/userFiles-4c772653-eb75-4471-a53d-3352cfff0d80/org.xerial.snappy_snappy-java-1.1.10.3.jar
[2024-05-18T23:48:04.771+0000] {spark_submit.py:571} INFO - 24/05/18 23:48:04 INFO SparkContext: Added file file:///home/***/.ivy2/jars/org.slf4j_slf4j-api-2.0.7.jar at spark://c0373bd0174c:33555/files/org.slf4j_slf4j-api-2.0.7.jar with timestamp 1716076048041
[2024-05-18T23:48:04.771+0000] {spark_submit.py:571} INFO - 24/05/18 23:48:04 INFO Utils: Copying /home/***/.ivy2/jars/org.slf4j_slf4j-api-2.0.7.jar to /tmp/spark-44e594f0-7787-4b60-9e79-645bedff4cf6/userFiles-4c772653-eb75-4471-a53d-3352cfff0d80/org.slf4j_slf4j-api-2.0.7.jar
[2024-05-18T23:48:05.617+0000] {spark_submit.py:571} INFO - 24/05/18 23:48:05 INFO SparkContext: Added file file:///home/***/.ivy2/jars/com.datastax.spark_spark-cassandra-connector-driver_2.12-3.5.0.jar at spark://c0373bd0174c:33555/files/com.datastax.spark_spark-cassandra-connector-driver_2.12-3.5.0.jar with timestamp 1716076048041
[2024-05-18T23:48:05.626+0000] {spark_submit.py:571} INFO - 24/05/18 23:48:05 INFO Utils: Copying /home/***/.ivy2/jars/com.datastax.spark_spark-cassandra-connector-driver_2.12-3.5.0.jar to /tmp/spark-44e594f0-7787-4b60-9e79-645bedff4cf6/userFiles-4c772653-eb75-4471-a53d-3352cfff0d80/com.datastax.spark_spark-cassandra-connector-driver_2.12-3.5.0.jar
[2024-05-18T23:48:05.894+0000] {spark_submit.py:571} INFO - 24/05/18 23:48:05 INFO SparkContext: Added file file:///home/***/.ivy2/jars/org.scala-lang.modules_scala-collection-compat_2.12-2.11.0.jar at spark://c0373bd0174c:33555/files/org.scala-lang.modules_scala-collection-compat_2.12-2.11.0.jar with timestamp 1716076048041
[2024-05-18T23:48:05.905+0000] {spark_submit.py:571} INFO - 24/05/18 23:48:05 INFO Utils: Copying /home/***/.ivy2/jars/org.scala-lang.modules_scala-collection-compat_2.12-2.11.0.jar to /tmp/spark-44e594f0-7787-4b60-9e79-645bedff4cf6/userFiles-4c772653-eb75-4471-a53d-3352cfff0d80/org.scala-lang.modules_scala-collection-compat_2.12-2.11.0.jar
[2024-05-18T23:48:05.996+0000] {spark_submit.py:571} INFO - 24/05/18 23:48:05 INFO SparkContext: Added file file:///home/***/.ivy2/jars/com.datastax.oss_java-driver-core-shaded-4.13.0.jar at spark://c0373bd0174c:33555/files/com.datastax.oss_java-driver-core-shaded-4.13.0.jar with timestamp 1716076048041
[2024-05-18T23:48:05.997+0000] {spark_submit.py:571} INFO - 24/05/18 23:48:05 INFO Utils: Copying /home/***/.ivy2/jars/com.datastax.oss_java-driver-core-shaded-4.13.0.jar to /tmp/spark-44e594f0-7787-4b60-9e79-645bedff4cf6/userFiles-4c772653-eb75-4471-a53d-3352cfff0d80/com.datastax.oss_java-driver-core-shaded-4.13.0.jar
[2024-05-18T23:48:06.825+0000] {spark_submit.py:571} INFO - 24/05/18 23:48:06 INFO SparkContext: Added file file:///home/***/.ivy2/jars/com.datastax.oss_java-driver-mapper-runtime-4.13.0.jar at spark://c0373bd0174c:33555/files/com.datastax.oss_java-driver-mapper-runtime-4.13.0.jar with timestamp 1716076048041
[2024-05-18T23:48:06.851+0000] {spark_submit.py:571} INFO - 24/05/18 23:48:06 INFO Utils: Copying /home/***/.ivy2/jars/com.datastax.oss_java-driver-mapper-runtime-4.13.0.jar to /tmp/spark-44e594f0-7787-4b60-9e79-645bedff4cf6/userFiles-4c772653-eb75-4471-a53d-3352cfff0d80/com.datastax.oss_java-driver-mapper-runtime-4.13.0.jar
[2024-05-18T23:48:06.926+0000] {spark_submit.py:571} INFO - 24/05/18 23:48:06 INFO SparkContext: Added file file:///home/***/.ivy2/jars/org.apache.commons_commons-lang3-3.10.jar at spark://c0373bd0174c:33555/files/org.apache.commons_commons-lang3-3.10.jar with timestamp 1716076048041
[2024-05-18T23:48:06.932+0000] {spark_submit.py:571} INFO - 24/05/18 23:48:06 INFO Utils: Copying /home/***/.ivy2/jars/org.apache.commons_commons-lang3-3.10.jar to /tmp/spark-44e594f0-7787-4b60-9e79-645bedff4cf6/userFiles-4c772653-eb75-4471-a53d-3352cfff0d80/org.apache.commons_commons-lang3-3.10.jar
[2024-05-18T23:48:06.982+0000] {spark_submit.py:571} INFO - 24/05/18 23:48:06 INFO SparkContext: Added file file:///home/***/.ivy2/jars/com.thoughtworks.paranamer_paranamer-2.8.jar at spark://c0373bd0174c:33555/files/com.thoughtworks.paranamer_paranamer-2.8.jar with timestamp 1716076048041
[2024-05-18T23:48:06.984+0000] {spark_submit.py:571} INFO - 24/05/18 23:48:06 INFO Utils: Copying /home/***/.ivy2/jars/com.thoughtworks.paranamer_paranamer-2.8.jar to /tmp/spark-44e594f0-7787-4b60-9e79-645bedff4cf6/userFiles-4c772653-eb75-4471-a53d-3352cfff0d80/com.thoughtworks.paranamer_paranamer-2.8.jar
[2024-05-18T23:48:08.742+0000] {spark_submit.py:571} INFO - 24/05/18 23:48:08 INFO SparkContext: Added file file:///home/***/.ivy2/jars/org.scala-lang_scala-reflect-2.12.11.jar at spark://c0373bd0174c:33555/files/org.scala-lang_scala-reflect-2.12.11.jar with timestamp 1716076048041
[2024-05-18T23:48:08.748+0000] {spark_submit.py:571} INFO - 24/05/18 23:48:08 INFO Utils: Copying /home/***/.ivy2/jars/org.scala-lang_scala-reflect-2.12.11.jar to /tmp/spark-44e594f0-7787-4b60-9e79-645bedff4cf6/userFiles-4c772653-eb75-4471-a53d-3352cfff0d80/org.scala-lang_scala-reflect-2.12.11.jar
[2024-05-18T23:48:09.326+0000] {spark_submit.py:571} INFO - 24/05/18 23:48:09 INFO SparkContext: Added file file:///home/***/.ivy2/jars/com.datastax.oss_native-protocol-1.5.0.jar at spark://c0373bd0174c:33555/files/com.datastax.oss_native-protocol-1.5.0.jar with timestamp 1716076048041
[2024-05-18T23:48:09.329+0000] {spark_submit.py:571} INFO - 24/05/18 23:48:09 INFO Utils: Copying /home/***/.ivy2/jars/com.datastax.oss_native-protocol-1.5.0.jar to /tmp/spark-44e594f0-7787-4b60-9e79-645bedff4cf6/userFiles-4c772653-eb75-4471-a53d-3352cfff0d80/com.datastax.oss_native-protocol-1.5.0.jar
[2024-05-18T23:48:09.425+0000] {spark_submit.py:571} INFO - 24/05/18 23:48:09 INFO SparkContext: Added file file:///home/***/.ivy2/jars/com.datastax.oss_java-driver-shaded-guava-25.1-jre-graal-sub-1.jar at spark://c0373bd0174c:33555/files/com.datastax.oss_java-driver-shaded-guava-25.1-jre-graal-sub-1.jar with timestamp 1716076048041
[2024-05-18T23:48:09.427+0000] {spark_submit.py:571} INFO - 24/05/18 23:48:09 INFO Utils: Copying /home/***/.ivy2/jars/com.datastax.oss_java-driver-shaded-guava-25.1-jre-graal-sub-1.jar to /tmp/spark-44e594f0-7787-4b60-9e79-645bedff4cf6/userFiles-4c772653-eb75-4471-a53d-3352cfff0d80/com.datastax.oss_java-driver-shaded-guava-25.1-jre-graal-sub-1.jar
[2024-05-18T23:48:09.542+0000] {spark_submit.py:571} INFO - 24/05/18 23:48:09 INFO SparkContext: Added file file:///home/***/.ivy2/jars/com.typesafe_config-1.4.1.jar at spark://c0373bd0174c:33555/files/com.typesafe_config-1.4.1.jar with timestamp 1716076048041
[2024-05-18T23:48:09.547+0000] {spark_submit.py:571} INFO - 24/05/18 23:48:09 INFO Utils: Copying /home/***/.ivy2/jars/com.typesafe_config-1.4.1.jar to /tmp/spark-44e594f0-7787-4b60-9e79-645bedff4cf6/userFiles-4c772653-eb75-4471-a53d-3352cfff0d80/com.typesafe_config-1.4.1.jar
[2024-05-18T23:48:09.573+0000] {spark_submit.py:571} INFO - 24/05/18 23:48:09 INFO SparkContext: Added file file:///home/***/.ivy2/jars/io.dropwizard.metrics_metrics-core-4.1.18.jar at spark://c0373bd0174c:33555/files/io.dropwizard.metrics_metrics-core-4.1.18.jar with timestamp 1716076048041
[2024-05-18T23:48:09.576+0000] {spark_submit.py:571} INFO - 24/05/18 23:48:09 INFO Utils: Copying /home/***/.ivy2/jars/io.dropwizard.metrics_metrics-core-4.1.18.jar to /tmp/spark-44e594f0-7787-4b60-9e79-645bedff4cf6/userFiles-4c772653-eb75-4471-a53d-3352cfff0d80/io.dropwizard.metrics_metrics-core-4.1.18.jar
[2024-05-18T23:48:09.643+0000] {spark_submit.py:571} INFO - 24/05/18 23:48:09 INFO SparkContext: Added file file:///home/***/.ivy2/jars/org.hdrhistogram_HdrHistogram-2.1.12.jar at spark://c0373bd0174c:33555/files/org.hdrhistogram_HdrHistogram-2.1.12.jar with timestamp 1716076048041
[2024-05-18T23:48:09.649+0000] {spark_submit.py:571} INFO - 24/05/18 23:48:09 INFO Utils: Copying /home/***/.ivy2/jars/org.hdrhistogram_HdrHistogram-2.1.12.jar to /tmp/spark-44e594f0-7787-4b60-9e79-645bedff4cf6/userFiles-4c772653-eb75-4471-a53d-3352cfff0d80/org.hdrhistogram_HdrHistogram-2.1.12.jar
[2024-05-18T23:48:09.715+0000] {spark_submit.py:571} INFO - 24/05/18 23:48:09 INFO SparkContext: Added file file:///home/***/.ivy2/jars/org.reactivestreams_reactive-streams-1.0.3.jar at spark://c0373bd0174c:33555/files/org.reactivestreams_reactive-streams-1.0.3.jar with timestamp 1716076048041
[2024-05-18T23:48:09.725+0000] {spark_submit.py:571} INFO - 24/05/18 23:48:09 INFO Utils: Copying /home/***/.ivy2/jars/org.reactivestreams_reactive-streams-1.0.3.jar to /tmp/spark-44e594f0-7787-4b60-9e79-645bedff4cf6/userFiles-4c772653-eb75-4471-a53d-3352cfff0d80/org.reactivestreams_reactive-streams-1.0.3.jar
[2024-05-18T23:48:09.735+0000] {spark_submit.py:571} INFO - 24/05/18 23:48:09 INFO SparkContext: Added file file:///home/***/.ivy2/jars/com.github.stephenc.jcip_jcip-annotations-1.0-1.jar at spark://c0373bd0174c:33555/files/com.github.stephenc.jcip_jcip-annotations-1.0-1.jar with timestamp 1716076048041
[2024-05-18T23:48:09.737+0000] {spark_submit.py:571} INFO - 24/05/18 23:48:09 INFO Utils: Copying /home/***/.ivy2/jars/com.github.stephenc.jcip_jcip-annotations-1.0-1.jar to /tmp/spark-44e594f0-7787-4b60-9e79-645bedff4cf6/userFiles-4c772653-eb75-4471-a53d-3352cfff0d80/com.github.stephenc.jcip_jcip-annotations-1.0-1.jar
[2024-05-18T23:48:09.779+0000] {spark_submit.py:571} INFO - 24/05/18 23:48:09 INFO SparkContext: Added file file:///home/***/.ivy2/jars/com.github.spotbugs_spotbugs-annotations-3.1.12.jar at spark://c0373bd0174c:33555/files/com.github.spotbugs_spotbugs-annotations-3.1.12.jar with timestamp 1716076048041
[2024-05-18T23:48:09.780+0000] {spark_submit.py:571} INFO - 24/05/18 23:48:09 INFO Utils: Copying /home/***/.ivy2/jars/com.github.spotbugs_spotbugs-annotations-3.1.12.jar to /tmp/spark-44e594f0-7787-4b60-9e79-645bedff4cf6/userFiles-4c772653-eb75-4471-a53d-3352cfff0d80/com.github.spotbugs_spotbugs-annotations-3.1.12.jar
[2024-05-18T23:48:09.808+0000] {spark_submit.py:571} INFO - 24/05/18 23:48:09 INFO SparkContext: Added file file:///home/***/.ivy2/jars/com.google.code.findbugs_jsr305-3.0.2.jar at spark://c0373bd0174c:33555/files/com.google.code.findbugs_jsr305-3.0.2.jar with timestamp 1716076048041
[2024-05-18T23:48:09.809+0000] {spark_submit.py:571} INFO - 24/05/18 23:48:09 INFO Utils: Copying /home/***/.ivy2/jars/com.google.code.findbugs_jsr305-3.0.2.jar to /tmp/spark-44e594f0-7787-4b60-9e79-645bedff4cf6/userFiles-4c772653-eb75-4471-a53d-3352cfff0d80/com.google.code.findbugs_jsr305-3.0.2.jar
[2024-05-18T23:48:09.831+0000] {spark_submit.py:571} INFO - 24/05/18 23:48:09 INFO SparkContext: Added file file:///home/***/.ivy2/jars/com.datastax.oss_java-driver-query-builder-4.13.0.jar at spark://c0373bd0174c:33555/files/com.datastax.oss_java-driver-query-builder-4.13.0.jar with timestamp 1716076048041
[2024-05-18T23:48:09.832+0000] {spark_submit.py:571} INFO - 24/05/18 23:48:09 INFO Utils: Copying /home/***/.ivy2/jars/com.datastax.oss_java-driver-query-builder-4.13.0.jar to /tmp/spark-44e594f0-7787-4b60-9e79-645bedff4cf6/userFiles-4c772653-eb75-4471-a53d-3352cfff0d80/com.datastax.oss_java-driver-query-builder-4.13.0.jar
[2024-05-18T23:48:09.849+0000] {spark_submit.py:571} INFO - 24/05/18 23:48:09 INFO SparkContext: Added file file:///home/***/.ivy2/jars/com.github.luben_zstd-jni-1.5.5-1.jar at spark://c0373bd0174c:33555/files/com.github.luben_zstd-jni-1.5.5-1.jar with timestamp 1716076048041
[2024-05-18T23:48:09.867+0000] {spark_submit.py:571} INFO - 24/05/18 23:48:09 INFO Utils: Copying /home/***/.ivy2/jars/com.github.luben_zstd-jni-1.5.5-1.jar to /tmp/spark-44e594f0-7787-4b60-9e79-645bedff4cf6/userFiles-4c772653-eb75-4471-a53d-3352cfff0d80/com.github.luben_zstd-jni-1.5.5-1.jar
[2024-05-18T23:48:10.463+0000] {spark_submit.py:571} INFO - 24/05/18 23:48:10 INFO SparkContext: Added file file:///home/***/.ivy2/jars/org.lz4_lz4-java-1.8.0.jar at spark://c0373bd0174c:33555/files/org.lz4_lz4-java-1.8.0.jar with timestamp 1716076048041
[2024-05-18T23:48:10.471+0000] {spark_submit.py:571} INFO - 24/05/18 23:48:10 INFO Utils: Copying /home/***/.ivy2/jars/org.lz4_lz4-java-1.8.0.jar to /tmp/spark-44e594f0-7787-4b60-9e79-645bedff4cf6/userFiles-4c772653-eb75-4471-a53d-3352cfff0d80/org.lz4_lz4-java-1.8.0.jar
[2024-05-18T23:48:26.888+0000] {spark_submit.py:571} INFO - 24/05/18 23:48:26 INFO StandaloneAppClient$ClientEndpoint: Connecting to master spark://spark-master:7077...
[2024-05-18T23:48:36.455+0000] {spark_submit.py:571} INFO - 24/05/18 23:48:36 INFO TransportClientFactory: Successfully created connection to spark-master/192.168.16.3:7077 after 5332 ms (11 ms spent in bootstraps)
[2024-05-18T23:48:56.194+0000] {spark_submit.py:571} INFO - 24/05/18 23:48:55 INFO StandaloneAppClient$ClientEndpoint: Connecting to master spark://spark-master:7077...
[2024-05-18T23:49:03.874+0000] {spark_submit.py:571} INFO - 24/05/18 23:49:02 INFO StandaloneSchedulerBackend: Connected to Spark cluster with app ID app-20240518234856-0006
[2024-05-18T23:49:02.620+0000] {local_task_job_runner.py:124} ERROR - Received SIGTERM. Terminating subprocesses
[2024-05-18T23:49:08.959+0000] {spark_submit.py:571} INFO - 24/05/18 23:49:08 INFO StandaloneSchedulerBackend: Connected to Spark cluster with app ID app-20240518234905-0011
[2024-05-18T23:49:08.516+0000] {process_utils.py:132} INFO - Sending 15 to group 2578. PIDs of all processes in the group: [2590, 3199, 2578]
[2024-05-18T23:49:09.339+0000] {process_utils.py:87} INFO - Sending the signal 15 to group 2578
[2024-05-18T23:49:09.751+0000] {taskinstance.py:2611} ERROR - Received SIGTERM. Terminating subprocesses.
[2024-05-18T23:49:10.525+0000] {spark_submit.py:697} INFO - Sending kill signal to spark-submit
[2024-05-18T23:49:11.317+0000] {taskinstance.py:441} INFO - ::group::Post task execution logs
