[2024-05-17T16:21:31.520+0000] {local_task_job_runner.py:120} INFO - ::group::Pre task execution logs
[2024-05-17T16:21:31.549+0000] {taskinstance.py:2076} INFO - Dependencies all met for dep_context=non-requeueable deps ti=<TaskInstance: Webscrape.Ingest_Data manual__2024-05-17T16:21:28.347716+00:00 [queued]>
[2024-05-17T16:21:31.553+0000] {taskinstance.py:2076} INFO - Dependencies all met for dep_context=requeueable deps ti=<TaskInstance: Webscrape.Ingest_Data manual__2024-05-17T16:21:28.347716+00:00 [queued]>
[2024-05-17T16:21:31.553+0000] {taskinstance.py:2306} INFO - Starting attempt 1 of 6
[2024-05-17T16:21:31.563+0000] {taskinstance.py:2330} INFO - Executing <Task(PythonOperator): Ingest_Data> on 2024-05-17 16:21:28.347716+00:00
[2024-05-17T16:21:31.586+0000] {standard_task_runner.py:63} INFO - Started process 2425 to run task
[2024-05-17T16:21:31.591+0000] {standard_task_runner.py:90} INFO - Running: ['***', 'tasks', 'run', 'Webscrape', 'Ingest_Data', 'manual__2024-05-17T16:21:28.347716+00:00', '--job-id', '216', '--raw', '--subdir', 'DAGS_FOLDER/webscrapping.py', '--cfg-path', '/tmp/tmp7fqb9xcw']
[2024-05-17T16:21:31.603+0000] {standard_task_runner.py:91} INFO - Job 216: Subtask Ingest_Data
[2024-05-17T16:21:32.048+0000] {task_command.py:426} INFO - Running <TaskInstance: Webscrape.Ingest_Data manual__2024-05-17T16:21:28.347716+00:00 [running]> on host 3e429f118033
[2024-05-17T16:21:32.282+0000] {taskinstance.py:2648} INFO - Exporting env vars: AIRFLOW_CTX_DAG_OWNER='svc' AIRFLOW_CTX_DAG_ID='Webscrape' AIRFLOW_CTX_TASK_ID='Ingest_Data' AIRFLOW_CTX_EXECUTION_DATE='2024-05-17T16:21:28.347716+00:00' AIRFLOW_CTX_TRY_NUMBER='1' AIRFLOW_CTX_DAG_RUN_ID='manual__2024-05-17T16:21:28.347716+00:00'
[2024-05-17T16:21:32.285+0000] {taskinstance.py:430} INFO - ::endgroup::
[2024-05-17T16:21:32.326+0000] {conn.py:362} INFO - <BrokerConnection node_id=bootstrap-0 host=kafka:9092 <connecting> [IPv4 ('172.24.0.6', 9092)]>: connecting to kafka:9092 [('172.24.0.6', 9092) IPv4]
[2024-05-17T16:21:32.331+0000] {conn.py:957} INFO - Probing node bootstrap-0 broker version
[2024-05-17T16:21:32.332+0000] {conn.py:393} INFO - <BrokerConnection node_id=bootstrap-0 host=kafka:9092 <connecting> [IPv4 ('172.24.0.6', 9092)]>: Connection complete.
[2024-05-17T16:21:32.451+0000] {conn.py:1019} INFO - Broker version identified as 2.6.0
[2024-05-17T16:21:32.451+0000] {conn.py:1020} INFO - Set configuration api_version=(2, 6, 0) to skip auto check_version requests on startup
[2024-05-17T16:21:34.959+0000] {logging_mixin.py:188} INFO - Connecting to Scraping Browser...
[2024-05-17T16:21:37.096+0000] {logging_mixin.py:188} INFO - Connected! Navigating to https://www.redfin.com...
[2024-05-17T16:21:57.247+0000] {logging_mixin.py:188} INFO - Searching...
[2024-05-17T16:22:01.742+0000] {logging_mixin.py:188} INFO - --------
[2024-05-17T16:22:01.743+0000] {logging_mixin.py:188} INFO - 1
[2024-05-17T16:22:01.744+0000] {logging_mixin.py:188} INFO - Navigating to Listing page: https://www.redfin.com/NC/Charlotte/17113-Soho-Dr-28204/home/170607944
[2024-05-17T16:22:40.700+0000] {logging_mixin.py:188} INFO - Traceback (most recent call last):
  File "/opt/***/dags/includes/main.py", line 133, in run
    await page2.wait_for_load_state("load")
  File "/home/***/.local/lib/python3.11/site-packages/playwright/async_api/_generated.py", line 8731, in wait_for_load_state
    await self._impl_obj.wait_for_load_state(state=state, timeout=timeout)
  File "/home/***/.local/lib/python3.11/site-packages/playwright/_impl/_page.py", line 516, in wait_for_load_state
    return await self._main_frame.wait_for_load_state(**locals_to_params(locals()))
           ^^^^^^^^^^^^^^^^^^^^^^^^^^^^^^^^^^^^^^^^^^^^^^^^^^^^^^^^^^^^^^^^^^^^^^^^
  File "/home/***/.local/lib/python3.11/site-packages/playwright/_impl/_frame.py", line 243, in wait_for_load_state
    return await self._wait_for_load_state_impl(state, timeout)
           ^^^^^^^^^^^^^^^^^^^^^^^^^^^^^^^^^^^^^^^^^^^^^^^^^^^^
  File "/home/***/.local/lib/python3.11/site-packages/playwright/_impl/_frame.py", line 271, in _wait_for_load_state_impl
    await waiter.result()
playwright._impl._errors.TimeoutError: Timeout 30000ms exceeded.
[2024-05-17T16:22:41.202+0000] {python.py:237} INFO - Done. Returned value was: None
[2024-05-17T16:22:41.331+0000] {taskinstance.py:441} INFO - ::group::Post task execution logs
[2024-05-17T16:22:41.896+0000] {taskinstance.py:1206} INFO - Marking task as SUCCESS. dag_id=Webscrape, task_id=Ingest_Data, run_id=manual__2024-05-17T16:21:28.347716+00:00, execution_date=20240517T162128, start_date=20240517T162131, end_date=20240517T162241
[2024-05-17T16:22:42.210+0000] {local_task_job_runner.py:240} INFO - Task exited with return code 0
[2024-05-17T16:22:42.306+0000] {taskinstance.py:3498} INFO - 0 downstream tasks scheduled from follow-on schedule check
[2024-05-17T16:22:42.308+0000] {local_task_job_runner.py:222} INFO - ::endgroup::
