[2024-05-17T17:28:13.661+0000] {local_task_job_runner.py:120} INFO - ::group::Pre task execution logs
[2024-05-17T17:28:13.726+0000] {taskinstance.py:2076} INFO - Dependencies all met for dep_context=non-requeueable deps ti=<TaskInstance: Webscrape.Ingest_Data manual__2024-05-17T17:28:08.598174+00:00 [queued]>
[2024-05-17T17:28:13.739+0000] {taskinstance.py:2076} INFO - Dependencies all met for dep_context=requeueable deps ti=<TaskInstance: Webscrape.Ingest_Data manual__2024-05-17T17:28:08.598174+00:00 [queued]>
[2024-05-17T17:28:13.739+0000] {taskinstance.py:2306} INFO - Starting attempt 1 of 6
[2024-05-17T17:28:13.757+0000] {taskinstance.py:2330} INFO - Executing <Task(PythonOperator): Ingest_Data> on 2024-05-17 17:28:08.598174+00:00
[2024-05-17T17:28:13.784+0000] {standard_task_runner.py:63} INFO - Started process 7321 to run task
[2024-05-17T17:28:13.810+0000] {standard_task_runner.py:90} INFO - Running: ['***', 'tasks', 'run', 'Webscrape', 'Ingest_Data', 'manual__2024-05-17T17:28:08.598174+00:00', '--job-id', '231', '--raw', '--subdir', 'DAGS_FOLDER/webscrapping.py', '--cfg-path', '/tmp/tmpmqfynndw']
[2024-05-17T17:28:13.829+0000] {standard_task_runner.py:91} INFO - Job 231: Subtask Ingest_Data
[2024-05-17T17:28:13.975+0000] {task_command.py:426} INFO - Running <TaskInstance: Webscrape.Ingest_Data manual__2024-05-17T17:28:08.598174+00:00 [running]> on host 3e429f118033
[2024-05-17T17:28:14.087+0000] {taskinstance.py:2648} INFO - Exporting env vars: AIRFLOW_CTX_DAG_OWNER='svc' AIRFLOW_CTX_DAG_ID='Webscrape' AIRFLOW_CTX_TASK_ID='Ingest_Data' AIRFLOW_CTX_EXECUTION_DATE='2024-05-17T17:28:08.598174+00:00' AIRFLOW_CTX_TRY_NUMBER='1' AIRFLOW_CTX_DAG_RUN_ID='manual__2024-05-17T17:28:08.598174+00:00'
[2024-05-17T17:28:14.095+0000] {taskinstance.py:430} INFO - ::endgroup::
[2024-05-17T17:28:14.195+0000] {conn.py:362} INFO - <BrokerConnection node_id=bootstrap-0 host=kafka:9092 <connecting> [IPv4 ('172.24.0.6', 9092)]>: connecting to kafka:9092 [('172.24.0.6', 9092) IPv4]
[2024-05-17T17:28:14.197+0000] {conn.py:957} INFO - Probing node bootstrap-0 broker version
[2024-05-17T17:28:14.200+0000] {conn.py:393} INFO - <BrokerConnection node_id=bootstrap-0 host=kafka:9092 <connecting> [IPv4 ('172.24.0.6', 9092)]>: Connection complete.
[2024-05-17T17:28:14.353+0000] {conn.py:1019} INFO - Broker version identified as 2.6.0
[2024-05-17T17:28:14.363+0000] {conn.py:1020} INFO - Set configuration api_version=(2, 6, 0) to skip auto check_version requests on startup
[2024-05-17T17:28:15.375+0000] {logging_mixin.py:188} INFO - Connecting to Scraping Browser...
[2024-05-17T17:28:18.217+0000] {logging_mixin.py:188} INFO - Connected! Navigating to https://www.redfin.com...
[2024-05-17T17:28:31.605+0000] {logging_mixin.py:188} INFO - Searching...
[2024-05-17T17:28:39.970+0000] {logging_mixin.py:188} INFO - --------
[2024-05-17T17:28:40.045+0000] {logging_mixin.py:188} INFO - 1
[2024-05-17T17:28:40.066+0000] {logging_mixin.py:188} INFO - Navigating to Listing page: https://www.redfin.com/CA/San-Francisco/1458-Hudson-Ave-94124/home/748039
[2024-05-17T17:28:51.578+0000] {logging_mixin.py:188} INFO - Traceback (most recent call last):
  File "/opt/***/dags/includes/main.py", line 131, in run
    await page2.goto(listing["link"], wait_until="domcontentloaded", timeout=120000)
  File "/home/***/.local/lib/python3.11/site-packages/playwright/async_api/_generated.py", line 8638, in goto
    await self._impl_obj.goto(
  File "/home/***/.local/lib/python3.11/site-packages/playwright/_impl/_page.py", line 500, in goto
    return await self._main_frame.goto(**locals_to_params(locals()))
           ^^^^^^^^^^^^^^^^^^^^^^^^^^^^^^^^^^^^^^^^^^^^^^^^^^^^^^^^^
  File "/home/***/.local/lib/python3.11/site-packages/playwright/_impl/_frame.py", line 145, in goto
    await self._channel.send("goto", locals_to_params(locals()))
  File "/home/***/.local/lib/python3.11/site-packages/playwright/_impl/_connection.py", line 59, in send
    return await self._connection.wrap_api_call(
           ^^^^^^^^^^^^^^^^^^^^^^^^^^^^^^^^^^^^^
  File "/home/***/.local/lib/python3.11/site-packages/playwright/_impl/_connection.py", line 513, in wrap_api_call
    raise rewrite_error(error, f"{parsed_st['apiName']}: {error}") from None
playwright._impl._errors.Error: Page.goto: Protocol error (Page.navigate): Account is suspended. Login to brightdata.com/cp/setting/billing to activate your account (proxy_error)
Call log:
navigating to "https://www.redfin.com/CA/San-Francisco/1458-Hudson-Ave-94124/home/748039", waiting until "domcontentloaded"
[2024-05-17T17:28:52.542+0000] {python.py:237} INFO - Done. Returned value was: None
[2024-05-17T17:28:52.691+0000] {taskinstance.py:441} INFO - ::group::Post task execution logs
[2024-05-17T17:28:53.876+0000] {taskinstance.py:1206} INFO - Marking task as SUCCESS. dag_id=Webscrape, task_id=Ingest_Data, run_id=manual__2024-05-17T17:28:08.598174+00:00, execution_date=20240517T172808, start_date=20240517T172813, end_date=20240517T172853
[2024-05-17T17:28:55.483+0000] {local_task_job_runner.py:240} INFO - Task exited with return code 0
[2024-05-17T17:28:56.573+0000] {taskinstance.py:3498} INFO - 0 downstream tasks scheduled from follow-on schedule check
[2024-05-17T17:28:56.598+0000] {local_task_job_runner.py:222} INFO - ::endgroup::
