[2024-05-18T21:24:48.213+0000] {local_task_job_runner.py:120} INFO - ::group::Pre task execution logs
[2024-05-18T21:24:48.358+0000] {taskinstance.py:2076} INFO - Dependencies all met for dep_context=non-requeueable deps ti=<TaskInstance: Webscrape.Process_Send_Data manual__2024-05-18T21:24:43.075744+00:00 [queued]>
[2024-05-18T21:24:48.365+0000] {taskinstance.py:2076} INFO - Dependencies all met for dep_context=requeueable deps ti=<TaskInstance: Webscrape.Process_Send_Data manual__2024-05-18T21:24:43.075744+00:00 [queued]>
[2024-05-18T21:24:48.365+0000] {taskinstance.py:2306} INFO - Starting attempt 1 of 6
[2024-05-18T21:24:48.383+0000] {taskinstance.py:2330} INFO - Executing <Task(SparkSubmitOperator): Process_Send_Data> on 2024-05-18 21:24:43.075744+00:00
[2024-05-18T21:24:48.425+0000] {standard_task_runner.py:63} INFO - Started process 3446 to run task
[2024-05-18T21:24:48.429+0000] {standard_task_runner.py:90} INFO - Running: ['***', 'tasks', 'run', 'Webscrape', 'Process_Send_Data', 'manual__2024-05-18T21:24:43.075744+00:00', '--job-id', '284', '--raw', '--subdir', 'DAGS_FOLDER/webscrapping.py', '--cfg-path', '/tmp/tmp63m0_h9v']
[2024-05-18T21:24:48.432+0000] {standard_task_runner.py:91} INFO - Job 284: Subtask Process_Send_Data
[2024-05-18T21:24:48.965+0000] {task_command.py:426} INFO - Running <TaskInstance: Webscrape.Process_Send_Data manual__2024-05-18T21:24:43.075744+00:00 [running]> on host f3c105d69d83
[2024-05-18T21:24:49.861+0000] {taskinstance.py:2648} INFO - Exporting env vars: AIRFLOW_CTX_DAG_OWNER='svc' AIRFLOW_CTX_DAG_ID='Webscrape' AIRFLOW_CTX_TASK_ID='Process_Send_Data' AIRFLOW_CTX_EXECUTION_DATE='2024-05-18T21:24:43.075744+00:00' AIRFLOW_CTX_TRY_NUMBER='1' AIRFLOW_CTX_DAG_RUN_ID='manual__2024-05-18T21:24:43.075744+00:00'
[2024-05-18T21:24:49.870+0000] {taskinstance.py:430} INFO - ::endgroup::
[2024-05-18T21:24:50.000+0000] {base.py:84} INFO - Using connection ID 'spark_default' for task execution.
[2024-05-18T21:24:50.002+0000] {spark_submit.py:401} INFO - Spark-Submit cmd: spark-submit --master spark://spark-master:7077 --packages org.apache.spark:spark-sql-kafka-0-10_2.12:3.5.1,com.datastax.spark:spark-cassandra-connector_2.12:3.5.0,org.apache.kafka:kafka-clients:3.5.1,commons-logging:commons-logging:1.2 --name arrow-spark --deploy-mode client dags/includes/jobs/spark_consumer.py
[2024-05-18T21:24:50.610+0000] {spark_submit.py:571} INFO - /home/***/.local/lib/python3.11/site-packages/pyspark/bin/load-spark-env.sh: line 68: ps: command not found
[2024-05-18T21:24:54.134+0000] {spark_submit.py:571} INFO - :: loading settings :: url = jar:file:/home/***/.local/lib/python3.11/site-packages/pyspark/jars/ivy-2.5.1.jar!/org/apache/ivy/core/settings/ivysettings.xml
[2024-05-18T21:24:54.433+0000] {spark_submit.py:571} INFO - Ivy Default Cache set to: /home/***/.ivy2/cache
[2024-05-18T21:24:54.434+0000] {spark_submit.py:571} INFO - The jars for the packages stored in: /home/***/.ivy2/jars
[2024-05-18T21:24:54.438+0000] {spark_submit.py:571} INFO - org.apache.spark#spark-sql-kafka-0-10_2.12 added as a dependency
[2024-05-18T21:24:54.439+0000] {spark_submit.py:571} INFO - com.datastax.spark#spark-cassandra-connector_2.12 added as a dependency
[2024-05-18T21:24:54.439+0000] {spark_submit.py:571} INFO - org.apache.kafka#kafka-clients added as a dependency
[2024-05-18T21:24:54.440+0000] {spark_submit.py:571} INFO - commons-logging#commons-logging added as a dependency
[2024-05-18T21:24:54.440+0000] {spark_submit.py:571} INFO - :: resolving dependencies :: org.apache.spark#spark-submit-parent-9c93bf63-1164-4ea3-b2dd-26b700fee628;1.0
[2024-05-18T21:24:54.441+0000] {spark_submit.py:571} INFO - confs: [default]
[2024-05-18T21:24:54.645+0000] {spark_submit.py:571} INFO - found org.apache.spark#spark-sql-kafka-0-10_2.12;3.5.1 in central
[2024-05-18T21:24:54.695+0000] {spark_submit.py:571} INFO - found org.apache.spark#spark-token-provider-kafka-0-10_2.12;3.5.1 in central
[2024-05-18T21:24:54.727+0000] {spark_submit.py:571} INFO - found org.apache.hadoop#hadoop-client-runtime;3.3.4 in central
[2024-05-18T21:24:54.766+0000] {spark_submit.py:571} INFO - found org.apache.hadoop#hadoop-client-api;3.3.4 in central
[2024-05-18T21:24:54.794+0000] {spark_submit.py:571} INFO - found org.xerial.snappy#snappy-java;1.1.10.3 in central
[2024-05-18T21:24:54.821+0000] {spark_submit.py:571} INFO - found org.slf4j#slf4j-api;2.0.7 in central
[2024-05-18T21:24:54.871+0000] {spark_submit.py:571} INFO - found com.google.code.findbugs#jsr305;3.0.0 in central
[2024-05-18T21:24:54.910+0000] {spark_submit.py:571} INFO - found org.apache.commons#commons-pool2;2.11.1 in central
[2024-05-18T21:24:54.937+0000] {spark_submit.py:571} INFO - found com.datastax.spark#spark-cassandra-connector_2.12;3.5.0 in central
[2024-05-18T21:24:54.949+0000] {spark_submit.py:571} INFO - found com.datastax.spark#spark-cassandra-connector-driver_2.12;3.5.0 in central
[2024-05-18T21:24:54.962+0000] {spark_submit.py:571} INFO - found org.scala-lang.modules#scala-collection-compat_2.12;2.11.0 in central
[2024-05-18T21:24:54.988+0000] {spark_submit.py:571} INFO - found com.datastax.oss#java-driver-core-shaded;4.13.0 in central
[2024-05-18T21:24:55.030+0000] {spark_submit.py:571} INFO - found com.datastax.oss#native-protocol;1.5.0 in central
[2024-05-18T21:24:55.056+0000] {spark_submit.py:571} INFO - found com.datastax.oss#java-driver-shaded-guava;25.1-jre-graal-sub-1 in central
[2024-05-18T21:24:55.078+0000] {spark_submit.py:571} INFO - found com.typesafe#config;1.4.1 in central
[2024-05-18T21:24:55.108+0000] {spark_submit.py:571} INFO - found io.dropwizard.metrics#metrics-core;4.1.18 in central
[2024-05-18T21:24:55.131+0000] {spark_submit.py:571} INFO - found org.hdrhistogram#HdrHistogram;2.1.12 in central
[2024-05-18T21:24:55.175+0000] {spark_submit.py:571} INFO - found org.reactivestreams#reactive-streams;1.0.3 in central
[2024-05-18T21:24:55.182+0000] {spark_submit.py:571} INFO - found com.github.stephenc.jcip#jcip-annotations;1.0-1 in central
[2024-05-18T21:24:55.207+0000] {spark_submit.py:571} INFO - found com.github.spotbugs#spotbugs-annotations;3.1.12 in central
[2024-05-18T21:24:55.227+0000] {spark_submit.py:571} INFO - found com.google.code.findbugs#jsr305;3.0.2 in central
[2024-05-18T21:24:55.253+0000] {spark_submit.py:571} INFO - found com.datastax.oss#java-driver-mapper-runtime;4.13.0 in central
[2024-05-18T21:24:55.271+0000] {spark_submit.py:571} INFO - found com.datastax.oss#java-driver-query-builder;4.13.0 in central
[2024-05-18T21:24:55.313+0000] {spark_submit.py:571} INFO - found org.apache.commons#commons-lang3;3.10 in central
[2024-05-18T21:24:55.332+0000] {spark_submit.py:571} INFO - found com.thoughtworks.paranamer#paranamer;2.8 in central
[2024-05-18T21:24:55.347+0000] {spark_submit.py:571} INFO - found org.scala-lang#scala-reflect;2.12.11 in central
[2024-05-18T21:24:55.368+0000] {spark_submit.py:571} INFO - found org.apache.kafka#kafka-clients;3.5.1 in central
[2024-05-18T21:24:55.379+0000] {spark_submit.py:571} INFO - found com.github.luben#zstd-jni;1.5.5-1 in central
[2024-05-18T21:24:55.390+0000] {spark_submit.py:571} INFO - found org.lz4#lz4-java;1.8.0 in central
[2024-05-18T21:24:55.404+0000] {spark_submit.py:571} INFO - found commons-logging#commons-logging;1.2 in central
[2024-05-18T21:24:55.500+0000] {spark_submit.py:571} INFO - :: resolution report :: resolve 987ms :: artifacts dl 73ms
[2024-05-18T21:24:55.503+0000] {spark_submit.py:571} INFO - :: modules in use:
[2024-05-18T21:24:55.507+0000] {spark_submit.py:571} INFO - com.datastax.oss#java-driver-core-shaded;4.13.0 from central in [default]
[2024-05-18T21:24:55.510+0000] {spark_submit.py:571} INFO - com.datastax.oss#java-driver-mapper-runtime;4.13.0 from central in [default]
[2024-05-18T21:24:55.511+0000] {spark_submit.py:571} INFO - com.datastax.oss#java-driver-query-builder;4.13.0 from central in [default]
[2024-05-18T21:24:55.512+0000] {spark_submit.py:571} INFO - com.datastax.oss#java-driver-shaded-guava;25.1-jre-graal-sub-1 from central in [default]
[2024-05-18T21:24:55.512+0000] {spark_submit.py:571} INFO - com.datastax.oss#native-protocol;1.5.0 from central in [default]
[2024-05-18T21:24:55.513+0000] {spark_submit.py:571} INFO - com.datastax.spark#spark-cassandra-connector-driver_2.12;3.5.0 from central in [default]
[2024-05-18T21:24:55.513+0000] {spark_submit.py:571} INFO - com.datastax.spark#spark-cassandra-connector_2.12;3.5.0 from central in [default]
[2024-05-18T21:24:55.513+0000] {spark_submit.py:571} INFO - com.github.luben#zstd-jni;1.5.5-1 from central in [default]
[2024-05-18T21:24:55.514+0000] {spark_submit.py:571} INFO - com.github.spotbugs#spotbugs-annotations;3.1.12 from central in [default]
[2024-05-18T21:24:55.515+0000] {spark_submit.py:571} INFO - com.github.stephenc.jcip#jcip-annotations;1.0-1 from central in [default]
[2024-05-18T21:24:55.516+0000] {spark_submit.py:571} INFO - com.google.code.findbugs#jsr305;3.0.2 from central in [default]
[2024-05-18T21:24:55.519+0000] {spark_submit.py:571} INFO - com.thoughtworks.paranamer#paranamer;2.8 from central in [default]
[2024-05-18T21:24:55.521+0000] {spark_submit.py:571} INFO - com.typesafe#config;1.4.1 from central in [default]
[2024-05-18T21:24:55.522+0000] {spark_submit.py:571} INFO - commons-logging#commons-logging;1.2 from central in [default]
[2024-05-18T21:24:55.522+0000] {spark_submit.py:571} INFO - io.dropwizard.metrics#metrics-core;4.1.18 from central in [default]
[2024-05-18T21:24:55.523+0000] {spark_submit.py:571} INFO - org.apache.commons#commons-lang3;3.10 from central in [default]
[2024-05-18T21:24:55.525+0000] {spark_submit.py:571} INFO - org.apache.commons#commons-pool2;2.11.1 from central in [default]
[2024-05-18T21:24:55.526+0000] {spark_submit.py:571} INFO - org.apache.hadoop#hadoop-client-api;3.3.4 from central in [default]
[2024-05-18T21:24:55.527+0000] {spark_submit.py:571} INFO - org.apache.hadoop#hadoop-client-runtime;3.3.4 from central in [default]
[2024-05-18T21:24:55.527+0000] {spark_submit.py:571} INFO - org.apache.kafka#kafka-clients;3.5.1 from central in [default]
[2024-05-18T21:24:55.528+0000] {spark_submit.py:571} INFO - org.apache.spark#spark-sql-kafka-0-10_2.12;3.5.1 from central in [default]
[2024-05-18T21:24:55.529+0000] {spark_submit.py:571} INFO - org.apache.spark#spark-token-provider-kafka-0-10_2.12;3.5.1 from central in [default]
[2024-05-18T21:24:55.530+0000] {spark_submit.py:571} INFO - org.hdrhistogram#HdrHistogram;2.1.12 from central in [default]
[2024-05-18T21:24:55.530+0000] {spark_submit.py:571} INFO - org.lz4#lz4-java;1.8.0 from central in [default]
[2024-05-18T21:24:55.531+0000] {spark_submit.py:571} INFO - org.reactivestreams#reactive-streams;1.0.3 from central in [default]
[2024-05-18T21:24:55.534+0000] {spark_submit.py:571} INFO - org.scala-lang#scala-reflect;2.12.11 from central in [default]
[2024-05-18T21:24:55.535+0000] {spark_submit.py:571} INFO - org.scala-lang.modules#scala-collection-compat_2.12;2.11.0 from central in [default]
[2024-05-18T21:24:55.535+0000] {spark_submit.py:571} INFO - org.slf4j#slf4j-api;2.0.7 from central in [default]
[2024-05-18T21:24:55.536+0000] {spark_submit.py:571} INFO - org.xerial.snappy#snappy-java;1.1.10.3 from central in [default]
[2024-05-18T21:24:55.537+0000] {spark_submit.py:571} INFO - :: evicted modules:
[2024-05-18T21:24:55.538+0000] {spark_submit.py:571} INFO - org.apache.kafka#kafka-clients;3.4.1 by [org.apache.kafka#kafka-clients;3.5.1] in [default]
[2024-05-18T21:24:55.540+0000] {spark_submit.py:571} INFO - commons-logging#commons-logging;1.1.3 by [commons-logging#commons-logging;1.2] in [default]
[2024-05-18T21:24:55.540+0000] {spark_submit.py:571} INFO - com.google.code.findbugs#jsr305;3.0.0 by [com.google.code.findbugs#jsr305;3.0.2] in [default]
[2024-05-18T21:24:55.541+0000] {spark_submit.py:571} INFO - org.slf4j#slf4j-api;1.7.26 by [org.slf4j#slf4j-api;2.0.7] in [default]
[2024-05-18T21:24:55.542+0000] {spark_submit.py:571} INFO - org.xerial.snappy#snappy-java;1.1.10.1 by [org.xerial.snappy#snappy-java;1.1.10.3] in [default]
[2024-05-18T21:24:55.542+0000] {spark_submit.py:571} INFO - org.slf4j#slf4j-api;1.7.36 by [org.slf4j#slf4j-api;2.0.7] in [default]
[2024-05-18T21:24:55.543+0000] {spark_submit.py:571} INFO - ---------------------------------------------------------------------
[2024-05-18T21:24:55.544+0000] {spark_submit.py:571} INFO - |                  |            modules            ||   artifacts   |
[2024-05-18T21:24:55.544+0000] {spark_submit.py:571} INFO - |       conf       | number| search|dwnlded|evicted|| number|dwnlded|
[2024-05-18T21:24:55.545+0000] {spark_submit.py:571} INFO - ---------------------------------------------------------------------
[2024-05-18T21:24:55.545+0000] {spark_submit.py:571} INFO - |      default     |   35  |   0   |   0   |   6   ||   29  |   0   |
[2024-05-18T21:24:55.546+0000] {spark_submit.py:571} INFO - ---------------------------------------------------------------------
[2024-05-18T21:24:55.546+0000] {spark_submit.py:571} INFO - :: retrieving :: org.apache.spark#spark-submit-parent-9c93bf63-1164-4ea3-b2dd-26b700fee628
[2024-05-18T21:24:55.546+0000] {spark_submit.py:571} INFO - confs: [default]
[2024-05-18T21:24:55.547+0000] {spark_submit.py:571} INFO - 0 artifacts copied, 29 already retrieved (0kB/20ms)
[2024-05-18T21:24:55.958+0000] {spark_submit.py:571} INFO - 24/05/18 21:24:55 WARN NativeCodeLoader: Unable to load native-hadoop library for your platform... using builtin-java classes where applicable
[2024-05-18T21:24:58.733+0000] {spark_submit.py:571} INFO - 24/05/18 21:24:58 INFO SparkContext: Running Spark version 3.5.1
[2024-05-18T21:24:58.752+0000] {spark_submit.py:571} INFO - 24/05/18 21:24:58 INFO SparkContext: OS info Linux, 6.6.26-linuxkit, aarch64
[2024-05-18T21:24:58.754+0000] {spark_submit.py:571} INFO - 24/05/18 21:24:58 INFO SparkContext: Java version 11.0.23
[2024-05-18T21:24:58.780+0000] {spark_submit.py:571} INFO - 24/05/18 21:24:58 INFO ResourceUtils: ==============================================================
[2024-05-18T21:24:58.781+0000] {spark_submit.py:571} INFO - 24/05/18 21:24:58 INFO ResourceUtils: No custom resources configured for spark.driver.
[2024-05-18T21:24:58.782+0000] {spark_submit.py:571} INFO - 24/05/18 21:24:58 INFO ResourceUtils: ==============================================================
[2024-05-18T21:24:58.782+0000] {spark_submit.py:571} INFO - 24/05/18 21:24:58 INFO SparkContext: Submitted application: Redfin_Properties_Consumer
[2024-05-18T21:24:58.842+0000] {spark_submit.py:571} INFO - 24/05/18 21:24:58 INFO ResourceProfile: Default ResourceProfile created, executor resources: Map(memory -> name: memory, amount: 1024, script: , vendor: , offHeap -> name: offHeap, amount: 0, script: , vendor: ), task resources: Map(cpus -> name: cpus, amount: 1.0)
[2024-05-18T21:24:58.859+0000] {spark_submit.py:571} INFO - 24/05/18 21:24:58 INFO ResourceProfile: Limiting resource is cpu
[2024-05-18T21:24:58.860+0000] {spark_submit.py:571} INFO - 24/05/18 21:24:58 INFO ResourceProfileManager: Added ResourceProfile id: 0
[2024-05-18T21:24:58.929+0000] {spark_submit.py:571} INFO - 24/05/18 21:24:58 INFO SecurityManager: Changing view acls to: ***
[2024-05-18T21:24:58.932+0000] {spark_submit.py:571} INFO - 24/05/18 21:24:58 INFO SecurityManager: Changing modify acls to: ***
[2024-05-18T21:24:58.932+0000] {spark_submit.py:571} INFO - 24/05/18 21:24:58 INFO SecurityManager: Changing view acls groups to:
[2024-05-18T21:24:58.932+0000] {spark_submit.py:571} INFO - 24/05/18 21:24:58 INFO SecurityManager: Changing modify acls groups to:
[2024-05-18T21:24:58.932+0000] {spark_submit.py:571} INFO - 24/05/18 21:24:58 INFO SecurityManager: SecurityManager: authentication disabled; ui acls disabled; users with view permissions: ***; groups with view permissions: EMPTY; users with modify permissions: ***; groups with modify permissions: EMPTY
[2024-05-18T21:24:59.142+0000] {spark_submit.py:571} INFO - 24/05/18 21:24:59 INFO Utils: Successfully started service 'sparkDriver' on port 39723.
[2024-05-18T21:24:59.167+0000] {spark_submit.py:571} INFO - 24/05/18 21:24:59 INFO SparkEnv: Registering MapOutputTracker
[2024-05-18T21:24:59.239+0000] {spark_submit.py:571} INFO - 24/05/18 21:24:59 INFO SparkEnv: Registering BlockManagerMaster
[2024-05-18T21:24:59.278+0000] {spark_submit.py:571} INFO - 24/05/18 21:24:59 INFO BlockManagerMasterEndpoint: Using org.apache.spark.storage.DefaultTopologyMapper for getting topology information
[2024-05-18T21:24:59.279+0000] {spark_submit.py:571} INFO - 24/05/18 21:24:59 INFO BlockManagerMasterEndpoint: BlockManagerMasterEndpoint up
[2024-05-18T21:24:59.285+0000] {spark_submit.py:571} INFO - 24/05/18 21:24:59 INFO SparkEnv: Registering BlockManagerMasterHeartbeat
[2024-05-18T21:24:59.323+0000] {spark_submit.py:571} INFO - 24/05/18 21:24:59 INFO DiskBlockManager: Created local directory at /tmp/blockmgr-26a2cb94-6747-4159-8def-0d4bcd8c0436
[2024-05-18T21:24:59.349+0000] {spark_submit.py:571} INFO - 24/05/18 21:24:59 INFO MemoryStore: MemoryStore started with capacity 434.4 MiB
[2024-05-18T21:24:59.368+0000] {spark_submit.py:571} INFO - 24/05/18 21:24:59 INFO SparkEnv: Registering OutputCommitCoordinator
[2024-05-18T21:24:59.516+0000] {spark_submit.py:571} INFO - 24/05/18 21:24:59 INFO JettyUtils: Start Jetty 0.0.0.0:4040 for SparkUI
[2024-05-18T21:24:59.591+0000] {spark_submit.py:571} INFO - 24/05/18 21:24:59 INFO Utils: Successfully started service 'SparkUI' on port 4040.
[2024-05-18T21:24:59.626+0000] {spark_submit.py:571} INFO - 24/05/18 21:24:59 INFO SparkContext: Added JAR file:///home/***/.ivy2/jars/org.apache.spark_spark-sql-kafka-0-10_2.12-3.5.1.jar at spark://f3c105d69d83:39723/jars/org.apache.spark_spark-sql-kafka-0-10_2.12-3.5.1.jar with timestamp 1716067498706
[2024-05-18T21:24:59.627+0000] {spark_submit.py:571} INFO - 24/05/18 21:24:59 INFO SparkContext: Added JAR file:///home/***/.ivy2/jars/com.datastax.spark_spark-cassandra-connector_2.12-3.5.0.jar at spark://f3c105d69d83:39723/jars/com.datastax.spark_spark-cassandra-connector_2.12-3.5.0.jar with timestamp 1716067498706
[2024-05-18T21:24:59.627+0000] {spark_submit.py:571} INFO - 24/05/18 21:24:59 INFO SparkContext: Added JAR file:///home/***/.ivy2/jars/org.apache.kafka_kafka-clients-3.5.1.jar at spark://f3c105d69d83:39723/jars/org.apache.kafka_kafka-clients-3.5.1.jar with timestamp 1716067498706
[2024-05-18T21:24:59.627+0000] {spark_submit.py:571} INFO - 24/05/18 21:24:59 INFO SparkContext: Added JAR file:///home/***/.ivy2/jars/commons-logging_commons-logging-1.2.jar at spark://f3c105d69d83:39723/jars/commons-logging_commons-logging-1.2.jar with timestamp 1716067498706
[2024-05-18T21:24:59.628+0000] {spark_submit.py:571} INFO - 24/05/18 21:24:59 INFO SparkContext: Added JAR file:///home/***/.ivy2/jars/org.apache.spark_spark-token-provider-kafka-0-10_2.12-3.5.1.jar at spark://f3c105d69d83:39723/jars/org.apache.spark_spark-token-provider-kafka-0-10_2.12-3.5.1.jar with timestamp 1716067498706
[2024-05-18T21:24:59.628+0000] {spark_submit.py:571} INFO - 24/05/18 21:24:59 INFO SparkContext: Added JAR file:///home/***/.ivy2/jars/org.apache.commons_commons-pool2-2.11.1.jar at spark://f3c105d69d83:39723/jars/org.apache.commons_commons-pool2-2.11.1.jar with timestamp 1716067498706
[2024-05-18T21:24:59.628+0000] {spark_submit.py:571} INFO - 24/05/18 21:24:59 INFO SparkContext: Added JAR file:///home/***/.ivy2/jars/org.apache.hadoop_hadoop-client-runtime-3.3.4.jar at spark://f3c105d69d83:39723/jars/org.apache.hadoop_hadoop-client-runtime-3.3.4.jar with timestamp 1716067498706
[2024-05-18T21:24:59.628+0000] {spark_submit.py:571} INFO - 24/05/18 21:24:59 INFO SparkContext: Added JAR file:///home/***/.ivy2/jars/org.apache.hadoop_hadoop-client-api-3.3.4.jar at spark://f3c105d69d83:39723/jars/org.apache.hadoop_hadoop-client-api-3.3.4.jar with timestamp 1716067498706
[2024-05-18T21:24:59.629+0000] {spark_submit.py:571} INFO - 24/05/18 21:24:59 INFO SparkContext: Added JAR file:///home/***/.ivy2/jars/org.xerial.snappy_snappy-java-1.1.10.3.jar at spark://f3c105d69d83:39723/jars/org.xerial.snappy_snappy-java-1.1.10.3.jar with timestamp 1716067498706
[2024-05-18T21:24:59.629+0000] {spark_submit.py:571} INFO - 24/05/18 21:24:59 INFO SparkContext: Added JAR file:///home/***/.ivy2/jars/org.slf4j_slf4j-api-2.0.7.jar at spark://f3c105d69d83:39723/jars/org.slf4j_slf4j-api-2.0.7.jar with timestamp 1716067498706
[2024-05-18T21:24:59.630+0000] {spark_submit.py:571} INFO - 24/05/18 21:24:59 INFO SparkContext: Added JAR file:///home/***/.ivy2/jars/com.datastax.spark_spark-cassandra-connector-driver_2.12-3.5.0.jar at spark://f3c105d69d83:39723/jars/com.datastax.spark_spark-cassandra-connector-driver_2.12-3.5.0.jar with timestamp 1716067498706
[2024-05-18T21:24:59.630+0000] {spark_submit.py:571} INFO - 24/05/18 21:24:59 INFO SparkContext: Added JAR file:///home/***/.ivy2/jars/org.scala-lang.modules_scala-collection-compat_2.12-2.11.0.jar at spark://f3c105d69d83:39723/jars/org.scala-lang.modules_scala-collection-compat_2.12-2.11.0.jar with timestamp 1716067498706
[2024-05-18T21:24:59.630+0000] {spark_submit.py:571} INFO - 24/05/18 21:24:59 INFO SparkContext: Added JAR file:///home/***/.ivy2/jars/com.datastax.oss_java-driver-core-shaded-4.13.0.jar at spark://f3c105d69d83:39723/jars/com.datastax.oss_java-driver-core-shaded-4.13.0.jar with timestamp 1716067498706
[2024-05-18T21:24:59.630+0000] {spark_submit.py:571} INFO - 24/05/18 21:24:59 INFO SparkContext: Added JAR file:///home/***/.ivy2/jars/com.datastax.oss_java-driver-mapper-runtime-4.13.0.jar at spark://f3c105d69d83:39723/jars/com.datastax.oss_java-driver-mapper-runtime-4.13.0.jar with timestamp 1716067498706
[2024-05-18T21:24:59.631+0000] {spark_submit.py:571} INFO - 24/05/18 21:24:59 INFO SparkContext: Added JAR file:///home/***/.ivy2/jars/org.apache.commons_commons-lang3-3.10.jar at spark://f3c105d69d83:39723/jars/org.apache.commons_commons-lang3-3.10.jar with timestamp 1716067498706
[2024-05-18T21:24:59.632+0000] {spark_submit.py:571} INFO - 24/05/18 21:24:59 INFO SparkContext: Added JAR file:///home/***/.ivy2/jars/com.thoughtworks.paranamer_paranamer-2.8.jar at spark://f3c105d69d83:39723/jars/com.thoughtworks.paranamer_paranamer-2.8.jar with timestamp 1716067498706
[2024-05-18T21:24:59.632+0000] {spark_submit.py:571} INFO - 24/05/18 21:24:59 INFO SparkContext: Added JAR file:///home/***/.ivy2/jars/org.scala-lang_scala-reflect-2.12.11.jar at spark://f3c105d69d83:39723/jars/org.scala-lang_scala-reflect-2.12.11.jar with timestamp 1716067498706
[2024-05-18T21:24:59.632+0000] {spark_submit.py:571} INFO - 24/05/18 21:24:59 INFO SparkContext: Added JAR file:///home/***/.ivy2/jars/com.datastax.oss_native-protocol-1.5.0.jar at spark://f3c105d69d83:39723/jars/com.datastax.oss_native-protocol-1.5.0.jar with timestamp 1716067498706
[2024-05-18T21:24:59.632+0000] {spark_submit.py:571} INFO - 24/05/18 21:24:59 INFO SparkContext: Added JAR file:///home/***/.ivy2/jars/com.datastax.oss_java-driver-shaded-guava-25.1-jre-graal-sub-1.jar at spark://f3c105d69d83:39723/jars/com.datastax.oss_java-driver-shaded-guava-25.1-jre-graal-sub-1.jar with timestamp 1716067498706
[2024-05-18T21:24:59.632+0000] {spark_submit.py:571} INFO - 24/05/18 21:24:59 INFO SparkContext: Added JAR file:///home/***/.ivy2/jars/com.typesafe_config-1.4.1.jar at spark://f3c105d69d83:39723/jars/com.typesafe_config-1.4.1.jar with timestamp 1716067498706
[2024-05-18T21:24:59.633+0000] {spark_submit.py:571} INFO - 24/05/18 21:24:59 INFO SparkContext: Added JAR file:///home/***/.ivy2/jars/io.dropwizard.metrics_metrics-core-4.1.18.jar at spark://f3c105d69d83:39723/jars/io.dropwizard.metrics_metrics-core-4.1.18.jar with timestamp 1716067498706
[2024-05-18T21:24:59.633+0000] {spark_submit.py:571} INFO - 24/05/18 21:24:59 INFO SparkContext: Added JAR file:///home/***/.ivy2/jars/org.hdrhistogram_HdrHistogram-2.1.12.jar at spark://f3c105d69d83:39723/jars/org.hdrhistogram_HdrHistogram-2.1.12.jar with timestamp 1716067498706
[2024-05-18T21:24:59.633+0000] {spark_submit.py:571} INFO - 24/05/18 21:24:59 INFO SparkContext: Added JAR file:///home/***/.ivy2/jars/org.reactivestreams_reactive-streams-1.0.3.jar at spark://f3c105d69d83:39723/jars/org.reactivestreams_reactive-streams-1.0.3.jar with timestamp 1716067498706
[2024-05-18T21:24:59.633+0000] {spark_submit.py:571} INFO - 24/05/18 21:24:59 INFO SparkContext: Added JAR file:///home/***/.ivy2/jars/com.github.stephenc.jcip_jcip-annotations-1.0-1.jar at spark://f3c105d69d83:39723/jars/com.github.stephenc.jcip_jcip-annotations-1.0-1.jar with timestamp 1716067498706
[2024-05-18T21:24:59.634+0000] {spark_submit.py:571} INFO - 24/05/18 21:24:59 INFO SparkContext: Added JAR file:///home/***/.ivy2/jars/com.github.spotbugs_spotbugs-annotations-3.1.12.jar at spark://f3c105d69d83:39723/jars/com.github.spotbugs_spotbugs-annotations-3.1.12.jar with timestamp 1716067498706
[2024-05-18T21:24:59.634+0000] {spark_submit.py:571} INFO - 24/05/18 21:24:59 INFO SparkContext: Added JAR file:///home/***/.ivy2/jars/com.google.code.findbugs_jsr305-3.0.2.jar at spark://f3c105d69d83:39723/jars/com.google.code.findbugs_jsr305-3.0.2.jar with timestamp 1716067498706
[2024-05-18T21:24:59.634+0000] {spark_submit.py:571} INFO - 24/05/18 21:24:59 INFO SparkContext: Added JAR file:///home/***/.ivy2/jars/com.datastax.oss_java-driver-query-builder-4.13.0.jar at spark://f3c105d69d83:39723/jars/com.datastax.oss_java-driver-query-builder-4.13.0.jar with timestamp 1716067498706
[2024-05-18T21:24:59.634+0000] {spark_submit.py:571} INFO - 24/05/18 21:24:59 INFO SparkContext: Added JAR file:///home/***/.ivy2/jars/com.github.luben_zstd-jni-1.5.5-1.jar at spark://f3c105d69d83:39723/jars/com.github.luben_zstd-jni-1.5.5-1.jar with timestamp 1716067498706
[2024-05-18T21:24:59.634+0000] {spark_submit.py:571} INFO - 24/05/18 21:24:59 INFO SparkContext: Added JAR file:///home/***/.ivy2/jars/org.lz4_lz4-java-1.8.0.jar at spark://f3c105d69d83:39723/jars/org.lz4_lz4-java-1.8.0.jar with timestamp 1716067498706
[2024-05-18T21:24:59.634+0000] {spark_submit.py:571} INFO - 24/05/18 21:24:59 INFO SparkContext: Added file file:///home/***/.ivy2/jars/org.apache.spark_spark-sql-kafka-0-10_2.12-3.5.1.jar at spark://f3c105d69d83:39723/files/org.apache.spark_spark-sql-kafka-0-10_2.12-3.5.1.jar with timestamp 1716067498706
[2024-05-18T21:24:59.635+0000] {spark_submit.py:571} INFO - 24/05/18 21:24:59 INFO Utils: Copying /home/***/.ivy2/jars/org.apache.spark_spark-sql-kafka-0-10_2.12-3.5.1.jar to /tmp/spark-0e3c2295-2dbe-4ac6-9738-66ebcc1bcc89/userFiles-11ad73bb-af6a-4a60-af1d-6ece617d7a50/org.apache.spark_spark-sql-kafka-0-10_2.12-3.5.1.jar
[2024-05-18T21:24:59.676+0000] {spark_submit.py:571} INFO - 24/05/18 21:24:59 INFO SparkContext: Added file file:///home/***/.ivy2/jars/com.datastax.spark_spark-cassandra-connector_2.12-3.5.0.jar at spark://f3c105d69d83:39723/files/com.datastax.spark_spark-cassandra-connector_2.12-3.5.0.jar with timestamp 1716067498706
[2024-05-18T21:24:59.677+0000] {spark_submit.py:571} INFO - 24/05/18 21:24:59 INFO Utils: Copying /home/***/.ivy2/jars/com.datastax.spark_spark-cassandra-connector_2.12-3.5.0.jar to /tmp/spark-0e3c2295-2dbe-4ac6-9738-66ebcc1bcc89/userFiles-11ad73bb-af6a-4a60-af1d-6ece617d7a50/com.datastax.spark_spark-cassandra-connector_2.12-3.5.0.jar
[2024-05-18T21:24:59.705+0000] {spark_submit.py:571} INFO - 24/05/18 21:24:59 INFO SparkContext: Added file file:///home/***/.ivy2/jars/org.apache.kafka_kafka-clients-3.5.1.jar at spark://f3c105d69d83:39723/files/org.apache.kafka_kafka-clients-3.5.1.jar with timestamp 1716067498706
[2024-05-18T21:24:59.706+0000] {spark_submit.py:571} INFO - 24/05/18 21:24:59 INFO Utils: Copying /home/***/.ivy2/jars/org.apache.kafka_kafka-clients-3.5.1.jar to /tmp/spark-0e3c2295-2dbe-4ac6-9738-66ebcc1bcc89/userFiles-11ad73bb-af6a-4a60-af1d-6ece617d7a50/org.apache.kafka_kafka-clients-3.5.1.jar
[2024-05-18T21:24:59.767+0000] {spark_submit.py:571} INFO - 24/05/18 21:24:59 INFO SparkContext: Added file file:///home/***/.ivy2/jars/commons-logging_commons-logging-1.2.jar at spark://f3c105d69d83:39723/files/commons-logging_commons-logging-1.2.jar with timestamp 1716067498706
[2024-05-18T21:24:59.768+0000] {spark_submit.py:571} INFO - 24/05/18 21:24:59 INFO Utils: Copying /home/***/.ivy2/jars/commons-logging_commons-logging-1.2.jar to /tmp/spark-0e3c2295-2dbe-4ac6-9738-66ebcc1bcc89/userFiles-11ad73bb-af6a-4a60-af1d-6ece617d7a50/commons-logging_commons-logging-1.2.jar
[2024-05-18T21:24:59.782+0000] {spark_submit.py:571} INFO - 24/05/18 21:24:59 INFO SparkContext: Added file file:///home/***/.ivy2/jars/org.apache.spark_spark-token-provider-kafka-0-10_2.12-3.5.1.jar at spark://f3c105d69d83:39723/files/org.apache.spark_spark-token-provider-kafka-0-10_2.12-3.5.1.jar with timestamp 1716067498706
[2024-05-18T21:24:59.784+0000] {spark_submit.py:571} INFO - 24/05/18 21:24:59 INFO Utils: Copying /home/***/.ivy2/jars/org.apache.spark_spark-token-provider-kafka-0-10_2.12-3.5.1.jar to /tmp/spark-0e3c2295-2dbe-4ac6-9738-66ebcc1bcc89/userFiles-11ad73bb-af6a-4a60-af1d-6ece617d7a50/org.apache.spark_spark-token-provider-kafka-0-10_2.12-3.5.1.jar
[2024-05-18T21:24:59.790+0000] {spark_submit.py:571} INFO - 24/05/18 21:24:59 INFO SparkContext: Added file file:///home/***/.ivy2/jars/org.apache.commons_commons-pool2-2.11.1.jar at spark://f3c105d69d83:39723/files/org.apache.commons_commons-pool2-2.11.1.jar with timestamp 1716067498706
[2024-05-18T21:24:59.791+0000] {spark_submit.py:571} INFO - 24/05/18 21:24:59 INFO Utils: Copying /home/***/.ivy2/jars/org.apache.commons_commons-pool2-2.11.1.jar to /tmp/spark-0e3c2295-2dbe-4ac6-9738-66ebcc1bcc89/userFiles-11ad73bb-af6a-4a60-af1d-6ece617d7a50/org.apache.commons_commons-pool2-2.11.1.jar
[2024-05-18T21:24:59.805+0000] {spark_submit.py:571} INFO - 24/05/18 21:24:59 INFO SparkContext: Added file file:///home/***/.ivy2/jars/org.apache.hadoop_hadoop-client-runtime-3.3.4.jar at spark://f3c105d69d83:39723/files/org.apache.hadoop_hadoop-client-runtime-3.3.4.jar with timestamp 1716067498706
[2024-05-18T21:24:59.808+0000] {spark_submit.py:571} INFO - 24/05/18 21:24:59 INFO Utils: Copying /home/***/.ivy2/jars/org.apache.hadoop_hadoop-client-runtime-3.3.4.jar to /tmp/spark-0e3c2295-2dbe-4ac6-9738-66ebcc1bcc89/userFiles-11ad73bb-af6a-4a60-af1d-6ece617d7a50/org.apache.hadoop_hadoop-client-runtime-3.3.4.jar
[2024-05-18T21:25:00.378+0000] {spark_submit.py:571} INFO - 24/05/18 21:25:00 INFO SparkContext: Added file file:///home/***/.ivy2/jars/org.apache.hadoop_hadoop-client-api-3.3.4.jar at spark://f3c105d69d83:39723/files/org.apache.hadoop_hadoop-client-api-3.3.4.jar with timestamp 1716067498706
[2024-05-18T21:25:00.379+0000] {spark_submit.py:571} INFO - 24/05/18 21:25:00 INFO Utils: Copying /home/***/.ivy2/jars/org.apache.hadoop_hadoop-client-api-3.3.4.jar to /tmp/spark-0e3c2295-2dbe-4ac6-9738-66ebcc1bcc89/userFiles-11ad73bb-af6a-4a60-af1d-6ece617d7a50/org.apache.hadoop_hadoop-client-api-3.3.4.jar
[2024-05-18T21:25:00.610+0000] {spark_submit.py:571} INFO - 24/05/18 21:25:00 INFO SparkContext: Added file file:///home/***/.ivy2/jars/org.xerial.snappy_snappy-java-1.1.10.3.jar at spark://f3c105d69d83:39723/files/org.xerial.snappy_snappy-java-1.1.10.3.jar with timestamp 1716067498706
[2024-05-18T21:25:00.611+0000] {spark_submit.py:571} INFO - 24/05/18 21:25:00 INFO Utils: Copying /home/***/.ivy2/jars/org.xerial.snappy_snappy-java-1.1.10.3.jar to /tmp/spark-0e3c2295-2dbe-4ac6-9738-66ebcc1bcc89/userFiles-11ad73bb-af6a-4a60-af1d-6ece617d7a50/org.xerial.snappy_snappy-java-1.1.10.3.jar
[2024-05-18T21:25:00.637+0000] {spark_submit.py:571} INFO - 24/05/18 21:25:00 INFO SparkContext: Added file file:///home/***/.ivy2/jars/org.slf4j_slf4j-api-2.0.7.jar at spark://f3c105d69d83:39723/files/org.slf4j_slf4j-api-2.0.7.jar with timestamp 1716067498706
[2024-05-18T21:25:00.638+0000] {spark_submit.py:571} INFO - 24/05/18 21:25:00 INFO Utils: Copying /home/***/.ivy2/jars/org.slf4j_slf4j-api-2.0.7.jar to /tmp/spark-0e3c2295-2dbe-4ac6-9738-66ebcc1bcc89/userFiles-11ad73bb-af6a-4a60-af1d-6ece617d7a50/org.slf4j_slf4j-api-2.0.7.jar
[2024-05-18T21:25:00.643+0000] {spark_submit.py:571} INFO - 24/05/18 21:25:00 INFO SparkContext: Added file file:///home/***/.ivy2/jars/com.datastax.spark_spark-cassandra-connector-driver_2.12-3.5.0.jar at spark://f3c105d69d83:39723/files/com.datastax.spark_spark-cassandra-connector-driver_2.12-3.5.0.jar with timestamp 1716067498706
[2024-05-18T21:25:00.643+0000] {spark_submit.py:571} INFO - 24/05/18 21:25:00 INFO Utils: Copying /home/***/.ivy2/jars/com.datastax.spark_spark-cassandra-connector-driver_2.12-3.5.0.jar to /tmp/spark-0e3c2295-2dbe-4ac6-9738-66ebcc1bcc89/userFiles-11ad73bb-af6a-4a60-af1d-6ece617d7a50/com.datastax.spark_spark-cassandra-connector-driver_2.12-3.5.0.jar
[2024-05-18T21:25:00.695+0000] {spark_submit.py:571} INFO - 24/05/18 21:25:00 INFO SparkContext: Added file file:///home/***/.ivy2/jars/org.scala-lang.modules_scala-collection-compat_2.12-2.11.0.jar at spark://f3c105d69d83:39723/files/org.scala-lang.modules_scala-collection-compat_2.12-2.11.0.jar with timestamp 1716067498706
[2024-05-18T21:25:00.695+0000] {spark_submit.py:571} INFO - 24/05/18 21:25:00 INFO Utils: Copying /home/***/.ivy2/jars/org.scala-lang.modules_scala-collection-compat_2.12-2.11.0.jar to /tmp/spark-0e3c2295-2dbe-4ac6-9738-66ebcc1bcc89/userFiles-11ad73bb-af6a-4a60-af1d-6ece617d7a50/org.scala-lang.modules_scala-collection-compat_2.12-2.11.0.jar
[2024-05-18T21:25:00.710+0000] {spark_submit.py:571} INFO - 24/05/18 21:25:00 INFO SparkContext: Added file file:///home/***/.ivy2/jars/com.datastax.oss_java-driver-core-shaded-4.13.0.jar at spark://f3c105d69d83:39723/files/com.datastax.oss_java-driver-core-shaded-4.13.0.jar with timestamp 1716067498706
[2024-05-18T21:25:00.712+0000] {spark_submit.py:571} INFO - 24/05/18 21:25:00 INFO Utils: Copying /home/***/.ivy2/jars/com.datastax.oss_java-driver-core-shaded-4.13.0.jar to /tmp/spark-0e3c2295-2dbe-4ac6-9738-66ebcc1bcc89/userFiles-11ad73bb-af6a-4a60-af1d-6ece617d7a50/com.datastax.oss_java-driver-core-shaded-4.13.0.jar
[2024-05-18T21:25:00.851+0000] {spark_submit.py:571} INFO - 24/05/18 21:25:00 INFO SparkContext: Added file file:///home/***/.ivy2/jars/com.datastax.oss_java-driver-mapper-runtime-4.13.0.jar at spark://f3c105d69d83:39723/files/com.datastax.oss_java-driver-mapper-runtime-4.13.0.jar with timestamp 1716067498706
[2024-05-18T21:25:00.854+0000] {spark_submit.py:571} INFO - 24/05/18 21:25:00 INFO Utils: Copying /home/***/.ivy2/jars/com.datastax.oss_java-driver-mapper-runtime-4.13.0.jar to /tmp/spark-0e3c2295-2dbe-4ac6-9738-66ebcc1bcc89/userFiles-11ad73bb-af6a-4a60-af1d-6ece617d7a50/com.datastax.oss_java-driver-mapper-runtime-4.13.0.jar
[2024-05-18T21:25:00.873+0000] {spark_submit.py:571} INFO - 24/05/18 21:25:00 INFO SparkContext: Added file file:///home/***/.ivy2/jars/org.apache.commons_commons-lang3-3.10.jar at spark://f3c105d69d83:39723/files/org.apache.commons_commons-lang3-3.10.jar with timestamp 1716067498706
[2024-05-18T21:25:00.874+0000] {spark_submit.py:571} INFO - 24/05/18 21:25:00 INFO Utils: Copying /home/***/.ivy2/jars/org.apache.commons_commons-lang3-3.10.jar to /tmp/spark-0e3c2295-2dbe-4ac6-9738-66ebcc1bcc89/userFiles-11ad73bb-af6a-4a60-af1d-6ece617d7a50/org.apache.commons_commons-lang3-3.10.jar
[2024-05-18T21:25:00.897+0000] {spark_submit.py:571} INFO - 24/05/18 21:25:00 INFO SparkContext: Added file file:///home/***/.ivy2/jars/com.thoughtworks.paranamer_paranamer-2.8.jar at spark://f3c105d69d83:39723/files/com.thoughtworks.paranamer_paranamer-2.8.jar with timestamp 1716067498706
[2024-05-18T21:25:00.900+0000] {spark_submit.py:571} INFO - 24/05/18 21:25:00 INFO Utils: Copying /home/***/.ivy2/jars/com.thoughtworks.paranamer_paranamer-2.8.jar to /tmp/spark-0e3c2295-2dbe-4ac6-9738-66ebcc1bcc89/userFiles-11ad73bb-af6a-4a60-af1d-6ece617d7a50/com.thoughtworks.paranamer_paranamer-2.8.jar
[2024-05-18T21:25:01.046+0000] {spark_submit.py:571} INFO - 24/05/18 21:25:01 INFO SparkContext: Added file file:///home/***/.ivy2/jars/org.scala-lang_scala-reflect-2.12.11.jar at spark://f3c105d69d83:39723/files/org.scala-lang_scala-reflect-2.12.11.jar with timestamp 1716067498706
[2024-05-18T21:25:01.049+0000] {spark_submit.py:571} INFO - 24/05/18 21:25:01 INFO Utils: Copying /home/***/.ivy2/jars/org.scala-lang_scala-reflect-2.12.11.jar to /tmp/spark-0e3c2295-2dbe-4ac6-9738-66ebcc1bcc89/userFiles-11ad73bb-af6a-4a60-af1d-6ece617d7a50/org.scala-lang_scala-reflect-2.12.11.jar
[2024-05-18T21:25:01.131+0000] {spark_submit.py:571} INFO - 24/05/18 21:25:01 INFO SparkContext: Added file file:///home/***/.ivy2/jars/com.datastax.oss_native-protocol-1.5.0.jar at spark://f3c105d69d83:39723/files/com.datastax.oss_native-protocol-1.5.0.jar with timestamp 1716067498706
[2024-05-18T21:25:01.135+0000] {spark_submit.py:571} INFO - 24/05/18 21:25:01 INFO Utils: Copying /home/***/.ivy2/jars/com.datastax.oss_native-protocol-1.5.0.jar to /tmp/spark-0e3c2295-2dbe-4ac6-9738-66ebcc1bcc89/userFiles-11ad73bb-af6a-4a60-af1d-6ece617d7a50/com.datastax.oss_native-protocol-1.5.0.jar
[2024-05-18T21:25:01.141+0000] {spark_submit.py:571} INFO - 24/05/18 21:25:01 INFO SparkContext: Added file file:///home/***/.ivy2/jars/com.datastax.oss_java-driver-shaded-guava-25.1-jre-graal-sub-1.jar at spark://f3c105d69d83:39723/files/com.datastax.oss_java-driver-shaded-guava-25.1-jre-graal-sub-1.jar with timestamp 1716067498706
[2024-05-18T21:25:01.141+0000] {spark_submit.py:571} INFO - 24/05/18 21:25:01 INFO Utils: Copying /home/***/.ivy2/jars/com.datastax.oss_java-driver-shaded-guava-25.1-jre-graal-sub-1.jar to /tmp/spark-0e3c2295-2dbe-4ac6-9738-66ebcc1bcc89/userFiles-11ad73bb-af6a-4a60-af1d-6ece617d7a50/com.datastax.oss_java-driver-shaded-guava-25.1-jre-graal-sub-1.jar
[2024-05-18T21:25:01.163+0000] {spark_submit.py:571} INFO - 24/05/18 21:25:01 INFO SparkContext: Added file file:///home/***/.ivy2/jars/com.typesafe_config-1.4.1.jar at spark://f3c105d69d83:39723/files/com.typesafe_config-1.4.1.jar with timestamp 1716067498706
[2024-05-18T21:25:01.164+0000] {spark_submit.py:571} INFO - 24/05/18 21:25:01 INFO Utils: Copying /home/***/.ivy2/jars/com.typesafe_config-1.4.1.jar to /tmp/spark-0e3c2295-2dbe-4ac6-9738-66ebcc1bcc89/userFiles-11ad73bb-af6a-4a60-af1d-6ece617d7a50/com.typesafe_config-1.4.1.jar
[2024-05-18T21:25:01.187+0000] {spark_submit.py:571} INFO - 24/05/18 21:25:01 INFO SparkContext: Added file file:///home/***/.ivy2/jars/io.dropwizard.metrics_metrics-core-4.1.18.jar at spark://f3c105d69d83:39723/files/io.dropwizard.metrics_metrics-core-4.1.18.jar with timestamp 1716067498706
[2024-05-18T21:25:01.187+0000] {spark_submit.py:571} INFO - 24/05/18 21:25:01 INFO Utils: Copying /home/***/.ivy2/jars/io.dropwizard.metrics_metrics-core-4.1.18.jar to /tmp/spark-0e3c2295-2dbe-4ac6-9738-66ebcc1bcc89/userFiles-11ad73bb-af6a-4a60-af1d-6ece617d7a50/io.dropwizard.metrics_metrics-core-4.1.18.jar
[2024-05-18T21:25:01.196+0000] {spark_submit.py:571} INFO - 24/05/18 21:25:01 INFO SparkContext: Added file file:///home/***/.ivy2/jars/org.hdrhistogram_HdrHistogram-2.1.12.jar at spark://f3c105d69d83:39723/files/org.hdrhistogram_HdrHistogram-2.1.12.jar with timestamp 1716067498706
[2024-05-18T21:25:01.197+0000] {spark_submit.py:571} INFO - 24/05/18 21:25:01 INFO Utils: Copying /home/***/.ivy2/jars/org.hdrhistogram_HdrHistogram-2.1.12.jar to /tmp/spark-0e3c2295-2dbe-4ac6-9738-66ebcc1bcc89/userFiles-11ad73bb-af6a-4a60-af1d-6ece617d7a50/org.hdrhistogram_HdrHistogram-2.1.12.jar
[2024-05-18T21:25:01.207+0000] {spark_submit.py:571} INFO - 24/05/18 21:25:01 INFO SparkContext: Added file file:///home/***/.ivy2/jars/org.reactivestreams_reactive-streams-1.0.3.jar at spark://f3c105d69d83:39723/files/org.reactivestreams_reactive-streams-1.0.3.jar with timestamp 1716067498706
[2024-05-18T21:25:01.208+0000] {spark_submit.py:571} INFO - 24/05/18 21:25:01 INFO Utils: Copying /home/***/.ivy2/jars/org.reactivestreams_reactive-streams-1.0.3.jar to /tmp/spark-0e3c2295-2dbe-4ac6-9738-66ebcc1bcc89/userFiles-11ad73bb-af6a-4a60-af1d-6ece617d7a50/org.reactivestreams_reactive-streams-1.0.3.jar
[2024-05-18T21:25:01.215+0000] {spark_submit.py:571} INFO - 24/05/18 21:25:01 INFO SparkContext: Added file file:///home/***/.ivy2/jars/com.github.stephenc.jcip_jcip-annotations-1.0-1.jar at spark://f3c105d69d83:39723/files/com.github.stephenc.jcip_jcip-annotations-1.0-1.jar with timestamp 1716067498706
[2024-05-18T21:25:01.219+0000] {spark_submit.py:571} INFO - 24/05/18 21:25:01 INFO Utils: Copying /home/***/.ivy2/jars/com.github.stephenc.jcip_jcip-annotations-1.0-1.jar to /tmp/spark-0e3c2295-2dbe-4ac6-9738-66ebcc1bcc89/userFiles-11ad73bb-af6a-4a60-af1d-6ece617d7a50/com.github.stephenc.jcip_jcip-annotations-1.0-1.jar
[2024-05-18T21:25:01.221+0000] {spark_submit.py:571} INFO - 24/05/18 21:25:01 INFO SparkContext: Added file file:///home/***/.ivy2/jars/com.github.spotbugs_spotbugs-annotations-3.1.12.jar at spark://f3c105d69d83:39723/files/com.github.spotbugs_spotbugs-annotations-3.1.12.jar with timestamp 1716067498706
[2024-05-18T21:25:01.221+0000] {spark_submit.py:571} INFO - 24/05/18 21:25:01 INFO Utils: Copying /home/***/.ivy2/jars/com.github.spotbugs_spotbugs-annotations-3.1.12.jar to /tmp/spark-0e3c2295-2dbe-4ac6-9738-66ebcc1bcc89/userFiles-11ad73bb-af6a-4a60-af1d-6ece617d7a50/com.github.spotbugs_spotbugs-annotations-3.1.12.jar
[2024-05-18T21:25:01.226+0000] {spark_submit.py:571} INFO - 24/05/18 21:25:01 INFO SparkContext: Added file file:///home/***/.ivy2/jars/com.google.code.findbugs_jsr305-3.0.2.jar at spark://f3c105d69d83:39723/files/com.google.code.findbugs_jsr305-3.0.2.jar with timestamp 1716067498706
[2024-05-18T21:25:01.226+0000] {spark_submit.py:571} INFO - 24/05/18 21:25:01 INFO Utils: Copying /home/***/.ivy2/jars/com.google.code.findbugs_jsr305-3.0.2.jar to /tmp/spark-0e3c2295-2dbe-4ac6-9738-66ebcc1bcc89/userFiles-11ad73bb-af6a-4a60-af1d-6ece617d7a50/com.google.code.findbugs_jsr305-3.0.2.jar
[2024-05-18T21:25:01.231+0000] {spark_submit.py:571} INFO - 24/05/18 21:25:01 INFO SparkContext: Added file file:///home/***/.ivy2/jars/com.datastax.oss_java-driver-query-builder-4.13.0.jar at spark://f3c105d69d83:39723/files/com.datastax.oss_java-driver-query-builder-4.13.0.jar with timestamp 1716067498706
[2024-05-18T21:25:01.232+0000] {spark_submit.py:571} INFO - 24/05/18 21:25:01 INFO Utils: Copying /home/***/.ivy2/jars/com.datastax.oss_java-driver-query-builder-4.13.0.jar to /tmp/spark-0e3c2295-2dbe-4ac6-9738-66ebcc1bcc89/userFiles-11ad73bb-af6a-4a60-af1d-6ece617d7a50/com.datastax.oss_java-driver-query-builder-4.13.0.jar
[2024-05-18T21:25:01.239+0000] {spark_submit.py:571} INFO - 24/05/18 21:25:01 INFO SparkContext: Added file file:///home/***/.ivy2/jars/com.github.luben_zstd-jni-1.5.5-1.jar at spark://f3c105d69d83:39723/files/com.github.luben_zstd-jni-1.5.5-1.jar with timestamp 1716067498706
[2024-05-18T21:25:01.240+0000] {spark_submit.py:571} INFO - 24/05/18 21:25:01 INFO Utils: Copying /home/***/.ivy2/jars/com.github.luben_zstd-jni-1.5.5-1.jar to /tmp/spark-0e3c2295-2dbe-4ac6-9738-66ebcc1bcc89/userFiles-11ad73bb-af6a-4a60-af1d-6ece617d7a50/com.github.luben_zstd-jni-1.5.5-1.jar
[2024-05-18T21:25:01.297+0000] {spark_submit.py:571} INFO - 24/05/18 21:25:01 INFO SparkContext: Added file file:///home/***/.ivy2/jars/org.lz4_lz4-java-1.8.0.jar at spark://f3c105d69d83:39723/files/org.lz4_lz4-java-1.8.0.jar with timestamp 1716067498706
[2024-05-18T21:25:01.297+0000] {spark_submit.py:571} INFO - 24/05/18 21:25:01 INFO Utils: Copying /home/***/.ivy2/jars/org.lz4_lz4-java-1.8.0.jar to /tmp/spark-0e3c2295-2dbe-4ac6-9738-66ebcc1bcc89/userFiles-11ad73bb-af6a-4a60-af1d-6ece617d7a50/org.lz4_lz4-java-1.8.0.jar
[2024-05-18T21:25:01.405+0000] {spark_submit.py:571} INFO - 24/05/18 21:25:01 INFO StandaloneAppClient$ClientEndpoint: Connecting to master spark://spark-master:7077...
[2024-05-18T21:25:01.446+0000] {spark_submit.py:571} INFO - 24/05/18 21:25:01 INFO TransportClientFactory: Successfully created connection to spark-master/172.25.0.4:7077 after 21 ms (0 ms spent in bootstraps)
[2024-05-18T21:25:01.645+0000] {spark_submit.py:571} INFO - 24/05/18 21:25:01 INFO StandaloneSchedulerBackend: Connected to Spark cluster with app ID app-20240518212501-0008
[2024-05-18T21:25:01.655+0000] {spark_submit.py:571} INFO - 24/05/18 21:25:01 INFO StandaloneAppClient$ClientEndpoint: Executor added: app-20240518212501-0008/0 on worker-20240518201224-172.25.0.6-33123 (172.25.0.6:33123) with 1 core(s)
[2024-05-18T21:25:01.656+0000] {spark_submit.py:571} INFO - 24/05/18 21:25:01 INFO Utils: Successfully started service 'org.apache.spark.network.netty.NettyBlockTransferService' on port 40999.
[2024-05-18T21:25:01.656+0000] {spark_submit.py:571} INFO - 24/05/18 21:25:01 INFO NettyBlockTransferService: Server created on f3c105d69d83:40999
[2024-05-18T21:25:01.657+0000] {spark_submit.py:571} INFO - 24/05/18 21:25:01 INFO StandaloneSchedulerBackend: Granted executor ID app-20240518212501-0008/0 on hostPort 172.25.0.6:33123 with 1 core(s), 1024.0 MiB RAM
[2024-05-18T21:25:01.658+0000] {spark_submit.py:571} INFO - 24/05/18 21:25:01 INFO BlockManager: Using org.apache.spark.storage.RandomBlockReplicationPolicy for block replication policy
[2024-05-18T21:25:01.664+0000] {spark_submit.py:571} INFO - 24/05/18 21:25:01 INFO BlockManagerMaster: Registering BlockManager BlockManagerId(driver, f3c105d69d83, 40999, None)
[2024-05-18T21:25:01.668+0000] {spark_submit.py:571} INFO - 24/05/18 21:25:01 INFO BlockManagerMasterEndpoint: Registering block manager f3c105d69d83:40999 with 434.4 MiB RAM, BlockManagerId(driver, f3c105d69d83, 40999, None)
[2024-05-18T21:25:01.670+0000] {spark_submit.py:571} INFO - 24/05/18 21:25:01 INFO BlockManagerMaster: Registered BlockManager BlockManagerId(driver, f3c105d69d83, 40999, None)
[2024-05-18T21:25:01.671+0000] {spark_submit.py:571} INFO - 24/05/18 21:25:01 INFO BlockManager: Initialized BlockManager: BlockManagerId(driver, f3c105d69d83, 40999, None)
[2024-05-18T21:25:02.096+0000] {spark_submit.py:571} INFO - 24/05/18 21:25:02 INFO StandaloneSchedulerBackend: SchedulerBackend is ready for scheduling beginning after reached minRegisteredResourcesRatio: 0.0
[2024-05-18T21:25:02.226+0000] {spark_submit.py:571} INFO - 24/05/18 21:25:02 INFO StandaloneAppClient$ClientEndpoint: Executor updated: app-20240518212501-0008/0 is now RUNNING
[2024-05-18T21:25:02.746+0000] {spark_submit.py:571} INFO - 24/05/18 21:25:02 INFO SharedState: Setting hive.metastore.warehouse.dir ('null') to the value of spark.sql.warehouse.dir.
[2024-05-18T21:25:02.749+0000] {spark_submit.py:571} INFO - 24/05/18 21:25:02 INFO SharedState: Warehouse path is 'file:/opt/***/spark-warehouse'.
[2024-05-18T21:25:06.727+0000] {spark_submit.py:571} INFO - 24/05/18 21:25:06 INFO StandaloneSchedulerBackend$StandaloneDriverEndpoint: Registered executor NettyRpcEndpointRef(spark-client://Executor) (172.25.0.6:33778) with ID 0,  ResourceProfileId 0
[2024-05-18T21:25:06.902+0000] {spark_submit.py:571} INFO - 24/05/18 21:25:06 INFO BlockManagerMasterEndpoint: Registering block manager 172.25.0.6:43393 with 434.4 MiB RAM, BlockManagerId(0, 172.25.0.6, 43393, None)
[2024-05-18T21:25:07.184+0000] {spark_submit.py:571} INFO - Traceback (most recent call last):
[2024-05-18T21:25:07.184+0000] {spark_submit.py:571} INFO - File "/opt/***/dags/includes/jobs/spark_consumer.py", line 109, in <module>
[2024-05-18T21:25:07.190+0000] {spark_submit.py:571} INFO - kafka_df = kafka_df.select(cols)
[2024-05-18T21:25:07.190+0000] {spark_submit.py:571} INFO - ^^^^^^^^^^^^^^^^^^^^^
[2024-05-18T21:25:07.190+0000] {spark_submit.py:571} INFO - File "/home/***/.local/lib/python3.11/site-packages/pyspark/python/lib/pyspark.zip/pyspark/sql/dataframe.py", line 3227, in select
[2024-05-18T21:25:07.194+0000] {spark_submit.py:571} INFO - File "/home/***/.local/lib/python3.11/site-packages/pyspark/python/lib/py4j-0.10.9.7-src.zip/py4j/java_gateway.py", line 1322, in __call__
[2024-05-18T21:25:07.195+0000] {spark_submit.py:571} INFO - File "/home/***/.local/lib/python3.11/site-packages/pyspark/python/lib/pyspark.zip/pyspark/errors/exceptions/captured.py", line 185, in deco
[2024-05-18T21:25:07.218+0000] {spark_submit.py:571} INFO - pyspark.errors.exceptions.captured.AnalysisException: [UNRESOLVED_COLUMN.WITH_SUGGESTION] A column or function parameter with name `street` cannot be resolved. Did you mean one of the following? [`style`, `price`, `stories`, `APN`, `beds`].;
[2024-05-18T21:25:07.227+0000] {spark_submit.py:571} INFO - 'Project [APN#44, 'street, 'city, 'state, 'zip, county#43, price#26, beds#27, baths#28, link#29, photos#30, hoa_fee#31, buyers_agent_fee#32, listing_agent_name#33, listing_agent_contact#34, redfin_agent_name#35, finished_sqft#36, unfinished_sqft#37, total_sqft#38, stories#39, style#40, year_built#41, year_renovated#42]
[2024-05-18T21:25:07.228+0000] {spark_submit.py:571} INFO - +- Project [data#23.address AS address#25, data#23.price AS price#26, data#23.beds AS beds#27, data#23.baths AS baths#28, data#23.link AS link#29, data#23.photos AS photos#30, data#23.hoa_fee AS hoa_fee#31, data#23.buyers_agent_fee AS buyers_agent_fee#32, data#23.listing_agent_name AS listing_agent_name#33, data#23.listing_agent_contact AS listing_agent_contact#34, data#23.redfin_agent_name AS redfin_agent_name#35, data#23.finished_sqft AS finished_sqft#36, data#23.unfinished_sqft AS unfinished_sqft#37, data#23.total_sqft AS total_sqft#38, data#23.stories AS stories#39, data#23.style AS style#40, data#23.year_built AS year_built#41, data#23.year_renovated AS year_renovated#42, data#23.county AS county#43, data#23.APN AS APN#44]
[2024-05-18T21:25:07.229+0000] {spark_submit.py:571} INFO - +- Project [from_json(StructField(address,StringType,false), StructField(price,StringType,false), StructField(beds,StringType,false), StructField(baths,StringType,false), StructField(link,StringType,false), StructField(photos,ArrayType(StringType,true),false), StructField(hoa_fee,StringType,false), StructField(buyers_agent_fee,StringType,false), StructField(listing_agent_name,StringType,false), StructField(listing_agent_contact,StringType,false), StructField(redfin_agent_name,StringType,false), StructField(finished_sqft,StringType,false), StructField(unfinished_sqft,StringType,false), StructField(total_sqft,StringType,false), StructField(stories,StringType,false), StructField(style,StringType,false), StructField(year_built,StringType,false), StructField(year_renovated,StringType,false), StructField(county,StringType,false), StructField(APN,StringType,false), value#21, Some(Etc/UTC)) AS data#23]
[2024-05-18T21:25:07.230+0000] {spark_submit.py:571} INFO - +- Project [cast(value#8 as string) AS value#21]
[2024-05-18T21:25:07.231+0000] {spark_submit.py:571} INFO - +- StreamingRelationV2 org.apache.spark.sql.kafka010.KafkaSourceProvider@40c3086f, kafka, org.apache.spark.sql.kafka010.KafkaSourceProvider$KafkaTable@2375de70, [startingOffsets=earliest, kafka.bootstrap.servers=kafka:9092, subscribe=properties], [key#7, value#8, topic#9, partition#10, offset#11L, timestamp#12, timestampType#13], StreamingRelation DataSource(org.apache.spark.sql.SparkSession@7e461f83,kafka,List(),None,List(),None,Map(kafka.bootstrap.servers -> kafka:9092, subscribe -> properties, startingOffsets -> earliest),None), kafka, [key#0, value#1, topic#2, partition#3, offset#4L, timestamp#5, timestampType#6]
[2024-05-18T21:25:07.232+0000] {spark_submit.py:571} INFO - 
[2024-05-18T21:25:07.236+0000] {spark_submit.py:571} INFO - INFO:py4j.clientserver:Closing down clientserver connection
[2024-05-18T21:25:07.566+0000] {spark_submit.py:571} INFO - 24/05/18 21:25:07 INFO SparkContext: Invoking stop() from shutdown hook
[2024-05-18T21:25:07.569+0000] {spark_submit.py:571} INFO - 24/05/18 21:25:07 INFO SparkContext: SparkContext is stopping with exitCode 0.
[2024-05-18T21:25:07.586+0000] {spark_submit.py:571} INFO - 24/05/18 21:25:07 INFO SparkUI: Stopped Spark web UI at http://f3c105d69d83:4040
[2024-05-18T21:25:07.592+0000] {spark_submit.py:571} INFO - 24/05/18 21:25:07 INFO StandaloneSchedulerBackend: Shutting down all executors
[2024-05-18T21:25:07.596+0000] {spark_submit.py:571} INFO - 24/05/18 21:25:07 INFO StandaloneSchedulerBackend$StandaloneDriverEndpoint: Asking each executor to shut down
[2024-05-18T21:25:07.652+0000] {spark_submit.py:571} INFO - 24/05/18 21:25:07 INFO MapOutputTrackerMasterEndpoint: MapOutputTrackerMasterEndpoint stopped!
[2024-05-18T21:25:07.840+0000] {spark_submit.py:571} INFO - 24/05/18 21:25:07 INFO MemoryStore: MemoryStore cleared
[2024-05-18T21:25:07.845+0000] {spark_submit.py:571} INFO - 24/05/18 21:25:07 INFO BlockManager: BlockManager stopped
[2024-05-18T21:25:07.967+0000] {spark_submit.py:571} INFO - 24/05/18 21:25:07 INFO BlockManagerMaster: BlockManagerMaster stopped
[2024-05-18T21:25:07.975+0000] {spark_submit.py:571} INFO - 24/05/18 21:25:07 INFO OutputCommitCoordinator$OutputCommitCoordinatorEndpoint: OutputCommitCoordinator stopped!
[2024-05-18T21:25:08.062+0000] {spark_submit.py:571} INFO - 24/05/18 21:25:08 INFO SparkContext: Successfully stopped SparkContext
[2024-05-18T21:25:08.064+0000] {spark_submit.py:571} INFO - 24/05/18 21:25:08 INFO ShutdownHookManager: Shutdown hook called
[2024-05-18T21:25:08.069+0000] {spark_submit.py:571} INFO - 24/05/18 21:25:08 INFO ShutdownHookManager: Deleting directory /tmp/spark-0e3c2295-2dbe-4ac6-9738-66ebcc1bcc89
[2024-05-18T21:25:08.087+0000] {spark_submit.py:571} INFO - 24/05/18 21:25:08 INFO ShutdownHookManager: Deleting directory /tmp/spark-0e3c2295-2dbe-4ac6-9738-66ebcc1bcc89/pyspark-d405599c-108f-4247-8063-ecf3623225bd
[2024-05-18T21:25:08.102+0000] {spark_submit.py:571} INFO - 24/05/18 21:25:08 INFO ShutdownHookManager: Deleting directory /tmp/spark-ecf46abe-a1d7-4fcb-8f2f-b34284a086a8
[2024-05-18T21:25:08.267+0000] {taskinstance.py:441} INFO - ::group::Post task execution logs
[2024-05-18T21:25:09.154+0000] {taskinstance.py:2905} ERROR - Task failed with exception
Traceback (most recent call last):
  File "/home/airflow/.local/lib/python3.11/site-packages/airflow/models/taskinstance.py", line 465, in _execute_task
    result = _execute_callable(context=context, **execute_callable_kwargs)
             ^^^^^^^^^^^^^^^^^^^^^^^^^^^^^^^^^^^^^^^^^^^^^^^^^^^^^^^^^^^^^
  File "/home/airflow/.local/lib/python3.11/site-packages/airflow/models/taskinstance.py", line 432, in _execute_callable
    return execute_callable(context=context, **execute_callable_kwargs)
           ^^^^^^^^^^^^^^^^^^^^^^^^^^^^^^^^^^^^^^^^^^^^^^^^^^^^^^^^^^^^
  File "/home/airflow/.local/lib/python3.11/site-packages/airflow/models/baseoperator.py", line 400, in wrapper
    return func(self, *args, **kwargs)
           ^^^^^^^^^^^^^^^^^^^^^^^^^^^
  File "/home/airflow/.local/lib/python3.11/site-packages/airflow/providers/apache/spark/operators/spark_submit.py", line 174, in execute
    self._hook.submit(self.application)
  File "/home/airflow/.local/lib/python3.11/site-packages/airflow/providers/apache/spark/hooks/spark_submit.py", line 502, in submit
    raise AirflowException(
airflow.exceptions.AirflowException: Cannot execute: spark-submit --master spark://spark-master:7077 --packages org.apache.spark:spark-sql-kafka-0-10_2.12:3.5.1,com.datastax.spark:spark-cassandra-connector_2.12:3.5.0,org.apache.kafka:kafka-clients:3.5.1,commons-logging:commons-logging:1.2 --name arrow-spark --deploy-mode client dags/includes/jobs/spark_consumer.py. Error code is: 1.
[2024-05-18T21:25:09.492+0000] {taskinstance.py:1206} INFO - Marking task as UP_FOR_RETRY. dag_id=Webscrape, task_id=Process_Send_Data, run_id=manual__2024-05-18T21:24:43.075744+00:00, execution_date=20240518T212443, start_date=20240518T212448, end_date=20240518T212509
[2024-05-18T21:25:09.753+0000] {standard_task_runner.py:110} ERROR - Failed to execute job 284 for task Process_Send_Data (Cannot execute: spark-submit --master spark://spark-master:7077 --packages org.apache.spark:spark-sql-kafka-0-10_2.12:3.5.1,com.datastax.spark:spark-cassandra-connector_2.12:3.5.0,org.apache.kafka:kafka-clients:3.5.1,commons-logging:commons-logging:1.2 --name arrow-spark --deploy-mode client dags/includes/jobs/spark_consumer.py. Error code is: 1.; 3446)
[2024-05-18T21:25:09.998+0000] {local_task_job_runner.py:240} INFO - Task exited with return code 1
[2024-05-18T21:25:10.288+0000] {taskinstance.py:3498} INFO - 0 downstream tasks scheduled from follow-on schedule check
[2024-05-18T21:25:10.289+0000] {local_task_job_runner.py:222} INFO - ::endgroup::
