[2024-05-17T17:25:40.040+0000] {local_task_job_runner.py:120} INFO - ::group::Pre task execution logs
[2024-05-17T17:25:40.107+0000] {taskinstance.py:2076} INFO - Dependencies all met for dep_context=non-requeueable deps ti=<TaskInstance: Webscrape.Ingest_Data manual__2024-05-17T17:25:33.998713+00:00 [queued]>
[2024-05-17T17:25:40.117+0000] {taskinstance.py:2076} INFO - Dependencies all met for dep_context=requeueable deps ti=<TaskInstance: Webscrape.Ingest_Data manual__2024-05-17T17:25:33.998713+00:00 [queued]>
[2024-05-17T17:25:40.117+0000] {taskinstance.py:2306} INFO - Starting attempt 1 of 6
[2024-05-17T17:25:40.133+0000] {taskinstance.py:2330} INFO - Executing <Task(PythonOperator): Ingest_Data> on 2024-05-17 17:25:33.998713+00:00
[2024-05-17T17:25:40.150+0000] {standard_task_runner.py:63} INFO - Started process 6846 to run task
[2024-05-17T17:25:40.282+0000] {standard_task_runner.py:90} INFO - Running: ['***', 'tasks', 'run', 'Webscrape', 'Ingest_Data', 'manual__2024-05-17T17:25:33.998713+00:00', '--job-id', '229', '--raw', '--subdir', 'DAGS_FOLDER/webscrapping.py', '--cfg-path', '/tmp/tmpxnaraupg']
[2024-05-17T17:25:40.339+0000] {standard_task_runner.py:91} INFO - Job 229: Subtask Ingest_Data
[2024-05-17T17:25:40.632+0000] {task_command.py:426} INFO - Running <TaskInstance: Webscrape.Ingest_Data manual__2024-05-17T17:25:33.998713+00:00 [running]> on host 3e429f118033
[2024-05-17T17:25:40.825+0000] {taskinstance.py:2648} INFO - Exporting env vars: AIRFLOW_CTX_DAG_OWNER='svc' AIRFLOW_CTX_DAG_ID='Webscrape' AIRFLOW_CTX_TASK_ID='Ingest_Data' AIRFLOW_CTX_EXECUTION_DATE='2024-05-17T17:25:33.998713+00:00' AIRFLOW_CTX_TRY_NUMBER='1' AIRFLOW_CTX_DAG_RUN_ID='manual__2024-05-17T17:25:33.998713+00:00'
[2024-05-17T17:25:40.828+0000] {taskinstance.py:430} INFO - ::endgroup::
[2024-05-17T17:25:40.869+0000] {conn.py:362} INFO - <BrokerConnection node_id=bootstrap-0 host=kafka:9092 <connecting> [IPv4 ('172.24.0.6', 9092)]>: connecting to kafka:9092 [('172.24.0.6', 9092) IPv4]
[2024-05-17T17:25:40.871+0000] {conn.py:957} INFO - Probing node bootstrap-0 broker version
[2024-05-17T17:25:40.878+0000] {conn.py:393} INFO - <BrokerConnection node_id=bootstrap-0 host=kafka:9092 <connecting> [IPv4 ('172.24.0.6', 9092)]>: Connection complete.
[2024-05-17T17:25:40.989+0000] {conn.py:1019} INFO - Broker version identified as 2.6.0
[2024-05-17T17:25:40.990+0000] {conn.py:1020} INFO - Set configuration api_version=(2, 6, 0) to skip auto check_version requests on startup
[2024-05-17T17:25:42.046+0000] {logging_mixin.py:188} INFO - Connecting to Scraping Browser...
[2024-05-17T17:25:44.699+0000] {logging_mixin.py:188} INFO - Connected! Navigating to https://www.redfin.com...
[2024-05-17T17:25:51.002+0000] {logging_mixin.py:188} INFO - Searching...
[2024-05-17T17:25:54.830+0000] {logging_mixin.py:188} INFO - --------
[2024-05-17T17:25:54.833+0000] {logging_mixin.py:188} INFO - 1
[2024-05-17T17:25:54.835+0000] {logging_mixin.py:188} INFO - Navigating to Listing page: https://www.redfin.com/NY/Flushing/920-118th-St-11356/home/20870637
[2024-05-17T17:26:16.010+0000] {logging_mixin.py:188} INFO - Extracting Pictures
[2024-05-17T17:26:21.958+0000] {logging_mixin.py:188} INFO - Extracting Key Details
[2024-05-17T17:26:27.088+0000] {logging_mixin.py:188} INFO - Extracting Listing Agent Details
[2024-05-17T17:26:28.017+0000] {logging_mixin.py:188} INFO - Extracting Redfin Agent Details
[2024-05-17T17:26:28.737+0000] {logging_mixin.py:188} INFO - Extracting Property Details
[2024-05-17T17:26:30.809+0000] {logging_mixin.py:188} INFO - {
  "address": "9-20 118th St Flushing NY 11356",
  "price": "975000",
  "beds": "3",
  "baths": "2",
  "link": "https://www.redfin.com/NY/Flushing/920-118th-St-11356/home/20870637",
  "photos": [
    "https://ssl.cdn-redfin.com/system_files/media/923046_JPG/item_1.jpg",
    "https://ssl.cdn-redfin.com/system_files/media/923046_JPG/genLdpUgcMediaBrowserUrl/item_3.jpg",
    "https://my.matterport.com/api/v2/player/models/gJSxDjJ89UK/thumb",
    "https://ssl.cdn-redfin.com/system_files/media/923046_JPG/genLdpUgcMediaBrowserUrl/item_19.jpg",
    "https://ssl.cdn-redfin.com/system_files/media/923046_JPG/genLdpUgcMediaBrowserUrl/item_17.jpg",
    "https://ssl.cdn-redfin.com/system_files/media/923046_JPG/item_18.jpg",
    "https://ssl.cdn-redfin.com/system_files/media/923046_JPG/item_7.jpg",
    "https://ssl.cdn-redfin.com/system_files/media/923046_JPG/item_12.jpg",
    "https://ssl.cdn-redfin.com/system_files/media/923046_JPG/item_23.jpg",
    "https://ssl.cdn-redfin.com/system_files/media/923046_JPG/item_4.jpg"
  ],
  "hoa_fee": "",
  "buyers_agent_fee": "2",
  "listing_agent_name": "Ian Rubinstein",
  "listing_agent_contact": "",
  "redfin_agent_name": "Anjely Bisai",
  "finished_sqft": "",
  "unfinished_sqft": "",
  "total_sqft": "1826",
  "stories": "2",
  "style": "Multi-Family (2-4 Unit)",
  "year_built": "1910",
  "year_renovated": "1910",
  "county": "Queens County",
  "APN": "402416"
}
[2024-05-17T17:26:30.814+0000] {logging_mixin.py:188} INFO - Sending Data to Kafka
[2024-05-17T17:26:30.988+0000] {conn.py:362} INFO - <BrokerConnection node_id=1 host=kafka:9092 <connecting> [IPv4 ('172.24.0.6', 9092)]>: connecting to kafka:9092 [('172.24.0.6', 9092) IPv4]
[2024-05-17T17:26:31.021+0000] {conn.py:393} INFO - <BrokerConnection node_id=1 host=kafka:9092 <connecting> [IPv4 ('172.24.0.6', 9092)]>: Connection complete.
[2024-05-17T17:26:31.033+0000] {conn.py:673} INFO - <BrokerConnection node_id=bootstrap-0 host=kafka:9092 <connected> [IPv4 ('172.24.0.6', 9092)]>: Closing connection. 
[2024-05-17T17:26:31.912+0000] {logging_mixin.py:188} INFO - --------
[2024-05-17T17:26:31.913+0000] {logging_mixin.py:188} INFO - 2
[2024-05-17T17:26:31.922+0000] {logging_mixin.py:188} INFO - Navigating to Listing page: https://www.redfin.com/NY/New-York/322-W-57th-St-10019/unit-54T/home/144972779
[2024-05-17T17:26:54.654+0000] {logging_mixin.py:188} INFO - Extracting Pictures
[2024-05-17T17:26:56.803+0000] {logging_mixin.py:188} INFO - Extracting Key Details
[2024-05-17T17:26:57.778+0000] {logging_mixin.py:188} INFO - Extracting Listing Agent Details
[2024-05-17T17:26:58.473+0000] {logging_mixin.py:188} INFO - Extracting Redfin Agent Details
[2024-05-17T17:26:59.299+0000] {logging_mixin.py:188} INFO - Extracting Property Details
[2024-05-17T17:27:00.987+0000] {logging_mixin.py:188} INFO - {
  "address": "322 W 57th St Unit 54-T New York NY 10019",
  "price": "5850000",
  "beds": "4",
  "baths": "4",
  "link": "https://www.redfin.com/NY/New-York/322-W-57th-St-10019/unit-54T/home/144972779",
  "photos": [
    "https://ssl.cdn-redfin.com/photo/211/bigphoto/689/OLRS-1733689_Q.jpg",
    "https://ssl.cdn-redfin.com/photo/211/mbpaddedwide/689/genMid.OLRS-1733689_1_Q.jpg",
    "https://ssl.cdn-redfin.com/photo/211/mbpaddedwide/689/genMid.OLRS-1733689_2_10.jpg",
    "https://ssl.cdn-redfin.com/photo/211/mbpaddedwide/689/genMid.OLRS-1733689_4_Y.jpg",
    "https://ssl.cdn-redfin.com/photo/211/mbpaddedwide/689/genMid.OLRS-1733689_5_X.jpg",
    "https://ssl.cdn-redfin.com/photo/211/bigphoto/689/OLRS-1733689_3_X.jpg",
    "https://ssl.cdn-redfin.com/photo/211/bigphoto/689/OLRS-1733689_9_X.jpg",
    "https://ssl.cdn-redfin.com/photo/211/bigphoto/689/OLRS-1733689_15_W.jpg",
    "https://ssl.cdn-redfin.com/photo/211/bigphoto/689/OLRS-1733689_21_16.jpg"
  ],
  "hoa_fee": "4,352",
  "buyers_agent_fee": "",
  "listing_agent_name": "Christopher Scianni",
  "listing_agent_contact": "",
  "redfin_agent_name": "Martin Freiman",
  "finished_sqft": "",
  "unfinished_sqft": "",
  "total_sqft": "",
  "stories": "",
  "style": "Condo/Co-op",
  "year_built": "",
  "year_renovated": "",
  "county": "New York County",
  "APN": "d2d2d999-8fdd-4a24-8dc4-d5f15a720a1e"
}
[2024-05-17T17:27:00.988+0000] {logging_mixin.py:188} INFO - Sending Data to Kafka
[2024-05-17T17:27:01.225+0000] {logging_mixin.py:188} INFO - --------
[2024-05-17T17:27:01.226+0000] {logging_mixin.py:188} INFO - 3
[2024-05-17T17:27:01.229+0000] {logging_mixin.py:188} INFO - Navigating to Listing page: https://www.redfin.com/NY/New-York/475-Park-Ave-10022/unit-10A/home/115395175
[2024-05-17T17:27:19.937+0000] {logging_mixin.py:188} INFO - Extracting Pictures
[2024-05-17T17:27:23.127+0000] {logging_mixin.py:188} INFO - Extracting Key Details
[2024-05-17T17:27:24.082+0000] {logging_mixin.py:188} INFO - Extracting Listing Agent Details
[2024-05-17T17:27:24.955+0000] {logging_mixin.py:188} INFO - Extracting Redfin Agent Details
[2024-05-17T17:27:25.619+0000] {logging_mixin.py:188} INFO - Extracting Property Details
[2024-05-17T17:27:27.522+0000] {logging_mixin.py:188} INFO - {
  "address": "475 Park Ave Unit 10A New York NY 10022",
  "price": "4300000",
  "beds": "4",
  "baths": "4",
  "link": "https://www.redfin.com/NY/New-York/475-Park-Ave-10022/unit-10A/home/115395175",
  "photos": [
    "https://ssl.cdn-redfin.com/photo/211/bigphoto/139/PRCH-2953139_Q.jpg",
    "https://ssl.cdn-redfin.com/photo/211/mbpaddedwide/139/genMid.PRCH-2953139_1_Q.jpg",
    "https://ssl.cdn-redfin.com/photo/211/mbpaddedwide/139/genMid.PRCH-2953139_2_P.jpg",
    "https://ssl.cdn-redfin.com/photo/211/mbpaddedwide/139/genMid.PRCH-2953139_4_P.jpg",
    "https://ssl.cdn-redfin.com/photo/211/mbpaddedwide/139/genMid.PRCH-2953139_5_P.jpg",
    "https://ssl.cdn-redfin.com/photo/211/bigphoto/139/PRCH-2953139_3_P.jpg",
    "https://ssl.cdn-redfin.com/photo/211/bigphoto/139/PRCH-2953139_9_4.jpg"
  ],
  "hoa_fee": "6,827",
  "buyers_agent_fee": "",
  "listing_agent_name": "Arlene Reed",
  "listing_agent_contact": "",
  "redfin_agent_name": "Martin Freiman",
  "finished_sqft": "",
  "unfinished_sqft": "",
  "total_sqft": "",
  "stories": "",
  "style": "Condo/Co-op",
  "year_built": "",
  "year_renovated": "",
  "county": "New York County",
  "APN": "1312006900475000000010A"
}
[2024-05-17T17:27:27.551+0000] {logging_mixin.py:188} INFO - Sending Data to Kafka
[2024-05-17T17:27:28.026+0000] {logging_mixin.py:188} INFO - --------
[2024-05-17T17:27:28.032+0000] {logging_mixin.py:188} INFO - 4
[2024-05-17T17:27:28.039+0000] {logging_mixin.py:188} INFO - Navigating to Listing page: https://www.redfin.com/NY/New-York/15-W-63rd-St-10023/unit-23B/home/45316094
[2024-05-17T17:27:38.071+0000] {local_task_job_runner.py:310} WARNING - State of this instance has been externally set to failed. Terminating instance.
[2024-05-17T17:27:38.162+0000] {local_task_job_runner.py:222} INFO - ::endgroup::
[2024-05-17T17:27:38.197+0000] {process_utils.py:132} INFO - Sending 15 to group 6846. PIDs of all processes in the group: [6853, 6846]
[2024-05-17T17:27:38.202+0000] {process_utils.py:87} INFO - Sending the signal 15 to group 6846
[2024-05-17T17:27:38.204+0000] {taskinstance.py:2611} ERROR - Received SIGTERM. Terminating subprocesses.
[2024-05-17T17:27:38.348+0000] {process_utils.py:80} INFO - Process psutil.Process(pid=6853, status='terminated', started='17:25:40') (6853) terminated with exit code None
[2024-05-17T17:28:38.320+0000] {process_utils.py:150} WARNING - process psutil.Process(pid=6846, name='airflow task ru', status='sleeping', started='17:25:39') did not respond to SIGTERM. Trying SIGKILL
[2024-05-17T17:28:39.447+0000] {process_utils.py:87} INFO - Sending the signal 9 to group 6846
[2024-05-17T17:28:41.009+0000] {process_utils.py:80} INFO - Process psutil.Process(pid=6846, name='airflow task ru', status='terminated', exitcode=<Negsignal.SIGKILL: -9>, started='17:25:39') (6846) terminated with exit code -9
[2024-05-17T17:28:41.334+0000] {standard_task_runner.py:178} ERROR - Job 229 was killed before it finished (likely due to running out of memory)
