[2024-05-18T23:35:34.318+0000] {local_task_job_runner.py:120} INFO - ::group::Pre task execution logs
[2024-05-18T23:35:34.914+0000] {taskinstance.py:2076} INFO - Dependencies all met for dep_context=non-requeueable deps ti=<TaskInstance: Real_Estate_Webscraping.Process_and_Send_Data_to_DB scheduled__2024-05-15T00:00:00+00:00 [queued]>
[2024-05-18T23:35:35.101+0000] {taskinstance.py:2076} INFO - Dependencies all met for dep_context=requeueable deps ti=<TaskInstance: Real_Estate_Webscraping.Process_and_Send_Data_to_DB scheduled__2024-05-15T00:00:00+00:00 [queued]>
[2024-05-18T23:35:35.110+0000] {taskinstance.py:2306} INFO - Starting attempt 1 of 6
[2024-05-18T23:35:35.428+0000] {taskinstance.py:2330} INFO - Executing <Task(SparkSubmitOperator): Process_and_Send_Data_to_DB> on 2024-05-15 00:00:00+00:00
[2024-05-18T23:35:35.686+0000] {standard_task_runner.py:63} INFO - Started process 1451 to run task
[2024-05-18T23:35:35.845+0000] {standard_task_runner.py:90} INFO - Running: ['***', 'tasks', 'run', 'Real_Estate_Webscraping', 'Process_and_Send_Data_to_DB', 'scheduled__2024-05-15T00:00:00+00:00', '--job-id', '340', '--raw', '--subdir', 'DAGS_FOLDER/webscrapping.py', '--cfg-path', '/tmp/tmpyhkymu2v']
[2024-05-18T23:35:36.377+0000] {standard_task_runner.py:91} INFO - Job 340: Subtask Process_and_Send_Data_to_DB
[2024-05-18T23:35:38.056+0000] {task_command.py:426} INFO - Running <TaskInstance: Real_Estate_Webscraping.Process_and_Send_Data_to_DB scheduled__2024-05-15T00:00:00+00:00 [running]> on host c0373bd0174c
[2024-05-18T23:35:39.057+0000] {taskinstance.py:2648} INFO - Exporting env vars: AIRFLOW_CTX_DAG_OWNER='svc' AIRFLOW_CTX_DAG_ID='Real_Estate_Webscraping' AIRFLOW_CTX_TASK_ID='Process_and_Send_Data_to_DB' AIRFLOW_CTX_EXECUTION_DATE='2024-05-15T00:00:00+00:00' AIRFLOW_CTX_TRY_NUMBER='1' AIRFLOW_CTX_DAG_RUN_ID='scheduled__2024-05-15T00:00:00+00:00'
[2024-05-18T23:35:39.091+0000] {taskinstance.py:430} INFO - ::endgroup::
[2024-05-18T23:35:39.282+0000] {base.py:84} INFO - Using connection ID 'spark_default' for task execution.
[2024-05-18T23:35:39.287+0000] {spark_submit.py:401} INFO - Spark-Submit cmd: spark-submit --master spark://spark-master:7077 --packages org.apache.spark:spark-sql-kafka-0-10_2.12:3.5.1,com.datastax.spark:spark-cassandra-connector_2.12:3.5.0,org.apache.kafka:kafka-clients:3.5.1,commons-logging:commons-logging:1.2 --name arrow-spark --deploy-mode client dags/includes/jobs/spark_consumer.py
[2024-05-18T23:35:40.365+0000] {spark_submit.py:571} INFO - /home/***/.local/lib/python3.11/site-packages/pyspark/bin/load-spark-env.sh: line 68: ps: command not found
[2024-05-18T23:35:52.481+0000] {spark_submit.py:571} INFO - :: loading settings :: url = jar:file:/home/***/.local/lib/python3.11/site-packages/pyspark/jars/ivy-2.5.1.jar!/org/apache/ivy/core/settings/ivysettings.xml
[2024-05-18T23:36:01.409+0000] {spark_submit.py:571} INFO - Ivy Default Cache set to: /home/***/.ivy2/cache
[2024-05-18T23:36:01.501+0000] {spark_submit.py:571} INFO - The jars for the packages stored in: /home/***/.ivy2/jars
[2024-05-18T23:36:01.524+0000] {spark_submit.py:571} INFO - org.apache.spark#spark-sql-kafka-0-10_2.12 added as a dependency
[2024-05-18T23:36:01.536+0000] {spark_submit.py:571} INFO - com.datastax.spark#spark-cassandra-connector_2.12 added as a dependency
[2024-05-18T23:36:01.558+0000] {spark_submit.py:571} INFO - org.apache.kafka#kafka-clients added as a dependency
[2024-05-18T23:36:01.559+0000] {spark_submit.py:571} INFO - commons-logging#commons-logging added as a dependency
[2024-05-18T23:36:01.566+0000] {spark_submit.py:571} INFO - :: resolving dependencies :: org.apache.spark#spark-submit-parent-fa0fb95f-9692-4d51-bb7e-4fcc717d90a3;1.0
[2024-05-18T23:36:01.571+0000] {spark_submit.py:571} INFO - confs: [default]
[2024-05-18T23:36:03.844+0000] {spark_submit.py:571} INFO - found org.apache.spark#spark-sql-kafka-0-10_2.12;3.5.1 in spark-list
[2024-05-18T23:36:04.783+0000] {spark_submit.py:571} INFO - found org.apache.spark#spark-token-provider-kafka-0-10_2.12;3.5.1 in central
[2024-05-18T23:36:05.834+0000] {spark_submit.py:571} INFO - found org.apache.hadoop#hadoop-client-runtime;3.3.4 in central
[2024-05-18T23:36:06.610+0000] {spark_submit.py:571} INFO - found org.apache.hadoop#hadoop-client-api;3.3.4 in central
[2024-05-18T23:36:06.900+0000] {spark_submit.py:571} INFO - found org.xerial.snappy#snappy-java;1.1.10.3 in central
[2024-05-18T23:36:07.097+0000] {spark_submit.py:571} INFO - found org.slf4j#slf4j-api;2.0.7 in central
[2024-05-18T23:36:07.473+0000] {spark_submit.py:571} INFO - found com.google.code.findbugs#jsr305;3.0.0 in central
[2024-05-18T23:36:07.847+0000] {spark_submit.py:571} INFO - found org.apache.commons#commons-pool2;2.11.1 in central
[2024-05-18T23:36:08.032+0000] {spark_submit.py:571} INFO - found com.datastax.spark#spark-cassandra-connector_2.12;3.5.0 in central
[2024-05-18T23:36:08.097+0000] {spark_submit.py:571} INFO - found com.datastax.spark#spark-cassandra-connector-driver_2.12;3.5.0 in central
[2024-05-18T23:36:08.168+0000] {spark_submit.py:571} INFO - found org.scala-lang.modules#scala-collection-compat_2.12;2.11.0 in central
[2024-05-18T23:36:08.216+0000] {spark_submit.py:571} INFO - found com.datastax.oss#java-driver-core-shaded;4.13.0 in central
[2024-05-18T23:36:08.555+0000] {spark_submit.py:571} INFO - found com.datastax.oss#native-protocol;1.5.0 in central
[2024-05-18T23:36:08.803+0000] {spark_submit.py:571} INFO - found com.datastax.oss#java-driver-shaded-guava;25.1-jre-graal-sub-1 in central
[2024-05-18T23:36:08.917+0000] {spark_submit.py:571} INFO - found com.typesafe#config;1.4.1 in central
[2024-05-18T23:36:08.998+0000] {spark_submit.py:571} INFO - found io.dropwizard.metrics#metrics-core;4.1.18 in central
[2024-05-18T23:36:09.087+0000] {spark_submit.py:571} INFO - found org.hdrhistogram#HdrHistogram;2.1.12 in central
[2024-05-18T23:36:09.136+0000] {spark_submit.py:571} INFO - found org.reactivestreams#reactive-streams;1.0.3 in central
[2024-05-18T23:36:09.183+0000] {spark_submit.py:571} INFO - found com.github.stephenc.jcip#jcip-annotations;1.0-1 in central
[2024-05-18T23:36:09.204+0000] {spark_submit.py:571} INFO - found com.github.spotbugs#spotbugs-annotations;3.1.12 in central
[2024-05-18T23:36:09.253+0000] {spark_submit.py:571} INFO - found com.google.code.findbugs#jsr305;3.0.2 in central
[2024-05-18T23:36:09.278+0000] {spark_submit.py:571} INFO - found com.datastax.oss#java-driver-mapper-runtime;4.13.0 in central
[2024-05-18T23:36:09.304+0000] {spark_submit.py:571} INFO - found com.datastax.oss#java-driver-query-builder;4.13.0 in central
[2024-05-18T23:36:09.327+0000] {spark_submit.py:571} INFO - found org.apache.commons#commons-lang3;3.10 in central
[2024-05-18T23:36:09.351+0000] {spark_submit.py:571} INFO - found com.thoughtworks.paranamer#paranamer;2.8 in central
[2024-05-18T23:36:09.374+0000] {spark_submit.py:571} INFO - found org.scala-lang#scala-reflect;2.12.11 in central
[2024-05-18T23:36:09.416+0000] {spark_submit.py:571} INFO - found org.apache.kafka#kafka-clients;3.5.1 in central
[2024-05-18T23:36:09.447+0000] {spark_submit.py:571} INFO - found com.github.luben#zstd-jni;1.5.5-1 in central
[2024-05-18T23:36:09.483+0000] {spark_submit.py:571} INFO - found org.lz4#lz4-java;1.8.0 in central
[2024-05-18T23:36:09.503+0000] {spark_submit.py:571} INFO - found commons-logging#commons-logging;1.2 in central
[2024-05-18T23:36:09.672+0000] {spark_submit.py:571} INFO - :: resolution report :: resolve 8166ms :: artifacts dl 73ms
[2024-05-18T23:36:09.674+0000] {spark_submit.py:571} INFO - :: modules in use:
[2024-05-18T23:36:09.677+0000] {spark_submit.py:571} INFO - com.datastax.oss#java-driver-core-shaded;4.13.0 from central in [default]
[2024-05-18T23:36:09.680+0000] {spark_submit.py:571} INFO - com.datastax.oss#java-driver-mapper-runtime;4.13.0 from central in [default]
[2024-05-18T23:36:09.680+0000] {spark_submit.py:571} INFO - com.datastax.oss#java-driver-query-builder;4.13.0 from central in [default]
[2024-05-18T23:36:09.681+0000] {spark_submit.py:571} INFO - com.datastax.oss#java-driver-shaded-guava;25.1-jre-graal-sub-1 from central in [default]
[2024-05-18T23:36:09.681+0000] {spark_submit.py:571} INFO - com.datastax.oss#native-protocol;1.5.0 from central in [default]
[2024-05-18T23:36:09.681+0000] {spark_submit.py:571} INFO - com.datastax.spark#spark-cassandra-connector-driver_2.12;3.5.0 from central in [default]
[2024-05-18T23:36:09.681+0000] {spark_submit.py:571} INFO - com.datastax.spark#spark-cassandra-connector_2.12;3.5.0 from central in [default]
[2024-05-18T23:36:09.682+0000] {spark_submit.py:571} INFO - com.github.luben#zstd-jni;1.5.5-1 from central in [default]
[2024-05-18T23:36:09.682+0000] {spark_submit.py:571} INFO - com.github.spotbugs#spotbugs-annotations;3.1.12 from central in [default]
[2024-05-18T23:36:09.682+0000] {spark_submit.py:571} INFO - com.github.stephenc.jcip#jcip-annotations;1.0-1 from central in [default]
[2024-05-18T23:36:09.682+0000] {spark_submit.py:571} INFO - com.google.code.findbugs#jsr305;3.0.2 from central in [default]
[2024-05-18T23:36:09.682+0000] {spark_submit.py:571} INFO - com.thoughtworks.paranamer#paranamer;2.8 from central in [default]
[2024-05-18T23:36:09.683+0000] {spark_submit.py:571} INFO - com.typesafe#config;1.4.1 from central in [default]
[2024-05-18T23:36:09.683+0000] {spark_submit.py:571} INFO - commons-logging#commons-logging;1.2 from central in [default]
[2024-05-18T23:36:09.683+0000] {spark_submit.py:571} INFO - io.dropwizard.metrics#metrics-core;4.1.18 from central in [default]
[2024-05-18T23:36:09.683+0000] {spark_submit.py:571} INFO - org.apache.commons#commons-lang3;3.10 from central in [default]
[2024-05-18T23:36:09.684+0000] {spark_submit.py:571} INFO - org.apache.commons#commons-pool2;2.11.1 from central in [default]
[2024-05-18T23:36:09.686+0000] {spark_submit.py:571} INFO - org.apache.hadoop#hadoop-client-api;3.3.4 from central in [default]
[2024-05-18T23:36:09.687+0000] {spark_submit.py:571} INFO - org.apache.hadoop#hadoop-client-runtime;3.3.4 from central in [default]
[2024-05-18T23:36:09.687+0000] {spark_submit.py:571} INFO - org.apache.kafka#kafka-clients;3.5.1 from central in [default]
[2024-05-18T23:36:09.689+0000] {spark_submit.py:571} INFO - org.apache.spark#spark-sql-kafka-0-10_2.12;3.5.1 from spark-list in [default]
[2024-05-18T23:36:09.696+0000] {spark_submit.py:571} INFO - org.apache.spark#spark-token-provider-kafka-0-10_2.12;3.5.1 from central in [default]
[2024-05-18T23:36:09.701+0000] {spark_submit.py:571} INFO - org.hdrhistogram#HdrHistogram;2.1.12 from central in [default]
[2024-05-18T23:36:09.702+0000] {spark_submit.py:571} INFO - org.lz4#lz4-java;1.8.0 from central in [default]
[2024-05-18T23:36:09.703+0000] {spark_submit.py:571} INFO - org.reactivestreams#reactive-streams;1.0.3 from central in [default]
[2024-05-18T23:36:09.703+0000] {spark_submit.py:571} INFO - org.scala-lang#scala-reflect;2.12.11 from central in [default]
[2024-05-18T23:36:09.703+0000] {spark_submit.py:571} INFO - org.scala-lang.modules#scala-collection-compat_2.12;2.11.0 from central in [default]
[2024-05-18T23:36:09.704+0000] {spark_submit.py:571} INFO - org.slf4j#slf4j-api;2.0.7 from central in [default]
[2024-05-18T23:36:09.704+0000] {spark_submit.py:571} INFO - org.xerial.snappy#snappy-java;1.1.10.3 from central in [default]
[2024-05-18T23:36:09.711+0000] {spark_submit.py:571} INFO - :: evicted modules:
[2024-05-18T23:36:09.712+0000] {spark_submit.py:571} INFO - org.apache.kafka#kafka-clients;3.4.1 by [org.apache.kafka#kafka-clients;3.5.1] in [default]
[2024-05-18T23:36:09.730+0000] {spark_submit.py:571} INFO - commons-logging#commons-logging;1.1.3 by [commons-logging#commons-logging;1.2] in [default]
[2024-05-18T23:36:09.739+0000] {spark_submit.py:571} INFO - com.google.code.findbugs#jsr305;3.0.0 by [com.google.code.findbugs#jsr305;3.0.2] in [default]
[2024-05-18T23:36:09.740+0000] {spark_submit.py:571} INFO - org.slf4j#slf4j-api;1.7.26 by [org.slf4j#slf4j-api;2.0.7] in [default]
[2024-05-18T23:36:09.740+0000] {spark_submit.py:571} INFO - org.xerial.snappy#snappy-java;1.1.10.1 by [org.xerial.snappy#snappy-java;1.1.10.3] in [default]
[2024-05-18T23:36:09.740+0000] {spark_submit.py:571} INFO - org.slf4j#slf4j-api;1.7.36 by [org.slf4j#slf4j-api;2.0.7] in [default]
[2024-05-18T23:36:09.741+0000] {spark_submit.py:571} INFO - ---------------------------------------------------------------------
[2024-05-18T23:36:09.741+0000] {spark_submit.py:571} INFO - |                  |            modules            ||   artifacts   |
[2024-05-18T23:36:09.742+0000] {spark_submit.py:571} INFO - |       conf       | number| search|dwnlded|evicted|| number|dwnlded|
[2024-05-18T23:36:09.759+0000] {spark_submit.py:571} INFO - ---------------------------------------------------------------------
[2024-05-18T23:36:09.771+0000] {spark_submit.py:571} INFO - |      default     |   35  |   0   |   0   |   6   ||   29  |   0   |
[2024-05-18T23:36:09.773+0000] {spark_submit.py:571} INFO - ---------------------------------------------------------------------
[2024-05-18T23:36:09.774+0000] {spark_submit.py:571} INFO - :: retrieving :: org.apache.spark#spark-submit-parent-fa0fb95f-9692-4d51-bb7e-4fcc717d90a3
[2024-05-18T23:36:09.780+0000] {spark_submit.py:571} INFO - confs: [default]
[2024-05-18T23:36:09.789+0000] {spark_submit.py:571} INFO - 0 artifacts copied, 29 already retrieved (0kB/61ms)
[2024-05-18T23:36:10.877+0000] {spark_submit.py:571} INFO - 24/05/18 23:36:10 WARN NativeCodeLoader: Unable to load native-hadoop library for your platform... using builtin-java classes where applicable
[2024-05-18T23:36:15.642+0000] {spark_submit.py:571} INFO - 24/05/18 23:36:15 INFO SparkContext: Running Spark version 3.5.1
[2024-05-18T23:36:15.661+0000] {spark_submit.py:571} INFO - 24/05/18 23:36:15 INFO SparkContext: OS info Linux, 6.6.26-linuxkit, aarch64
[2024-05-18T23:36:15.665+0000] {spark_submit.py:571} INFO - 24/05/18 23:36:15 INFO SparkContext: Java version 11.0.23
[2024-05-18T23:36:15.755+0000] {spark_submit.py:571} INFO - 24/05/18 23:36:15 INFO ResourceUtils: ==============================================================
[2024-05-18T23:36:15.757+0000] {spark_submit.py:571} INFO - 24/05/18 23:36:15 INFO ResourceUtils: No custom resources configured for spark.driver.
[2024-05-18T23:36:15.758+0000] {spark_submit.py:571} INFO - 24/05/18 23:36:15 INFO ResourceUtils: ==============================================================
[2024-05-18T23:36:15.759+0000] {spark_submit.py:571} INFO - 24/05/18 23:36:15 INFO SparkContext: Submitted application: Redfin_Properties_Consumer
[2024-05-18T23:36:15.843+0000] {spark_submit.py:571} INFO - 24/05/18 23:36:15 INFO ResourceProfile: Default ResourceProfile created, executor resources: Map(memory -> name: memory, amount: 1024, script: , vendor: , offHeap -> name: offHeap, amount: 0, script: , vendor: ), task resources: Map(cpus -> name: cpus, amount: 1.0)
[2024-05-18T23:36:15.915+0000] {spark_submit.py:571} INFO - 24/05/18 23:36:15 INFO ResourceProfile: Limiting resource is cpu
[2024-05-18T23:36:15.918+0000] {spark_submit.py:571} INFO - 24/05/18 23:36:15 INFO ResourceProfileManager: Added ResourceProfile id: 0
[2024-05-18T23:36:16.111+0000] {spark_submit.py:571} INFO - 24/05/18 23:36:16 INFO SecurityManager: Changing view acls to: ***
[2024-05-18T23:36:16.115+0000] {spark_submit.py:571} INFO - 24/05/18 23:36:16 INFO SecurityManager: Changing modify acls to: ***
[2024-05-18T23:36:16.116+0000] {spark_submit.py:571} INFO - 24/05/18 23:36:16 INFO SecurityManager: Changing view acls groups to:
[2024-05-18T23:36:16.117+0000] {spark_submit.py:571} INFO - 24/05/18 23:36:16 INFO SecurityManager: Changing modify acls groups to:
[2024-05-18T23:36:16.118+0000] {spark_submit.py:571} INFO - 24/05/18 23:36:16 INFO SecurityManager: SecurityManager: authentication disabled; ui acls disabled; users with view permissions: ***; groups with view permissions: EMPTY; users with modify permissions: ***; groups with modify permissions: EMPTY
[2024-05-18T23:36:16.764+0000] {spark_submit.py:571} INFO - 24/05/18 23:36:16 INFO Utils: Successfully started service 'sparkDriver' on port 40017.
[2024-05-18T23:36:16.819+0000] {spark_submit.py:571} INFO - 24/05/18 23:36:16 INFO SparkEnv: Registering MapOutputTracker
[2024-05-18T23:36:16.889+0000] {spark_submit.py:571} INFO - 24/05/18 23:36:16 INFO SparkEnv: Registering BlockManagerMaster
[2024-05-18T23:36:16.918+0000] {spark_submit.py:571} INFO - 24/05/18 23:36:16 INFO BlockManagerMasterEndpoint: Using org.apache.spark.storage.DefaultTopologyMapper for getting topology information
[2024-05-18T23:36:16.919+0000] {spark_submit.py:571} INFO - 24/05/18 23:36:16 INFO BlockManagerMasterEndpoint: BlockManagerMasterEndpoint up
[2024-05-18T23:36:16.924+0000] {spark_submit.py:571} INFO - 24/05/18 23:36:16 INFO SparkEnv: Registering BlockManagerMasterHeartbeat
[2024-05-18T23:36:16.951+0000] {spark_submit.py:571} INFO - 24/05/18 23:36:16 INFO DiskBlockManager: Created local directory at /tmp/blockmgr-47d30561-755d-40fe-bbe9-3f0826d638cf
[2024-05-18T23:36:16.966+0000] {spark_submit.py:571} INFO - 24/05/18 23:36:16 INFO MemoryStore: MemoryStore started with capacity 434.4 MiB
[2024-05-18T23:36:17.001+0000] {spark_submit.py:571} INFO - 24/05/18 23:36:17 INFO SparkEnv: Registering OutputCommitCoordinator
[2024-05-18T23:36:17.719+0000] {spark_submit.py:571} INFO - 24/05/18 23:36:17 INFO JettyUtils: Start Jetty 0.0.0.0:4040 for SparkUI
[2024-05-18T23:36:17.992+0000] {spark_submit.py:571} INFO - 24/05/18 23:36:17 INFO Utils: Successfully started service 'SparkUI' on port 4040.
[2024-05-18T23:36:18.209+0000] {spark_submit.py:571} INFO - 24/05/18 23:36:18 INFO SparkContext: Added JAR file:///home/***/.ivy2/jars/org.apache.spark_spark-sql-kafka-0-10_2.12-3.5.1.jar at spark://c0373bd0174c:40017/jars/org.apache.spark_spark-sql-kafka-0-10_2.12-3.5.1.jar with timestamp 1716075375578
[2024-05-18T23:36:18.215+0000] {spark_submit.py:571} INFO - 24/05/18 23:36:18 INFO SparkContext: Added JAR file:///home/***/.ivy2/jars/com.datastax.spark_spark-cassandra-connector_2.12-3.5.0.jar at spark://c0373bd0174c:40017/jars/com.datastax.spark_spark-cassandra-connector_2.12-3.5.0.jar with timestamp 1716075375578
[2024-05-18T23:36:18.217+0000] {spark_submit.py:571} INFO - 24/05/18 23:36:18 INFO SparkContext: Added JAR file:///home/***/.ivy2/jars/org.apache.kafka_kafka-clients-3.5.1.jar at spark://c0373bd0174c:40017/jars/org.apache.kafka_kafka-clients-3.5.1.jar with timestamp 1716075375578
[2024-05-18T23:36:18.219+0000] {spark_submit.py:571} INFO - 24/05/18 23:36:18 INFO SparkContext: Added JAR file:///home/***/.ivy2/jars/commons-logging_commons-logging-1.2.jar at spark://c0373bd0174c:40017/jars/commons-logging_commons-logging-1.2.jar with timestamp 1716075375578
[2024-05-18T23:36:18.219+0000] {spark_submit.py:571} INFO - 24/05/18 23:36:18 INFO SparkContext: Added JAR file:///home/***/.ivy2/jars/org.apache.spark_spark-token-provider-kafka-0-10_2.12-3.5.1.jar at spark://c0373bd0174c:40017/jars/org.apache.spark_spark-token-provider-kafka-0-10_2.12-3.5.1.jar with timestamp 1716075375578
[2024-05-18T23:36:18.225+0000] {spark_submit.py:571} INFO - 24/05/18 23:36:18 INFO SparkContext: Added JAR file:///home/***/.ivy2/jars/org.apache.commons_commons-pool2-2.11.1.jar at spark://c0373bd0174c:40017/jars/org.apache.commons_commons-pool2-2.11.1.jar with timestamp 1716075375578
[2024-05-18T23:36:18.226+0000] {spark_submit.py:571} INFO - 24/05/18 23:36:18 INFO SparkContext: Added JAR file:///home/***/.ivy2/jars/org.apache.hadoop_hadoop-client-runtime-3.3.4.jar at spark://c0373bd0174c:40017/jars/org.apache.hadoop_hadoop-client-runtime-3.3.4.jar with timestamp 1716075375578
[2024-05-18T23:36:18.228+0000] {spark_submit.py:571} INFO - 24/05/18 23:36:18 INFO SparkContext: Added JAR file:///home/***/.ivy2/jars/org.apache.hadoop_hadoop-client-api-3.3.4.jar at spark://c0373bd0174c:40017/jars/org.apache.hadoop_hadoop-client-api-3.3.4.jar with timestamp 1716075375578
[2024-05-18T23:36:18.236+0000] {spark_submit.py:571} INFO - 24/05/18 23:36:18 INFO SparkContext: Added JAR file:///home/***/.ivy2/jars/org.xerial.snappy_snappy-java-1.1.10.3.jar at spark://c0373bd0174c:40017/jars/org.xerial.snappy_snappy-java-1.1.10.3.jar with timestamp 1716075375578
[2024-05-18T23:36:18.240+0000] {spark_submit.py:571} INFO - 24/05/18 23:36:18 INFO SparkContext: Added JAR file:///home/***/.ivy2/jars/org.slf4j_slf4j-api-2.0.7.jar at spark://c0373bd0174c:40017/jars/org.slf4j_slf4j-api-2.0.7.jar with timestamp 1716075375578
[2024-05-18T23:36:18.241+0000] {spark_submit.py:571} INFO - 24/05/18 23:36:18 INFO SparkContext: Added JAR file:///home/***/.ivy2/jars/com.datastax.spark_spark-cassandra-connector-driver_2.12-3.5.0.jar at spark://c0373bd0174c:40017/jars/com.datastax.spark_spark-cassandra-connector-driver_2.12-3.5.0.jar with timestamp 1716075375578
[2024-05-18T23:36:18.246+0000] {spark_submit.py:571} INFO - 24/05/18 23:36:18 INFO SparkContext: Added JAR file:///home/***/.ivy2/jars/org.scala-lang.modules_scala-collection-compat_2.12-2.11.0.jar at spark://c0373bd0174c:40017/jars/org.scala-lang.modules_scala-collection-compat_2.12-2.11.0.jar with timestamp 1716075375578
[2024-05-18T23:36:18.249+0000] {spark_submit.py:571} INFO - 24/05/18 23:36:18 INFO SparkContext: Added JAR file:///home/***/.ivy2/jars/com.datastax.oss_java-driver-core-shaded-4.13.0.jar at spark://c0373bd0174c:40017/jars/com.datastax.oss_java-driver-core-shaded-4.13.0.jar with timestamp 1716075375578
[2024-05-18T23:36:18.257+0000] {spark_submit.py:571} INFO - 24/05/18 23:36:18 INFO SparkContext: Added JAR file:///home/***/.ivy2/jars/com.datastax.oss_java-driver-mapper-runtime-4.13.0.jar at spark://c0373bd0174c:40017/jars/com.datastax.oss_java-driver-mapper-runtime-4.13.0.jar with timestamp 1716075375578
[2024-05-18T23:36:18.260+0000] {spark_submit.py:571} INFO - 24/05/18 23:36:18 INFO SparkContext: Added JAR file:///home/***/.ivy2/jars/org.apache.commons_commons-lang3-3.10.jar at spark://c0373bd0174c:40017/jars/org.apache.commons_commons-lang3-3.10.jar with timestamp 1716075375578
[2024-05-18T23:36:18.261+0000] {spark_submit.py:571} INFO - 24/05/18 23:36:18 INFO SparkContext: Added JAR file:///home/***/.ivy2/jars/com.thoughtworks.paranamer_paranamer-2.8.jar at spark://c0373bd0174c:40017/jars/com.thoughtworks.paranamer_paranamer-2.8.jar with timestamp 1716075375578
[2024-05-18T23:36:18.262+0000] {spark_submit.py:571} INFO - 24/05/18 23:36:18 INFO SparkContext: Added JAR file:///home/***/.ivy2/jars/org.scala-lang_scala-reflect-2.12.11.jar at spark://c0373bd0174c:40017/jars/org.scala-lang_scala-reflect-2.12.11.jar with timestamp 1716075375578
[2024-05-18T23:36:18.266+0000] {spark_submit.py:571} INFO - 24/05/18 23:36:18 INFO SparkContext: Added JAR file:///home/***/.ivy2/jars/com.datastax.oss_native-protocol-1.5.0.jar at spark://c0373bd0174c:40017/jars/com.datastax.oss_native-protocol-1.5.0.jar with timestamp 1716075375578
[2024-05-18T23:36:18.266+0000] {spark_submit.py:571} INFO - 24/05/18 23:36:18 INFO SparkContext: Added JAR file:///home/***/.ivy2/jars/com.datastax.oss_java-driver-shaded-guava-25.1-jre-graal-sub-1.jar at spark://c0373bd0174c:40017/jars/com.datastax.oss_java-driver-shaded-guava-25.1-jre-graal-sub-1.jar with timestamp 1716075375578
[2024-05-18T23:36:18.267+0000] {spark_submit.py:571} INFO - 24/05/18 23:36:18 INFO SparkContext: Added JAR file:///home/***/.ivy2/jars/com.typesafe_config-1.4.1.jar at spark://c0373bd0174c:40017/jars/com.typesafe_config-1.4.1.jar with timestamp 1716075375578
[2024-05-18T23:36:18.269+0000] {spark_submit.py:571} INFO - 24/05/18 23:36:18 INFO SparkContext: Added JAR file:///home/***/.ivy2/jars/io.dropwizard.metrics_metrics-core-4.1.18.jar at spark://c0373bd0174c:40017/jars/io.dropwizard.metrics_metrics-core-4.1.18.jar with timestamp 1716075375578
[2024-05-18T23:36:18.274+0000] {spark_submit.py:571} INFO - 24/05/18 23:36:18 INFO SparkContext: Added JAR file:///home/***/.ivy2/jars/org.hdrhistogram_HdrHistogram-2.1.12.jar at spark://c0373bd0174c:40017/jars/org.hdrhistogram_HdrHistogram-2.1.12.jar with timestamp 1716075375578
[2024-05-18T23:36:18.275+0000] {spark_submit.py:571} INFO - 24/05/18 23:36:18 INFO SparkContext: Added JAR file:///home/***/.ivy2/jars/org.reactivestreams_reactive-streams-1.0.3.jar at spark://c0373bd0174c:40017/jars/org.reactivestreams_reactive-streams-1.0.3.jar with timestamp 1716075375578
[2024-05-18T23:36:18.276+0000] {spark_submit.py:571} INFO - 24/05/18 23:36:18 INFO SparkContext: Added JAR file:///home/***/.ivy2/jars/com.github.stephenc.jcip_jcip-annotations-1.0-1.jar at spark://c0373bd0174c:40017/jars/com.github.stephenc.jcip_jcip-annotations-1.0-1.jar with timestamp 1716075375578
[2024-05-18T23:36:18.277+0000] {spark_submit.py:571} INFO - 24/05/18 23:36:18 INFO SparkContext: Added JAR file:///home/***/.ivy2/jars/com.github.spotbugs_spotbugs-annotations-3.1.12.jar at spark://c0373bd0174c:40017/jars/com.github.spotbugs_spotbugs-annotations-3.1.12.jar with timestamp 1716075375578
[2024-05-18T23:36:18.277+0000] {spark_submit.py:571} INFO - 24/05/18 23:36:18 INFO SparkContext: Added JAR file:///home/***/.ivy2/jars/com.google.code.findbugs_jsr305-3.0.2.jar at spark://c0373bd0174c:40017/jars/com.google.code.findbugs_jsr305-3.0.2.jar with timestamp 1716075375578
[2024-05-18T23:36:18.278+0000] {spark_submit.py:571} INFO - 24/05/18 23:36:18 INFO SparkContext: Added JAR file:///home/***/.ivy2/jars/com.datastax.oss_java-driver-query-builder-4.13.0.jar at spark://c0373bd0174c:40017/jars/com.datastax.oss_java-driver-query-builder-4.13.0.jar with timestamp 1716075375578
[2024-05-18T23:36:18.279+0000] {spark_submit.py:571} INFO - 24/05/18 23:36:18 INFO SparkContext: Added JAR file:///home/***/.ivy2/jars/com.github.luben_zstd-jni-1.5.5-1.jar at spark://c0373bd0174c:40017/jars/com.github.luben_zstd-jni-1.5.5-1.jar with timestamp 1716075375578
[2024-05-18T23:36:18.279+0000] {spark_submit.py:571} INFO - 24/05/18 23:36:18 INFO SparkContext: Added JAR file:///home/***/.ivy2/jars/org.lz4_lz4-java-1.8.0.jar at spark://c0373bd0174c:40017/jars/org.lz4_lz4-java-1.8.0.jar with timestamp 1716075375578
[2024-05-18T23:36:18.281+0000] {spark_submit.py:571} INFO - 24/05/18 23:36:18 INFO SparkContext: Added file file:///home/***/.ivy2/jars/org.apache.spark_spark-sql-kafka-0-10_2.12-3.5.1.jar at spark://c0373bd0174c:40017/files/org.apache.spark_spark-sql-kafka-0-10_2.12-3.5.1.jar with timestamp 1716075375578
[2024-05-18T23:36:18.282+0000] {spark_submit.py:571} INFO - 24/05/18 23:36:18 INFO Utils: Copying /home/***/.ivy2/jars/org.apache.spark_spark-sql-kafka-0-10_2.12-3.5.1.jar to /tmp/spark-943b3539-1760-486b-a5d2-eaceefcf92b5/userFiles-793f4d62-0e22-448e-a892-82bfaebc9fb1/org.apache.spark_spark-sql-kafka-0-10_2.12-3.5.1.jar
[2024-05-18T23:36:18.350+0000] {spark_submit.py:571} INFO - 24/05/18 23:36:18 INFO SparkContext: Added file file:///home/***/.ivy2/jars/com.datastax.spark_spark-cassandra-connector_2.12-3.5.0.jar at spark://c0373bd0174c:40017/files/com.datastax.spark_spark-cassandra-connector_2.12-3.5.0.jar with timestamp 1716075375578
[2024-05-18T23:36:18.354+0000] {spark_submit.py:571} INFO - 24/05/18 23:36:18 INFO Utils: Copying /home/***/.ivy2/jars/com.datastax.spark_spark-cassandra-connector_2.12-3.5.0.jar to /tmp/spark-943b3539-1760-486b-a5d2-eaceefcf92b5/userFiles-793f4d62-0e22-448e-a892-82bfaebc9fb1/com.datastax.spark_spark-cassandra-connector_2.12-3.5.0.jar
[2024-05-18T23:36:18.414+0000] {spark_submit.py:571} INFO - 24/05/18 23:36:18 INFO SparkContext: Added file file:///home/***/.ivy2/jars/org.apache.kafka_kafka-clients-3.5.1.jar at spark://c0373bd0174c:40017/files/org.apache.kafka_kafka-clients-3.5.1.jar with timestamp 1716075375578
[2024-05-18T23:36:18.416+0000] {spark_submit.py:571} INFO - 24/05/18 23:36:18 INFO Utils: Copying /home/***/.ivy2/jars/org.apache.kafka_kafka-clients-3.5.1.jar to /tmp/spark-943b3539-1760-486b-a5d2-eaceefcf92b5/userFiles-793f4d62-0e22-448e-a892-82bfaebc9fb1/org.apache.kafka_kafka-clients-3.5.1.jar
[2024-05-18T23:36:18.546+0000] {spark_submit.py:571} INFO - 24/05/18 23:36:18 INFO SparkContext: Added file file:///home/***/.ivy2/jars/commons-logging_commons-logging-1.2.jar at spark://c0373bd0174c:40017/files/commons-logging_commons-logging-1.2.jar with timestamp 1716075375578
[2024-05-18T23:36:18.547+0000] {spark_submit.py:571} INFO - 24/05/18 23:36:18 INFO Utils: Copying /home/***/.ivy2/jars/commons-logging_commons-logging-1.2.jar to /tmp/spark-943b3539-1760-486b-a5d2-eaceefcf92b5/userFiles-793f4d62-0e22-448e-a892-82bfaebc9fb1/commons-logging_commons-logging-1.2.jar
[2024-05-18T23:36:18.556+0000] {spark_submit.py:571} INFO - 24/05/18 23:36:18 INFO SparkContext: Added file file:///home/***/.ivy2/jars/org.apache.spark_spark-token-provider-kafka-0-10_2.12-3.5.1.jar at spark://c0373bd0174c:40017/files/org.apache.spark_spark-token-provider-kafka-0-10_2.12-3.5.1.jar with timestamp 1716075375578
[2024-05-18T23:36:18.557+0000] {spark_submit.py:571} INFO - 24/05/18 23:36:18 INFO Utils: Copying /home/***/.ivy2/jars/org.apache.spark_spark-token-provider-kafka-0-10_2.12-3.5.1.jar to /tmp/spark-943b3539-1760-486b-a5d2-eaceefcf92b5/userFiles-793f4d62-0e22-448e-a892-82bfaebc9fb1/org.apache.spark_spark-token-provider-kafka-0-10_2.12-3.5.1.jar
[2024-05-18T23:36:18.564+0000] {spark_submit.py:571} INFO - 24/05/18 23:36:18 INFO SparkContext: Added file file:///home/***/.ivy2/jars/org.apache.commons_commons-pool2-2.11.1.jar at spark://c0373bd0174c:40017/files/org.apache.commons_commons-pool2-2.11.1.jar with timestamp 1716075375578
[2024-05-18T23:36:18.565+0000] {spark_submit.py:571} INFO - 24/05/18 23:36:18 INFO Utils: Copying /home/***/.ivy2/jars/org.apache.commons_commons-pool2-2.11.1.jar to /tmp/spark-943b3539-1760-486b-a5d2-eaceefcf92b5/userFiles-793f4d62-0e22-448e-a892-82bfaebc9fb1/org.apache.commons_commons-pool2-2.11.1.jar
[2024-05-18T23:36:18.570+0000] {spark_submit.py:571} INFO - 24/05/18 23:36:18 INFO SparkContext: Added file file:///home/***/.ivy2/jars/org.apache.hadoop_hadoop-client-runtime-3.3.4.jar at spark://c0373bd0174c:40017/files/org.apache.hadoop_hadoop-client-runtime-3.3.4.jar with timestamp 1716075375578
[2024-05-18T23:36:18.571+0000] {spark_submit.py:571} INFO - 24/05/18 23:36:18 INFO Utils: Copying /home/***/.ivy2/jars/org.apache.hadoop_hadoop-client-runtime-3.3.4.jar to /tmp/spark-943b3539-1760-486b-a5d2-eaceefcf92b5/userFiles-793f4d62-0e22-448e-a892-82bfaebc9fb1/org.apache.hadoop_hadoop-client-runtime-3.3.4.jar
[2024-05-18T23:36:19.294+0000] {spark_submit.py:571} INFO - 24/05/18 23:36:19 INFO SparkContext: Added file file:///home/***/.ivy2/jars/org.apache.hadoop_hadoop-client-api-3.3.4.jar at spark://c0373bd0174c:40017/files/org.apache.hadoop_hadoop-client-api-3.3.4.jar with timestamp 1716075375578
[2024-05-18T23:36:19.298+0000] {spark_submit.py:571} INFO - 24/05/18 23:36:19 INFO Utils: Copying /home/***/.ivy2/jars/org.apache.hadoop_hadoop-client-api-3.3.4.jar to /tmp/spark-943b3539-1760-486b-a5d2-eaceefcf92b5/userFiles-793f4d62-0e22-448e-a892-82bfaebc9fb1/org.apache.hadoop_hadoop-client-api-3.3.4.jar
[2024-05-18T23:36:19.714+0000] {spark_submit.py:571} INFO - 24/05/18 23:36:19 INFO SparkContext: Added file file:///home/***/.ivy2/jars/org.xerial.snappy_snappy-java-1.1.10.3.jar at spark://c0373bd0174c:40017/files/org.xerial.snappy_snappy-java-1.1.10.3.jar with timestamp 1716075375578
[2024-05-18T23:36:19.716+0000] {spark_submit.py:571} INFO - 24/05/18 23:36:19 INFO Utils: Copying /home/***/.ivy2/jars/org.xerial.snappy_snappy-java-1.1.10.3.jar to /tmp/spark-943b3539-1760-486b-a5d2-eaceefcf92b5/userFiles-793f4d62-0e22-448e-a892-82bfaebc9fb1/org.xerial.snappy_snappy-java-1.1.10.3.jar
[2024-05-18T23:36:19.774+0000] {spark_submit.py:571} INFO - 24/05/18 23:36:19 INFO SparkContext: Added file file:///home/***/.ivy2/jars/org.slf4j_slf4j-api-2.0.7.jar at spark://c0373bd0174c:40017/files/org.slf4j_slf4j-api-2.0.7.jar with timestamp 1716075375578
[2024-05-18T23:36:19.777+0000] {spark_submit.py:571} INFO - 24/05/18 23:36:19 INFO Utils: Copying /home/***/.ivy2/jars/org.slf4j_slf4j-api-2.0.7.jar to /tmp/spark-943b3539-1760-486b-a5d2-eaceefcf92b5/userFiles-793f4d62-0e22-448e-a892-82bfaebc9fb1/org.slf4j_slf4j-api-2.0.7.jar
[2024-05-18T23:36:19.786+0000] {spark_submit.py:571} INFO - 24/05/18 23:36:19 INFO SparkContext: Added file file:///home/***/.ivy2/jars/com.datastax.spark_spark-cassandra-connector-driver_2.12-3.5.0.jar at spark://c0373bd0174c:40017/files/com.datastax.spark_spark-cassandra-connector-driver_2.12-3.5.0.jar with timestamp 1716075375578
[2024-05-18T23:36:19.788+0000] {spark_submit.py:571} INFO - 24/05/18 23:36:19 INFO Utils: Copying /home/***/.ivy2/jars/com.datastax.spark_spark-cassandra-connector-driver_2.12-3.5.0.jar to /tmp/spark-943b3539-1760-486b-a5d2-eaceefcf92b5/userFiles-793f4d62-0e22-448e-a892-82bfaebc9fb1/com.datastax.spark_spark-cassandra-connector-driver_2.12-3.5.0.jar
[2024-05-18T23:36:19.805+0000] {spark_submit.py:571} INFO - 24/05/18 23:36:19 INFO SparkContext: Added file file:///home/***/.ivy2/jars/org.scala-lang.modules_scala-collection-compat_2.12-2.11.0.jar at spark://c0373bd0174c:40017/files/org.scala-lang.modules_scala-collection-compat_2.12-2.11.0.jar with timestamp 1716075375578
[2024-05-18T23:36:19.808+0000] {spark_submit.py:571} INFO - 24/05/18 23:36:19 INFO Utils: Copying /home/***/.ivy2/jars/org.scala-lang.modules_scala-collection-compat_2.12-2.11.0.jar to /tmp/spark-943b3539-1760-486b-a5d2-eaceefcf92b5/userFiles-793f4d62-0e22-448e-a892-82bfaebc9fb1/org.scala-lang.modules_scala-collection-compat_2.12-2.11.0.jar
[2024-05-18T23:36:19.817+0000] {spark_submit.py:571} INFO - 24/05/18 23:36:19 INFO SparkContext: Added file file:///home/***/.ivy2/jars/com.datastax.oss_java-driver-core-shaded-4.13.0.jar at spark://c0373bd0174c:40017/files/com.datastax.oss_java-driver-core-shaded-4.13.0.jar with timestamp 1716075375578
[2024-05-18T23:36:19.821+0000] {spark_submit.py:571} INFO - 24/05/18 23:36:19 INFO Utils: Copying /home/***/.ivy2/jars/com.datastax.oss_java-driver-core-shaded-4.13.0.jar to /tmp/spark-943b3539-1760-486b-a5d2-eaceefcf92b5/userFiles-793f4d62-0e22-448e-a892-82bfaebc9fb1/com.datastax.oss_java-driver-core-shaded-4.13.0.jar
[2024-05-18T23:36:20.062+0000] {spark_submit.py:571} INFO - 24/05/18 23:36:20 INFO SparkContext: Added file file:///home/***/.ivy2/jars/com.datastax.oss_java-driver-mapper-runtime-4.13.0.jar at spark://c0373bd0174c:40017/files/com.datastax.oss_java-driver-mapper-runtime-4.13.0.jar with timestamp 1716075375578
[2024-05-18T23:36:20.064+0000] {spark_submit.py:571} INFO - 24/05/18 23:36:20 INFO Utils: Copying /home/***/.ivy2/jars/com.datastax.oss_java-driver-mapper-runtime-4.13.0.jar to /tmp/spark-943b3539-1760-486b-a5d2-eaceefcf92b5/userFiles-793f4d62-0e22-448e-a892-82bfaebc9fb1/com.datastax.oss_java-driver-mapper-runtime-4.13.0.jar
[2024-05-18T23:36:20.090+0000] {spark_submit.py:571} INFO - 24/05/18 23:36:20 INFO SparkContext: Added file file:///home/***/.ivy2/jars/org.apache.commons_commons-lang3-3.10.jar at spark://c0373bd0174c:40017/files/org.apache.commons_commons-lang3-3.10.jar with timestamp 1716075375578
[2024-05-18T23:36:20.092+0000] {spark_submit.py:571} INFO - 24/05/18 23:36:20 INFO Utils: Copying /home/***/.ivy2/jars/org.apache.commons_commons-lang3-3.10.jar to /tmp/spark-943b3539-1760-486b-a5d2-eaceefcf92b5/userFiles-793f4d62-0e22-448e-a892-82bfaebc9fb1/org.apache.commons_commons-lang3-3.10.jar
[2024-05-18T23:36:20.105+0000] {spark_submit.py:571} INFO - 24/05/18 23:36:20 INFO SparkContext: Added file file:///home/***/.ivy2/jars/com.thoughtworks.paranamer_paranamer-2.8.jar at spark://c0373bd0174c:40017/files/com.thoughtworks.paranamer_paranamer-2.8.jar with timestamp 1716075375578
[2024-05-18T23:36:20.106+0000] {spark_submit.py:571} INFO - 24/05/18 23:36:20 INFO Utils: Copying /home/***/.ivy2/jars/com.thoughtworks.paranamer_paranamer-2.8.jar to /tmp/spark-943b3539-1760-486b-a5d2-eaceefcf92b5/userFiles-793f4d62-0e22-448e-a892-82bfaebc9fb1/com.thoughtworks.paranamer_paranamer-2.8.jar
[2024-05-18T23:36:20.112+0000] {spark_submit.py:571} INFO - 24/05/18 23:36:20 INFO SparkContext: Added file file:///home/***/.ivy2/jars/org.scala-lang_scala-reflect-2.12.11.jar at spark://c0373bd0174c:40017/files/org.scala-lang_scala-reflect-2.12.11.jar with timestamp 1716075375578
[2024-05-18T23:36:20.114+0000] {spark_submit.py:571} INFO - 24/05/18 23:36:20 INFO Utils: Copying /home/***/.ivy2/jars/org.scala-lang_scala-reflect-2.12.11.jar to /tmp/spark-943b3539-1760-486b-a5d2-eaceefcf92b5/userFiles-793f4d62-0e22-448e-a892-82bfaebc9fb1/org.scala-lang_scala-reflect-2.12.11.jar
[2024-05-18T23:36:20.126+0000] {local_task_job_runner.py:310} WARNING - State of this instance has been externally set to None. Terminating instance.
[2024-05-18T23:36:20.166+0000] {local_task_job_runner.py:222} INFO - ::endgroup::
[2024-05-18T23:36:20.171+0000] {process_utils.py:132} INFO - Sending 15 to group 1451. PIDs of all processes in the group: [1534, 1545, 1740, 1451]
[2024-05-18T23:36:20.173+0000] {process_utils.py:87} INFO - Sending the signal 15 to group 1451
[2024-05-18T23:36:20.176+0000] {taskinstance.py:2611} ERROR - Received SIGTERM. Terminating subprocesses.
[2024-05-18T23:36:20.180+0000] {spark_submit.py:697} INFO - Sending kill signal to spark-submit
[2024-05-18T23:36:20.187+0000] {taskinstance.py:441} INFO - ::group::Post task execution logs
[2024-05-18T23:36:20.296+0000] {process_utils.py:80} INFO - Process psutil.Process(pid=1740, status='terminated', started='23:36:11') (1740) terminated with exit code None
[2024-05-18T23:36:20.558+0000] {taskinstance.py:2905} ERROR - Task failed with exception
Traceback (most recent call last):
  File "/home/airflow/.local/lib/python3.11/site-packages/airflow/models/taskinstance.py", line 465, in _execute_task
    result = _execute_callable(context=context, **execute_callable_kwargs)
             ^^^^^^^^^^^^^^^^^^^^^^^^^^^^^^^^^^^^^^^^^^^^^^^^^^^^^^^^^^^^^
  File "/home/airflow/.local/lib/python3.11/site-packages/airflow/models/taskinstance.py", line 432, in _execute_callable
    return execute_callable(context=context, **execute_callable_kwargs)
           ^^^^^^^^^^^^^^^^^^^^^^^^^^^^^^^^^^^^^^^^^^^^^^^^^^^^^^^^^^^^
  File "/home/airflow/.local/lib/python3.11/site-packages/airflow/models/baseoperator.py", line 400, in wrapper
    return func(self, *args, **kwargs)
           ^^^^^^^^^^^^^^^^^^^^^^^^^^^
  File "/home/airflow/.local/lib/python3.11/site-packages/airflow/providers/apache/spark/operators/spark_submit.py", line 174, in execute
    self._hook.submit(self.application)
  File "/home/airflow/.local/lib/python3.11/site-packages/airflow/providers/apache/spark/hooks/spark_submit.py", line 490, in submit
    self._process_spark_submit_log(iter(self._submit_sp.stdout))  # type: ignore
    ^^^^^^^^^^^^^^^^^^^^^^^^^^^^^^^^^^^^^^^^^^^^^^^^^^^^^^^^^^^^
  File "/home/airflow/.local/lib/python3.11/site-packages/airflow/providers/apache/spark/hooks/spark_submit.py", line 539, in _process_spark_submit_log
    for line in itr:
  File "/home/airflow/.local/lib/python3.11/site-packages/airflow/models/taskinstance.py", line 2613, in signal_handler
    raise AirflowTaskTerminated("Task received SIGTERM signal")
airflow.exceptions.AirflowTaskTerminated: Task received SIGTERM signal
[2024-05-18T23:36:20.627+0000] {taskinstance.py:1206} INFO - Marking task as UP_FOR_RETRY. dag_id=Real_Estate_Webscraping, task_id=Process_and_Send_Data_to_DB, run_id=scheduled__2024-05-15T00:00:00+00:00, execution_date=20240515T000000, start_date=20240518T233534, end_date=20240518T233620
[2024-05-18T23:36:20.739+0000] {standard_task_runner.py:110} ERROR - Failed to execute job 340 for task Process_and_Send_Data_to_DB ((psycopg2.errors.ForeignKeyViolation) insert or update on table "task_fail" violates foreign key constraint "task_fail_ti_fkey"
DETAIL:  Key (dag_id, task_id, run_id, map_index)=(Real_Estate_Webscraping, Process_and_Send_Data_to_DB, scheduled__2024-05-15T00:00:00+00:00, -1) is not present in table "task_instance".

[SQL: INSERT INTO task_fail (task_id, dag_id, run_id, map_index, start_date, end_date, duration) VALUES (%(task_id)s, %(dag_id)s, %(run_id)s, %(map_index)s, %(start_date)s, %(end_date)s, %(duration)s) RETURNING task_fail.id]
[parameters: {'task_id': 'Process_and_Send_Data_to_DB', 'dag_id': 'Real_Estate_Webscraping', 'run_id': 'scheduled__2024-05-15T00:00:00+00:00', 'map_index': -1, 'start_date': datetime.datetime(2024, 5, 18, 23, 35, 34, 951775, tzinfo=Timezone('UTC')), 'end_date': datetime.datetime(2024, 5, 18, 23, 36, 20, 610849, tzinfo=Timezone('UTC')), 'duration': 45}]
(Background on this error at: https://sqlalche.me/e/14/gkpj); 1451)
[2024-05-18T23:36:20.775+0000] {process_utils.py:80} INFO - Process psutil.Process(pid=1451, status='terminated', exitcode=1, started='23:35:35') (1451) terminated with exit code 1
[2024-05-18T23:36:20.776+0000] {process_utils.py:80} INFO - Process psutil.Process(pid=1545, status='terminated', started='23:35:39') (1545) terminated with exit code None
[2024-05-18T23:36:20.776+0000] {process_utils.py:80} INFO - Process psutil.Process(pid=1534, status='terminated', started='23:35:38') (1534) terminated with exit code None
