[2024-05-18T21:10:58.858+0000] {local_task_job_runner.py:120} INFO - ::group::Pre task execution logs
[2024-05-18T21:10:58.917+0000] {taskinstance.py:2076} INFO - Dependencies all met for dep_context=non-requeueable deps ti=<TaskInstance: Webscrape.Process_Send_Data manual__2024-05-18T21:10:54.835868+00:00 [queued]>
[2024-05-18T21:10:58.930+0000] {taskinstance.py:2076} INFO - Dependencies all met for dep_context=requeueable deps ti=<TaskInstance: Webscrape.Process_Send_Data manual__2024-05-18T21:10:54.835868+00:00 [queued]>
[2024-05-18T21:10:58.931+0000] {taskinstance.py:2306} INFO - Starting attempt 1 of 6
[2024-05-18T21:10:58.962+0000] {taskinstance.py:2330} INFO - Executing <Task(SparkSubmitOperator): Process_Send_Data> on 2024-05-18 21:10:54.835868+00:00
[2024-05-18T21:10:59.000+0000] {standard_task_runner.py:63} INFO - Started process 2566 to run task
[2024-05-18T21:10:59.023+0000] {standard_task_runner.py:90} INFO - Running: ['***', 'tasks', 'run', 'Webscrape', 'Process_Send_Data', 'manual__2024-05-18T21:10:54.835868+00:00', '--job-id', '279', '--raw', '--subdir', 'DAGS_FOLDER/webscrapping.py', '--cfg-path', '/tmp/tmp85tssj7a']
[2024-05-18T21:10:59.039+0000] {standard_task_runner.py:91} INFO - Job 279: Subtask Process_Send_Data
[2024-05-18T21:10:59.230+0000] {task_command.py:426} INFO - Running <TaskInstance: Webscrape.Process_Send_Data manual__2024-05-18T21:10:54.835868+00:00 [running]> on host f3c105d69d83
[2024-05-18T21:10:59.522+0000] {taskinstance.py:2648} INFO - Exporting env vars: AIRFLOW_CTX_DAG_OWNER='svc' AIRFLOW_CTX_DAG_ID='Webscrape' AIRFLOW_CTX_TASK_ID='Process_Send_Data' AIRFLOW_CTX_EXECUTION_DATE='2024-05-18T21:10:54.835868+00:00' AIRFLOW_CTX_TRY_NUMBER='1' AIRFLOW_CTX_DAG_RUN_ID='manual__2024-05-18T21:10:54.835868+00:00'
[2024-05-18T21:10:59.525+0000] {taskinstance.py:430} INFO - ::endgroup::
[2024-05-18T21:10:59.552+0000] {base.py:84} INFO - Using connection ID 'spark_default' for task execution.
[2024-05-18T21:10:59.553+0000] {spark_submit.py:401} INFO - Spark-Submit cmd: spark-submit --master spark://spark-master:7077 --packages org.apache.spark:spark-sql-kafka-0-10_2.12:3.5.1,com.datastax.spark:spark-cassandra-connector_2.12:3.5.0,org.apache.kafka:kafka-clients:3.5.1,commons-logging:commons-logging:1.2 --name arrow-spark --deploy-mode client dags/includes/jobs/spark_consumer.py
[2024-05-18T21:11:00.009+0000] {spark_submit.py:571} INFO - /home/***/.local/lib/python3.11/site-packages/pyspark/bin/load-spark-env.sh: line 68: ps: command not found
[2024-05-18T21:11:05.092+0000] {spark_submit.py:571} INFO - :: loading settings :: url = jar:file:/home/***/.local/lib/python3.11/site-packages/pyspark/jars/ivy-2.5.1.jar!/org/apache/ivy/core/settings/ivysettings.xml
[2024-05-18T21:11:05.420+0000] {spark_submit.py:571} INFO - Ivy Default Cache set to: /home/***/.ivy2/cache
[2024-05-18T21:11:05.422+0000] {spark_submit.py:571} INFO - The jars for the packages stored in: /home/***/.ivy2/jars
[2024-05-18T21:11:05.437+0000] {spark_submit.py:571} INFO - org.apache.spark#spark-sql-kafka-0-10_2.12 added as a dependency
[2024-05-18T21:11:05.439+0000] {spark_submit.py:571} INFO - com.datastax.spark#spark-cassandra-connector_2.12 added as a dependency
[2024-05-18T21:11:05.439+0000] {spark_submit.py:571} INFO - org.apache.kafka#kafka-clients added as a dependency
[2024-05-18T21:11:05.440+0000] {spark_submit.py:571} INFO - commons-logging#commons-logging added as a dependency
[2024-05-18T21:11:05.441+0000] {spark_submit.py:571} INFO - :: resolving dependencies :: org.apache.spark#spark-submit-parent-f07cbb14-6a22-438e-ad3e-b44593dff993;1.0
[2024-05-18T21:11:05.442+0000] {spark_submit.py:571} INFO - confs: [default]
[2024-05-18T21:11:05.825+0000] {spark_submit.py:571} INFO - found org.apache.spark#spark-sql-kafka-0-10_2.12;3.5.1 in central
[2024-05-18T21:11:06.011+0000] {spark_submit.py:571} INFO - found org.apache.spark#spark-token-provider-kafka-0-10_2.12;3.5.1 in central
[2024-05-18T21:11:06.124+0000] {spark_submit.py:571} INFO - found org.apache.hadoop#hadoop-client-runtime;3.3.4 in central
[2024-05-18T21:11:06.199+0000] {spark_submit.py:571} INFO - found org.apache.hadoop#hadoop-client-api;3.3.4 in central
[2024-05-18T21:11:06.220+0000] {spark_submit.py:571} INFO - found org.xerial.snappy#snappy-java;1.1.10.3 in central
[2024-05-18T21:11:06.245+0000] {spark_submit.py:571} INFO - found org.slf4j#slf4j-api;2.0.7 in central
[2024-05-18T21:11:06.270+0000] {spark_submit.py:571} INFO - found com.google.code.findbugs#jsr305;3.0.0 in central
[2024-05-18T21:11:06.296+0000] {spark_submit.py:571} INFO - found org.apache.commons#commons-pool2;2.11.1 in central
[2024-05-18T21:11:06.319+0000] {spark_submit.py:571} INFO - found com.datastax.spark#spark-cassandra-connector_2.12;3.5.0 in central
[2024-05-18T21:11:06.340+0000] {spark_submit.py:571} INFO - found com.datastax.spark#spark-cassandra-connector-driver_2.12;3.5.0 in central
[2024-05-18T21:11:06.400+0000] {spark_submit.py:571} INFO - found org.scala-lang.modules#scala-collection-compat_2.12;2.11.0 in central
[2024-05-18T21:11:06.425+0000] {spark_submit.py:571} INFO - found com.datastax.oss#java-driver-core-shaded;4.13.0 in central
[2024-05-18T21:11:06.439+0000] {spark_submit.py:571} INFO - found com.datastax.oss#native-protocol;1.5.0 in central
[2024-05-18T21:11:06.464+0000] {spark_submit.py:571} INFO - found com.datastax.oss#java-driver-shaded-guava;25.1-jre-graal-sub-1 in central
[2024-05-18T21:11:06.481+0000] {spark_submit.py:571} INFO - found com.typesafe#config;1.4.1 in central
[2024-05-18T21:11:06.497+0000] {spark_submit.py:571} INFO - found io.dropwizard.metrics#metrics-core;4.1.18 in central
[2024-05-18T21:11:06.509+0000] {spark_submit.py:571} INFO - found org.hdrhistogram#HdrHistogram;2.1.12 in central
[2024-05-18T21:11:06.518+0000] {spark_submit.py:571} INFO - found org.reactivestreams#reactive-streams;1.0.3 in central
[2024-05-18T21:11:06.526+0000] {spark_submit.py:571} INFO - found com.github.stephenc.jcip#jcip-annotations;1.0-1 in central
[2024-05-18T21:11:06.535+0000] {spark_submit.py:571} INFO - found com.github.spotbugs#spotbugs-annotations;3.1.12 in central
[2024-05-18T21:11:06.545+0000] {spark_submit.py:571} INFO - found com.google.code.findbugs#jsr305;3.0.2 in central
[2024-05-18T21:11:06.554+0000] {spark_submit.py:571} INFO - found com.datastax.oss#java-driver-mapper-runtime;4.13.0 in central
[2024-05-18T21:11:06.566+0000] {spark_submit.py:571} INFO - found com.datastax.oss#java-driver-query-builder;4.13.0 in central
[2024-05-18T21:11:06.641+0000] {spark_submit.py:571} INFO - found org.apache.commons#commons-lang3;3.10 in central
[2024-05-18T21:11:06.660+0000] {spark_submit.py:571} INFO - found com.thoughtworks.paranamer#paranamer;2.8 in central
[2024-05-18T21:11:06.672+0000] {spark_submit.py:571} INFO - found org.scala-lang#scala-reflect;2.12.11 in central
[2024-05-18T21:11:06.699+0000] {spark_submit.py:571} INFO - found org.apache.kafka#kafka-clients;3.5.1 in central
[2024-05-18T21:11:06.727+0000] {spark_submit.py:571} INFO - found com.github.luben#zstd-jni;1.5.5-1 in central
[2024-05-18T21:11:06.748+0000] {spark_submit.py:571} INFO - found org.lz4#lz4-java;1.8.0 in central
[2024-05-18T21:11:06.762+0000] {spark_submit.py:571} INFO - found commons-logging#commons-logging;1.2 in central
[2024-05-18T21:11:06.867+0000] {spark_submit.py:571} INFO - :: resolution report :: resolve 1345ms :: artifacts dl 83ms
[2024-05-18T21:11:06.868+0000] {spark_submit.py:571} INFO - :: modules in use:
[2024-05-18T21:11:06.870+0000] {spark_submit.py:571} INFO - com.datastax.oss#java-driver-core-shaded;4.13.0 from central in [default]
[2024-05-18T21:11:06.871+0000] {spark_submit.py:571} INFO - com.datastax.oss#java-driver-mapper-runtime;4.13.0 from central in [default]
[2024-05-18T21:11:06.872+0000] {spark_submit.py:571} INFO - com.datastax.oss#java-driver-query-builder;4.13.0 from central in [default]
[2024-05-18T21:11:06.873+0000] {spark_submit.py:571} INFO - com.datastax.oss#java-driver-shaded-guava;25.1-jre-graal-sub-1 from central in [default]
[2024-05-18T21:11:06.874+0000] {spark_submit.py:571} INFO - com.datastax.oss#native-protocol;1.5.0 from central in [default]
[2024-05-18T21:11:06.875+0000] {spark_submit.py:571} INFO - com.datastax.spark#spark-cassandra-connector-driver_2.12;3.5.0 from central in [default]
[2024-05-18T21:11:06.878+0000] {spark_submit.py:571} INFO - com.datastax.spark#spark-cassandra-connector_2.12;3.5.0 from central in [default]
[2024-05-18T21:11:06.879+0000] {spark_submit.py:571} INFO - com.github.luben#zstd-jni;1.5.5-1 from central in [default]
[2024-05-18T21:11:06.880+0000] {spark_submit.py:571} INFO - com.github.spotbugs#spotbugs-annotations;3.1.12 from central in [default]
[2024-05-18T21:11:06.880+0000] {spark_submit.py:571} INFO - com.github.stephenc.jcip#jcip-annotations;1.0-1 from central in [default]
[2024-05-18T21:11:06.882+0000] {spark_submit.py:571} INFO - com.google.code.findbugs#jsr305;3.0.2 from central in [default]
[2024-05-18T21:11:06.883+0000] {spark_submit.py:571} INFO - com.thoughtworks.paranamer#paranamer;2.8 from central in [default]
[2024-05-18T21:11:06.884+0000] {spark_submit.py:571} INFO - com.typesafe#config;1.4.1 from central in [default]
[2024-05-18T21:11:06.884+0000] {spark_submit.py:571} INFO - commons-logging#commons-logging;1.2 from central in [default]
[2024-05-18T21:11:06.885+0000] {spark_submit.py:571} INFO - io.dropwizard.metrics#metrics-core;4.1.18 from central in [default]
[2024-05-18T21:11:06.885+0000] {spark_submit.py:571} INFO - org.apache.commons#commons-lang3;3.10 from central in [default]
[2024-05-18T21:11:06.885+0000] {spark_submit.py:571} INFO - org.apache.commons#commons-pool2;2.11.1 from central in [default]
[2024-05-18T21:11:06.886+0000] {spark_submit.py:571} INFO - org.apache.hadoop#hadoop-client-api;3.3.4 from central in [default]
[2024-05-18T21:11:06.886+0000] {spark_submit.py:571} INFO - org.apache.hadoop#hadoop-client-runtime;3.3.4 from central in [default]
[2024-05-18T21:11:06.887+0000] {spark_submit.py:571} INFO - org.apache.kafka#kafka-clients;3.5.1 from central in [default]
[2024-05-18T21:11:06.887+0000] {spark_submit.py:571} INFO - org.apache.spark#spark-sql-kafka-0-10_2.12;3.5.1 from central in [default]
[2024-05-18T21:11:06.888+0000] {spark_submit.py:571} INFO - org.apache.spark#spark-token-provider-kafka-0-10_2.12;3.5.1 from central in [default]
[2024-05-18T21:11:06.889+0000] {spark_submit.py:571} INFO - org.hdrhistogram#HdrHistogram;2.1.12 from central in [default]
[2024-05-18T21:11:06.889+0000] {spark_submit.py:571} INFO - org.lz4#lz4-java;1.8.0 from central in [default]
[2024-05-18T21:11:06.890+0000] {spark_submit.py:571} INFO - org.reactivestreams#reactive-streams;1.0.3 from central in [default]
[2024-05-18T21:11:06.890+0000] {spark_submit.py:571} INFO - org.scala-lang#scala-reflect;2.12.11 from central in [default]
[2024-05-18T21:11:06.891+0000] {spark_submit.py:571} INFO - org.scala-lang.modules#scala-collection-compat_2.12;2.11.0 from central in [default]
[2024-05-18T21:11:06.891+0000] {spark_submit.py:571} INFO - org.slf4j#slf4j-api;2.0.7 from central in [default]
[2024-05-18T21:11:06.892+0000] {spark_submit.py:571} INFO - org.xerial.snappy#snappy-java;1.1.10.3 from central in [default]
[2024-05-18T21:11:06.893+0000] {spark_submit.py:571} INFO - :: evicted modules:
[2024-05-18T21:11:06.893+0000] {spark_submit.py:571} INFO - org.apache.kafka#kafka-clients;3.4.1 by [org.apache.kafka#kafka-clients;3.5.1] in [default]
[2024-05-18T21:11:06.894+0000] {spark_submit.py:571} INFO - commons-logging#commons-logging;1.1.3 by [commons-logging#commons-logging;1.2] in [default]
[2024-05-18T21:11:06.896+0000] {spark_submit.py:571} INFO - com.google.code.findbugs#jsr305;3.0.0 by [com.google.code.findbugs#jsr305;3.0.2] in [default]
[2024-05-18T21:11:06.896+0000] {spark_submit.py:571} INFO - org.slf4j#slf4j-api;1.7.26 by [org.slf4j#slf4j-api;2.0.7] in [default]
[2024-05-18T21:11:06.897+0000] {spark_submit.py:571} INFO - org.xerial.snappy#snappy-java;1.1.10.1 by [org.xerial.snappy#snappy-java;1.1.10.3] in [default]
[2024-05-18T21:11:06.897+0000] {spark_submit.py:571} INFO - org.slf4j#slf4j-api;1.7.36 by [org.slf4j#slf4j-api;2.0.7] in [default]
[2024-05-18T21:11:06.898+0000] {spark_submit.py:571} INFO - ---------------------------------------------------------------------
[2024-05-18T21:11:06.899+0000] {spark_submit.py:571} INFO - |                  |            modules            ||   artifacts   |
[2024-05-18T21:11:06.899+0000] {spark_submit.py:571} INFO - |       conf       | number| search|dwnlded|evicted|| number|dwnlded|
[2024-05-18T21:11:06.900+0000] {spark_submit.py:571} INFO - ---------------------------------------------------------------------
[2024-05-18T21:11:06.901+0000] {spark_submit.py:571} INFO - |      default     |   35  |   0   |   0   |   6   ||   29  |   0   |
[2024-05-18T21:11:06.902+0000] {spark_submit.py:571} INFO - ---------------------------------------------------------------------
[2024-05-18T21:11:06.903+0000] {spark_submit.py:571} INFO - :: retrieving :: org.apache.spark#spark-submit-parent-f07cbb14-6a22-438e-ad3e-b44593dff993
[2024-05-18T21:11:06.904+0000] {spark_submit.py:571} INFO - confs: [default]
[2024-05-18T21:11:06.907+0000] {spark_submit.py:571} INFO - 0 artifacts copied, 29 already retrieved (0kB/13ms)
[2024-05-18T21:11:07.323+0000] {spark_submit.py:571} INFO - 24/05/18 21:11:07 WARN NativeCodeLoader: Unable to load native-hadoop library for your platform... using builtin-java classes where applicable
[2024-05-18T21:11:12.056+0000] {spark_submit.py:571} INFO - 24/05/18 21:11:12 INFO SparkContext: Running Spark version 3.5.1
[2024-05-18T21:11:12.065+0000] {spark_submit.py:571} INFO - 24/05/18 21:11:12 INFO SparkContext: OS info Linux, 6.6.26-linuxkit, aarch64
[2024-05-18T21:11:12.065+0000] {spark_submit.py:571} INFO - 24/05/18 21:11:12 INFO SparkContext: Java version 11.0.23
[2024-05-18T21:11:12.101+0000] {spark_submit.py:571} INFO - 24/05/18 21:11:12 INFO ResourceUtils: ==============================================================
[2024-05-18T21:11:12.104+0000] {spark_submit.py:571} INFO - 24/05/18 21:11:12 INFO ResourceUtils: No custom resources configured for spark.driver.
[2024-05-18T21:11:12.104+0000] {spark_submit.py:571} INFO - 24/05/18 21:11:12 INFO ResourceUtils: ==============================================================
[2024-05-18T21:11:12.104+0000] {spark_submit.py:571} INFO - 24/05/18 21:11:12 INFO SparkContext: Submitted application: Redfin_Properties_Consumer
[2024-05-18T21:11:12.228+0000] {spark_submit.py:571} INFO - 24/05/18 21:11:12 INFO ResourceProfile: Default ResourceProfile created, executor resources: Map(memory -> name: memory, amount: 1024, script: , vendor: , offHeap -> name: offHeap, amount: 0, script: , vendor: ), task resources: Map(cpus -> name: cpus, amount: 1.0)
[2024-05-18T21:11:12.428+0000] {spark_submit.py:571} INFO - 24/05/18 21:11:12 INFO ResourceProfile: Limiting resource is cpu
[2024-05-18T21:11:12.433+0000] {spark_submit.py:571} INFO - 24/05/18 21:11:12 INFO ResourceProfileManager: Added ResourceProfile id: 0
[2024-05-18T21:11:12.733+0000] {spark_submit.py:571} INFO - 24/05/18 21:11:12 INFO SecurityManager: Changing view acls to: ***
[2024-05-18T21:11:12.734+0000] {spark_submit.py:571} INFO - 24/05/18 21:11:12 INFO SecurityManager: Changing modify acls to: ***
[2024-05-18T21:11:12.741+0000] {spark_submit.py:571} INFO - 24/05/18 21:11:12 INFO SecurityManager: Changing view acls groups to:
[2024-05-18T21:11:12.742+0000] {spark_submit.py:571} INFO - 24/05/18 21:11:12 INFO SecurityManager: Changing modify acls groups to:
[2024-05-18T21:11:12.742+0000] {spark_submit.py:571} INFO - 24/05/18 21:11:12 INFO SecurityManager: SecurityManager: authentication disabled; ui acls disabled; users with view permissions: ***; groups with view permissions: EMPTY; users with modify permissions: ***; groups with modify permissions: EMPTY
[2024-05-18T21:11:13.195+0000] {spark_submit.py:571} INFO - 24/05/18 21:11:13 INFO Utils: Successfully started service 'sparkDriver' on port 41977.
[2024-05-18T21:11:13.262+0000] {spark_submit.py:571} INFO - 24/05/18 21:11:13 INFO SparkEnv: Registering MapOutputTracker
[2024-05-18T21:11:13.316+0000] {spark_submit.py:571} INFO - 24/05/18 21:11:13 INFO SparkEnv: Registering BlockManagerMaster
[2024-05-18T21:11:13.330+0000] {spark_submit.py:571} INFO - 24/05/18 21:11:13 INFO BlockManagerMasterEndpoint: Using org.apache.spark.storage.DefaultTopologyMapper for getting topology information
[2024-05-18T21:11:13.331+0000] {spark_submit.py:571} INFO - 24/05/18 21:11:13 INFO BlockManagerMasterEndpoint: BlockManagerMasterEndpoint up
[2024-05-18T21:11:13.333+0000] {spark_submit.py:571} INFO - 24/05/18 21:11:13 INFO SparkEnv: Registering BlockManagerMasterHeartbeat
[2024-05-18T21:11:13.352+0000] {spark_submit.py:571} INFO - 24/05/18 21:11:13 INFO DiskBlockManager: Created local directory at /tmp/blockmgr-22a886ee-8741-4ec5-a758-362f189c4642
[2024-05-18T21:11:13.364+0000] {spark_submit.py:571} INFO - 24/05/18 21:11:13 INFO MemoryStore: MemoryStore started with capacity 434.4 MiB
[2024-05-18T21:11:13.374+0000] {spark_submit.py:571} INFO - 24/05/18 21:11:13 INFO SparkEnv: Registering OutputCommitCoordinator
[2024-05-18T21:11:13.494+0000] {spark_submit.py:571} INFO - 24/05/18 21:11:13 INFO JettyUtils: Start Jetty 0.0.0.0:4040 for SparkUI
[2024-05-18T21:11:13.560+0000] {spark_submit.py:571} INFO - 24/05/18 21:11:13 INFO Utils: Successfully started service 'SparkUI' on port 4040.
[2024-05-18T21:11:13.585+0000] {spark_submit.py:571} INFO - 24/05/18 21:11:13 INFO SparkContext: Added JAR file:///home/***/.ivy2/jars/org.apache.spark_spark-sql-kafka-0-10_2.12-3.5.1.jar at spark://f3c105d69d83:41977/jars/org.apache.spark_spark-sql-kafka-0-10_2.12-3.5.1.jar with timestamp 1716066672039
[2024-05-18T21:11:13.585+0000] {spark_submit.py:571} INFO - 24/05/18 21:11:13 INFO SparkContext: Added JAR file:///home/***/.ivy2/jars/com.datastax.spark_spark-cassandra-connector_2.12-3.5.0.jar at spark://f3c105d69d83:41977/jars/com.datastax.spark_spark-cassandra-connector_2.12-3.5.0.jar with timestamp 1716066672039
[2024-05-18T21:11:13.585+0000] {spark_submit.py:571} INFO - 24/05/18 21:11:13 INFO SparkContext: Added JAR file:///home/***/.ivy2/jars/org.apache.kafka_kafka-clients-3.5.1.jar at spark://f3c105d69d83:41977/jars/org.apache.kafka_kafka-clients-3.5.1.jar with timestamp 1716066672039
[2024-05-18T21:11:13.586+0000] {spark_submit.py:571} INFO - 24/05/18 21:11:13 INFO SparkContext: Added JAR file:///home/***/.ivy2/jars/commons-logging_commons-logging-1.2.jar at spark://f3c105d69d83:41977/jars/commons-logging_commons-logging-1.2.jar with timestamp 1716066672039
[2024-05-18T21:11:13.586+0000] {spark_submit.py:571} INFO - 24/05/18 21:11:13 INFO SparkContext: Added JAR file:///home/***/.ivy2/jars/org.apache.spark_spark-token-provider-kafka-0-10_2.12-3.5.1.jar at spark://f3c105d69d83:41977/jars/org.apache.spark_spark-token-provider-kafka-0-10_2.12-3.5.1.jar with timestamp 1716066672039
[2024-05-18T21:11:13.586+0000] {spark_submit.py:571} INFO - 24/05/18 21:11:13 INFO SparkContext: Added JAR file:///home/***/.ivy2/jars/org.apache.commons_commons-pool2-2.11.1.jar at spark://f3c105d69d83:41977/jars/org.apache.commons_commons-pool2-2.11.1.jar with timestamp 1716066672039
[2024-05-18T21:11:13.586+0000] {spark_submit.py:571} INFO - 24/05/18 21:11:13 INFO SparkContext: Added JAR file:///home/***/.ivy2/jars/org.apache.hadoop_hadoop-client-runtime-3.3.4.jar at spark://f3c105d69d83:41977/jars/org.apache.hadoop_hadoop-client-runtime-3.3.4.jar with timestamp 1716066672039
[2024-05-18T21:11:13.586+0000] {spark_submit.py:571} INFO - 24/05/18 21:11:13 INFO SparkContext: Added JAR file:///home/***/.ivy2/jars/org.apache.hadoop_hadoop-client-api-3.3.4.jar at spark://f3c105d69d83:41977/jars/org.apache.hadoop_hadoop-client-api-3.3.4.jar with timestamp 1716066672039
[2024-05-18T21:11:13.587+0000] {spark_submit.py:571} INFO - 24/05/18 21:11:13 INFO SparkContext: Added JAR file:///home/***/.ivy2/jars/org.xerial.snappy_snappy-java-1.1.10.3.jar at spark://f3c105d69d83:41977/jars/org.xerial.snappy_snappy-java-1.1.10.3.jar with timestamp 1716066672039
[2024-05-18T21:11:13.587+0000] {spark_submit.py:571} INFO - 24/05/18 21:11:13 INFO SparkContext: Added JAR file:///home/***/.ivy2/jars/org.slf4j_slf4j-api-2.0.7.jar at spark://f3c105d69d83:41977/jars/org.slf4j_slf4j-api-2.0.7.jar with timestamp 1716066672039
[2024-05-18T21:11:13.587+0000] {spark_submit.py:571} INFO - 24/05/18 21:11:13 INFO SparkContext: Added JAR file:///home/***/.ivy2/jars/com.datastax.spark_spark-cassandra-connector-driver_2.12-3.5.0.jar at spark://f3c105d69d83:41977/jars/com.datastax.spark_spark-cassandra-connector-driver_2.12-3.5.0.jar with timestamp 1716066672039
[2024-05-18T21:11:13.587+0000] {spark_submit.py:571} INFO - 24/05/18 21:11:13 INFO SparkContext: Added JAR file:///home/***/.ivy2/jars/org.scala-lang.modules_scala-collection-compat_2.12-2.11.0.jar at spark://f3c105d69d83:41977/jars/org.scala-lang.modules_scala-collection-compat_2.12-2.11.0.jar with timestamp 1716066672039
[2024-05-18T21:11:13.588+0000] {spark_submit.py:571} INFO - 24/05/18 21:11:13 INFO SparkContext: Added JAR file:///home/***/.ivy2/jars/com.datastax.oss_java-driver-core-shaded-4.13.0.jar at spark://f3c105d69d83:41977/jars/com.datastax.oss_java-driver-core-shaded-4.13.0.jar with timestamp 1716066672039
[2024-05-18T21:11:13.588+0000] {spark_submit.py:571} INFO - 24/05/18 21:11:13 INFO SparkContext: Added JAR file:///home/***/.ivy2/jars/com.datastax.oss_java-driver-mapper-runtime-4.13.0.jar at spark://f3c105d69d83:41977/jars/com.datastax.oss_java-driver-mapper-runtime-4.13.0.jar with timestamp 1716066672039
[2024-05-18T21:11:13.588+0000] {spark_submit.py:571} INFO - 24/05/18 21:11:13 INFO SparkContext: Added JAR file:///home/***/.ivy2/jars/org.apache.commons_commons-lang3-3.10.jar at spark://f3c105d69d83:41977/jars/org.apache.commons_commons-lang3-3.10.jar with timestamp 1716066672039
[2024-05-18T21:11:13.588+0000] {spark_submit.py:571} INFO - 24/05/18 21:11:13 INFO SparkContext: Added JAR file:///home/***/.ivy2/jars/com.thoughtworks.paranamer_paranamer-2.8.jar at spark://f3c105d69d83:41977/jars/com.thoughtworks.paranamer_paranamer-2.8.jar with timestamp 1716066672039
[2024-05-18T21:11:13.588+0000] {spark_submit.py:571} INFO - 24/05/18 21:11:13 INFO SparkContext: Added JAR file:///home/***/.ivy2/jars/org.scala-lang_scala-reflect-2.12.11.jar at spark://f3c105d69d83:41977/jars/org.scala-lang_scala-reflect-2.12.11.jar with timestamp 1716066672039
[2024-05-18T21:11:13.588+0000] {spark_submit.py:571} INFO - 24/05/18 21:11:13 INFO SparkContext: Added JAR file:///home/***/.ivy2/jars/com.datastax.oss_native-protocol-1.5.0.jar at spark://f3c105d69d83:41977/jars/com.datastax.oss_native-protocol-1.5.0.jar with timestamp 1716066672039
[2024-05-18T21:11:13.589+0000] {spark_submit.py:571} INFO - 24/05/18 21:11:13 INFO SparkContext: Added JAR file:///home/***/.ivy2/jars/com.datastax.oss_java-driver-shaded-guava-25.1-jre-graal-sub-1.jar at spark://f3c105d69d83:41977/jars/com.datastax.oss_java-driver-shaded-guava-25.1-jre-graal-sub-1.jar with timestamp 1716066672039
[2024-05-18T21:11:13.589+0000] {spark_submit.py:571} INFO - 24/05/18 21:11:13 INFO SparkContext: Added JAR file:///home/***/.ivy2/jars/com.typesafe_config-1.4.1.jar at spark://f3c105d69d83:41977/jars/com.typesafe_config-1.4.1.jar with timestamp 1716066672039
[2024-05-18T21:11:13.589+0000] {spark_submit.py:571} INFO - 24/05/18 21:11:13 INFO SparkContext: Added JAR file:///home/***/.ivy2/jars/io.dropwizard.metrics_metrics-core-4.1.18.jar at spark://f3c105d69d83:41977/jars/io.dropwizard.metrics_metrics-core-4.1.18.jar with timestamp 1716066672039
[2024-05-18T21:11:13.589+0000] {spark_submit.py:571} INFO - 24/05/18 21:11:13 INFO SparkContext: Added JAR file:///home/***/.ivy2/jars/org.hdrhistogram_HdrHistogram-2.1.12.jar at spark://f3c105d69d83:41977/jars/org.hdrhistogram_HdrHistogram-2.1.12.jar with timestamp 1716066672039
[2024-05-18T21:11:13.589+0000] {spark_submit.py:571} INFO - 24/05/18 21:11:13 INFO SparkContext: Added JAR file:///home/***/.ivy2/jars/org.reactivestreams_reactive-streams-1.0.3.jar at spark://f3c105d69d83:41977/jars/org.reactivestreams_reactive-streams-1.0.3.jar with timestamp 1716066672039
[2024-05-18T21:11:13.589+0000] {spark_submit.py:571} INFO - 24/05/18 21:11:13 INFO SparkContext: Added JAR file:///home/***/.ivy2/jars/com.github.stephenc.jcip_jcip-annotations-1.0-1.jar at spark://f3c105d69d83:41977/jars/com.github.stephenc.jcip_jcip-annotations-1.0-1.jar with timestamp 1716066672039
[2024-05-18T21:11:13.590+0000] {spark_submit.py:571} INFO - 24/05/18 21:11:13 INFO SparkContext: Added JAR file:///home/***/.ivy2/jars/com.github.spotbugs_spotbugs-annotations-3.1.12.jar at spark://f3c105d69d83:41977/jars/com.github.spotbugs_spotbugs-annotations-3.1.12.jar with timestamp 1716066672039
[2024-05-18T21:11:13.590+0000] {spark_submit.py:571} INFO - 24/05/18 21:11:13 INFO SparkContext: Added JAR file:///home/***/.ivy2/jars/com.google.code.findbugs_jsr305-3.0.2.jar at spark://f3c105d69d83:41977/jars/com.google.code.findbugs_jsr305-3.0.2.jar with timestamp 1716066672039
[2024-05-18T21:11:13.590+0000] {spark_submit.py:571} INFO - 24/05/18 21:11:13 INFO SparkContext: Added JAR file:///home/***/.ivy2/jars/com.datastax.oss_java-driver-query-builder-4.13.0.jar at spark://f3c105d69d83:41977/jars/com.datastax.oss_java-driver-query-builder-4.13.0.jar with timestamp 1716066672039
[2024-05-18T21:11:13.590+0000] {spark_submit.py:571} INFO - 24/05/18 21:11:13 INFO SparkContext: Added JAR file:///home/***/.ivy2/jars/com.github.luben_zstd-jni-1.5.5-1.jar at spark://f3c105d69d83:41977/jars/com.github.luben_zstd-jni-1.5.5-1.jar with timestamp 1716066672039
[2024-05-18T21:11:13.590+0000] {spark_submit.py:571} INFO - 24/05/18 21:11:13 INFO SparkContext: Added JAR file:///home/***/.ivy2/jars/org.lz4_lz4-java-1.8.0.jar at spark://f3c105d69d83:41977/jars/org.lz4_lz4-java-1.8.0.jar with timestamp 1716066672039
[2024-05-18T21:11:13.591+0000] {spark_submit.py:571} INFO - 24/05/18 21:11:13 INFO SparkContext: Added file file:///home/***/.ivy2/jars/org.apache.spark_spark-sql-kafka-0-10_2.12-3.5.1.jar at spark://f3c105d69d83:41977/files/org.apache.spark_spark-sql-kafka-0-10_2.12-3.5.1.jar with timestamp 1716066672039
[2024-05-18T21:11:13.591+0000] {spark_submit.py:571} INFO - 24/05/18 21:11:13 INFO Utils: Copying /home/***/.ivy2/jars/org.apache.spark_spark-sql-kafka-0-10_2.12-3.5.1.jar to /tmp/spark-e19a7326-b283-4072-afc8-89933c15f10b/userFiles-c9836585-c6f8-452e-abeb-3b45a8ec0cac/org.apache.spark_spark-sql-kafka-0-10_2.12-3.5.1.jar
[2024-05-18T21:11:13.611+0000] {spark_submit.py:571} INFO - 24/05/18 21:11:13 INFO SparkContext: Added file file:///home/***/.ivy2/jars/com.datastax.spark_spark-cassandra-connector_2.12-3.5.0.jar at spark://f3c105d69d83:41977/files/com.datastax.spark_spark-cassandra-connector_2.12-3.5.0.jar with timestamp 1716066672039
[2024-05-18T21:11:13.612+0000] {spark_submit.py:571} INFO - 24/05/18 21:11:13 INFO Utils: Copying /home/***/.ivy2/jars/com.datastax.spark_spark-cassandra-connector_2.12-3.5.0.jar to /tmp/spark-e19a7326-b283-4072-afc8-89933c15f10b/userFiles-c9836585-c6f8-452e-abeb-3b45a8ec0cac/com.datastax.spark_spark-cassandra-connector_2.12-3.5.0.jar
[2024-05-18T21:11:13.633+0000] {spark_submit.py:571} INFO - 24/05/18 21:11:13 INFO SparkContext: Added file file:///home/***/.ivy2/jars/org.apache.kafka_kafka-clients-3.5.1.jar at spark://f3c105d69d83:41977/files/org.apache.kafka_kafka-clients-3.5.1.jar with timestamp 1716066672039
[2024-05-18T21:11:13.633+0000] {spark_submit.py:571} INFO - 24/05/18 21:11:13 INFO Utils: Copying /home/***/.ivy2/jars/org.apache.kafka_kafka-clients-3.5.1.jar to /tmp/spark-e19a7326-b283-4072-afc8-89933c15f10b/userFiles-c9836585-c6f8-452e-abeb-3b45a8ec0cac/org.apache.kafka_kafka-clients-3.5.1.jar
[2024-05-18T21:11:13.709+0000] {spark_submit.py:571} INFO - 24/05/18 21:11:13 INFO SparkContext: Added file file:///home/***/.ivy2/jars/commons-logging_commons-logging-1.2.jar at spark://f3c105d69d83:41977/files/commons-logging_commons-logging-1.2.jar with timestamp 1716066672039
[2024-05-18T21:11:13.711+0000] {spark_submit.py:571} INFO - 24/05/18 21:11:13 INFO Utils: Copying /home/***/.ivy2/jars/commons-logging_commons-logging-1.2.jar to /tmp/spark-e19a7326-b283-4072-afc8-89933c15f10b/userFiles-c9836585-c6f8-452e-abeb-3b45a8ec0cac/commons-logging_commons-logging-1.2.jar
[2024-05-18T21:11:13.716+0000] {spark_submit.py:571} INFO - 24/05/18 21:11:13 INFO SparkContext: Added file file:///home/***/.ivy2/jars/org.apache.spark_spark-token-provider-kafka-0-10_2.12-3.5.1.jar at spark://f3c105d69d83:41977/files/org.apache.spark_spark-token-provider-kafka-0-10_2.12-3.5.1.jar with timestamp 1716066672039
[2024-05-18T21:11:13.716+0000] {spark_submit.py:571} INFO - 24/05/18 21:11:13 INFO Utils: Copying /home/***/.ivy2/jars/org.apache.spark_spark-token-provider-kafka-0-10_2.12-3.5.1.jar to /tmp/spark-e19a7326-b283-4072-afc8-89933c15f10b/userFiles-c9836585-c6f8-452e-abeb-3b45a8ec0cac/org.apache.spark_spark-token-provider-kafka-0-10_2.12-3.5.1.jar
[2024-05-18T21:11:13.721+0000] {spark_submit.py:571} INFO - 24/05/18 21:11:13 INFO SparkContext: Added file file:///home/***/.ivy2/jars/org.apache.commons_commons-pool2-2.11.1.jar at spark://f3c105d69d83:41977/files/org.apache.commons_commons-pool2-2.11.1.jar with timestamp 1716066672039
[2024-05-18T21:11:13.721+0000] {spark_submit.py:571} INFO - 24/05/18 21:11:13 INFO Utils: Copying /home/***/.ivy2/jars/org.apache.commons_commons-pool2-2.11.1.jar to /tmp/spark-e19a7326-b283-4072-afc8-89933c15f10b/userFiles-c9836585-c6f8-452e-abeb-3b45a8ec0cac/org.apache.commons_commons-pool2-2.11.1.jar
[2024-05-18T21:11:13.728+0000] {spark_submit.py:571} INFO - 24/05/18 21:11:13 INFO SparkContext: Added file file:///home/***/.ivy2/jars/org.apache.hadoop_hadoop-client-runtime-3.3.4.jar at spark://f3c105d69d83:41977/files/org.apache.hadoop_hadoop-client-runtime-3.3.4.jar with timestamp 1716066672039
[2024-05-18T21:11:13.729+0000] {spark_submit.py:571} INFO - 24/05/18 21:11:13 INFO Utils: Copying /home/***/.ivy2/jars/org.apache.hadoop_hadoop-client-runtime-3.3.4.jar to /tmp/spark-e19a7326-b283-4072-afc8-89933c15f10b/userFiles-c9836585-c6f8-452e-abeb-3b45a8ec0cac/org.apache.hadoop_hadoop-client-runtime-3.3.4.jar
[2024-05-18T21:11:14.210+0000] {spark_submit.py:571} INFO - 24/05/18 21:11:14 INFO SparkContext: Added file file:///home/***/.ivy2/jars/org.apache.hadoop_hadoop-client-api-3.3.4.jar at spark://f3c105d69d83:41977/files/org.apache.hadoop_hadoop-client-api-3.3.4.jar with timestamp 1716066672039
[2024-05-18T21:11:14.211+0000] {spark_submit.py:571} INFO - 24/05/18 21:11:14 INFO Utils: Copying /home/***/.ivy2/jars/org.apache.hadoop_hadoop-client-api-3.3.4.jar to /tmp/spark-e19a7326-b283-4072-afc8-89933c15f10b/userFiles-c9836585-c6f8-452e-abeb-3b45a8ec0cac/org.apache.hadoop_hadoop-client-api-3.3.4.jar
[2024-05-18T21:11:14.461+0000] {spark_submit.py:571} INFO - 24/05/18 21:11:14 INFO SparkContext: Added file file:///home/***/.ivy2/jars/org.xerial.snappy_snappy-java-1.1.10.3.jar at spark://f3c105d69d83:41977/files/org.xerial.snappy_snappy-java-1.1.10.3.jar with timestamp 1716066672039
[2024-05-18T21:11:14.462+0000] {spark_submit.py:571} INFO - 24/05/18 21:11:14 INFO Utils: Copying /home/***/.ivy2/jars/org.xerial.snappy_snappy-java-1.1.10.3.jar to /tmp/spark-e19a7326-b283-4072-afc8-89933c15f10b/userFiles-c9836585-c6f8-452e-abeb-3b45a8ec0cac/org.xerial.snappy_snappy-java-1.1.10.3.jar
[2024-05-18T21:11:14.493+0000] {spark_submit.py:571} INFO - 24/05/18 21:11:14 INFO SparkContext: Added file file:///home/***/.ivy2/jars/org.slf4j_slf4j-api-2.0.7.jar at spark://f3c105d69d83:41977/files/org.slf4j_slf4j-api-2.0.7.jar with timestamp 1716066672039
[2024-05-18T21:11:14.496+0000] {spark_submit.py:571} INFO - 24/05/18 21:11:14 INFO Utils: Copying /home/***/.ivy2/jars/org.slf4j_slf4j-api-2.0.7.jar to /tmp/spark-e19a7326-b283-4072-afc8-89933c15f10b/userFiles-c9836585-c6f8-452e-abeb-3b45a8ec0cac/org.slf4j_slf4j-api-2.0.7.jar
[2024-05-18T21:11:14.504+0000] {spark_submit.py:571} INFO - 24/05/18 21:11:14 INFO SparkContext: Added file file:///home/***/.ivy2/jars/com.datastax.spark_spark-cassandra-connector-driver_2.12-3.5.0.jar at spark://f3c105d69d83:41977/files/com.datastax.spark_spark-cassandra-connector-driver_2.12-3.5.0.jar with timestamp 1716066672039
[2024-05-18T21:11:14.505+0000] {spark_submit.py:571} INFO - 24/05/18 21:11:14 INFO Utils: Copying /home/***/.ivy2/jars/com.datastax.spark_spark-cassandra-connector-driver_2.12-3.5.0.jar to /tmp/spark-e19a7326-b283-4072-afc8-89933c15f10b/userFiles-c9836585-c6f8-452e-abeb-3b45a8ec0cac/com.datastax.spark_spark-cassandra-connector-driver_2.12-3.5.0.jar
[2024-05-18T21:11:14.524+0000] {spark_submit.py:571} INFO - 24/05/18 21:11:14 INFO SparkContext: Added file file:///home/***/.ivy2/jars/org.scala-lang.modules_scala-collection-compat_2.12-2.11.0.jar at spark://f3c105d69d83:41977/files/org.scala-lang.modules_scala-collection-compat_2.12-2.11.0.jar with timestamp 1716066672039
[2024-05-18T21:11:14.524+0000] {spark_submit.py:571} INFO - 24/05/18 21:11:14 INFO Utils: Copying /home/***/.ivy2/jars/org.scala-lang.modules_scala-collection-compat_2.12-2.11.0.jar to /tmp/spark-e19a7326-b283-4072-afc8-89933c15f10b/userFiles-c9836585-c6f8-452e-abeb-3b45a8ec0cac/org.scala-lang.modules_scala-collection-compat_2.12-2.11.0.jar
[2024-05-18T21:11:14.530+0000] {spark_submit.py:571} INFO - 24/05/18 21:11:14 INFO SparkContext: Added file file:///home/***/.ivy2/jars/com.datastax.oss_java-driver-core-shaded-4.13.0.jar at spark://f3c105d69d83:41977/files/com.datastax.oss_java-driver-core-shaded-4.13.0.jar with timestamp 1716066672039
[2024-05-18T21:11:14.531+0000] {spark_submit.py:571} INFO - 24/05/18 21:11:14 INFO Utils: Copying /home/***/.ivy2/jars/com.datastax.oss_java-driver-core-shaded-4.13.0.jar to /tmp/spark-e19a7326-b283-4072-afc8-89933c15f10b/userFiles-c9836585-c6f8-452e-abeb-3b45a8ec0cac/com.datastax.oss_java-driver-core-shaded-4.13.0.jar
[2024-05-18T21:11:14.617+0000] {spark_submit.py:571} INFO - 24/05/18 21:11:14 INFO SparkContext: Added file file:///home/***/.ivy2/jars/com.datastax.oss_java-driver-mapper-runtime-4.13.0.jar at spark://f3c105d69d83:41977/files/com.datastax.oss_java-driver-mapper-runtime-4.13.0.jar with timestamp 1716066672039
[2024-05-18T21:11:14.617+0000] {spark_submit.py:571} INFO - 24/05/18 21:11:14 INFO Utils: Copying /home/***/.ivy2/jars/com.datastax.oss_java-driver-mapper-runtime-4.13.0.jar to /tmp/spark-e19a7326-b283-4072-afc8-89933c15f10b/userFiles-c9836585-c6f8-452e-abeb-3b45a8ec0cac/com.datastax.oss_java-driver-mapper-runtime-4.13.0.jar
[2024-05-18T21:11:14.622+0000] {spark_submit.py:571} INFO - 24/05/18 21:11:14 INFO SparkContext: Added file file:///home/***/.ivy2/jars/org.apache.commons_commons-lang3-3.10.jar at spark://f3c105d69d83:41977/files/org.apache.commons_commons-lang3-3.10.jar with timestamp 1716066672039
[2024-05-18T21:11:14.623+0000] {spark_submit.py:571} INFO - 24/05/18 21:11:14 INFO Utils: Copying /home/***/.ivy2/jars/org.apache.commons_commons-lang3-3.10.jar to /tmp/spark-e19a7326-b283-4072-afc8-89933c15f10b/userFiles-c9836585-c6f8-452e-abeb-3b45a8ec0cac/org.apache.commons_commons-lang3-3.10.jar
[2024-05-18T21:11:14.630+0000] {spark_submit.py:571} INFO - 24/05/18 21:11:14 INFO SparkContext: Added file file:///home/***/.ivy2/jars/com.thoughtworks.paranamer_paranamer-2.8.jar at spark://f3c105d69d83:41977/files/com.thoughtworks.paranamer_paranamer-2.8.jar with timestamp 1716066672039
[2024-05-18T21:11:14.631+0000] {spark_submit.py:571} INFO - 24/05/18 21:11:14 INFO Utils: Copying /home/***/.ivy2/jars/com.thoughtworks.paranamer_paranamer-2.8.jar to /tmp/spark-e19a7326-b283-4072-afc8-89933c15f10b/userFiles-c9836585-c6f8-452e-abeb-3b45a8ec0cac/com.thoughtworks.paranamer_paranamer-2.8.jar
[2024-05-18T21:11:14.634+0000] {spark_submit.py:571} INFO - 24/05/18 21:11:14 INFO SparkContext: Added file file:///home/***/.ivy2/jars/org.scala-lang_scala-reflect-2.12.11.jar at spark://f3c105d69d83:41977/files/org.scala-lang_scala-reflect-2.12.11.jar with timestamp 1716066672039
[2024-05-18T21:11:14.635+0000] {spark_submit.py:571} INFO - 24/05/18 21:11:14 INFO Utils: Copying /home/***/.ivy2/jars/org.scala-lang_scala-reflect-2.12.11.jar to /tmp/spark-e19a7326-b283-4072-afc8-89933c15f10b/userFiles-c9836585-c6f8-452e-abeb-3b45a8ec0cac/org.scala-lang_scala-reflect-2.12.11.jar
[2024-05-18T21:11:14.661+0000] {spark_submit.py:571} INFO - 24/05/18 21:11:14 INFO SparkContext: Added file file:///home/***/.ivy2/jars/com.datastax.oss_native-protocol-1.5.0.jar at spark://f3c105d69d83:41977/files/com.datastax.oss_native-protocol-1.5.0.jar with timestamp 1716066672039
[2024-05-18T21:11:14.662+0000] {spark_submit.py:571} INFO - 24/05/18 21:11:14 INFO Utils: Copying /home/***/.ivy2/jars/com.datastax.oss_native-protocol-1.5.0.jar to /tmp/spark-e19a7326-b283-4072-afc8-89933c15f10b/userFiles-c9836585-c6f8-452e-abeb-3b45a8ec0cac/com.datastax.oss_native-protocol-1.5.0.jar
[2024-05-18T21:11:14.668+0000] {spark_submit.py:571} INFO - 24/05/18 21:11:14 INFO SparkContext: Added file file:///home/***/.ivy2/jars/com.datastax.oss_java-driver-shaded-guava-25.1-jre-graal-sub-1.jar at spark://f3c105d69d83:41977/files/com.datastax.oss_java-driver-shaded-guava-25.1-jre-graal-sub-1.jar with timestamp 1716066672039
[2024-05-18T21:11:14.672+0000] {spark_submit.py:571} INFO - 24/05/18 21:11:14 INFO Utils: Copying /home/***/.ivy2/jars/com.datastax.oss_java-driver-shaded-guava-25.1-jre-graal-sub-1.jar to /tmp/spark-e19a7326-b283-4072-afc8-89933c15f10b/userFiles-c9836585-c6f8-452e-abeb-3b45a8ec0cac/com.datastax.oss_java-driver-shaded-guava-25.1-jre-graal-sub-1.jar
[2024-05-18T21:11:14.771+0000] {spark_submit.py:571} INFO - 24/05/18 21:11:14 INFO SparkContext: Added file file:///home/***/.ivy2/jars/com.typesafe_config-1.4.1.jar at spark://f3c105d69d83:41977/files/com.typesafe_config-1.4.1.jar with timestamp 1716066672039
[2024-05-18T21:11:14.772+0000] {spark_submit.py:571} INFO - 24/05/18 21:11:14 INFO Utils: Copying /home/***/.ivy2/jars/com.typesafe_config-1.4.1.jar to /tmp/spark-e19a7326-b283-4072-afc8-89933c15f10b/userFiles-c9836585-c6f8-452e-abeb-3b45a8ec0cac/com.typesafe_config-1.4.1.jar
[2024-05-18T21:11:14.779+0000] {spark_submit.py:571} INFO - 24/05/18 21:11:14 INFO SparkContext: Added file file:///home/***/.ivy2/jars/io.dropwizard.metrics_metrics-core-4.1.18.jar at spark://f3c105d69d83:41977/files/io.dropwizard.metrics_metrics-core-4.1.18.jar with timestamp 1716066672039
[2024-05-18T21:11:14.781+0000] {spark_submit.py:571} INFO - 24/05/18 21:11:14 INFO Utils: Copying /home/***/.ivy2/jars/io.dropwizard.metrics_metrics-core-4.1.18.jar to /tmp/spark-e19a7326-b283-4072-afc8-89933c15f10b/userFiles-c9836585-c6f8-452e-abeb-3b45a8ec0cac/io.dropwizard.metrics_metrics-core-4.1.18.jar
[2024-05-18T21:11:14.785+0000] {spark_submit.py:571} INFO - 24/05/18 21:11:14 INFO SparkContext: Added file file:///home/***/.ivy2/jars/org.hdrhistogram_HdrHistogram-2.1.12.jar at spark://f3c105d69d83:41977/files/org.hdrhistogram_HdrHistogram-2.1.12.jar with timestamp 1716066672039
[2024-05-18T21:11:14.785+0000] {spark_submit.py:571} INFO - 24/05/18 21:11:14 INFO Utils: Copying /home/***/.ivy2/jars/org.hdrhistogram_HdrHistogram-2.1.12.jar to /tmp/spark-e19a7326-b283-4072-afc8-89933c15f10b/userFiles-c9836585-c6f8-452e-abeb-3b45a8ec0cac/org.hdrhistogram_HdrHistogram-2.1.12.jar
[2024-05-18T21:11:14.789+0000] {spark_submit.py:571} INFO - 24/05/18 21:11:14 INFO SparkContext: Added file file:///home/***/.ivy2/jars/org.reactivestreams_reactive-streams-1.0.3.jar at spark://f3c105d69d83:41977/files/org.reactivestreams_reactive-streams-1.0.3.jar with timestamp 1716066672039
[2024-05-18T21:11:14.790+0000] {spark_submit.py:571} INFO - 24/05/18 21:11:14 INFO Utils: Copying /home/***/.ivy2/jars/org.reactivestreams_reactive-streams-1.0.3.jar to /tmp/spark-e19a7326-b283-4072-afc8-89933c15f10b/userFiles-c9836585-c6f8-452e-abeb-3b45a8ec0cac/org.reactivestreams_reactive-streams-1.0.3.jar
[2024-05-18T21:11:14.794+0000] {spark_submit.py:571} INFO - 24/05/18 21:11:14 INFO SparkContext: Added file file:///home/***/.ivy2/jars/com.github.stephenc.jcip_jcip-annotations-1.0-1.jar at spark://f3c105d69d83:41977/files/com.github.stephenc.jcip_jcip-annotations-1.0-1.jar with timestamp 1716066672039
[2024-05-18T21:11:14.795+0000] {spark_submit.py:571} INFO - 24/05/18 21:11:14 INFO Utils: Copying /home/***/.ivy2/jars/com.github.stephenc.jcip_jcip-annotations-1.0-1.jar to /tmp/spark-e19a7326-b283-4072-afc8-89933c15f10b/userFiles-c9836585-c6f8-452e-abeb-3b45a8ec0cac/com.github.stephenc.jcip_jcip-annotations-1.0-1.jar
[2024-05-18T21:11:14.799+0000] {spark_submit.py:571} INFO - 24/05/18 21:11:14 INFO SparkContext: Added file file:///home/***/.ivy2/jars/com.github.spotbugs_spotbugs-annotations-3.1.12.jar at spark://f3c105d69d83:41977/files/com.github.spotbugs_spotbugs-annotations-3.1.12.jar with timestamp 1716066672039
[2024-05-18T21:11:14.800+0000] {spark_submit.py:571} INFO - 24/05/18 21:11:14 INFO Utils: Copying /home/***/.ivy2/jars/com.github.spotbugs_spotbugs-annotations-3.1.12.jar to /tmp/spark-e19a7326-b283-4072-afc8-89933c15f10b/userFiles-c9836585-c6f8-452e-abeb-3b45a8ec0cac/com.github.spotbugs_spotbugs-annotations-3.1.12.jar
[2024-05-18T21:11:14.803+0000] {spark_submit.py:571} INFO - 24/05/18 21:11:14 INFO SparkContext: Added file file:///home/***/.ivy2/jars/com.google.code.findbugs_jsr305-3.0.2.jar at spark://f3c105d69d83:41977/files/com.google.code.findbugs_jsr305-3.0.2.jar with timestamp 1716066672039
[2024-05-18T21:11:14.803+0000] {spark_submit.py:571} INFO - 24/05/18 21:11:14 INFO Utils: Copying /home/***/.ivy2/jars/com.google.code.findbugs_jsr305-3.0.2.jar to /tmp/spark-e19a7326-b283-4072-afc8-89933c15f10b/userFiles-c9836585-c6f8-452e-abeb-3b45a8ec0cac/com.google.code.findbugs_jsr305-3.0.2.jar
[2024-05-18T21:11:14.807+0000] {spark_submit.py:571} INFO - 24/05/18 21:11:14 INFO SparkContext: Added file file:///home/***/.ivy2/jars/com.datastax.oss_java-driver-query-builder-4.13.0.jar at spark://f3c105d69d83:41977/files/com.datastax.oss_java-driver-query-builder-4.13.0.jar with timestamp 1716066672039
[2024-05-18T21:11:14.808+0000] {spark_submit.py:571} INFO - 24/05/18 21:11:14 INFO Utils: Copying /home/***/.ivy2/jars/com.datastax.oss_java-driver-query-builder-4.13.0.jar to /tmp/spark-e19a7326-b283-4072-afc8-89933c15f10b/userFiles-c9836585-c6f8-452e-abeb-3b45a8ec0cac/com.datastax.oss_java-driver-query-builder-4.13.0.jar
[2024-05-18T21:11:14.812+0000] {spark_submit.py:571} INFO - 24/05/18 21:11:14 INFO SparkContext: Added file file:///home/***/.ivy2/jars/com.github.luben_zstd-jni-1.5.5-1.jar at spark://f3c105d69d83:41977/files/com.github.luben_zstd-jni-1.5.5-1.jar with timestamp 1716066672039
[2024-05-18T21:11:14.813+0000] {spark_submit.py:571} INFO - 24/05/18 21:11:14 INFO Utils: Copying /home/***/.ivy2/jars/com.github.luben_zstd-jni-1.5.5-1.jar to /tmp/spark-e19a7326-b283-4072-afc8-89933c15f10b/userFiles-c9836585-c6f8-452e-abeb-3b45a8ec0cac/com.github.luben_zstd-jni-1.5.5-1.jar
[2024-05-18T21:11:14.901+0000] {spark_submit.py:571} INFO - 24/05/18 21:11:14 INFO SparkContext: Added file file:///home/***/.ivy2/jars/org.lz4_lz4-java-1.8.0.jar at spark://f3c105d69d83:41977/files/org.lz4_lz4-java-1.8.0.jar with timestamp 1716066672039
[2024-05-18T21:11:14.901+0000] {spark_submit.py:571} INFO - 24/05/18 21:11:14 INFO Utils: Copying /home/***/.ivy2/jars/org.lz4_lz4-java-1.8.0.jar to /tmp/spark-e19a7326-b283-4072-afc8-89933c15f10b/userFiles-c9836585-c6f8-452e-abeb-3b45a8ec0cac/org.lz4_lz4-java-1.8.0.jar
[2024-05-18T21:11:15.050+0000] {spark_submit.py:571} INFO - 24/05/18 21:11:15 INFO StandaloneAppClient$ClientEndpoint: Connecting to master spark://spark-master:7077...
[2024-05-18T21:11:15.109+0000] {spark_submit.py:571} INFO - 24/05/18 21:11:15 INFO TransportClientFactory: Successfully created connection to spark-master/172.25.0.4:7077 after 30 ms (0 ms spent in bootstraps)
[2024-05-18T21:11:15.564+0000] {spark_submit.py:571} INFO - 24/05/18 21:11:15 INFO StandaloneSchedulerBackend: Connected to Spark cluster with app ID app-20240518211115-0006
[2024-05-18T21:11:15.583+0000] {spark_submit.py:571} INFO - 24/05/18 21:11:15 INFO StandaloneAppClient$ClientEndpoint: Executor added: app-20240518211115-0006/0 on worker-20240518201224-172.25.0.6-33123 (172.25.0.6:33123) with 1 core(s)
[2024-05-18T21:11:15.587+0000] {spark_submit.py:571} INFO - 24/05/18 21:11:15 INFO StandaloneSchedulerBackend: Granted executor ID app-20240518211115-0006/0 on hostPort 172.25.0.6:33123 with 1 core(s), 1024.0 MiB RAM
[2024-05-18T21:11:15.587+0000] {spark_submit.py:571} INFO - 24/05/18 21:11:15 INFO Utils: Successfully started service 'org.apache.spark.network.netty.NettyBlockTransferService' on port 40903.
[2024-05-18T21:11:15.587+0000] {spark_submit.py:571} INFO - 24/05/18 21:11:15 INFO NettyBlockTransferService: Server created on f3c105d69d83:40903
[2024-05-18T21:11:15.590+0000] {spark_submit.py:571} INFO - 24/05/18 21:11:15 INFO BlockManager: Using org.apache.spark.storage.RandomBlockReplicationPolicy for block replication policy
[2024-05-18T21:11:15.603+0000] {spark_submit.py:571} INFO - 24/05/18 21:11:15 INFO BlockManagerMaster: Registering BlockManager BlockManagerId(driver, f3c105d69d83, 40903, None)
[2024-05-18T21:11:15.615+0000] {spark_submit.py:571} INFO - 24/05/18 21:11:15 INFO BlockManagerMasterEndpoint: Registering block manager f3c105d69d83:40903 with 434.4 MiB RAM, BlockManagerId(driver, f3c105d69d83, 40903, None)
[2024-05-18T21:11:15.622+0000] {spark_submit.py:571} INFO - 24/05/18 21:11:15 INFO BlockManagerMaster: Registered BlockManager BlockManagerId(driver, f3c105d69d83, 40903, None)
[2024-05-18T21:11:15.624+0000] {spark_submit.py:571} INFO - 24/05/18 21:11:15 INFO BlockManager: Initialized BlockManager: BlockManagerId(driver, f3c105d69d83, 40903, None)
[2024-05-18T21:11:16.066+0000] {spark_submit.py:571} INFO - 24/05/18 21:11:16 INFO StandaloneSchedulerBackend: SchedulerBackend is ready for scheduling beginning after reached minRegisteredResourcesRatio: 0.0
[2024-05-18T21:11:16.191+0000] {spark_submit.py:571} INFO - 24/05/18 21:11:16 INFO StandaloneAppClient$ClientEndpoint: Executor updated: app-20240518211115-0006/0 is now RUNNING
[2024-05-18T21:11:16.422+0000] {spark_submit.py:571} INFO - 24/05/18 21:11:16 INFO SharedState: Setting hive.metastore.warehouse.dir ('null') to the value of spark.sql.warehouse.dir.
[2024-05-18T21:11:16.426+0000] {spark_submit.py:571} INFO - 24/05/18 21:11:16 INFO SharedState: Warehouse path is 'file:/opt/***/spark-warehouse'.
[2024-05-18T21:11:21.491+0000] {spark_submit.py:571} INFO - 24/05/18 21:11:21 INFO StandaloneSchedulerBackend$StandaloneDriverEndpoint: Registered executor NettyRpcEndpointRef(spark-client://Executor) (172.25.0.6:53174) with ID 0,  ResourceProfileId 0
[2024-05-18T21:11:21.580+0000] {spark_submit.py:571} INFO - 24/05/18 21:11:21 INFO BlockManagerMasterEndpoint: Registering block manager 172.25.0.6:40639 with 434.4 MiB RAM, BlockManagerId(0, 172.25.0.6, 40639, None)
[2024-05-18T21:11:22.308+0000] {spark_submit.py:571} INFO - INFO:py4j.java_gateway:Callback Server Starting
[2024-05-18T21:11:22.326+0000] {spark_submit.py:571} INFO - INFO:py4j.java_gateway:Socket listening on ('127.0.0.1', 36707)
[2024-05-18T21:11:22.439+0000] {spark_submit.py:571} INFO - 24/05/18 21:11:22 INFO StateStoreCoordinatorRef: Registered StateStoreCoordinator endpoint
[2024-05-18T21:11:22.962+0000] {spark_submit.py:571} INFO - 24/05/18 21:11:22 WARN ResolveWriteToStream: Temporary checkpoint location created which is deleted normally when the query didn't fail: /tmp/temporary-761abe8d-5cfa-4370-b2fc-8a395dddcb3b. If it's required to delete it under any circumstances, please set spark.sql.streaming.forceDeleteTempCheckpointLocation to true. Important to know deleting temp checkpoint folder is best effort.
[2024-05-18T21:11:23.079+0000] {spark_submit.py:571} INFO - 24/05/18 21:11:23 INFO ResolveWriteToStream: Checkpoint root file:///tmp/temporary-761abe8d-5cfa-4370-b2fc-8a395dddcb3b resolved to file:/tmp/temporary-761abe8d-5cfa-4370-b2fc-8a395dddcb3b.
[2024-05-18T21:11:23.081+0000] {spark_submit.py:571} INFO - 24/05/18 21:11:23 WARN ResolveWriteToStream: spark.sql.adaptive.enabled is not supported in streaming DataFrames/Datasets and will be disabled.
[2024-05-18T21:11:23.531+0000] {spark_submit.py:571} INFO - 24/05/18 21:11:23 INFO CheckpointFileManager: Writing atomically to file:/tmp/temporary-761abe8d-5cfa-4370-b2fc-8a395dddcb3b/metadata using temp file file:/tmp/temporary-761abe8d-5cfa-4370-b2fc-8a395dddcb3b/.metadata.1e04ae98-d7fe-4931-8f72-c8202931c29d.tmp
[2024-05-18T21:11:24.089+0000] {spark_submit.py:571} INFO - 24/05/18 21:11:24 INFO CheckpointFileManager: Renamed temp file file:/tmp/temporary-761abe8d-5cfa-4370-b2fc-8a395dddcb3b/.metadata.1e04ae98-d7fe-4931-8f72-c8202931c29d.tmp to file:/tmp/temporary-761abe8d-5cfa-4370-b2fc-8a395dddcb3b/metadata
[2024-05-18T21:11:24.388+0000] {spark_submit.py:571} INFO - 24/05/18 21:11:24 INFO MicroBatchExecution: Starting [id = f4f324fc-7a1f-4392-b52b-e98a1c00e00e, runId = fa6a01f3-d860-46c3-9095-3c65dc6eb528]. Use file:/tmp/temporary-761abe8d-5cfa-4370-b2fc-8a395dddcb3b to store the query checkpoint.
[2024-05-18T21:11:24.463+0000] {spark_submit.py:571} INFO - 24/05/18 21:11:24 INFO MicroBatchExecution: Reading table [org.apache.spark.sql.kafka010.KafkaSourceProvider$KafkaTable@21c8adbc] from DataSourceV2 named 'kafka' [org.apache.spark.sql.kafka010.KafkaSourceProvider@741366b2]
[2024-05-18T21:11:25.200+0000] {spark_submit.py:571} INFO - 24/05/18 21:11:25 INFO OffsetSeqLog: BatchIds found from listing:
[2024-05-18T21:11:25.241+0000] {spark_submit.py:571} INFO - 24/05/18 21:11:25 INFO OffsetSeqLog: BatchIds found from listing:
[2024-05-18T21:11:25.247+0000] {spark_submit.py:571} INFO - 24/05/18 21:11:25 INFO MicroBatchExecution: Starting new streaming query.
[2024-05-18T21:11:25.260+0000] {spark_submit.py:571} INFO - 24/05/18 21:11:25 INFO MicroBatchExecution: Stream started from {}
[2024-05-18T21:11:28.042+0000] {spark_submit.py:571} INFO - 24/05/18 21:11:28 INFO AdminClientConfig: AdminClientConfig values:
[2024-05-18T21:11:28.078+0000] {spark_submit.py:571} INFO - auto.include.jmx.reporter = true
[2024-05-18T21:11:28.079+0000] {spark_submit.py:571} INFO - bootstrap.servers = [kafka:9092]
[2024-05-18T21:11:28.081+0000] {spark_submit.py:571} INFO - client.dns.lookup = use_all_dns_ips
[2024-05-18T21:11:28.082+0000] {spark_submit.py:571} INFO - client.id =
[2024-05-18T21:11:28.084+0000] {spark_submit.py:571} INFO - connections.max.idle.ms = 300000
[2024-05-18T21:11:28.084+0000] {spark_submit.py:571} INFO - default.api.timeout.ms = 60000
[2024-05-18T21:11:28.086+0000] {spark_submit.py:571} INFO - metadata.max.age.ms = 300000
[2024-05-18T21:11:28.086+0000] {spark_submit.py:571} INFO - metric.reporters = []
[2024-05-18T21:11:28.087+0000] {spark_submit.py:571} INFO - metrics.num.samples = 2
[2024-05-18T21:11:28.087+0000] {spark_submit.py:571} INFO - metrics.recording.level = INFO
[2024-05-18T21:11:28.089+0000] {spark_submit.py:571} INFO - metrics.sample.window.ms = 30000
[2024-05-18T21:11:28.089+0000] {spark_submit.py:571} INFO - receive.buffer.bytes = 65536
[2024-05-18T21:11:28.090+0000] {spark_submit.py:571} INFO - reconnect.backoff.max.ms = 1000
[2024-05-18T21:11:28.090+0000] {spark_submit.py:571} INFO - reconnect.backoff.ms = 50
[2024-05-18T21:11:28.091+0000] {spark_submit.py:571} INFO - request.timeout.ms = 30000
[2024-05-18T21:11:28.092+0000] {spark_submit.py:571} INFO - retries = 2147483647
[2024-05-18T21:11:28.092+0000] {spark_submit.py:571} INFO - retry.backoff.ms = 100
[2024-05-18T21:11:28.093+0000] {spark_submit.py:571} INFO - sasl.client.callback.handler.class = null
[2024-05-18T21:11:28.094+0000] {spark_submit.py:571} INFO - sasl.jaas.config = null
[2024-05-18T21:11:28.094+0000] {spark_submit.py:571} INFO - sasl.kerberos.kinit.cmd = /usr/bin/kinit
[2024-05-18T21:11:28.095+0000] {spark_submit.py:571} INFO - sasl.kerberos.min.time.before.relogin = 60000
[2024-05-18T21:11:28.096+0000] {spark_submit.py:571} INFO - sasl.kerberos.service.name = null
[2024-05-18T21:11:28.097+0000] {spark_submit.py:571} INFO - sasl.kerberos.ticket.renew.jitter = 0.05
[2024-05-18T21:11:28.104+0000] {spark_submit.py:571} INFO - sasl.kerberos.ticket.renew.window.factor = 0.8
[2024-05-18T21:11:28.107+0000] {spark_submit.py:571} INFO - sasl.login.callback.handler.class = null
[2024-05-18T21:11:28.133+0000] {spark_submit.py:571} INFO - sasl.login.class = null
[2024-05-18T21:11:28.135+0000] {spark_submit.py:571} INFO - sasl.login.connect.timeout.ms = null
[2024-05-18T21:11:28.138+0000] {spark_submit.py:571} INFO - sasl.login.read.timeout.ms = null
[2024-05-18T21:11:28.150+0000] {spark_submit.py:571} INFO - sasl.login.refresh.buffer.seconds = 300
[2024-05-18T21:11:28.152+0000] {spark_submit.py:571} INFO - sasl.login.refresh.min.period.seconds = 60
[2024-05-18T21:11:28.155+0000] {spark_submit.py:571} INFO - sasl.login.refresh.window.factor = 0.8
[2024-05-18T21:11:28.160+0000] {spark_submit.py:571} INFO - sasl.login.refresh.window.jitter = 0.05
[2024-05-18T21:11:28.166+0000] {spark_submit.py:571} INFO - sasl.login.retry.backoff.max.ms = 10000
[2024-05-18T21:11:28.170+0000] {spark_submit.py:571} INFO - sasl.login.retry.backoff.ms = 100
[2024-05-18T21:11:28.173+0000] {spark_submit.py:571} INFO - sasl.mechanism = GSSAPI
[2024-05-18T21:11:28.174+0000] {spark_submit.py:571} INFO - sasl.oauthbearer.clock.skew.seconds = 30
[2024-05-18T21:11:28.191+0000] {spark_submit.py:571} INFO - sasl.oauthbearer.expected.audience = null
[2024-05-18T21:11:28.213+0000] {spark_submit.py:571} INFO - sasl.oauthbearer.expected.issuer = null
[2024-05-18T21:11:28.253+0000] {spark_submit.py:571} INFO - sasl.oauthbearer.jwks.endpoint.refresh.ms = 3600000
[2024-05-18T21:11:28.260+0000] {spark_submit.py:571} INFO - sasl.oauthbearer.jwks.endpoint.retry.backoff.max.ms = 10000
[2024-05-18T21:11:28.269+0000] {spark_submit.py:571} INFO - sasl.oauthbearer.jwks.endpoint.retry.backoff.ms = 100
[2024-05-18T21:11:28.293+0000] {spark_submit.py:571} INFO - sasl.oauthbearer.jwks.endpoint.url = null
[2024-05-18T21:11:28.298+0000] {spark_submit.py:571} INFO - sasl.oauthbearer.scope.claim.name = scope
[2024-05-18T21:11:28.304+0000] {spark_submit.py:571} INFO - sasl.oauthbearer.sub.claim.name = sub
[2024-05-18T21:11:28.307+0000] {spark_submit.py:571} INFO - sasl.oauthbearer.token.endpoint.url = null
[2024-05-18T21:11:28.308+0000] {spark_submit.py:571} INFO - security.protocol = PLAINTEXT
[2024-05-18T21:11:28.309+0000] {spark_submit.py:571} INFO - security.providers = null
[2024-05-18T21:11:28.311+0000] {spark_submit.py:571} INFO - send.buffer.bytes = 131072
[2024-05-18T21:11:28.313+0000] {spark_submit.py:571} INFO - socket.connection.setup.timeout.max.ms = 30000
[2024-05-18T21:11:28.314+0000] {spark_submit.py:571} INFO - socket.connection.setup.timeout.ms = 10000
[2024-05-18T21:11:28.315+0000] {spark_submit.py:571} INFO - ssl.cipher.suites = null
[2024-05-18T21:11:28.317+0000] {spark_submit.py:571} INFO - ssl.enabled.protocols = [TLSv1.2, TLSv1.3]
[2024-05-18T21:11:28.318+0000] {spark_submit.py:571} INFO - ssl.endpoint.identification.algorithm = https
[2024-05-18T21:11:28.319+0000] {spark_submit.py:571} INFO - ssl.engine.factory.class = null
[2024-05-18T21:11:28.319+0000] {spark_submit.py:571} INFO - ssl.key.password = null
[2024-05-18T21:11:28.323+0000] {spark_submit.py:571} INFO - ssl.keymanager.algorithm = SunX509
[2024-05-18T21:11:28.324+0000] {spark_submit.py:571} INFO - ssl.keystore.certificate.chain = null
[2024-05-18T21:11:28.326+0000] {spark_submit.py:571} INFO - ssl.keystore.key = null
[2024-05-18T21:11:28.326+0000] {spark_submit.py:571} INFO - ssl.keystore.location = null
[2024-05-18T21:11:28.327+0000] {spark_submit.py:571} INFO - ssl.keystore.password = null
[2024-05-18T21:11:28.327+0000] {spark_submit.py:571} INFO - ssl.keystore.type = JKS
[2024-05-18T21:11:28.329+0000] {spark_submit.py:571} INFO - ssl.protocol = TLSv1.3
[2024-05-18T21:11:28.330+0000] {spark_submit.py:571} INFO - ssl.provider = null
[2024-05-18T21:11:28.332+0000] {spark_submit.py:571} INFO - ssl.secure.random.implementation = null
[2024-05-18T21:11:28.334+0000] {spark_submit.py:571} INFO - ssl.trustmanager.algorithm = PKIX
[2024-05-18T21:11:28.338+0000] {spark_submit.py:571} INFO - ssl.truststore.certificates = null
[2024-05-18T21:11:28.342+0000] {spark_submit.py:571} INFO - ssl.truststore.location = null
[2024-05-18T21:11:28.345+0000] {spark_submit.py:571} INFO - ssl.truststore.password = null
[2024-05-18T21:11:28.349+0000] {spark_submit.py:571} INFO - ssl.truststore.type = JKS
[2024-05-18T21:11:28.355+0000] {spark_submit.py:571} INFO - 
[2024-05-18T21:11:28.917+0000] {spark_submit.py:571} INFO - 24/05/18 21:11:28 INFO AdminClientConfig: These configurations '[key.deserializer, value.deserializer, enable.auto.commit, max.poll.records, auto.offset.reset]' were supplied but are not used yet.
[2024-05-18T21:11:28.953+0000] {spark_submit.py:571} INFO - 24/05/18 21:11:28 INFO AppInfoParser: Kafka version: 3.5.1
[2024-05-18T21:11:28.955+0000] {spark_submit.py:571} INFO - 24/05/18 21:11:28 INFO AppInfoParser: Kafka commitId: 2c6fb6c54472e90a
[2024-05-18T21:11:28.958+0000] {spark_submit.py:571} INFO - 24/05/18 21:11:28 INFO AppInfoParser: Kafka startTimeMs: 1716066688906
[2024-05-18T21:11:30.797+0000] {spark_submit.py:571} INFO - 24/05/18 21:11:30 INFO CheckpointFileManager: Writing atomically to file:/tmp/temporary-761abe8d-5cfa-4370-b2fc-8a395dddcb3b/sources/0/0 using temp file file:/tmp/temporary-761abe8d-5cfa-4370-b2fc-8a395dddcb3b/sources/0/.0.1e07ea3b-149b-4dee-9a2d-b2989d45dc3f.tmp
[2024-05-18T21:11:30.847+0000] {spark_submit.py:571} INFO - 24/05/18 21:11:30 INFO CheckpointFileManager: Renamed temp file file:/tmp/temporary-761abe8d-5cfa-4370-b2fc-8a395dddcb3b/sources/0/.0.1e07ea3b-149b-4dee-9a2d-b2989d45dc3f.tmp to file:/tmp/temporary-761abe8d-5cfa-4370-b2fc-8a395dddcb3b/sources/0/0
[2024-05-18T21:11:30.849+0000] {spark_submit.py:571} INFO - 24/05/18 21:11:30 INFO KafkaMicroBatchStream: Initial offsets: {"properties":{"0":0}}
[2024-05-18T21:11:30.901+0000] {spark_submit.py:571} INFO - 24/05/18 21:11:30 INFO CheckpointFileManager: Writing atomically to file:/tmp/temporary-761abe8d-5cfa-4370-b2fc-8a395dddcb3b/offsets/0 using temp file file:/tmp/temporary-761abe8d-5cfa-4370-b2fc-8a395dddcb3b/offsets/.0.b150a2aa-f2d4-47b4-9899-e5af4d71a9fc.tmp
[2024-05-18T21:11:30.960+0000] {spark_submit.py:571} INFO - 24/05/18 21:11:30 INFO CheckpointFileManager: Renamed temp file file:/tmp/temporary-761abe8d-5cfa-4370-b2fc-8a395dddcb3b/offsets/.0.b150a2aa-f2d4-47b4-9899-e5af4d71a9fc.tmp to file:/tmp/temporary-761abe8d-5cfa-4370-b2fc-8a395dddcb3b/offsets/0
[2024-05-18T21:11:30.964+0000] {spark_submit.py:571} INFO - 24/05/18 21:11:30 INFO MicroBatchExecution: Committed offsets for batch 0. Metadata OffsetSeqMetadata(0,1716066690874,Map(spark.sql.streaming.stateStore.providerClass -> org.apache.spark.sql.execution.streaming.state.HDFSBackedStateStoreProvider, spark.sql.streaming.join.stateFormatVersion -> 2, spark.sql.streaming.stateStore.compression.codec -> lz4, spark.sql.streaming.stateStore.rocksdb.formatVersion -> 5, spark.sql.streaming.statefulOperator.useStrictDistribution -> true, spark.sql.streaming.flatMapGroupsWithState.stateFormatVersion -> 2, spark.sql.streaming.multipleWatermarkPolicy -> min, spark.sql.streaming.aggregation.stateFormatVersion -> 2, spark.sql.shuffle.partitions -> 200))
[2024-05-18T21:11:31.762+0000] {spark_submit.py:571} INFO - 24/05/18 21:11:31 INFO KafkaOffsetReaderAdmin: Partitions added: Map()
[2024-05-18T21:11:31.859+0000] {spark_submit.py:571} INFO - 24/05/18 21:11:31 INFO KafkaOffsetReaderAdmin: Partitions added: Map()
[2024-05-18T21:11:31.936+0000] {spark_submit.py:571} INFO - 24/05/18 21:11:31 INFO KafkaOffsetReaderAdmin: Partitions added: Map()
[2024-05-18T21:11:31.940+0000] {spark_submit.py:571} INFO - 24/05/18 21:11:31 INFO KafkaOffsetReaderAdmin: Partitions added: Map()
[2024-05-18T21:11:32.397+0000] {spark_submit.py:571} INFO - 24/05/18 21:11:32 INFO CodeGenerator: Code generated in 277.488833 ms
[2024-05-18T21:11:32.514+0000] {spark_submit.py:571} INFO - INFO:py4j.clientserver:Python Server ready to receive messages
[2024-05-18T21:11:32.514+0000] {spark_submit.py:571} INFO - INFO:py4j.clientserver:Received command c on object id p0
[2024-05-18T21:11:32.645+0000] {spark_submit.py:571} INFO - 24/05/18 21:11:32 INFO CodeGenerator: Code generated in 76.696292 ms
[2024-05-18T21:11:32.843+0000] {spark_submit.py:571} INFO - 24/05/18 21:11:32 INFO SparkContext: Starting job: call at /home/***/.local/lib/python3.11/site-packages/pyspark/python/lib/py4j-0.10.9.7-src.zip/py4j/clientserver.py:617
[2024-05-18T21:11:32.850+0000] {spark_submit.py:571} INFO - 24/05/18 21:11:32 INFO DAGScheduler: Job 0 finished: call at /home/***/.local/lib/python3.11/site-packages/pyspark/python/lib/py4j-0.10.9.7-src.zip/py4j/clientserver.py:617, took 0.005551 s
[2024-05-18T21:11:32.969+0000] {spark_submit.py:571} INFO - 24/05/18 21:11:32 INFO CheckpointFileManager: Writing atomically to file:/tmp/temporary-761abe8d-5cfa-4370-b2fc-8a395dddcb3b/commits/0 using temp file file:/tmp/temporary-761abe8d-5cfa-4370-b2fc-8a395dddcb3b/commits/.0.5ea167bc-790c-4bd8-9178-97c42360bf95.tmp
[2024-05-18T21:11:33.029+0000] {spark_submit.py:571} INFO - 24/05/18 21:11:33 INFO CheckpointFileManager: Renamed temp file file:/tmp/temporary-761abe8d-5cfa-4370-b2fc-8a395dddcb3b/commits/.0.5ea167bc-790c-4bd8-9178-97c42360bf95.tmp to file:/tmp/temporary-761abe8d-5cfa-4370-b2fc-8a395dddcb3b/commits/0
[2024-05-18T21:11:33.072+0000] {spark_submit.py:571} INFO - 24/05/18 21:11:33 INFO MicroBatchExecution: Streaming query made progress: {
[2024-05-18T21:11:33.073+0000] {spark_submit.py:571} INFO - "id" : "f4f324fc-7a1f-4392-b52b-e98a1c00e00e",
[2024-05-18T21:11:33.074+0000] {spark_submit.py:571} INFO - "runId" : "fa6a01f3-d860-46c3-9095-3c65dc6eb528",
[2024-05-18T21:11:33.076+0000] {spark_submit.py:571} INFO - "name" : null,
[2024-05-18T21:11:33.076+0000] {spark_submit.py:571} INFO - "timestamp" : "2024-05-18T21:11:24.717Z",
[2024-05-18T21:11:33.077+0000] {spark_submit.py:571} INFO - "batchId" : 0,
[2024-05-18T21:11:33.077+0000] {spark_submit.py:571} INFO - "numInputRows" : 0,
[2024-05-18T21:11:33.077+0000] {spark_submit.py:571} INFO - "inputRowsPerSecond" : 0.0,
[2024-05-18T21:11:33.078+0000] {spark_submit.py:571} INFO - "processedRowsPerSecond" : 0.0,
[2024-05-18T21:11:33.078+0000] {spark_submit.py:571} INFO - "durationMs" : {
[2024-05-18T21:11:33.078+0000] {spark_submit.py:571} INFO - "addBatch" : 1011,
[2024-05-18T21:11:33.079+0000] {spark_submit.py:571} INFO - "commitOffsets" : 114,
[2024-05-18T21:11:33.079+0000] {spark_submit.py:571} INFO - "getBatch" : 37,
[2024-05-18T21:11:33.079+0000] {spark_submit.py:571} INFO - "latestOffset" : 5463,
[2024-05-18T21:11:33.079+0000] {spark_submit.py:571} INFO - "queryPlanning" : 870,
[2024-05-18T21:11:33.080+0000] {spark_submit.py:571} INFO - "triggerExecution" : 8284,
[2024-05-18T21:11:33.080+0000] {spark_submit.py:571} INFO - "walCommit" : 79
[2024-05-18T21:11:33.080+0000] {spark_submit.py:571} INFO - },
[2024-05-18T21:11:33.081+0000] {spark_submit.py:571} INFO - "stateOperators" : [ ],
[2024-05-18T21:11:33.082+0000] {spark_submit.py:571} INFO - "sources" : [ {
[2024-05-18T21:11:33.083+0000] {spark_submit.py:571} INFO - "description" : "KafkaV2[Subscribe[properties]]",
[2024-05-18T21:11:33.084+0000] {spark_submit.py:571} INFO - "startOffset" : null,
[2024-05-18T21:11:33.084+0000] {spark_submit.py:571} INFO - "endOffset" : {
[2024-05-18T21:11:33.085+0000] {spark_submit.py:571} INFO - "properties" : {
[2024-05-18T21:11:33.085+0000] {spark_submit.py:571} INFO - "0" : 0
[2024-05-18T21:11:33.085+0000] {spark_submit.py:571} INFO - }
[2024-05-18T21:11:33.086+0000] {spark_submit.py:571} INFO - },
[2024-05-18T21:11:33.086+0000] {spark_submit.py:571} INFO - "latestOffset" : {
[2024-05-18T21:11:33.086+0000] {spark_submit.py:571} INFO - "properties" : {
[2024-05-18T21:11:33.086+0000] {spark_submit.py:571} INFO - "0" : 0
[2024-05-18T21:11:33.087+0000] {spark_submit.py:571} INFO - }
[2024-05-18T21:11:33.087+0000] {spark_submit.py:571} INFO - },
[2024-05-18T21:11:33.087+0000] {spark_submit.py:571} INFO - "numInputRows" : 0,
[2024-05-18T21:11:33.088+0000] {spark_submit.py:571} INFO - "inputRowsPerSecond" : 0.0,
[2024-05-18T21:11:33.088+0000] {spark_submit.py:571} INFO - "processedRowsPerSecond" : 0.0,
[2024-05-18T21:11:33.089+0000] {spark_submit.py:571} INFO - "metrics" : {
[2024-05-18T21:11:33.090+0000] {spark_submit.py:571} INFO - "avgOffsetsBehindLatest" : "0.0",
[2024-05-18T21:11:33.091+0000] {spark_submit.py:571} INFO - "maxOffsetsBehindLatest" : "0",
[2024-05-18T21:11:33.092+0000] {spark_submit.py:571} INFO - "minOffsetsBehindLatest" : "0"
[2024-05-18T21:11:33.093+0000] {spark_submit.py:571} INFO - }
[2024-05-18T21:11:33.093+0000] {spark_submit.py:571} INFO - } ],
[2024-05-18T21:11:33.093+0000] {spark_submit.py:571} INFO - "sink" : {
[2024-05-18T21:11:33.093+0000] {spark_submit.py:571} INFO - "description" : "ForeachBatchSink",
[2024-05-18T21:11:33.093+0000] {spark_submit.py:571} INFO - "numOutputRows" : -1
[2024-05-18T21:11:33.093+0000] {spark_submit.py:571} INFO - }
[2024-05-18T21:11:33.093+0000] {spark_submit.py:571} INFO - }
[2024-05-18T21:11:43.072+0000] {spark_submit.py:571} INFO - 24/05/18 21:11:43 INFO MicroBatchExecution: Streaming query has been idle and waiting for new data more than 10000 ms.
[2024-05-18T21:11:53.074+0000] {spark_submit.py:571} INFO - 24/05/18 21:11:53 INFO MicroBatchExecution: Streaming query has been idle and waiting for new data more than 10000 ms.
[2024-05-18T21:12:03.108+0000] {spark_submit.py:571} INFO - 24/05/18 21:12:03 INFO MicroBatchExecution: Streaming query has been idle and waiting for new data more than 10000 ms.
[2024-05-18T21:12:13.139+0000] {spark_submit.py:571} INFO - 24/05/18 21:12:13 INFO MicroBatchExecution: Streaming query has been idle and waiting for new data more than 10000 ms.
[2024-05-18T21:12:23.127+0000] {spark_submit.py:571} INFO - 24/05/18 21:12:23 INFO MicroBatchExecution: Streaming query has been idle and waiting for new data more than 10000 ms.
[2024-05-18T21:12:33.139+0000] {spark_submit.py:571} INFO - 24/05/18 21:12:33 INFO MicroBatchExecution: Streaming query has been idle and waiting for new data more than 10000 ms.
[2024-05-18T21:12:43.148+0000] {spark_submit.py:571} INFO - 24/05/18 21:12:43 INFO MicroBatchExecution: Streaming query has been idle and waiting for new data more than 10000 ms.
[2024-05-18T21:12:53.160+0000] {spark_submit.py:571} INFO - 24/05/18 21:12:53 INFO MicroBatchExecution: Streaming query has been idle and waiting for new data more than 10000 ms.
[2024-05-18T21:13:03.189+0000] {spark_submit.py:571} INFO - 24/05/18 21:13:03 INFO MicroBatchExecution: Streaming query has been idle and waiting for new data more than 10000 ms.
[2024-05-18T21:13:13.169+0000] {spark_submit.py:571} INFO - 24/05/18 21:13:13 INFO MicroBatchExecution: Streaming query has been idle and waiting for new data more than 10000 ms.
[2024-05-18T21:13:23.185+0000] {spark_submit.py:571} INFO - 24/05/18 21:13:23 INFO MicroBatchExecution: Streaming query has been idle and waiting for new data more than 10000 ms.
[2024-05-18T21:13:23.435+0000] {local_task_job_runner.py:310} WARNING - State of this instance has been externally set to failed. Terminating instance.
[2024-05-18T21:13:23.463+0000] {local_task_job_runner.py:222} INFO - ::endgroup::
[2024-05-18T21:13:23.486+0000] {process_utils.py:132} INFO - Sending 15 to group 2566. PIDs of all processes in the group: [2568, 2640, 2566]
[2024-05-18T21:13:23.488+0000] {process_utils.py:87} INFO - Sending the signal 15 to group 2566
[2024-05-18T21:13:23.497+0000] {taskinstance.py:2611} ERROR - Received SIGTERM. Terminating subprocesses.
[2024-05-18T21:13:23.502+0000] {spark_submit.py:697} INFO - Sending kill signal to spark-submit
[2024-05-18T21:13:23.536+0000] {taskinstance.py:441} INFO - ::group::Post task execution logs
[2024-05-18T21:13:23.765+0000] {process_utils.py:80} INFO - Process psutil.Process(pid=2640, status='terminated', started='21:11:07') (2640) terminated with exit code None
[2024-05-18T21:13:23.911+0000] {process_utils.py:80} INFO - Process psutil.Process(pid=2568, status='terminated', started='21:10:58') (2568) terminated with exit code None
[2024-05-18T21:13:23.911+0000] {process_utils.py:80} INFO - Process psutil.Process(pid=2566, status='terminated', exitcode=0, started='21:10:58') (2566) terminated with exit code 0
