[2024-05-16T00:12:52.843+0000] {local_task_job_runner.py:120} INFO - ::group::Pre task execution logs
[2024-05-16T00:12:52.862+0000] {taskinstance.py:2076} INFO - Dependencies all met for dep_context=non-requeueable deps ti=<TaskInstance: Webscrape.Process_Send_Data manual__2024-05-16T00:08:33.976029+00:00 [queued]>
[2024-05-16T00:12:52.866+0000] {taskinstance.py:2076} INFO - Dependencies all met for dep_context=requeueable deps ti=<TaskInstance: Webscrape.Process_Send_Data manual__2024-05-16T00:08:33.976029+00:00 [queued]>
[2024-05-16T00:12:52.866+0000] {taskinstance.py:2306} INFO - Starting attempt 3 of 6
[2024-05-16T00:12:52.874+0000] {taskinstance.py:2330} INFO - Executing <Task(SparkSubmitOperator): Process_Send_Data> on 2024-05-16 00:08:33.976029+00:00
[2024-05-16T00:12:52.881+0000] {standard_task_runner.py:90} INFO - Running: ['***', 'tasks', 'run', 'Webscrape', 'Process_Send_Data', 'manual__2024-05-16T00:08:33.976029+00:00', '--job-id', '174', '--raw', '--subdir', 'DAGS_FOLDER/webscrapping.py', '--cfg-path', '/tmp/tmp6mjuhjat']
[2024-05-16T00:12:52.885+0000] {logging_mixin.py:188} WARNING - /home/***/.local/lib/python3.12/site-packages/***/task/task_runner/standard_task_runner.py:61 DeprecationWarning: This process (pid=1268) is multi-threaded, use of fork() may lead to deadlocks in the child.
[2024-05-16T00:12:52.886+0000] {standard_task_runner.py:91} INFO - Job 174: Subtask Process_Send_Data
[2024-05-16T00:12:52.886+0000] {standard_task_runner.py:63} INFO - Started process 1269 to run task
[2024-05-16T00:12:52.919+0000] {task_command.py:426} INFO - Running <TaskInstance: Webscrape.Process_Send_Data manual__2024-05-16T00:08:33.976029+00:00 [running]> on host 1def91e7b936
[2024-05-16T00:12:52.987+0000] {taskinstance.py:2648} INFO - Exporting env vars: AIRFLOW_CTX_DAG_OWNER='svc' AIRFLOW_CTX_DAG_ID='Webscrape' AIRFLOW_CTX_TASK_ID='Process_Send_Data' AIRFLOW_CTX_EXECUTION_DATE='2024-05-16T00:08:33.976029+00:00' AIRFLOW_CTX_TRY_NUMBER='3' AIRFLOW_CTX_DAG_RUN_ID='manual__2024-05-16T00:08:33.976029+00:00'
[2024-05-16T00:12:52.988+0000] {taskinstance.py:430} INFO - ::endgroup::
[2024-05-16T00:12:53.010+0000] {base.py:84} INFO - Using connection ID 'spark_default' for task execution.
[2024-05-16T00:12:53.011+0000] {spark_submit.py:401} INFO - Spark-Submit cmd: spark-submit --master spark://spark-master:7077 --num-executors 1 --total-executor-cores 1 --executor-cores 1 --executor-memory 2g --driver-memory 2g --name arrow-spark --deploy-mode client dags/includes/jobs/spark_consumer.py
[2024-05-16T00:12:55.189+0000] {spark_submit.py:571} INFO - 24/05/16 00:12:55 INFO SparkContext: Running Spark version 3.5.1
[2024-05-16T00:12:55.192+0000] {spark_submit.py:571} INFO - 24/05/16 00:12:55 INFO SparkContext: OS info Linux, 6.6.26-linuxkit, aarch64
[2024-05-16T00:12:55.193+0000] {spark_submit.py:571} INFO - 24/05/16 00:12:55 INFO SparkContext: Java version 17.0.11
[2024-05-16T00:12:55.228+0000] {spark_submit.py:571} INFO - 24/05/16 00:12:55 WARN NativeCodeLoader: Unable to load native-hadoop library for your platform... using builtin-java classes where applicable
[2024-05-16T00:12:55.278+0000] {spark_submit.py:571} INFO - 24/05/16 00:12:55 INFO ResourceUtils: ==============================================================
[2024-05-16T00:12:55.278+0000] {spark_submit.py:571} INFO - 24/05/16 00:12:55 INFO ResourceUtils: No custom resources configured for spark.driver.
[2024-05-16T00:12:55.279+0000] {spark_submit.py:571} INFO - 24/05/16 00:12:55 INFO ResourceUtils: ==============================================================
[2024-05-16T00:12:55.279+0000] {spark_submit.py:571} INFO - 24/05/16 00:12:55 INFO SparkContext: Submitted application: Redfin_Properties_Consumer
[2024-05-16T00:12:55.290+0000] {spark_submit.py:571} INFO - 24/05/16 00:12:55 INFO ResourceProfile: Default ResourceProfile created, executor resources: Map(cores -> name: cores, amount: 1, script: , vendor: , memory -> name: memory, amount: 2048, script: , vendor: , offHeap -> name: offHeap, amount: 0, script: , vendor: ), task resources: Map(cpus -> name: cpus, amount: 1.0)
[2024-05-16T00:12:55.295+0000] {spark_submit.py:571} INFO - 24/05/16 00:12:55 INFO ResourceProfile: Limiting resource is cpus at 1 tasks per executor
[2024-05-16T00:12:55.295+0000] {spark_submit.py:571} INFO - 24/05/16 00:12:55 INFO ResourceProfileManager: Added ResourceProfile id: 0
[2024-05-16T00:12:55.321+0000] {spark_submit.py:571} INFO - 24/05/16 00:12:55 INFO SecurityManager: Changing view acls to: ***
[2024-05-16T00:12:55.322+0000] {spark_submit.py:571} INFO - 24/05/16 00:12:55 INFO SecurityManager: Changing modify acls to: ***
[2024-05-16T00:12:55.322+0000] {spark_submit.py:571} INFO - 24/05/16 00:12:55 INFO SecurityManager: Changing view acls groups to:
[2024-05-16T00:12:55.323+0000] {spark_submit.py:571} INFO - 24/05/16 00:12:55 INFO SecurityManager: Changing modify acls groups to:
[2024-05-16T00:12:55.323+0000] {spark_submit.py:571} INFO - 24/05/16 00:12:55 INFO SecurityManager: SecurityManager: authentication disabled; ui acls disabled; users with view permissions: ***; groups with view permissions: EMPTY; users with modify permissions: ***; groups with modify permissions: EMPTY
[2024-05-16T00:12:55.433+0000] {spark_submit.py:571} INFO - 24/05/16 00:12:55 INFO Utils: Successfully started service 'sparkDriver' on port 35733.
[2024-05-16T00:12:55.458+0000] {spark_submit.py:571} INFO - 24/05/16 00:12:55 INFO SparkEnv: Registering MapOutputTracker
[2024-05-16T00:12:55.482+0000] {spark_submit.py:571} INFO - 24/05/16 00:12:55 INFO SparkEnv: Registering BlockManagerMaster
[2024-05-16T00:12:55.491+0000] {spark_submit.py:571} INFO - 24/05/16 00:12:55 INFO BlockManagerMasterEndpoint: Using org.apache.spark.storage.DefaultTopologyMapper for getting topology information
[2024-05-16T00:12:55.492+0000] {spark_submit.py:571} INFO - 24/05/16 00:12:55 INFO BlockManagerMasterEndpoint: BlockManagerMasterEndpoint up
[2024-05-16T00:12:55.494+0000] {spark_submit.py:571} INFO - 24/05/16 00:12:55 INFO SparkEnv: Registering BlockManagerMasterHeartbeat
[2024-05-16T00:12:55.504+0000] {spark_submit.py:571} INFO - 24/05/16 00:12:55 INFO DiskBlockManager: Created local directory at /tmp/blockmgr-c3564b94-856f-4fd7-b244-6383eb2ce158
[2024-05-16T00:12:55.511+0000] {spark_submit.py:571} INFO - 24/05/16 00:12:55 INFO MemoryStore: MemoryStore started with capacity 1048.8 MiB
[2024-05-16T00:12:55.528+0000] {spark_submit.py:571} INFO - 24/05/16 00:12:55 INFO SparkEnv: Registering OutputCommitCoordinator
[2024-05-16T00:12:55.616+0000] {spark_submit.py:571} INFO - 24/05/16 00:12:55 INFO JettyUtils: Start Jetty 0.0.0.0:4040 for SparkUI
[2024-05-16T00:12:55.661+0000] {spark_submit.py:571} INFO - 24/05/16 00:12:55 INFO Utils: Successfully started service 'SparkUI' on port 4040.
[2024-05-16T00:12:55.732+0000] {spark_submit.py:571} INFO - 24/05/16 00:12:55 INFO StandaloneAppClient$ClientEndpoint: Connecting to master spark://spark-master:7077...
[2024-05-16T00:12:55.765+0000] {spark_submit.py:571} INFO - 24/05/16 00:12:55 INFO TransportClientFactory: Successfully created connection to spark-master/192.168.16.4:7077 after 15 ms (0 ms spent in bootstraps)
[2024-05-16T00:12:55.854+0000] {spark_submit.py:571} INFO - 24/05/16 00:12:55 INFO StandaloneSchedulerBackend: Connected to Spark cluster with app ID app-20240516001255-0006
[2024-05-16T00:12:55.872+0000] {spark_submit.py:571} INFO - 24/05/16 00:12:55 INFO Utils: Successfully started service 'org.apache.spark.network.netty.NettyBlockTransferService' on port 33205.
[2024-05-16T00:12:55.873+0000] {spark_submit.py:571} INFO - 24/05/16 00:12:55 INFO NettyBlockTransferService: Server created on 1def91e7b936:33205
[2024-05-16T00:12:55.874+0000] {spark_submit.py:571} INFO - 24/05/16 00:12:55 INFO BlockManager: Using org.apache.spark.storage.RandomBlockReplicationPolicy for block replication policy
[2024-05-16T00:12:55.878+0000] {spark_submit.py:571} INFO - 24/05/16 00:12:55 INFO BlockManagerMaster: Registering BlockManager BlockManagerId(driver, 1def91e7b936, 33205, None)
[2024-05-16T00:12:55.880+0000] {spark_submit.py:571} INFO - 24/05/16 00:12:55 INFO BlockManagerMasterEndpoint: Registering block manager 1def91e7b936:33205 with 1048.8 MiB RAM, BlockManagerId(driver, 1def91e7b936, 33205, None)
[2024-05-16T00:12:55.882+0000] {spark_submit.py:571} INFO - 24/05/16 00:12:55 INFO BlockManagerMaster: Registered BlockManager BlockManagerId(driver, 1def91e7b936, 33205, None)
[2024-05-16T00:12:55.883+0000] {spark_submit.py:571} INFO - 24/05/16 00:12:55 INFO BlockManager: Initialized BlockManager: BlockManagerId(driver, 1def91e7b936, 33205, None)
[2024-05-16T00:12:56.002+0000] {spark_submit.py:571} INFO - 24/05/16 00:12:56 INFO StandaloneSchedulerBackend: SchedulerBackend is ready for scheduling beginning after reached minRegisteredResourcesRatio: 0.0
[2024-05-16T00:12:56.142+0000] {spark_submit.py:571} INFO - 24/05/16 00:12:56 INFO SharedState: Setting hive.metastore.warehouse.dir ('null') to the value of spark.sql.warehouse.dir.
[2024-05-16T00:12:56.146+0000] {spark_submit.py:571} INFO - 24/05/16 00:12:56 INFO SharedState: Warehouse path is 'file:/opt/***/spark-warehouse'.
[2024-05-16T00:12:56.730+0000] {spark_submit.py:571} INFO - Traceback (most recent call last):
[2024-05-16T00:12:56.732+0000] {spark_submit.py:571} INFO - File "/opt/***/dags/includes/jobs/spark_consumer.py", line 76, in <module>
[2024-05-16T00:12:56.732+0000] {spark_submit.py:571} INFO - .load())
[2024-05-16T00:12:56.733+0000] {spark_submit.py:571} INFO - ^^^^^^
[2024-05-16T00:12:56.734+0000] {spark_submit.py:571} INFO - File "/home/***/.local/lib/python3.12/site-packages/pyspark/python/lib/pyspark.zip/pyspark/sql/streaming/readwriter.py", line 304, in load
[2024-05-16T00:12:56.735+0000] {spark_submit.py:571} INFO - File "/home/***/.local/lib/python3.12/site-packages/pyspark/python/lib/py4j-0.10.9.7-src.zip/py4j/java_gateway.py", line 1322, in __call__
[2024-05-16T00:12:56.735+0000] {spark_submit.py:571} INFO - File "/home/***/.local/lib/python3.12/site-packages/pyspark/python/lib/pyspark.zip/pyspark/errors/exceptions/captured.py", line 185, in deco
[2024-05-16T00:12:56.737+0000] {spark_submit.py:571} INFO - pyspark.errors.exceptions.captured.AnalysisException: Failed to find data source: kafka. Please deploy the application as per the deployment section of Structured Streaming + Kafka Integration Guide.
[2024-05-16T00:12:56.738+0000] {spark_submit.py:571} INFO - INFO:py4j.clientserver:Closing down clientserver connection
[2024-05-16T00:12:56.865+0000] {spark_submit.py:571} INFO - 24/05/16 00:12:56 INFO SparkContext: Invoking stop() from shutdown hook
[2024-05-16T00:12:56.866+0000] {spark_submit.py:571} INFO - 24/05/16 00:12:56 INFO SparkContext: SparkContext is stopping with exitCode 0.
[2024-05-16T00:12:56.878+0000] {spark_submit.py:571} INFO - 24/05/16 00:12:56 INFO SparkUI: Stopped Spark web UI at http://1def91e7b936:4040
[2024-05-16T00:12:56.882+0000] {spark_submit.py:571} INFO - 24/05/16 00:12:56 INFO StandaloneSchedulerBackend: Shutting down all executors
[2024-05-16T00:12:56.886+0000] {spark_submit.py:571} INFO - 24/05/16 00:12:56 INFO StandaloneSchedulerBackend$StandaloneDriverEndpoint: Asking each executor to shut down
[2024-05-16T00:12:56.901+0000] {spark_submit.py:571} INFO - 24/05/16 00:12:56 INFO MapOutputTrackerMasterEndpoint: MapOutputTrackerMasterEndpoint stopped!
[2024-05-16T00:12:56.937+0000] {spark_submit.py:571} INFO - 24/05/16 00:12:56 INFO MemoryStore: MemoryStore cleared
[2024-05-16T00:12:56.937+0000] {spark_submit.py:571} INFO - 24/05/16 00:12:56 INFO BlockManager: BlockManager stopped
[2024-05-16T00:12:56.941+0000] {spark_submit.py:571} INFO - 24/05/16 00:12:56 INFO BlockManagerMaster: BlockManagerMaster stopped
[2024-05-16T00:12:56.942+0000] {spark_submit.py:571} INFO - 24/05/16 00:12:56 INFO OutputCommitCoordinator$OutputCommitCoordinatorEndpoint: OutputCommitCoordinator stopped!
[2024-05-16T00:12:56.954+0000] {spark_submit.py:571} INFO - 24/05/16 00:12:56 INFO SparkContext: Successfully stopped SparkContext
[2024-05-16T00:12:56.954+0000] {spark_submit.py:571} INFO - 24/05/16 00:12:56 INFO ShutdownHookManager: Shutdown hook called
[2024-05-16T00:12:56.954+0000] {spark_submit.py:571} INFO - 24/05/16 00:12:56 INFO ShutdownHookManager: Deleting directory /tmp/spark-fb8a375c-f489-4f45-9139-b40930962f9c
[2024-05-16T00:12:56.961+0000] {spark_submit.py:571} INFO - 24/05/16 00:12:56 INFO ShutdownHookManager: Deleting directory /tmp/spark-a1e9533a-cad1-47d4-bf80-c5ca936c9e42
[2024-05-16T00:12:56.968+0000] {spark_submit.py:571} INFO - 24/05/16 00:12:56 INFO ShutdownHookManager: Deleting directory /tmp/spark-fb8a375c-f489-4f45-9139-b40930962f9c/pyspark-f5f4d6ee-a323-47ef-97b0-6bd27cba7339
[2024-05-16T00:12:57.010+0000] {taskinstance.py:441} INFO - ::group::Post task execution logs
[2024-05-16T00:12:57.045+0000] {taskinstance.py:2905} ERROR - Task failed with exception
Traceback (most recent call last):
  File "/home/airflow/.local/lib/python3.12/site-packages/airflow/models/taskinstance.py", line 465, in _execute_task
    result = _execute_callable(context=context, **execute_callable_kwargs)
             ^^^^^^^^^^^^^^^^^^^^^^^^^^^^^^^^^^^^^^^^^^^^^^^^^^^^^^^^^^^^^
  File "/home/airflow/.local/lib/python3.12/site-packages/airflow/models/taskinstance.py", line 432, in _execute_callable
    return execute_callable(context=context, **execute_callable_kwargs)
           ^^^^^^^^^^^^^^^^^^^^^^^^^^^^^^^^^^^^^^^^^^^^^^^^^^^^^^^^^^^^
  File "/home/airflow/.local/lib/python3.12/site-packages/airflow/models/baseoperator.py", line 400, in wrapper
    return func(self, *args, **kwargs)
           ^^^^^^^^^^^^^^^^^^^^^^^^^^^
  File "/home/airflow/.local/lib/python3.12/site-packages/airflow/providers/apache/spark/operators/spark_submit.py", line 174, in execute
    self._hook.submit(self.application)
  File "/home/airflow/.local/lib/python3.12/site-packages/airflow/providers/apache/spark/hooks/spark_submit.py", line 502, in submit
    raise AirflowException(
airflow.exceptions.AirflowException: Cannot execute: spark-submit --master spark://spark-master:7077 --num-executors 1 --total-executor-cores 1 --executor-cores 1 --executor-memory 2g --driver-memory 2g --name arrow-spark --deploy-mode client dags/includes/jobs/spark_consumer.py. Error code is: 1.
[2024-05-16T00:12:57.066+0000] {taskinstance.py:1206} INFO - Marking task as UP_FOR_RETRY. dag_id=Webscrape, task_id=Process_Send_Data, run_id=manual__2024-05-16T00:08:33.976029+00:00, execution_date=20240516T000833, start_date=20240516T001252, end_date=20240516T001257
[2024-05-16T00:12:57.078+0000] {standard_task_runner.py:110} ERROR - Failed to execute job 174 for task Process_Send_Data (Cannot execute: spark-submit --master spark://spark-master:7077 --num-executors 1 --total-executor-cores 1 --executor-cores 1 --executor-memory 2g --driver-memory 2g --name arrow-spark --deploy-mode client dags/includes/jobs/spark_consumer.py. Error code is: 1.; 1269)
[2024-05-16T00:12:57.124+0000] {local_task_job_runner.py:240} INFO - Task exited with return code 1
[2024-05-16T00:12:57.149+0000] {taskinstance.py:3498} INFO - 0 downstream tasks scheduled from follow-on schedule check
[2024-05-16T00:12:57.151+0000] {local_task_job_runner.py:222} INFO - ::endgroup::
