[2024-05-16T00:08:35.749+0000] {local_task_job_runner.py:120} INFO - ::group::Pre task execution logs
[2024-05-16T00:08:35.778+0000] {taskinstance.py:2076} INFO - Dependencies all met for dep_context=non-requeueable deps ti=<TaskInstance: Webscrape.Process_Send_Data manual__2024-05-16T00:08:33.976029+00:00 [queued]>
[2024-05-16T00:08:35.813+0000] {taskinstance.py:2076} INFO - Dependencies all met for dep_context=requeueable deps ti=<TaskInstance: Webscrape.Process_Send_Data manual__2024-05-16T00:08:33.976029+00:00 [queued]>
[2024-05-16T00:08:35.815+0000] {taskinstance.py:2306} INFO - Starting attempt 1 of 6
[2024-05-16T00:08:35.836+0000] {taskinstance.py:2330} INFO - Executing <Task(SparkSubmitOperator): Process_Send_Data> on 2024-05-16 00:08:33.976029+00:00
[2024-05-16T00:08:35.864+0000] {standard_task_runner.py:90} INFO - Running: ['***', 'tasks', 'run', 'Webscrape', 'Process_Send_Data', 'manual__2024-05-16T00:08:33.976029+00:00', '--job-id', '172', '--raw', '--subdir', 'DAGS_FOLDER/webscrapping.py', '--cfg-path', '/tmp/tmp2ubutlb_']
[2024-05-16T00:08:35.868+0000] {logging_mixin.py:188} WARNING - /home/***/.local/lib/python3.12/site-packages/***/task/task_runner/standard_task_runner.py:61 DeprecationWarning: This process (pid=906) is multi-threaded, use of fork() may lead to deadlocks in the child.
[2024-05-16T00:08:35.872+0000] {standard_task_runner.py:91} INFO - Job 172: Subtask Process_Send_Data
[2024-05-16T00:08:35.873+0000] {standard_task_runner.py:63} INFO - Started process 907 to run task
[2024-05-16T00:08:35.995+0000] {task_command.py:426} INFO - Running <TaskInstance: Webscrape.Process_Send_Data manual__2024-05-16T00:08:33.976029+00:00 [running]> on host 1def91e7b936
[2024-05-16T00:08:36.079+0000] {taskinstance.py:2648} INFO - Exporting env vars: AIRFLOW_CTX_DAG_OWNER='svc' AIRFLOW_CTX_DAG_ID='Webscrape' AIRFLOW_CTX_TASK_ID='Process_Send_Data' AIRFLOW_CTX_EXECUTION_DATE='2024-05-16T00:08:33.976029+00:00' AIRFLOW_CTX_TRY_NUMBER='1' AIRFLOW_CTX_DAG_RUN_ID='manual__2024-05-16T00:08:33.976029+00:00'
[2024-05-16T00:08:36.080+0000] {taskinstance.py:430} INFO - ::endgroup::
[2024-05-16T00:08:36.104+0000] {base.py:84} INFO - Using connection ID 'spark_default' for task execution.
[2024-05-16T00:08:36.104+0000] {spark_submit.py:401} INFO - Spark-Submit cmd: spark-submit --master spark://spark-master:7077 --num-executors 1 --total-executor-cores 1 --executor-cores 1 --executor-memory 2g --driver-memory 2g --name arrow-spark --deploy-mode client dags/includes/jobs/spark_consumer.py
[2024-05-16T00:08:40.821+0000] {spark_submit.py:571} INFO - 24/05/16 00:08:40 INFO SparkContext: Running Spark version 3.5.1
[2024-05-16T00:08:40.827+0000] {spark_submit.py:571} INFO - 24/05/16 00:08:40 INFO SparkContext: OS info Linux, 6.6.26-linuxkit, aarch64
[2024-05-16T00:08:40.827+0000] {spark_submit.py:571} INFO - 24/05/16 00:08:40 INFO SparkContext: Java version 17.0.11
[2024-05-16T00:08:40.873+0000] {spark_submit.py:571} INFO - 24/05/16 00:08:40 WARN NativeCodeLoader: Unable to load native-hadoop library for your platform... using builtin-java classes where applicable
[2024-05-16T00:08:40.950+0000] {spark_submit.py:571} INFO - 24/05/16 00:08:40 INFO ResourceUtils: ==============================================================
[2024-05-16T00:08:40.951+0000] {spark_submit.py:571} INFO - 24/05/16 00:08:40 INFO ResourceUtils: No custom resources configured for spark.driver.
[2024-05-16T00:08:40.952+0000] {spark_submit.py:571} INFO - 24/05/16 00:08:40 INFO ResourceUtils: ==============================================================
[2024-05-16T00:08:40.953+0000] {spark_submit.py:571} INFO - 24/05/16 00:08:40 INFO SparkContext: Submitted application: Redfin_Properties_Consumer
[2024-05-16T00:08:40.967+0000] {spark_submit.py:571} INFO - 24/05/16 00:08:40 INFO ResourceProfile: Default ResourceProfile created, executor resources: Map(cores -> name: cores, amount: 1, script: , vendor: , memory -> name: memory, amount: 2048, script: , vendor: , offHeap -> name: offHeap, amount: 0, script: , vendor: ), task resources: Map(cpus -> name: cpus, amount: 1.0)
[2024-05-16T00:08:40.974+0000] {spark_submit.py:571} INFO - 24/05/16 00:08:40 INFO ResourceProfile: Limiting resource is cpus at 1 tasks per executor
[2024-05-16T00:08:40.974+0000] {spark_submit.py:571} INFO - 24/05/16 00:08:40 INFO ResourceProfileManager: Added ResourceProfile id: 0
[2024-05-16T00:08:41.052+0000] {spark_submit.py:571} INFO - 24/05/16 00:08:41 INFO SecurityManager: Changing view acls to: ***
[2024-05-16T00:08:41.053+0000] {spark_submit.py:571} INFO - 24/05/16 00:08:41 INFO SecurityManager: Changing modify acls to: ***
[2024-05-16T00:08:41.053+0000] {spark_submit.py:571} INFO - 24/05/16 00:08:41 INFO SecurityManager: Changing view acls groups to:
[2024-05-16T00:08:41.053+0000] {spark_submit.py:571} INFO - 24/05/16 00:08:41 INFO SecurityManager: Changing modify acls groups to:
[2024-05-16T00:08:41.054+0000] {spark_submit.py:571} INFO - 24/05/16 00:08:41 INFO SecurityManager: SecurityManager: authentication disabled; ui acls disabled; users with view permissions: ***; groups with view permissions: EMPTY; users with modify permissions: ***; groups with modify permissions: EMPTY
[2024-05-16T00:08:41.272+0000] {spark_submit.py:571} INFO - 24/05/16 00:08:41 INFO Utils: Successfully started service 'sparkDriver' on port 35009.
[2024-05-16T00:08:41.318+0000] {spark_submit.py:571} INFO - 24/05/16 00:08:41 INFO SparkEnv: Registering MapOutputTracker
[2024-05-16T00:08:41.454+0000] {spark_submit.py:571} INFO - 24/05/16 00:08:41 INFO SparkEnv: Registering BlockManagerMaster
[2024-05-16T00:08:41.509+0000] {spark_submit.py:571} INFO - 24/05/16 00:08:41 INFO BlockManagerMasterEndpoint: Using org.apache.spark.storage.DefaultTopologyMapper for getting topology information
[2024-05-16T00:08:41.510+0000] {spark_submit.py:571} INFO - 24/05/16 00:08:41 INFO BlockManagerMasterEndpoint: BlockManagerMasterEndpoint up
[2024-05-16T00:08:41.512+0000] {spark_submit.py:571} INFO - 24/05/16 00:08:41 INFO SparkEnv: Registering BlockManagerMasterHeartbeat
[2024-05-16T00:08:41.550+0000] {spark_submit.py:571} INFO - 24/05/16 00:08:41 INFO DiskBlockManager: Created local directory at /tmp/blockmgr-8995c664-0fae-4dea-b2c7-92aad3024ecb
[2024-05-16T00:08:41.564+0000] {spark_submit.py:571} INFO - 24/05/16 00:08:41 INFO MemoryStore: MemoryStore started with capacity 1048.8 MiB
[2024-05-16T00:08:41.589+0000] {spark_submit.py:571} INFO - 24/05/16 00:08:41 INFO SparkEnv: Registering OutputCommitCoordinator
[2024-05-16T00:08:41.833+0000] {spark_submit.py:571} INFO - 24/05/16 00:08:41 INFO JettyUtils: Start Jetty 0.0.0.0:4040 for SparkUI
[2024-05-16T00:08:41.926+0000] {spark_submit.py:571} INFO - 24/05/16 00:08:41 INFO Utils: Successfully started service 'SparkUI' on port 4040.
[2024-05-16T00:08:42.091+0000] {spark_submit.py:571} INFO - 24/05/16 00:08:42 INFO StandaloneAppClient$ClientEndpoint: Connecting to master spark://spark-master:7077...
[2024-05-16T00:08:42.153+0000] {spark_submit.py:571} INFO - 24/05/16 00:08:42 INFO TransportClientFactory: Successfully created connection to spark-master/192.168.16.4:7077 after 34 ms (0 ms spent in bootstraps)
[2024-05-16T00:08:42.354+0000] {spark_submit.py:571} INFO - 24/05/16 00:08:42 INFO StandaloneSchedulerBackend: Connected to Spark cluster with app ID app-20240516000842-0004
[2024-05-16T00:08:42.360+0000] {spark_submit.py:571} INFO - 24/05/16 00:08:42 INFO Utils: Successfully started service 'org.apache.spark.network.netty.NettyBlockTransferService' on port 44411.
[2024-05-16T00:08:42.360+0000] {spark_submit.py:571} INFO - 24/05/16 00:08:42 INFO NettyBlockTransferService: Server created on 1def91e7b936:44411
[2024-05-16T00:08:42.361+0000] {spark_submit.py:571} INFO - 24/05/16 00:08:42 INFO BlockManager: Using org.apache.spark.storage.RandomBlockReplicationPolicy for block replication policy
[2024-05-16T00:08:42.366+0000] {spark_submit.py:571} INFO - 24/05/16 00:08:42 INFO BlockManagerMaster: Registering BlockManager BlockManagerId(driver, 1def91e7b936, 44411, None)
[2024-05-16T00:08:42.369+0000] {spark_submit.py:571} INFO - 24/05/16 00:08:42 INFO BlockManagerMasterEndpoint: Registering block manager 1def91e7b936:44411 with 1048.8 MiB RAM, BlockManagerId(driver, 1def91e7b936, 44411, None)
[2024-05-16T00:08:42.371+0000] {spark_submit.py:571} INFO - 24/05/16 00:08:42 INFO BlockManagerMaster: Registered BlockManager BlockManagerId(driver, 1def91e7b936, 44411, None)
[2024-05-16T00:08:42.371+0000] {spark_submit.py:571} INFO - 24/05/16 00:08:42 INFO BlockManager: Initialized BlockManager: BlockManagerId(driver, 1def91e7b936, 44411, None)
[2024-05-16T00:08:42.519+0000] {spark_submit.py:571} INFO - 24/05/16 00:08:42 INFO StandaloneSchedulerBackend: SchedulerBackend is ready for scheduling beginning after reached minRegisteredResourcesRatio: 0.0
[2024-05-16T00:08:43.171+0000] {spark_submit.py:571} INFO - 24/05/16 00:08:43 INFO SharedState: Setting hive.metastore.warehouse.dir ('null') to the value of spark.sql.warehouse.dir.
[2024-05-16T00:08:43.188+0000] {spark_submit.py:571} INFO - 24/05/16 00:08:43 INFO SharedState: Warehouse path is 'file:/opt/***/spark-warehouse'.
[2024-05-16T00:08:44.689+0000] {spark_submit.py:571} INFO - Traceback (most recent call last):
[2024-05-16T00:08:44.693+0000] {spark_submit.py:571} INFO - File "/opt/***/dags/includes/jobs/spark_consumer.py", line 76, in <module>
[2024-05-16T00:08:44.694+0000] {spark_submit.py:571} INFO - .load())
[2024-05-16T00:08:44.695+0000] {spark_submit.py:571} INFO - ^^^^^^
[2024-05-16T00:08:44.695+0000] {spark_submit.py:571} INFO - File "/home/***/.local/lib/python3.12/site-packages/pyspark/python/lib/pyspark.zip/pyspark/sql/streaming/readwriter.py", line 304, in load
[2024-05-16T00:08:44.696+0000] {spark_submit.py:571} INFO - File "/home/***/.local/lib/python3.12/site-packages/pyspark/python/lib/py4j-0.10.9.7-src.zip/py4j/java_gateway.py", line 1322, in __call__
[2024-05-16T00:08:44.696+0000] {spark_submit.py:571} INFO - File "/home/***/.local/lib/python3.12/site-packages/pyspark/python/lib/pyspark.zip/pyspark/errors/exceptions/captured.py", line 185, in deco
[2024-05-16T00:08:44.701+0000] {spark_submit.py:571} INFO - pyspark.errors.exceptions.captured.AnalysisException: Failed to find data source: kafka. Please deploy the application as per the deployment section of Structured Streaming + Kafka Integration Guide.
[2024-05-16T00:08:44.703+0000] {spark_submit.py:571} INFO - INFO:py4j.clientserver:Closing down clientserver connection
[2024-05-16T00:08:44.811+0000] {spark_submit.py:571} INFO - 24/05/16 00:08:44 INFO SparkContext: Invoking stop() from shutdown hook
[2024-05-16T00:08:44.811+0000] {spark_submit.py:571} INFO - 24/05/16 00:08:44 INFO SparkContext: SparkContext is stopping with exitCode 0.
[2024-05-16T00:08:44.823+0000] {spark_submit.py:571} INFO - 24/05/16 00:08:44 INFO SparkUI: Stopped Spark web UI at http://1def91e7b936:4040
[2024-05-16T00:08:44.830+0000] {spark_submit.py:571} INFO - 24/05/16 00:08:44 INFO StandaloneSchedulerBackend: Shutting down all executors
[2024-05-16T00:08:44.833+0000] {spark_submit.py:571} INFO - 24/05/16 00:08:44 INFO StandaloneSchedulerBackend$StandaloneDriverEndpoint: Asking each executor to shut down
[2024-05-16T00:08:44.849+0000] {spark_submit.py:571} INFO - 24/05/16 00:08:44 INFO MapOutputTrackerMasterEndpoint: MapOutputTrackerMasterEndpoint stopped!
[2024-05-16T00:08:44.925+0000] {spark_submit.py:571} INFO - 24/05/16 00:08:44 INFO MemoryStore: MemoryStore cleared
[2024-05-16T00:08:44.926+0000] {spark_submit.py:571} INFO - 24/05/16 00:08:44 INFO BlockManager: BlockManager stopped
[2024-05-16T00:08:44.930+0000] {spark_submit.py:571} INFO - 24/05/16 00:08:44 INFO BlockManagerMaster: BlockManagerMaster stopped
[2024-05-16T00:08:44.932+0000] {spark_submit.py:571} INFO - 24/05/16 00:08:44 INFO OutputCommitCoordinator$OutputCommitCoordinatorEndpoint: OutputCommitCoordinator stopped!
[2024-05-16T00:08:44.947+0000] {spark_submit.py:571} INFO - 24/05/16 00:08:44 INFO SparkContext: Successfully stopped SparkContext
[2024-05-16T00:08:44.951+0000] {spark_submit.py:571} INFO - 24/05/16 00:08:44 INFO ShutdownHookManager: Shutdown hook called
[2024-05-16T00:08:44.952+0000] {spark_submit.py:571} INFO - 24/05/16 00:08:44 INFO ShutdownHookManager: Deleting directory /tmp/spark-933ca7e8-3e09-4ad2-ac24-01e585f7789b/pyspark-a35fd3be-dc02-446f-acbf-d28c13395f0b
[2024-05-16T00:08:44.960+0000] {spark_submit.py:571} INFO - 24/05/16 00:08:44 INFO ShutdownHookManager: Deleting directory /tmp/spark-4fe8cc6a-4181-4cef-95cd-167811014eb1
[2024-05-16T00:08:44.984+0000] {spark_submit.py:571} INFO - 24/05/16 00:08:44 INFO ShutdownHookManager: Deleting directory /tmp/spark-933ca7e8-3e09-4ad2-ac24-01e585f7789b
[2024-05-16T00:08:45.031+0000] {taskinstance.py:441} INFO - ::group::Post task execution logs
[2024-05-16T00:08:45.066+0000] {taskinstance.py:2905} ERROR - Task failed with exception
Traceback (most recent call last):
  File "/home/airflow/.local/lib/python3.12/site-packages/airflow/models/taskinstance.py", line 465, in _execute_task
    result = _execute_callable(context=context, **execute_callable_kwargs)
             ^^^^^^^^^^^^^^^^^^^^^^^^^^^^^^^^^^^^^^^^^^^^^^^^^^^^^^^^^^^^^
  File "/home/airflow/.local/lib/python3.12/site-packages/airflow/models/taskinstance.py", line 432, in _execute_callable
    return execute_callable(context=context, **execute_callable_kwargs)
           ^^^^^^^^^^^^^^^^^^^^^^^^^^^^^^^^^^^^^^^^^^^^^^^^^^^^^^^^^^^^
  File "/home/airflow/.local/lib/python3.12/site-packages/airflow/models/baseoperator.py", line 400, in wrapper
    return func(self, *args, **kwargs)
           ^^^^^^^^^^^^^^^^^^^^^^^^^^^
  File "/home/airflow/.local/lib/python3.12/site-packages/airflow/providers/apache/spark/operators/spark_submit.py", line 174, in execute
    self._hook.submit(self.application)
  File "/home/airflow/.local/lib/python3.12/site-packages/airflow/providers/apache/spark/hooks/spark_submit.py", line 502, in submit
    raise AirflowException(
airflow.exceptions.AirflowException: Cannot execute: spark-submit --master spark://spark-master:7077 --num-executors 1 --total-executor-cores 1 --executor-cores 1 --executor-memory 2g --driver-memory 2g --name arrow-spark --deploy-mode client dags/includes/jobs/spark_consumer.py. Error code is: 1.
[2024-05-16T00:08:45.078+0000] {taskinstance.py:1206} INFO - Marking task as UP_FOR_RETRY. dag_id=Webscrape, task_id=Process_Send_Data, run_id=manual__2024-05-16T00:08:33.976029+00:00, execution_date=20240516T000833, start_date=20240516T000835, end_date=20240516T000845
[2024-05-16T00:08:45.093+0000] {standard_task_runner.py:110} ERROR - Failed to execute job 172 for task Process_Send_Data (Cannot execute: spark-submit --master spark://spark-master:7077 --num-executors 1 --total-executor-cores 1 --executor-cores 1 --executor-memory 2g --driver-memory 2g --name arrow-spark --deploy-mode client dags/includes/jobs/spark_consumer.py. Error code is: 1.; 907)
[2024-05-16T00:08:45.106+0000] {local_task_job_runner.py:240} INFO - Task exited with return code 1
[2024-05-16T00:08:45.150+0000] {taskinstance.py:3498} INFO - 0 downstream tasks scheduled from follow-on schedule check
[2024-05-16T00:08:45.153+0000] {local_task_job_runner.py:222} INFO - ::endgroup::
