[2024-05-16T00:10:46.322+0000] {local_task_job_runner.py:120} INFO - ::group::Pre task execution logs
[2024-05-16T00:10:46.346+0000] {taskinstance.py:2076} INFO - Dependencies all met for dep_context=non-requeueable deps ti=<TaskInstance: Webscrape.Process_Send_Data manual__2024-05-16T00:08:33.976029+00:00 [queued]>
[2024-05-16T00:10:46.351+0000] {taskinstance.py:2076} INFO - Dependencies all met for dep_context=requeueable deps ti=<TaskInstance: Webscrape.Process_Send_Data manual__2024-05-16T00:08:33.976029+00:00 [queued]>
[2024-05-16T00:10:46.351+0000] {taskinstance.py:2306} INFO - Starting attempt 2 of 6
[2024-05-16T00:10:46.357+0000] {taskinstance.py:2330} INFO - Executing <Task(SparkSubmitOperator): Process_Send_Data> on 2024-05-16 00:08:33.976029+00:00
[2024-05-16T00:10:46.369+0000] {standard_task_runner.py:90} INFO - Running: ['***', 'tasks', 'run', 'Webscrape', 'Process_Send_Data', 'manual__2024-05-16T00:08:33.976029+00:00', '--job-id', '173', '--raw', '--subdir', 'DAGS_FOLDER/webscrapping.py', '--cfg-path', '/tmp/tmp_6kv0yv2']
[2024-05-16T00:10:46.378+0000] {standard_task_runner.py:91} INFO - Job 173: Subtask Process_Send_Data
[2024-05-16T00:10:46.378+0000] {logging_mixin.py:188} WARNING - /home/***/.local/lib/python3.12/site-packages/***/task/task_runner/standard_task_runner.py:61 DeprecationWarning: This process (pid=1086) is multi-threaded, use of fork() may lead to deadlocks in the child.
[2024-05-16T00:10:46.378+0000] {standard_task_runner.py:63} INFO - Started process 1087 to run task
[2024-05-16T00:10:46.432+0000] {task_command.py:426} INFO - Running <TaskInstance: Webscrape.Process_Send_Data manual__2024-05-16T00:08:33.976029+00:00 [running]> on host 1def91e7b936
[2024-05-16T00:10:46.504+0000] {taskinstance.py:2648} INFO - Exporting env vars: AIRFLOW_CTX_DAG_OWNER='svc' AIRFLOW_CTX_DAG_ID='Webscrape' AIRFLOW_CTX_TASK_ID='Process_Send_Data' AIRFLOW_CTX_EXECUTION_DATE='2024-05-16T00:08:33.976029+00:00' AIRFLOW_CTX_TRY_NUMBER='2' AIRFLOW_CTX_DAG_RUN_ID='manual__2024-05-16T00:08:33.976029+00:00'
[2024-05-16T00:10:46.505+0000] {taskinstance.py:430} INFO - ::endgroup::
[2024-05-16T00:10:46.518+0000] {base.py:84} INFO - Using connection ID 'spark_default' for task execution.
[2024-05-16T00:10:46.519+0000] {spark_submit.py:401} INFO - Spark-Submit cmd: spark-submit --master spark://spark-master:7077 --num-executors 1 --total-executor-cores 1 --executor-cores 1 --executor-memory 2g --driver-memory 2g --name arrow-spark --deploy-mode client dags/includes/jobs/spark_consumer.py
[2024-05-16T00:10:49.301+0000] {spark_submit.py:571} INFO - 24/05/16 00:10:49 INFO SparkContext: Running Spark version 3.5.1
[2024-05-16T00:10:49.303+0000] {spark_submit.py:571} INFO - 24/05/16 00:10:49 INFO SparkContext: OS info Linux, 6.6.26-linuxkit, aarch64
[2024-05-16T00:10:49.304+0000] {spark_submit.py:571} INFO - 24/05/16 00:10:49 INFO SparkContext: Java version 17.0.11
[2024-05-16T00:10:49.341+0000] {spark_submit.py:571} INFO - 24/05/16 00:10:49 WARN NativeCodeLoader: Unable to load native-hadoop library for your platform... using builtin-java classes where applicable
[2024-05-16T00:10:49.395+0000] {spark_submit.py:571} INFO - 24/05/16 00:10:49 INFO ResourceUtils: ==============================================================
[2024-05-16T00:10:49.395+0000] {spark_submit.py:571} INFO - 24/05/16 00:10:49 INFO ResourceUtils: No custom resources configured for spark.driver.
[2024-05-16T00:10:49.396+0000] {spark_submit.py:571} INFO - 24/05/16 00:10:49 INFO ResourceUtils: ==============================================================
[2024-05-16T00:10:49.396+0000] {spark_submit.py:571} INFO - 24/05/16 00:10:49 INFO SparkContext: Submitted application: Redfin_Properties_Consumer
[2024-05-16T00:10:49.406+0000] {spark_submit.py:571} INFO - 24/05/16 00:10:49 INFO ResourceProfile: Default ResourceProfile created, executor resources: Map(cores -> name: cores, amount: 1, script: , vendor: , memory -> name: memory, amount: 2048, script: , vendor: , offHeap -> name: offHeap, amount: 0, script: , vendor: ), task resources: Map(cpus -> name: cpus, amount: 1.0)
[2024-05-16T00:10:49.411+0000] {spark_submit.py:571} INFO - 24/05/16 00:10:49 INFO ResourceProfile: Limiting resource is cpus at 1 tasks per executor
[2024-05-16T00:10:49.411+0000] {spark_submit.py:571} INFO - 24/05/16 00:10:49 INFO ResourceProfileManager: Added ResourceProfile id: 0
[2024-05-16T00:10:49.442+0000] {spark_submit.py:571} INFO - 24/05/16 00:10:49 INFO SecurityManager: Changing view acls to: ***
[2024-05-16T00:10:49.444+0000] {spark_submit.py:571} INFO - 24/05/16 00:10:49 INFO SecurityManager: Changing modify acls to: ***
[2024-05-16T00:10:49.444+0000] {spark_submit.py:571} INFO - 24/05/16 00:10:49 INFO SecurityManager: Changing view acls groups to:
[2024-05-16T00:10:49.444+0000] {spark_submit.py:571} INFO - 24/05/16 00:10:49 INFO SecurityManager: Changing modify acls groups to:
[2024-05-16T00:10:49.445+0000] {spark_submit.py:571} INFO - 24/05/16 00:10:49 INFO SecurityManager: SecurityManager: authentication disabled; ui acls disabled; users with view permissions: ***; groups with view permissions: EMPTY; users with modify permissions: ***; groups with modify permissions: EMPTY
[2024-05-16T00:10:49.611+0000] {spark_submit.py:571} INFO - 24/05/16 00:10:49 INFO Utils: Successfully started service 'sparkDriver' on port 39469.
[2024-05-16T00:10:49.630+0000] {spark_submit.py:571} INFO - 24/05/16 00:10:49 INFO SparkEnv: Registering MapOutputTracker
[2024-05-16T00:10:49.650+0000] {spark_submit.py:571} INFO - 24/05/16 00:10:49 INFO SparkEnv: Registering BlockManagerMaster
[2024-05-16T00:10:49.659+0000] {spark_submit.py:571} INFO - 24/05/16 00:10:49 INFO BlockManagerMasterEndpoint: Using org.apache.spark.storage.DefaultTopologyMapper for getting topology information
[2024-05-16T00:10:49.659+0000] {spark_submit.py:571} INFO - 24/05/16 00:10:49 INFO BlockManagerMasterEndpoint: BlockManagerMasterEndpoint up
[2024-05-16T00:10:49.661+0000] {spark_submit.py:571} INFO - 24/05/16 00:10:49 INFO SparkEnv: Registering BlockManagerMasterHeartbeat
[2024-05-16T00:10:49.677+0000] {spark_submit.py:571} INFO - 24/05/16 00:10:49 INFO DiskBlockManager: Created local directory at /tmp/blockmgr-ca8b0649-485b-4b1c-885f-7b1e8ecb5005
[2024-05-16T00:10:49.690+0000] {spark_submit.py:571} INFO - 24/05/16 00:10:49 INFO MemoryStore: MemoryStore started with capacity 1048.8 MiB
[2024-05-16T00:10:49.701+0000] {spark_submit.py:571} INFO - 24/05/16 00:10:49 INFO SparkEnv: Registering OutputCommitCoordinator
[2024-05-16T00:10:49.790+0000] {spark_submit.py:571} INFO - 24/05/16 00:10:49 INFO JettyUtils: Start Jetty 0.0.0.0:4040 for SparkUI
[2024-05-16T00:10:49.831+0000] {spark_submit.py:571} INFO - 24/05/16 00:10:49 INFO Utils: Successfully started service 'SparkUI' on port 4040.
[2024-05-16T00:10:49.914+0000] {spark_submit.py:571} INFO - 24/05/16 00:10:49 INFO StandaloneAppClient$ClientEndpoint: Connecting to master spark://spark-master:7077...
[2024-05-16T00:10:49.939+0000] {spark_submit.py:571} INFO - 24/05/16 00:10:49 INFO TransportClientFactory: Successfully created connection to spark-master/192.168.16.4:7077 after 11 ms (0 ms spent in bootstraps)
[2024-05-16T00:10:50.017+0000] {spark_submit.py:571} INFO - 24/05/16 00:10:50 INFO StandaloneSchedulerBackend: Connected to Spark cluster with app ID app-20240516001050-0005
[2024-05-16T00:10:50.023+0000] {spark_submit.py:571} INFO - 24/05/16 00:10:50 INFO Utils: Successfully started service 'org.apache.spark.network.netty.NettyBlockTransferService' on port 33071.
[2024-05-16T00:10:50.023+0000] {spark_submit.py:571} INFO - 24/05/16 00:10:50 INFO NettyBlockTransferService: Server created on 1def91e7b936:33071
[2024-05-16T00:10:50.024+0000] {spark_submit.py:571} INFO - 24/05/16 00:10:50 INFO BlockManager: Using org.apache.spark.storage.RandomBlockReplicationPolicy for block replication policy
[2024-05-16T00:10:50.027+0000] {spark_submit.py:571} INFO - 24/05/16 00:10:50 INFO BlockManagerMaster: Registering BlockManager BlockManagerId(driver, 1def91e7b936, 33071, None)
[2024-05-16T00:10:50.029+0000] {spark_submit.py:571} INFO - 24/05/16 00:10:50 INFO BlockManagerMasterEndpoint: Registering block manager 1def91e7b936:33071 with 1048.8 MiB RAM, BlockManagerId(driver, 1def91e7b936, 33071, None)
[2024-05-16T00:10:50.031+0000] {spark_submit.py:571} INFO - 24/05/16 00:10:50 INFO BlockManagerMaster: Registered BlockManager BlockManagerId(driver, 1def91e7b936, 33071, None)
[2024-05-16T00:10:50.031+0000] {spark_submit.py:571} INFO - 24/05/16 00:10:50 INFO BlockManager: Initialized BlockManager: BlockManagerId(driver, 1def91e7b936, 33071, None)
[2024-05-16T00:10:50.136+0000] {spark_submit.py:571} INFO - 24/05/16 00:10:50 INFO StandaloneSchedulerBackend: SchedulerBackend is ready for scheduling beginning after reached minRegisteredResourcesRatio: 0.0
[2024-05-16T00:10:50.304+0000] {spark_submit.py:571} INFO - 24/05/16 00:10:50 INFO SharedState: Setting hive.metastore.warehouse.dir ('null') to the value of spark.sql.warehouse.dir.
[2024-05-16T00:10:50.309+0000] {spark_submit.py:571} INFO - 24/05/16 00:10:50 INFO SharedState: Warehouse path is 'file:/opt/***/spark-warehouse'.
[2024-05-16T00:10:50.969+0000] {spark_submit.py:571} INFO - Traceback (most recent call last):
[2024-05-16T00:10:50.972+0000] {spark_submit.py:571} INFO - File "/opt/***/dags/includes/jobs/spark_consumer.py", line 76, in <module>
[2024-05-16T00:10:50.973+0000] {spark_submit.py:571} INFO - .load())
[2024-05-16T00:10:50.975+0000] {spark_submit.py:571} INFO - ^^^^^^
[2024-05-16T00:10:50.975+0000] {spark_submit.py:571} INFO - File "/home/***/.local/lib/python3.12/site-packages/pyspark/python/lib/pyspark.zip/pyspark/sql/streaming/readwriter.py", line 304, in load
[2024-05-16T00:10:50.976+0000] {spark_submit.py:571} INFO - File "/home/***/.local/lib/python3.12/site-packages/pyspark/python/lib/py4j-0.10.9.7-src.zip/py4j/java_gateway.py", line 1322, in __call__
[2024-05-16T00:10:50.976+0000] {spark_submit.py:571} INFO - File "/home/***/.local/lib/python3.12/site-packages/pyspark/python/lib/pyspark.zip/pyspark/errors/exceptions/captured.py", line 185, in deco
[2024-05-16T00:10:50.978+0000] {spark_submit.py:571} INFO - pyspark.errors.exceptions.captured.AnalysisException: Failed to find data source: kafka. Please deploy the application as per the deployment section of Structured Streaming + Kafka Integration Guide.
[2024-05-16T00:10:50.979+0000] {spark_submit.py:571} INFO - INFO:py4j.clientserver:Closing down clientserver connection
[2024-05-16T00:10:51.103+0000] {spark_submit.py:571} INFO - 24/05/16 00:10:51 INFO SparkContext: Invoking stop() from shutdown hook
[2024-05-16T00:10:51.105+0000] {spark_submit.py:571} INFO - 24/05/16 00:10:51 INFO SparkContext: SparkContext is stopping with exitCode 0.
[2024-05-16T00:10:51.116+0000] {spark_submit.py:571} INFO - 24/05/16 00:10:51 INFO SparkUI: Stopped Spark web UI at http://1def91e7b936:4040
[2024-05-16T00:10:51.119+0000] {spark_submit.py:571} INFO - 24/05/16 00:10:51 INFO StandaloneSchedulerBackend: Shutting down all executors
[2024-05-16T00:10:51.121+0000] {spark_submit.py:571} INFO - 24/05/16 00:10:51 INFO StandaloneSchedulerBackend$StandaloneDriverEndpoint: Asking each executor to shut down
[2024-05-16T00:10:51.134+0000] {spark_submit.py:571} INFO - 24/05/16 00:10:51 INFO MapOutputTrackerMasterEndpoint: MapOutputTrackerMasterEndpoint stopped!
[2024-05-16T00:10:51.159+0000] {spark_submit.py:571} INFO - 24/05/16 00:10:51 INFO MemoryStore: MemoryStore cleared
[2024-05-16T00:10:51.160+0000] {spark_submit.py:571} INFO - 24/05/16 00:10:51 INFO BlockManager: BlockManager stopped
[2024-05-16T00:10:51.163+0000] {spark_submit.py:571} INFO - 24/05/16 00:10:51 INFO BlockManagerMaster: BlockManagerMaster stopped
[2024-05-16T00:10:51.165+0000] {spark_submit.py:571} INFO - 24/05/16 00:10:51 INFO OutputCommitCoordinator$OutputCommitCoordinatorEndpoint: OutputCommitCoordinator stopped!
[2024-05-16T00:10:51.180+0000] {spark_submit.py:571} INFO - 24/05/16 00:10:51 INFO SparkContext: Successfully stopped SparkContext
[2024-05-16T00:10:51.181+0000] {spark_submit.py:571} INFO - 24/05/16 00:10:51 INFO ShutdownHookManager: Shutdown hook called
[2024-05-16T00:10:51.182+0000] {spark_submit.py:571} INFO - 24/05/16 00:10:51 INFO ShutdownHookManager: Deleting directory /tmp/spark-4b3ecc5f-ef10-4bc8-9f91-dba5f9c594c5
[2024-05-16T00:10:51.189+0000] {spark_submit.py:571} INFO - 24/05/16 00:10:51 INFO ShutdownHookManager: Deleting directory /tmp/spark-d987667f-677d-4426-9fa1-117992cc8a98
[2024-05-16T00:10:51.206+0000] {spark_submit.py:571} INFO - 24/05/16 00:10:51 INFO ShutdownHookManager: Deleting directory /tmp/spark-d987667f-677d-4426-9fa1-117992cc8a98/pyspark-9da16ab5-10a1-4507-bdb0-87cf80d8cad3
[2024-05-16T00:10:51.241+0000] {taskinstance.py:441} INFO - ::group::Post task execution logs
[2024-05-16T00:10:51.279+0000] {taskinstance.py:2905} ERROR - Task failed with exception
Traceback (most recent call last):
  File "/home/airflow/.local/lib/python3.12/site-packages/airflow/models/taskinstance.py", line 465, in _execute_task
    result = _execute_callable(context=context, **execute_callable_kwargs)
             ^^^^^^^^^^^^^^^^^^^^^^^^^^^^^^^^^^^^^^^^^^^^^^^^^^^^^^^^^^^^^
  File "/home/airflow/.local/lib/python3.12/site-packages/airflow/models/taskinstance.py", line 432, in _execute_callable
    return execute_callable(context=context, **execute_callable_kwargs)
           ^^^^^^^^^^^^^^^^^^^^^^^^^^^^^^^^^^^^^^^^^^^^^^^^^^^^^^^^^^^^
  File "/home/airflow/.local/lib/python3.12/site-packages/airflow/models/baseoperator.py", line 400, in wrapper
    return func(self, *args, **kwargs)
           ^^^^^^^^^^^^^^^^^^^^^^^^^^^
  File "/home/airflow/.local/lib/python3.12/site-packages/airflow/providers/apache/spark/operators/spark_submit.py", line 174, in execute
    self._hook.submit(self.application)
  File "/home/airflow/.local/lib/python3.12/site-packages/airflow/providers/apache/spark/hooks/spark_submit.py", line 502, in submit
    raise AirflowException(
airflow.exceptions.AirflowException: Cannot execute: spark-submit --master spark://spark-master:7077 --num-executors 1 --total-executor-cores 1 --executor-cores 1 --executor-memory 2g --driver-memory 2g --name arrow-spark --deploy-mode client dags/includes/jobs/spark_consumer.py. Error code is: 1.
[2024-05-16T00:10:51.286+0000] {taskinstance.py:1206} INFO - Marking task as UP_FOR_RETRY. dag_id=Webscrape, task_id=Process_Send_Data, run_id=manual__2024-05-16T00:08:33.976029+00:00, execution_date=20240516T000833, start_date=20240516T001046, end_date=20240516T001051
[2024-05-16T00:10:51.299+0000] {standard_task_runner.py:110} ERROR - Failed to execute job 173 for task Process_Send_Data (Cannot execute: spark-submit --master spark://spark-master:7077 --num-executors 1 --total-executor-cores 1 --executor-cores 1 --executor-memory 2g --driver-memory 2g --name arrow-spark --deploy-mode client dags/includes/jobs/spark_consumer.py. Error code is: 1.; 1087)
[2024-05-16T00:10:51.332+0000] {local_task_job_runner.py:240} INFO - Task exited with return code 1
[2024-05-16T00:10:51.357+0000] {taskinstance.py:3498} INFO - 0 downstream tasks scheduled from follow-on schedule check
[2024-05-16T00:10:51.358+0000] {local_task_job_runner.py:222} INFO - ::endgroup::
