[2024-05-16T00:17:03.970+0000] {local_task_job_runner.py:120} INFO - ::group::Pre task execution logs
[2024-05-16T00:17:03.998+0000] {taskinstance.py:2076} INFO - Dependencies all met for dep_context=non-requeueable deps ti=<TaskInstance: Webscrape.Process_Send_Data manual__2024-05-16T00:08:33.976029+00:00 [queued]>
[2024-05-16T00:17:04.004+0000] {taskinstance.py:2076} INFO - Dependencies all met for dep_context=requeueable deps ti=<TaskInstance: Webscrape.Process_Send_Data manual__2024-05-16T00:08:33.976029+00:00 [queued]>
[2024-05-16T00:17:04.005+0000] {taskinstance.py:2306} INFO - Starting attempt 5 of 6
[2024-05-16T00:17:04.012+0000] {taskinstance.py:2330} INFO - Executing <Task(SparkSubmitOperator): Process_Send_Data> on 2024-05-16 00:08:33.976029+00:00
[2024-05-16T00:17:04.025+0000] {logging_mixin.py:188} WARNING - /home/***/.local/lib/python3.12/site-packages/***/task/task_runner/standard_task_runner.py:61 DeprecationWarning: This process (pid=1631) is multi-threaded, use of fork() may lead to deadlocks in the child.
[2024-05-16T00:17:04.024+0000] {standard_task_runner.py:90} INFO - Running: ['***', 'tasks', 'run', 'Webscrape', 'Process_Send_Data', 'manual__2024-05-16T00:08:33.976029+00:00', '--job-id', '176', '--raw', '--subdir', 'DAGS_FOLDER/webscrapping.py', '--cfg-path', '/tmp/tmpqbfy0r_2']
[2024-05-16T00:17:04.027+0000] {standard_task_runner.py:63} INFO - Started process 1632 to run task
[2024-05-16T00:17:04.027+0000] {standard_task_runner.py:91} INFO - Job 176: Subtask Process_Send_Data
[2024-05-16T00:17:04.073+0000] {task_command.py:426} INFO - Running <TaskInstance: Webscrape.Process_Send_Data manual__2024-05-16T00:08:33.976029+00:00 [running]> on host 1def91e7b936
[2024-05-16T00:17:04.148+0000] {taskinstance.py:2648} INFO - Exporting env vars: AIRFLOW_CTX_DAG_OWNER='svc' AIRFLOW_CTX_DAG_ID='Webscrape' AIRFLOW_CTX_TASK_ID='Process_Send_Data' AIRFLOW_CTX_EXECUTION_DATE='2024-05-16T00:08:33.976029+00:00' AIRFLOW_CTX_TRY_NUMBER='5' AIRFLOW_CTX_DAG_RUN_ID='manual__2024-05-16T00:08:33.976029+00:00'
[2024-05-16T00:17:04.151+0000] {taskinstance.py:430} INFO - ::endgroup::
[2024-05-16T00:17:04.171+0000] {base.py:84} INFO - Using connection ID 'spark_default' for task execution.
[2024-05-16T00:17:04.172+0000] {spark_submit.py:401} INFO - Spark-Submit cmd: spark-submit --master spark://spark-master:7077 --num-executors 1 --total-executor-cores 1 --executor-cores 1 --executor-memory 2g --driver-memory 2g --name arrow-spark --deploy-mode client dags/includes/jobs/spark_consumer.py
[2024-05-16T00:17:06.606+0000] {spark_submit.py:571} INFO - 24/05/16 00:17:06 INFO SparkContext: Running Spark version 3.5.1
[2024-05-16T00:17:06.609+0000] {spark_submit.py:571} INFO - 24/05/16 00:17:06 INFO SparkContext: OS info Linux, 6.6.26-linuxkit, aarch64
[2024-05-16T00:17:06.609+0000] {spark_submit.py:571} INFO - 24/05/16 00:17:06 INFO SparkContext: Java version 17.0.11
[2024-05-16T00:17:06.640+0000] {spark_submit.py:571} INFO - 24/05/16 00:17:06 WARN NativeCodeLoader: Unable to load native-hadoop library for your platform... using builtin-java classes where applicable
[2024-05-16T00:17:06.697+0000] {spark_submit.py:571} INFO - 24/05/16 00:17:06 INFO ResourceUtils: ==============================================================
[2024-05-16T00:17:06.697+0000] {spark_submit.py:571} INFO - 24/05/16 00:17:06 INFO ResourceUtils: No custom resources configured for spark.driver.
[2024-05-16T00:17:06.697+0000] {spark_submit.py:571} INFO - 24/05/16 00:17:06 INFO ResourceUtils: ==============================================================
[2024-05-16T00:17:06.697+0000] {spark_submit.py:571} INFO - 24/05/16 00:17:06 INFO SparkContext: Submitted application: Redfin_Properties_Consumer
[2024-05-16T00:17:06.708+0000] {spark_submit.py:571} INFO - 24/05/16 00:17:06 INFO ResourceProfile: Default ResourceProfile created, executor resources: Map(cores -> name: cores, amount: 1, script: , vendor: , memory -> name: memory, amount: 2048, script: , vendor: , offHeap -> name: offHeap, amount: 0, script: , vendor: ), task resources: Map(cpus -> name: cpus, amount: 1.0)
[2024-05-16T00:17:06.714+0000] {spark_submit.py:571} INFO - 24/05/16 00:17:06 INFO ResourceProfile: Limiting resource is cpus at 1 tasks per executor
[2024-05-16T00:17:06.715+0000] {spark_submit.py:571} INFO - 24/05/16 00:17:06 INFO ResourceProfileManager: Added ResourceProfile id: 0
[2024-05-16T00:17:06.745+0000] {spark_submit.py:571} INFO - 24/05/16 00:17:06 INFO SecurityManager: Changing view acls to: ***
[2024-05-16T00:17:06.746+0000] {spark_submit.py:571} INFO - 24/05/16 00:17:06 INFO SecurityManager: Changing modify acls to: ***
[2024-05-16T00:17:06.747+0000] {spark_submit.py:571} INFO - 24/05/16 00:17:06 INFO SecurityManager: Changing view acls groups to:
[2024-05-16T00:17:06.747+0000] {spark_submit.py:571} INFO - 24/05/16 00:17:06 INFO SecurityManager: Changing modify acls groups to:
[2024-05-16T00:17:06.747+0000] {spark_submit.py:571} INFO - 24/05/16 00:17:06 INFO SecurityManager: SecurityManager: authentication disabled; ui acls disabled; users with view permissions: ***; groups with view permissions: EMPTY; users with modify permissions: ***; groups with modify permissions: EMPTY
[2024-05-16T00:17:06.882+0000] {spark_submit.py:571} INFO - 24/05/16 00:17:06 INFO Utils: Successfully started service 'sparkDriver' on port 43859.
[2024-05-16T00:17:06.898+0000] {spark_submit.py:571} INFO - 24/05/16 00:17:06 INFO SparkEnv: Registering MapOutputTracker
[2024-05-16T00:17:06.919+0000] {spark_submit.py:571} INFO - 24/05/16 00:17:06 INFO SparkEnv: Registering BlockManagerMaster
[2024-05-16T00:17:06.928+0000] {spark_submit.py:571} INFO - 24/05/16 00:17:06 INFO BlockManagerMasterEndpoint: Using org.apache.spark.storage.DefaultTopologyMapper for getting topology information
[2024-05-16T00:17:06.929+0000] {spark_submit.py:571} INFO - 24/05/16 00:17:06 INFO BlockManagerMasterEndpoint: BlockManagerMasterEndpoint up
[2024-05-16T00:17:06.931+0000] {spark_submit.py:571} INFO - 24/05/16 00:17:06 INFO SparkEnv: Registering BlockManagerMasterHeartbeat
[2024-05-16T00:17:06.946+0000] {spark_submit.py:571} INFO - 24/05/16 00:17:06 INFO DiskBlockManager: Created local directory at /tmp/blockmgr-881bcb93-cbe7-4ab6-a033-20536ceb3e8e
[2024-05-16T00:17:06.954+0000] {spark_submit.py:571} INFO - 24/05/16 00:17:06 INFO MemoryStore: MemoryStore started with capacity 1048.8 MiB
[2024-05-16T00:17:06.964+0000] {spark_submit.py:571} INFO - 24/05/16 00:17:06 INFO SparkEnv: Registering OutputCommitCoordinator
[2024-05-16T00:17:07.069+0000] {spark_submit.py:571} INFO - 24/05/16 00:17:07 INFO JettyUtils: Start Jetty 0.0.0.0:4040 for SparkUI
[2024-05-16T00:17:07.107+0000] {spark_submit.py:571} INFO - 24/05/16 00:17:07 INFO Utils: Successfully started service 'SparkUI' on port 4040.
[2024-05-16T00:17:07.203+0000] {spark_submit.py:571} INFO - 24/05/16 00:17:07 INFO StandaloneAppClient$ClientEndpoint: Connecting to master spark://spark-master:7077...
[2024-05-16T00:17:07.231+0000] {spark_submit.py:571} INFO - 24/05/16 00:17:07 INFO TransportClientFactory: Successfully created connection to spark-master/192.168.16.4:7077 after 14 ms (0 ms spent in bootstraps)
[2024-05-16T00:17:07.342+0000] {spark_submit.py:571} INFO - 24/05/16 00:17:07 INFO StandaloneSchedulerBackend: Connected to Spark cluster with app ID app-20240516001707-0008
[2024-05-16T00:17:07.355+0000] {spark_submit.py:571} INFO - 24/05/16 00:17:07 INFO Utils: Successfully started service 'org.apache.spark.network.netty.NettyBlockTransferService' on port 39677.
[2024-05-16T00:17:07.356+0000] {spark_submit.py:571} INFO - 24/05/16 00:17:07 INFO NettyBlockTransferService: Server created on 1def91e7b936:39677
[2024-05-16T00:17:07.357+0000] {spark_submit.py:571} INFO - 24/05/16 00:17:07 INFO BlockManager: Using org.apache.spark.storage.RandomBlockReplicationPolicy for block replication policy
[2024-05-16T00:17:07.362+0000] {spark_submit.py:571} INFO - 24/05/16 00:17:07 INFO BlockManagerMaster: Registering BlockManager BlockManagerId(driver, 1def91e7b936, 39677, None)
[2024-05-16T00:17:07.365+0000] {spark_submit.py:571} INFO - 24/05/16 00:17:07 INFO BlockManagerMasterEndpoint: Registering block manager 1def91e7b936:39677 with 1048.8 MiB RAM, BlockManagerId(driver, 1def91e7b936, 39677, None)
[2024-05-16T00:17:07.367+0000] {spark_submit.py:571} INFO - 24/05/16 00:17:07 INFO BlockManagerMaster: Registered BlockManager BlockManagerId(driver, 1def91e7b936, 39677, None)
[2024-05-16T00:17:07.370+0000] {spark_submit.py:571} INFO - 24/05/16 00:17:07 INFO BlockManager: Initialized BlockManager: BlockManagerId(driver, 1def91e7b936, 39677, None)
[2024-05-16T00:17:07.466+0000] {spark_submit.py:571} INFO - 24/05/16 00:17:07 INFO StandaloneSchedulerBackend: SchedulerBackend is ready for scheduling beginning after reached minRegisteredResourcesRatio: 0.0
[2024-05-16T00:17:07.612+0000] {spark_submit.py:571} INFO - 24/05/16 00:17:07 INFO SharedState: Setting hive.metastore.warehouse.dir ('null') to the value of spark.sql.warehouse.dir.
[2024-05-16T00:17:07.616+0000] {spark_submit.py:571} INFO - 24/05/16 00:17:07 INFO SharedState: Warehouse path is 'file:/opt/***/spark-warehouse'.
[2024-05-16T00:17:08.156+0000] {spark_submit.py:571} INFO - Traceback (most recent call last):
[2024-05-16T00:17:08.157+0000] {spark_submit.py:571} INFO - File "/opt/***/dags/includes/jobs/spark_consumer.py", line 76, in <module>
[2024-05-16T00:17:08.157+0000] {spark_submit.py:571} INFO - .load())
[2024-05-16T00:17:08.157+0000] {spark_submit.py:571} INFO - ^^^^^^
[2024-05-16T00:17:08.157+0000] {spark_submit.py:571} INFO - File "/home/***/.local/lib/python3.12/site-packages/pyspark/python/lib/pyspark.zip/pyspark/sql/streaming/readwriter.py", line 304, in load
[2024-05-16T00:17:08.158+0000] {spark_submit.py:571} INFO - File "/home/***/.local/lib/python3.12/site-packages/pyspark/python/lib/py4j-0.10.9.7-src.zip/py4j/java_gateway.py", line 1322, in __call__
[2024-05-16T00:17:08.158+0000] {spark_submit.py:571} INFO - File "/home/***/.local/lib/python3.12/site-packages/pyspark/python/lib/pyspark.zip/pyspark/errors/exceptions/captured.py", line 185, in deco
[2024-05-16T00:17:08.161+0000] {spark_submit.py:571} INFO - pyspark.errors.exceptions.captured.AnalysisException: Failed to find data source: kafka. Please deploy the application as per the deployment section of Structured Streaming + Kafka Integration Guide.
[2024-05-16T00:17:08.162+0000] {spark_submit.py:571} INFO - INFO:py4j.clientserver:Closing down clientserver connection
[2024-05-16T00:17:08.251+0000] {spark_submit.py:571} INFO - 24/05/16 00:17:08 INFO SparkContext: Invoking stop() from shutdown hook
[2024-05-16T00:17:08.252+0000] {spark_submit.py:571} INFO - 24/05/16 00:17:08 INFO SparkContext: SparkContext is stopping with exitCode 0.
[2024-05-16T00:17:08.256+0000] {spark_submit.py:571} INFO - 24/05/16 00:17:08 INFO SparkUI: Stopped Spark web UI at http://1def91e7b936:4040
[2024-05-16T00:17:08.258+0000] {spark_submit.py:571} INFO - 24/05/16 00:17:08 INFO StandaloneSchedulerBackend: Shutting down all executors
[2024-05-16T00:17:08.259+0000] {spark_submit.py:571} INFO - 24/05/16 00:17:08 INFO StandaloneSchedulerBackend$StandaloneDriverEndpoint: Asking each executor to shut down
[2024-05-16T00:17:08.267+0000] {spark_submit.py:571} INFO - 24/05/16 00:17:08 INFO MapOutputTrackerMasterEndpoint: MapOutputTrackerMasterEndpoint stopped!
[2024-05-16T00:17:08.294+0000] {spark_submit.py:571} INFO - 24/05/16 00:17:08 INFO MemoryStore: MemoryStore cleared
[2024-05-16T00:17:08.296+0000] {spark_submit.py:571} INFO - 24/05/16 00:17:08 INFO BlockManager: BlockManager stopped
[2024-05-16T00:17:08.300+0000] {spark_submit.py:571} INFO - 24/05/16 00:17:08 INFO BlockManagerMaster: BlockManagerMaster stopped
[2024-05-16T00:17:08.305+0000] {spark_submit.py:571} INFO - 24/05/16 00:17:08 INFO OutputCommitCoordinator$OutputCommitCoordinatorEndpoint: OutputCommitCoordinator stopped!
[2024-05-16T00:17:08.325+0000] {spark_submit.py:571} INFO - 24/05/16 00:17:08 INFO SparkContext: Successfully stopped SparkContext
[2024-05-16T00:17:08.326+0000] {spark_submit.py:571} INFO - 24/05/16 00:17:08 INFO ShutdownHookManager: Shutdown hook called
[2024-05-16T00:17:08.326+0000] {spark_submit.py:571} INFO - 24/05/16 00:17:08 INFO ShutdownHookManager: Deleting directory /tmp/spark-3b51efd6-1508-4290-8291-2bc24a6ebb6a
[2024-05-16T00:17:08.334+0000] {spark_submit.py:571} INFO - 24/05/16 00:17:08 INFO ShutdownHookManager: Deleting directory /tmp/spark-2930756f-5358-46e9-af6c-ce98d0128397/pyspark-23321921-a912-431d-9264-bc785d5209ed
[2024-05-16T00:17:08.342+0000] {spark_submit.py:571} INFO - 24/05/16 00:17:08 INFO ShutdownHookManager: Deleting directory /tmp/spark-2930756f-5358-46e9-af6c-ce98d0128397
[2024-05-16T00:17:08.367+0000] {taskinstance.py:441} INFO - ::group::Post task execution logs
[2024-05-16T00:17:08.389+0000] {taskinstance.py:2905} ERROR - Task failed with exception
Traceback (most recent call last):
  File "/home/airflow/.local/lib/python3.12/site-packages/airflow/models/taskinstance.py", line 465, in _execute_task
    result = _execute_callable(context=context, **execute_callable_kwargs)
             ^^^^^^^^^^^^^^^^^^^^^^^^^^^^^^^^^^^^^^^^^^^^^^^^^^^^^^^^^^^^^
  File "/home/airflow/.local/lib/python3.12/site-packages/airflow/models/taskinstance.py", line 432, in _execute_callable
    return execute_callable(context=context, **execute_callable_kwargs)
           ^^^^^^^^^^^^^^^^^^^^^^^^^^^^^^^^^^^^^^^^^^^^^^^^^^^^^^^^^^^^
  File "/home/airflow/.local/lib/python3.12/site-packages/airflow/models/baseoperator.py", line 400, in wrapper
    return func(self, *args, **kwargs)
           ^^^^^^^^^^^^^^^^^^^^^^^^^^^
  File "/home/airflow/.local/lib/python3.12/site-packages/airflow/providers/apache/spark/operators/spark_submit.py", line 174, in execute
    self._hook.submit(self.application)
  File "/home/airflow/.local/lib/python3.12/site-packages/airflow/providers/apache/spark/hooks/spark_submit.py", line 502, in submit
    raise AirflowException(
airflow.exceptions.AirflowException: Cannot execute: spark-submit --master spark://spark-master:7077 --num-executors 1 --total-executor-cores 1 --executor-cores 1 --executor-memory 2g --driver-memory 2g --name arrow-spark --deploy-mode client dags/includes/jobs/spark_consumer.py. Error code is: 1.
[2024-05-16T00:17:08.399+0000] {taskinstance.py:1206} INFO - Marking task as UP_FOR_RETRY. dag_id=Webscrape, task_id=Process_Send_Data, run_id=manual__2024-05-16T00:08:33.976029+00:00, execution_date=20240516T000833, start_date=20240516T001703, end_date=20240516T001708
[2024-05-16T00:17:08.423+0000] {standard_task_runner.py:110} ERROR - Failed to execute job 176 for task Process_Send_Data (Cannot execute: spark-submit --master spark://spark-master:7077 --num-executors 1 --total-executor-cores 1 --executor-cores 1 --executor-memory 2g --driver-memory 2g --name arrow-spark --deploy-mode client dags/includes/jobs/spark_consumer.py. Error code is: 1.; 1632)
[2024-05-16T00:17:08.446+0000] {local_task_job_runner.py:240} INFO - Task exited with return code 1
[2024-05-16T00:17:08.485+0000] {taskinstance.py:3498} INFO - 0 downstream tasks scheduled from follow-on schedule check
[2024-05-16T00:17:08.486+0000] {local_task_job_runner.py:222} INFO - ::endgroup::
