[2024-05-15T22:46:36.844+0000] {local_task_job_runner.py:120} INFO - ::group::Pre task execution logs
[2024-05-15T22:46:36.877+0000] {taskinstance.py:2076} INFO - Dependencies all met for dep_context=non-requeueable deps ti=<TaskInstance: Webscrape.Ingest_Data manual__2024-05-15T22:46:32.898712+00:00 [queued]>
[2024-05-15T22:46:36.886+0000] {taskinstance.py:2076} INFO - Dependencies all met for dep_context=requeueable deps ti=<TaskInstance: Webscrape.Ingest_Data manual__2024-05-15T22:46:32.898712+00:00 [queued]>
[2024-05-15T22:46:36.886+0000] {taskinstance.py:2306} INFO - Starting attempt 1 of 6
[2024-05-15T22:46:36.897+0000] {taskinstance.py:2330} INFO - Executing <Task(PythonOperator): Ingest_Data> on 2024-05-15 22:46:32.898712+00:00
[2024-05-15T22:46:36.907+0000] {standard_task_runner.py:90} INFO - Running: ['***', 'tasks', 'run', 'Webscrape', 'Ingest_Data', 'manual__2024-05-15T22:46:32.898712+00:00', '--job-id', '129', '--raw', '--subdir', 'DAGS_FOLDER/webscrapping.py', '--cfg-path', '/tmp/tmpxs7_l65p']
[2024-05-15T22:46:36.908+0000] {logging_mixin.py:188} WARNING - /home/***/.local/lib/python3.12/site-packages/***/task/task_runner/standard_task_runner.py:61 DeprecationWarning: This process (pid=229) is multi-threaded, use of fork() may lead to deadlocks in the child.
[2024-05-15T22:46:36.909+0000] {standard_task_runner.py:91} INFO - Job 129: Subtask Ingest_Data
[2024-05-15T22:46:36.909+0000] {standard_task_runner.py:63} INFO - Started process 235 to run task
[2024-05-15T22:46:36.934+0000] {task_command.py:426} INFO - Running <TaskInstance: Webscrape.Ingest_Data manual__2024-05-15T22:46:32.898712+00:00 [running]> on host a0afa1128cb6
[2024-05-15T22:46:36.983+0000] {taskinstance.py:2648} INFO - Exporting env vars: AIRFLOW_CTX_DAG_OWNER='svc' AIRFLOW_CTX_DAG_ID='Webscrape' AIRFLOW_CTX_TASK_ID='Ingest_Data' AIRFLOW_CTX_EXECUTION_DATE='2024-05-15T22:46:32.898712+00:00' AIRFLOW_CTX_TRY_NUMBER='1' AIRFLOW_CTX_DAG_RUN_ID='manual__2024-05-15T22:46:32.898712+00:00'
[2024-05-15T22:46:36.984+0000] {taskinstance.py:430} INFO - ::endgroup::
[2024-05-15T22:46:37.019+0000] {conn.py:362} INFO - <BrokerConnection node_id=bootstrap-0 host=kafka:9092 <connecting> [IPv4 ('172.26.0.5', 9092)]>: connecting to kafka:9092 [('172.26.0.5', 9092) IPv4]
[2024-05-15T22:46:37.026+0000] {conn.py:957} INFO - Probing node bootstrap-0 broker version
[2024-05-15T22:46:37.027+0000] {conn.py:393} INFO - <BrokerConnection node_id=bootstrap-0 host=kafka:9092 <connecting> [IPv4 ('172.26.0.5', 9092)]>: Connection complete.
[2024-05-15T22:46:37.145+0000] {conn.py:1019} INFO - Broker version identified as 2.6.0
[2024-05-15T22:46:37.146+0000] {conn.py:1020} INFO - Set configuration api_version=(2, 6, 0) to skip auto check_version requests on startup
[2024-05-15T22:46:37.891+0000] {logging_mixin.py:188} INFO - Connecting to Scraping Browser...
[2024-05-15T22:46:39.762+0000] {logging_mixin.py:188} INFO - Connected! Navigating to https://www.redfin.com...
[2024-05-15T22:46:47.736+0000] {logging_mixin.py:188} INFO - Searching...
[2024-05-15T22:46:51.625+0000] {logging_mixin.py:188} INFO - --------
[2024-05-15T22:46:51.626+0000] {logging_mixin.py:188} INFO - 1
[2024-05-15T22:46:51.627+0000] {logging_mixin.py:188} INFO - Navigating to Listing page: https://www.redfin.com/NC/Charlotte/2739-Grand-Union-Way-28209/home/148598761
[2024-05-15T22:47:07.850+0000] {logging_mixin.py:188} INFO - Extracting Pictures
[2024-05-15T22:47:09.495+0000] {logging_mixin.py:188} INFO - Extracting Key Details
[2024-05-15T22:47:11.174+0000] {logging_mixin.py:188} INFO - Extracting Listing Agent Details
[2024-05-15T22:47:11.887+0000] {logging_mixin.py:188} INFO - Extracting Redfin Agent Details
[2024-05-15T22:47:12.628+0000] {logging_mixin.py:188} INFO - Extracting Property Details
[2024-05-15T22:47:14.222+0000] {logging_mixin.py:188} INFO - {
  "address": "2739 Grand Union Way Charlotte NC 28209",
  "price": "649900",
  "beds": "3",
  "baths": "3.5",
  "link": "https://www.redfin.com/NC/Charlotte/2739-Grand-Union-Way-28209/home/148598761",
  "photos": [
    "https://ssl.cdn-redfin.com/system_files/media/919615_JPG/item_22.jpg",
    "https://ssl.cdn-redfin.com/system_files/media/919615_JPG/genLdpUgcMediaBrowserUrl/item_38.jpg",
    "https://my.matterport.com/api/v2/player/models/cVZCU4kuhtR/thumb",
    "https://ssl.cdn-redfin.com/system_files/media/919615_JPG/genLdpUgcMediaBrowserUrl/item_30.jpg",
    "https://ssl.cdn-redfin.com/system_files/media/919615_JPG/genLdpUgcMediaBrowserUrl/item_45.jpg",
    "https://ssl.cdn-redfin.com/system_files/media/919615_JPG/item_46.jpg",
    "https://ssl.cdn-redfin.com/system_files/media/919615_JPG/item_1.jpg",
    "https://ssl.cdn-redfin.com/system_files/media/919615_JPG/item_5.jpg",
    "https://ssl.cdn-redfin.com/system_files/media/919615_JPG/item_10.jpg",
    "https://ssl.cdn-redfin.com/system_files/media/919615_JPG/item_18.jpg"
  ],
  "hoa_fee": "262",
  "buyers_agent_fee": "2",
  "listing_agent_name": "Jill Moyer",
  "listing_agent_contact": "jill.moyer@redfin.com",
  "redfin_agent_name": "Stephen Passarelli",
  "finished_sqft": "",
  "unfinished_sqft": "",
  "total_sqft": "",
  "stories": "4",
  "style": "Townhouse",
  "year_built": "2019",
  "year_renovated": "",
  "county": "Mecklenburg County",
  "APN": "14901360"
}
[2024-05-15T22:47:14.224+0000] {logging_mixin.py:188} INFO - Sending Data to Kafka
[2024-05-15T22:47:14.229+0000] {conn.py:362} INFO - <BrokerConnection node_id=1 host=kafka:9092 <connecting> [IPv4 ('172.26.0.5', 9092)]>: connecting to kafka:9092 [('172.26.0.5', 9092) IPv4]
[2024-05-15T22:47:14.231+0000] {conn.py:393} INFO - <BrokerConnection node_id=1 host=kafka:9092 <connecting> [IPv4 ('172.26.0.5', 9092)]>: Connection complete.
[2024-05-15T22:47:14.232+0000] {conn.py:673} INFO - <BrokerConnection node_id=bootstrap-0 host=kafka:9092 <connected> [IPv4 ('172.26.0.5', 9092)]>: Closing connection. 
[2024-05-15T22:47:14.331+0000] {logging_mixin.py:188} INFO - --------
[2024-05-15T22:47:14.331+0000] {logging_mixin.py:188} INFO - 2
[2024-05-15T22:47:14.332+0000] {logging_mixin.py:188} INFO - Navigating to Listing page: https://www.redfin.com/NC/Charlotte/4117-Duplin-Dr-28214/home/185574517
[2024-05-15T22:47:35.109+0000] {logging_mixin.py:188} INFO - Extracting Pictures
[2024-05-15T22:47:44.483+0000] {logging_mixin.py:188} INFO - Extracting Key Details
[2024-05-15T22:47:45.444+0000] {logging_mixin.py:188} INFO - Extracting Listing Agent Details
[2024-05-15T22:47:46.537+0000] {logging_mixin.py:188} INFO - Extracting Redfin Agent Details
[2024-05-15T22:47:47.076+0000] {logging_mixin.py:188} INFO - Extracting Property Details
[2024-05-15T22:47:48.446+0000] {logging_mixin.py:188} INFO - {
  "address": "4117 Duplin Dr Charlotte NC 28214",
  "price": "475000",
  "beds": "3",
  "baths": "2",
  "link": "https://www.redfin.com/NC/Charlotte/4117-Duplin-Dr-28214/home/185574517",
  "photos": [
    "https://ssl.cdn-redfin.com/system_files/media/919625_JPG/item_26.jpg",
    "https://ssl.cdn-redfin.com/system_files/media/919625_JPG/genLdpUgcMediaBrowserUrl/item_10.jpg",
    "https://my.matterport.com/api/v2/player/models/QrMTxwVZ4jy/thumb",
    "https://ssl.cdn-redfin.com/system_files/media/919625_JPG/genLdpUgcMediaBrowserUrl/item_11.jpg",
    "https://ssl.cdn-redfin.com/system_files/media/919625_JPG/genLdpUgcMediaBrowserUrl/item_12.jpg",
    "https://ssl.cdn-redfin.com/system_files/media/919625_JPG/item_13.jpg",
    "https://ssl.cdn-redfin.com/system_files/media/919625_JPG/item_9.jpg",
    "https://ssl.cdn-redfin.com/system_files/media/919625_JPG/item_21.jpg",
    "https://ssl.cdn-redfin.com/system_files/media/919625_JPG/item_4.jpg",
    "https://ssl.cdn-redfin.com/system_files/media/919625_JPG/item_37.jpg"
  ],
  "hoa_fee": "113",
  "buyers_agent_fee": "2.5",
  "listing_agent_name": "Peter Dorninger",
  "listing_agent_contact": "peter.dorninger@redfin.com",
  "redfin_agent_name": "Karen Krotki",
  "finished_sqft": "",
  "unfinished_sqft": "",
  "total_sqft": "",
  "stories": "",
  "style": "Single Family Residential",
  "year_built": "",
  "year_renovated": "",
  "county": "Mecklenburg County",
  "APN": "11308417"
}
[2024-05-15T22:47:48.448+0000] {logging_mixin.py:188} INFO - Sending Data to Kafka
[2024-05-15T22:47:48.533+0000] {logging_mixin.py:188} INFO - --------
[2024-05-15T22:47:48.534+0000] {logging_mixin.py:188} INFO - 3
[2024-05-15T22:47:48.534+0000] {logging_mixin.py:188} INFO - Navigating to Listing page: https://www.redfin.com/NC/Charlotte/3200-Dunaire-Dr-28205/home/43938459
[2024-05-15T22:48:03.335+0000] {local_task_job_runner.py:310} WARNING - State of this instance has been externally set to failed. Terminating instance.
[2024-05-15T22:48:03.341+0000] {local_task_job_runner.py:222} INFO - ::endgroup::
[2024-05-15T22:48:03.349+0000] {process_utils.py:132} INFO - Sending 15 to group 235. PIDs of all processes in the group: [237, 235]
[2024-05-15T22:48:03.350+0000] {process_utils.py:87} INFO - Sending the signal 15 to group 235
[2024-05-15T22:48:03.358+0000] {taskinstance.py:2611} ERROR - Received SIGTERM. Terminating subprocesses.
[2024-05-15T22:48:03.877+0000] {process_utils.py:80} INFO - Process psutil.Process(pid=237, status='terminated', started='22:46:37') (237) terminated with exit code None
[2024-05-15T22:49:03.384+0000] {process_utils.py:150} WARNING - process psutil.Process(pid=235, name='airflow task ru', status='sleeping', started='22:46:36') did not respond to SIGTERM. Trying SIGKILL
[2024-05-15T22:49:03.410+0000] {process_utils.py:87} INFO - Sending the signal 9 to group 235
[2024-05-15T22:49:03.472+0000] {process_utils.py:80} INFO - Process psutil.Process(pid=235, name='airflow task ru', status='terminated', exitcode=<Negsignal.SIGKILL: -9>, started='22:46:36') (235) terminated with exit code -9
[2024-05-15T22:49:03.473+0000] {standard_task_runner.py:178} ERROR - Job 129 was killed before it finished (likely due to running out of memory)
