[2024-05-17T16:35:48.716+0000] {local_task_job_runner.py:120} INFO - ::group::Pre task execution logs
[2024-05-17T16:35:48.753+0000] {taskinstance.py:2076} INFO - Dependencies all met for dep_context=non-requeueable deps ti=<TaskInstance: Webscrape.Ingest_Data manual__2024-05-17T16:35:45.156153+00:00 [queued]>
[2024-05-17T16:35:48.761+0000] {taskinstance.py:2076} INFO - Dependencies all met for dep_context=requeueable deps ti=<TaskInstance: Webscrape.Ingest_Data manual__2024-05-17T16:35:45.156153+00:00 [queued]>
[2024-05-17T16:35:48.761+0000] {taskinstance.py:2306} INFO - Starting attempt 1 of 6
[2024-05-17T16:35:48.772+0000] {taskinstance.py:2330} INFO - Executing <Task(PythonOperator): Ingest_Data> on 2024-05-17 16:35:45.156153+00:00
[2024-05-17T16:35:48.785+0000] {standard_task_runner.py:63} INFO - Started process 3238 to run task
[2024-05-17T16:35:48.788+0000] {standard_task_runner.py:90} INFO - Running: ['***', 'tasks', 'run', 'Webscrape', 'Ingest_Data', 'manual__2024-05-17T16:35:45.156153+00:00', '--job-id', '220', '--raw', '--subdir', 'DAGS_FOLDER/webscrapping.py', '--cfg-path', '/tmp/tmp_nuhxo01']
[2024-05-17T16:35:48.796+0000] {standard_task_runner.py:91} INFO - Job 220: Subtask Ingest_Data
[2024-05-17T16:35:48.909+0000] {task_command.py:426} INFO - Running <TaskInstance: Webscrape.Ingest_Data manual__2024-05-17T16:35:45.156153+00:00 [running]> on host 3e429f118033
[2024-05-17T16:35:49.033+0000] {taskinstance.py:2648} INFO - Exporting env vars: AIRFLOW_CTX_DAG_OWNER='svc' AIRFLOW_CTX_DAG_ID='Webscrape' AIRFLOW_CTX_TASK_ID='Ingest_Data' AIRFLOW_CTX_EXECUTION_DATE='2024-05-17T16:35:45.156153+00:00' AIRFLOW_CTX_TRY_NUMBER='1' AIRFLOW_CTX_DAG_RUN_ID='manual__2024-05-17T16:35:45.156153+00:00'
[2024-05-17T16:35:49.034+0000] {taskinstance.py:430} INFO - ::endgroup::
[2024-05-17T16:35:49.078+0000] {conn.py:362} INFO - <BrokerConnection node_id=bootstrap-0 host=kafka:9092 <connecting> [IPv4 ('172.24.0.6', 9092)]>: connecting to kafka:9092 [('172.24.0.6', 9092) IPv4]
[2024-05-17T16:35:49.079+0000] {conn.py:957} INFO - Probing node bootstrap-0 broker version
[2024-05-17T16:35:49.080+0000] {conn.py:393} INFO - <BrokerConnection node_id=bootstrap-0 host=kafka:9092 <connecting> [IPv4 ('172.24.0.6', 9092)]>: Connection complete.
[2024-05-17T16:35:49.192+0000] {conn.py:1019} INFO - Broker version identified as 2.6.0
[2024-05-17T16:35:49.192+0000] {conn.py:1020} INFO - Set configuration api_version=(2, 6, 0) to skip auto check_version requests on startup
[2024-05-17T16:35:49.849+0000] {logging_mixin.py:188} INFO - Connecting to Scraping Browser...
[2024-05-17T16:35:52.053+0000] {logging_mixin.py:188} INFO - Connected! Navigating to https://www.redfin.com...
[2024-05-17T16:36:06.379+0000] {logging_mixin.py:188} INFO - Searching...
[2024-05-17T16:36:11.494+0000] {logging_mixin.py:188} INFO - --------
[2024-05-17T16:36:11.510+0000] {logging_mixin.py:188} INFO - 1
[2024-05-17T16:36:11.514+0000] {logging_mixin.py:188} INFO - Navigating to Listing page: https://www.redfin.com/NC/Charlotte/17113-Soho-Dr-28204/home/170607944
[2024-05-17T16:36:43.844+0000] {logging_mixin.py:188} INFO - Extracting Pictures
[2024-05-17T16:36:51.034+0000] {logging_mixin.py:188} INFO - Extracting Key Details
[2024-05-17T16:36:53.393+0000] {logging_mixin.py:188} INFO - Extracting Listing Agent Details
[2024-05-17T16:36:54.860+0000] {logging_mixin.py:188} INFO - Extracting Redfin Agent Details
[2024-05-17T16:36:55.678+0000] {logging_mixin.py:188} INFO - Extracting Property Details
[2024-05-17T16:36:57.618+0000] {logging_mixin.py:188} INFO - {
  "address": "17113 Soho Dr Charlotte NC 28204",
  "price": "760000",
  "beds": "3",
  "baths": "4.5",
  "link": "https://www.redfin.com/NC/Charlotte/17113-Soho-Dr-28204/home/170607944",
  "photos": [
    "https://ssl.cdn-redfin.com/system_files/media/922567_JPG/item_9.jpg",
    "https://ssl.cdn-redfin.com/system_files/media/922567_JPG/genLdpUgcMediaBrowserUrl/item_11.jpg",
    "https://my.matterport.com/api/v2/player/models/ED3A7ghRwH6/thumb",
    "https://ssl.cdn-redfin.com/system_files/media/922567_JPG/genLdpUgcMediaBrowserUrl/item_13.jpg",
    "https://ssl.cdn-redfin.com/system_files/media/922567_JPG/genLdpUgcMediaBrowserUrl/item_14.jpg",
    "https://ssl.cdn-redfin.com/system_files/media/922567_JPG/item_12.jpg",
    "https://ssl.cdn-redfin.com/system_files/media/922567_JPG/item_15.jpg",
    "https://ssl.cdn-redfin.com/system_files/media/922567_JPG/genLdpUgcMediaBrowserUrl/item_16.jpg",
    "https://ssl.cdn-redfin.com/system_files/media/922567_JPG/genLdpUgcMediaBrowserUrl/item_17.jpg",
    "https://ssl.cdn-redfin.com/system_files/media/922567_JPG/item_18.jpg",
    "https://ssl.cdn-redfin.com/system_files/media/922567_JPG/item_24.jpg",
    "https://ssl.cdn-redfin.com/system_files/media/922567_JPG/item_30.jpg",
    "https://ssl.cdn-redfin.com/system_files/media/922567_JPG/item_36.jpg",
    "https://ssl.cdn-redfin.com/system_files/media/922567_JPG/item_43.jpg",
    "https://ssl.cdn-redfin.com/system_files/media/922567_JPG/item_51.jpg"
  ],
  "hoa_fee": "236",
  "buyers_agent_fee": "2.5",
  "listing_agent_name": "Jon Bartholomew",
  "listing_agent_contact": "jonathan.bartholomew@redfin.com",
  "redfin_agent_name": "Stephen Passarelli",
  "finished_sqft": "",
  "unfinished_sqft": "",
  "total_sqft": "",
  "stories": "4",
  "style": "Townhouse",
  "year_built": "2020",
  "year_renovated": "",
  "county": "Mecklenburg County",
  "APN": "08111612"
}
[2024-05-17T16:36:57.660+0000] {logging_mixin.py:188} INFO - Sending Data to Kafka
[2024-05-17T16:36:57.751+0000] {conn.py:362} INFO - <BrokerConnection node_id=1 host=kafka:9092 <connecting> [IPv4 ('172.24.0.6', 9092)]>: connecting to kafka:9092 [('172.24.0.6', 9092) IPv4]
[2024-05-17T16:36:57.756+0000] {conn.py:393} INFO - <BrokerConnection node_id=1 host=kafka:9092 <connecting> [IPv4 ('172.24.0.6', 9092)]>: Connection complete.
[2024-05-17T16:36:57.759+0000] {conn.py:673} INFO - <BrokerConnection node_id=bootstrap-0 host=kafka:9092 <connected> [IPv4 ('172.24.0.6', 9092)]>: Closing connection. 
[2024-05-17T16:36:58.149+0000] {logging_mixin.py:188} INFO - --------
[2024-05-17T16:36:58.152+0000] {logging_mixin.py:188} INFO - 2
[2024-05-17T16:36:58.158+0000] {logging_mixin.py:188} INFO - Navigating to Listing page: https://www.redfin.com/NC/Charlotte/3200-Dunaire-Dr-28205/home/43938459
[2024-05-17T16:37:18.178+0000] {logging_mixin.py:188} INFO - Extracting Pictures
[2024-05-17T16:37:22.218+0000] {logging_mixin.py:188} INFO - Extracting Key Details
[2024-05-17T16:37:23.683+0000] {logging_mixin.py:188} INFO - Extracting Listing Agent Details
[2024-05-17T16:37:24.892+0000] {logging_mixin.py:188} INFO - Extracting Redfin Agent Details
[2024-05-17T16:37:25.627+0000] {logging_mixin.py:188} INFO - Extracting Property Details
[2024-05-17T16:37:28.044+0000] {logging_mixin.py:188} INFO - {
  "address": "3200 Dunaire Dr Charlotte NC 28205",
  "price": "475000",
  "beds": "3",
  "baths": "2",
  "link": "https://www.redfin.com/NC/Charlotte/3200-Dunaire-Dr-28205/home/43938459",
  "photos": [
    "https://ssl.cdn-redfin.com/system_files/media/919050_JPG/item_1.jpg",
    "https://ssl.cdn-redfin.com/system_files/media/919050_JPG/genLdpUgcMediaBrowserUrl/item_2.jpg",
    "https://my.matterport.com/api/v2/player/models/EL5PrvVRLoz/thumb",
    "https://ssl.cdn-redfin.com/system_files/media/919050_JPG/genLdpUgcMediaBrowserUrl/item_4.jpg",
    "https://ssl.cdn-redfin.com/system_files/media/919050_JPG/genLdpUgcMediaBrowserUrl/item_5.jpg",
    "https://ssl.cdn-redfin.com/system_files/media/919050_JPG/item_3.jpg",
    "https://ssl.cdn-redfin.com/system_files/media/919050_JPG/item_8.jpg",
    "https://ssl.cdn-redfin.com/system_files/media/919050_JPG/genLdpUgcMediaBrowserUrl/item_9.jpg",
    "https://ssl.cdn-redfin.com/system_files/media/919050_JPG/genLdpUgcMediaBrowserUrl/item_10.jpg",
    "https://ssl.cdn-redfin.com/system_files/media/919050_JPG/item_11.jpg",
    "https://ssl.cdn-redfin.com/system_files/media/919050_JPG/item_15.jpg",
    "https://ssl.cdn-redfin.com/system_files/media/919050_JPG/item_21.jpg",
    "https://ssl.cdn-redfin.com/system_files/media/919050_JPG/item_27.jpg",
    "https://ssl.cdn-redfin.com/system_files/media/919050_JPG/item_33.jpg",
    "https://ssl.cdn-redfin.com/system_files/media/919050_JPG/item_39.jpg",
    "https://ssl.cdn-redfin.com/system_files/media/919050_JPG/item_45.jpg"
  ],
  "hoa_fee": "",
  "buyers_agent_fee": "2",
  "listing_agent_name": "Lilliah Moseley",
  "listing_agent_contact": "lilliah.moseley@redfin.com",
  "redfin_agent_name": "Stephen Passarelli",
  "finished_sqft": "1442",
  "unfinished_sqft": "",
  "total_sqft": "1442",
  "stories": "1",
  "style": "Single Family Residential",
  "year_built": "1959",
  "year_renovated": "1970",
  "county": "Mecklenburg County",
  "APN": "10112504"
}
[2024-05-17T16:37:28.046+0000] {logging_mixin.py:188} INFO - Sending Data to Kafka
[2024-05-17T16:37:28.303+0000] {logging_mixin.py:188} INFO - --------
[2024-05-17T16:37:28.304+0000] {logging_mixin.py:188} INFO - 3
[2024-05-17T16:37:28.306+0000] {logging_mixin.py:188} INFO - Navigating to Listing page: https://www.redfin.com/NC/Charlotte/2739-Grand-Union-Way-28209/home/148598761
[2024-05-17T16:37:52.746+0000] {logging_mixin.py:188} INFO - Extracting Pictures
[2024-05-17T16:37:57.125+0000] {logging_mixin.py:188} INFO - Extracting Key Details
[2024-05-17T16:37:58.501+0000] {logging_mixin.py:188} INFO - Extracting Listing Agent Details
[2024-05-17T16:37:59.488+0000] {logging_mixin.py:188} INFO - Extracting Redfin Agent Details
[2024-05-17T16:38:00.573+0000] {logging_mixin.py:188} INFO - Extracting Property Details
[2024-05-17T16:38:02.304+0000] {logging_mixin.py:188} INFO - {
  "address": "2739 Grand Union Way Charlotte NC 28209",
  "price": "649900",
  "beds": "3",
  "baths": "3.5",
  "link": "https://www.redfin.com/NC/Charlotte/2739-Grand-Union-Way-28209/home/148598761",
  "photos": [
    "https://ssl.cdn-redfin.com/system_files/media/919615_JPG/item_22.jpg",
    "https://ssl.cdn-redfin.com/system_files/media/919615_JPG/genLdpUgcMediaBrowserUrl/item_38.jpg",
    "https://my.matterport.com/api/v2/player/models/cVZCU4kuhtR/thumb",
    "https://ssl.cdn-redfin.com/system_files/media/919615_JPG/genLdpUgcMediaBrowserUrl/item_30.jpg",
    "https://ssl.cdn-redfin.com/system_files/media/919615_JPG/genLdpUgcMediaBrowserUrl/item_45.jpg",
    "https://ssl.cdn-redfin.com/system_files/media/919615_JPG/item_46.jpg",
    "https://ssl.cdn-redfin.com/system_files/media/919615_JPG/item_33.jpg",
    "https://ssl.cdn-redfin.com/system_files/media/919615_JPG/genLdpUgcMediaBrowserUrl/item_35.jpg",
    "https://ssl.cdn-redfin.com/system_files/media/919615_JPG/genLdpUgcMediaBrowserUrl/item_36.jpg",
    "https://ssl.cdn-redfin.com/system_files/media/919615_JPG/item_1.jpg",
    "https://ssl.cdn-redfin.com/system_files/media/919615_JPG/item_5.jpg",
    "https://ssl.cdn-redfin.com/system_files/media/919615_JPG/item_10.jpg",
    "https://ssl.cdn-redfin.com/system_files/media/919615_JPG/item_18.jpg"
  ],
  "hoa_fee": "262",
  "buyers_agent_fee": "2",
  "listing_agent_name": "Jill Moyer",
  "listing_agent_contact": "jill.moyer@redfin.com",
  "redfin_agent_name": "Stephen Passarelli",
  "finished_sqft": "",
  "unfinished_sqft": "",
  "total_sqft": "",
  "stories": "4",
  "style": "Townhouse",
  "year_built": "2019",
  "year_renovated": "",
  "county": "Mecklenburg County",
  "APN": "14901360"
}
[2024-05-17T16:38:02.305+0000] {logging_mixin.py:188} INFO - Sending Data to Kafka
[2024-05-17T16:38:02.564+0000] {logging_mixin.py:188} INFO - --------
[2024-05-17T16:38:02.567+0000] {logging_mixin.py:188} INFO - 4
[2024-05-17T16:38:02.571+0000] {logging_mixin.py:188} INFO - Navigating to Listing page: https://www.redfin.com/NC/Charlotte/9819-Avenal-Ln-28270/home/113404883
[2024-05-17T16:38:35.863+0000] {logging_mixin.py:188} INFO - Extracting Pictures
[2024-05-17T16:38:38.008+0000] {logging_mixin.py:188} INFO - Extracting Key Details
[2024-05-17T16:38:39.494+0000] {logging_mixin.py:188} INFO - Extracting Listing Agent Details
[2024-05-17T16:38:40.612+0000] {logging_mixin.py:188} INFO - Extracting Redfin Agent Details
[2024-05-17T16:38:41.475+0000] {logging_mixin.py:188} INFO - Extracting Property Details
[2024-05-17T16:38:43.353+0000] {logging_mixin.py:188} INFO - {
  "address": "9819 Avenal Ln Charlotte NC 28270",
  "price": "1300000",
  "beds": "5",
  "baths": "5",
  "link": "https://www.redfin.com/NC/Charlotte/9819-Avenal-Ln-28270/home/113404883",
  "photos": [
    "https://ssl.cdn-redfin.com/photo/103/bigphoto/468/4141468_0.jpg",
    "https://ssl.cdn-redfin.com/photo/103/mbpaddedwide/468/genMid.4141468_1_0.jpg",
    "https://ssl.cdn-redfin.com/photo/103/mbpaddedwide/468/genMid.4141468_2_0.jpg",
    "https://ssl.cdn-redfin.com/photo/103/mbpaddedwide/468/genMid.4141468_4_0.jpg",
    "https://ssl.cdn-redfin.com/photo/103/mbpaddedwide/468/genMid.4141468_5_0.jpg",
    "https://ssl.cdn-redfin.com/photo/103/bigphoto/468/4141468_3_0.jpg",
    "https://ssl.cdn-redfin.com/photo/103/bigphoto/468/4141468_6_0.jpg",
    "https://ssl.cdn-redfin.com/photo/103/mbpaddedwide/468/genMid.4141468_7_0.jpg",
    "https://ssl.cdn-redfin.com/photo/103/mbpaddedwide/468/genMid.4141468_8_0.jpg",
    "https://ssl.cdn-redfin.com/photo/103/bigphoto/468/4141468_9_0.jpg",
    "https://ssl.cdn-redfin.com/photo/103/bigphoto/468/4141468_15_0.jpg",
    "https://ssl.cdn-redfin.com/photo/103/bigphoto/468/4141468_21_0.jpg",
    "https://ssl.cdn-redfin.com/photo/103/bigphoto/468/4141468_27_0.jpg",
    "https://ssl.cdn-redfin.com/photo/103/bigphoto/468/4141468_33_0.jpg",
    "https://ssl.cdn-redfin.com/photo/103/bigphoto/468/4141468_39_0.jpg"
  ],
  "hoa_fee": "142",
  "buyers_agent_fee": "2.5",
  "listing_agent_name": "Lane Jones",
  "listing_agent_contact": "lane@groupjonesrealty.com",
  "redfin_agent_name": "Jon Bartholomew",
  "finished_sqft": "",
  "unfinished_sqft": "",
  "total_sqft": "",
  "stories": "2",
  "style": "Single Family Residential",
  "year_built": "2017",
  "year_renovated": "",
  "county": "Mecklenburg County",
  "APN": "23102315"
}
[2024-05-17T16:38:43.354+0000] {logging_mixin.py:188} INFO - Sending Data to Kafka
[2024-05-17T16:38:43.539+0000] {logging_mixin.py:188} INFO - --------
[2024-05-17T16:38:43.542+0000] {logging_mixin.py:188} INFO - 5
[2024-05-17T16:38:43.549+0000] {logging_mixin.py:188} INFO - Navigating to Listing page: https://www.redfin.com/NC/Charlotte/13403-Willow-Falls-Rd-28215/home/44186943
[2024-05-17T16:40:56.729+0000] {logging_mixin.py:188} INFO - Traceback (most recent call last):
  File "/opt/***/dags/includes/main.py", line 136, in run
    await page2.wait_for_selector("div[id='photoPreviewButton']", timeout=120000)
  File "/home/***/.local/lib/python3.11/site-packages/playwright/async_api/_generated.py", line 7812, in wait_for_selector
    await self._impl_obj.wait_for_selector(
  File "/home/***/.local/lib/python3.11/site-packages/playwright/_impl/_page.py", line 373, in wait_for_selector
    return await self._main_frame.wait_for_selector(**locals_to_params(locals()))
           ^^^^^^^^^^^^^^^^^^^^^^^^^^^^^^^^^^^^^^^^^^^^^^^^^^^^^^^^^^^^^^^^^^^^^^
  File "/home/***/.local/lib/python3.11/site-packages/playwright/_impl/_frame.py", line 323, in wait_for_selector
    await self._channel.send("waitForSelector", locals_to_params(locals()))
  File "/home/***/.local/lib/python3.11/site-packages/playwright/_impl/_connection.py", line 59, in send
    return await self._connection.wrap_api_call(
           ^^^^^^^^^^^^^^^^^^^^^^^^^^^^^^^^^^^^^
  File "/home/***/.local/lib/python3.11/site-packages/playwright/_impl/_connection.py", line 513, in wrap_api_call
    raise rewrite_error(error, f"{parsed_st['apiName']}: {error}") from None
playwright._impl._errors.TimeoutError: Page.wait_for_selector: Timeout 120000ms exceeded.
Call log:
waiting for locator("div[id='photoPreviewButton']") to be visible
[2024-05-17T16:40:57.124+0000] {python.py:237} INFO - Done. Returned value was: None
[2024-05-17T16:40:57.152+0000] {taskinstance.py:441} INFO - ::group::Post task execution logs
[2024-05-17T16:40:57.280+0000] {taskinstance.py:1206} INFO - Marking task as SUCCESS. dag_id=Webscrape, task_id=Ingest_Data, run_id=manual__2024-05-17T16:35:45.156153+00:00, execution_date=20240517T163545, start_date=20240517T163548, end_date=20240517T164057
[2024-05-17T16:40:57.531+0000] {local_task_job_runner.py:240} INFO - Task exited with return code 0
[2024-05-17T16:40:57.784+0000] {taskinstance.py:3498} INFO - 0 downstream tasks scheduled from follow-on schedule check
[2024-05-17T16:40:57.789+0000] {local_task_job_runner.py:222} INFO - ::endgroup::
