[2024-05-15T22:55:01.849+0000] {local_task_job_runner.py:120} INFO - ::group::Pre task execution logs
[2024-05-15T22:55:01.883+0000] {taskinstance.py:2076} INFO - Dependencies all met for dep_context=non-requeueable deps ti=<TaskInstance: Webscrape.Ingest_Data manual__2024-05-15T22:54:58.947268+00:00 [queued]>
[2024-05-15T22:55:01.888+0000] {taskinstance.py:2076} INFO - Dependencies all met for dep_context=requeueable deps ti=<TaskInstance: Webscrape.Ingest_Data manual__2024-05-15T22:54:58.947268+00:00 [queued]>
[2024-05-15T22:55:01.889+0000] {taskinstance.py:2306} INFO - Starting attempt 1 of 6
[2024-05-15T22:55:01.897+0000] {taskinstance.py:2330} INFO - Executing <Task(PythonOperator): Ingest_Data> on 2024-05-15 22:54:58.947268+00:00
[2024-05-15T22:55:01.922+0000] {standard_task_runner.py:90} INFO - Running: ['***', 'tasks', 'run', 'Webscrape', 'Ingest_Data', 'manual__2024-05-15T22:54:58.947268+00:00', '--job-id', '135', '--raw', '--subdir', 'DAGS_FOLDER/webscrapping.py', '--cfg-path', '/tmp/tmp41djechl']
[2024-05-15T22:55:01.926+0000] {logging_mixin.py:188} WARNING - /home/***/.local/lib/python3.12/site-packages/***/task/task_runner/standard_task_runner.py:61 DeprecationWarning: This process (pid=230) is multi-threaded, use of fork() may lead to deadlocks in the child.
[2024-05-15T22:55:01.929+0000] {standard_task_runner.py:91} INFO - Job 135: Subtask Ingest_Data
[2024-05-15T22:55:01.929+0000] {standard_task_runner.py:63} INFO - Started process 231 to run task
[2024-05-15T22:55:02.021+0000] {task_command.py:426} INFO - Running <TaskInstance: Webscrape.Ingest_Data manual__2024-05-15T22:54:58.947268+00:00 [running]> on host bb5cab9afed7
[2024-05-15T22:55:02.095+0000] {taskinstance.py:2648} INFO - Exporting env vars: AIRFLOW_CTX_DAG_OWNER='svc' AIRFLOW_CTX_DAG_ID='Webscrape' AIRFLOW_CTX_TASK_ID='Ingest_Data' AIRFLOW_CTX_EXECUTION_DATE='2024-05-15T22:54:58.947268+00:00' AIRFLOW_CTX_TRY_NUMBER='1' AIRFLOW_CTX_DAG_RUN_ID='manual__2024-05-15T22:54:58.947268+00:00'
[2024-05-15T22:55:02.096+0000] {taskinstance.py:430} INFO - ::endgroup::
[2024-05-15T22:55:02.128+0000] {conn.py:362} INFO - <BrokerConnection node_id=bootstrap-0 host=kafka:9092 <connecting> [IPv4 ('172.28.0.6', 9092)]>: connecting to kafka:9092 [('172.28.0.6', 9092) IPv4]
[2024-05-15T22:55:02.129+0000] {conn.py:957} INFO - Probing node bootstrap-0 broker version
[2024-05-15T22:55:02.133+0000] {conn.py:393} INFO - <BrokerConnection node_id=bootstrap-0 host=kafka:9092 <connecting> [IPv4 ('172.28.0.6', 9092)]>: Connection complete.
[2024-05-15T22:55:02.243+0000] {conn.py:1019} INFO - Broker version identified as 2.6.0
[2024-05-15T22:55:02.244+0000] {conn.py:1020} INFO - Set configuration api_version=(2, 6, 0) to skip auto check_version requests on startup
[2024-05-15T22:55:02.664+0000] {logging_mixin.py:188} INFO - Connecting to Scraping Browser...
[2024-05-15T22:55:04.609+0000] {logging_mixin.py:188} INFO - Connected! Navigating to https://www.redfin.com...
[2024-05-15T22:55:17.204+0000] {local_task_job_runner.py:310} WARNING - State of this instance has been externally set to failed. Terminating instance.
[2024-05-15T22:55:17.211+0000] {local_task_job_runner.py:222} INFO - ::endgroup::
[2024-05-15T22:55:17.247+0000] {process_utils.py:132} INFO - Sending 15 to group 231. PIDs of all processes in the group: [233, 231]
[2024-05-15T22:55:17.248+0000] {process_utils.py:87} INFO - Sending the signal 15 to group 231
[2024-05-15T22:55:17.249+0000] {taskinstance.py:2611} ERROR - Received SIGTERM. Terminating subprocesses.
[2024-05-15T22:55:17.763+0000] {process_utils.py:80} INFO - Process psutil.Process(pid=233, status='terminated', started='22:55:02') (233) terminated with exit code None
[2024-05-15T22:56:17.286+0000] {process_utils.py:150} WARNING - process psutil.Process(pid=231, name='airflow task ru', status='sleeping', started='22:55:01') did not respond to SIGTERM. Trying SIGKILL
[2024-05-15T22:56:17.297+0000] {process_utils.py:87} INFO - Sending the signal 9 to group 231
[2024-05-15T22:56:17.355+0000] {process_utils.py:80} INFO - Process psutil.Process(pid=231, name='airflow task ru', status='terminated', exitcode=<Negsignal.SIGKILL: -9>, started='22:55:01') (231) terminated with exit code -9
[2024-05-15T22:56:17.357+0000] {standard_task_runner.py:178} ERROR - Job 135 was killed before it finished (likely due to running out of memory)
