[2024-05-15T23:33:33.562+0000] {local_task_job_runner.py:120} INFO - ::group::Pre task execution logs
[2024-05-15T23:33:33.602+0000] {taskinstance.py:2076} INFO - Dependencies all met for dep_context=non-requeueable deps ti=<TaskInstance: Webscrape.Process_Send_Data manual__2024-05-15T23:31:23.075269+00:00 [queued]>
[2024-05-15T23:33:33.609+0000] {taskinstance.py:2076} INFO - Dependencies all met for dep_context=requeueable deps ti=<TaskInstance: Webscrape.Process_Send_Data manual__2024-05-15T23:31:23.075269+00:00 [queued]>
[2024-05-15T23:33:33.609+0000] {taskinstance.py:2306} INFO - Starting attempt 2 of 6
[2024-05-15T23:33:33.619+0000] {taskinstance.py:2330} INFO - Executing <Task(SparkSubmitOperator): Process_Send_Data> on 2024-05-15 23:31:23.075269+00:00
[2024-05-15T23:33:33.625+0000] {standard_task_runner.py:90} INFO - Running: ['***', 'tasks', 'run', 'Webscrape', 'Process_Send_Data', 'manual__2024-05-15T23:31:23.075269+00:00', '--job-id', '152', '--raw', '--subdir', 'DAGS_FOLDER/webscrapping.py', '--cfg-path', '/tmp/tmp54avnm3z']
[2024-05-15T23:33:33.628+0000] {standard_task_runner.py:91} INFO - Job 152: Subtask Process_Send_Data
[2024-05-15T23:33:33.629+0000] {logging_mixin.py:188} WARNING - /home/***/.local/lib/python3.12/site-packages/***/task/task_runner/standard_task_runner.py:61 DeprecationWarning: This process (pid=1372) is multi-threaded, use of fork() may lead to deadlocks in the child.
[2024-05-15T23:33:33.630+0000] {standard_task_runner.py:63} INFO - Started process 1373 to run task
[2024-05-15T23:33:33.676+0000] {task_command.py:426} INFO - Running <TaskInstance: Webscrape.Process_Send_Data manual__2024-05-15T23:31:23.075269+00:00 [running]> on host fb6491796190
[2024-05-15T23:33:33.744+0000] {taskinstance.py:2648} INFO - Exporting env vars: AIRFLOW_CTX_DAG_OWNER='svc' AIRFLOW_CTX_DAG_ID='Webscrape' AIRFLOW_CTX_TASK_ID='Process_Send_Data' AIRFLOW_CTX_EXECUTION_DATE='2024-05-15T23:31:23.075269+00:00' AIRFLOW_CTX_TRY_NUMBER='2' AIRFLOW_CTX_DAG_RUN_ID='manual__2024-05-15T23:31:23.075269+00:00'
[2024-05-15T23:33:33.745+0000] {taskinstance.py:430} INFO - ::endgroup::
[2024-05-15T23:33:33.771+0000] {base.py:84} INFO - Using connection ID 'spark_default' for task execution.
[2024-05-15T23:33:33.772+0000] {spark_submit.py:401} INFO - Spark-Submit cmd: spark-submit --master spark://spark-master:7077 --num-executors 1 --total-executor-cores 1 --executor-cores 1 --executor-memory 2g --driver-memory 2g --name arrow-spark --deploy-mode client dags/includes/jobs/spark_consumer.py
[2024-05-15T23:33:36.067+0000] {spark_submit.py:571} INFO - 24/05/15 23:33:36 INFO SparkContext: Running Spark version 3.5.1
[2024-05-15T23:33:36.070+0000] {spark_submit.py:571} INFO - 24/05/15 23:33:36 INFO SparkContext: OS info Linux, 6.6.26-linuxkit, aarch64
[2024-05-15T23:33:36.070+0000] {spark_submit.py:571} INFO - 24/05/15 23:33:36 INFO SparkContext: Java version 17.0.11
[2024-05-15T23:33:36.096+0000] {spark_submit.py:571} INFO - 24/05/15 23:33:36 WARN NativeCodeLoader: Unable to load native-hadoop library for your platform... using builtin-java classes where applicable
[2024-05-15T23:33:36.154+0000] {spark_submit.py:571} INFO - 24/05/15 23:33:36 INFO ResourceUtils: ==============================================================
[2024-05-15T23:33:36.155+0000] {spark_submit.py:571} INFO - 24/05/15 23:33:36 INFO ResourceUtils: No custom resources configured for spark.driver.
[2024-05-15T23:33:36.155+0000] {spark_submit.py:571} INFO - 24/05/15 23:33:36 INFO ResourceUtils: ==============================================================
[2024-05-15T23:33:36.155+0000] {spark_submit.py:571} INFO - 24/05/15 23:33:36 INFO SparkContext: Submitted application: Redfin_Properties_Consumer
[2024-05-15T23:33:36.166+0000] {spark_submit.py:571} INFO - 24/05/15 23:33:36 INFO ResourceProfile: Default ResourceProfile created, executor resources: Map(cores -> name: cores, amount: 1, script: , vendor: , memory -> name: memory, amount: 2048, script: , vendor: , offHeap -> name: offHeap, amount: 0, script: , vendor: ), task resources: Map(cpus -> name: cpus, amount: 1.0)
[2024-05-15T23:33:36.171+0000] {spark_submit.py:571} INFO - 24/05/15 23:33:36 INFO ResourceProfile: Limiting resource is cpus at 1 tasks per executor
[2024-05-15T23:33:36.172+0000] {spark_submit.py:571} INFO - 24/05/15 23:33:36 INFO ResourceProfileManager: Added ResourceProfile id: 0
[2024-05-15T23:33:36.197+0000] {spark_submit.py:571} INFO - 24/05/15 23:33:36 INFO SecurityManager: Changing view acls to: ***
[2024-05-15T23:33:36.197+0000] {spark_submit.py:571} INFO - 24/05/15 23:33:36 INFO SecurityManager: Changing modify acls to: ***
[2024-05-15T23:33:36.197+0000] {spark_submit.py:571} INFO - 24/05/15 23:33:36 INFO SecurityManager: Changing view acls groups to:
[2024-05-15T23:33:36.198+0000] {spark_submit.py:571} INFO - 24/05/15 23:33:36 INFO SecurityManager: Changing modify acls groups to:
[2024-05-15T23:33:36.198+0000] {spark_submit.py:571} INFO - 24/05/15 23:33:36 INFO SecurityManager: SecurityManager: authentication disabled; ui acls disabled; users with view permissions: ***; groups with view permissions: EMPTY; users with modify permissions: ***; groups with modify permissions: EMPTY
[2024-05-15T23:33:36.353+0000] {spark_submit.py:571} INFO - 24/05/15 23:33:36 INFO Utils: Successfully started service 'sparkDriver' on port 46857.
[2024-05-15T23:33:36.373+0000] {spark_submit.py:571} INFO - 24/05/15 23:33:36 INFO SparkEnv: Registering MapOutputTracker
[2024-05-15T23:33:36.394+0000] {spark_submit.py:571} INFO - 24/05/15 23:33:36 INFO SparkEnv: Registering BlockManagerMaster
[2024-05-15T23:33:36.404+0000] {spark_submit.py:571} INFO - 24/05/15 23:33:36 INFO BlockManagerMasterEndpoint: Using org.apache.spark.storage.DefaultTopologyMapper for getting topology information
[2024-05-15T23:33:36.404+0000] {spark_submit.py:571} INFO - 24/05/15 23:33:36 INFO BlockManagerMasterEndpoint: BlockManagerMasterEndpoint up
[2024-05-15T23:33:36.406+0000] {spark_submit.py:571} INFO - 24/05/15 23:33:36 INFO SparkEnv: Registering BlockManagerMasterHeartbeat
[2024-05-15T23:33:36.419+0000] {spark_submit.py:571} INFO - 24/05/15 23:33:36 INFO DiskBlockManager: Created local directory at /tmp/blockmgr-5848ad3c-5e30-40be-8494-3183c4c110a8
[2024-05-15T23:33:36.425+0000] {spark_submit.py:571} INFO - 24/05/15 23:33:36 INFO MemoryStore: MemoryStore started with capacity 1048.8 MiB
[2024-05-15T23:33:36.434+0000] {spark_submit.py:571} INFO - 24/05/15 23:33:36 INFO SparkEnv: Registering OutputCommitCoordinator
[2024-05-15T23:33:36.499+0000] {spark_submit.py:571} INFO - 24/05/15 23:33:36 INFO JettyUtils: Start Jetty 0.0.0.0:4040 for SparkUI
[2024-05-15T23:33:36.566+0000] {spark_submit.py:571} INFO - 24/05/15 23:33:36 INFO Utils: Successfully started service 'SparkUI' on port 4040.
[2024-05-15T23:33:36.672+0000] {spark_submit.py:571} INFO - 24/05/15 23:33:36 INFO StandaloneAppClient$ClientEndpoint: Connecting to master spark://spark-master:7077...
[2024-05-15T23:33:36.712+0000] {spark_submit.py:571} INFO - 24/05/15 23:33:36 INFO TransportClientFactory: Successfully created connection to spark-master/172.30.0.2:7077 after 18 ms (0 ms spent in bootstraps)
[2024-05-15T23:33:36.818+0000] {spark_submit.py:571} INFO - 24/05/15 23:33:36 INFO StandaloneSchedulerBackend: Connected to Spark cluster with app ID app-20240515233336-0002
[2024-05-15T23:33:36.826+0000] {spark_submit.py:571} INFO - 24/05/15 23:33:36 INFO Utils: Successfully started service 'org.apache.spark.network.netty.NettyBlockTransferService' on port 37421.
[2024-05-15T23:33:36.829+0000] {spark_submit.py:571} INFO - 24/05/15 23:33:36 INFO NettyBlockTransferService: Server created on fb6491796190:37421
[2024-05-15T23:33:36.830+0000] {spark_submit.py:571} INFO - 24/05/15 23:33:36 INFO BlockManager: Using org.apache.spark.storage.RandomBlockReplicationPolicy for block replication policy
[2024-05-15T23:33:36.832+0000] {spark_submit.py:571} INFO - 24/05/15 23:33:36 INFO BlockManagerMaster: Registering BlockManager BlockManagerId(driver, fb6491796190, 37421, None)
[2024-05-15T23:33:36.835+0000] {spark_submit.py:571} INFO - 24/05/15 23:33:36 INFO BlockManagerMasterEndpoint: Registering block manager fb6491796190:37421 with 1048.8 MiB RAM, BlockManagerId(driver, fb6491796190, 37421, None)
[2024-05-15T23:33:36.836+0000] {spark_submit.py:571} INFO - 24/05/15 23:33:36 INFO BlockManagerMaster: Registered BlockManager BlockManagerId(driver, fb6491796190, 37421, None)
[2024-05-15T23:33:36.837+0000] {spark_submit.py:571} INFO - 24/05/15 23:33:36 INFO BlockManager: Initialized BlockManager: BlockManagerId(driver, fb6491796190, 37421, None)
[2024-05-15T23:33:36.948+0000] {spark_submit.py:571} INFO - 24/05/15 23:33:36 INFO StandaloneSchedulerBackend: SchedulerBackend is ready for scheduling beginning after reached minRegisteredResourcesRatio: 0.0
[2024-05-15T23:33:37.160+0000] {spark_submit.py:571} INFO - 24/05/15 23:33:37 INFO SharedState: Setting hive.metastore.warehouse.dir ('null') to the value of spark.sql.warehouse.dir.
[2024-05-15T23:33:37.167+0000] {spark_submit.py:571} INFO - 24/05/15 23:33:37 INFO SharedState: Warehouse path is 'file:/opt/***/spark-warehouse'.
[2024-05-15T23:33:38.185+0000] {spark_submit.py:571} INFO - Traceback (most recent call last):
[2024-05-15T23:33:38.186+0000] {spark_submit.py:571} INFO - File "/opt/***/dags/includes/jobs/spark_consumer.py", line 75, in <module>
[2024-05-15T23:33:38.187+0000] {spark_submit.py:571} INFO - .load())
[2024-05-15T23:33:38.187+0000] {spark_submit.py:571} INFO - ^^^^^^
[2024-05-15T23:33:38.187+0000] {spark_submit.py:571} INFO - File "/home/***/.local/lib/python3.12/site-packages/pyspark/python/lib/pyspark.zip/pyspark/sql/streaming/readwriter.py", line 304, in load
[2024-05-15T23:33:38.187+0000] {spark_submit.py:571} INFO - File "/home/***/.local/lib/python3.12/site-packages/pyspark/python/lib/py4j-0.10.9.7-src.zip/py4j/java_gateway.py", line 1322, in __call__
[2024-05-15T23:33:38.188+0000] {spark_submit.py:571} INFO - File "/home/***/.local/lib/python3.12/site-packages/pyspark/python/lib/pyspark.zip/pyspark/errors/exceptions/captured.py", line 185, in deco
[2024-05-15T23:33:38.191+0000] {spark_submit.py:571} INFO - pyspark.errors.exceptions.captured.AnalysisException: Failed to find data source: kafka. Please deploy the application as per the deployment section of Structured Streaming + Kafka Integration Guide.
[2024-05-15T23:33:38.192+0000] {spark_submit.py:571} INFO - INFO:py4j.clientserver:Closing down clientserver connection
[2024-05-15T23:33:38.295+0000] {spark_submit.py:571} INFO - 24/05/15 23:33:38 INFO SparkContext: Invoking stop() from shutdown hook
[2024-05-15T23:33:38.296+0000] {spark_submit.py:571} INFO - 24/05/15 23:33:38 INFO SparkContext: SparkContext is stopping with exitCode 0.
[2024-05-15T23:33:38.303+0000] {spark_submit.py:571} INFO - 24/05/15 23:33:38 INFO SparkUI: Stopped Spark web UI at http://fb6491796190:4040
[2024-05-15T23:33:38.305+0000] {spark_submit.py:571} INFO - 24/05/15 23:33:38 INFO StandaloneSchedulerBackend: Shutting down all executors
[2024-05-15T23:33:38.307+0000] {spark_submit.py:571} INFO - 24/05/15 23:33:38 INFO StandaloneSchedulerBackend$StandaloneDriverEndpoint: Asking each executor to shut down
[2024-05-15T23:33:38.318+0000] {spark_submit.py:571} INFO - 24/05/15 23:33:38 INFO MapOutputTrackerMasterEndpoint: MapOutputTrackerMasterEndpoint stopped!
[2024-05-15T23:33:38.353+0000] {spark_submit.py:571} INFO - 24/05/15 23:33:38 INFO MemoryStore: MemoryStore cleared
[2024-05-15T23:33:38.354+0000] {spark_submit.py:571} INFO - 24/05/15 23:33:38 INFO BlockManager: BlockManager stopped
[2024-05-15T23:33:38.358+0000] {spark_submit.py:571} INFO - 24/05/15 23:33:38 INFO BlockManagerMaster: BlockManagerMaster stopped
[2024-05-15T23:33:38.360+0000] {spark_submit.py:571} INFO - 24/05/15 23:33:38 INFO OutputCommitCoordinator$OutputCommitCoordinatorEndpoint: OutputCommitCoordinator stopped!
[2024-05-15T23:33:38.376+0000] {spark_submit.py:571} INFO - 24/05/15 23:33:38 INFO SparkContext: Successfully stopped SparkContext
[2024-05-15T23:33:38.377+0000] {spark_submit.py:571} INFO - 24/05/15 23:33:38 INFO ShutdownHookManager: Shutdown hook called
[2024-05-15T23:33:38.377+0000] {spark_submit.py:571} INFO - 24/05/15 23:33:38 INFO ShutdownHookManager: Deleting directory /tmp/spark-6c3164c0-0454-4c08-9e52-b820517ca617
[2024-05-15T23:33:38.386+0000] {spark_submit.py:571} INFO - 24/05/15 23:33:38 INFO ShutdownHookManager: Deleting directory /tmp/spark-9bdca540-e954-473f-ad18-a2d9c97b046b
[2024-05-15T23:33:38.404+0000] {spark_submit.py:571} INFO - 24/05/15 23:33:38 INFO ShutdownHookManager: Deleting directory /tmp/spark-6c3164c0-0454-4c08-9e52-b820517ca617/pyspark-e9d37767-a660-486e-8718-9ca9407dd540
[2024-05-15T23:33:38.449+0000] {taskinstance.py:441} INFO - ::group::Post task execution logs
[2024-05-15T23:33:38.470+0000] {taskinstance.py:2905} ERROR - Task failed with exception
Traceback (most recent call last):
  File "/home/airflow/.local/lib/python3.12/site-packages/airflow/models/taskinstance.py", line 465, in _execute_task
    result = _execute_callable(context=context, **execute_callable_kwargs)
             ^^^^^^^^^^^^^^^^^^^^^^^^^^^^^^^^^^^^^^^^^^^^^^^^^^^^^^^^^^^^^
  File "/home/airflow/.local/lib/python3.12/site-packages/airflow/models/taskinstance.py", line 432, in _execute_callable
    return execute_callable(context=context, **execute_callable_kwargs)
           ^^^^^^^^^^^^^^^^^^^^^^^^^^^^^^^^^^^^^^^^^^^^^^^^^^^^^^^^^^^^
  File "/home/airflow/.local/lib/python3.12/site-packages/airflow/models/baseoperator.py", line 400, in wrapper
    return func(self, *args, **kwargs)
           ^^^^^^^^^^^^^^^^^^^^^^^^^^^
  File "/home/airflow/.local/lib/python3.12/site-packages/airflow/providers/apache/spark/operators/spark_submit.py", line 174, in execute
    self._hook.submit(self.application)
  File "/home/airflow/.local/lib/python3.12/site-packages/airflow/providers/apache/spark/hooks/spark_submit.py", line 502, in submit
    raise AirflowException(
airflow.exceptions.AirflowException: Cannot execute: spark-submit --master spark://spark-master:7077 --num-executors 1 --total-executor-cores 1 --executor-cores 1 --executor-memory 2g --driver-memory 2g --name arrow-spark --deploy-mode client dags/includes/jobs/spark_consumer.py. Error code is: 1.
[2024-05-15T23:33:38.481+0000] {taskinstance.py:1206} INFO - Marking task as UP_FOR_RETRY. dag_id=Webscrape, task_id=Process_Send_Data, run_id=manual__2024-05-15T23:31:23.075269+00:00, execution_date=20240515T233123, start_date=20240515T233333, end_date=20240515T233338
[2024-05-15T23:33:38.502+0000] {standard_task_runner.py:110} ERROR - Failed to execute job 152 for task Process_Send_Data (Cannot execute: spark-submit --master spark://spark-master:7077 --num-executors 1 --total-executor-cores 1 --executor-cores 1 --executor-memory 2g --driver-memory 2g --name arrow-spark --deploy-mode client dags/includes/jobs/spark_consumer.py. Error code is: 1.; 1373)
[2024-05-15T23:33:38.531+0000] {local_task_job_runner.py:240} INFO - Task exited with return code 1
[2024-05-15T23:33:38.552+0000] {taskinstance.py:3498} INFO - 0 downstream tasks scheduled from follow-on schedule check
[2024-05-15T23:33:38.553+0000] {local_task_job_runner.py:222} INFO - ::endgroup::
