[2024-05-15T23:37:46.897+0000] {local_task_job_runner.py:120} INFO - ::group::Pre task execution logs
[2024-05-15T23:37:46.917+0000] {taskinstance.py:2076} INFO - Dependencies all met for dep_context=non-requeueable deps ti=<TaskInstance: Webscrape.Process_Send_Data manual__2024-05-15T23:31:23.075269+00:00 [queued]>
[2024-05-15T23:37:46.921+0000] {taskinstance.py:2076} INFO - Dependencies all met for dep_context=requeueable deps ti=<TaskInstance: Webscrape.Process_Send_Data manual__2024-05-15T23:31:23.075269+00:00 [queued]>
[2024-05-15T23:37:46.921+0000] {taskinstance.py:2306} INFO - Starting attempt 4 of 6
[2024-05-15T23:37:46.927+0000] {taskinstance.py:2330} INFO - Executing <Task(SparkSubmitOperator): Process_Send_Data> on 2024-05-15 23:31:23.075269+00:00
[2024-05-15T23:37:46.944+0000] {logging_mixin.py:188} WARNING - /home/***/.local/lib/python3.12/site-packages/***/task/task_runner/standard_task_runner.py:61 DeprecationWarning: This process (pid=1734) is multi-threaded, use of fork() may lead to deadlocks in the child.
[2024-05-15T23:37:46.942+0000] {standard_task_runner.py:90} INFO - Running: ['***', 'tasks', 'run', 'Webscrape', 'Process_Send_Data', 'manual__2024-05-15T23:31:23.075269+00:00', '--job-id', '154', '--raw', '--subdir', 'DAGS_FOLDER/webscrapping.py', '--cfg-path', '/tmp/tmpv7dg7cwg']
[2024-05-15T23:37:46.945+0000] {standard_task_runner.py:63} INFO - Started process 1735 to run task
[2024-05-15T23:37:46.945+0000] {standard_task_runner.py:91} INFO - Job 154: Subtask Process_Send_Data
[2024-05-15T23:37:46.986+0000] {task_command.py:426} INFO - Running <TaskInstance: Webscrape.Process_Send_Data manual__2024-05-15T23:31:23.075269+00:00 [running]> on host fb6491796190
[2024-05-15T23:37:47.073+0000] {taskinstance.py:2648} INFO - Exporting env vars: AIRFLOW_CTX_DAG_OWNER='svc' AIRFLOW_CTX_DAG_ID='Webscrape' AIRFLOW_CTX_TASK_ID='Process_Send_Data' AIRFLOW_CTX_EXECUTION_DATE='2024-05-15T23:31:23.075269+00:00' AIRFLOW_CTX_TRY_NUMBER='4' AIRFLOW_CTX_DAG_RUN_ID='manual__2024-05-15T23:31:23.075269+00:00'
[2024-05-15T23:37:47.074+0000] {taskinstance.py:430} INFO - ::endgroup::
[2024-05-15T23:37:47.095+0000] {base.py:84} INFO - Using connection ID 'spark_default' for task execution.
[2024-05-15T23:37:47.097+0000] {spark_submit.py:401} INFO - Spark-Submit cmd: spark-submit --master spark://spark-master:7077 --num-executors 1 --total-executor-cores 1 --executor-cores 1 --executor-memory 2g --driver-memory 2g --name arrow-spark --deploy-mode client dags/includes/jobs/spark_consumer.py
[2024-05-15T23:37:51.082+0000] {spark_submit.py:571} INFO - 24/05/15 23:37:51 INFO SparkContext: Running Spark version 3.5.1
[2024-05-15T23:37:51.091+0000] {spark_submit.py:571} INFO - 24/05/15 23:37:51 INFO SparkContext: OS info Linux, 6.6.26-linuxkit, aarch64
[2024-05-15T23:37:51.093+0000] {spark_submit.py:571} INFO - 24/05/15 23:37:51 INFO SparkContext: Java version 17.0.11
[2024-05-15T23:37:51.122+0000] {spark_submit.py:571} INFO - 24/05/15 23:37:51 WARN NativeCodeLoader: Unable to load native-hadoop library for your platform... using builtin-java classes where applicable
[2024-05-15T23:37:51.198+0000] {spark_submit.py:571} INFO - 24/05/15 23:37:51 INFO ResourceUtils: ==============================================================
[2024-05-15T23:37:51.199+0000] {spark_submit.py:571} INFO - 24/05/15 23:37:51 INFO ResourceUtils: No custom resources configured for spark.driver.
[2024-05-15T23:37:51.199+0000] {spark_submit.py:571} INFO - 24/05/15 23:37:51 INFO ResourceUtils: ==============================================================
[2024-05-15T23:37:51.200+0000] {spark_submit.py:571} INFO - 24/05/15 23:37:51 INFO SparkContext: Submitted application: Redfin_Properties_Consumer
[2024-05-15T23:37:51.212+0000] {spark_submit.py:571} INFO - 24/05/15 23:37:51 INFO ResourceProfile: Default ResourceProfile created, executor resources: Map(cores -> name: cores, amount: 1, script: , vendor: , memory -> name: memory, amount: 2048, script: , vendor: , offHeap -> name: offHeap, amount: 0, script: , vendor: ), task resources: Map(cpus -> name: cpus, amount: 1.0)
[2024-05-15T23:37:51.218+0000] {spark_submit.py:571} INFO - 24/05/15 23:37:51 INFO ResourceProfile: Limiting resource is cpus at 1 tasks per executor
[2024-05-15T23:37:51.219+0000] {spark_submit.py:571} INFO - 24/05/15 23:37:51 INFO ResourceProfileManager: Added ResourceProfile id: 0
[2024-05-15T23:37:51.249+0000] {spark_submit.py:571} INFO - 24/05/15 23:37:51 INFO SecurityManager: Changing view acls to: ***
[2024-05-15T23:37:51.250+0000] {spark_submit.py:571} INFO - 24/05/15 23:37:51 INFO SecurityManager: Changing modify acls to: ***
[2024-05-15T23:37:51.251+0000] {spark_submit.py:571} INFO - 24/05/15 23:37:51 INFO SecurityManager: Changing view acls groups to:
[2024-05-15T23:37:51.251+0000] {spark_submit.py:571} INFO - 24/05/15 23:37:51 INFO SecurityManager: Changing modify acls groups to:
[2024-05-15T23:37:51.251+0000] {spark_submit.py:571} INFO - 24/05/15 23:37:51 INFO SecurityManager: SecurityManager: authentication disabled; ui acls disabled; users with view permissions: ***; groups with view permissions: EMPTY; users with modify permissions: ***; groups with modify permissions: EMPTY
[2024-05-15T23:37:51.469+0000] {spark_submit.py:571} INFO - 24/05/15 23:37:51 INFO Utils: Successfully started service 'sparkDriver' on port 44471.
[2024-05-15T23:37:51.491+0000] {spark_submit.py:571} INFO - 24/05/15 23:37:51 INFO SparkEnv: Registering MapOutputTracker
[2024-05-15T23:37:51.520+0000] {spark_submit.py:571} INFO - 24/05/15 23:37:51 INFO SparkEnv: Registering BlockManagerMaster
[2024-05-15T23:37:51.543+0000] {spark_submit.py:571} INFO - 24/05/15 23:37:51 INFO BlockManagerMasterEndpoint: Using org.apache.spark.storage.DefaultTopologyMapper for getting topology information
[2024-05-15T23:37:51.545+0000] {spark_submit.py:571} INFO - 24/05/15 23:37:51 INFO BlockManagerMasterEndpoint: BlockManagerMasterEndpoint up
[2024-05-15T23:37:51.548+0000] {spark_submit.py:571} INFO - 24/05/15 23:37:51 INFO SparkEnv: Registering BlockManagerMasterHeartbeat
[2024-05-15T23:37:51.566+0000] {spark_submit.py:571} INFO - 24/05/15 23:37:51 INFO DiskBlockManager: Created local directory at /tmp/blockmgr-8258c392-ed60-49cd-a303-8a1f4022a6f4
[2024-05-15T23:37:51.576+0000] {spark_submit.py:571} INFO - 24/05/15 23:37:51 INFO MemoryStore: MemoryStore started with capacity 1048.8 MiB
[2024-05-15T23:37:51.587+0000] {spark_submit.py:571} INFO - 24/05/15 23:37:51 INFO SparkEnv: Registering OutputCommitCoordinator
[2024-05-15T23:37:51.673+0000] {spark_submit.py:571} INFO - 24/05/15 23:37:51 INFO JettyUtils: Start Jetty 0.0.0.0:4040 for SparkUI
[2024-05-15T23:37:51.732+0000] {spark_submit.py:571} INFO - 24/05/15 23:37:51 INFO Utils: Successfully started service 'SparkUI' on port 4040.
[2024-05-15T23:37:51.808+0000] {spark_submit.py:571} INFO - 24/05/15 23:37:51 INFO StandaloneAppClient$ClientEndpoint: Connecting to master spark://spark-master:7077...
[2024-05-15T23:37:51.842+0000] {spark_submit.py:571} INFO - 24/05/15 23:37:51 INFO TransportClientFactory: Successfully created connection to spark-master/172.30.0.2:7077 after 19 ms (0 ms spent in bootstraps)
[2024-05-15T23:37:52.072+0000] {spark_submit.py:571} INFO - 24/05/15 23:37:52 INFO StandaloneSchedulerBackend: Connected to Spark cluster with app ID app-20240515233752-0004
[2024-05-15T23:37:52.088+0000] {spark_submit.py:571} INFO - 24/05/15 23:37:52 INFO Utils: Successfully started service 'org.apache.spark.network.netty.NettyBlockTransferService' on port 39239.
[2024-05-15T23:37:52.090+0000] {spark_submit.py:571} INFO - 24/05/15 23:37:52 INFO NettyBlockTransferService: Server created on fb6491796190:39239
[2024-05-15T23:37:52.095+0000] {spark_submit.py:571} INFO - 24/05/15 23:37:52 INFO BlockManager: Using org.apache.spark.storage.RandomBlockReplicationPolicy for block replication policy
[2024-05-15T23:37:52.099+0000] {spark_submit.py:571} INFO - 24/05/15 23:37:52 INFO BlockManagerMaster: Registering BlockManager BlockManagerId(driver, fb6491796190, 39239, None)
[2024-05-15T23:37:52.102+0000] {spark_submit.py:571} INFO - 24/05/15 23:37:52 INFO BlockManagerMasterEndpoint: Registering block manager fb6491796190:39239 with 1048.8 MiB RAM, BlockManagerId(driver, fb6491796190, 39239, None)
[2024-05-15T23:37:52.104+0000] {spark_submit.py:571} INFO - 24/05/15 23:37:52 INFO BlockManagerMaster: Registered BlockManager BlockManagerId(driver, fb6491796190, 39239, None)
[2024-05-15T23:37:52.106+0000] {spark_submit.py:571} INFO - 24/05/15 23:37:52 INFO BlockManager: Initialized BlockManager: BlockManagerId(driver, fb6491796190, 39239, None)
[2024-05-15T23:37:52.277+0000] {spark_submit.py:571} INFO - 24/05/15 23:37:52 INFO StandaloneSchedulerBackend: SchedulerBackend is ready for scheduling beginning after reached minRegisteredResourcesRatio: 0.0
[2024-05-15T23:37:52.633+0000] {spark_submit.py:571} INFO - 24/05/15 23:37:52 INFO SharedState: Setting hive.metastore.warehouse.dir ('null') to the value of spark.sql.warehouse.dir.
[2024-05-15T23:37:52.640+0000] {spark_submit.py:571} INFO - 24/05/15 23:37:52 INFO SharedState: Warehouse path is 'file:/opt/***/spark-warehouse'.
[2024-05-15T23:37:53.442+0000] {spark_submit.py:571} INFO - Traceback (most recent call last):
[2024-05-15T23:37:53.443+0000] {spark_submit.py:571} INFO - File "/opt/***/dags/includes/jobs/spark_consumer.py", line 75, in <module>
[2024-05-15T23:37:53.443+0000] {spark_submit.py:571} INFO - .option('startingOffsets', 'earliest')                                                         # Will need to deduplicate
[2024-05-15T23:37:53.444+0000] {spark_submit.py:571} INFO - ^^^^^^
[2024-05-15T23:37:53.444+0000] {spark_submit.py:571} INFO - File "/home/***/.local/lib/python3.12/site-packages/pyspark/python/lib/pyspark.zip/pyspark/sql/streaming/readwriter.py", line 304, in load
[2024-05-15T23:37:53.444+0000] {spark_submit.py:571} INFO - File "/home/***/.local/lib/python3.12/site-packages/pyspark/python/lib/py4j-0.10.9.7-src.zip/py4j/java_gateway.py", line 1322, in __call__
[2024-05-15T23:37:53.445+0000] {spark_submit.py:571} INFO - File "/home/***/.local/lib/python3.12/site-packages/pyspark/python/lib/pyspark.zip/pyspark/errors/exceptions/captured.py", line 185, in deco
[2024-05-15T23:37:53.448+0000] {spark_submit.py:571} INFO - pyspark.errors.exceptions.captured.AnalysisException: Failed to find data source: kafka. Please deploy the application as per the deployment section of Structured Streaming + Kafka Integration Guide.
[2024-05-15T23:37:53.449+0000] {spark_submit.py:571} INFO - INFO:py4j.clientserver:Closing down clientserver connection
[2024-05-15T23:37:53.584+0000] {spark_submit.py:571} INFO - 24/05/15 23:37:53 INFO SparkContext: Invoking stop() from shutdown hook
[2024-05-15T23:37:53.585+0000] {spark_submit.py:571} INFO - 24/05/15 23:37:53 INFO SparkContext: SparkContext is stopping with exitCode 0.
[2024-05-15T23:37:53.593+0000] {spark_submit.py:571} INFO - 24/05/15 23:37:53 INFO SparkUI: Stopped Spark web UI at http://fb6491796190:4040
[2024-05-15T23:37:53.595+0000] {spark_submit.py:571} INFO - 24/05/15 23:37:53 INFO StandaloneSchedulerBackend: Shutting down all executors
[2024-05-15T23:37:53.598+0000] {spark_submit.py:571} INFO - 24/05/15 23:37:53 INFO StandaloneSchedulerBackend$StandaloneDriverEndpoint: Asking each executor to shut down
[2024-05-15T23:37:53.609+0000] {spark_submit.py:571} INFO - 24/05/15 23:37:53 INFO MapOutputTrackerMasterEndpoint: MapOutputTrackerMasterEndpoint stopped!
[2024-05-15T23:37:53.646+0000] {spark_submit.py:571} INFO - 24/05/15 23:37:53 INFO MemoryStore: MemoryStore cleared
[2024-05-15T23:37:53.648+0000] {spark_submit.py:571} INFO - 24/05/15 23:37:53 INFO BlockManager: BlockManager stopped
[2024-05-15T23:37:53.653+0000] {spark_submit.py:571} INFO - 24/05/15 23:37:53 INFO BlockManagerMaster: BlockManagerMaster stopped
[2024-05-15T23:37:53.657+0000] {spark_submit.py:571} INFO - 24/05/15 23:37:53 INFO OutputCommitCoordinator$OutputCommitCoordinatorEndpoint: OutputCommitCoordinator stopped!
[2024-05-15T23:37:53.682+0000] {spark_submit.py:571} INFO - 24/05/15 23:37:53 INFO SparkContext: Successfully stopped SparkContext
[2024-05-15T23:37:53.683+0000] {spark_submit.py:571} INFO - 24/05/15 23:37:53 INFO ShutdownHookManager: Shutdown hook called
[2024-05-15T23:37:53.684+0000] {spark_submit.py:571} INFO - 24/05/15 23:37:53 INFO ShutdownHookManager: Deleting directory /tmp/spark-d12af262-99a6-457e-bbd8-45ac8b87691c/pyspark-586ad2be-724f-4483-bc85-2d3eb6886917
[2024-05-15T23:37:53.692+0000] {spark_submit.py:571} INFO - 24/05/15 23:37:53 INFO ShutdownHookManager: Deleting directory /tmp/spark-e07000ea-0ec2-4285-b195-1877463be979
[2024-05-15T23:37:53.712+0000] {spark_submit.py:571} INFO - 24/05/15 23:37:53 INFO ShutdownHookManager: Deleting directory /tmp/spark-d12af262-99a6-457e-bbd8-45ac8b87691c
[2024-05-15T23:37:53.757+0000] {taskinstance.py:441} INFO - ::group::Post task execution logs
[2024-05-15T23:37:53.804+0000] {taskinstance.py:2905} ERROR - Task failed with exception
Traceback (most recent call last):
  File "/home/airflow/.local/lib/python3.12/site-packages/airflow/models/taskinstance.py", line 465, in _execute_task
    result = _execute_callable(context=context, **execute_callable_kwargs)
             ^^^^^^^^^^^^^^^^^^^^^^^^^^^^^^^^^^^^^^^^^^^^^^^^^^^^^^^^^^^^^
  File "/home/airflow/.local/lib/python3.12/site-packages/airflow/models/taskinstance.py", line 432, in _execute_callable
    return execute_callable(context=context, **execute_callable_kwargs)
           ^^^^^^^^^^^^^^^^^^^^^^^^^^^^^^^^^^^^^^^^^^^^^^^^^^^^^^^^^^^^
  File "/home/airflow/.local/lib/python3.12/site-packages/airflow/models/baseoperator.py", line 400, in wrapper
    return func(self, *args, **kwargs)
           ^^^^^^^^^^^^^^^^^^^^^^^^^^^
  File "/home/airflow/.local/lib/python3.12/site-packages/airflow/providers/apache/spark/operators/spark_submit.py", line 174, in execute
    self._hook.submit(self.application)
  File "/home/airflow/.local/lib/python3.12/site-packages/airflow/providers/apache/spark/hooks/spark_submit.py", line 502, in submit
    raise AirflowException(
airflow.exceptions.AirflowException: Cannot execute: spark-submit --master spark://spark-master:7077 --num-executors 1 --total-executor-cores 1 --executor-cores 1 --executor-memory 2g --driver-memory 2g --name arrow-spark --deploy-mode client dags/includes/jobs/spark_consumer.py. Error code is: 1.
[2024-05-15T23:37:53.812+0000] {taskinstance.py:1206} INFO - Marking task as UP_FOR_RETRY. dag_id=Webscrape, task_id=Process_Send_Data, run_id=manual__2024-05-15T23:31:23.075269+00:00, execution_date=20240515T233123, start_date=20240515T233746, end_date=20240515T233753
[2024-05-15T23:37:53.828+0000] {standard_task_runner.py:110} ERROR - Failed to execute job 154 for task Process_Send_Data (Cannot execute: spark-submit --master spark://spark-master:7077 --num-executors 1 --total-executor-cores 1 --executor-cores 1 --executor-memory 2g --driver-memory 2g --name arrow-spark --deploy-mode client dags/includes/jobs/spark_consumer.py. Error code is: 1.; 1735)
[2024-05-15T23:37:53.900+0000] {local_task_job_runner.py:240} INFO - Task exited with return code 1
[2024-05-15T23:37:53.941+0000] {taskinstance.py:3498} INFO - 0 downstream tasks scheduled from follow-on schedule check
[2024-05-15T23:37:53.943+0000] {local_task_job_runner.py:222} INFO - ::endgroup::
