[2024-05-15T23:35:40.206+0000] {local_task_job_runner.py:120} INFO - ::group::Pre task execution logs
[2024-05-15T23:35:40.236+0000] {taskinstance.py:2076} INFO - Dependencies all met for dep_context=non-requeueable deps ti=<TaskInstance: Webscrape.Process_Send_Data manual__2024-05-15T23:31:23.075269+00:00 [queued]>
[2024-05-15T23:35:40.240+0000] {taskinstance.py:2076} INFO - Dependencies all met for dep_context=requeueable deps ti=<TaskInstance: Webscrape.Process_Send_Data manual__2024-05-15T23:31:23.075269+00:00 [queued]>
[2024-05-15T23:35:40.240+0000] {taskinstance.py:2306} INFO - Starting attempt 3 of 6
[2024-05-15T23:35:40.246+0000] {taskinstance.py:2330} INFO - Executing <Task(SparkSubmitOperator): Process_Send_Data> on 2024-05-15 23:31:23.075269+00:00
[2024-05-15T23:35:40.262+0000] {logging_mixin.py:188} WARNING - /home/***/.local/lib/python3.12/site-packages/***/task/task_runner/standard_task_runner.py:61 DeprecationWarning: This process (pid=1552) is multi-threaded, use of fork() may lead to deadlocks in the child.
[2024-05-15T23:35:40.257+0000] {standard_task_runner.py:90} INFO - Running: ['***', 'tasks', 'run', 'Webscrape', 'Process_Send_Data', 'manual__2024-05-15T23:31:23.075269+00:00', '--job-id', '153', '--raw', '--subdir', 'DAGS_FOLDER/webscrapping.py', '--cfg-path', '/tmp/tmp43vdjzwx']
[2024-05-15T23:35:40.263+0000] {standard_task_runner.py:63} INFO - Started process 1553 to run task
[2024-05-15T23:35:40.263+0000] {standard_task_runner.py:91} INFO - Job 153: Subtask Process_Send_Data
[2024-05-15T23:35:40.318+0000] {task_command.py:426} INFO - Running <TaskInstance: Webscrape.Process_Send_Data manual__2024-05-15T23:31:23.075269+00:00 [running]> on host fb6491796190
[2024-05-15T23:35:40.384+0000] {taskinstance.py:2648} INFO - Exporting env vars: AIRFLOW_CTX_DAG_OWNER='svc' AIRFLOW_CTX_DAG_ID='Webscrape' AIRFLOW_CTX_TASK_ID='Process_Send_Data' AIRFLOW_CTX_EXECUTION_DATE='2024-05-15T23:31:23.075269+00:00' AIRFLOW_CTX_TRY_NUMBER='3' AIRFLOW_CTX_DAG_RUN_ID='manual__2024-05-15T23:31:23.075269+00:00'
[2024-05-15T23:35:40.385+0000] {taskinstance.py:430} INFO - ::endgroup::
[2024-05-15T23:35:40.400+0000] {base.py:84} INFO - Using connection ID 'spark_default' for task execution.
[2024-05-15T23:35:40.401+0000] {spark_submit.py:401} INFO - Spark-Submit cmd: spark-submit --master spark://spark-master:7077 --num-executors 1 --total-executor-cores 1 --executor-cores 1 --executor-memory 2g --driver-memory 2g --name arrow-spark --deploy-mode client dags/includes/jobs/spark_consumer.py
[2024-05-15T23:35:42.595+0000] {spark_submit.py:571} INFO - 24/05/15 23:35:42 INFO SparkContext: Running Spark version 3.5.1
[2024-05-15T23:35:42.598+0000] {spark_submit.py:571} INFO - 24/05/15 23:35:42 INFO SparkContext: OS info Linux, 6.6.26-linuxkit, aarch64
[2024-05-15T23:35:42.598+0000] {spark_submit.py:571} INFO - 24/05/15 23:35:42 INFO SparkContext: Java version 17.0.11
[2024-05-15T23:35:42.634+0000] {spark_submit.py:571} INFO - 24/05/15 23:35:42 WARN NativeCodeLoader: Unable to load native-hadoop library for your platform... using builtin-java classes where applicable
[2024-05-15T23:35:42.692+0000] {spark_submit.py:571} INFO - 24/05/15 23:35:42 INFO ResourceUtils: ==============================================================
[2024-05-15T23:35:42.695+0000] {spark_submit.py:571} INFO - 24/05/15 23:35:42 INFO ResourceUtils: No custom resources configured for spark.driver.
[2024-05-15T23:35:42.696+0000] {spark_submit.py:571} INFO - 24/05/15 23:35:42 INFO ResourceUtils: ==============================================================
[2024-05-15T23:35:42.696+0000] {spark_submit.py:571} INFO - 24/05/15 23:35:42 INFO SparkContext: Submitted application: Redfin_Properties_Consumer
[2024-05-15T23:35:42.704+0000] {spark_submit.py:571} INFO - 24/05/15 23:35:42 INFO ResourceProfile: Default ResourceProfile created, executor resources: Map(cores -> name: cores, amount: 1, script: , vendor: , memory -> name: memory, amount: 2048, script: , vendor: , offHeap -> name: offHeap, amount: 0, script: , vendor: ), task resources: Map(cpus -> name: cpus, amount: 1.0)
[2024-05-15T23:35:42.713+0000] {spark_submit.py:571} INFO - 24/05/15 23:35:42 INFO ResourceProfile: Limiting resource is cpus at 1 tasks per executor
[2024-05-15T23:35:42.715+0000] {spark_submit.py:571} INFO - 24/05/15 23:35:42 INFO ResourceProfileManager: Added ResourceProfile id: 0
[2024-05-15T23:35:42.744+0000] {spark_submit.py:571} INFO - 24/05/15 23:35:42 INFO SecurityManager: Changing view acls to: ***
[2024-05-15T23:35:42.744+0000] {spark_submit.py:571} INFO - 24/05/15 23:35:42 INFO SecurityManager: Changing modify acls to: ***
[2024-05-15T23:35:42.748+0000] {spark_submit.py:571} INFO - 24/05/15 23:35:42 INFO SecurityManager: Changing view acls groups to:
[2024-05-15T23:35:42.749+0000] {spark_submit.py:571} INFO - 24/05/15 23:35:42 INFO SecurityManager: Changing modify acls groups to:
[2024-05-15T23:35:42.749+0000] {spark_submit.py:571} INFO - 24/05/15 23:35:42 INFO SecurityManager: SecurityManager: authentication disabled; ui acls disabled; users with view permissions: ***; groups with view permissions: EMPTY; users with modify permissions: ***; groups with modify permissions: EMPTY
[2024-05-15T23:35:42.862+0000] {spark_submit.py:571} INFO - 24/05/15 23:35:42 INFO Utils: Successfully started service 'sparkDriver' on port 45255.
[2024-05-15T23:35:42.880+0000] {spark_submit.py:571} INFO - 24/05/15 23:35:42 INFO SparkEnv: Registering MapOutputTracker
[2024-05-15T23:35:42.901+0000] {spark_submit.py:571} INFO - 24/05/15 23:35:42 INFO SparkEnv: Registering BlockManagerMaster
[2024-05-15T23:35:42.910+0000] {spark_submit.py:571} INFO - 24/05/15 23:35:42 INFO BlockManagerMasterEndpoint: Using org.apache.spark.storage.DefaultTopologyMapper for getting topology information
[2024-05-15T23:35:42.910+0000] {spark_submit.py:571} INFO - 24/05/15 23:35:42 INFO BlockManagerMasterEndpoint: BlockManagerMasterEndpoint up
[2024-05-15T23:35:42.912+0000] {spark_submit.py:571} INFO - 24/05/15 23:35:42 INFO SparkEnv: Registering BlockManagerMasterHeartbeat
[2024-05-15T23:35:42.925+0000] {spark_submit.py:571} INFO - 24/05/15 23:35:42 INFO DiskBlockManager: Created local directory at /tmp/blockmgr-c3771691-b771-45df-9867-e1960f9c996b
[2024-05-15T23:35:42.935+0000] {spark_submit.py:571} INFO - 24/05/15 23:35:42 INFO MemoryStore: MemoryStore started with capacity 1048.8 MiB
[2024-05-15T23:35:42.949+0000] {spark_submit.py:571} INFO - 24/05/15 23:35:42 INFO SparkEnv: Registering OutputCommitCoordinator
[2024-05-15T23:35:43.061+0000] {spark_submit.py:571} INFO - 24/05/15 23:35:43 INFO JettyUtils: Start Jetty 0.0.0.0:4040 for SparkUI
[2024-05-15T23:35:43.139+0000] {spark_submit.py:571} INFO - 24/05/15 23:35:43 INFO Utils: Successfully started service 'SparkUI' on port 4040.
[2024-05-15T23:35:43.213+0000] {spark_submit.py:571} INFO - 24/05/15 23:35:43 INFO StandaloneAppClient$ClientEndpoint: Connecting to master spark://spark-master:7077...
[2024-05-15T23:35:43.240+0000] {spark_submit.py:571} INFO - 24/05/15 23:35:43 INFO TransportClientFactory: Successfully created connection to spark-master/172.30.0.2:7077 after 14 ms (0 ms spent in bootstraps)
[2024-05-15T23:35:43.360+0000] {spark_submit.py:571} INFO - 24/05/15 23:35:43 INFO StandaloneSchedulerBackend: Connected to Spark cluster with app ID app-20240515233543-0003
[2024-05-15T23:35:43.375+0000] {spark_submit.py:571} INFO - 24/05/15 23:35:43 INFO Utils: Successfully started service 'org.apache.spark.network.netty.NettyBlockTransferService' on port 39473.
[2024-05-15T23:35:43.379+0000] {spark_submit.py:571} INFO - 24/05/15 23:35:43 INFO NettyBlockTransferService: Server created on fb6491796190:39473
[2024-05-15T23:35:43.381+0000] {spark_submit.py:571} INFO - 24/05/15 23:35:43 INFO BlockManager: Using org.apache.spark.storage.RandomBlockReplicationPolicy for block replication policy
[2024-05-15T23:35:43.387+0000] {spark_submit.py:571} INFO - 24/05/15 23:35:43 INFO BlockManagerMaster: Registering BlockManager BlockManagerId(driver, fb6491796190, 39473, None)
[2024-05-15T23:35:43.391+0000] {spark_submit.py:571} INFO - 24/05/15 23:35:43 INFO BlockManagerMasterEndpoint: Registering block manager fb6491796190:39473 with 1048.8 MiB RAM, BlockManagerId(driver, fb6491796190, 39473, None)
[2024-05-15T23:35:43.394+0000] {spark_submit.py:571} INFO - 24/05/15 23:35:43 INFO BlockManagerMaster: Registered BlockManager BlockManagerId(driver, fb6491796190, 39473, None)
[2024-05-15T23:35:43.394+0000] {spark_submit.py:571} INFO - 24/05/15 23:35:43 INFO BlockManager: Initialized BlockManager: BlockManagerId(driver, fb6491796190, 39473, None)
[2024-05-15T23:35:43.519+0000] {spark_submit.py:571} INFO - 24/05/15 23:35:43 INFO StandaloneSchedulerBackend: SchedulerBackend is ready for scheduling beginning after reached minRegisteredResourcesRatio: 0.0
[2024-05-15T23:35:43.640+0000] {spark_submit.py:571} INFO - 24/05/15 23:35:43 INFO SharedState: Setting hive.metastore.warehouse.dir ('null') to the value of spark.sql.warehouse.dir.
[2024-05-15T23:35:43.644+0000] {spark_submit.py:571} INFO - 24/05/15 23:35:43 INFO SharedState: Warehouse path is 'file:/opt/***/spark-warehouse'.
[2024-05-15T23:35:44.217+0000] {spark_submit.py:571} INFO - Traceback (most recent call last):
[2024-05-15T23:35:44.218+0000] {spark_submit.py:571} INFO - File "/opt/***/dags/includes/jobs/spark_consumer.py", line 75, in <module>
[2024-05-15T23:35:44.218+0000] {spark_submit.py:571} INFO - .load())
[2024-05-15T23:35:44.219+0000] {spark_submit.py:571} INFO - ^^^^^^
[2024-05-15T23:35:44.219+0000] {spark_submit.py:571} INFO - File "/home/***/.local/lib/python3.12/site-packages/pyspark/python/lib/pyspark.zip/pyspark/sql/streaming/readwriter.py", line 304, in load
[2024-05-15T23:35:44.219+0000] {spark_submit.py:571} INFO - File "/home/***/.local/lib/python3.12/site-packages/pyspark/python/lib/py4j-0.10.9.7-src.zip/py4j/java_gateway.py", line 1322, in __call__
[2024-05-15T23:35:44.219+0000] {spark_submit.py:571} INFO - File "/home/***/.local/lib/python3.12/site-packages/pyspark/python/lib/pyspark.zip/pyspark/errors/exceptions/captured.py", line 185, in deco
[2024-05-15T23:35:44.223+0000] {spark_submit.py:571} INFO - pyspark.errors.exceptions.captured.AnalysisException: Failed to find data source: kafka. Please deploy the application as per the deployment section of Structured Streaming + Kafka Integration Guide.
[2024-05-15T23:35:44.226+0000] {spark_submit.py:571} INFO - INFO:py4j.clientserver:Closing down clientserver connection
[2024-05-15T23:35:44.304+0000] {spark_submit.py:571} INFO - 24/05/15 23:35:44 INFO SparkContext: Invoking stop() from shutdown hook
[2024-05-15T23:35:44.306+0000] {spark_submit.py:571} INFO - 24/05/15 23:35:44 INFO SparkContext: SparkContext is stopping with exitCode 0.
[2024-05-15T23:35:44.313+0000] {spark_submit.py:571} INFO - 24/05/15 23:35:44 INFO SparkUI: Stopped Spark web UI at http://fb6491796190:4040
[2024-05-15T23:35:44.316+0000] {spark_submit.py:571} INFO - 24/05/15 23:35:44 INFO StandaloneSchedulerBackend: Shutting down all executors
[2024-05-15T23:35:44.318+0000] {spark_submit.py:571} INFO - 24/05/15 23:35:44 INFO StandaloneSchedulerBackend$StandaloneDriverEndpoint: Asking each executor to shut down
[2024-05-15T23:35:44.328+0000] {spark_submit.py:571} INFO - 24/05/15 23:35:44 INFO MapOutputTrackerMasterEndpoint: MapOutputTrackerMasterEndpoint stopped!
[2024-05-15T23:35:44.348+0000] {spark_submit.py:571} INFO - 24/05/15 23:35:44 INFO MemoryStore: MemoryStore cleared
[2024-05-15T23:35:44.348+0000] {spark_submit.py:571} INFO - 24/05/15 23:35:44 INFO BlockManager: BlockManager stopped
[2024-05-15T23:35:44.351+0000] {spark_submit.py:571} INFO - 24/05/15 23:35:44 INFO BlockManagerMaster: BlockManagerMaster stopped
[2024-05-15T23:35:44.354+0000] {spark_submit.py:571} INFO - 24/05/15 23:35:44 INFO OutputCommitCoordinator$OutputCommitCoordinatorEndpoint: OutputCommitCoordinator stopped!
[2024-05-15T23:35:44.365+0000] {spark_submit.py:571} INFO - 24/05/15 23:35:44 INFO SparkContext: Successfully stopped SparkContext
[2024-05-15T23:35:44.365+0000] {spark_submit.py:571} INFO - 24/05/15 23:35:44 INFO ShutdownHookManager: Shutdown hook called
[2024-05-15T23:35:44.366+0000] {spark_submit.py:571} INFO - 24/05/15 23:35:44 INFO ShutdownHookManager: Deleting directory /tmp/spark-e5d59afb-f354-4f82-8d2d-eead37d6023e
[2024-05-15T23:35:44.373+0000] {spark_submit.py:571} INFO - 24/05/15 23:35:44 INFO ShutdownHookManager: Deleting directory /tmp/spark-b8e427fa-dcb9-483b-a9b6-0625db3b5706/pyspark-2559934a-81bd-4c6b-825a-3a44e56e340d
[2024-05-15T23:35:44.381+0000] {spark_submit.py:571} INFO - 24/05/15 23:35:44 INFO ShutdownHookManager: Deleting directory /tmp/spark-b8e427fa-dcb9-483b-a9b6-0625db3b5706
[2024-05-15T23:35:44.409+0000] {taskinstance.py:441} INFO - ::group::Post task execution logs
[2024-05-15T23:35:44.448+0000] {taskinstance.py:2905} ERROR - Task failed with exception
Traceback (most recent call last):
  File "/home/airflow/.local/lib/python3.12/site-packages/airflow/models/taskinstance.py", line 465, in _execute_task
    result = _execute_callable(context=context, **execute_callable_kwargs)
             ^^^^^^^^^^^^^^^^^^^^^^^^^^^^^^^^^^^^^^^^^^^^^^^^^^^^^^^^^^^^^
  File "/home/airflow/.local/lib/python3.12/site-packages/airflow/models/taskinstance.py", line 432, in _execute_callable
    return execute_callable(context=context, **execute_callable_kwargs)
           ^^^^^^^^^^^^^^^^^^^^^^^^^^^^^^^^^^^^^^^^^^^^^^^^^^^^^^^^^^^^
  File "/home/airflow/.local/lib/python3.12/site-packages/airflow/models/baseoperator.py", line 400, in wrapper
    return func(self, *args, **kwargs)
           ^^^^^^^^^^^^^^^^^^^^^^^^^^^
  File "/home/airflow/.local/lib/python3.12/site-packages/airflow/providers/apache/spark/operators/spark_submit.py", line 174, in execute
    self._hook.submit(self.application)
  File "/home/airflow/.local/lib/python3.12/site-packages/airflow/providers/apache/spark/hooks/spark_submit.py", line 502, in submit
    raise AirflowException(
airflow.exceptions.AirflowException: Cannot execute: spark-submit --master spark://spark-master:7077 --num-executors 1 --total-executor-cores 1 --executor-cores 1 --executor-memory 2g --driver-memory 2g --name arrow-spark --deploy-mode client dags/includes/jobs/spark_consumer.py. Error code is: 1.
[2024-05-15T23:35:44.454+0000] {taskinstance.py:1206} INFO - Marking task as UP_FOR_RETRY. dag_id=Webscrape, task_id=Process_Send_Data, run_id=manual__2024-05-15T23:31:23.075269+00:00, execution_date=20240515T233123, start_date=20240515T233540, end_date=20240515T233544
[2024-05-15T23:35:44.464+0000] {standard_task_runner.py:110} ERROR - Failed to execute job 153 for task Process_Send_Data (Cannot execute: spark-submit --master spark://spark-master:7077 --num-executors 1 --total-executor-cores 1 --executor-cores 1 --executor-memory 2g --driver-memory 2g --name arrow-spark --deploy-mode client dags/includes/jobs/spark_consumer.py. Error code is: 1.; 1553)
[2024-05-15T23:35:44.510+0000] {local_task_job_runner.py:240} INFO - Task exited with return code 1
[2024-05-15T23:35:44.531+0000] {taskinstance.py:3498} INFO - 0 downstream tasks scheduled from follow-on schedule check
[2024-05-15T23:35:44.532+0000] {local_task_job_runner.py:222} INFO - ::endgroup::
