[2024-05-19T00:00:48.000+0000] {local_task_job_runner.py:120} INFO - ::group::Pre task execution logs
[2024-05-19T00:00:48.919+0000] {taskinstance.py:2076} INFO - Dependencies all met for dep_context=non-requeueable deps ti=<TaskInstance: Real_Estate_Webscraping_ETL.Ingest_Data_from_Redfin scheduled__2024-05-18T12:21:00+00:00 [queued]>
[2024-05-19T00:00:48.975+0000] {taskinstance.py:2076} INFO - Dependencies all met for dep_context=requeueable deps ti=<TaskInstance: Real_Estate_Webscraping_ETL.Ingest_Data_from_Redfin scheduled__2024-05-18T12:21:00+00:00 [queued]>
[2024-05-19T00:00:48.986+0000] {taskinstance.py:2306} INFO - Starting attempt 2 of 6
[2024-05-19T00:00:49.231+0000] {taskinstance.py:2330} INFO - Executing <Task(PythonOperator): Ingest_Data_from_Redfin> on 2024-05-18 12:21:00+00:00
[2024-05-19T00:00:49.342+0000] {standard_task_runner.py:63} INFO - Started process 722 to run task
[2024-05-19T00:00:49.658+0000] {standard_task_runner.py:90} INFO - Running: ['***', 'tasks', 'run', 'Real_Estate_Webscraping_ETL', 'Ingest_Data_from_Redfin', 'scheduled__2024-05-18T12:21:00+00:00', '--job-id', '416', '--raw', '--subdir', 'DAGS_FOLDER/webscrapping.py', '--cfg-path', '/tmp/tmpa4s9yrmj']
[2024-05-19T00:00:49.752+0000] {standard_task_runner.py:91} INFO - Job 416: Subtask Ingest_Data_from_Redfin
[2024-05-19T00:00:51.627+0000] {task_command.py:426} INFO - Running <TaskInstance: Real_Estate_Webscraping_ETL.Ingest_Data_from_Redfin scheduled__2024-05-18T12:21:00+00:00 [running]> on host 7879427f0394
[2024-05-19T00:00:53.570+0000] {taskinstance.py:2648} INFO - Exporting env vars: AIRFLOW_CTX_DAG_OWNER='svc' AIRFLOW_CTX_DAG_ID='Real_Estate_Webscraping_ETL' AIRFLOW_CTX_TASK_ID='Ingest_Data_from_Redfin' AIRFLOW_CTX_EXECUTION_DATE='2024-05-18T12:21:00+00:00' AIRFLOW_CTX_TRY_NUMBER='2' AIRFLOW_CTX_DAG_RUN_ID='scheduled__2024-05-18T12:21:00+00:00'
[2024-05-19T00:00:53.781+0000] {taskinstance.py:430} INFO - ::endgroup::
[2024-05-19T00:01:04.754+0000] {conn.py:362} INFO - <BrokerConnection node_id=bootstrap-0 host=kafka:9092 <connecting> [IPv4 ('192.168.48.5', 9092)]>: connecting to kafka:9092 [('192.168.48.5', 9092) IPv4]
[2024-05-19T00:01:04.851+0000] {conn.py:957} INFO - Probing node bootstrap-0 broker version
[2024-05-19T00:01:04.934+0000] {conn.py:393} INFO - <BrokerConnection node_id=bootstrap-0 host=kafka:9092 <connecting> [IPv4 ('192.168.48.5', 9092)]>: Connection complete.
[2024-05-19T00:01:06.150+0000] {conn.py:1019} INFO - Broker version identified as 2.6.0
[2024-05-19T00:01:06.267+0000] {conn.py:1020} INFO - Set configuration api_version=(2, 6, 0) to skip auto check_version requests on startup
[2024-05-19T00:01:31.570+0000] {local_task_job_runner.py:124} ERROR - Received SIGTERM. Terminating subprocesses
[2024-05-19T00:01:33.208+0000] {logging_mixin.py:188} INFO - Connecting to Scraping Browser
[2024-05-19T00:01:33.727+0000] {process_utils.py:132} INFO - Sending 15 to group 722. PIDs of all processes in the group: [812, 722]
[2024-05-19T00:01:33.911+0000] {process_utils.py:87} INFO - Sending the signal 15 to group 722
[2024-05-19T00:01:33.940+0000] {taskinstance.py:2611} ERROR - Received SIGTERM. Terminating subprocesses.
[2024-05-19T00:01:34.455+0000] {taskinstance.py:441} INFO - ::group::Post task execution logs
[2024-05-19T00:01:34.443+0000] {process_utils.py:80} INFO - Process psutil.Process(pid=812, status='terminated', started='00:01:06') (812) terminated with exit code None
[2024-05-19T00:01:40.068+0000] {taskinstance.py:2905} ERROR - Task failed with exception
Traceback (most recent call last):
  File "/home/airflow/.local/lib/python3.11/site-packages/airflow/models/taskinstance.py", line 465, in _execute_task
    result = _execute_callable(context=context, **execute_callable_kwargs)
             ^^^^^^^^^^^^^^^^^^^^^^^^^^^^^^^^^^^^^^^^^^^^^^^^^^^^^^^^^^^^^
  File "/home/airflow/.local/lib/python3.11/site-packages/airflow/models/taskinstance.py", line 432, in _execute_callable
    return execute_callable(context=context, **execute_callable_kwargs)
           ^^^^^^^^^^^^^^^^^^^^^^^^^^^^^^^^^^^^^^^^^^^^^^^^^^^^^^^^^^^^
  File "/home/airflow/.local/lib/python3.11/site-packages/airflow/models/baseoperator.py", line 400, in wrapper
    return func(self, *args, **kwargs)
           ^^^^^^^^^^^^^^^^^^^^^^^^^^^
  File "/home/airflow/.local/lib/python3.11/site-packages/airflow/operators/python.py", line 235, in execute
    return_value = self.execute_callable()
                   ^^^^^^^^^^^^^^^^^^^^^^^
  File "/home/airflow/.local/lib/python3.11/site-packages/airflow/operators/python.py", line 252, in execute_callable
    return self.python_callable(*self.op_args, **self.op_kwargs)
           ^^^^^^^^^^^^^^^^^^^^^^^^^^^^^^^^^^^^^^^^^^^^^^^^^^^^^
  File "/opt/airflow/dags/includes/main.py", line 208, in ingestion_start
    asyncio.run(main())
  File "/usr/local/lib/python3.11/asyncio/runners.py", line 190, in run
    return runner.run(main)
           ^^^^^^^^^^^^^^^^
  File "/usr/local/lib/python3.11/asyncio/runners.py", line 118, in run
    return self._loop.run_until_complete(task)
           ^^^^^^^^^^^^^^^^^^^^^^^^^^^^^^^^^^^
  File "/usr/local/lib/python3.11/asyncio/base_events.py", line 653, in run_until_complete
    return future.result()
           ^^^^^^^^^^^^^^^
  File "/opt/airflow/dags/includes/main.py", line 205, in main
    await run(playwright, producer)
  File "/opt/airflow/dags/includes/main.py", line 95, in run
    browser = await pw.chromium.connect_over_cdp(SBR_WS_CDP)
              ^^^^^^^^^^^^^^^^^^^^^^^^^^^^^^^^^^^^^^^^^^^^^^
  File "/home/airflow/.local/lib/python3.11/site-packages/playwright/async_api/_generated.py", line 14239, in connect_over_cdp
    await self._impl_obj.connect_over_cdp(
  File "/home/airflow/.local/lib/python3.11/site-packages/playwright/_impl/_browser_type.py", line 172, in connect_over_cdp
    response = await self._channel.send_return_as_dict("connectOverCDP", params)
               ^^^^^^^^^^^^^^^^^^^^^^^^^^^^^^^^^^^^^^^^^^^^^^^^^^^^^^^^^^^^^^^^^
  File "/home/airflow/.local/lib/python3.11/site-packages/playwright/_impl/_connection.py", line 64, in send_return_as_dict
    return await self._connection.wrap_api_call(
           ^^^^^^^^^^^^^^^^^^^^^^^^^^^^^^^^^^^^^
  File "/home/airflow/.local/lib/python3.11/site-packages/playwright/_impl/_connection.py", line 507, in wrap_api_call
    st: List[inspect.FrameInfo] = getattr(task, "__pw_stack__", inspect.stack())
                                                                ^^^^^^^^^^^^^^^
  File "/usr/local/lib/python3.11/inspect.py", line 1755, in stack
    return getouterframes(sys._getframe(1), context)
           ^^^^^^^^^^^^^^^^^^^^^^^^^^^^^^^^^^^^^^^^^
  File "/usr/local/lib/python3.11/inspect.py", line 1730, in getouterframes
    traceback_info = getframeinfo(frame, context)
                     ^^^^^^^^^^^^^^^^^^^^^^^^^^^^
  File "/usr/local/lib/python3.11/inspect.py", line 1692, in getframeinfo
    lines, lnum = findsource(frame)
                  ^^^^^^^^^^^^^^^^^
  File "/usr/local/lib/python3.11/inspect.py", line 1077, in findsource
    lines = linecache.getlines(file, module.__dict__)
            ^^^^^^^^^^^^^^^^^^^^^^^^^^^^^^^^^^^^^^^^^
  File "/usr/local/lib/python3.11/linecache.py", line 46, in getlines
    return updatecache(filename, module_globals)
           ^^^^^^^^^^^^^^^^^^^^^^^^^^^^^^^^^^^^^
  File "/usr/local/lib/python3.11/linecache.py", line 137, in updatecache
    lines = fp.readlines()
            ^^^^^^^^^^^^^^
  File "<frozen codecs>", line 319, in decode
  File "/home/airflow/.local/lib/python3.11/site-packages/airflow/models/taskinstance.py", line 2613, in signal_handler
    raise AirflowTaskTerminated("Task received SIGTERM signal")
airflow.exceptions.AirflowTaskTerminated: Task received SIGTERM signal
[2024-05-19T00:01:40.589+0000] {taskinstance.py:1206} INFO - Marking task as UP_FOR_RETRY. dag_id=Real_Estate_Webscraping_ETL, task_id=Ingest_Data_from_Redfin, run_id=scheduled__2024-05-18T12:21:00+00:00, execution_date=20240518T122100, start_date=20240519T000048, end_date=20240519T000140
