[2024-05-15T23:29:46.093+0000] {local_task_job_runner.py:120} INFO - ::group::Pre task execution logs
[2024-05-15T23:29:46.126+0000] {taskinstance.py:2076} INFO - Dependencies all met for dep_context=non-requeueable deps ti=<TaskInstance: Webscrape.Process_Send_Data manual__2024-05-15T23:29:43.905365+00:00 [queued]>
[2024-05-15T23:29:46.133+0000] {taskinstance.py:2076} INFO - Dependencies all met for dep_context=requeueable deps ti=<TaskInstance: Webscrape.Process_Send_Data manual__2024-05-15T23:29:43.905365+00:00 [queued]>
[2024-05-15T23:29:46.133+0000] {taskinstance.py:2306} INFO - Starting attempt 1 of 6
[2024-05-15T23:29:46.142+0000] {taskinstance.py:2330} INFO - Executing <Task(SparkSubmitOperator): Process_Send_Data> on 2024-05-15 23:29:43.905365+00:00
[2024-05-15T23:29:46.162+0000] {standard_task_runner.py:90} INFO - Running: ['***', 'tasks', 'run', 'Webscrape', 'Process_Send_Data', 'manual__2024-05-15T23:29:43.905365+00:00', '--job-id', '150', '--raw', '--subdir', 'DAGS_FOLDER/webscrapping.py', '--cfg-path', '/tmp/tmpd0gg7amg']
[2024-05-15T23:29:46.164+0000] {logging_mixin.py:188} WARNING - /home/***/.local/lib/python3.12/site-packages/***/task/task_runner/standard_task_runner.py:61 DeprecationWarning: This process (pid=1014) is multi-threaded, use of fork() may lead to deadlocks in the child.
[2024-05-15T23:29:46.165+0000] {standard_task_runner.py:91} INFO - Job 150: Subtask Process_Send_Data
[2024-05-15T23:29:46.165+0000] {standard_task_runner.py:63} INFO - Started process 1015 to run task
[2024-05-15T23:29:46.213+0000] {task_command.py:426} INFO - Running <TaskInstance: Webscrape.Process_Send_Data manual__2024-05-15T23:29:43.905365+00:00 [running]> on host fb6491796190
[2024-05-15T23:29:46.298+0000] {taskinstance.py:2648} INFO - Exporting env vars: AIRFLOW_CTX_DAG_OWNER='svc' AIRFLOW_CTX_DAG_ID='Webscrape' AIRFLOW_CTX_TASK_ID='Process_Send_Data' AIRFLOW_CTX_EXECUTION_DATE='2024-05-15T23:29:43.905365+00:00' AIRFLOW_CTX_TRY_NUMBER='1' AIRFLOW_CTX_DAG_RUN_ID='manual__2024-05-15T23:29:43.905365+00:00'
[2024-05-15T23:29:46.300+0000] {taskinstance.py:430} INFO - ::endgroup::
[2024-05-15T23:29:46.320+0000] {base.py:84} INFO - Using connection ID 'spark_default' for task execution.
[2024-05-15T23:29:46.321+0000] {spark_submit.py:401} INFO - Spark-Submit cmd: spark-submit --master spark://spark-master:7077 --num-executors 1 --total-executor-cores 1 --executor-cores 1 --executor-memory 2g --driver-memory 2g --name arrow-spark --deploy-mode client dags/includes/jobs/spark_consumer.py
[2024-05-15T23:29:48.983+0000] {spark_submit.py:571} INFO - 24/05/15 23:29:48 INFO SparkContext: Running Spark version 3.5.1
[2024-05-15T23:29:48.986+0000] {spark_submit.py:571} INFO - 24/05/15 23:29:48 INFO SparkContext: OS info Linux, 6.6.26-linuxkit, aarch64
[2024-05-15T23:29:48.987+0000] {spark_submit.py:571} INFO - 24/05/15 23:29:48 INFO SparkContext: Java version 17.0.11
[2024-05-15T23:29:49.036+0000] {spark_submit.py:571} INFO - 24/05/15 23:29:49 WARN NativeCodeLoader: Unable to load native-hadoop library for your platform... using builtin-java classes where applicable
[2024-05-15T23:29:49.088+0000] {spark_submit.py:571} INFO - 24/05/15 23:29:49 INFO ResourceUtils: ==============================================================
[2024-05-15T23:29:49.089+0000] {spark_submit.py:571} INFO - 24/05/15 23:29:49 INFO ResourceUtils: No custom resources configured for spark.driver.
[2024-05-15T23:29:49.090+0000] {spark_submit.py:571} INFO - 24/05/15 23:29:49 INFO ResourceUtils: ==============================================================
[2024-05-15T23:29:49.090+0000] {spark_submit.py:571} INFO - 24/05/15 23:29:49 INFO SparkContext: Submitted application: Redfin_Properties_Consumer
[2024-05-15T23:29:49.101+0000] {spark_submit.py:571} INFO - 24/05/15 23:29:49 INFO ResourceProfile: Default ResourceProfile created, executor resources: Map(cores -> name: cores, amount: 1, script: , vendor: , memory -> name: memory, amount: 2048, script: , vendor: , offHeap -> name: offHeap, amount: 0, script: , vendor: ), task resources: Map(cpus -> name: cpus, amount: 1.0)
[2024-05-15T23:29:49.107+0000] {spark_submit.py:571} INFO - 24/05/15 23:29:49 INFO ResourceProfile: Limiting resource is cpus at 1 tasks per executor
[2024-05-15T23:29:49.110+0000] {spark_submit.py:571} INFO - 24/05/15 23:29:49 INFO ResourceProfileManager: Added ResourceProfile id: 0
[2024-05-15T23:29:49.137+0000] {spark_submit.py:571} INFO - 24/05/15 23:29:49 INFO SecurityManager: Changing view acls to: ***
[2024-05-15T23:29:49.138+0000] {spark_submit.py:571} INFO - 24/05/15 23:29:49 INFO SecurityManager: Changing modify acls to: ***
[2024-05-15T23:29:49.139+0000] {spark_submit.py:571} INFO - 24/05/15 23:29:49 INFO SecurityManager: Changing view acls groups to:
[2024-05-15T23:29:49.139+0000] {spark_submit.py:571} INFO - 24/05/15 23:29:49 INFO SecurityManager: Changing modify acls groups to:
[2024-05-15T23:29:49.139+0000] {spark_submit.py:571} INFO - 24/05/15 23:29:49 INFO SecurityManager: SecurityManager: authentication disabled; ui acls disabled; users with view permissions: ***; groups with view permissions: EMPTY; users with modify permissions: ***; groups with modify permissions: EMPTY
[2024-05-15T23:29:49.278+0000] {spark_submit.py:571} INFO - 24/05/15 23:29:49 INFO Utils: Successfully started service 'sparkDriver' on port 39085.
[2024-05-15T23:29:49.294+0000] {spark_submit.py:571} INFO - 24/05/15 23:29:49 INFO SparkEnv: Registering MapOutputTracker
[2024-05-15T23:29:49.314+0000] {spark_submit.py:571} INFO - 24/05/15 23:29:49 INFO SparkEnv: Registering BlockManagerMaster
[2024-05-15T23:29:49.325+0000] {spark_submit.py:571} INFO - 24/05/15 23:29:49 INFO BlockManagerMasterEndpoint: Using org.apache.spark.storage.DefaultTopologyMapper for getting topology information
[2024-05-15T23:29:49.325+0000] {spark_submit.py:571} INFO - 24/05/15 23:29:49 INFO BlockManagerMasterEndpoint: BlockManagerMasterEndpoint up
[2024-05-15T23:29:49.328+0000] {spark_submit.py:571} INFO - 24/05/15 23:29:49 INFO SparkEnv: Registering BlockManagerMasterHeartbeat
[2024-05-15T23:29:49.341+0000] {spark_submit.py:571} INFO - 24/05/15 23:29:49 INFO DiskBlockManager: Created local directory at /tmp/blockmgr-d2554639-44cd-4c88-b399-c630f201a043
[2024-05-15T23:29:49.351+0000] {spark_submit.py:571} INFO - 24/05/15 23:29:49 INFO MemoryStore: MemoryStore started with capacity 1048.8 MiB
[2024-05-15T23:29:49.369+0000] {spark_submit.py:571} INFO - 24/05/15 23:29:49 INFO SparkEnv: Registering OutputCommitCoordinator
[2024-05-15T23:29:49.462+0000] {spark_submit.py:571} INFO - 24/05/15 23:29:49 INFO JettyUtils: Start Jetty 0.0.0.0:4040 for SparkUI
[2024-05-15T23:29:49.515+0000] {spark_submit.py:571} INFO - 24/05/15 23:29:49 INFO Utils: Successfully started service 'SparkUI' on port 4040.
[2024-05-15T23:29:49.587+0000] {spark_submit.py:571} INFO - 24/05/15 23:29:49 INFO StandaloneAppClient$ClientEndpoint: Connecting to master spark://spark-master:7077...
[2024-05-15T23:29:49.652+0000] {spark_submit.py:571} INFO - 24/05/15 23:29:49 INFO TransportClientFactory: Successfully created connection to spark-master/172.30.0.2:7077 after 47 ms (0 ms spent in bootstraps)
[2024-05-15T23:29:50.084+0000] {spark_submit.py:571} INFO - 24/05/15 23:29:50 INFO StandaloneSchedulerBackend: Connected to Spark cluster with app ID app-20240515232949-0000
[2024-05-15T23:29:50.093+0000] {spark_submit.py:571} INFO - 24/05/15 23:29:50 INFO Utils: Successfully started service 'org.apache.spark.network.netty.NettyBlockTransferService' on port 34459.
[2024-05-15T23:29:50.094+0000] {spark_submit.py:571} INFO - 24/05/15 23:29:50 INFO NettyBlockTransferService: Server created on fb6491796190:34459
[2024-05-15T23:29:50.098+0000] {spark_submit.py:571} INFO - 24/05/15 23:29:50 INFO BlockManager: Using org.apache.spark.storage.RandomBlockReplicationPolicy for block replication policy
[2024-05-15T23:29:50.106+0000] {spark_submit.py:571} INFO - 24/05/15 23:29:50 INFO BlockManagerMaster: Registering BlockManager BlockManagerId(driver, fb6491796190, 34459, None)
[2024-05-15T23:29:50.115+0000] {spark_submit.py:571} INFO - 24/05/15 23:29:50 INFO BlockManagerMasterEndpoint: Registering block manager fb6491796190:34459 with 1048.8 MiB RAM, BlockManagerId(driver, fb6491796190, 34459, None)
[2024-05-15T23:29:50.117+0000] {spark_submit.py:571} INFO - 24/05/15 23:29:50 INFO BlockManagerMaster: Registered BlockManager BlockManagerId(driver, fb6491796190, 34459, None)
[2024-05-15T23:29:50.121+0000] {spark_submit.py:571} INFO - 24/05/15 23:29:50 INFO BlockManager: Initialized BlockManager: BlockManagerId(driver, fb6491796190, 34459, None)
[2024-05-15T23:29:50.269+0000] {spark_submit.py:571} INFO - 24/05/15 23:29:50 INFO StandaloneSchedulerBackend: SchedulerBackend is ready for scheduling beginning after reached minRegisteredResourcesRatio: 0.0
[2024-05-15T23:29:50.476+0000] {spark_submit.py:571} INFO - 24/05/15 23:29:50 INFO SharedState: Setting hive.metastore.warehouse.dir ('null') to the value of spark.sql.warehouse.dir.
[2024-05-15T23:29:50.485+0000] {spark_submit.py:571} INFO - 24/05/15 23:29:50 INFO SharedState: Warehouse path is 'file:/opt/***/spark-warehouse'.
[2024-05-15T23:29:51.328+0000] {spark_submit.py:571} INFO - Traceback (most recent call last):
[2024-05-15T23:29:51.331+0000] {spark_submit.py:571} INFO - File "/opt/***/dags/includes/jobs/spark_consumer.py", line 75, in <module>
[2024-05-15T23:29:51.331+0000] {spark_submit.py:571} INFO - .load())
[2024-05-15T23:29:51.332+0000] {spark_submit.py:571} INFO - ^^^^^^
[2024-05-15T23:29:51.332+0000] {spark_submit.py:571} INFO - File "/home/***/.local/lib/python3.12/site-packages/pyspark/python/lib/pyspark.zip/pyspark/sql/streaming/readwriter.py", line 304, in load
[2024-05-15T23:29:51.333+0000] {spark_submit.py:571} INFO - File "/home/***/.local/lib/python3.12/site-packages/pyspark/python/lib/py4j-0.10.9.7-src.zip/py4j/java_gateway.py", line 1322, in __call__
[2024-05-15T23:29:51.333+0000] {spark_submit.py:571} INFO - File "/home/***/.local/lib/python3.12/site-packages/pyspark/python/lib/pyspark.zip/pyspark/errors/exceptions/captured.py", line 185, in deco
[2024-05-15T23:29:51.338+0000] {spark_submit.py:571} INFO - pyspark.errors.exceptions.captured.AnalysisException: Failed to find data source: kafka. Please deploy the application as per the deployment section of Structured Streaming + Kafka Integration Guide.
[2024-05-15T23:29:51.339+0000] {spark_submit.py:571} INFO - INFO:py4j.clientserver:Closing down clientserver connection
[2024-05-15T23:29:51.480+0000] {spark_submit.py:571} INFO - 24/05/15 23:29:51 INFO SparkContext: Invoking stop() from shutdown hook
[2024-05-15T23:29:51.482+0000] {spark_submit.py:571} INFO - 24/05/15 23:29:51 INFO SparkContext: SparkContext is stopping with exitCode 0.
[2024-05-15T23:29:51.504+0000] {spark_submit.py:571} INFO - 24/05/15 23:29:51 INFO SparkUI: Stopped Spark web UI at http://fb6491796190:4040
[2024-05-15T23:29:51.509+0000] {spark_submit.py:571} INFO - 24/05/15 23:29:51 INFO StandaloneSchedulerBackend: Shutting down all executors
[2024-05-15T23:29:51.512+0000] {spark_submit.py:571} INFO - 24/05/15 23:29:51 INFO StandaloneSchedulerBackend$StandaloneDriverEndpoint: Asking each executor to shut down
[2024-05-15T23:29:51.525+0000] {spark_submit.py:571} INFO - 24/05/15 23:29:51 INFO MapOutputTrackerMasterEndpoint: MapOutputTrackerMasterEndpoint stopped!
[2024-05-15T23:29:51.563+0000] {spark_submit.py:571} INFO - 24/05/15 23:29:51 INFO MemoryStore: MemoryStore cleared
[2024-05-15T23:29:51.564+0000] {spark_submit.py:571} INFO - 24/05/15 23:29:51 INFO BlockManager: BlockManager stopped
[2024-05-15T23:29:51.570+0000] {spark_submit.py:571} INFO - 24/05/15 23:29:51 INFO BlockManagerMaster: BlockManagerMaster stopped
[2024-05-15T23:29:51.572+0000] {spark_submit.py:571} INFO - 24/05/15 23:29:51 INFO OutputCommitCoordinator$OutputCommitCoordinatorEndpoint: OutputCommitCoordinator stopped!
[2024-05-15T23:29:51.603+0000] {spark_submit.py:571} INFO - 24/05/15 23:29:51 INFO SparkContext: Successfully stopped SparkContext
[2024-05-15T23:29:51.605+0000] {spark_submit.py:571} INFO - 24/05/15 23:29:51 INFO ShutdownHookManager: Shutdown hook called
[2024-05-15T23:29:51.605+0000] {spark_submit.py:571} INFO - 24/05/15 23:29:51 INFO ShutdownHookManager: Deleting directory /tmp/spark-a192c0bf-45b6-4d59-90aa-a04300350111
[2024-05-15T23:29:51.612+0000] {spark_submit.py:571} INFO - 24/05/15 23:29:51 INFO ShutdownHookManager: Deleting directory /tmp/spark-a192c0bf-45b6-4d59-90aa-a04300350111/pyspark-b6a5456b-da2d-4f73-a797-06537111cf4a
[2024-05-15T23:29:51.618+0000] {spark_submit.py:571} INFO - 24/05/15 23:29:51 INFO ShutdownHookManager: Deleting directory /tmp/spark-c0f92595-c87a-4880-9a43-bb0028c6c18f
[2024-05-15T23:29:51.663+0000] {taskinstance.py:441} INFO - ::group::Post task execution logs
[2024-05-15T23:29:51.678+0000] {taskinstance.py:2905} ERROR - Task failed with exception
Traceback (most recent call last):
  File "/home/airflow/.local/lib/python3.12/site-packages/airflow/models/taskinstance.py", line 465, in _execute_task
    result = _execute_callable(context=context, **execute_callable_kwargs)
             ^^^^^^^^^^^^^^^^^^^^^^^^^^^^^^^^^^^^^^^^^^^^^^^^^^^^^^^^^^^^^
  File "/home/airflow/.local/lib/python3.12/site-packages/airflow/models/taskinstance.py", line 432, in _execute_callable
    return execute_callable(context=context, **execute_callable_kwargs)
           ^^^^^^^^^^^^^^^^^^^^^^^^^^^^^^^^^^^^^^^^^^^^^^^^^^^^^^^^^^^^
  File "/home/airflow/.local/lib/python3.12/site-packages/airflow/models/baseoperator.py", line 400, in wrapper
    return func(self, *args, **kwargs)
           ^^^^^^^^^^^^^^^^^^^^^^^^^^^
  File "/home/airflow/.local/lib/python3.12/site-packages/airflow/providers/apache/spark/operators/spark_submit.py", line 174, in execute
    self._hook.submit(self.application)
  File "/home/airflow/.local/lib/python3.12/site-packages/airflow/providers/apache/spark/hooks/spark_submit.py", line 502, in submit
    raise AirflowException(
airflow.exceptions.AirflowException: Cannot execute: spark-submit --master spark://spark-master:7077 --num-executors 1 --total-executor-cores 1 --executor-cores 1 --executor-memory 2g --driver-memory 2g --name arrow-spark --deploy-mode client dags/includes/jobs/spark_consumer.py. Error code is: 1.
[2024-05-15T23:29:51.684+0000] {taskinstance.py:1206} INFO - Marking task as UP_FOR_RETRY. dag_id=Webscrape, task_id=Process_Send_Data, run_id=manual__2024-05-15T23:29:43.905365+00:00, execution_date=20240515T232943, start_date=20240515T232946, end_date=20240515T232951
[2024-05-15T23:29:51.694+0000] {standard_task_runner.py:110} ERROR - Failed to execute job 150 for task Process_Send_Data (Cannot execute: spark-submit --master spark://spark-master:7077 --num-executors 1 --total-executor-cores 1 --executor-cores 1 --executor-memory 2g --driver-memory 2g --name arrow-spark --deploy-mode client dags/includes/jobs/spark_consumer.py. Error code is: 1.; 1015)
[2024-05-15T23:29:51.724+0000] {local_task_job_runner.py:240} INFO - Task exited with return code 1
[2024-05-15T23:29:51.739+0000] {taskinstance.py:3498} INFO - 0 downstream tasks scheduled from follow-on schedule check
[2024-05-15T23:29:51.743+0000] {local_task_job_runner.py:222} INFO - ::endgroup::
