[2024-05-17T21:58:20.671+0000] {local_task_job_runner.py:120} INFO - ::group::Pre task execution logs
[2024-05-17T21:58:20.719+0000] {taskinstance.py:2076} INFO - Dependencies all met for dep_context=non-requeueable deps ti=<TaskInstance: Webscrape.Ingest_Data manual__2024-05-17T21:55:06.823947+00:00 [queued]>
[2024-05-17T21:58:20.725+0000] {taskinstance.py:2076} INFO - Dependencies all met for dep_context=requeueable deps ti=<TaskInstance: Webscrape.Ingest_Data manual__2024-05-17T21:55:06.823947+00:00 [queued]>
[2024-05-17T21:58:20.725+0000] {taskinstance.py:2306} INFO - Starting attempt 2 of 6
[2024-05-17T21:58:20.737+0000] {taskinstance.py:2330} INFO - Executing <Task(PythonOperator): Ingest_Data> on 2024-05-17 21:55:06.823947+00:00
[2024-05-17T21:58:20.754+0000] {standard_task_runner.py:63} INFO - Started process 14190 to run task
[2024-05-17T21:58:20.788+0000] {standard_task_runner.py:90} INFO - Running: ['***', 'tasks', 'run', 'Webscrape', 'Ingest_Data', 'manual__2024-05-17T21:55:06.823947+00:00', '--job-id', '260', '--raw', '--subdir', 'DAGS_FOLDER/webscrapping.py', '--cfg-path', '/tmp/tmpo7_oorcu']
[2024-05-17T21:58:20.813+0000] {standard_task_runner.py:91} INFO - Job 260: Subtask Ingest_Data
[2024-05-17T21:58:21.119+0000] {task_command.py:426} INFO - Running <TaskInstance: Webscrape.Ingest_Data manual__2024-05-17T21:55:06.823947+00:00 [running]> on host 3e429f118033
[2024-05-17T21:58:21.386+0000] {taskinstance.py:2648} INFO - Exporting env vars: AIRFLOW_CTX_DAG_OWNER='svc' AIRFLOW_CTX_DAG_ID='Webscrape' AIRFLOW_CTX_TASK_ID='Ingest_Data' AIRFLOW_CTX_EXECUTION_DATE='2024-05-17T21:55:06.823947+00:00' AIRFLOW_CTX_TRY_NUMBER='2' AIRFLOW_CTX_DAG_RUN_ID='manual__2024-05-17T21:55:06.823947+00:00'
[2024-05-17T21:58:21.390+0000] {taskinstance.py:430} INFO - ::endgroup::
[2024-05-17T21:58:21.475+0000] {conn.py:362} INFO - <BrokerConnection node_id=bootstrap-0 host=kafka:9092 <connecting> [IPv4 ('172.24.0.6', 9092)]>: connecting to kafka:9092 [('172.24.0.6', 9092) IPv4]
[2024-05-17T21:58:21.476+0000] {conn.py:957} INFO - Probing node bootstrap-0 broker version
[2024-05-17T21:58:21.477+0000] {conn.py:393} INFO - <BrokerConnection node_id=bootstrap-0 host=kafka:9092 <connecting> [IPv4 ('172.24.0.6', 9092)]>: Connection complete.
[2024-05-17T21:58:21.584+0000] {conn.py:1019} INFO - Broker version identified as 2.6.0
[2024-05-17T21:58:21.585+0000] {conn.py:1020} INFO - Set configuration api_version=(2, 6, 0) to skip auto check_version requests on startup
[2024-05-17T21:58:22.755+0000] {logging_mixin.py:188} INFO - Connecting to Scraping Browser...
[2024-05-17T21:58:25.099+0000] {logging_mixin.py:188} INFO - Connected! Navigating to https://www.redfin.com...
[2024-05-17T21:58:36.486+0000] {logging_mixin.py:188} INFO - Searching...
[2024-05-17T21:58:40.171+0000] {logging_mixin.py:188} INFO - --------
[2024-05-17T21:58:40.173+0000] {logging_mixin.py:188} INFO - 1
[2024-05-17T21:58:40.174+0000] {logging_mixin.py:188} INFO - Navigating to Listing page: https://www.redfin.com/CA/San-Francisco/1458-Hudson-Ave-94124/home/748039
[2024-05-17T21:59:04.321+0000] {logging_mixin.py:188} INFO - Extracting Pictures
[2024-05-17T21:59:06.715+0000] {logging_mixin.py:188} INFO - Extracting Key Details
[2024-05-17T21:59:09.476+0000] {logging_mixin.py:188} INFO - Extracting Listing Agent Details
[2024-05-17T21:59:10.257+0000] {logging_mixin.py:188} INFO - Extracting Redfin Agent Details
[2024-05-17T21:59:10.818+0000] {logging_mixin.py:188} INFO - Extracting Property Details
[2024-05-17T21:59:13.092+0000] {logging_mixin.py:188} INFO - {
  "address": "1458 Hudson Ave San Francisco CA 94124",
  "price": "1467000",
  "beds": "3",
  "baths": "2",
  "link": "https://www.redfin.com/CA/San-Francisco/1458-Hudson-Ave-94124/home/748039",
  "photos": [
    "https://ssl.cdn-redfin.com/system_files/media/919744_JPG/item_10.jpg",
    "https://ssl.cdn-redfin.com/system_files/media/919744_JPG/genLdpUgcMediaBrowserUrl/item_1.jpg",
    "https://my.matterport.com/api/v2/player/models/FY2mXyHjhmb/thumb",
    "https://ssl.cdn-redfin.com/system_files/media/919744_JPG/genLdpUgcMediaBrowserUrl/item_11.jpg",
    "https://ssl.cdn-redfin.com/system_files/media/919744_JPG/genLdpUgcMediaBrowserUrl/item_8.jpg",
    "https://ssl.cdn-redfin.com/system_files/media/919744_JPG/item_2.jpg",
    "https://ssl.cdn-redfin.com/system_files/media/919744_JPG/item_4.jpg",
    "https://ssl.cdn-redfin.com/system_files/media/919744_JPG/item_15.jpg",
    "https://ssl.cdn-redfin.com/system_files/media/919744_JPG/item_16.jpg",
    "https://ssl.cdn-redfin.com/system_files/media/919744_JPG/item_28.jpg",
    "https://ssl.cdn-redfin.com/system_files/media/919744_JPG/item_32.jpg",
    "https://ssl.cdn-redfin.com/system_files/media/919744_JPG/item_29.jpg",
    "https://ssl.cdn-redfin.com/system_files/media/919744_JPG/item_48.jpg",
    "https://ssl.cdn-redfin.com/system_files/media/919744_JPG/item_51.jpg",
    "https://ssl.cdn-redfin.com/system_files/media/919744_JPG/item_58.jpg",
    "https://ssl.cdn-redfin.com/system_files/media/919744_JPG/item_63.jpg"
  ],
  "hoa_fee": "",
  "buyers_agent_fee": "2",
  "listing_agent_name": "Michael Sommers",
  "listing_agent_contact": "",
  "redfin_agent_name": "Michael Sommers",
  "finished_sqft": "",
  "unfinished_sqft": "",
  "total_sqft": "1162",
  "stories": "1",
  "style": "Single Family Residential",
  "year_built": "1941",
  "year_renovated": "",
  "county": "San Francisco County",
  "APN": "5255009"
}
[2024-05-17T21:59:13.095+0000] {logging_mixin.py:188} INFO - Sending Data to Kafka
[2024-05-17T21:59:13.110+0000] {conn.py:362} INFO - <BrokerConnection node_id=1 host=kafka:9092 <connecting> [IPv4 ('172.24.0.6', 9092)]>: connecting to kafka:9092 [('172.24.0.6', 9092) IPv4]
[2024-05-17T21:59:13.116+0000] {conn.py:393} INFO - <BrokerConnection node_id=1 host=kafka:9092 <connecting> [IPv4 ('172.24.0.6', 9092)]>: Connection complete.
[2024-05-17T21:59:13.120+0000] {conn.py:673} INFO - <BrokerConnection node_id=bootstrap-0 host=kafka:9092 <connected> [IPv4 ('172.24.0.6', 9092)]>: Closing connection. 
[2024-05-17T21:59:13.206+0000] {logging_mixin.py:188} INFO - --------
[2024-05-17T21:59:13.207+0000] {logging_mixin.py:188} INFO - 2
[2024-05-17T21:59:13.208+0000] {logging_mixin.py:188} INFO - Navigating to Listing page: https://www.redfin.com/CA/San-Francisco/492-Bartlett-St-94110/home/1843033
[2024-05-17T21:59:29.318+0000] {logging_mixin.py:188} INFO - Extracting Pictures
[2024-05-17T21:59:31.677+0000] {logging_mixin.py:188} INFO - Extracting Key Details
[2024-05-17T21:59:33.118+0000] {logging_mixin.py:188} INFO - Extracting Listing Agent Details
[2024-05-17T21:59:34.023+0000] {logging_mixin.py:188} INFO - Extracting Redfin Agent Details
[2024-05-17T21:59:34.842+0000] {logging_mixin.py:188} INFO - Extracting Property Details
[2024-05-17T21:59:36.683+0000] {logging_mixin.py:188} INFO - {
  "address": "492 Bartlett St San Francisco CA 94110",
  "price": "1369900",
  "beds": "0",
  "baths": "\u2014",
  "link": "https://www.redfin.com/CA/San-Francisco/492-Bartlett-St-94110/home/1843033",
  "photos": [
    "https://ssl.cdn-redfin.com/photo/9/bigphoto/154/424034154_0.jpg",
    "https://ssl.cdn-redfin.com/photo/9/mbpaddedwide/154/genMid.424034154_1_0.jpg",
    "https://ssl.cdn-redfin.com/photo/9/mbpaddedwide/154/genMid.424034154_4_0.jpg",
    "https://ssl.cdn-redfin.com/photo/9/mbpaddedwide/154/genMid.424034154_3_0.jpg",
    "https://ssl.cdn-redfin.com/photo/9/mbpaddedwide/154/genMid.424034154_4_0.jpg",
    "https://ssl.cdn-redfin.com/photo/9/bigphoto/154/424034154_2_0.jpg",
    "https://ssl.cdn-redfin.com/photo/9/bigphoto/154/424034154_8_0.jpg",
    "https://ssl.cdn-redfin.com/photo/9/bigphoto/154/424034154_14_0.jpg",
    "https://ssl.cdn-redfin.com/photo/9/bigphoto/154/424034154_20_0.jpg",
    "https://ssl.cdn-redfin.com/photo/9/bigphoto/154/424034154_26_0.jpg"
  ],
  "hoa_fee": "",
  "buyers_agent_fee": "",
  "listing_agent_name": "Anh Pham",
  "listing_agent_contact": "",
  "redfin_agent_name": "Anthony Torres",
  "finished_sqft": "",
  "unfinished_sqft": "",
  "total_sqft": "2552",
  "stories": "2",
  "style": "Multi-Family (2-4 Unit)",
  "year_built": "1900",
  "year_renovated": "",
  "county": "San Francisco County",
  "APN": "6530011"
}
[2024-05-17T21:59:36.687+0000] {logging_mixin.py:188} INFO - Sending Data to Kafka
[2024-05-17T21:59:36.920+0000] {logging_mixin.py:188} INFO - --------
[2024-05-17T21:59:36.921+0000] {logging_mixin.py:188} INFO - 3
[2024-05-17T21:59:36.923+0000] {logging_mixin.py:188} INFO - Navigating to Listing page: https://www.redfin.com/CA/San-Francisco/403-Main-St-94105/unit-409N/home/1950222
[2024-05-17T21:59:57.926+0000] {logging_mixin.py:188} INFO - Extracting Pictures
[2024-05-17T21:59:59.547+0000] {logging_mixin.py:188} INFO - Extracting Key Details
[2024-05-17T22:00:00.671+0000] {logging_mixin.py:188} INFO - Extracting Listing Agent Details
[2024-05-17T22:00:01.483+0000] {logging_mixin.py:188} INFO - Extracting Redfin Agent Details
[2024-05-17T22:00:02.103+0000] {logging_mixin.py:188} INFO - Extracting Property Details
[2024-05-17T22:00:03.605+0000] {logging_mixin.py:188} INFO - {
  "address": "403 Main St Unit 409N San Francisco CA 94105",
  "price": "815000",
  "beds": "1",
  "baths": "1",
  "link": "https://www.redfin.com/CA/San-Francisco/403-Main-St-94105/unit-409N/home/1950222",
  "photos": [
    "https://ssl.cdn-redfin.com/photo/77/bigphoto/031/424034031_0.jpg",
    "https://ssl.cdn-redfin.com/photo/77/mbpaddedwide/031/genMid.424034031_1_0.jpg",
    "https://ssl.cdn-redfin.com/photo/77/mbpaddedwide/031/genMid.424034031_2_0.jpg",
    "https://ssl.cdn-redfin.com/photo/77/mbpaddedwide/031/genMid.424034031_4_0.jpg",
    "https://ssl.cdn-redfin.com/photo/77/mbpaddedwide/031/genMid.424034031_5_0.jpg",
    "https://ssl.cdn-redfin.com/photo/77/bigphoto/031/424034031_3_0.jpg",
    "https://ssl.cdn-redfin.com/photo/77/bigphoto/031/424034031_9_0.jpg",
    "https://ssl.cdn-redfin.com/photo/77/bigphoto/031/424034031_15_0.jpg"
  ],
  "hoa_fee": "847",
  "buyers_agent_fee": "2.5",
  "listing_agent_name": "Donny Piwowarski",
  "listing_agent_contact": "",
  "redfin_agent_name": "Anthony Torres",
  "finished_sqft": "",
  "unfinished_sqft": "",
  "total_sqft": "814",
  "stories": "1",
  "style": "Condo/Co-op",
  "year_built": "1997",
  "year_renovated": "",
  "county": "San Francisco County",
  "APN": "3768205"
}
[2024-05-17T22:00:03.608+0000] {logging_mixin.py:188} INFO - Sending Data to Kafka
[2024-05-17T22:00:03.847+0000] {logging_mixin.py:188} INFO - --------
[2024-05-17T22:00:03.847+0000] {logging_mixin.py:188} INFO - 4
[2024-05-17T22:00:03.850+0000] {logging_mixin.py:188} INFO - Navigating to Listing page: https://www.redfin.com/CA/San-Francisco/194-196-27th-St-94110/home/190850559
[2024-05-17T22:00:23.107+0000] {logging_mixin.py:188} INFO - Extracting Pictures
[2024-05-17T22:00:25.539+0000] {logging_mixin.py:188} INFO - Extracting Key Details
[2024-05-17T22:00:26.397+0000] {logging_mixin.py:188} INFO - Extracting Listing Agent Details
[2024-05-17T22:00:27.143+0000] {logging_mixin.py:188} INFO - Extracting Redfin Agent Details
[2024-05-17T22:00:27.731+0000] {logging_mixin.py:188} INFO - Extracting Property Details
[2024-05-17T22:00:29.346+0000] {logging_mixin.py:188} INFO - {
  "address": "194 - 196 27th St San Francisco CA 94110",
  "price": "1848000",
  "beds": "4",
  "baths": "4",
  "link": "https://www.redfin.com/CA/San-Francisco/194-196-27th-St-94110/home/190850559",
  "photos": [
    "https://ssl.cdn-redfin.com/photo/9/bigphoto/039/424031039_0.jpg",
    "https://ssl.cdn-redfin.com/photo/9/mbpaddedwide/039/genMid.424031039_1_0.jpg",
    "https://ssl.cdn-redfin.com/photo/9/mbpaddedwide/039/genMid.424031039_4_0.jpg",
    "https://ssl.cdn-redfin.com/photo/9/mbpaddedwide/039/genMid.424031039_3_0.jpg",
    "https://ssl.cdn-redfin.com/photo/9/mbpaddedwide/039/genMid.424031039_4_0.jpg",
    "https://ssl.cdn-redfin.com/photo/9/bigphoto/039/424031039_2_0.jpg",
    "https://ssl.cdn-redfin.com/photo/9/bigphoto/039/424031039_8_0.jpg",
    "https://ssl.cdn-redfin.com/photo/9/bigphoto/039/424031039_14_0.jpg",
    "https://ssl.cdn-redfin.com/photo/9/bigphoto/039/424031039_20_0.jpg",
    "https://ssl.cdn-redfin.com/photo/9/bigphoto/039/424031039_26_0.jpg",
    "https://ssl.cdn-redfin.com/photo/9/bigphoto/039/424031039_32_0.jpg",
    "https://ssl.cdn-redfin.com/photo/9/bigphoto/039/424031039_38_0.jpg",
    "https://ssl.cdn-redfin.com/photo/9/bigphoto/039/424031039_44_0.jpg",
    "https://ssl.cdn-redfin.com/photo/9/bigphoto/039/424031039_50_0.jpg",
    "https://ssl.cdn-redfin.com/photo/9/bigphoto/039/424031039_56_0.jpg",
    "https://ssl.cdn-redfin.com/photo/9/bigphoto/039/424031039_62_0.jpg"
  ],
  "hoa_fee": "",
  "buyers_agent_fee": "",
  "listing_agent_name": "Todd Montgomery",
  "listing_agent_contact": "",
  "redfin_agent_name": "Anthony Torres",
  "finished_sqft": "",
  "unfinished_sqft": "",
  "total_sqft": "",
  "stories": "",
  "style": "Multi-Family (2-4 Unit)",
  "year_built": "",
  "year_renovated": "",
  "county": "San Francisco County",
  "APN": "6577027"
}
[2024-05-17T22:00:29.349+0000] {logging_mixin.py:188} INFO - Sending Data to Kafka
[2024-05-17T22:00:29.537+0000] {logging_mixin.py:188} INFO - --------
[2024-05-17T22:00:29.537+0000] {logging_mixin.py:188} INFO - 5
[2024-05-17T22:00:29.540+0000] {logging_mixin.py:188} INFO - Navigating to Listing page: https://www.redfin.com/CA/San-Francisco/194-27th-St-94110/home/1891070
[2024-05-17T22:00:46.167+0000] {logging_mixin.py:188} INFO - Extracting Pictures
[2024-05-17T22:00:50.753+0000] {logging_mixin.py:188} INFO - Extracting Key Details
[2024-05-17T22:00:51.418+0000] {logging_mixin.py:188} INFO - Extracting Listing Agent Details
[2024-05-17T22:00:52.310+0000] {logging_mixin.py:188} INFO - Extracting Redfin Agent Details
[2024-05-17T22:00:52.740+0000] {logging_mixin.py:188} INFO - Extracting Property Details
[2024-05-17T22:00:54.361+0000] {logging_mixin.py:188} INFO - {
  "address": "194 27th St San Francisco CA 94110",
  "price": "999000",
  "beds": "2",
  "baths": "2",
  "link": "https://www.redfin.com/CA/San-Francisco/194-27th-St-94110/home/1891070",
  "photos": [
    "https://ssl.cdn-redfin.com/photo/9/bigphoto/044/424031044_0.jpg",
    "https://ssl.cdn-redfin.com/photo/9/mbpaddedwide/044/genMid.424031044_1_0.jpg",
    "https://ssl.cdn-redfin.com/photo/9/mbpaddedwide/044/genMid.424031044_4_0.jpg",
    "https://ssl.cdn-redfin.com/photo/9/mbpaddedwide/044/genMid.424031044_3_0.jpg",
    "https://ssl.cdn-redfin.com/photo/9/mbpaddedwide/044/genMid.424031044_4_0.jpg",
    "https://ssl.cdn-redfin.com/photo/9/bigphoto/044/424031044_2_0.jpg",
    "https://ssl.cdn-redfin.com/photo/9/bigphoto/044/424031044_8_0.jpg",
    "https://ssl.cdn-redfin.com/photo/9/bigphoto/044/424031044_14_0.jpg",
    "https://ssl.cdn-redfin.com/photo/9/bigphoto/044/424031044_20_0.jpg",
    "https://ssl.cdn-redfin.com/photo/9/bigphoto/044/424031044_26_0.jpg",
    "https://ssl.cdn-redfin.com/photo/9/bigphoto/044/424031044_32_0.jpg",
    "https://ssl.cdn-redfin.com/photo/9/bigphoto/044/424031044_38_0.jpg",
    "https://ssl.cdn-redfin.com/photo/9/bigphoto/044/424031044_44_0.jpg"
  ],
  "hoa_fee": "",
  "buyers_agent_fee": "",
  "listing_agent_name": "Todd Montgomery",
  "listing_agent_contact": "",
  "redfin_agent_name": "Anthony Torres",
  "finished_sqft": "",
  "unfinished_sqft": "",
  "total_sqft": "1980",
  "stories": "2",
  "style": "Multi-Family (2-4 Unit)",
  "year_built": "1900",
  "year_renovated": "",
  "county": "San Francisco County",
  "APN": "6577027"
}
[2024-05-17T22:00:54.364+0000] {logging_mixin.py:188} INFO - Sending Data to Kafka
[2024-05-17T22:00:54.476+0000] {logging_mixin.py:188} INFO - --------
[2024-05-17T22:00:54.476+0000] {logging_mixin.py:188} INFO - 6
[2024-05-17T22:00:54.478+0000] {logging_mixin.py:188} INFO - Navigating to Listing page: https://www.redfin.com/CA/San-Francisco/196-27th-St-94110/home/179358923
[2024-05-17T22:01:20.667+0000] {logging_mixin.py:188} INFO - Extracting Pictures
[2024-05-17T22:01:31.509+0000] {local_task_job_runner.py:310} WARNING - State of this instance has been externally set to failed. Terminating instance.
[2024-05-17T22:01:31.574+0000] {local_task_job_runner.py:222} INFO - ::endgroup::
[2024-05-17T22:01:31.615+0000] {process_utils.py:132} INFO - Sending 15 to group 14190. PIDs of all processes in the group: [14192, 14190]
[2024-05-17T22:01:31.619+0000] {process_utils.py:87} INFO - Sending the signal 15 to group 14190
[2024-05-17T22:01:31.625+0000] {taskinstance.py:2611} ERROR - Received SIGTERM. Terminating subprocesses.
[2024-05-17T22:01:31.683+0000] {process_utils.py:80} INFO - Process psutil.Process(pid=14192, status='terminated', started='21:58:20') (14192) terminated with exit code None
[2024-05-17T22:02:31.661+0000] {process_utils.py:150} WARNING - process psutil.Process(pid=14190, name='airflow task ru', status='sleeping', started='21:58:19') did not respond to SIGTERM. Trying SIGKILL
[2024-05-17T22:02:31.746+0000] {process_utils.py:87} INFO - Sending the signal 9 to group 14190
[2024-05-17T22:02:31.810+0000] {process_utils.py:80} INFO - Process psutil.Process(pid=14190, name='airflow task ru', status='terminated', exitcode=<Negsignal.SIGKILL: -9>, started='21:58:19') (14190) terminated with exit code -9
[2024-05-17T22:02:31.818+0000] {standard_task_runner.py:178} ERROR - Job 260 was killed before it finished (likely due to running out of memory)
