[2024-05-17T21:08:01.982+0000] {local_task_job_runner.py:120} INFO - ::group::Pre task execution logs
[2024-05-17T21:08:02.021+0000] {taskinstance.py:2076} INFO - Dependencies all met for dep_context=non-requeueable deps ti=<TaskInstance: Webscrape.Ingest_Data manual__2024-05-17T21:05:40.347102+00:00 [queued]>
[2024-05-17T21:08:02.026+0000] {taskinstance.py:2076} INFO - Dependencies all met for dep_context=requeueable deps ti=<TaskInstance: Webscrape.Ingest_Data manual__2024-05-17T21:05:40.347102+00:00 [queued]>
[2024-05-17T21:08:02.027+0000] {taskinstance.py:2306} INFO - Starting attempt 2 of 6
[2024-05-17T21:08:02.036+0000] {taskinstance.py:2330} INFO - Executing <Task(PythonOperator): Ingest_Data> on 2024-05-17 21:05:40.347102+00:00
[2024-05-17T21:08:02.044+0000] {standard_task_runner.py:63} INFO - Started process 10692 to run task
[2024-05-17T21:08:02.055+0000] {standard_task_runner.py:90} INFO - Running: ['***', 'tasks', 'run', 'Webscrape', 'Ingest_Data', 'manual__2024-05-17T21:05:40.347102+00:00', '--job-id', '239', '--raw', '--subdir', 'DAGS_FOLDER/webscrapping.py', '--cfg-path', '/tmp/tmpkfsr7zpe']
[2024-05-17T21:08:02.066+0000] {standard_task_runner.py:91} INFO - Job 239: Subtask Ingest_Data
[2024-05-17T21:08:02.192+0000] {task_command.py:426} INFO - Running <TaskInstance: Webscrape.Ingest_Data manual__2024-05-17T21:05:40.347102+00:00 [running]> on host 3e429f118033
[2024-05-17T21:08:02.308+0000] {taskinstance.py:2648} INFO - Exporting env vars: AIRFLOW_CTX_DAG_OWNER='svc' AIRFLOW_CTX_DAG_ID='Webscrape' AIRFLOW_CTX_TASK_ID='Ingest_Data' AIRFLOW_CTX_EXECUTION_DATE='2024-05-17T21:05:40.347102+00:00' AIRFLOW_CTX_TRY_NUMBER='2' AIRFLOW_CTX_DAG_RUN_ID='manual__2024-05-17T21:05:40.347102+00:00'
[2024-05-17T21:08:02.310+0000] {taskinstance.py:430} INFO - ::endgroup::
[2024-05-17T21:08:02.332+0000] {conn.py:362} INFO - <BrokerConnection node_id=bootstrap-0 host=kafka:9092 <connecting> [IPv4 ('172.24.0.6', 9092)]>: connecting to kafka:9092 [('172.24.0.6', 9092) IPv4]
[2024-05-17T21:08:02.333+0000] {conn.py:957} INFO - Probing node bootstrap-0 broker version
[2024-05-17T21:08:02.334+0000] {conn.py:393} INFO - <BrokerConnection node_id=bootstrap-0 host=kafka:9092 <connecting> [IPv4 ('172.24.0.6', 9092)]>: Connection complete.
[2024-05-17T21:08:02.443+0000] {conn.py:1019} INFO - Broker version identified as 2.6.0
[2024-05-17T21:08:02.443+0000] {conn.py:1020} INFO - Set configuration api_version=(2, 6, 0) to skip auto check_version requests on startup
[2024-05-17T21:08:02.951+0000] {logging_mixin.py:188} INFO - Connecting to Scraping Browser...
[2024-05-17T21:08:04.928+0000] {logging_mixin.py:188} INFO - Connected! Navigating to https://www.redfin.com...
[2024-05-17T21:08:15.546+0000] {logging_mixin.py:188} INFO - Searching...
[2024-05-17T21:08:19.200+0000] {logging_mixin.py:188} INFO - --------
[2024-05-17T21:08:19.201+0000] {logging_mixin.py:188} INFO - 1
[2024-05-17T21:08:19.202+0000] {logging_mixin.py:188} INFO - Navigating to Listing page: https://www.redfin.com/CA/San-Francisco/1458-Hudson-Ave-94124/home/748039
[2024-05-17T21:08:37.314+0000] {logging_mixin.py:188} INFO - Extracting Pictures
[2024-05-17T21:08:40.026+0000] {logging_mixin.py:188} INFO - Extracting Key Details
[2024-05-17T21:08:40.980+0000] {logging_mixin.py:188} INFO - Extracting Listing Agent Details
[2024-05-17T21:08:41.770+0000] {logging_mixin.py:188} INFO - Extracting Redfin Agent Details
[2024-05-17T21:08:42.308+0000] {logging_mixin.py:188} INFO - Extracting Property Details
[2024-05-17T21:08:44.143+0000] {logging_mixin.py:188} INFO - {
  "address": "1458 Hudson Ave San Francisco CA 94124",
  "price": "1467000",
  "beds": "3",
  "baths": "2",
  "link": "https://www.redfin.com/CA/San-Francisco/1458-Hudson-Ave-94124/home/748039",
  "photos": [
    "https://ssl.cdn-redfin.com/system_files/media/919744_JPG/item_10.jpg",
    "https://ssl.cdn-redfin.com/system_files/media/919744_JPG/genLdpUgcMediaBrowserUrl/item_1.jpg",
    "https://my.matterport.com/api/v2/player/models/FY2mXyHjhmb/thumb",
    "https://ssl.cdn-redfin.com/system_files/media/919744_JPG/genLdpUgcMediaBrowserUrl/item_11.jpg",
    "https://ssl.cdn-redfin.com/system_files/media/919744_JPG/genLdpUgcMediaBrowserUrl/item_8.jpg",
    "https://ssl.cdn-redfin.com/system_files/media/919744_JPG/item_2.jpg",
    "https://ssl.cdn-redfin.com/system_files/media/919744_JPG/item_4.jpg",
    "https://ssl.cdn-redfin.com/system_files/media/919744_JPG/item_15.jpg",
    "https://ssl.cdn-redfin.com/system_files/media/919744_JPG/item_16.jpg",
    "https://ssl.cdn-redfin.com/system_files/media/919744_JPG/item_28.jpg",
    "https://ssl.cdn-redfin.com/system_files/media/919744_JPG/item_32.jpg",
    "https://ssl.cdn-redfin.com/system_files/media/919744_JPG/item_29.jpg",
    "https://ssl.cdn-redfin.com/system_files/media/919744_JPG/item_48.jpg",
    "https://ssl.cdn-redfin.com/system_files/media/919744_JPG/item_51.jpg",
    "https://ssl.cdn-redfin.com/system_files/media/919744_JPG/item_58.jpg",
    "https://ssl.cdn-redfin.com/system_files/media/919744_JPG/item_63.jpg"
  ],
  "hoa_fee": "",
  "buyers_agent_fee": "2",
  "listing_agent_name": "Michael Sommers",
  "listing_agent_contact": "",
  "redfin_agent_name": "Michael Sommers",
  "finished_sqft": "",
  "unfinished_sqft": "",
  "total_sqft": "1162",
  "stories": "1",
  "style": "Single Family Residential",
  "year_built": "1941",
  "year_renovated": "",
  "county": "San Francisco County",
  "APN": "5255009"
}
[2024-05-17T21:08:44.145+0000] {logging_mixin.py:188} INFO - Sending Data to Kafka
[2024-05-17T21:08:44.153+0000] {conn.py:362} INFO - <BrokerConnection node_id=1 host=kafka:9092 <connecting> [IPv4 ('172.24.0.6', 9092)]>: connecting to kafka:9092 [('172.24.0.6', 9092) IPv4]
[2024-05-17T21:08:44.158+0000] {conn.py:393} INFO - <BrokerConnection node_id=1 host=kafka:9092 <connecting> [IPv4 ('172.24.0.6', 9092)]>: Connection complete.
[2024-05-17T21:08:44.159+0000] {conn.py:673} INFO - <BrokerConnection node_id=bootstrap-0 host=kafka:9092 <connected> [IPv4 ('172.24.0.6', 9092)]>: Closing connection. 
[2024-05-17T21:08:44.300+0000] {logging_mixin.py:188} INFO - --------
[2024-05-17T21:08:44.300+0000] {logging_mixin.py:188} INFO - 2
[2024-05-17T21:08:44.301+0000] {logging_mixin.py:188} INFO - Navigating to Listing page: https://www.redfin.com/CA/San-Francisco/492-Bartlett-St-94110/home/1843033
[2024-05-17T21:09:00.177+0000] {logging_mixin.py:188} INFO - Extracting Pictures
[2024-05-17T21:09:04.369+0000] {logging_mixin.py:188} INFO - Extracting Key Details
[2024-05-17T21:09:05.321+0000] {logging_mixin.py:188} INFO - Extracting Listing Agent Details
[2024-05-17T21:09:06.328+0000] {logging_mixin.py:188} INFO - Extracting Redfin Agent Details
[2024-05-17T21:09:06.801+0000] {logging_mixin.py:188} INFO - Extracting Property Details
[2024-05-17T21:09:08.425+0000] {logging_mixin.py:188} INFO - {
  "address": "492 Bartlett St San Francisco CA 94110",
  "price": "1369900",
  "beds": "0",
  "baths": "\u2014",
  "link": "https://www.redfin.com/CA/San-Francisco/492-Bartlett-St-94110/home/1843033",
  "photos": [
    "https://ssl.cdn-redfin.com/photo/9/bigphoto/154/424034154_0.jpg",
    "https://ssl.cdn-redfin.com/photo/9/mbpaddedwide/154/genMid.424034154_1_0.jpg",
    "https://ssl.cdn-redfin.com/photo/9/mbpaddedwide/154/genMid.424034154_4_0.jpg",
    "https://ssl.cdn-redfin.com/photo/9/mbpaddedwide/154/genMid.424034154_3_0.jpg",
    "https://ssl.cdn-redfin.com/photo/9/mbpaddedwide/154/genMid.424034154_4_0.jpg",
    "https://ssl.cdn-redfin.com/photo/9/bigphoto/154/424034154_2_0.jpg",
    "https://ssl.cdn-redfin.com/photo/9/bigphoto/154/424034154_8_0.jpg",
    "https://ssl.cdn-redfin.com/photo/9/bigphoto/154/424034154_14_0.jpg",
    "https://ssl.cdn-redfin.com/photo/9/bigphoto/154/424034154_20_0.jpg",
    "https://ssl.cdn-redfin.com/photo/9/bigphoto/154/424034154_26_0.jpg"
  ],
  "hoa_fee": "",
  "buyers_agent_fee": "",
  "listing_agent_name": "Anh Pham",
  "listing_agent_contact": "",
  "redfin_agent_name": "Anthony Torres",
  "finished_sqft": "",
  "unfinished_sqft": "",
  "total_sqft": "2552",
  "stories": "2",
  "style": "Multi-Family (2-4 Unit)",
  "year_built": "1900",
  "year_renovated": "",
  "county": "San Francisco County",
  "APN": "6530011"
}
[2024-05-17T21:09:08.427+0000] {logging_mixin.py:188} INFO - Sending Data to Kafka
[2024-05-17T21:09:08.550+0000] {logging_mixin.py:188} INFO - --------
[2024-05-17T21:09:08.551+0000] {logging_mixin.py:188} INFO - 3
[2024-05-17T21:09:08.553+0000] {logging_mixin.py:188} INFO - Navigating to Listing page: https://www.redfin.com/CA/San-Francisco/403-Main-St-94105/unit-409N/home/1950222
[2024-05-17T21:09:25.258+0000] {logging_mixin.py:188} INFO - Extracting Pictures
[2024-05-17T21:09:29.276+0000] {logging_mixin.py:188} INFO - Extracting Key Details
[2024-05-17T21:09:30.311+0000] {logging_mixin.py:188} INFO - Extracting Listing Agent Details
[2024-05-17T21:09:31.079+0000] {logging_mixin.py:188} INFO - Extracting Redfin Agent Details
[2024-05-17T21:09:31.600+0000] {logging_mixin.py:188} INFO - Extracting Property Details
[2024-05-17T21:09:33.078+0000] {logging_mixin.py:188} INFO - {
  "address": "403 Main St Unit 409N San Francisco CA 94105",
  "price": "815000",
  "beds": "1",
  "baths": "1",
  "link": "https://www.redfin.com/CA/San-Francisco/403-Main-St-94105/unit-409N/home/1950222",
  "photos": [
    "https://ssl.cdn-redfin.com/photo/77/bigphoto/031/424034031_0.jpg",
    "https://ssl.cdn-redfin.com/photo/77/mbpaddedwide/031/genMid.424034031_1_0.jpg",
    "https://ssl.cdn-redfin.com/photo/77/mbpaddedwide/031/genMid.424034031_2_0.jpg",
    "https://ssl.cdn-redfin.com/photo/77/mbpaddedwide/031/genMid.424034031_4_0.jpg",
    "https://ssl.cdn-redfin.com/photo/77/mbpaddedwide/031/genMid.424034031_5_0.jpg",
    "https://ssl.cdn-redfin.com/photo/77/bigphoto/031/424034031_3_0.jpg",
    "https://ssl.cdn-redfin.com/photo/77/bigphoto/031/424034031_9_0.jpg",
    "https://ssl.cdn-redfin.com/photo/77/bigphoto/031/424034031_15_0.jpg"
  ],
  "hoa_fee": "847",
  "buyers_agent_fee": "2.5",
  "listing_agent_name": "Donny Piwowarski",
  "listing_agent_contact": "",
  "redfin_agent_name": "Anthony Torres",
  "finished_sqft": "",
  "unfinished_sqft": "",
  "total_sqft": "814",
  "stories": "1",
  "style": "Condo/Co-op",
  "year_built": "1997",
  "year_renovated": "",
  "county": "San Francisco County",
  "APN": "3768205"
}
[2024-05-17T21:09:33.079+0000] {logging_mixin.py:188} INFO - Sending Data to Kafka
[2024-05-17T21:09:33.257+0000] {logging_mixin.py:188} INFO - --------
[2024-05-17T21:09:33.259+0000] {logging_mixin.py:188} INFO - 4
[2024-05-17T21:09:33.261+0000] {logging_mixin.py:188} INFO - Navigating to Listing page: https://www.redfin.com/CA/San-Francisco/194-196-27th-St-94110/home/190850559
[2024-05-17T21:09:50.551+0000] {logging_mixin.py:188} INFO - Extracting Pictures
[2024-05-17T21:09:53.116+0000] {logging_mixin.py:188} INFO - Extracting Key Details
[2024-05-17T21:09:55.191+0000] {logging_mixin.py:188} INFO - Extracting Listing Agent Details
[2024-05-17T21:09:55.890+0000] {logging_mixin.py:188} INFO - Extracting Redfin Agent Details
[2024-05-17T21:09:56.370+0000] {logging_mixin.py:188} INFO - Extracting Property Details
[2024-05-17T21:09:57.847+0000] {logging_mixin.py:188} INFO - {
  "address": "194 - 196 27th St San Francisco CA 94110",
  "price": "1848000",
  "beds": "4",
  "baths": "4",
  "link": "https://www.redfin.com/CA/San-Francisco/194-196-27th-St-94110/home/190850559",
  "photos": [
    "https://ssl.cdn-redfin.com/photo/9/bigphoto/039/424031039_0.jpg",
    "https://ssl.cdn-redfin.com/photo/9/mbpaddedwide/039/genMid.424031039_1_0.jpg",
    "https://ssl.cdn-redfin.com/photo/9/mbpaddedwide/039/genMid.424031039_4_0.jpg",
    "https://ssl.cdn-redfin.com/photo/9/mbpaddedwide/039/genMid.424031039_3_0.jpg",
    "https://ssl.cdn-redfin.com/photo/9/mbpaddedwide/039/genMid.424031039_4_0.jpg",
    "https://ssl.cdn-redfin.com/photo/9/bigphoto/039/424031039_2_0.jpg",
    "https://ssl.cdn-redfin.com/photo/9/bigphoto/039/424031039_8_0.jpg",
    "https://ssl.cdn-redfin.com/photo/9/bigphoto/039/424031039_14_0.jpg",
    "https://ssl.cdn-redfin.com/photo/9/bigphoto/039/424031039_20_0.jpg",
    "https://ssl.cdn-redfin.com/photo/9/bigphoto/039/424031039_26_0.jpg",
    "https://ssl.cdn-redfin.com/photo/9/bigphoto/039/424031039_32_0.jpg",
    "https://ssl.cdn-redfin.com/photo/9/bigphoto/039/424031039_38_0.jpg",
    "https://ssl.cdn-redfin.com/photo/9/bigphoto/039/424031039_44_0.jpg",
    "https://ssl.cdn-redfin.com/photo/9/bigphoto/039/424031039_50_0.jpg",
    "https://ssl.cdn-redfin.com/photo/9/bigphoto/039/424031039_56_0.jpg",
    "https://ssl.cdn-redfin.com/photo/9/bigphoto/039/424031039_62_0.jpg"
  ],
  "hoa_fee": "",
  "buyers_agent_fee": "",
  "time_on_redfin": "18 minutes",
  "property_type": "Multi-family (2-4 unit)",
  "year_built": "",
  "lot_size": "1,842 sq ft lot",
  "price_per_sqft": "$933 per sq ft",
  "features": "Has A/C",
  "neighborhood": "SF District 5",
  "listing_agent_name": "Todd Montgomery",
  "listing_agent_contact": "",
  "redfin_agent_name": "Anthony Torres",
  "finished_sqft": "",
  "unfinished_sqft": "",
  "total_sqft": "",
  "stories": "",
  "style": "Multi-Family (2-4 Unit)",
  "year_renovated": "",
  "county": "San Francisco County",
  "APN": "6577027"
}
[2024-05-17T21:09:57.848+0000] {logging_mixin.py:188} INFO - Sending Data to Kafka
[2024-05-17T21:09:58.036+0000] {logging_mixin.py:188} INFO - --------
[2024-05-17T21:09:58.040+0000] {logging_mixin.py:188} INFO - 5
[2024-05-17T21:09:58.041+0000] {logging_mixin.py:188} INFO - Navigating to Listing page: https://www.redfin.com/CA/San-Francisco/194-27th-St-94110/home/1891070
[2024-05-17T21:10:27.336+0000] {logging_mixin.py:188} INFO - Extracting Pictures
[2024-05-17T21:10:29.980+0000] {logging_mixin.py:188} INFO - Extracting Key Details
[2024-05-17T21:10:31.487+0000] {logging_mixin.py:188} INFO - Extracting Listing Agent Details
[2024-05-17T21:10:32.329+0000] {logging_mixin.py:188} INFO - Extracting Redfin Agent Details
[2024-05-17T21:10:32.962+0000] {logging_mixin.py:188} INFO - Extracting Property Details
[2024-05-17T21:10:34.446+0000] {logging_mixin.py:188} INFO - {
  "address": "194 27th St San Francisco CA 94110",
  "price": "999000",
  "beds": "2",
  "baths": "2",
  "link": "https://www.redfin.com/CA/San-Francisco/194-27th-St-94110/home/1891070",
  "photos": [
    "https://ssl.cdn-redfin.com/photo/9/bigphoto/044/424031044_0.jpg",
    "https://ssl.cdn-redfin.com/photo/9/mbpaddedwide/044/genMid.424031044_1_0.jpg",
    "https://ssl.cdn-redfin.com/photo/9/mbpaddedwide/044/genMid.424031044_4_0.jpg",
    "https://ssl.cdn-redfin.com/photo/9/mbpaddedwide/044/genMid.424031044_3_0.jpg",
    "https://ssl.cdn-redfin.com/photo/9/mbpaddedwide/044/genMid.424031044_4_0.jpg",
    "https://ssl.cdn-redfin.com/photo/9/bigphoto/044/424031044_2_0.jpg",
    "https://ssl.cdn-redfin.com/photo/9/bigphoto/044/424031044_8_0.jpg",
    "https://ssl.cdn-redfin.com/photo/9/bigphoto/044/424031044_14_0.jpg",
    "https://ssl.cdn-redfin.com/photo/9/bigphoto/044/424031044_20_0.jpg",
    "https://ssl.cdn-redfin.com/photo/9/bigphoto/044/424031044_26_0.jpg",
    "https://ssl.cdn-redfin.com/photo/9/bigphoto/044/424031044_32_0.jpg",
    "https://ssl.cdn-redfin.com/photo/9/bigphoto/044/424031044_38_0.jpg",
    "https://ssl.cdn-redfin.com/photo/9/bigphoto/044/424031044_44_0.jpg"
  ],
  "hoa_fee": "",
  "buyers_agent_fee": "",
  "listing_agent_name": "Todd Montgomery",
  "listing_agent_contact": "",
  "redfin_agent_name": "Anthony Torres",
  "finished_sqft": "",
  "unfinished_sqft": "",
  "total_sqft": "1980",
  "stories": "2",
  "style": "Multi-Family (2-4 Unit)",
  "year_built": "1900",
  "year_renovated": "",
  "county": "San Francisco County",
  "APN": "6577027"
}
[2024-05-17T21:10:34.450+0000] {logging_mixin.py:188} INFO - Sending Data to Kafka
[2024-05-17T21:10:34.646+0000] {logging_mixin.py:188} INFO - --------
[2024-05-17T21:10:34.647+0000] {logging_mixin.py:188} INFO - 6
[2024-05-17T21:10:34.649+0000] {logging_mixin.py:188} INFO - Navigating to Listing page: https://www.redfin.com/CA/San-Francisco/196-27th-St-94110/home/179358923
[2024-05-17T21:10:52.958+0000] {logging_mixin.py:188} INFO - Extracting Pictures
[2024-05-17T21:10:56.648+0000] {logging_mixin.py:188} INFO - Extracting Key Details
[2024-05-17T21:10:58.822+0000] {logging_mixin.py:188} INFO - Extracting Listing Agent Details
[2024-05-17T21:10:59.586+0000] {logging_mixin.py:188} INFO - Extracting Redfin Agent Details
[2024-05-17T21:11:00.186+0000] {logging_mixin.py:188} INFO - Extracting Property Details
[2024-05-17T21:11:02.476+0000] {logging_mixin.py:188} INFO - {
  "address": "196 27th St San Francisco CA 94110",
  "price": "849000",
  "beds": "2",
  "baths": "2",
  "link": "https://www.redfin.com/CA/San-Francisco/196-27th-St-94110/home/179358923",
  "photos": [
    "https://ssl.cdn-redfin.com/photo/9/bigphoto/051/424031051_0.jpg",
    "https://ssl.cdn-redfin.com/photo/9/mbpaddedwide/051/genMid.424031051_1_0.jpg",
    "https://ssl.cdn-redfin.com/photo/9/mbpaddedwide/051/genMid.424031051_4_0.jpg",
    "https://ssl.cdn-redfin.com/photo/9/mbpaddedwide/051/genMid.424031051_3_0.jpg",
    "https://ssl.cdn-redfin.com/photo/9/mbpaddedwide/051/genMid.424031051_4_0.jpg",
    "https://ssl.cdn-redfin.com/photo/9/bigphoto/051/424031051_2_0.jpg",
    "https://ssl.cdn-redfin.com/photo/9/bigphoto/051/424031051_8_0.jpg",
    "https://ssl.cdn-redfin.com/photo/9/bigphoto/051/424031051_14_0.jpg",
    "https://ssl.cdn-redfin.com/photo/9/bigphoto/051/424031051_20_0.jpg",
    "https://ssl.cdn-redfin.com/photo/9/bigphoto/051/424031051_26_0.jpg",
    "https://ssl.cdn-redfin.com/photo/9/bigphoto/051/424031051_32_0.jpg",
    "https://ssl.cdn-redfin.com/photo/9/bigphoto/051/424031051_38_0.jpg",
    "https://ssl.cdn-redfin.com/photo/9/bigphoto/051/424031051_44_0.jpg",
    "https://ssl.cdn-redfin.com/photo/9/bigphoto/051/424031051_50_0.jpg",
    "https://ssl.cdn-redfin.com/photo/9/bigphoto/051/424031051_56_0.jpg",
    "https://ssl.cdn-redfin.com/photo/9/bigphoto/051/424031051_62_0.jpg"
  ],
  "hoa_fee": "",
  "buyers_agent_fee": "",
  "property_type": "Condo (tenancy in common)",
  "year_built": "",
  "lot_size": "1,842 sq ft lot",
  "cooling_system": "Has A/C",
  "laundry_features": "In-unit laundry (washer and dryer)",
  "neighborhood": "SF District 5",
  "listing_agent_name": "Todd Montgomery",
  "listing_agent_contact": "",
  "redfin_agent_name": "Anthony Torres",
  "finished_sqft": "",
  "unfinished_sqft": "",
  "total_sqft": "",
  "stories": "",
  "style": "Condo/Co-op",
  "year_renovated": "",
  "county": "San Francisco County",
  "APN": "6577027"
}
[2024-05-17T21:11:02.478+0000] {logging_mixin.py:188} INFO - Sending Data to Kafka
[2024-05-17T21:11:02.652+0000] {logging_mixin.py:188} INFO - --------
[2024-05-17T21:11:02.653+0000] {logging_mixin.py:188} INFO - 7
[2024-05-17T21:11:02.656+0000] {logging_mixin.py:188} INFO - Navigating to Listing page: https://www.redfin.com/CA/San-Francisco/786-Minna-St-94103/unit-12/home/12395909
[2024-05-17T21:11:20.249+0000] {logging_mixin.py:188} INFO - Extracting Pictures
[2024-05-17T21:11:22.678+0000] {logging_mixin.py:188} INFO - Extracting Key Details
[2024-05-17T21:11:23.560+0000] {logging_mixin.py:188} INFO - Extracting Listing Agent Details
[2024-05-17T21:11:24.362+0000] {logging_mixin.py:188} INFO - Extracting Redfin Agent Details
[2024-05-17T21:11:25.107+0000] {logging_mixin.py:188} INFO - Extracting Property Details
[2024-05-17T21:11:27.009+0000] {logging_mixin.py:188} INFO - {
  "address": "786 Minna St #12 San Francisco CA 94103",
  "price": "1098000",
  "beds": "2",
  "baths": "2.5",
  "link": "https://www.redfin.com/CA/San-Francisco/786-Minna-St-94103/unit-12/home/12395909",
  "photos": [
    "https://ssl.cdn-redfin.com/photo/9/bigphoto/192/424034192_0.jpg",
    "https://ssl.cdn-redfin.com/photo/9/mbpaddedwide/192/genMid.424034192_1_0.jpg",
    "https://ssl.cdn-redfin.com/photo/9/mbpaddedwide/192/genMid.424034192_5_0.jpg",
    "https://ssl.cdn-redfin.com/photo/9/mbpaddedwide/192/genMid.424034192_3_0.jpg",
    "https://ssl.cdn-redfin.com/photo/9/mbpaddedwide/192/genMid.424034192_4_0.jpg",
    "https://ssl.cdn-redfin.com/photo/9/bigphoto/192/424034192_2_0.jpg",
    "https://ssl.cdn-redfin.com/photo/9/bigphoto/192/424034192_8_0.jpg",
    "https://ssl.cdn-redfin.com/photo/9/bigphoto/192/424034192_14_0.jpg",
    "https://ssl.cdn-redfin.com/photo/9/bigphoto/192/424034192_20_0.jpg",
    "https://ssl.cdn-redfin.com/photo/9/bigphoto/192/424034192_26_0.jpg",
    "https://ssl.cdn-redfin.com/photo/9/bigphoto/192/424034192_32_0.jpg",
    "https://ssl.cdn-redfin.com/photo/9/bigphoto/192/424034192_38_0.jpg",
    "https://ssl.cdn-redfin.com/photo/9/bigphoto/192/424034192_44_0.jpg"
  ],
  "hoa_fee": "578",
  "buyers_agent_fee": "",
  "listing_agent_name": "Michelle Kim",
  "listing_agent_contact": "",
  "redfin_agent_name": "Anthony Torres",
  "finished_sqft": "",
  "unfinished_sqft": "",
  "total_sqft": "1460",
  "stories": "3",
  "style": "Condo/Co-op",
  "year_built": "1999",
  "year_renovated": "",
  "county": "San Francisco County",
  "APN": "3728116"
}
[2024-05-17T21:11:27.012+0000] {logging_mixin.py:188} INFO - Sending Data to Kafka
[2024-05-17T21:11:27.219+0000] {logging_mixin.py:188} INFO - --------
[2024-05-17T21:11:27.220+0000] {logging_mixin.py:188} INFO - 8
[2024-05-17T21:11:27.222+0000] {logging_mixin.py:188} INFO - Navigating to Listing page: https://www.redfin.com/CA/San-Francisco/1827-26th-Ave-94122/home/2027084
[2024-05-17T21:11:52.718+0000] {logging_mixin.py:188} INFO - Extracting Pictures
[2024-05-17T21:12:00.253+0000] {logging_mixin.py:188} INFO - Extracting Key Details
[2024-05-17T21:12:01.122+0000] {logging_mixin.py:188} INFO - Extracting Listing Agent Details
[2024-05-17T21:12:01.895+0000] {logging_mixin.py:188} INFO - Extracting Redfin Agent Details
[2024-05-17T21:12:02.435+0000] {logging_mixin.py:188} INFO - Extracting Property Details
[2024-05-17T21:12:03.989+0000] {logging_mixin.py:188} INFO - {
  "address": "1827 26th Ave San Francisco CA 94122",
  "price": "1095000",
  "beds": "2",
  "baths": "1",
  "link": "https://www.redfin.com/CA/San-Francisco/1827-26th-Ave-94122/home/2027084",
  "photos": [
    "https://ssl.cdn-redfin.com/photo/9/bigphoto/313/424034313_1.jpg",
    "https://ssl.cdn-redfin.com/photo/9/mbpaddedwide/313/genMid.424034313_1_2.jpg",
    "https://ssl.cdn-redfin.com/photo/9/mbpaddedwide/313/genMid.424034313_2_2.jpg",
    "https://ssl.cdn-redfin.com/photo/9/mbpaddedwide/313/genMid.424034313_4_2.jpg",
    "https://ssl.cdn-redfin.com/photo/9/mbpaddedwide/313/genMid.424034313_5_2.jpg",
    "https://ssl.cdn-redfin.com/photo/9/bigphoto/313/424034313_3_2.jpg",
    "https://ssl.cdn-redfin.com/photo/9/bigphoto/313/424034313_9_2.jpg"
  ],
  "hoa_fee": "",
  "buyers_agent_fee": "",
  "listing_agent_name": "Ken Kwok",
  "listing_agent_contact": "",
  "redfin_agent_name": "Anthony Torres",
  "finished_sqft": "",
  "unfinished_sqft": "",
  "total_sqft": "1175",
  "stories": "1",
  "style": "Single Family Residential",
  "year_built": "1939",
  "year_renovated": "",
  "county": "San Francisco County",
  "APN": "2063004"
}
[2024-05-17T21:12:03.991+0000] {logging_mixin.py:188} INFO - Sending Data to Kafka
[2024-05-17T21:12:04.216+0000] {logging_mixin.py:188} INFO - --------
[2024-05-17T21:12:04.218+0000] {logging_mixin.py:188} INFO - 9
[2024-05-17T21:12:04.221+0000] {logging_mixin.py:188} INFO - Navigating to Listing page: https://www.redfin.com/CA/San-Francisco/989-20th-St-94107/unit-566/home/40142833
[2024-05-17T21:12:22.895+0000] {logging_mixin.py:188} INFO - Extracting Pictures
[2024-05-17T21:12:33.433+0000] {logging_mixin.py:188} INFO - Extracting Key Details
[2024-05-17T21:12:34.365+0000] {logging_mixin.py:188} INFO - Extracting Listing Agent Details
[2024-05-17T21:12:35.259+0000] {logging_mixin.py:188} INFO - Extracting Redfin Agent Details
[2024-05-17T21:12:35.779+0000] {logging_mixin.py:188} INFO - Extracting Property Details
[2024-05-17T21:12:37.504+0000] {logging_mixin.py:188} INFO - {
  "address": "989 20th St #566 San Francisco CA 94107",
  "price": "899000",
  "beds": "1",
  "baths": "1.5",
  "link": "https://www.redfin.com/CA/San-Francisco/989-20th-St-94107/unit-566/home/40142833",
  "photos": [
    "https://ssl.cdn-redfin.com/photo/9/bigphoto/919/424030919_0.jpg",
    "https://ssl.cdn-redfin.com/photo/9/mbpaddedwide/919/genMid.424030919_1_0.jpg",
    "https://ssl.cdn-redfin.com/photo/9/mbpaddedwide/919/genMid.424030919_2_0.jpg",
    "https://ssl.cdn-redfin.com/photo/9/mbpaddedwide/919/genMid.424030919_4_0.jpg",
    "https://ssl.cdn-redfin.com/photo/9/mbpaddedwide/919/genMid.424030919_5_0.jpg",
    "https://ssl.cdn-redfin.com/photo/9/bigphoto/919/424030919_3_0.jpg",
    "https://ssl.cdn-redfin.com/photo/9/bigphoto/919/424030919_9_1.jpg",
    "https://ssl.cdn-redfin.com/photo/9/bigphoto/919/424030919_15_1.jpg",
    "https://ssl.cdn-redfin.com/photo/9/bigphoto/919/424030919_21_1.jpg",
    "https://ssl.cdn-redfin.com/photo/9/bigphoto/919/424030919_27_1.jpg",
    "https://ssl.cdn-redfin.com/photo/9/bigphoto/919/424030919_33_1.jpg",
    "https://ssl.cdn-redfin.com/photo/9/bigphoto/919/424030919_39_2.jpg"
  ],
  "hoa_fee": "543",
  "buyers_agent_fee": "",
  "listing_agent_name": "Eva Stoyanov",
  "listing_agent_contact": "",
  "redfin_agent_name": "Anthony Torres",
  "finished_sqft": "",
  "unfinished_sqft": "",
  "total_sqft": "835",
  "stories": "",
  "style": "Condo/Co-op",
  "year_built": "2009",
  "year_renovated": "",
  "county": "San Francisco County",
  "APN": "4106168"
}
[2024-05-17T21:12:37.507+0000] {logging_mixin.py:188} INFO - Sending Data to Kafka
[2024-05-17T21:12:37.726+0000] {logging_mixin.py:188} INFO - --------
[2024-05-17T21:12:37.727+0000] {logging_mixin.py:188} INFO - 10
[2024-05-17T21:12:37.730+0000] {logging_mixin.py:188} INFO - Navigating to Listing page: https://www.redfin.com/CA/San-Francisco/51-Innes-Ct-94124/unit-408/home/190848102
[2024-05-17T21:12:58.625+0000] {logging_mixin.py:188} INFO - Extracting Pictures
[2024-05-17T21:13:02.853+0000] {logging_mixin.py:188} INFO - Extracting Key Details
[2024-05-17T21:13:03.861+0000] {logging_mixin.py:188} INFO - Extracting Listing Agent Details
[2024-05-17T21:13:04.576+0000] {logging_mixin.py:188} INFO - Extracting Redfin Agent Details
[2024-05-17T21:13:05.102+0000] {logging_mixin.py:188} INFO - Extracting Property Details
[2024-05-17T21:13:06.570+0000] {logging_mixin.py:188} INFO - {
  "address": "51 Innes Ct #408 San Francisco CA 94124",
  "price": "729000",
  "beds": "2",
  "baths": "2",
  "link": "https://www.redfin.com/CA/San-Francisco/51-Innes-Ct-94124/unit-408/home/190848102",
  "photos": [
    "https://ssl.cdn-redfin.com/photo/9/bigphoto/283/424034283_0.jpg",
    "https://ssl.cdn-redfin.com/photo/9/mbpaddedwide/283/genMid.424034283_1_0.jpg",
    "https://ssl.cdn-redfin.com/photo/9/mbpaddedwide/283/genMid.424034283_2_0.jpg",
    "https://ssl.cdn-redfin.com/photo/9/mbpaddedwide/283/genMid.424034283_4_0.jpg",
    "https://ssl.cdn-redfin.com/photo/9/mbpaddedwide/283/genMid.424034283_5_0.jpg",
    "https://ssl.cdn-redfin.com/photo/9/bigphoto/283/424034283_3_0.jpg",
    "https://ssl.cdn-redfin.com/photo/9/bigphoto/283/424034283_9_0.jpg",
    "https://ssl.cdn-redfin.com/photo/9/bigphoto/283/424034283_15_0.jpg",
    "https://ssl.cdn-redfin.com/photo/9/bigphoto/283/424034283_21_0.jpg",
    "https://ssl.cdn-redfin.com/photo/9/bigphoto/283/424034283_27_0.jpg",
    "https://ssl.cdn-redfin.com/photo/9/bigphoto/283/424034283_33_0.jpg",
    "https://ssl.cdn-redfin.com/photo/9/bigphoto/283/424034283_39_0.jpg",
    "https://ssl.cdn-redfin.com/photo/9/bigphoto/283/424034283_45_0.jpg",
    "https://ssl.cdn-redfin.com/photo/9/bigphoto/283/424034283_51_0.jpg",
    "https://ssl.cdn-redfin.com/photo/9/bigphoto/283/424034283_57_0.jpg",
    "https://ssl.cdn-redfin.com/photo/9/bigphoto/283/424034283_63_0.jpg",
    "https://ssl.cdn-redfin.com/photo/9/bigphoto/283/424034283_69_0.jpg"
  ],
  "hoa_fee": "698",
  "buyers_agent_fee": "",
  "listing_agent_name": "Kathy White",
  "listing_agent_contact": "",
  "redfin_agent_name": "Anthony Torres",
  "finished_sqft": "",
  "unfinished_sqft": "",
  "total_sqft": "",
  "stories": "",
  "style": "Condo/Co-op",
  "year_built": "",
  "year_renovated": "",
  "county": "San Francisco County",
  "APN": "4591C388"
}
[2024-05-17T21:13:06.571+0000] {logging_mixin.py:188} INFO - Sending Data to Kafka
[2024-05-17T21:13:06.689+0000] {logging_mixin.py:188} INFO - --------
[2024-05-17T21:13:06.692+0000] {logging_mixin.py:188} INFO - 11
[2024-05-17T21:13:06.694+0000] {logging_mixin.py:188} INFO - Navigating to Listing page: https://www.redfin.com/CA/San-Francisco/3135-Washington-St-94115/home/190848101
[2024-05-17T21:13:27.005+0000] {logging_mixin.py:188} INFO - Extracting Pictures
[2024-05-17T21:13:36.280+0000] {logging_mixin.py:188} INFO - Extracting Key Details
[2024-05-17T21:13:37.184+0000] {logging_mixin.py:188} INFO - Extracting Listing Agent Details
[2024-05-17T21:13:38.187+0000] {logging_mixin.py:188} INFO - Extracting Redfin Agent Details
[2024-05-17T21:13:38.746+0000] {logging_mixin.py:188} INFO - Extracting Property Details
[2024-05-17T21:13:40.037+0000] {logging_mixin.py:188} INFO - {
  "address": "3135 Washington St San Francisco CA 94115",
  "price": "1395000",
  "beds": "3",
  "baths": "1",
  "link": "https://www.redfin.com/CA/San-Francisco/3135-Washington-St-94115/home/190848101",
  "photos": [
    "https://ssl.cdn-redfin.com/photo/9/bigphoto/205/424018205_0.jpg",
    "https://ssl.cdn-redfin.com/photo/9/mbpaddedwide/205/genMid.424018205_1_0.jpg",
    "https://ssl.cdn-redfin.com/photo/9/mbpaddedwide/205/genMid.424018205_2_0.jpg",
    "https://ssl.cdn-redfin.com/photo/9/mbpaddedwide/205/genMid.424018205_4_0.jpg",
    "https://ssl.cdn-redfin.com/photo/9/mbpaddedwide/205/genMid.424018205_5_0.jpg",
    "https://ssl.cdn-redfin.com/photo/9/bigphoto/205/424018205_3_0.jpg",
    "https://ssl.cdn-redfin.com/photo/9/bigphoto/205/424018205_9_0.jpg",
    "https://ssl.cdn-redfin.com/photo/9/bigphoto/205/424018205_15_0.jpg",
    "https://ssl.cdn-redfin.com/photo/9/bigphoto/205/424018205_21_0.jpg"
  ],
  "hoa_fee": "490",
  "buyers_agent_fee": "",
  "listing_agent_name": "Eric Johnson",
  "listing_agent_contact": "",
  "redfin_agent_name": "Anthony Torres",
  "finished_sqft": "",
  "unfinished_sqft": "",
  "total_sqft": "",
  "stories": "",
  "style": "Condo/Co-op",
  "year_built": "",
  "year_renovated": "",
  "county": "San Francisco County",
  "APN": "0999031"
}
[2024-05-17T21:13:40.038+0000] {logging_mixin.py:188} INFO - Sending Data to Kafka
[2024-05-17T21:13:40.293+0000] {logging_mixin.py:188} INFO - --------
[2024-05-17T21:13:40.297+0000] {logging_mixin.py:188} INFO - 12
[2024-05-17T21:13:40.299+0000] {logging_mixin.py:188} INFO - Navigating to Listing page: https://www.redfin.com/CA/San-Francisco/228-Ellsworth-St-94110/home/1519532
[2024-05-17T21:13:58.002+0000] {logging_mixin.py:188} INFO - Extracting Pictures
[2024-05-17T21:14:09.409+0000] {logging_mixin.py:188} INFO - Extracting Key Details
[2024-05-17T21:14:11.557+0000] {logging_mixin.py:188} INFO - Extracting Listing Agent Details
[2024-05-17T21:14:12.633+0000] {logging_mixin.py:188} INFO - Extracting Redfin Agent Details
[2024-05-17T21:14:13.520+0000] {logging_mixin.py:188} INFO - Extracting Property Details
[2024-05-17T21:14:15.725+0000] {logging_mixin.py:188} INFO - {
  "address": "228 Ellsworth St San Francisco CA 94110",
  "price": "1695000",
  "beds": "3",
  "baths": "2",
  "link": "https://www.redfin.com/CA/San-Francisco/228-Ellsworth-St-94110/home/1519532",
  "photos": [
    "https://ssl.cdn-redfin.com/photo/9/bigphoto/301/424033301_0.jpg",
    "https://ssl.cdn-redfin.com/photo/9/mbpaddedwide/301/genMid.424033301_1_0.jpg",
    "https://ssl.cdn-redfin.com/photo/9/mbpaddedwide/301/genMid.424033301_2_0.jpg",
    "https://ssl.cdn-redfin.com/photo/9/mbpaddedwide/301/genMid.424033301_4_0.jpg",
    "https://ssl.cdn-redfin.com/photo/9/mbpaddedwide/301/genMid.424033301_5_0.jpg",
    "https://ssl.cdn-redfin.com/photo/9/bigphoto/301/424033301_3_0.jpg",
    "https://ssl.cdn-redfin.com/photo/9/bigphoto/301/424033301_9_0.jpg",
    "https://ssl.cdn-redfin.com/photo/9/bigphoto/301/424033301_15_0.jpg",
    "https://ssl.cdn-redfin.com/photo/9/bigphoto/301/424033301_21_0.jpg",
    "https://ssl.cdn-redfin.com/photo/9/bigphoto/301/424033301_27_0.jpg"
  ],
  "hoa_fee": "",
  "buyers_agent_fee": "",
  "property_type": "Single-family",
  "built_year": "1907",
  "lot_size": "1,746 sq ft lot",
  "parking": "1 parking space",
  "laundry": "In-unit laundry (washer and dryer)",
  "district": "SF District 9",
  "listing_agent_name": "Colleen Cotter",
  "listing_agent_contact": "",
  "redfin_agent_name": "Anthony Torres",
  "finished_sqft": "",
  "unfinished_sqft": "",
  "total_sqft": "1382",
  "stories": "1",
  "style": "Single Family Residential",
  "year_built": "1907",
  "year_renovated": "",
  "county": "San Francisco County",
  "APN": "5662011"
}
[2024-05-17T21:14:15.729+0000] {logging_mixin.py:188} INFO - Sending Data to Kafka
[2024-05-17T21:14:15.938+0000] {logging_mixin.py:188} INFO - --------
[2024-05-17T21:14:15.941+0000] {logging_mixin.py:188} INFO - 13
[2024-05-17T21:14:15.943+0000] {logging_mixin.py:188} INFO - Navigating to Listing page: https://www.redfin.com/CA/San-Francisco/209-211-Cole-St-94117/home/190847630
[2024-05-17T21:14:35.048+0000] {logging_mixin.py:188} INFO - Extracting Pictures
[2024-05-17T21:14:40.142+0000] {logging_mixin.py:188} INFO - Extracting Key Details
[2024-05-17T21:14:42.287+0000] {logging_mixin.py:188} INFO - Extracting Listing Agent Details
[2024-05-17T21:14:43.150+0000] {logging_mixin.py:188} INFO - Extracting Redfin Agent Details
[2024-05-17T21:14:43.760+0000] {logging_mixin.py:188} INFO - Extracting Property Details
[2024-05-17T21:14:45.357+0000] {logging_mixin.py:188} INFO - {
  "address": "209 - 211 Cole St San Francisco CA 94117",
  "price": "2750000",
  "beds": "4",
  "baths": "1",
  "link": "https://www.redfin.com/CA/San-Francisco/209-211-Cole-St-94117/home/190847630",
  "photos": [
    "https://ssl.cdn-redfin.com/photo/9/bigphoto/248/424034248_0.jpg",
    "https://ssl.cdn-redfin.com/photo/9/mbpaddedwide/248/genMid.424034248_1_0.jpg",
    "https://ssl.cdn-redfin.com/photo/9/mbpaddedwide/248/genMid.424034248_2_0.jpg",
    "https://ssl.cdn-redfin.com/photo/9/mbpaddedwide/248/genMid.424034248_4_0.jpg",
    "https://ssl.cdn-redfin.com/photo/9/mbpaddedwide/248/genMid.424034248_5_0.jpg",
    "https://ssl.cdn-redfin.com/photo/9/bigphoto/248/424034248_3_0.jpg",
    "https://ssl.cdn-redfin.com/photo/9/bigphoto/248/424034248_9_0.jpg",
    "https://ssl.cdn-redfin.com/photo/9/bigphoto/248/424034248_15_0.jpg",
    "https://ssl.cdn-redfin.com/photo/9/bigphoto/248/424034248_21_0.jpg",
    "https://ssl.cdn-redfin.com/photo/9/bigphoto/248/424034248_27_0.jpg"
  ],
  "hoa_fee": "",
  "buyers_agent_fee": "",
  "built_year": "1906",
  "property_type": "Multi-family (2-4 unit)",
  "lot_size": "2,578 sq ft lot",
  "price_per_sq_ft": "$907 per sq ft",
  "parking_spaces": "2 parking spaces",
  "location": "SF District 6",
  "listing_agent_name": "Jenn Davis",
  "listing_agent_contact": "",
  "redfin_agent_name": "Anthony Torres",
  "finished_sqft": "",
  "unfinished_sqft": "",
  "total_sqft": "",
  "stories": "",
  "style": "Multi-Family (2-4 Unit)",
  "year_built": "",
  "year_renovated": "",
  "county": "San Francisco County",
  "APN": "1212002A"
}
[2024-05-17T21:14:45.358+0000] {logging_mixin.py:188} INFO - Sending Data to Kafka
[2024-05-17T21:14:45.492+0000] {logging_mixin.py:188} INFO - --------
[2024-05-17T21:14:45.493+0000] {logging_mixin.py:188} INFO - 14
[2024-05-17T21:14:45.495+0000] {logging_mixin.py:188} INFO - Navigating to Listing page: https://www.redfin.com/CA/San-Francisco/88-Hoff-St-94110/unit-209/home/2004736
[2024-05-17T21:15:13.618+0000] {logging_mixin.py:188} INFO - Extracting Pictures
[2024-05-17T21:15:17.298+0000] {logging_mixin.py:188} INFO - Extracting Key Details
[2024-05-17T21:15:18.612+0000] {logging_mixin.py:188} INFO - Extracting Listing Agent Details
[2024-05-17T21:15:19.374+0000] {logging_mixin.py:188} INFO - Extracting Redfin Agent Details
[2024-05-17T21:15:20.395+0000] {logging_mixin.py:188} INFO - Extracting Property Details
[2024-05-17T21:15:22.155+0000] {logging_mixin.py:188} INFO - {
  "address": "88 Hoff St #209 San Francisco CA 94110",
  "price": "895000",
  "beds": "1",
  "baths": "1.5",
  "link": "https://www.redfin.com/CA/San-Francisco/88-Hoff-St-94110/unit-209/home/2004736",
  "photos": [
    "https://ssl.cdn-redfin.com/photo/9/bigphoto/745/424029745_0.jpg",
    "https://ssl.cdn-redfin.com/photo/9/mbpaddedwide/745/genMid.424029745_1_0.jpg",
    "https://ssl.cdn-redfin.com/photo/9/mbpaddedwide/745/genMid.424029745_2_0.jpg",
    "https://ssl.cdn-redfin.com/photo/9/mbpaddedwide/745/genMid.424029745_4_0.jpg",
    "https://ssl.cdn-redfin.com/photo/9/mbpaddedwide/745/genMid.424029745_5_0.jpg",
    "https://ssl.cdn-redfin.com/photo/9/bigphoto/745/424029745_3_0.jpg",
    "https://ssl.cdn-redfin.com/photo/9/bigphoto/745/424029745_9_0.jpg",
    "https://ssl.cdn-redfin.com/photo/9/bigphoto/745/424029745_15_0.jpg",
    "https://ssl.cdn-redfin.com/photo/9/bigphoto/745/424029745_21_0.jpg",
    "https://ssl.cdn-redfin.com/photo/9/bigphoto/745/424029745_27_0.jpg"
  ],
  "hoa_fee": "714",
  "buyers_agent_fee": "",
  "listing_agent_name": "Gabriella Fracchia",
  "listing_agent_contact": "",
  "redfin_agent_name": "Anthony Torres",
  "finished_sqft": "",
  "unfinished_sqft": "",
  "total_sqft": "907",
  "stories": "",
  "style": "Condo/Co-op",
  "year_built": "1999",
  "year_renovated": "",
  "county": "San Francisco County",
  "APN": "3569111"
}
[2024-05-17T21:15:22.159+0000] {logging_mixin.py:188} INFO - Sending Data to Kafka
[2024-05-17T21:15:22.414+0000] {logging_mixin.py:188} INFO - --------
[2024-05-17T21:15:22.414+0000] {logging_mixin.py:188} INFO - 15
[2024-05-17T21:15:22.416+0000] {logging_mixin.py:188} INFO - Navigating to Listing page: https://www.redfin.com/CA/San-Francisco/2758-36th-Ave-94116/home/665635
[2024-05-17T21:15:26.233+0000] {local_task_job_runner.py:310} WARNING - State of this instance has been externally set to failed. Terminating instance.
[2024-05-17T21:15:26.361+0000] {local_task_job_runner.py:222} INFO - ::endgroup::
[2024-05-17T21:15:26.414+0000] {process_utils.py:132} INFO - Sending 15 to group 10692. PIDs of all processes in the group: [10694, 10692]
[2024-05-17T21:15:26.417+0000] {process_utils.py:87} INFO - Sending the signal 15 to group 10692
[2024-05-17T21:15:26.422+0000] {taskinstance.py:2611} ERROR - Received SIGTERM. Terminating subprocesses.
[2024-05-17T21:15:26.516+0000] {process_utils.py:80} INFO - Process psutil.Process(pid=10694, status='terminated', started='21:08:01') (10694) terminated with exit code None
[2024-05-17T21:16:26.444+0000] {process_utils.py:150} WARNING - process psutil.Process(pid=10692, name='airflow task ru', status='sleeping', started='21:08:01') did not respond to SIGTERM. Trying SIGKILL
[2024-05-17T21:16:26.472+0000] {process_utils.py:87} INFO - Sending the signal 9 to group 10692
[2024-05-17T21:16:26.532+0000] {process_utils.py:80} INFO - Process psutil.Process(pid=10692, name='airflow task ru', status='terminated', exitcode=<Negsignal.SIGKILL: -9>, started='21:08:01') (10692) terminated with exit code -9
[2024-05-17T21:16:26.534+0000] {standard_task_runner.py:178} ERROR - Job 239 was killed before it finished (likely due to running out of memory)
