[2024-05-18T23:37:17.742+0000] {local_task_job_runner.py:120} INFO - ::group::Pre task execution logs
[2024-05-18T23:37:19.581+0000] {taskinstance.py:2076} INFO - Dependencies all met for dep_context=non-requeueable deps ti=<TaskInstance: Real_Estate_Webscraping_ETL.Ingest_Data_from_Redfin scheduled__2024-05-14T01:30:00+00:00 [queued]>
[2024-05-18T23:37:19.676+0000] {taskinstance.py:2076} INFO - Dependencies all met for dep_context=requeueable deps ti=<TaskInstance: Real_Estate_Webscraping_ETL.Ingest_Data_from_Redfin scheduled__2024-05-14T01:30:00+00:00 [queued]>
[2024-05-18T23:37:19.686+0000] {taskinstance.py:2306} INFO - Starting attempt 1 of 6
[2024-05-18T23:37:19.792+0000] {taskinstance.py:2330} INFO - Executing <Task(PythonOperator): Ingest_Data_from_Redfin> on 2024-05-14 01:30:00+00:00
[2024-05-18T23:37:19.991+0000] {standard_task_runner.py:63} INFO - Started process 1908 to run task
[2024-05-18T23:37:20.059+0000] {standard_task_runner.py:90} INFO - Running: ['***', 'tasks', 'run', 'Real_Estate_Webscraping_ETL', 'Ingest_Data_from_Redfin', 'scheduled__2024-05-14T01:30:00+00:00', '--job-id', '346', '--raw', '--subdir', 'DAGS_FOLDER/webscrapping.py', '--cfg-path', '/tmp/tmpmkezg9jf']
[2024-05-18T23:37:20.165+0000] {standard_task_runner.py:91} INFO - Job 346: Subtask Ingest_Data_from_Redfin
[2024-05-18T23:37:21.670+0000] {task_command.py:426} INFO - Running <TaskInstance: Real_Estate_Webscraping_ETL.Ingest_Data_from_Redfin scheduled__2024-05-14T01:30:00+00:00 [running]> on host c0373bd0174c
[2024-05-18T23:37:22.402+0000] {taskinstance.py:2648} INFO - Exporting env vars: AIRFLOW_CTX_DAG_OWNER='svc' AIRFLOW_CTX_DAG_ID='Real_Estate_Webscraping_ETL' AIRFLOW_CTX_TASK_ID='Ingest_Data_from_Redfin' AIRFLOW_CTX_EXECUTION_DATE='2024-05-14T01:30:00+00:00' AIRFLOW_CTX_TRY_NUMBER='1' AIRFLOW_CTX_DAG_RUN_ID='scheduled__2024-05-14T01:30:00+00:00'
[2024-05-18T23:37:22.448+0000] {taskinstance.py:430} INFO - ::endgroup::
[2024-05-18T23:37:22.823+0000] {conn.py:362} INFO - <BrokerConnection node_id=bootstrap-0 host=kafka:9092 <connecting> [IPv4 ('192.168.16.5', 9092)]>: connecting to kafka:9092 [('192.168.16.5', 9092) IPv4]
[2024-05-18T23:37:22.838+0000] {conn.py:957} INFO - Probing node bootstrap-0 broker version
[2024-05-18T23:37:22.901+0000] {conn.py:393} INFO - <BrokerConnection node_id=bootstrap-0 host=kafka:9092 <connecting> [IPv4 ('192.168.16.5', 9092)]>: Connection complete.
[2024-05-18T23:37:23.060+0000] {conn.py:1019} INFO - Broker version identified as 2.6.0
[2024-05-18T23:37:23.085+0000] {conn.py:1020} INFO - Set configuration api_version=(2, 6, 0) to skip auto check_version requests on startup
[2024-05-18T23:37:35.039+0000] {logging_mixin.py:188} INFO - Connecting to Scraping Browser
[2024-05-18T23:37:39.380+0000] {logging_mixin.py:188} INFO - Connected! Navigating to https://www.redfin.com
[2024-05-18T23:37:53.237+0000] {logging_mixin.py:188} INFO - Searching...
[2024-05-18T23:37:57.691+0000] {logging_mixin.py:188} INFO - --------
[2024-05-18T23:37:57.693+0000] {logging_mixin.py:188} INFO - 1
[2024-05-18T23:37:57.695+0000] {logging_mixin.py:188} INFO - Navigating to Listing page: https://www.redfin.com/NC/Charlotte/17113-Soho-Dr-28204/home/170607944
[2024-05-18T23:38:22.646+0000] {logging_mixin.py:188} INFO - Extracting Pictures
[2024-05-18T23:38:31.115+0000] {logging_mixin.py:188} INFO - Extracting Key Details
[2024-05-18T23:38:32.267+0000] {logging_mixin.py:188} INFO - Extracting Listing Agent Details
[2024-05-18T23:38:33.192+0000] {logging_mixin.py:188} INFO - Extracting Redfin Agent Details
[2024-05-18T23:38:34.015+0000] {logging_mixin.py:188} INFO - Extracting Property Details
[2024-05-18T23:38:35.327+0000] {logging_mixin.py:188} INFO - {
  "address": "17113 Soho Dr Charlotte NC 28204",
  "price": "760000",
  "beds": "3",
  "baths": "4.5",
  "link": "https://www.redfin.com/NC/Charlotte/17113-Soho-Dr-28204/home/170607944",
  "photos": [
    "https://ssl.cdn-redfin.com/system_files/media/922567_JPG/item_9.jpg",
    "https://ssl.cdn-redfin.com/system_files/media/922567_JPG/genLdpUgcMediaBrowserUrl/item_11.jpg",
    "https://my.matterport.com/api/v2/player/models/ED3A7ghRwH6/thumb",
    "https://ssl.cdn-redfin.com/system_files/media/922567_JPG/genLdpUgcMediaBrowserUrl/item_13.jpg",
    "https://ssl.cdn-redfin.com/system_files/media/922567_JPG/genLdpUgcMediaBrowserUrl/item_14.jpg",
    "https://ssl.cdn-redfin.com/system_files/media/922567_JPG/item_12.jpg",
    "https://ssl.cdn-redfin.com/system_files/media/922567_JPG/item_18.jpg",
    "https://ssl.cdn-redfin.com/system_files/media/922567_JPG/item_24.jpg",
    "https://ssl.cdn-redfin.com/system_files/media/922567_JPG/item_30.jpg",
    "https://ssl.cdn-redfin.com/system_files/media/922567_JPG/item_36.jpg",
    "https://ssl.cdn-redfin.com/system_files/media/922567_JPG/item_43.jpg",
    "https://ssl.cdn-redfin.com/system_files/media/922567_JPG/item_51.jpg"
  ],
  "hoa_fee": "236",
  "buyers_agent_fee": "2.5",
  "listing_agent_name": "Jon Bartholomew",
  "listing_agent_contact": "jonathan.bartholomew@redfin.com",
  "redfin_agent_name": "Stephen Passarelli",
  "finished_sqft": "",
  "unfinished_sqft": "",
  "total_sqft": "",
  "stories": "4",
  "style": "Townhouse",
  "year_built": "2020",
  "year_renovated": "",
  "county": "Mecklenburg County",
  "APN": "08111612"
}
[2024-05-18T23:38:35.337+0000] {logging_mixin.py:188} INFO - Sending Data to Kafka
[2024-05-18T23:38:35.397+0000] {conn.py:362} INFO - <BrokerConnection node_id=1 host=kafka:9092 <connecting> [IPv4 ('192.168.16.5', 9092)]>: connecting to kafka:9092 [('192.168.16.5', 9092) IPv4]
[2024-05-18T23:38:35.406+0000] {conn.py:393} INFO - <BrokerConnection node_id=1 host=kafka:9092 <connecting> [IPv4 ('192.168.16.5', 9092)]>: Connection complete.
[2024-05-18T23:38:35.411+0000] {conn.py:673} INFO - <BrokerConnection node_id=bootstrap-0 host=kafka:9092 <connected> [IPv4 ('192.168.16.5', 9092)]>: Closing connection. 
[2024-05-18T23:38:35.646+0000] {logging_mixin.py:188} INFO - --------
[2024-05-18T23:38:35.647+0000] {logging_mixin.py:188} INFO - 2
[2024-05-18T23:38:35.651+0000] {logging_mixin.py:188} INFO - Navigating to Listing page: https://www.redfin.com/NC/Charlotte/3200-Dunaire-Dr-28205/home/43938459
[2024-05-18T23:38:40.492+0000] {local_task_job_runner.py:310} WARNING - State of this instance has been externally set to None. Terminating instance.
[2024-05-18T23:38:40.533+0000] {local_task_job_runner.py:222} INFO - ::endgroup::
[2024-05-18T23:38:40.562+0000] {process_utils.py:132} INFO - Sending 15 to group 1908. PIDs of all processes in the group: [1936, 1908]
[2024-05-18T23:38:40.565+0000] {process_utils.py:87} INFO - Sending the signal 15 to group 1908
[2024-05-18T23:38:40.568+0000] {taskinstance.py:2611} ERROR - Received SIGTERM. Terminating subprocesses.
[2024-05-18T23:38:40.627+0000] {process_utils.py:80} INFO - Process psutil.Process(pid=1936, status='terminated', started='23:37:22') (1936) terminated with exit code None
[2024-05-18T23:39:40.608+0000] {process_utils.py:150} WARNING - process psutil.Process(pid=1908, name='airflow task ru', status='sleeping', started='23:37:19') did not respond to SIGTERM. Trying SIGKILL
[2024-05-18T23:39:40.660+0000] {process_utils.py:87} INFO - Sending the signal 9 to group 1908
[2024-05-18T23:39:40.767+0000] {process_utils.py:80} INFO - Process psutil.Process(pid=1908, name='airflow task ru', status='terminated', exitcode=<Negsignal.SIGKILL: -9>, started='23:37:19') (1908) terminated with exit code -9
[2024-05-18T23:39:40.772+0000] {standard_task_runner.py:178} ERROR - Job 346 was killed before it finished (likely due to running out of memory)
