[2024-05-17T15:34:31.457+0000] {local_task_job_runner.py:120} INFO - ::group::Pre task execution logs
[2024-05-17T15:34:31.484+0000] {taskinstance.py:2076} INFO - Dependencies all met for dep_context=non-requeueable deps ti=<TaskInstance: Webscrape.Process_Send_Data manual__2024-05-17T15:34:30.032993+00:00 [queued]>
[2024-05-17T15:34:31.491+0000] {taskinstance.py:2076} INFO - Dependencies all met for dep_context=requeueable deps ti=<TaskInstance: Webscrape.Process_Send_Data manual__2024-05-17T15:34:30.032993+00:00 [queued]>
[2024-05-17T15:34:31.491+0000] {taskinstance.py:2306} INFO - Starting attempt 1 of 6
[2024-05-17T15:34:31.499+0000] {taskinstance.py:2330} INFO - Executing <Task(SparkSubmitOperator): Process_Send_Data> on 2024-05-17 15:34:30.032993+00:00
[2024-05-17T15:34:31.506+0000] {standard_task_runner.py:63} INFO - Started process 752 to run task
[2024-05-17T15:34:31.544+0000] {standard_task_runner.py:90} INFO - Running: ['***', 'tasks', 'run', 'Webscrape', 'Process_Send_Data', 'manual__2024-05-17T15:34:30.032993+00:00', '--job-id', '210', '--raw', '--subdir', 'DAGS_FOLDER/webscrapping.py', '--cfg-path', '/tmp/tmpvk8sktic']
[2024-05-17T15:34:31.553+0000] {standard_task_runner.py:91} INFO - Job 210: Subtask Process_Send_Data
[2024-05-17T15:34:31.658+0000] {task_command.py:426} INFO - Running <TaskInstance: Webscrape.Process_Send_Data manual__2024-05-17T15:34:30.032993+00:00 [running]> on host 3e429f118033
[2024-05-17T15:34:31.821+0000] {taskinstance.py:2648} INFO - Exporting env vars: AIRFLOW_CTX_DAG_OWNER='svc' AIRFLOW_CTX_DAG_ID='Webscrape' AIRFLOW_CTX_TASK_ID='Process_Send_Data' AIRFLOW_CTX_EXECUTION_DATE='2024-05-17T15:34:30.032993+00:00' AIRFLOW_CTX_TRY_NUMBER='1' AIRFLOW_CTX_DAG_RUN_ID='manual__2024-05-17T15:34:30.032993+00:00'
[2024-05-17T15:34:31.823+0000] {taskinstance.py:430} INFO - ::endgroup::
[2024-05-17T15:34:31.849+0000] {base.py:84} INFO - Using connection ID 'spark_default' for task execution.
[2024-05-17T15:34:31.853+0000] {spark_submit.py:401} INFO - Spark-Submit cmd: spark-submit --master spark://spark-master:7077 --packages org.apache.spark:spark-sql-kafka-0-10_2.12:3.5.1,com.datastax.spark:spark-cassandra-connector_2.12:3.5.0,org.apache.kafka:kafka-clients:3.4.1,commons-logging:commons-logging:1.2 --name arrow-spark --deploy-mode client dags/includes/jobs/spark_consumer.py
[2024-05-17T15:34:31.961+0000] {spark_submit.py:571} INFO - /home/***/.local/lib/python3.11/site-packages/pyspark/bin/load-spark-env.sh: line 68: ps: command not found
[2024-05-17T15:34:33.639+0000] {spark_submit.py:571} INFO - :: loading settings :: url = jar:file:/home/***/.local/lib/python3.11/site-packages/pyspark/jars/ivy-2.5.1.jar!/org/apache/ivy/core/settings/ivysettings.xml
[2024-05-17T15:34:33.719+0000] {spark_submit.py:571} INFO - Ivy Default Cache set to: /home/***/.ivy2/cache
[2024-05-17T15:34:33.721+0000] {spark_submit.py:571} INFO - The jars for the packages stored in: /home/***/.ivy2/jars
[2024-05-17T15:34:33.736+0000] {spark_submit.py:571} INFO - org.apache.spark#spark-sql-kafka-0-10_2.12 added as a dependency
[2024-05-17T15:34:33.737+0000] {spark_submit.py:571} INFO - com.datastax.spark#spark-cassandra-connector_2.12 added as a dependency
[2024-05-17T15:34:33.738+0000] {spark_submit.py:571} INFO - org.apache.kafka#kafka-clients added as a dependency
[2024-05-17T15:34:33.738+0000] {spark_submit.py:571} INFO - commons-logging#commons-logging added as a dependency
[2024-05-17T15:34:33.739+0000] {spark_submit.py:571} INFO - :: resolving dependencies :: org.apache.spark#spark-submit-parent-d0b5a44a-f194-47b9-86ef-c9329209d64a;1.0
[2024-05-17T15:34:33.740+0000] {spark_submit.py:571} INFO - confs: [default]
[2024-05-17T15:34:33.855+0000] {spark_submit.py:571} INFO - found org.apache.spark#spark-sql-kafka-0-10_2.12;3.5.1 in central
[2024-05-17T15:34:33.892+0000] {spark_submit.py:571} INFO - found org.apache.spark#spark-token-provider-kafka-0-10_2.12;3.5.1 in central
[2024-05-17T15:34:34.607+0000] {spark_submit.py:571} INFO - found org.apache.kafka#kafka-clients;3.4.1 in central
[2024-05-17T15:34:34.703+0000] {spark_submit.py:571} INFO - found com.github.luben#zstd-jni;1.5.5-4 in central
[2024-05-17T15:34:34.719+0000] {spark_submit.py:571} INFO - found org.lz4#lz4-java;1.8.0 in central
[2024-05-17T15:34:34.735+0000] {spark_submit.py:571} INFO - found org.xerial.snappy#snappy-java;1.1.10.3 in central
[2024-05-17T15:34:34.751+0000] {spark_submit.py:571} INFO - found org.slf4j#slf4j-api;2.0.7 in central
[2024-05-17T15:34:34.779+0000] {spark_submit.py:571} INFO - found org.apache.hadoop#hadoop-client-runtime;3.3.4 in central
[2024-05-17T15:34:34.802+0000] {spark_submit.py:571} INFO - found org.apache.hadoop#hadoop-client-api;3.3.4 in central
[2024-05-17T15:34:34.837+0000] {spark_submit.py:571} INFO - found com.google.code.findbugs#jsr305;3.0.0 in central
[2024-05-17T15:34:34.863+0000] {spark_submit.py:571} INFO - found org.apache.commons#commons-pool2;2.11.1 in central
[2024-05-17T15:34:34.998+0000] {spark_submit.py:571} INFO - found com.datastax.spark#spark-cassandra-connector_2.12;3.5.0 in central
[2024-05-17T15:34:35.174+0000] {spark_submit.py:571} INFO - found com.datastax.spark#spark-cassandra-connector-driver_2.12;3.5.0 in central
[2024-05-17T15:34:35.275+0000] {spark_submit.py:571} INFO - found org.scala-lang.modules#scala-collection-compat_2.12;2.11.0 in central
[2024-05-17T15:34:37.236+0000] {spark_submit.py:571} INFO - found com.datastax.oss#java-driver-core-shaded;4.13.0 in central
[2024-05-17T15:34:37.348+0000] {spark_submit.py:571} INFO - found com.datastax.oss#native-protocol;1.5.0 in central
[2024-05-17T15:34:37.445+0000] {spark_submit.py:571} INFO - found com.datastax.oss#java-driver-shaded-guava;25.1-jre-graal-sub-1 in central
[2024-05-17T15:34:37.543+0000] {spark_submit.py:571} INFO - found com.typesafe#config;1.4.1 in central
[2024-05-17T15:34:38.264+0000] {spark_submit.py:571} INFO - found io.dropwizard.metrics#metrics-core;4.1.18 in central
[2024-05-17T15:34:38.372+0000] {spark_submit.py:571} INFO - found org.hdrhistogram#HdrHistogram;2.1.12 in central
[2024-05-17T15:34:38.478+0000] {spark_submit.py:571} INFO - found org.reactivestreams#reactive-streams;1.0.3 in central
[2024-05-17T15:34:38.739+0000] {spark_submit.py:571} INFO - found com.github.stephenc.jcip#jcip-annotations;1.0-1 in central
[2024-05-17T15:34:38.842+0000] {spark_submit.py:571} INFO - found com.github.spotbugs#spotbugs-annotations;3.1.12 in central
[2024-05-17T15:34:38.932+0000] {spark_submit.py:571} INFO - found com.google.code.findbugs#jsr305;3.0.2 in central
[2024-05-17T15:34:39.032+0000] {spark_submit.py:571} INFO - found com.datastax.oss#java-driver-mapper-runtime;4.13.0 in central
[2024-05-17T15:34:39.122+0000] {spark_submit.py:571} INFO - found com.datastax.oss#java-driver-query-builder;4.13.0 in central
[2024-05-17T15:34:39.604+0000] {spark_submit.py:571} INFO - found org.apache.commons#commons-lang3;3.10 in central
[2024-05-17T15:34:40.011+0000] {spark_submit.py:571} INFO - found com.thoughtworks.paranamer#paranamer;2.8 in central
[2024-05-17T15:34:40.091+0000] {spark_submit.py:571} INFO - found org.scala-lang#scala-reflect;2.12.11 in central
[2024-05-17T15:34:40.098+0000] {spark_submit.py:571} INFO - found commons-logging#commons-logging;1.2 in central
[2024-05-17T15:34:40.172+0000] {spark_submit.py:571} INFO - downloading https://repo1.maven.org/maven2/com/datastax/spark/spark-cassandra-connector_2.12/3.5.0/spark-cassandra-connector_2.12-3.5.0.jar ...
[2024-05-17T15:34:40.680+0000] {spark_submit.py:571} INFO - [SUCCESSFUL ] com.datastax.spark#spark-cassandra-connector_2.12;3.5.0!spark-cassandra-connector_2.12.jar (575ms)
[2024-05-17T15:34:40.718+0000] {spark_submit.py:571} INFO - downloading https://repo1.maven.org/maven2/org/apache/kafka/kafka-clients/3.4.1/kafka-clients-3.4.1.jar ...
[2024-05-17T15:34:41.640+0000] {spark_submit.py:571} INFO - [SUCCESSFUL ] org.apache.kafka#kafka-clients;3.4.1!kafka-clients.jar (953ms)
[2024-05-17T15:34:41.692+0000] {spark_submit.py:571} INFO - downloading https://repo1.maven.org/maven2/com/github/luben/zstd-jni/1.5.5-4/zstd-jni-1.5.5-4.jar ...
[2024-05-17T15:34:42.549+0000] {spark_submit.py:571} INFO - [SUCCESSFUL ] com.github.luben#zstd-jni;1.5.5-4!zstd-jni.jar (895ms)
[2024-05-17T15:34:42.617+0000] {spark_submit.py:571} INFO - downloading https://repo1.maven.org/maven2/com/datastax/spark/spark-cassandra-connector-driver_2.12/3.5.0/spark-cassandra-connector-driver_2.12-3.5.0.jar ...
[2024-05-17T15:34:42.776+0000] {spark_submit.py:571} INFO - [SUCCESSFUL ] com.datastax.spark#spark-cassandra-connector-driver_2.12;3.5.0!spark-cassandra-connector-driver_2.12.jar (220ms)
[2024-05-17T15:34:42.820+0000] {spark_submit.py:571} INFO - downloading https://repo1.maven.org/maven2/org/scala-lang/modules/scala-collection-compat_2.12/2.11.0/scala-collection-compat_2.12-2.11.0.jar ...
[2024-05-17T15:34:42.892+0000] {spark_submit.py:571} INFO - [SUCCESSFUL ] org.scala-lang.modules#scala-collection-compat_2.12;2.11.0!scala-collection-compat_2.12.jar (115ms)
[2024-05-17T15:34:43.000+0000] {spark_submit.py:571} INFO - downloading https://repo1.maven.org/maven2/com/datastax/oss/java-driver-core-shaded/4.13.0/java-driver-core-shaded-4.13.0.jar ...
[2024-05-17T15:34:44.536+0000] {spark_submit.py:571} INFO - [SUCCESSFUL ] com.datastax.oss#java-driver-core-shaded;4.13.0!java-driver-core-shaded.jar (1643ms)
[2024-05-17T15:34:44.584+0000] {spark_submit.py:571} INFO - downloading https://repo1.maven.org/maven2/com/datastax/oss/java-driver-mapper-runtime/4.13.0/java-driver-mapper-runtime-4.13.0.jar ...
[2024-05-17T15:34:44.656+0000] {spark_submit.py:571} INFO - [SUCCESSFUL ] com.datastax.oss#java-driver-mapper-runtime;4.13.0!java-driver-mapper-runtime.jar(bundle) (115ms)
[2024-05-17T15:34:44.700+0000] {spark_submit.py:571} INFO - downloading https://repo1.maven.org/maven2/org/apache/commons/commons-lang3/3.10/commons-lang3-3.10.jar ...
[2024-05-17T15:34:44.818+0000] {spark_submit.py:571} INFO - [SUCCESSFUL ] org.apache.commons#commons-lang3;3.10!commons-lang3.jar (160ms)
[2024-05-17T15:34:44.859+0000] {spark_submit.py:571} INFO - downloading https://repo1.maven.org/maven2/com/thoughtworks/paranamer/paranamer/2.8/paranamer-2.8.jar ...
[2024-05-17T15:34:44.912+0000] {spark_submit.py:571} INFO - [SUCCESSFUL ] com.thoughtworks.paranamer#paranamer;2.8!paranamer.jar(bundle) (93ms)
[2024-05-17T15:34:44.957+0000] {spark_submit.py:571} INFO - downloading https://repo1.maven.org/maven2/org/scala-lang/scala-reflect/2.12.11/scala-reflect-2.12.11.jar ...
[2024-05-17T15:34:45.379+0000] {spark_submit.py:571} INFO - [SUCCESSFUL ] org.scala-lang#scala-reflect;2.12.11!scala-reflect.jar (463ms)
[2024-05-17T15:34:45.419+0000] {spark_submit.py:571} INFO - downloading https://repo1.maven.org/maven2/com/datastax/oss/native-protocol/1.5.0/native-protocol-1.5.0.jar ...
[2024-05-17T15:34:45.506+0000] {spark_submit.py:571} INFO - [SUCCESSFUL ] com.datastax.oss#native-protocol;1.5.0!native-protocol.jar(bundle) (125ms)
[2024-05-17T15:34:45.550+0000] {spark_submit.py:571} INFO - downloading https://repo1.maven.org/maven2/com/datastax/oss/java-driver-shaded-guava/25.1-jre-graal-sub-1/java-driver-shaded-guava-25.1-jre-graal-sub-1.jar ...
[2024-05-17T15:34:46.001+0000] {spark_submit.py:571} INFO - [SUCCESSFUL ] com.datastax.oss#java-driver-shaded-guava;25.1-jre-graal-sub-1!java-driver-shaded-guava.jar (494ms)
[2024-05-17T15:34:46.041+0000] {spark_submit.py:571} INFO - downloading https://repo1.maven.org/maven2/com/typesafe/config/1.4.1/config-1.4.1.jar ...
[2024-05-17T15:34:46.118+0000] {spark_submit.py:571} INFO - [SUCCESSFUL ] com.typesafe#config;1.4.1!config.jar(bundle) (114ms)
[2024-05-17T15:34:46.153+0000] {spark_submit.py:571} INFO - downloading https://repo1.maven.org/maven2/io/dropwizard/metrics/metrics-core/4.1.18/metrics-core-4.1.18.jar ...
[2024-05-17T15:34:46.213+0000] {spark_submit.py:571} INFO - [SUCCESSFUL ] io.dropwizard.metrics#metrics-core;4.1.18!metrics-core.jar(bundle) (95ms)
[2024-05-17T15:34:46.266+0000] {spark_submit.py:571} INFO - downloading https://repo1.maven.org/maven2/org/hdrhistogram/HdrHistogram/2.1.12/HdrHistogram-2.1.12.jar ...
[2024-05-17T15:34:46.325+0000] {spark_submit.py:571} INFO - [SUCCESSFUL ] org.hdrhistogram#HdrHistogram;2.1.12!HdrHistogram.jar(bundle) (108ms)
[2024-05-17T15:34:46.364+0000] {spark_submit.py:571} INFO - downloading https://repo1.maven.org/maven2/org/reactivestreams/reactive-streams/1.0.3/reactive-streams-1.0.3.jar ...
[2024-05-17T15:34:46.423+0000] {spark_submit.py:571} INFO - [SUCCESSFUL ] org.reactivestreams#reactive-streams;1.0.3!reactive-streams.jar (95ms)
[2024-05-17T15:34:46.461+0000] {spark_submit.py:571} INFO - downloading https://repo1.maven.org/maven2/com/github/stephenc/jcip/jcip-annotations/1.0-1/jcip-annotations-1.0-1.jar ...
[2024-05-17T15:34:46.686+0000] {spark_submit.py:571} INFO - [SUCCESSFUL ] com.github.stephenc.jcip#jcip-annotations;1.0-1!jcip-annotations.jar (261ms)
[2024-05-17T15:34:46.729+0000] {spark_submit.py:571} INFO - downloading https://repo1.maven.org/maven2/com/github/spotbugs/spotbugs-annotations/3.1.12/spotbugs-annotations-3.1.12.jar ...
[2024-05-17T15:34:46.810+0000] {spark_submit.py:571} INFO - [SUCCESSFUL ] com.github.spotbugs#spotbugs-annotations;3.1.12!spotbugs-annotations.jar (121ms)
[2024-05-17T15:34:46.844+0000] {spark_submit.py:571} INFO - downloading https://repo1.maven.org/maven2/com/google/code/findbugs/jsr305/3.0.2/jsr305-3.0.2.jar ...
[2024-05-17T15:34:46.892+0000] {spark_submit.py:571} INFO - [SUCCESSFUL ] com.google.code.findbugs#jsr305;3.0.2!jsr305.jar (81ms)
[2024-05-17T15:34:46.927+0000] {spark_submit.py:571} INFO - downloading https://repo1.maven.org/maven2/com/datastax/oss/java-driver-query-builder/4.13.0/java-driver-query-builder-4.13.0.jar ...
[2024-05-17T15:34:47.020+0000] {spark_submit.py:571} INFO - [SUCCESSFUL ] com.datastax.oss#java-driver-query-builder;4.13.0!java-driver-query-builder.jar(bundle) (127ms)
[2024-05-17T15:34:47.022+0000] {spark_submit.py:571} INFO - :: resolution report :: resolve 6367ms :: artifacts dl 6916ms
[2024-05-17T15:34:47.023+0000] {spark_submit.py:571} INFO - :: modules in use:
[2024-05-17T15:34:47.023+0000] {spark_submit.py:571} INFO - com.datastax.oss#java-driver-core-shaded;4.13.0 from central in [default]
[2024-05-17T15:34:47.024+0000] {spark_submit.py:571} INFO - com.datastax.oss#java-driver-mapper-runtime;4.13.0 from central in [default]
[2024-05-17T15:34:47.024+0000] {spark_submit.py:571} INFO - com.datastax.oss#java-driver-query-builder;4.13.0 from central in [default]
[2024-05-17T15:34:47.025+0000] {spark_submit.py:571} INFO - com.datastax.oss#java-driver-shaded-guava;25.1-jre-graal-sub-1 from central in [default]
[2024-05-17T15:34:47.025+0000] {spark_submit.py:571} INFO - com.datastax.oss#native-protocol;1.5.0 from central in [default]
[2024-05-17T15:34:47.025+0000] {spark_submit.py:571} INFO - com.datastax.spark#spark-cassandra-connector-driver_2.12;3.5.0 from central in [default]
[2024-05-17T15:34:47.026+0000] {spark_submit.py:571} INFO - com.datastax.spark#spark-cassandra-connector_2.12;3.5.0 from central in [default]
[2024-05-17T15:34:47.026+0000] {spark_submit.py:571} INFO - com.github.luben#zstd-jni;1.5.5-4 from central in [default]
[2024-05-17T15:34:47.026+0000] {spark_submit.py:571} INFO - com.github.spotbugs#spotbugs-annotations;3.1.12 from central in [default]
[2024-05-17T15:34:47.027+0000] {spark_submit.py:571} INFO - com.github.stephenc.jcip#jcip-annotations;1.0-1 from central in [default]
[2024-05-17T15:34:47.028+0000] {spark_submit.py:571} INFO - com.google.code.findbugs#jsr305;3.0.2 from central in [default]
[2024-05-17T15:34:47.029+0000] {spark_submit.py:571} INFO - com.thoughtworks.paranamer#paranamer;2.8 from central in [default]
[2024-05-17T15:34:47.030+0000] {spark_submit.py:571} INFO - com.typesafe#config;1.4.1 from central in [default]
[2024-05-17T15:34:47.031+0000] {spark_submit.py:571} INFO - commons-logging#commons-logging;1.2 from central in [default]
[2024-05-17T15:34:47.034+0000] {spark_submit.py:571} INFO - io.dropwizard.metrics#metrics-core;4.1.18 from central in [default]
[2024-05-17T15:34:47.037+0000] {spark_submit.py:571} INFO - org.apache.commons#commons-lang3;3.10 from central in [default]
[2024-05-17T15:34:47.038+0000] {spark_submit.py:571} INFO - org.apache.commons#commons-pool2;2.11.1 from central in [default]
[2024-05-17T15:34:47.038+0000] {spark_submit.py:571} INFO - org.apache.hadoop#hadoop-client-api;3.3.4 from central in [default]
[2024-05-17T15:34:47.038+0000] {spark_submit.py:571} INFO - org.apache.hadoop#hadoop-client-runtime;3.3.4 from central in [default]
[2024-05-17T15:34:47.039+0000] {spark_submit.py:571} INFO - org.apache.kafka#kafka-clients;3.4.1 from central in [default]
[2024-05-17T15:34:47.039+0000] {spark_submit.py:571} INFO - org.apache.spark#spark-sql-kafka-0-10_2.12;3.5.1 from central in [default]
[2024-05-17T15:34:47.039+0000] {spark_submit.py:571} INFO - org.apache.spark#spark-token-provider-kafka-0-10_2.12;3.5.1 from central in [default]
[2024-05-17T15:34:47.040+0000] {spark_submit.py:571} INFO - org.hdrhistogram#HdrHistogram;2.1.12 from central in [default]
[2024-05-17T15:34:47.040+0000] {spark_submit.py:571} INFO - org.lz4#lz4-java;1.8.0 from central in [default]
[2024-05-17T15:34:47.040+0000] {spark_submit.py:571} INFO - org.reactivestreams#reactive-streams;1.0.3 from central in [default]
[2024-05-17T15:34:47.041+0000] {spark_submit.py:571} INFO - org.scala-lang#scala-reflect;2.12.11 from central in [default]
[2024-05-17T15:34:47.041+0000] {spark_submit.py:571} INFO - org.scala-lang.modules#scala-collection-compat_2.12;2.11.0 from central in [default]
[2024-05-17T15:34:47.041+0000] {spark_submit.py:571} INFO - org.slf4j#slf4j-api;2.0.7 from central in [default]
[2024-05-17T15:34:47.042+0000] {spark_submit.py:571} INFO - org.xerial.snappy#snappy-java;1.1.10.3 from central in [default]
[2024-05-17T15:34:47.042+0000] {spark_submit.py:571} INFO - :: evicted modules:
[2024-05-17T15:34:47.042+0000] {spark_submit.py:571} INFO - commons-logging#commons-logging;1.1.3 by [commons-logging#commons-logging;1.2] in [default]
[2024-05-17T15:34:47.043+0000] {spark_submit.py:571} INFO - com.google.code.findbugs#jsr305;3.0.0 by [com.google.code.findbugs#jsr305;3.0.2] in [default]
[2024-05-17T15:34:47.043+0000] {spark_submit.py:571} INFO - org.slf4j#slf4j-api;1.7.26 by [org.slf4j#slf4j-api;2.0.7] in [default]
[2024-05-17T15:34:47.044+0000] {spark_submit.py:571} INFO - ---------------------------------------------------------------------
[2024-05-17T15:34:47.044+0000] {spark_submit.py:571} INFO - |                  |            modules            ||   artifacts   |
[2024-05-17T15:34:47.044+0000] {spark_submit.py:571} INFO - |       conf       | number| search|dwnlded|evicted|| number|dwnlded|
[2024-05-17T15:34:47.050+0000] {spark_submit.py:571} INFO - ---------------------------------------------------------------------
[2024-05-17T15:34:47.051+0000] {spark_submit.py:571} INFO - |      default     |   32  |   20  |   20  |   3   ||   29  |   20  |
[2024-05-17T15:34:47.051+0000] {spark_submit.py:571} INFO - ---------------------------------------------------------------------
[2024-05-17T15:34:47.052+0000] {spark_submit.py:571} INFO - :: retrieving :: org.apache.spark#spark-submit-parent-d0b5a44a-f194-47b9-86ef-c9329209d64a
[2024-05-17T15:34:47.052+0000] {spark_submit.py:571} INFO - confs: [default]
[2024-05-17T15:34:47.438+0000] {spark_submit.py:571} INFO - 29 artifacts copied, 0 already retrieved (80862kB/385ms)
[2024-05-17T15:34:47.617+0000] {spark_submit.py:571} INFO - 24/05/17 15:34:47 WARN NativeCodeLoader: Unable to load native-hadoop library for your platform... using builtin-java classes where applicable
[2024-05-17T15:34:50.985+0000] {spark_submit.py:571} INFO - 24/05/17 15:34:50 INFO SparkContext: Running Spark version 3.5.1
[2024-05-17T15:34:50.994+0000] {spark_submit.py:571} INFO - 24/05/17 15:34:50 INFO SparkContext: OS info Linux, 6.6.26-linuxkit, aarch64
[2024-05-17T15:34:50.995+0000] {spark_submit.py:571} INFO - 24/05/17 15:34:50 INFO SparkContext: Java version 11.0.23
[2024-05-17T15:34:51.052+0000] {spark_submit.py:571} INFO - 24/05/17 15:34:51 INFO ResourceUtils: ==============================================================
[2024-05-17T15:34:51.053+0000] {spark_submit.py:571} INFO - 24/05/17 15:34:51 INFO ResourceUtils: No custom resources configured for spark.driver.
[2024-05-17T15:34:51.055+0000] {spark_submit.py:571} INFO - 24/05/17 15:34:51 INFO ResourceUtils: ==============================================================
[2024-05-17T15:34:51.056+0000] {spark_submit.py:571} INFO - 24/05/17 15:34:51 INFO SparkContext: Submitted application: Redfin_Properties_Consumer
[2024-05-17T15:34:51.121+0000] {spark_submit.py:571} INFO - 24/05/17 15:34:51 INFO ResourceProfile: Default ResourceProfile created, executor resources: Map(memory -> name: memory, amount: 1024, script: , vendor: , offHeap -> name: offHeap, amount: 0, script: , vendor: ), task resources: Map(cpus -> name: cpus, amount: 1.0)
[2024-05-17T15:34:51.178+0000] {spark_submit.py:571} INFO - 24/05/17 15:34:51 INFO ResourceProfile: Limiting resource is cpu
[2024-05-17T15:34:51.180+0000] {spark_submit.py:571} INFO - 24/05/17 15:34:51 INFO ResourceProfileManager: Added ResourceProfile id: 0
[2024-05-17T15:34:51.359+0000] {spark_submit.py:571} INFO - 24/05/17 15:34:51 INFO SecurityManager: Changing view acls to: ***
[2024-05-17T15:34:51.361+0000] {spark_submit.py:571} INFO - 24/05/17 15:34:51 INFO SecurityManager: Changing modify acls to: ***
[2024-05-17T15:34:51.364+0000] {spark_submit.py:571} INFO - 24/05/17 15:34:51 INFO SecurityManager: Changing view acls groups to:
[2024-05-17T15:34:51.369+0000] {spark_submit.py:571} INFO - 24/05/17 15:34:51 INFO SecurityManager: Changing modify acls groups to:
[2024-05-17T15:34:51.371+0000] {spark_submit.py:571} INFO - 24/05/17 15:34:51 INFO SecurityManager: SecurityManager: authentication disabled; ui acls disabled; users with view permissions: ***; groups with view permissions: EMPTY; users with modify permissions: ***; groups with modify permissions: EMPTY
[2024-05-17T15:34:52.371+0000] {spark_submit.py:571} INFO - 24/05/17 15:34:52 INFO Utils: Successfully started service 'sparkDriver' on port 42393.
[2024-05-17T15:34:52.439+0000] {spark_submit.py:571} INFO - 24/05/17 15:34:52 INFO SparkEnv: Registering MapOutputTracker
[2024-05-17T15:34:52.515+0000] {spark_submit.py:571} INFO - 24/05/17 15:34:52 INFO SparkEnv: Registering BlockManagerMaster
[2024-05-17T15:34:52.550+0000] {spark_submit.py:571} INFO - 24/05/17 15:34:52 INFO BlockManagerMasterEndpoint: Using org.apache.spark.storage.DefaultTopologyMapper for getting topology information
[2024-05-17T15:34:52.551+0000] {spark_submit.py:571} INFO - 24/05/17 15:34:52 INFO BlockManagerMasterEndpoint: BlockManagerMasterEndpoint up
[2024-05-17T15:34:52.555+0000] {spark_submit.py:571} INFO - 24/05/17 15:34:52 INFO SparkEnv: Registering BlockManagerMasterHeartbeat
[2024-05-17T15:34:52.603+0000] {spark_submit.py:571} INFO - 24/05/17 15:34:52 INFO DiskBlockManager: Created local directory at /tmp/blockmgr-b2fb9e86-10e6-40c2-bf7c-230269508fd9
[2024-05-17T15:34:52.626+0000] {spark_submit.py:571} INFO - 24/05/17 15:34:52 INFO MemoryStore: MemoryStore started with capacity 434.4 MiB
[2024-05-17T15:34:52.641+0000] {spark_submit.py:571} INFO - 24/05/17 15:34:52 INFO SparkEnv: Registering OutputCommitCoordinator
[2024-05-17T15:34:52.787+0000] {spark_submit.py:571} INFO - 24/05/17 15:34:52 INFO JettyUtils: Start Jetty 0.0.0.0:4040 for SparkUI
[2024-05-17T15:34:52.850+0000] {spark_submit.py:571} INFO - 24/05/17 15:34:52 INFO Utils: Successfully started service 'SparkUI' on port 4040.
[2024-05-17T15:34:52.932+0000] {spark_submit.py:571} INFO - 24/05/17 15:34:52 INFO SparkContext: Added JAR file:///home/***/.ivy2/jars/org.apache.spark_spark-sql-kafka-0-10_2.12-3.5.1.jar at spark://3e429f118033:42393/jars/org.apache.spark_spark-sql-kafka-0-10_2.12-3.5.1.jar with timestamp 1715960090905
[2024-05-17T15:34:52.935+0000] {spark_submit.py:571} INFO - 24/05/17 15:34:52 INFO SparkContext: Added JAR file:///home/***/.ivy2/jars/com.datastax.spark_spark-cassandra-connector_2.12-3.5.0.jar at spark://3e429f118033:42393/jars/com.datastax.spark_spark-cassandra-connector_2.12-3.5.0.jar with timestamp 1715960090905
[2024-05-17T15:34:52.937+0000] {spark_submit.py:571} INFO - 24/05/17 15:34:52 INFO SparkContext: Added JAR file:///home/***/.ivy2/jars/org.apache.kafka_kafka-clients-3.4.1.jar at spark://3e429f118033:42393/jars/org.apache.kafka_kafka-clients-3.4.1.jar with timestamp 1715960090905
[2024-05-17T15:34:52.940+0000] {spark_submit.py:571} INFO - 24/05/17 15:34:52 INFO SparkContext: Added JAR file:///home/***/.ivy2/jars/commons-logging_commons-logging-1.2.jar at spark://3e429f118033:42393/jars/commons-logging_commons-logging-1.2.jar with timestamp 1715960090905
[2024-05-17T15:34:52.940+0000] {spark_submit.py:571} INFO - 24/05/17 15:34:52 INFO SparkContext: Added JAR file:///home/***/.ivy2/jars/org.apache.spark_spark-token-provider-kafka-0-10_2.12-3.5.1.jar at spark://3e429f118033:42393/jars/org.apache.spark_spark-token-provider-kafka-0-10_2.12-3.5.1.jar with timestamp 1715960090905
[2024-05-17T15:34:52.941+0000] {spark_submit.py:571} INFO - 24/05/17 15:34:52 INFO SparkContext: Added JAR file:///home/***/.ivy2/jars/org.apache.commons_commons-pool2-2.11.1.jar at spark://3e429f118033:42393/jars/org.apache.commons_commons-pool2-2.11.1.jar with timestamp 1715960090905
[2024-05-17T15:34:52.941+0000] {spark_submit.py:571} INFO - 24/05/17 15:34:52 INFO SparkContext: Added JAR file:///home/***/.ivy2/jars/org.apache.hadoop_hadoop-client-runtime-3.3.4.jar at spark://3e429f118033:42393/jars/org.apache.hadoop_hadoop-client-runtime-3.3.4.jar with timestamp 1715960090905
[2024-05-17T15:34:52.941+0000] {spark_submit.py:571} INFO - 24/05/17 15:34:52 INFO SparkContext: Added JAR file:///home/***/.ivy2/jars/com.github.luben_zstd-jni-1.5.5-4.jar at spark://3e429f118033:42393/jars/com.github.luben_zstd-jni-1.5.5-4.jar with timestamp 1715960090905
[2024-05-17T15:34:52.941+0000] {spark_submit.py:571} INFO - 24/05/17 15:34:52 INFO SparkContext: Added JAR file:///home/***/.ivy2/jars/org.lz4_lz4-java-1.8.0.jar at spark://3e429f118033:42393/jars/org.lz4_lz4-java-1.8.0.jar with timestamp 1715960090905
[2024-05-17T15:34:52.942+0000] {spark_submit.py:571} INFO - 24/05/17 15:34:52 INFO SparkContext: Added JAR file:///home/***/.ivy2/jars/org.xerial.snappy_snappy-java-1.1.10.3.jar at spark://3e429f118033:42393/jars/org.xerial.snappy_snappy-java-1.1.10.3.jar with timestamp 1715960090905
[2024-05-17T15:34:52.942+0000] {spark_submit.py:571} INFO - 24/05/17 15:34:52 INFO SparkContext: Added JAR file:///home/***/.ivy2/jars/org.slf4j_slf4j-api-2.0.7.jar at spark://3e429f118033:42393/jars/org.slf4j_slf4j-api-2.0.7.jar with timestamp 1715960090905
[2024-05-17T15:34:52.942+0000] {spark_submit.py:571} INFO - 24/05/17 15:34:52 INFO SparkContext: Added JAR file:///home/***/.ivy2/jars/org.apache.hadoop_hadoop-client-api-3.3.4.jar at spark://3e429f118033:42393/jars/org.apache.hadoop_hadoop-client-api-3.3.4.jar with timestamp 1715960090905
[2024-05-17T15:34:52.942+0000] {spark_submit.py:571} INFO - 24/05/17 15:34:52 INFO SparkContext: Added JAR file:///home/***/.ivy2/jars/com.datastax.spark_spark-cassandra-connector-driver_2.12-3.5.0.jar at spark://3e429f118033:42393/jars/com.datastax.spark_spark-cassandra-connector-driver_2.12-3.5.0.jar with timestamp 1715960090905
[2024-05-17T15:34:52.943+0000] {spark_submit.py:571} INFO - 24/05/17 15:34:52 INFO SparkContext: Added JAR file:///home/***/.ivy2/jars/org.scala-lang.modules_scala-collection-compat_2.12-2.11.0.jar at spark://3e429f118033:42393/jars/org.scala-lang.modules_scala-collection-compat_2.12-2.11.0.jar with timestamp 1715960090905
[2024-05-17T15:34:52.943+0000] {spark_submit.py:571} INFO - 24/05/17 15:34:52 INFO SparkContext: Added JAR file:///home/***/.ivy2/jars/com.datastax.oss_java-driver-core-shaded-4.13.0.jar at spark://3e429f118033:42393/jars/com.datastax.oss_java-driver-core-shaded-4.13.0.jar with timestamp 1715960090905
[2024-05-17T15:34:52.943+0000] {spark_submit.py:571} INFO - 24/05/17 15:34:52 INFO SparkContext: Added JAR file:///home/***/.ivy2/jars/com.datastax.oss_java-driver-mapper-runtime-4.13.0.jar at spark://3e429f118033:42393/jars/com.datastax.oss_java-driver-mapper-runtime-4.13.0.jar with timestamp 1715960090905
[2024-05-17T15:34:52.943+0000] {spark_submit.py:571} INFO - 24/05/17 15:34:52 INFO SparkContext: Added JAR file:///home/***/.ivy2/jars/org.apache.commons_commons-lang3-3.10.jar at spark://3e429f118033:42393/jars/org.apache.commons_commons-lang3-3.10.jar with timestamp 1715960090905
[2024-05-17T15:34:52.944+0000] {spark_submit.py:571} INFO - 24/05/17 15:34:52 INFO SparkContext: Added JAR file:///home/***/.ivy2/jars/com.thoughtworks.paranamer_paranamer-2.8.jar at spark://3e429f118033:42393/jars/com.thoughtworks.paranamer_paranamer-2.8.jar with timestamp 1715960090905
[2024-05-17T15:34:52.944+0000] {spark_submit.py:571} INFO - 24/05/17 15:34:52 INFO SparkContext: Added JAR file:///home/***/.ivy2/jars/org.scala-lang_scala-reflect-2.12.11.jar at spark://3e429f118033:42393/jars/org.scala-lang_scala-reflect-2.12.11.jar with timestamp 1715960090905
[2024-05-17T15:34:52.944+0000] {spark_submit.py:571} INFO - 24/05/17 15:34:52 INFO SparkContext: Added JAR file:///home/***/.ivy2/jars/com.datastax.oss_native-protocol-1.5.0.jar at spark://3e429f118033:42393/jars/com.datastax.oss_native-protocol-1.5.0.jar with timestamp 1715960090905
[2024-05-17T15:34:52.944+0000] {spark_submit.py:571} INFO - 24/05/17 15:34:52 INFO SparkContext: Added JAR file:///home/***/.ivy2/jars/com.datastax.oss_java-driver-shaded-guava-25.1-jre-graal-sub-1.jar at spark://3e429f118033:42393/jars/com.datastax.oss_java-driver-shaded-guava-25.1-jre-graal-sub-1.jar with timestamp 1715960090905
[2024-05-17T15:34:52.944+0000] {spark_submit.py:571} INFO - 24/05/17 15:34:52 INFO SparkContext: Added JAR file:///home/***/.ivy2/jars/com.typesafe_config-1.4.1.jar at spark://3e429f118033:42393/jars/com.typesafe_config-1.4.1.jar with timestamp 1715960090905
[2024-05-17T15:34:52.945+0000] {spark_submit.py:571} INFO - 24/05/17 15:34:52 INFO SparkContext: Added JAR file:///home/***/.ivy2/jars/io.dropwizard.metrics_metrics-core-4.1.18.jar at spark://3e429f118033:42393/jars/io.dropwizard.metrics_metrics-core-4.1.18.jar with timestamp 1715960090905
[2024-05-17T15:34:52.945+0000] {spark_submit.py:571} INFO - 24/05/17 15:34:52 INFO SparkContext: Added JAR file:///home/***/.ivy2/jars/org.hdrhistogram_HdrHistogram-2.1.12.jar at spark://3e429f118033:42393/jars/org.hdrhistogram_HdrHistogram-2.1.12.jar with timestamp 1715960090905
[2024-05-17T15:34:52.945+0000] {spark_submit.py:571} INFO - 24/05/17 15:34:52 INFO SparkContext: Added JAR file:///home/***/.ivy2/jars/org.reactivestreams_reactive-streams-1.0.3.jar at spark://3e429f118033:42393/jars/org.reactivestreams_reactive-streams-1.0.3.jar with timestamp 1715960090905
[2024-05-17T15:34:52.945+0000] {spark_submit.py:571} INFO - 24/05/17 15:34:52 INFO SparkContext: Added JAR file:///home/***/.ivy2/jars/com.github.stephenc.jcip_jcip-annotations-1.0-1.jar at spark://3e429f118033:42393/jars/com.github.stephenc.jcip_jcip-annotations-1.0-1.jar with timestamp 1715960090905
[2024-05-17T15:34:52.946+0000] {spark_submit.py:571} INFO - 24/05/17 15:34:52 INFO SparkContext: Added JAR file:///home/***/.ivy2/jars/com.github.spotbugs_spotbugs-annotations-3.1.12.jar at spark://3e429f118033:42393/jars/com.github.spotbugs_spotbugs-annotations-3.1.12.jar with timestamp 1715960090905
[2024-05-17T15:34:52.946+0000] {spark_submit.py:571} INFO - 24/05/17 15:34:52 INFO SparkContext: Added JAR file:///home/***/.ivy2/jars/com.google.code.findbugs_jsr305-3.0.2.jar at spark://3e429f118033:42393/jars/com.google.code.findbugs_jsr305-3.0.2.jar with timestamp 1715960090905
[2024-05-17T15:34:52.946+0000] {spark_submit.py:571} INFO - 24/05/17 15:34:52 INFO SparkContext: Added JAR file:///home/***/.ivy2/jars/com.datastax.oss_java-driver-query-builder-4.13.0.jar at spark://3e429f118033:42393/jars/com.datastax.oss_java-driver-query-builder-4.13.0.jar with timestamp 1715960090905
[2024-05-17T15:34:52.946+0000] {spark_submit.py:571} INFO - 24/05/17 15:34:52 INFO SparkContext: Added file file:///home/***/.ivy2/jars/org.apache.spark_spark-sql-kafka-0-10_2.12-3.5.1.jar at spark://3e429f118033:42393/files/org.apache.spark_spark-sql-kafka-0-10_2.12-3.5.1.jar with timestamp 1715960090905
[2024-05-17T15:34:52.947+0000] {spark_submit.py:571} INFO - 24/05/17 15:34:52 INFO Utils: Copying /home/***/.ivy2/jars/org.apache.spark_spark-sql-kafka-0-10_2.12-3.5.1.jar to /tmp/spark-2cf8b2c8-6cf3-47fc-bbae-4f2848f73421/userFiles-dca33094-9d35-4be4-860d-6ad45b103173/org.apache.spark_spark-sql-kafka-0-10_2.12-3.5.1.jar
[2024-05-17T15:34:52.968+0000] {spark_submit.py:571} INFO - 24/05/17 15:34:52 INFO SparkContext: Added file file:///home/***/.ivy2/jars/com.datastax.spark_spark-cassandra-connector_2.12-3.5.0.jar at spark://3e429f118033:42393/files/com.datastax.spark_spark-cassandra-connector_2.12-3.5.0.jar with timestamp 1715960090905
[2024-05-17T15:34:52.968+0000] {spark_submit.py:571} INFO - 24/05/17 15:34:52 INFO Utils: Copying /home/***/.ivy2/jars/com.datastax.spark_spark-cassandra-connector_2.12-3.5.0.jar to /tmp/spark-2cf8b2c8-6cf3-47fc-bbae-4f2848f73421/userFiles-dca33094-9d35-4be4-860d-6ad45b103173/com.datastax.spark_spark-cassandra-connector_2.12-3.5.0.jar
[2024-05-17T15:34:52.993+0000] {spark_submit.py:571} INFO - 24/05/17 15:34:52 INFO SparkContext: Added file file:///home/***/.ivy2/jars/org.apache.kafka_kafka-clients-3.4.1.jar at spark://3e429f118033:42393/files/org.apache.kafka_kafka-clients-3.4.1.jar with timestamp 1715960090905
[2024-05-17T15:34:52.994+0000] {spark_submit.py:571} INFO - 24/05/17 15:34:52 INFO Utils: Copying /home/***/.ivy2/jars/org.apache.kafka_kafka-clients-3.4.1.jar to /tmp/spark-2cf8b2c8-6cf3-47fc-bbae-4f2848f73421/userFiles-dca33094-9d35-4be4-860d-6ad45b103173/org.apache.kafka_kafka-clients-3.4.1.jar
[2024-05-17T15:34:53.030+0000] {spark_submit.py:571} INFO - 24/05/17 15:34:53 INFO SparkContext: Added file file:///home/***/.ivy2/jars/commons-logging_commons-logging-1.2.jar at spark://3e429f118033:42393/files/commons-logging_commons-logging-1.2.jar with timestamp 1715960090905
[2024-05-17T15:34:53.031+0000] {spark_submit.py:571} INFO - 24/05/17 15:34:53 INFO Utils: Copying /home/***/.ivy2/jars/commons-logging_commons-logging-1.2.jar to /tmp/spark-2cf8b2c8-6cf3-47fc-bbae-4f2848f73421/userFiles-dca33094-9d35-4be4-860d-6ad45b103173/commons-logging_commons-logging-1.2.jar
[2024-05-17T15:34:53.040+0000] {spark_submit.py:571} INFO - 24/05/17 15:34:53 INFO SparkContext: Added file file:///home/***/.ivy2/jars/org.apache.spark_spark-token-provider-kafka-0-10_2.12-3.5.1.jar at spark://3e429f118033:42393/files/org.apache.spark_spark-token-provider-kafka-0-10_2.12-3.5.1.jar with timestamp 1715960090905
[2024-05-17T15:34:53.040+0000] {spark_submit.py:571} INFO - 24/05/17 15:34:53 INFO Utils: Copying /home/***/.ivy2/jars/org.apache.spark_spark-token-provider-kafka-0-10_2.12-3.5.1.jar to /tmp/spark-2cf8b2c8-6cf3-47fc-bbae-4f2848f73421/userFiles-dca33094-9d35-4be4-860d-6ad45b103173/org.apache.spark_spark-token-provider-kafka-0-10_2.12-3.5.1.jar
[2024-05-17T15:34:53.048+0000] {spark_submit.py:571} INFO - 24/05/17 15:34:53 INFO SparkContext: Added file file:///home/***/.ivy2/jars/org.apache.commons_commons-pool2-2.11.1.jar at spark://3e429f118033:42393/files/org.apache.commons_commons-pool2-2.11.1.jar with timestamp 1715960090905
[2024-05-17T15:34:53.048+0000] {spark_submit.py:571} INFO - 24/05/17 15:34:53 INFO Utils: Copying /home/***/.ivy2/jars/org.apache.commons_commons-pool2-2.11.1.jar to /tmp/spark-2cf8b2c8-6cf3-47fc-bbae-4f2848f73421/userFiles-dca33094-9d35-4be4-860d-6ad45b103173/org.apache.commons_commons-pool2-2.11.1.jar
[2024-05-17T15:34:53.060+0000] {spark_submit.py:571} INFO - 24/05/17 15:34:53 INFO SparkContext: Added file file:///home/***/.ivy2/jars/org.apache.hadoop_hadoop-client-runtime-3.3.4.jar at spark://3e429f118033:42393/files/org.apache.hadoop_hadoop-client-runtime-3.3.4.jar with timestamp 1715960090905
[2024-05-17T15:34:53.060+0000] {spark_submit.py:571} INFO - 24/05/17 15:34:53 INFO Utils: Copying /home/***/.ivy2/jars/org.apache.hadoop_hadoop-client-runtime-3.3.4.jar to /tmp/spark-2cf8b2c8-6cf3-47fc-bbae-4f2848f73421/userFiles-dca33094-9d35-4be4-860d-6ad45b103173/org.apache.hadoop_hadoop-client-runtime-3.3.4.jar
[2024-05-17T15:34:53.311+0000] {spark_submit.py:571} INFO - 24/05/17 15:34:53 INFO SparkContext: Added file file:///home/***/.ivy2/jars/com.github.luben_zstd-jni-1.5.5-4.jar at spark://3e429f118033:42393/files/com.github.luben_zstd-jni-1.5.5-4.jar with timestamp 1715960090905
[2024-05-17T15:34:53.313+0000] {spark_submit.py:571} INFO - 24/05/17 15:34:53 INFO Utils: Copying /home/***/.ivy2/jars/com.github.luben_zstd-jni-1.5.5-4.jar to /tmp/spark-2cf8b2c8-6cf3-47fc-bbae-4f2848f73421/userFiles-dca33094-9d35-4be4-860d-6ad45b103173/com.github.luben_zstd-jni-1.5.5-4.jar
[2024-05-17T15:34:53.374+0000] {spark_submit.py:571} INFO - 24/05/17 15:34:53 INFO SparkContext: Added file file:///home/***/.ivy2/jars/org.lz4_lz4-java-1.8.0.jar at spark://3e429f118033:42393/files/org.lz4_lz4-java-1.8.0.jar with timestamp 1715960090905
[2024-05-17T15:34:53.375+0000] {spark_submit.py:571} INFO - 24/05/17 15:34:53 INFO Utils: Copying /home/***/.ivy2/jars/org.lz4_lz4-java-1.8.0.jar to /tmp/spark-2cf8b2c8-6cf3-47fc-bbae-4f2848f73421/userFiles-dca33094-9d35-4be4-860d-6ad45b103173/org.lz4_lz4-java-1.8.0.jar
[2024-05-17T15:34:53.384+0000] {spark_submit.py:571} INFO - 24/05/17 15:34:53 INFO SparkContext: Added file file:///home/***/.ivy2/jars/org.xerial.snappy_snappy-java-1.1.10.3.jar at spark://3e429f118033:42393/files/org.xerial.snappy_snappy-java-1.1.10.3.jar with timestamp 1715960090905
[2024-05-17T15:34:53.385+0000] {spark_submit.py:571} INFO - 24/05/17 15:34:53 INFO Utils: Copying /home/***/.ivy2/jars/org.xerial.snappy_snappy-java-1.1.10.3.jar to /tmp/spark-2cf8b2c8-6cf3-47fc-bbae-4f2848f73421/userFiles-dca33094-9d35-4be4-860d-6ad45b103173/org.xerial.snappy_snappy-java-1.1.10.3.jar
[2024-05-17T15:34:53.402+0000] {spark_submit.py:571} INFO - 24/05/17 15:34:53 INFO SparkContext: Added file file:///home/***/.ivy2/jars/org.slf4j_slf4j-api-2.0.7.jar at spark://3e429f118033:42393/files/org.slf4j_slf4j-api-2.0.7.jar with timestamp 1715960090905
[2024-05-17T15:34:53.402+0000] {spark_submit.py:571} INFO - 24/05/17 15:34:53 INFO Utils: Copying /home/***/.ivy2/jars/org.slf4j_slf4j-api-2.0.7.jar to /tmp/spark-2cf8b2c8-6cf3-47fc-bbae-4f2848f73421/userFiles-dca33094-9d35-4be4-860d-6ad45b103173/org.slf4j_slf4j-api-2.0.7.jar
[2024-05-17T15:34:53.408+0000] {spark_submit.py:571} INFO - 24/05/17 15:34:53 INFO SparkContext: Added file file:///home/***/.ivy2/jars/org.apache.hadoop_hadoop-client-api-3.3.4.jar at spark://3e429f118033:42393/files/org.apache.hadoop_hadoop-client-api-3.3.4.jar with timestamp 1715960090905
[2024-05-17T15:34:53.409+0000] {spark_submit.py:571} INFO - 24/05/17 15:34:53 INFO Utils: Copying /home/***/.ivy2/jars/org.apache.hadoop_hadoop-client-api-3.3.4.jar to /tmp/spark-2cf8b2c8-6cf3-47fc-bbae-4f2848f73421/userFiles-dca33094-9d35-4be4-860d-6ad45b103173/org.apache.hadoop_hadoop-client-api-3.3.4.jar
[2024-05-17T15:34:53.541+0000] {spark_submit.py:571} INFO - 24/05/17 15:34:53 INFO SparkContext: Added file file:///home/***/.ivy2/jars/com.datastax.spark_spark-cassandra-connector-driver_2.12-3.5.0.jar at spark://3e429f118033:42393/files/com.datastax.spark_spark-cassandra-connector-driver_2.12-3.5.0.jar with timestamp 1715960090905
[2024-05-17T15:34:53.542+0000] {spark_submit.py:571} INFO - 24/05/17 15:34:53 INFO Utils: Copying /home/***/.ivy2/jars/com.datastax.spark_spark-cassandra-connector-driver_2.12-3.5.0.jar to /tmp/spark-2cf8b2c8-6cf3-47fc-bbae-4f2848f73421/userFiles-dca33094-9d35-4be4-860d-6ad45b103173/com.datastax.spark_spark-cassandra-connector-driver_2.12-3.5.0.jar
[2024-05-17T15:34:53.554+0000] {spark_submit.py:571} INFO - 24/05/17 15:34:53 INFO SparkContext: Added file file:///home/***/.ivy2/jars/org.scala-lang.modules_scala-collection-compat_2.12-2.11.0.jar at spark://3e429f118033:42393/files/org.scala-lang.modules_scala-collection-compat_2.12-2.11.0.jar with timestamp 1715960090905
[2024-05-17T15:34:53.555+0000] {spark_submit.py:571} INFO - 24/05/17 15:34:53 INFO Utils: Copying /home/***/.ivy2/jars/org.scala-lang.modules_scala-collection-compat_2.12-2.11.0.jar to /tmp/spark-2cf8b2c8-6cf3-47fc-bbae-4f2848f73421/userFiles-dca33094-9d35-4be4-860d-6ad45b103173/org.scala-lang.modules_scala-collection-compat_2.12-2.11.0.jar
[2024-05-17T15:34:53.568+0000] {spark_submit.py:571} INFO - 24/05/17 15:34:53 INFO SparkContext: Added file file:///home/***/.ivy2/jars/com.datastax.oss_java-driver-core-shaded-4.13.0.jar at spark://3e429f118033:42393/files/com.datastax.oss_java-driver-core-shaded-4.13.0.jar with timestamp 1715960090905
[2024-05-17T15:34:53.571+0000] {spark_submit.py:571} INFO - 24/05/17 15:34:53 INFO Utils: Copying /home/***/.ivy2/jars/com.datastax.oss_java-driver-core-shaded-4.13.0.jar to /tmp/spark-2cf8b2c8-6cf3-47fc-bbae-4f2848f73421/userFiles-dca33094-9d35-4be4-860d-6ad45b103173/com.datastax.oss_java-driver-core-shaded-4.13.0.jar
[2024-05-17T15:34:53.619+0000] {spark_submit.py:571} INFO - 24/05/17 15:34:53 INFO SparkContext: Added file file:///home/***/.ivy2/jars/com.datastax.oss_java-driver-mapper-runtime-4.13.0.jar at spark://3e429f118033:42393/files/com.datastax.oss_java-driver-mapper-runtime-4.13.0.jar with timestamp 1715960090905
[2024-05-17T15:34:53.624+0000] {spark_submit.py:571} INFO - 24/05/17 15:34:53 INFO Utils: Copying /home/***/.ivy2/jars/com.datastax.oss_java-driver-mapper-runtime-4.13.0.jar to /tmp/spark-2cf8b2c8-6cf3-47fc-bbae-4f2848f73421/userFiles-dca33094-9d35-4be4-860d-6ad45b103173/com.datastax.oss_java-driver-mapper-runtime-4.13.0.jar
[2024-05-17T15:34:53.626+0000] {spark_submit.py:571} INFO - 24/05/17 15:34:53 INFO SparkContext: Added file file:///home/***/.ivy2/jars/org.apache.commons_commons-lang3-3.10.jar at spark://3e429f118033:42393/files/org.apache.commons_commons-lang3-3.10.jar with timestamp 1715960090905
[2024-05-17T15:34:53.627+0000] {spark_submit.py:571} INFO - 24/05/17 15:34:53 INFO Utils: Copying /home/***/.ivy2/jars/org.apache.commons_commons-lang3-3.10.jar to /tmp/spark-2cf8b2c8-6cf3-47fc-bbae-4f2848f73421/userFiles-dca33094-9d35-4be4-860d-6ad45b103173/org.apache.commons_commons-lang3-3.10.jar
[2024-05-17T15:34:53.637+0000] {spark_submit.py:571} INFO - 24/05/17 15:34:53 INFO SparkContext: Added file file:///home/***/.ivy2/jars/com.thoughtworks.paranamer_paranamer-2.8.jar at spark://3e429f118033:42393/files/com.thoughtworks.paranamer_paranamer-2.8.jar with timestamp 1715960090905
[2024-05-17T15:34:53.638+0000] {spark_submit.py:571} INFO - 24/05/17 15:34:53 INFO Utils: Copying /home/***/.ivy2/jars/com.thoughtworks.paranamer_paranamer-2.8.jar to /tmp/spark-2cf8b2c8-6cf3-47fc-bbae-4f2848f73421/userFiles-dca33094-9d35-4be4-860d-6ad45b103173/com.thoughtworks.paranamer_paranamer-2.8.jar
[2024-05-17T15:34:53.647+0000] {spark_submit.py:571} INFO - 24/05/17 15:34:53 INFO SparkContext: Added file file:///home/***/.ivy2/jars/org.scala-lang_scala-reflect-2.12.11.jar at spark://3e429f118033:42393/files/org.scala-lang_scala-reflect-2.12.11.jar with timestamp 1715960090905
[2024-05-17T15:34:53.647+0000] {spark_submit.py:571} INFO - 24/05/17 15:34:53 INFO Utils: Copying /home/***/.ivy2/jars/org.scala-lang_scala-reflect-2.12.11.jar to /tmp/spark-2cf8b2c8-6cf3-47fc-bbae-4f2848f73421/userFiles-dca33094-9d35-4be4-860d-6ad45b103173/org.scala-lang_scala-reflect-2.12.11.jar
[2024-05-17T15:34:53.692+0000] {spark_submit.py:571} INFO - 24/05/17 15:34:53 INFO SparkContext: Added file file:///home/***/.ivy2/jars/com.datastax.oss_native-protocol-1.5.0.jar at spark://3e429f118033:42393/files/com.datastax.oss_native-protocol-1.5.0.jar with timestamp 1715960090905
[2024-05-17T15:34:53.693+0000] {spark_submit.py:571} INFO - 24/05/17 15:34:53 INFO Utils: Copying /home/***/.ivy2/jars/com.datastax.oss_native-protocol-1.5.0.jar to /tmp/spark-2cf8b2c8-6cf3-47fc-bbae-4f2848f73421/userFiles-dca33094-9d35-4be4-860d-6ad45b103173/com.datastax.oss_native-protocol-1.5.0.jar
[2024-05-17T15:34:53.702+0000] {spark_submit.py:571} INFO - 24/05/17 15:34:53 INFO SparkContext: Added file file:///home/***/.ivy2/jars/com.datastax.oss_java-driver-shaded-guava-25.1-jre-graal-sub-1.jar at spark://3e429f118033:42393/files/com.datastax.oss_java-driver-shaded-guava-25.1-jre-graal-sub-1.jar with timestamp 1715960090905
[2024-05-17T15:34:53.703+0000] {spark_submit.py:571} INFO - 24/05/17 15:34:53 INFO Utils: Copying /home/***/.ivy2/jars/com.datastax.oss_java-driver-shaded-guava-25.1-jre-graal-sub-1.jar to /tmp/spark-2cf8b2c8-6cf3-47fc-bbae-4f2848f73421/userFiles-dca33094-9d35-4be4-860d-6ad45b103173/com.datastax.oss_java-driver-shaded-guava-25.1-jre-graal-sub-1.jar
[2024-05-17T15:34:53.774+0000] {spark_submit.py:571} INFO - 24/05/17 15:34:53 INFO SparkContext: Added file file:///home/***/.ivy2/jars/com.typesafe_config-1.4.1.jar at spark://3e429f118033:42393/files/com.typesafe_config-1.4.1.jar with timestamp 1715960090905
[2024-05-17T15:34:53.775+0000] {spark_submit.py:571} INFO - 24/05/17 15:34:53 INFO Utils: Copying /home/***/.ivy2/jars/com.typesafe_config-1.4.1.jar to /tmp/spark-2cf8b2c8-6cf3-47fc-bbae-4f2848f73421/userFiles-dca33094-9d35-4be4-860d-6ad45b103173/com.typesafe_config-1.4.1.jar
[2024-05-17T15:34:53.785+0000] {spark_submit.py:571} INFO - 24/05/17 15:34:53 INFO SparkContext: Added file file:///home/***/.ivy2/jars/io.dropwizard.metrics_metrics-core-4.1.18.jar at spark://3e429f118033:42393/files/io.dropwizard.metrics_metrics-core-4.1.18.jar with timestamp 1715960090905
[2024-05-17T15:34:53.786+0000] {spark_submit.py:571} INFO - 24/05/17 15:34:53 INFO Utils: Copying /home/***/.ivy2/jars/io.dropwizard.metrics_metrics-core-4.1.18.jar to /tmp/spark-2cf8b2c8-6cf3-47fc-bbae-4f2848f73421/userFiles-dca33094-9d35-4be4-860d-6ad45b103173/io.dropwizard.metrics_metrics-core-4.1.18.jar
[2024-05-17T15:34:53.802+0000] {spark_submit.py:571} INFO - 24/05/17 15:34:53 INFO SparkContext: Added file file:///home/***/.ivy2/jars/org.hdrhistogram_HdrHistogram-2.1.12.jar at spark://3e429f118033:42393/files/org.hdrhistogram_HdrHistogram-2.1.12.jar with timestamp 1715960090905
[2024-05-17T15:34:53.803+0000] {spark_submit.py:571} INFO - 24/05/17 15:34:53 INFO Utils: Copying /home/***/.ivy2/jars/org.hdrhistogram_HdrHistogram-2.1.12.jar to /tmp/spark-2cf8b2c8-6cf3-47fc-bbae-4f2848f73421/userFiles-dca33094-9d35-4be4-860d-6ad45b103173/org.hdrhistogram_HdrHistogram-2.1.12.jar
[2024-05-17T15:34:53.821+0000] {spark_submit.py:571} INFO - 24/05/17 15:34:53 INFO SparkContext: Added file file:///home/***/.ivy2/jars/org.reactivestreams_reactive-streams-1.0.3.jar at spark://3e429f118033:42393/files/org.reactivestreams_reactive-streams-1.0.3.jar with timestamp 1715960090905
[2024-05-17T15:34:53.824+0000] {spark_submit.py:571} INFO - 24/05/17 15:34:53 INFO Utils: Copying /home/***/.ivy2/jars/org.reactivestreams_reactive-streams-1.0.3.jar to /tmp/spark-2cf8b2c8-6cf3-47fc-bbae-4f2848f73421/userFiles-dca33094-9d35-4be4-860d-6ad45b103173/org.reactivestreams_reactive-streams-1.0.3.jar
[2024-05-17T15:34:53.833+0000] {spark_submit.py:571} INFO - 24/05/17 15:34:53 INFO SparkContext: Added file file:///home/***/.ivy2/jars/com.github.stephenc.jcip_jcip-annotations-1.0-1.jar at spark://3e429f118033:42393/files/com.github.stephenc.jcip_jcip-annotations-1.0-1.jar with timestamp 1715960090905
[2024-05-17T15:34:53.834+0000] {spark_submit.py:571} INFO - 24/05/17 15:34:53 INFO Utils: Copying /home/***/.ivy2/jars/com.github.stephenc.jcip_jcip-annotations-1.0-1.jar to /tmp/spark-2cf8b2c8-6cf3-47fc-bbae-4f2848f73421/userFiles-dca33094-9d35-4be4-860d-6ad45b103173/com.github.stephenc.jcip_jcip-annotations-1.0-1.jar
[2024-05-17T15:34:53.839+0000] {spark_submit.py:571} INFO - 24/05/17 15:34:53 INFO SparkContext: Added file file:///home/***/.ivy2/jars/com.github.spotbugs_spotbugs-annotations-3.1.12.jar at spark://3e429f118033:42393/files/com.github.spotbugs_spotbugs-annotations-3.1.12.jar with timestamp 1715960090905
[2024-05-17T15:34:53.840+0000] {spark_submit.py:571} INFO - 24/05/17 15:34:53 INFO Utils: Copying /home/***/.ivy2/jars/com.github.spotbugs_spotbugs-annotations-3.1.12.jar to /tmp/spark-2cf8b2c8-6cf3-47fc-bbae-4f2848f73421/userFiles-dca33094-9d35-4be4-860d-6ad45b103173/com.github.spotbugs_spotbugs-annotations-3.1.12.jar
[2024-05-17T15:34:53.845+0000] {spark_submit.py:571} INFO - 24/05/17 15:34:53 INFO SparkContext: Added file file:///home/***/.ivy2/jars/com.google.code.findbugs_jsr305-3.0.2.jar at spark://3e429f118033:42393/files/com.google.code.findbugs_jsr305-3.0.2.jar with timestamp 1715960090905
[2024-05-17T15:34:53.845+0000] {spark_submit.py:571} INFO - 24/05/17 15:34:53 INFO Utils: Copying /home/***/.ivy2/jars/com.google.code.findbugs_jsr305-3.0.2.jar to /tmp/spark-2cf8b2c8-6cf3-47fc-bbae-4f2848f73421/userFiles-dca33094-9d35-4be4-860d-6ad45b103173/com.google.code.findbugs_jsr305-3.0.2.jar
[2024-05-17T15:34:53.851+0000] {spark_submit.py:571} INFO - 24/05/17 15:34:53 INFO SparkContext: Added file file:///home/***/.ivy2/jars/com.datastax.oss_java-driver-query-builder-4.13.0.jar at spark://3e429f118033:42393/files/com.datastax.oss_java-driver-query-builder-4.13.0.jar with timestamp 1715960090905
[2024-05-17T15:34:53.851+0000] {spark_submit.py:571} INFO - 24/05/17 15:34:53 INFO Utils: Copying /home/***/.ivy2/jars/com.datastax.oss_java-driver-query-builder-4.13.0.jar to /tmp/spark-2cf8b2c8-6cf3-47fc-bbae-4f2848f73421/userFiles-dca33094-9d35-4be4-860d-6ad45b103173/com.datastax.oss_java-driver-query-builder-4.13.0.jar
[2024-05-17T15:34:54.003+0000] {spark_submit.py:571} INFO - 24/05/17 15:34:54 INFO StandaloneAppClient$ClientEndpoint: Connecting to master spark://spark-master:7077...
[2024-05-17T15:34:54.066+0000] {spark_submit.py:571} INFO - 24/05/17 15:34:54 INFO TransportClientFactory: Successfully created connection to spark-master/172.24.0.4:7077 after 42 ms (0 ms spent in bootstraps)
[2024-05-17T15:34:54.435+0000] {spark_submit.py:571} INFO - 24/05/17 15:34:54 INFO StandaloneSchedulerBackend: Connected to Spark cluster with app ID app-20240517153454-0002
[2024-05-17T15:34:54.452+0000] {spark_submit.py:571} INFO - 24/05/17 15:34:54 INFO StandaloneAppClient$ClientEndpoint: Executor added: app-20240517153454-0002/0 on worker-20240517151623-172.24.0.5-45571 (172.24.0.5:45571) with 1 core(s)
[2024-05-17T15:34:54.455+0000] {spark_submit.py:571} INFO - 24/05/17 15:34:54 INFO Utils: Successfully started service 'org.apache.spark.network.netty.NettyBlockTransferService' on port 36137.
[2024-05-17T15:34:54.455+0000] {spark_submit.py:571} INFO - 24/05/17 15:34:54 INFO NettyBlockTransferService: Server created on 3e429f118033:36137
[2024-05-17T15:34:54.456+0000] {spark_submit.py:571} INFO - 24/05/17 15:34:54 INFO StandaloneSchedulerBackend: Granted executor ID app-20240517153454-0002/0 on hostPort 172.24.0.5:45571 with 1 core(s), 1024.0 MiB RAM
[2024-05-17T15:34:54.457+0000] {spark_submit.py:571} INFO - 24/05/17 15:34:54 INFO BlockManager: Using org.apache.spark.storage.RandomBlockReplicationPolicy for block replication policy
[2024-05-17T15:34:54.465+0000] {spark_submit.py:571} INFO - 24/05/17 15:34:54 INFO BlockManagerMaster: Registering BlockManager BlockManagerId(driver, 3e429f118033, 36137, None)
[2024-05-17T15:34:54.471+0000] {spark_submit.py:571} INFO - 24/05/17 15:34:54 INFO BlockManagerMasterEndpoint: Registering block manager 3e429f118033:36137 with 434.4 MiB RAM, BlockManagerId(driver, 3e429f118033, 36137, None)
[2024-05-17T15:34:54.474+0000] {spark_submit.py:571} INFO - 24/05/17 15:34:54 INFO BlockManagerMaster: Registered BlockManager BlockManagerId(driver, 3e429f118033, 36137, None)
[2024-05-17T15:34:54.475+0000] {spark_submit.py:571} INFO - 24/05/17 15:34:54 INFO BlockManager: Initialized BlockManager: BlockManagerId(driver, 3e429f118033, 36137, None)
[2024-05-17T15:34:54.765+0000] {spark_submit.py:571} INFO - 24/05/17 15:34:54 INFO StandaloneSchedulerBackend: SchedulerBackend is ready for scheduling beginning after reached minRegisteredResourcesRatio: 0.0
[2024-05-17T15:34:54.921+0000] {spark_submit.py:571} INFO - 24/05/17 15:34:54 INFO StandaloneAppClient$ClientEndpoint: Executor updated: app-20240517153454-0002/0 is now RUNNING
[2024-05-17T15:34:55.447+0000] {spark_submit.py:571} INFO - 24/05/17 15:34:55 INFO SharedState: Setting hive.metastore.warehouse.dir ('null') to the value of spark.sql.warehouse.dir.
[2024-05-17T15:34:55.452+0000] {spark_submit.py:571} INFO - 24/05/17 15:34:55 INFO SharedState: Warehouse path is 'file:/opt/***/spark-warehouse'.
[2024-05-17T15:34:59.088+0000] {spark_submit.py:571} INFO - 24/05/17 15:34:59 INFO StandaloneSchedulerBackend$StandaloneDriverEndpoint: Registered executor NettyRpcEndpointRef(spark-client://Executor) (172.24.0.5:37116) with ID 0,  ResourceProfileId 0
[2024-05-17T15:34:59.158+0000] {spark_submit.py:571} INFO - 24/05/17 15:34:59 INFO BlockManagerMasterEndpoint: Registering block manager 172.24.0.5:46313 with 434.4 MiB RAM, BlockManagerId(0, 172.24.0.5, 46313, None)
[2024-05-17T15:34:59.525+0000] {spark_submit.py:571} INFO - INFO:py4j.java_gateway:Callback Server Starting
[2024-05-17T15:34:59.530+0000] {spark_submit.py:571} INFO - INFO:py4j.java_gateway:Socket listening on ('127.0.0.1', 45625)
[2024-05-17T15:34:59.555+0000] {spark_submit.py:571} INFO - 24/05/17 15:34:59 INFO StateStoreCoordinatorRef: Registered StateStoreCoordinator endpoint
[2024-05-17T15:34:59.583+0000] {spark_submit.py:571} INFO - 24/05/17 15:34:59 WARN ResolveWriteToStream: Temporary checkpoint location created which is deleted normally when the query didn't fail: /tmp/temporary-d9da0d72-f2ec-44e0-b4ae-25b09a310ad6. If it's required to delete it under any circumstances, please set spark.sql.streaming.forceDeleteTempCheckpointLocation to true. Important to know deleting temp checkpoint folder is best effort.
[2024-05-17T15:34:59.633+0000] {spark_submit.py:571} INFO - 24/05/17 15:34:59 INFO ResolveWriteToStream: Checkpoint root file:///tmp/temporary-d9da0d72-f2ec-44e0-b4ae-25b09a310ad6 resolved to file:/tmp/temporary-d9da0d72-f2ec-44e0-b4ae-25b09a310ad6.
[2024-05-17T15:34:59.634+0000] {spark_submit.py:571} INFO - 24/05/17 15:34:59 WARN ResolveWriteToStream: spark.sql.adaptive.enabled is not supported in streaming DataFrames/Datasets and will be disabled.
[2024-05-17T15:34:59.759+0000] {spark_submit.py:571} INFO - 24/05/17 15:34:59 INFO CheckpointFileManager: Writing atomically to file:/tmp/temporary-d9da0d72-f2ec-44e0-b4ae-25b09a310ad6/metadata using temp file file:/tmp/temporary-d9da0d72-f2ec-44e0-b4ae-25b09a310ad6/.metadata.f924bd23-c9e8-4ad0-8e4c-e542626fbb09.tmp
[2024-05-17T15:34:59.885+0000] {spark_submit.py:571} INFO - 24/05/17 15:34:59 INFO CheckpointFileManager: Renamed temp file file:/tmp/temporary-d9da0d72-f2ec-44e0-b4ae-25b09a310ad6/.metadata.f924bd23-c9e8-4ad0-8e4c-e542626fbb09.tmp to file:/tmp/temporary-d9da0d72-f2ec-44e0-b4ae-25b09a310ad6/metadata
[2024-05-17T15:34:59.923+0000] {spark_submit.py:571} INFO - 24/05/17 15:34:59 INFO MicroBatchExecution: Starting [id = 9e53c407-9b59-49dd-9d6e-09d6188ac06e, runId = 4454dfb7-6cc8-417e-888a-6152a1a7c1e5]. Use file:/tmp/temporary-d9da0d72-f2ec-44e0-b4ae-25b09a310ad6 to store the query checkpoint.
[2024-05-17T15:34:59.952+0000] {spark_submit.py:571} INFO - 24/05/17 15:34:59 INFO MicroBatchExecution: Reading table [org.apache.spark.sql.kafka010.KafkaSourceProvider$KafkaTable@6cc353e] from DataSourceV2 named 'kafka' [org.apache.spark.sql.kafka010.KafkaSourceProvider@7a75bdba]
[2024-05-17T15:35:00.063+0000] {spark_submit.py:571} INFO - 24/05/17 15:35:00 INFO OffsetSeqLog: BatchIds found from listing:
[2024-05-17T15:35:00.066+0000] {spark_submit.py:571} INFO - 24/05/17 15:35:00 INFO OffsetSeqLog: BatchIds found from listing:
[2024-05-17T15:35:00.067+0000] {spark_submit.py:571} INFO - 24/05/17 15:35:00 INFO MicroBatchExecution: Starting new streaming query.
[2024-05-17T15:35:00.072+0000] {spark_submit.py:571} INFO - 24/05/17 15:35:00 INFO MicroBatchExecution: Stream started from {}
[2024-05-17T15:35:00.848+0000] {spark_submit.py:571} INFO - 24/05/17 15:35:00 INFO AdminClientConfig: AdminClientConfig values:
[2024-05-17T15:35:00.853+0000] {spark_submit.py:571} INFO - auto.include.jmx.reporter = true
[2024-05-17T15:35:00.853+0000] {spark_submit.py:571} INFO - bootstrap.servers = [kafka:9092]
[2024-05-17T15:35:00.854+0000] {spark_submit.py:571} INFO - client.dns.lookup = use_all_dns_ips
[2024-05-17T15:35:00.855+0000] {spark_submit.py:571} INFO - client.id =
[2024-05-17T15:35:00.855+0000] {spark_submit.py:571} INFO - connections.max.idle.ms = 300000
[2024-05-17T15:35:00.856+0000] {spark_submit.py:571} INFO - default.api.timeout.ms = 60000
[2024-05-17T15:35:00.856+0000] {spark_submit.py:571} INFO - metadata.max.age.ms = 300000
[2024-05-17T15:35:00.857+0000] {spark_submit.py:571} INFO - metric.reporters = []
[2024-05-17T15:35:00.858+0000] {spark_submit.py:571} INFO - metrics.num.samples = 2
[2024-05-17T15:35:00.860+0000] {spark_submit.py:571} INFO - metrics.recording.level = INFO
[2024-05-17T15:35:00.861+0000] {spark_submit.py:571} INFO - metrics.sample.window.ms = 30000
[2024-05-17T15:35:00.861+0000] {spark_submit.py:571} INFO - receive.buffer.bytes = 65536
[2024-05-17T15:35:00.861+0000] {spark_submit.py:571} INFO - reconnect.backoff.max.ms = 1000
[2024-05-17T15:35:00.862+0000] {spark_submit.py:571} INFO - reconnect.backoff.ms = 50
[2024-05-17T15:35:00.862+0000] {spark_submit.py:571} INFO - request.timeout.ms = 30000
[2024-05-17T15:35:00.863+0000] {spark_submit.py:571} INFO - retries = 2147483647
[2024-05-17T15:35:00.863+0000] {spark_submit.py:571} INFO - retry.backoff.ms = 100
[2024-05-17T15:35:00.864+0000] {spark_submit.py:571} INFO - sasl.client.callback.handler.class = null
[2024-05-17T15:35:00.864+0000] {spark_submit.py:571} INFO - sasl.jaas.config = null
[2024-05-17T15:35:00.864+0000] {spark_submit.py:571} INFO - sasl.kerberos.kinit.cmd = /usr/bin/kinit
[2024-05-17T15:35:00.864+0000] {spark_submit.py:571} INFO - sasl.kerberos.min.time.before.relogin = 60000
[2024-05-17T15:35:00.865+0000] {spark_submit.py:571} INFO - sasl.kerberos.service.name = null
[2024-05-17T15:35:00.865+0000] {spark_submit.py:571} INFO - sasl.kerberos.ticket.renew.jitter = 0.05
[2024-05-17T15:35:00.865+0000] {spark_submit.py:571} INFO - sasl.kerberos.ticket.renew.window.factor = 0.8
[2024-05-17T15:35:00.865+0000] {spark_submit.py:571} INFO - sasl.login.callback.handler.class = null
[2024-05-17T15:35:00.865+0000] {spark_submit.py:571} INFO - sasl.login.class = null
[2024-05-17T15:35:00.866+0000] {spark_submit.py:571} INFO - sasl.login.connect.timeout.ms = null
[2024-05-17T15:35:00.866+0000] {spark_submit.py:571} INFO - sasl.login.read.timeout.ms = null
[2024-05-17T15:35:00.866+0000] {spark_submit.py:571} INFO - sasl.login.refresh.buffer.seconds = 300
[2024-05-17T15:35:00.866+0000] {spark_submit.py:571} INFO - sasl.login.refresh.min.period.seconds = 60
[2024-05-17T15:35:00.866+0000] {spark_submit.py:571} INFO - sasl.login.refresh.window.factor = 0.8
[2024-05-17T15:35:00.867+0000] {spark_submit.py:571} INFO - sasl.login.refresh.window.jitter = 0.05
[2024-05-17T15:35:00.867+0000] {spark_submit.py:571} INFO - sasl.login.retry.backoff.max.ms = 10000
[2024-05-17T15:35:00.867+0000] {spark_submit.py:571} INFO - sasl.login.retry.backoff.ms = 100
[2024-05-17T15:35:00.867+0000] {spark_submit.py:571} INFO - sasl.mechanism = GSSAPI
[2024-05-17T15:35:00.867+0000] {spark_submit.py:571} INFO - sasl.oauthbearer.clock.skew.seconds = 30
[2024-05-17T15:35:00.867+0000] {spark_submit.py:571} INFO - sasl.oauthbearer.expected.audience = null
[2024-05-17T15:35:00.867+0000] {spark_submit.py:571} INFO - sasl.oauthbearer.expected.issuer = null
[2024-05-17T15:35:00.867+0000] {spark_submit.py:571} INFO - sasl.oauthbearer.jwks.endpoint.refresh.ms = 3600000
[2024-05-17T15:35:00.868+0000] {spark_submit.py:571} INFO - sasl.oauthbearer.jwks.endpoint.retry.backoff.max.ms = 10000
[2024-05-17T15:35:00.868+0000] {spark_submit.py:571} INFO - sasl.oauthbearer.jwks.endpoint.retry.backoff.ms = 100
[2024-05-17T15:35:00.869+0000] {spark_submit.py:571} INFO - sasl.oauthbearer.jwks.endpoint.url = null
[2024-05-17T15:35:00.869+0000] {spark_submit.py:571} INFO - sasl.oauthbearer.scope.claim.name = scope
[2024-05-17T15:35:00.870+0000] {spark_submit.py:571} INFO - sasl.oauthbearer.sub.claim.name = sub
[2024-05-17T15:35:00.871+0000] {spark_submit.py:571} INFO - sasl.oauthbearer.token.endpoint.url = null
[2024-05-17T15:35:00.871+0000] {spark_submit.py:571} INFO - security.protocol = PLAINTEXT
[2024-05-17T15:35:00.872+0000] {spark_submit.py:571} INFO - security.providers = null
[2024-05-17T15:35:00.872+0000] {spark_submit.py:571} INFO - send.buffer.bytes = 131072
[2024-05-17T15:35:00.873+0000] {spark_submit.py:571} INFO - socket.connection.setup.timeout.max.ms = 30000
[2024-05-17T15:35:00.874+0000] {spark_submit.py:571} INFO - socket.connection.setup.timeout.ms = 10000
[2024-05-17T15:35:00.874+0000] {spark_submit.py:571} INFO - ssl.cipher.suites = null
[2024-05-17T15:35:00.874+0000] {spark_submit.py:571} INFO - ssl.enabled.protocols = [TLSv1.2, TLSv1.3]
[2024-05-17T15:35:00.875+0000] {spark_submit.py:571} INFO - ssl.endpoint.identification.algorithm = https
[2024-05-17T15:35:00.875+0000] {spark_submit.py:571} INFO - ssl.engine.factory.class = null
[2024-05-17T15:35:00.876+0000] {spark_submit.py:571} INFO - ssl.key.password = null
[2024-05-17T15:35:00.876+0000] {spark_submit.py:571} INFO - ssl.keymanager.algorithm = SunX509
[2024-05-17T15:35:00.876+0000] {spark_submit.py:571} INFO - ssl.keystore.certificate.chain = null
[2024-05-17T15:35:00.877+0000] {spark_submit.py:571} INFO - ssl.keystore.key = null
[2024-05-17T15:35:00.877+0000] {spark_submit.py:571} INFO - ssl.keystore.location = null
[2024-05-17T15:35:00.878+0000] {spark_submit.py:571} INFO - ssl.keystore.password = null
[2024-05-17T15:35:00.878+0000] {spark_submit.py:571} INFO - ssl.keystore.type = JKS
[2024-05-17T15:35:00.878+0000] {spark_submit.py:571} INFO - ssl.protocol = TLSv1.3
[2024-05-17T15:35:00.879+0000] {spark_submit.py:571} INFO - ssl.provider = null
[2024-05-17T15:35:00.879+0000] {spark_submit.py:571} INFO - ssl.secure.random.implementation = null
[2024-05-17T15:35:00.879+0000] {spark_submit.py:571} INFO - ssl.trustmanager.algorithm = PKIX
[2024-05-17T15:35:00.879+0000] {spark_submit.py:571} INFO - ssl.truststore.certificates = null
[2024-05-17T15:35:00.880+0000] {spark_submit.py:571} INFO - ssl.truststore.location = null
[2024-05-17T15:35:00.880+0000] {spark_submit.py:571} INFO - ssl.truststore.password = null
[2024-05-17T15:35:00.881+0000] {spark_submit.py:571} INFO - ssl.truststore.type = JKS
[2024-05-17T15:35:00.881+0000] {spark_submit.py:571} INFO - 
[2024-05-17T15:35:00.980+0000] {spark_submit.py:571} INFO - 24/05/17 15:35:00 WARN AdminClientConfig: These configurations '[key.deserializer, value.deserializer, enable.auto.commit, max.poll.records, auto.offset.reset]' were supplied but are not used yet.
[2024-05-17T15:35:00.982+0000] {spark_submit.py:571} INFO - 24/05/17 15:35:00 INFO AppInfoParser: Kafka version: 3.4.1
[2024-05-17T15:35:00.982+0000] {spark_submit.py:571} INFO - 24/05/17 15:35:00 INFO AppInfoParser: Kafka commitId: 8a516edc2755df89
[2024-05-17T15:35:00.982+0000] {spark_submit.py:571} INFO - 24/05/17 15:35:00 INFO AppInfoParser: Kafka startTimeMs: 1715960100980
[2024-05-17T15:35:01.630+0000] {spark_submit.py:571} INFO - 24/05/17 15:35:01 INFO CheckpointFileManager: Writing atomically to file:/tmp/temporary-d9da0d72-f2ec-44e0-b4ae-25b09a310ad6/sources/0/0 using temp file file:/tmp/temporary-d9da0d72-f2ec-44e0-b4ae-25b09a310ad6/sources/0/.0.0d56c1c6-c106-484e-b926-d18d4b68e46b.tmp
[2024-05-17T15:35:01.669+0000] {spark_submit.py:571} INFO - 24/05/17 15:35:01 INFO CheckpointFileManager: Renamed temp file file:/tmp/temporary-d9da0d72-f2ec-44e0-b4ae-25b09a310ad6/sources/0/.0.0d56c1c6-c106-484e-b926-d18d4b68e46b.tmp to file:/tmp/temporary-d9da0d72-f2ec-44e0-b4ae-25b09a310ad6/sources/0/0
[2024-05-17T15:35:01.669+0000] {spark_submit.py:571} INFO - 24/05/17 15:35:01 INFO KafkaMicroBatchStream: Initial offsets: {"redfin_properties":{"0":0}}
[2024-05-17T15:35:01.710+0000] {spark_submit.py:571} INFO - 24/05/17 15:35:01 INFO CheckpointFileManager: Writing atomically to file:/tmp/temporary-d9da0d72-f2ec-44e0-b4ae-25b09a310ad6/offsets/0 using temp file file:/tmp/temporary-d9da0d72-f2ec-44e0-b4ae-25b09a310ad6/offsets/.0.bedb58fb-ca43-49e6-9030-dae1303a1bbf.tmp
[2024-05-17T15:35:01.826+0000] {spark_submit.py:571} INFO - 24/05/17 15:35:01 INFO CheckpointFileManager: Renamed temp file file:/tmp/temporary-d9da0d72-f2ec-44e0-b4ae-25b09a310ad6/offsets/.0.bedb58fb-ca43-49e6-9030-dae1303a1bbf.tmp to file:/tmp/temporary-d9da0d72-f2ec-44e0-b4ae-25b09a310ad6/offsets/0
[2024-05-17T15:35:01.831+0000] {spark_submit.py:571} INFO - 24/05/17 15:35:01 INFO MicroBatchExecution: Committed offsets for batch 0. Metadata OffsetSeqMetadata(0,1715960101693,Map(spark.sql.streaming.stateStore.providerClass -> org.apache.spark.sql.execution.streaming.state.HDFSBackedStateStoreProvider, spark.sql.streaming.join.stateFormatVersion -> 2, spark.sql.streaming.stateStore.compression.codec -> lz4, spark.sql.streaming.stateStore.rocksdb.formatVersion -> 5, spark.sql.streaming.statefulOperator.useStrictDistribution -> true, spark.sql.streaming.flatMapGroupsWithState.stateFormatVersion -> 2, spark.sql.streaming.multipleWatermarkPolicy -> min, spark.sql.streaming.aggregation.stateFormatVersion -> 2, spark.sql.shuffle.partitions -> 200))
[2024-05-17T15:35:02.767+0000] {spark_submit.py:571} INFO - 24/05/17 15:35:02 INFO KafkaOffsetReaderAdmin: Partitions added: Map()
[2024-05-17T15:35:02.907+0000] {spark_submit.py:571} INFO - 24/05/17 15:35:02 INFO KafkaOffsetReaderAdmin: Partitions added: Map()
[2024-05-17T15:35:03.022+0000] {spark_submit.py:571} INFO - 24/05/17 15:35:03 INFO KafkaOffsetReaderAdmin: Partitions added: Map()
[2024-05-17T15:35:03.024+0000] {spark_submit.py:571} INFO - 24/05/17 15:35:03 INFO KafkaOffsetReaderAdmin: Partitions added: Map()
[2024-05-17T15:35:03.615+0000] {spark_submit.py:571} INFO - 24/05/17 15:35:03 INFO CodeGenerator: Code generated in 388.891958 ms
[2024-05-17T15:35:03.752+0000] {spark_submit.py:571} INFO - INFO:py4j.clientserver:Python Server ready to receive messages
[2024-05-17T15:35:03.754+0000] {spark_submit.py:571} INFO - INFO:py4j.clientserver:Received command c on object id p0
[2024-05-17T15:35:03.792+0000] {spark_submit.py:571} INFO - 24/05/17 15:35:03 INFO CodeGenerator: Code generated in 21.262875 ms
[2024-05-17T15:35:04.038+0000] {spark_submit.py:571} INFO - 24/05/17 15:35:04 INFO SparkContext: Starting job: call at /home/***/.local/lib/python3.11/site-packages/pyspark/python/lib/py4j-0.10.9.7-src.zip/py4j/clientserver.py:617
[2024-05-17T15:35:04.079+0000] {spark_submit.py:571} INFO - 24/05/17 15:35:04 INFO DAGScheduler: Got job 0 (call at /home/***/.local/lib/python3.11/site-packages/pyspark/python/lib/py4j-0.10.9.7-src.zip/py4j/clientserver.py:617) with 1 output partitions
[2024-05-17T15:35:04.080+0000] {spark_submit.py:571} INFO - 24/05/17 15:35:04 INFO DAGScheduler: Final stage: ResultStage 0 (call at /home/***/.local/lib/python3.11/site-packages/pyspark/python/lib/py4j-0.10.9.7-src.zip/py4j/clientserver.py:617)
[2024-05-17T15:35:04.081+0000] {spark_submit.py:571} INFO - 24/05/17 15:35:04 INFO DAGScheduler: Parents of final stage: List()
[2024-05-17T15:35:04.081+0000] {spark_submit.py:571} INFO - 24/05/17 15:35:04 INFO DAGScheduler: Missing parents: List()
[2024-05-17T15:35:04.088+0000] {spark_submit.py:571} INFO - 24/05/17 15:35:04 INFO DAGScheduler: Submitting ResultStage 0 (PythonRDD[9] at call at /home/***/.local/lib/python3.11/site-packages/pyspark/python/lib/py4j-0.10.9.7-src.zip/py4j/clientserver.py:617), which has no missing parents
[2024-05-17T15:35:04.191+0000] {spark_submit.py:571} INFO - 24/05/17 15:35:04 INFO MemoryStore: Block broadcast_0 stored as values in memory (estimated size 69.8 KiB, free 434.3 MiB)
[2024-05-17T15:35:04.246+0000] {spark_submit.py:571} INFO - 24/05/17 15:35:04 INFO MemoryStore: Block broadcast_0_piece0 stored as bytes in memory (estimated size 25.6 KiB, free 434.3 MiB)
[2024-05-17T15:35:04.248+0000] {spark_submit.py:571} INFO - 24/05/17 15:35:04 INFO BlockManagerInfo: Added broadcast_0_piece0 in memory on 3e429f118033:36137 (size: 25.6 KiB, free: 434.4 MiB)
[2024-05-17T15:35:04.251+0000] {spark_submit.py:571} INFO - 24/05/17 15:35:04 INFO SparkContext: Created broadcast 0 from broadcast at DAGScheduler.scala:1585
[2024-05-17T15:35:04.297+0000] {spark_submit.py:571} INFO - 24/05/17 15:35:04 INFO DAGScheduler: Submitting 1 missing tasks from ResultStage 0 (PythonRDD[9] at call at /home/***/.local/lib/python3.11/site-packages/pyspark/python/lib/py4j-0.10.9.7-src.zip/py4j/clientserver.py:617) (first 15 tasks are for partitions Vector(0))
[2024-05-17T15:35:04.300+0000] {spark_submit.py:571} INFO - 24/05/17 15:35:04 INFO TaskSchedulerImpl: Adding task set 0.0 with 1 tasks resource profile 0
[2024-05-17T15:35:04.384+0000] {spark_submit.py:571} INFO - 24/05/17 15:35:04 INFO TaskSetManager: Starting task 0.0 in stage 0.0 (TID 0) (172.24.0.5, executor 0, partition 0, PROCESS_LOCAL, 14269 bytes)
[2024-05-17T15:35:04.850+0000] {spark_submit.py:571} INFO - 24/05/17 15:35:04 INFO BlockManagerInfo: Added broadcast_0_piece0 in memory on 172.24.0.5:46313 (size: 25.6 KiB, free: 434.4 MiB)
[2024-05-17T15:35:12.011+0000] {spark_submit.py:571} INFO - 24/05/17 15:35:12 INFO TaskSetManager: Finished task 0.0 in stage 0.0 (TID 0) in 7662 ms on 172.24.0.5 (executor 0) (1/1)
[2024-05-17T15:35:12.016+0000] {spark_submit.py:571} INFO - 24/05/17 15:35:12 INFO TaskSchedulerImpl: Removed TaskSet 0.0, whose tasks have all completed, from pool
[2024-05-17T15:35:12.020+0000] {spark_submit.py:571} INFO - 24/05/17 15:35:12 INFO PythonAccumulatorV2: Connected to AccumulatorServer at host: 127.0.0.1 port: 33363
[2024-05-17T15:35:12.025+0000] {spark_submit.py:571} INFO - 24/05/17 15:35:12 INFO DAGScheduler: ResultStage 0 (call at /home/***/.local/lib/python3.11/site-packages/pyspark/python/lib/py4j-0.10.9.7-src.zip/py4j/clientserver.py:617) finished in 7.919 s
[2024-05-17T15:35:12.029+0000] {spark_submit.py:571} INFO - 24/05/17 15:35:12 INFO DAGScheduler: Job 0 is finished. Cancelling potential speculative or zombie tasks for this job
[2024-05-17T15:35:12.030+0000] {spark_submit.py:571} INFO - 24/05/17 15:35:12 INFO TaskSchedulerImpl: Killing all running tasks in stage 0: Stage finished
[2024-05-17T15:35:12.032+0000] {spark_submit.py:571} INFO - 24/05/17 15:35:12 INFO DAGScheduler: Job 0 finished: call at /home/***/.local/lib/python3.11/site-packages/pyspark/python/lib/py4j-0.10.9.7-src.zip/py4j/clientserver.py:617, took 7.992856 s
[2024-05-17T15:35:12.115+0000] {spark_submit.py:571} INFO - 24/05/17 15:35:12 INFO CheckpointFileManager: Writing atomically to file:/tmp/temporary-d9da0d72-f2ec-44e0-b4ae-25b09a310ad6/commits/0 using temp file file:/tmp/temporary-d9da0d72-f2ec-44e0-b4ae-25b09a310ad6/commits/.0.b63b71dc-b41d-4abf-8882-a693203c413e.tmp
[2024-05-17T15:35:12.154+0000] {spark_submit.py:571} INFO - 24/05/17 15:35:12 INFO CheckpointFileManager: Renamed temp file file:/tmp/temporary-d9da0d72-f2ec-44e0-b4ae-25b09a310ad6/commits/.0.b63b71dc-b41d-4abf-8882-a693203c413e.tmp to file:/tmp/temporary-d9da0d72-f2ec-44e0-b4ae-25b09a310ad6/commits/0
[2024-05-17T15:35:12.189+0000] {spark_submit.py:571} INFO - 24/05/17 15:35:12 INFO MicroBatchExecution: Streaming query made progress: {
[2024-05-17T15:35:12.190+0000] {spark_submit.py:571} INFO - "id" : "9e53c407-9b59-49dd-9d6e-09d6188ac06e",
[2024-05-17T15:35:12.190+0000] {spark_submit.py:571} INFO - "runId" : "4454dfb7-6cc8-417e-888a-6152a1a7c1e5",
[2024-05-17T15:35:12.190+0000] {spark_submit.py:571} INFO - "name" : null,
[2024-05-17T15:35:12.191+0000] {spark_submit.py:571} INFO - "timestamp" : "2024-05-17T15:35:00.052Z",
[2024-05-17T15:35:12.191+0000] {spark_submit.py:571} INFO - "batchId" : 0,
[2024-05-17T15:35:12.191+0000] {spark_submit.py:571} INFO - "numInputRows" : 2,
[2024-05-17T15:35:12.191+0000] {spark_submit.py:571} INFO - "inputRowsPerSecond" : 0.0,
[2024-05-17T15:35:12.192+0000] {spark_submit.py:571} INFO - "processedRowsPerSecond" : 0.16526194017517765,
[2024-05-17T15:35:12.192+0000] {spark_submit.py:571} INFO - "durationMs" : {
[2024-05-17T15:35:12.192+0000] {spark_submit.py:571} INFO - "addBatch" : 9113,
[2024-05-17T15:35:12.192+0000] {spark_submit.py:571} INFO - "commitOffsets" : 68,
[2024-05-17T15:35:12.192+0000] {spark_submit.py:571} INFO - "getBatch" : 26,
[2024-05-17T15:35:12.192+0000] {spark_submit.py:571} INFO - "latestOffset" : 1612,
[2024-05-17T15:35:12.193+0000] {spark_submit.py:571} INFO - "queryPlanning" : 1068,
[2024-05-17T15:35:12.193+0000] {spark_submit.py:571} INFO - "triggerExecution" : 12100,
[2024-05-17T15:35:12.193+0000] {spark_submit.py:571} INFO - "walCommit" : 129
[2024-05-17T15:35:12.193+0000] {spark_submit.py:571} INFO - },
[2024-05-17T15:35:12.193+0000] {spark_submit.py:571} INFO - "stateOperators" : [ ],
[2024-05-17T15:35:12.193+0000] {spark_submit.py:571} INFO - "sources" : [ {
[2024-05-17T15:35:12.193+0000] {spark_submit.py:571} INFO - "description" : "KafkaV2[Subscribe[redfin_properties]]",
[2024-05-17T15:35:12.193+0000] {spark_submit.py:571} INFO - "startOffset" : null,
[2024-05-17T15:35:12.194+0000] {spark_submit.py:571} INFO - "endOffset" : {
[2024-05-17T15:35:12.194+0000] {spark_submit.py:571} INFO - "redfin_properties" : {
[2024-05-17T15:35:12.194+0000] {spark_submit.py:571} INFO - "0" : 2
[2024-05-17T15:35:12.194+0000] {spark_submit.py:571} INFO - }
[2024-05-17T15:35:12.194+0000] {spark_submit.py:571} INFO - },
[2024-05-17T15:35:12.194+0000] {spark_submit.py:571} INFO - "latestOffset" : {
[2024-05-17T15:35:12.195+0000] {spark_submit.py:571} INFO - "redfin_properties" : {
[2024-05-17T15:35:12.195+0000] {spark_submit.py:571} INFO - "0" : 2
[2024-05-17T15:35:12.195+0000] {spark_submit.py:571} INFO - }
[2024-05-17T15:35:12.195+0000] {spark_submit.py:571} INFO - },
[2024-05-17T15:35:12.195+0000] {spark_submit.py:571} INFO - "numInputRows" : 2,
[2024-05-17T15:35:12.195+0000] {spark_submit.py:571} INFO - "inputRowsPerSecond" : 0.0,
[2024-05-17T15:35:12.196+0000] {spark_submit.py:571} INFO - "processedRowsPerSecond" : 0.16526194017517765,
[2024-05-17T15:35:12.196+0000] {spark_submit.py:571} INFO - "metrics" : {
[2024-05-17T15:35:12.196+0000] {spark_submit.py:571} INFO - "avgOffsetsBehindLatest" : "0.0",
[2024-05-17T15:35:12.196+0000] {spark_submit.py:571} INFO - "maxOffsetsBehindLatest" : "0",
[2024-05-17T15:35:12.196+0000] {spark_submit.py:571} INFO - "minOffsetsBehindLatest" : "0"
[2024-05-17T15:35:12.197+0000] {spark_submit.py:571} INFO - }
[2024-05-17T15:35:12.197+0000] {spark_submit.py:571} INFO - } ],
[2024-05-17T15:35:12.197+0000] {spark_submit.py:571} INFO - "sink" : {
[2024-05-17T15:35:12.197+0000] {spark_submit.py:571} INFO - "description" : "ForeachBatchSink",
[2024-05-17T15:35:12.197+0000] {spark_submit.py:571} INFO - "numOutputRows" : -1
[2024-05-17T15:35:12.197+0000] {spark_submit.py:571} INFO - }
[2024-05-17T15:35:12.198+0000] {spark_submit.py:571} INFO - }
[2024-05-17T15:35:17.909+0000] {spark_submit.py:571} INFO - 24/05/17 15:35:17 INFO BlockManagerInfo: Removed broadcast_0_piece0 on 3e429f118033:36137 in memory (size: 25.6 KiB, free: 434.4 MiB)
[2024-05-17T15:35:18.036+0000] {spark_submit.py:571} INFO - 24/05/17 15:35:18 INFO BlockManagerInfo: Removed broadcast_0_piece0 on 172.24.0.5:46313 in memory (size: 25.6 KiB, free: 434.4 MiB)
[2024-05-17T15:35:22.193+0000] {spark_submit.py:571} INFO - 24/05/17 15:35:22 INFO MicroBatchExecution: Streaming query has been idle and waiting for new data more than 10000 ms.
[2024-05-17T15:35:32.202+0000] {spark_submit.py:571} INFO - 24/05/17 15:35:32 INFO MicroBatchExecution: Streaming query has been idle and waiting for new data more than 10000 ms.
[2024-05-17T15:35:42.207+0000] {spark_submit.py:571} INFO - 24/05/17 15:35:42 INFO MicroBatchExecution: Streaming query has been idle and waiting for new data more than 10000 ms.
[2024-05-17T15:35:52.206+0000] {spark_submit.py:571} INFO - 24/05/17 15:35:52 INFO MicroBatchExecution: Streaming query has been idle and waiting for new data more than 10000 ms.
[2024-05-17T15:35:53.661+0000] {local_task_job_runner.py:310} WARNING - State of this instance has been externally set to failed. Terminating instance.
[2024-05-17T15:35:53.682+0000] {local_task_job_runner.py:222} INFO - ::endgroup::
[2024-05-17T15:35:53.691+0000] {process_utils.py:132} INFO - Sending 15 to group 752. PIDs of all processes in the group: [753, 813, 752]
[2024-05-17T15:35:53.692+0000] {process_utils.py:87} INFO - Sending the signal 15 to group 752
[2024-05-17T15:35:53.703+0000] {taskinstance.py:2611} ERROR - Received SIGTERM. Terminating subprocesses.
[2024-05-17T15:35:53.708+0000] {spark_submit.py:697} INFO - Sending kill signal to spark-submit
[2024-05-17T15:35:53.715+0000] {taskinstance.py:441} INFO - ::group::Post task execution logs
[2024-05-17T15:35:53.882+0000] {process_utils.py:80} INFO - Process psutil.Process(pid=753, status='terminated', started='15:34:30') (753) terminated with exit code None
[2024-05-17T15:35:53.888+0000] {process_utils.py:80} INFO - Process psutil.Process(pid=752, status='terminated', exitcode=0, started='15:34:30') (752) terminated with exit code 0
[2024-05-17T15:35:53.889+0000] {process_utils.py:80} INFO - Process psutil.Process(pid=813, status='terminated', started='15:34:46') (813) terminated with exit code None
