[2024-05-18T23:37:20.027+0000] {local_task_job_runner.py:120} INFO - ::group::Pre task execution logs
[2024-05-18T23:37:20.404+0000] {taskinstance.py:2076} INFO - Dependencies all met for dep_context=non-requeueable deps ti=<TaskInstance: Real_Estate_Webscraping_ETL.Process_and_Send_Data_to_DB scheduled__2024-05-15T01:30:00+00:00 [queued]>
[2024-05-18T23:37:20.523+0000] {taskinstance.py:2076} INFO - Dependencies all met for dep_context=requeueable deps ti=<TaskInstance: Real_Estate_Webscraping_ETL.Process_and_Send_Data_to_DB scheduled__2024-05-15T01:30:00+00:00 [queued]>
[2024-05-18T23:37:20.528+0000] {taskinstance.py:2306} INFO - Starting attempt 1 of 6
[2024-05-18T23:37:21.698+0000] {taskinstance.py:2330} INFO - Executing <Task(SparkSubmitOperator): Process_and_Send_Data_to_DB> on 2024-05-15 01:30:00+00:00
[2024-05-18T23:37:21.820+0000] {standard_task_runner.py:63} INFO - Started process 1915 to run task
[2024-05-18T23:37:21.871+0000] {standard_task_runner.py:90} INFO - Running: ['***', 'tasks', 'run', 'Real_Estate_Webscraping_ETL', 'Process_and_Send_Data_to_DB', 'scheduled__2024-05-15T01:30:00+00:00', '--job-id', '352', '--raw', '--subdir', 'DAGS_FOLDER/webscrapping.py', '--cfg-path', '/tmp/tmptqy5zutt']
[2024-05-18T23:37:21.980+0000] {standard_task_runner.py:91} INFO - Job 352: Subtask Process_and_Send_Data_to_DB
[2024-05-18T23:37:22.919+0000] {task_command.py:426} INFO - Running <TaskInstance: Real_Estate_Webscraping_ETL.Process_and_Send_Data_to_DB scheduled__2024-05-15T01:30:00+00:00 [running]> on host c0373bd0174c
[2024-05-18T23:37:24.216+0000] {taskinstance.py:2648} INFO - Exporting env vars: AIRFLOW_CTX_DAG_OWNER='svc' AIRFLOW_CTX_DAG_ID='Real_Estate_Webscraping_ETL' AIRFLOW_CTX_TASK_ID='Process_and_Send_Data_to_DB' AIRFLOW_CTX_EXECUTION_DATE='2024-05-15T01:30:00+00:00' AIRFLOW_CTX_TRY_NUMBER='1' AIRFLOW_CTX_DAG_RUN_ID='scheduled__2024-05-15T01:30:00+00:00'
[2024-05-18T23:37:24.251+0000] {taskinstance.py:430} INFO - ::endgroup::
[2024-05-18T23:37:24.464+0000] {base.py:84} INFO - Using connection ID 'spark_default' for task execution.
[2024-05-18T23:37:24.467+0000] {spark_submit.py:401} INFO - Spark-Submit cmd: spark-submit --master spark://spark-master:7077 --packages org.apache.spark:spark-sql-kafka-0-10_2.12:3.5.1,com.datastax.spark:spark-cassandra-connector_2.12:3.5.0,org.apache.kafka:kafka-clients:3.5.1,commons-logging:commons-logging:1.2 --name arrow-spark --deploy-mode client dags/includes/jobs/spark_consumer.py
[2024-05-18T23:37:26.270+0000] {spark_submit.py:571} INFO - /home/***/.local/lib/python3.11/site-packages/pyspark/bin/load-spark-env.sh: line 68: ps: command not found
[2024-05-18T23:37:37.125+0000] {local_task_job_runner.py:310} WARNING - State of this instance has been externally set to failed. Terminating instance.
[2024-05-18T23:37:37.338+0000] {local_task_job_runner.py:222} INFO - ::endgroup::
[2024-05-18T23:37:37.384+0000] {process_utils.py:132} INFO - Sending 15 to group 1915. PIDs of all processes in the group: [2021, 1915]
[2024-05-18T23:37:37.391+0000] {process_utils.py:87} INFO - Sending the signal 15 to group 1915
[2024-05-18T23:37:37.400+0000] {taskinstance.py:2611} ERROR - Received SIGTERM. Terminating subprocesses.
[2024-05-18T23:37:37.436+0000] {spark_submit.py:697} INFO - Sending kill signal to spark-submit
[2024-05-18T23:37:37.448+0000] {taskinstance.py:441} INFO - ::group::Post task execution logs
[2024-05-18T23:37:37.772+0000] {process_utils.py:80} INFO - Process psutil.Process(pid=1915, status='terminated', exitcode=0, started='23:37:21') (1915) terminated with exit code 0
[2024-05-18T23:37:37.783+0000] {process_utils.py:80} INFO - Process psutil.Process(pid=2021, status='terminated', started='23:37:23') (2021) terminated with exit code None
