[2024-05-19T00:08:48.231+0000] {local_task_job_runner.py:120} INFO - ::group::Pre task execution logs
[2024-05-19T00:08:49.118+0000] {taskinstance.py:2076} INFO - Dependencies all met for dep_context=non-requeueable deps ti=<TaskInstance: Real_Estate_Webscraping_ETL.Process_and_Send_Data_to_DB scheduled__2024-05-18T12:17:00+00:00 [queued]>
[2024-05-19T00:08:49.259+0000] {taskinstance.py:2076} INFO - Dependencies all met for dep_context=requeueable deps ti=<TaskInstance: Real_Estate_Webscraping_ETL.Process_and_Send_Data_to_DB scheduled__2024-05-18T12:17:00+00:00 [queued]>
[2024-05-19T00:08:49.268+0000] {taskinstance.py:2306} INFO - Starting attempt 3 of 6
[2024-05-19T00:08:49.601+0000] {taskinstance.py:2330} INFO - Executing <Task(SparkSubmitOperator): Process_and_Send_Data_to_DB> on 2024-05-18 12:17:00+00:00
[2024-05-19T00:08:49.957+0000] {standard_task_runner.py:63} INFO - Started process 738 to run task
[2024-05-19T00:08:50.412+0000] {standard_task_runner.py:90} INFO - Running: ['***', 'tasks', 'run', 'Real_Estate_Webscraping_ETL', 'Process_and_Send_Data_to_DB', 'scheduled__2024-05-18T12:17:00+00:00', '--job-id', '441', '--raw', '--subdir', 'DAGS_FOLDER/webscrapping.py', '--cfg-path', '/tmp/tmp_j7j8p_o']
[2024-05-19T00:08:50.564+0000] {standard_task_runner.py:91} INFO - Job 441: Subtask Process_and_Send_Data_to_DB
[2024-05-19T00:08:54.947+0000] {task_command.py:426} INFO - Running <TaskInstance: Real_Estate_Webscraping_ETL.Process_and_Send_Data_to_DB scheduled__2024-05-18T12:17:00+00:00 [running]> on host eddd84e36bad
[2024-05-19T00:08:56.433+0000] {taskinstance.py:2648} INFO - Exporting env vars: AIRFLOW_CTX_DAG_OWNER='svc' AIRFLOW_CTX_DAG_ID='Real_Estate_Webscraping_ETL' AIRFLOW_CTX_TASK_ID='Process_and_Send_Data_to_DB' AIRFLOW_CTX_EXECUTION_DATE='2024-05-18T12:17:00+00:00' AIRFLOW_CTX_TRY_NUMBER='3' AIRFLOW_CTX_DAG_RUN_ID='scheduled__2024-05-18T12:17:00+00:00'
[2024-05-19T00:08:56.496+0000] {taskinstance.py:430} INFO - ::endgroup::
[2024-05-19T00:08:57.011+0000] {base.py:84} INFO - Using connection ID 'spark_default' for task execution.
[2024-05-19T00:08:57.019+0000] {spark_submit.py:401} INFO - Spark-Submit cmd: spark-submit --master spark://spark-master:7077 --packages org.apache.spark:spark-sql-kafka-0-10_2.12:3.5.1,com.datastax.spark:spark-cassandra-connector_2.12:3.5.0,org.apache.kafka:kafka-clients:3.5.1,commons-logging:commons-logging:1.2 --name arrow-spark --deploy-mode client dags/includes/jobs/spark_consumer.py
[2024-05-19T00:09:01.793+0000] {spark_submit.py:571} INFO - /home/***/.local/lib/python3.11/site-packages/pyspark/bin/load-spark-env.sh: line 68: ps: command not found
[2024-05-19T00:09:42.978+0000] {spark_submit.py:571} INFO - :: loading settings :: url = jar:file:/home/***/.local/lib/python3.11/site-packages/pyspark/jars/ivy-2.5.1.jar!/org/apache/ivy/core/settings/ivysettings.xml
[2024-05-19T00:09:43.479+0000] {spark_submit.py:571} INFO - Ivy Default Cache set to: /home/***/.ivy2/cache
[2024-05-19T00:09:43.508+0000] {spark_submit.py:571} INFO - The jars for the packages stored in: /home/***/.ivy2/jars
[2024-05-19T00:09:43.518+0000] {spark_submit.py:571} INFO - org.apache.spark#spark-sql-kafka-0-10_2.12 added as a dependency
[2024-05-19T00:09:43.525+0000] {spark_submit.py:571} INFO - com.datastax.spark#spark-cassandra-connector_2.12 added as a dependency
[2024-05-19T00:09:43.526+0000] {spark_submit.py:571} INFO - org.apache.kafka#kafka-clients added as a dependency
[2024-05-19T00:09:43.526+0000] {spark_submit.py:571} INFO - commons-logging#commons-logging added as a dependency
[2024-05-19T00:09:43.527+0000] {spark_submit.py:571} INFO - :: resolving dependencies :: org.apache.spark#spark-submit-parent-c5a183c5-54a9-4d7a-8c58-ed2367db7d59;1.0
[2024-05-19T00:09:43.527+0000] {spark_submit.py:571} INFO - confs: [default]
[2024-05-19T00:09:48.365+0000] {spark_submit.py:571} INFO - found org.apache.spark#spark-sql-kafka-0-10_2.12;3.5.1 in spark-list
[2024-05-19T00:09:51.373+0000] {spark_submit.py:571} INFO - found org.apache.spark#spark-token-provider-kafka-0-10_2.12;3.5.1 in central
[2024-05-19T00:09:52.435+0000] {spark_submit.py:571} INFO - found org.apache.hadoop#hadoop-client-runtime;3.3.4 in central
[2024-05-19T00:09:52.618+0000] {spark_submit.py:571} INFO - found org.apache.hadoop#hadoop-client-api;3.3.4 in central
[2024-05-19T00:09:52.831+0000] {spark_submit.py:571} INFO - found org.xerial.snappy#snappy-java;1.1.10.3 in central
[2024-05-19T00:09:52.969+0000] {spark_submit.py:571} INFO - found org.slf4j#slf4j-api;2.0.7 in central
[2024-05-19T00:09:53.068+0000] {spark_submit.py:571} INFO - found com.google.code.findbugs#jsr305;3.0.0 in central
[2024-05-19T00:09:53.154+0000] {spark_submit.py:571} INFO - found org.apache.commons#commons-pool2;2.11.1 in central
[2024-05-19T00:09:53.274+0000] {spark_submit.py:571} INFO - found com.datastax.spark#spark-cassandra-connector_2.12;3.5.0 in central
[2024-05-19T00:09:53.632+0000] {spark_submit.py:571} INFO - found com.datastax.spark#spark-cassandra-connector-driver_2.12;3.5.0 in central
[2024-05-19T00:09:53.802+0000] {spark_submit.py:571} INFO - found org.scala-lang.modules#scala-collection-compat_2.12;2.11.0 in central
[2024-05-19T00:09:53.845+0000] {spark_submit.py:571} INFO - found com.datastax.oss#java-driver-core-shaded;4.13.0 in central
[2024-05-19T00:09:53.945+0000] {spark_submit.py:571} INFO - found com.datastax.oss#native-protocol;1.5.0 in central
[2024-05-19T00:09:54.100+0000] {spark_submit.py:571} INFO - found com.datastax.oss#java-driver-shaded-guava;25.1-jre-graal-sub-1 in central
[2024-05-19T00:09:54.141+0000] {spark_submit.py:571} INFO - found com.typesafe#config;1.4.1 in central
[2024-05-19T00:09:54.178+0000] {spark_submit.py:571} INFO - found io.dropwizard.metrics#metrics-core;4.1.18 in central
[2024-05-19T00:09:54.331+0000] {spark_submit.py:571} INFO - found org.hdrhistogram#HdrHistogram;2.1.12 in central
[2024-05-19T00:09:54.441+0000] {spark_submit.py:571} INFO - found org.reactivestreams#reactive-streams;1.0.3 in central
[2024-05-19T00:09:54.486+0000] {spark_submit.py:571} INFO - found com.github.stephenc.jcip#jcip-annotations;1.0-1 in central
[2024-05-19T00:09:54.534+0000] {spark_submit.py:571} INFO - found com.github.spotbugs#spotbugs-annotations;3.1.12 in central
[2024-05-19T00:09:54.576+0000] {spark_submit.py:571} INFO - found com.google.code.findbugs#jsr305;3.0.2 in central
[2024-05-19T00:09:54.662+0000] {spark_submit.py:571} INFO - found com.datastax.oss#java-driver-mapper-runtime;4.13.0 in central
[2024-05-19T00:09:54.711+0000] {spark_submit.py:571} INFO - found com.datastax.oss#java-driver-query-builder;4.13.0 in central
[2024-05-19T00:09:54.838+0000] {spark_submit.py:571} INFO - found org.apache.commons#commons-lang3;3.10 in central
[2024-05-19T00:09:55.003+0000] {spark_submit.py:571} INFO - found com.thoughtworks.paranamer#paranamer;2.8 in central
[2024-05-19T00:09:55.056+0000] {spark_submit.py:571} INFO - found org.scala-lang#scala-reflect;2.12.11 in central
[2024-05-19T00:09:55.124+0000] {spark_submit.py:571} INFO - found org.apache.kafka#kafka-clients;3.5.1 in central
[2024-05-19T00:09:55.185+0000] {spark_submit.py:571} INFO - found com.github.luben#zstd-jni;1.5.5-1 in spark-list
[2024-05-19T00:09:55.217+0000] {spark_submit.py:571} INFO - found org.lz4#lz4-java;1.8.0 in central
[2024-05-19T00:09:55.236+0000] {spark_submit.py:571} INFO - found commons-logging#commons-logging;1.2 in central
[2024-05-19T00:09:59.838+0000] {spark_submit.py:571} INFO - downloading https://repo1.maven.org/maven2/org/apache/kafka/kafka-clients/3.5.1/kafka-clients-3.5.1.jar ...
[2024-05-19T00:10:12.105+0000] {spark_submit.py:571} INFO - :: resolution report :: resolve 11832ms :: artifacts dl 16737ms
[2024-05-19T00:10:12.127+0000] {spark_submit.py:571} INFO - :: modules in use:
[2024-05-19T00:10:12.130+0000] {spark_submit.py:571} INFO - com.datastax.oss#java-driver-core-shaded;4.13.0 from central in [default]
[2024-05-19T00:10:12.134+0000] {spark_submit.py:571} INFO - com.datastax.oss#java-driver-mapper-runtime;4.13.0 from central in [default]
[2024-05-19T00:10:12.136+0000] {spark_submit.py:571} INFO - com.datastax.oss#java-driver-query-builder;4.13.0 from central in [default]
[2024-05-19T00:10:12.137+0000] {spark_submit.py:571} INFO - com.datastax.oss#java-driver-shaded-guava;25.1-jre-graal-sub-1 from central in [default]
[2024-05-19T00:10:12.140+0000] {spark_submit.py:571} INFO - com.datastax.oss#native-protocol;1.5.0 from central in [default]
[2024-05-19T00:10:12.142+0000] {spark_submit.py:571} INFO - com.datastax.spark#spark-cassandra-connector-driver_2.12;3.5.0 from central in [default]
[2024-05-19T00:10:12.145+0000] {spark_submit.py:571} INFO - com.datastax.spark#spark-cassandra-connector_2.12;3.5.0 from central in [default]
[2024-05-19T00:10:12.147+0000] {spark_submit.py:571} INFO - com.github.luben#zstd-jni;1.5.5-1 from spark-list in [default]
[2024-05-19T00:10:12.149+0000] {spark_submit.py:571} INFO - com.github.spotbugs#spotbugs-annotations;3.1.12 from central in [default]
[2024-05-19T00:10:12.150+0000] {spark_submit.py:571} INFO - com.github.stephenc.jcip#jcip-annotations;1.0-1 from central in [default]
[2024-05-19T00:10:12.151+0000] {spark_submit.py:571} INFO - com.google.code.findbugs#jsr305;3.0.2 from central in [default]
[2024-05-19T00:10:12.153+0000] {spark_submit.py:571} INFO - com.thoughtworks.paranamer#paranamer;2.8 from central in [default]
[2024-05-19T00:10:12.161+0000] {spark_submit.py:571} INFO - com.typesafe#config;1.4.1 from central in [default]
[2024-05-19T00:10:12.178+0000] {spark_submit.py:571} INFO - commons-logging#commons-logging;1.2 from central in [default]
[2024-05-19T00:10:12.181+0000] {spark_submit.py:571} INFO - io.dropwizard.metrics#metrics-core;4.1.18 from central in [default]
[2024-05-19T00:10:12.188+0000] {spark_submit.py:571} INFO - org.apache.commons#commons-lang3;3.10 from central in [default]
[2024-05-19T00:10:12.189+0000] {spark_submit.py:571} INFO - org.apache.commons#commons-pool2;2.11.1 from central in [default]
[2024-05-19T00:10:12.191+0000] {spark_submit.py:571} INFO - org.apache.hadoop#hadoop-client-api;3.3.4 from central in [default]
[2024-05-19T00:10:12.192+0000] {spark_submit.py:571} INFO - org.apache.hadoop#hadoop-client-runtime;3.3.4 from central in [default]
[2024-05-19T00:10:12.193+0000] {spark_submit.py:571} INFO - org.apache.kafka#kafka-clients;3.5.1 from central in [default]
[2024-05-19T00:10:12.194+0000] {spark_submit.py:571} INFO - org.apache.spark#spark-sql-kafka-0-10_2.12;3.5.1 from spark-list in [default]
[2024-05-19T00:10:12.195+0000] {spark_submit.py:571} INFO - org.apache.spark#spark-token-provider-kafka-0-10_2.12;3.5.1 from central in [default]
[2024-05-19T00:10:12.199+0000] {spark_submit.py:571} INFO - org.hdrhistogram#HdrHistogram;2.1.12 from central in [default]
[2024-05-19T00:10:12.206+0000] {spark_submit.py:571} INFO - org.lz4#lz4-java;1.8.0 from central in [default]
[2024-05-19T00:10:12.219+0000] {spark_submit.py:571} INFO - org.reactivestreams#reactive-streams;1.0.3 from central in [default]
[2024-05-19T00:10:12.223+0000] {spark_submit.py:571} INFO - org.scala-lang#scala-reflect;2.12.11 from central in [default]
[2024-05-19T00:10:12.231+0000] {spark_submit.py:571} INFO - org.scala-lang.modules#scala-collection-compat_2.12;2.11.0 from central in [default]
[2024-05-19T00:10:12.234+0000] {spark_submit.py:571} INFO - org.slf4j#slf4j-api;2.0.7 from central in [default]
[2024-05-19T00:10:12.235+0000] {spark_submit.py:571} INFO - org.xerial.snappy#snappy-java;1.1.10.3 from central in [default]
[2024-05-19T00:10:12.236+0000] {spark_submit.py:571} INFO - :: evicted modules:
[2024-05-19T00:10:12.237+0000] {spark_submit.py:571} INFO - org.apache.kafka#kafka-clients;3.4.1 by [org.apache.kafka#kafka-clients;3.5.1] in [default]
[2024-05-19T00:10:12.238+0000] {spark_submit.py:571} INFO - commons-logging#commons-logging;1.1.3 by [commons-logging#commons-logging;1.2] in [default]
[2024-05-19T00:10:12.239+0000] {spark_submit.py:571} INFO - com.google.code.findbugs#jsr305;3.0.0 by [com.google.code.findbugs#jsr305;3.0.2] in [default]
[2024-05-19T00:10:12.240+0000] {spark_submit.py:571} INFO - org.slf4j#slf4j-api;1.7.26 by [org.slf4j#slf4j-api;2.0.7] in [default]
[2024-05-19T00:10:12.243+0000] {spark_submit.py:571} INFO - org.xerial.snappy#snappy-java;1.1.10.1 by [org.xerial.snappy#snappy-java;1.1.10.3] in [default]
[2024-05-19T00:10:12.249+0000] {spark_submit.py:571} INFO - org.slf4j#slf4j-api;1.7.36 by [org.slf4j#slf4j-api;2.0.7] in [default]
[2024-05-19T00:10:12.252+0000] {spark_submit.py:571} INFO - ---------------------------------------------------------------------
[2024-05-19T00:10:12.263+0000] {spark_submit.py:571} INFO - |                  |            modules            ||   artifacts   |
[2024-05-19T00:10:12.267+0000] {spark_submit.py:571} INFO - |       conf       | number| search|dwnlded|evicted|| number|dwnlded|
[2024-05-19T00:10:12.287+0000] {spark_submit.py:571} INFO - ---------------------------------------------------------------------
[2024-05-19T00:10:12.288+0000] {spark_submit.py:571} INFO - |      default     |   35  |   0   |   0   |   6   ||   29  |   0   |
[2024-05-19T00:10:12.289+0000] {spark_submit.py:571} INFO - ---------------------------------------------------------------------
[2024-05-19T00:10:12.507+0000] {spark_submit.py:571} INFO - 
[2024-05-19T00:10:12.513+0000] {spark_submit.py:571} INFO - :: problems summary ::
[2024-05-19T00:10:12.518+0000] {spark_submit.py:571} INFO - :::: WARNINGS
[2024-05-19T00:10:12.525+0000] {spark_submit.py:571} INFO - [FAILED     ] org.apache.kafka#kafka-clients;3.5.1!kafka-clients.jar: Downloaded file size (0) doesn't match expected Content Length (5246932) for https://repo1.maven.org/maven2/org/apache/kafka/kafka-clients/3.5.1/kafka-clients-3.5.1.jar. Please retry. (15065ms)
[2024-05-19T00:10:12.529+0000] {spark_submit.py:571} INFO - 
[2024-05-19T00:10:12.535+0000] {spark_submit.py:571} INFO - [FAILED     ] org.apache.kafka#kafka-clients;3.5.1!kafka-clients.jar: Downloaded file size (0) doesn't match expected Content Length (5246932) for https://repo1.maven.org/maven2/org/apache/kafka/kafka-clients/3.5.1/kafka-clients-3.5.1.jar. Please retry. (15065ms)
[2024-05-19T00:10:12.536+0000] {spark_submit.py:571} INFO - 
[2024-05-19T00:10:12.537+0000] {spark_submit.py:571} INFO - ==== central: tried
[2024-05-19T00:10:12.540+0000] {spark_submit.py:571} INFO - 
[2024-05-19T00:10:12.548+0000] {spark_submit.py:571} INFO - https://repo1.maven.org/maven2/org/apache/kafka/kafka-clients/3.5.1/kafka-clients-3.5.1.jar
[2024-05-19T00:10:12.553+0000] {spark_submit.py:571} INFO - 
[2024-05-19T00:10:12.555+0000] {spark_submit.py:571} INFO - ::::::::::::::::::::::::::::::::::::::::::::::
[2024-05-19T00:10:12.568+0000] {spark_submit.py:571} INFO - 
[2024-05-19T00:10:12.593+0000] {spark_submit.py:571} INFO - ::              FAILED DOWNLOADS            ::
[2024-05-19T00:10:12.608+0000] {spark_submit.py:571} INFO - 
[2024-05-19T00:10:12.620+0000] {spark_submit.py:571} INFO - :: ^ see resolution messages for details  ^ ::
[2024-05-19T00:10:12.628+0000] {spark_submit.py:571} INFO - 
[2024-05-19T00:10:12.636+0000] {spark_submit.py:571} INFO - ::::::::::::::::::::::::::::::::::::::::::::::
[2024-05-19T00:10:12.642+0000] {spark_submit.py:571} INFO - 
[2024-05-19T00:10:12.647+0000] {spark_submit.py:571} INFO - :: org.apache.kafka#kafka-clients;3.5.1!kafka-clients.jar
[2024-05-19T00:10:12.653+0000] {spark_submit.py:571} INFO - 
[2024-05-19T00:10:12.691+0000] {spark_submit.py:571} INFO - ::::::::::::::::::::::::::::::::::::::::::::::
[2024-05-19T00:10:12.702+0000] {spark_submit.py:571} INFO - 
[2024-05-19T00:10:12.706+0000] {spark_submit.py:571} INFO - 
[2024-05-19T00:10:12.712+0000] {spark_submit.py:571} INFO - :::: ERRORS
[2024-05-19T00:10:12.722+0000] {spark_submit.py:571} INFO - unknown resolver null
[2024-05-19T00:10:12.726+0000] {spark_submit.py:571} INFO - 
[2024-05-19T00:10:12.731+0000] {spark_submit.py:571} INFO - unknown resolver null
[2024-05-19T00:10:12.736+0000] {spark_submit.py:571} INFO - 
[2024-05-19T00:10:12.738+0000] {spark_submit.py:571} INFO - 
[2024-05-19T00:10:12.742+0000] {spark_submit.py:571} INFO - :: USE VERBOSE OR DEBUG MESSAGE LEVEL FOR MORE DETAILS
[2024-05-19T00:10:12.858+0000] {spark_submit.py:571} INFO - Exception in thread "main" java.lang.RuntimeException: [download failed: org.apache.kafka#kafka-clients;3.5.1!kafka-clients.jar]
[2024-05-19T00:10:12.953+0000] {spark_submit.py:571} INFO - at org.apache.spark.deploy.SparkSubmitUtils$.resolveMavenCoordinates(SparkSubmit.scala:1608)
[2024-05-19T00:10:12.972+0000] {spark_submit.py:571} INFO - at org.apache.spark.util.DependencyUtils$.resolveMavenDependencies(DependencyUtils.scala:185)
[2024-05-19T00:10:12.980+0000] {spark_submit.py:571} INFO - at org.apache.spark.deploy.SparkSubmit.prepareSubmitEnvironment(SparkSubmit.scala:334)
[2024-05-19T00:10:12.990+0000] {spark_submit.py:571} INFO - at org.apache.spark.deploy.SparkSubmit.org$apache$spark$deploy$SparkSubmit$$runMain(SparkSubmit.scala:964)
[2024-05-19T00:10:13.035+0000] {spark_submit.py:571} INFO - at org.apache.spark.deploy.SparkSubmit.doRunMain$1(SparkSubmit.scala:194)
[2024-05-19T00:10:13.039+0000] {spark_submit.py:571} INFO - at org.apache.spark.deploy.SparkSubmit.submit(SparkSubmit.scala:217)
[2024-05-19T00:10:13.044+0000] {spark_submit.py:571} INFO - at org.apache.spark.deploy.SparkSubmit.doSubmit(SparkSubmit.scala:91)
[2024-05-19T00:10:13.054+0000] {spark_submit.py:571} INFO - at org.apache.spark.deploy.SparkSubmit$$anon$2.doSubmit(SparkSubmit.scala:1120)
[2024-05-19T00:10:13.073+0000] {spark_submit.py:571} INFO - at org.apache.spark.deploy.SparkSubmit$.main(SparkSubmit.scala:1129)
[2024-05-19T00:10:13.097+0000] {spark_submit.py:571} INFO - at org.apache.spark.deploy.SparkSubmit.main(SparkSubmit.scala)
[2024-05-19T00:10:13.325+0000] {taskinstance.py:441} INFO - ::group::Post task execution logs
[2024-05-19T00:10:15.686+0000] {taskinstance.py:2905} ERROR - Task failed with exception
Traceback (most recent call last):
  File "/home/airflow/.local/lib/python3.11/site-packages/airflow/models/taskinstance.py", line 465, in _execute_task
    result = _execute_callable(context=context, **execute_callable_kwargs)
             ^^^^^^^^^^^^^^^^^^^^^^^^^^^^^^^^^^^^^^^^^^^^^^^^^^^^^^^^^^^^^
  File "/home/airflow/.local/lib/python3.11/site-packages/airflow/models/taskinstance.py", line 432, in _execute_callable
    return execute_callable(context=context, **execute_callable_kwargs)
           ^^^^^^^^^^^^^^^^^^^^^^^^^^^^^^^^^^^^^^^^^^^^^^^^^^^^^^^^^^^^
  File "/home/airflow/.local/lib/python3.11/site-packages/airflow/models/baseoperator.py", line 400, in wrapper
    return func(self, *args, **kwargs)
           ^^^^^^^^^^^^^^^^^^^^^^^^^^^
  File "/home/airflow/.local/lib/python3.11/site-packages/airflow/providers/apache/spark/operators/spark_submit.py", line 174, in execute
    self._hook.submit(self.application)
  File "/home/airflow/.local/lib/python3.11/site-packages/airflow/providers/apache/spark/hooks/spark_submit.py", line 502, in submit
    raise AirflowException(
airflow.exceptions.AirflowException: Cannot execute: spark-submit --master spark://spark-master:7077 --packages org.apache.spark:spark-sql-kafka-0-10_2.12:3.5.1,com.datastax.spark:spark-cassandra-connector_2.12:3.5.0,org.apache.kafka:kafka-clients:3.5.1,commons-logging:commons-logging:1.2 --name arrow-spark --deploy-mode client dags/includes/jobs/spark_consumer.py. Error code is: 1.
[2024-05-19T00:10:16.299+0000] {taskinstance.py:1206} INFO - Marking task as UP_FOR_RETRY. dag_id=Real_Estate_Webscraping_ETL, task_id=Process_and_Send_Data_to_DB, run_id=scheduled__2024-05-18T12:17:00+00:00, execution_date=20240518T121700, start_date=20240519T000849, end_date=20240519T001016
[2024-05-19T00:10:16.744+0000] {standard_task_runner.py:110} ERROR - Failed to execute job 441 for task Process_and_Send_Data_to_DB (Cannot execute: spark-submit --master spark://spark-master:7077 --packages org.apache.spark:spark-sql-kafka-0-10_2.12:3.5.1,com.datastax.spark:spark-cassandra-connector_2.12:3.5.0,org.apache.kafka:kafka-clients:3.5.1,commons-logging:commons-logging:1.2 --name arrow-spark --deploy-mode client dags/includes/jobs/spark_consumer.py. Error code is: 1.; 738)
[2024-05-19T00:10:16.957+0000] {local_task_job_runner.py:240} INFO - Task exited with return code 1
[2024-05-19T00:10:17.869+0000] {taskinstance.py:3498} INFO - 0 downstream tasks scheduled from follow-on schedule check
[2024-05-19T00:10:17.897+0000] {local_task_job_runner.py:222} INFO - ::endgroup::
