[2024-05-14T17:51:52.804+0000] {local_task_job_runner.py:120} INFO - ::group::Pre task execution logs
[2024-05-14T17:51:52.837+0000] {taskinstance.py:2076} INFO - Dependencies all met for dep_context=non-requeueable deps ti=<TaskInstance: Webscrape.Ingest_Data manual__2024-05-14T17:51:50.368409+00:00 [queued]>
[2024-05-14T17:51:52.844+0000] {taskinstance.py:2076} INFO - Dependencies all met for dep_context=requeueable deps ti=<TaskInstance: Webscrape.Ingest_Data manual__2024-05-14T17:51:50.368409+00:00 [queued]>
[2024-05-14T17:51:52.844+0000] {taskinstance.py:2306} INFO - Starting attempt 1 of 6
[2024-05-14T17:51:52.854+0000] {taskinstance.py:2330} INFO - Executing <Task(PythonOperator): Ingest_Data> on 2024-05-14 17:51:50.368409+00:00
[2024-05-14T17:51:52.869+0000] {standard_task_runner.py:90} INFO - Running: ['***', 'tasks', 'run', 'Webscrape', 'Ingest_Data', 'manual__2024-05-14T17:51:50.368409+00:00', '--job-id', '82', '--raw', '--subdir', 'DAGS_FOLDER/webscrapping.py', '--cfg-path', '/tmp/tmpvbvrzbvb']
[2024-05-14T17:51:52.887+0000] {logging_mixin.py:188} WARNING - /home/***/.local/lib/python3.12/site-packages/***/task/task_runner/standard_task_runner.py:61 DeprecationWarning: This process (pid=340) is multi-threaded, use of fork() may lead to deadlocks in the child.
[2024-05-14T17:51:52.899+0000] {standard_task_runner.py:91} INFO - Job 82: Subtask Ingest_Data
[2024-05-14T17:51:52.899+0000] {standard_task_runner.py:63} INFO - Started process 341 to run task
[2024-05-14T17:51:53.092+0000] {task_command.py:426} INFO - Running <TaskInstance: Webscrape.Ingest_Data manual__2024-05-14T17:51:50.368409+00:00 [running]> on host 4ac0c9fa8b6a
[2024-05-14T17:51:53.330+0000] {taskinstance.py:2648} INFO - Exporting env vars: AIRFLOW_CTX_DAG_OWNER='svc' AIRFLOW_CTX_DAG_ID='Webscrape' AIRFLOW_CTX_TASK_ID='Ingest_Data' AIRFLOW_CTX_EXECUTION_DATE='2024-05-14T17:51:50.368409+00:00' AIRFLOW_CTX_TRY_NUMBER='1' AIRFLOW_CTX_DAG_RUN_ID='manual__2024-05-14T17:51:50.368409+00:00'
[2024-05-14T17:51:53.334+0000] {taskinstance.py:430} INFO - ::endgroup::
[2024-05-14T17:51:53.386+0000] {conn.py:362} INFO - <BrokerConnection node_id=bootstrap-0 host=kafka:9092 <connecting> [IPv4 ('192.168.48.6', 9092)]>: connecting to kafka:9092 [('192.168.48.6', 9092) IPv4]
[2024-05-14T17:51:53.389+0000] {conn.py:957} INFO - Probing node bootstrap-0 broker version
[2024-05-14T17:51:53.391+0000] {conn.py:393} INFO - <BrokerConnection node_id=bootstrap-0 host=kafka:9092 <connecting> [IPv4 ('192.168.48.6', 9092)]>: Connection complete.
[2024-05-14T17:51:53.526+0000] {conn.py:1019} INFO - Broker version identified as 2.6.0
[2024-05-14T17:51:53.527+0000] {conn.py:1020} INFO - Set configuration api_version=(2, 6, 0) to skip auto check_version requests on startup
[2024-05-14T17:51:54.870+0000] {logging_mixin.py:188} INFO - Connecting to Scraping Browser...
[2024-05-14T17:51:56.879+0000] {logging_mixin.py:188} INFO - Connected! Navigating to https://www.redfin.com...
[2024-05-14T17:52:03.909+0000] {logging_mixin.py:188} INFO - Searching...
[2024-05-14T17:52:07.519+0000] {logging_mixin.py:188} INFO - --------
[2024-05-14T17:52:07.521+0000] {logging_mixin.py:188} INFO - 1
[2024-05-14T17:52:07.522+0000] {logging_mixin.py:188} INFO - Navigating to Listing page: https://www.redfin.com/NY/New-York/145-E-29th-St-10016/unit-3E/home/45324576
[2024-05-14T17:52:27.428+0000] {logging_mixin.py:188} INFO - Extracting Pictures
[2024-05-14T17:52:31.680+0000] {logging_mixin.py:188} INFO - Extracting Key Details
[2024-05-14T17:52:33.007+0000] {logging_mixin.py:188} INFO - Extracting Listing Agent Details
[2024-05-14T17:52:33.690+0000] {logging_mixin.py:188} INFO - Extracting Redfin Agent Details
[2024-05-14T17:52:34.333+0000] {logging_mixin.py:188} INFO - Extracting Property Details
[2024-05-14T17:52:36.181+0000] {logging_mixin.py:188} INFO - {
  "address": "145 E 29th St Unit 3E New York NY 10016",
  "price": "399000",
  "beds": "0",
  "baths": "1",
  "link": "https://www.redfin.com/NY/New-York/145-E-29th-St-10016/unit-3E/home/45324576",
  "photos": [
    "https://ssl.cdn-redfin.com/system_files/media/917965_JPG/item_1.jpg",
    "https://ssl.cdn-redfin.com/system_files/media/917965_JPG/genLdpUgcMediaBrowserUrl/item_4.jpg",
    "https://ssl.cdn-redfin.com/system_files/media/917965_JPG/genLdpUgcMediaBrowserUrl/item_7.jpg",
    "https://ssl.cdn-redfin.com/system_files/media/917965_JPG/genLdpUgcMediaBrowserUrl/item_14.jpg",
    "https://ssl.cdn-redfin.com/system_files/media/917965_JPG/genLdpUgcMediaBrowserUrl/item_17.jpg",
    "https://ssl.cdn-redfin.com/system_files/media/917965_JPG/item_9.jpg",
    "https://ssl.cdn-redfin.com/system_files/media/917965_JPG/item_19.jpg",
    "https://ssl.cdn-redfin.com/system_files/media/917965_JPG/item_23.jpg"
  ],
  "hoa_fee": "953",
  "buyers_agent_fee": "",
  "listing_agent_name": "Zach Gutierrez",
  "listing_agent_contact": "",
  "redfin_agent_name": "Martin Freiman",
  "finished_sqft": "",
  "unfinished_sqft": "",
  "total_sqft": "",
  "stories": "",
  "style": "Condo/Co-op",
  "year_built": "",
  "year_renovated": "",
  "county": "New York County",
  "APN": "0885003700145000000003E"
}
[2024-05-14T17:52:36.182+0000] {logging_mixin.py:188} INFO - Sending Data to Kafka
[2024-05-14T17:52:36.246+0000] {conn.py:362} INFO - <BrokerConnection node_id=1 host=kafka:9092 <connecting> [IPv4 ('192.168.48.6', 9092)]>: connecting to kafka:9092 [('192.168.48.6', 9092) IPv4]
[2024-05-14T17:52:36.248+0000] {conn.py:393} INFO - <BrokerConnection node_id=1 host=kafka:9092 <connecting> [IPv4 ('192.168.48.6', 9092)]>: Connection complete.
[2024-05-14T17:52:36.250+0000] {conn.py:673} INFO - <BrokerConnection node_id=bootstrap-0 host=kafka:9092 <connected> [IPv4 ('192.168.48.6', 9092)]>: Closing connection. 
[2024-05-14T17:52:36.783+0000] {logging_mixin.py:188} INFO - --------
[2024-05-14T17:52:36.784+0000] {logging_mixin.py:188} INFO - 2
[2024-05-14T17:52:36.785+0000] {logging_mixin.py:188} INFO - Navigating to Listing page: https://www.redfin.com/NY/New-York/322-W-57th-St-10019/unit-54T/home/144972779
[2024-05-14T17:52:55.684+0000] {logging_mixin.py:188} INFO - Extracting Pictures
[2024-05-14T17:52:58.668+0000] {logging_mixin.py:188} INFO - Extracting Key Details
[2024-05-14T17:52:59.697+0000] {logging_mixin.py:188} INFO - Extracting Listing Agent Details
[2024-05-14T17:53:00.443+0000] {logging_mixin.py:188} INFO - Extracting Redfin Agent Details
[2024-05-14T17:53:01.203+0000] {logging_mixin.py:188} INFO - Extracting Property Details
[2024-05-14T17:53:02.986+0000] {logging_mixin.py:188} INFO - {
  "address": "322 W 57th St Unit 54-T New York NY 10019",
  "price": "5850000",
  "beds": "4",
  "baths": "4",
  "link": "https://www.redfin.com/NY/New-York/322-W-57th-St-10019/unit-54T/home/144972779",
  "photos": [
    "https://ssl.cdn-redfin.com/photo/211/bigphoto/689/OLRS-1733689_Q.jpg",
    "https://ssl.cdn-redfin.com/photo/211/mbpaddedwide/689/genMid.OLRS-1733689_1_Q.jpg",
    "https://ssl.cdn-redfin.com/photo/211/mbpaddedwide/689/genMid.OLRS-1733689_2_10.jpg",
    "https://ssl.cdn-redfin.com/photo/211/mbpaddedwide/689/genMid.OLRS-1733689_4_Y.jpg",
    "https://ssl.cdn-redfin.com/photo/211/mbpaddedwide/689/genMid.OLRS-1733689_5_X.jpg",
    "https://ssl.cdn-redfin.com/photo/211/bigphoto/689/OLRS-1733689_3_X.jpg",
    "https://ssl.cdn-redfin.com/photo/211/bigphoto/689/OLRS-1733689_6_X.jpg",
    "https://ssl.cdn-redfin.com/photo/211/mbpaddedwide/689/genMid.OLRS-1733689_7_Z.jpg",
    "https://ssl.cdn-redfin.com/photo/211/mbpaddedwide/689/genMid.OLRS-1733689_8_Y.jpg",
    "https://ssl.cdn-redfin.com/photo/211/bigphoto/689/OLRS-1733689_9_X.jpg",
    "https://ssl.cdn-redfin.com/photo/211/bigphoto/689/OLRS-1733689_15_W.jpg",
    "https://ssl.cdn-redfin.com/photo/211/bigphoto/689/OLRS-1733689_21_16.jpg"
  ],
  "hoa_fee": "4,352",
  "buyers_agent_fee": "",
  "listing_agent_name": "Christopher Scianni",
  "listing_agent_contact": "",
  "redfin_agent_name": "Martin Freiman",
  "finished_sqft": "",
  "unfinished_sqft": "",
  "total_sqft": "",
  "stories": "",
  "style": "Condo/Co-op",
  "year_built": "",
  "year_renovated": "",
  "county": "New York County",
  "APN": "857875cc-b2b8-465f-9472-5b3848a4c97b"
}
[2024-05-14T17:53:02.990+0000] {logging_mixin.py:188} INFO - Sending Data to Kafka
[2024-05-14T17:53:03.160+0000] {logging_mixin.py:188} INFO - --------
[2024-05-14T17:53:03.164+0000] {logging_mixin.py:188} INFO - 3
[2024-05-14T17:53:03.166+0000] {logging_mixin.py:188} INFO - Navigating to Listing page: https://www.redfin.com/NY/New-York/475-Park-Ave-10022/unit-10A/home/115395175
[2024-05-14T17:53:19.884+0000] {local_task_job_runner.py:310} WARNING - State of this instance has been externally set to failed. Terminating instance.
[2024-05-14T17:53:19.896+0000] {local_task_job_runner.py:222} INFO - ::endgroup::
[2024-05-14T17:53:19.905+0000] {process_utils.py:132} INFO - Sending 15 to group 341. PIDs of all processes in the group: [343, 341]
[2024-05-14T17:53:19.905+0000] {process_utils.py:87} INFO - Sending the signal 15 to group 341
[2024-05-14T17:53:19.907+0000] {taskinstance.py:2611} ERROR - Received SIGTERM. Terminating subprocesses.
[2024-05-14T17:53:20.010+0000] {process_utils.py:80} INFO - Process psutil.Process(pid=343, status='terminated', started='17:51:52') (343) terminated with exit code None
[2024-05-14T17:54:19.951+0000] {process_utils.py:150} WARNING - process psutil.Process(pid=341, name='airflow task ru', status='sleeping', started='17:51:52') did not respond to SIGTERM. Trying SIGKILL
[2024-05-14T17:54:19.994+0000] {process_utils.py:87} INFO - Sending the signal 9 to group 341
[2024-05-14T17:54:20.104+0000] {process_utils.py:80} INFO - Process psutil.Process(pid=341, name='airflow task ru', status='terminated', exitcode=<Negsignal.SIGKILL: -9>, started='17:51:52') (341) terminated with exit code -9
[2024-05-14T17:54:20.109+0000] {standard_task_runner.py:178} ERROR - Job 82 was killed before it finished (likely due to running out of memory)
