[2024-05-15T23:14:52.442+0000] {local_task_job_runner.py:120} INFO - ::group::Pre task execution logs
[2024-05-15T23:14:52.467+0000] {taskinstance.py:2076} INFO - Dependencies all met for dep_context=non-requeueable deps ti=<TaskInstance: Webscrape.Ingest_Data manual__2024-05-15T23:14:50.171544+00:00 [queued]>
[2024-05-15T23:14:52.472+0000] {taskinstance.py:2076} INFO - Dependencies all met for dep_context=requeueable deps ti=<TaskInstance: Webscrape.Ingest_Data manual__2024-05-15T23:14:50.171544+00:00 [queued]>
[2024-05-15T23:14:52.472+0000] {taskinstance.py:2306} INFO - Starting attempt 1 of 6
[2024-05-15T23:14:52.481+0000] {taskinstance.py:2330} INFO - Executing <Task(PythonOperator): Ingest_Data> on 2024-05-15 23:14:50.171544+00:00
[2024-05-15T23:14:52.504+0000] {standard_task_runner.py:90} INFO - Running: ['***', 'tasks', 'run', 'Webscrape', 'Ingest_Data', 'manual__2024-05-15T23:14:50.171544+00:00', '--job-id', '143', '--raw', '--subdir', 'DAGS_FOLDER/webscrapping.py', '--cfg-path', '/tmp/tmpkoiij3od']
[2024-05-15T23:14:52.515+0000] {logging_mixin.py:188} WARNING - /home/***/.local/lib/python3.12/site-packages/***/task/task_runner/standard_task_runner.py:61 DeprecationWarning: This process (pid=332) is multi-threaded, use of fork() may lead to deadlocks in the child.
[2024-05-15T23:14:52.515+0000] {standard_task_runner.py:91} INFO - Job 143: Subtask Ingest_Data
[2024-05-15T23:14:52.516+0000] {standard_task_runner.py:63} INFO - Started process 333 to run task
[2024-05-15T23:14:52.595+0000] {task_command.py:426} INFO - Running <TaskInstance: Webscrape.Ingest_Data manual__2024-05-15T23:14:50.171544+00:00 [running]> on host fb6491796190
[2024-05-15T23:14:52.742+0000] {taskinstance.py:2648} INFO - Exporting env vars: AIRFLOW_CTX_DAG_OWNER='svc' AIRFLOW_CTX_DAG_ID='Webscrape' AIRFLOW_CTX_TASK_ID='Ingest_Data' AIRFLOW_CTX_EXECUTION_DATE='2024-05-15T23:14:50.171544+00:00' AIRFLOW_CTX_TRY_NUMBER='1' AIRFLOW_CTX_DAG_RUN_ID='manual__2024-05-15T23:14:50.171544+00:00'
[2024-05-15T23:14:52.743+0000] {taskinstance.py:430} INFO - ::endgroup::
[2024-05-15T23:14:52.770+0000] {conn.py:362} INFO - <BrokerConnection node_id=bootstrap-0 host=kafka:9092 <connecting> [IPv4 ('172.30.0.6', 9092)]>: connecting to kafka:9092 [('172.30.0.6', 9092) IPv4]
[2024-05-15T23:14:52.771+0000] {conn.py:957} INFO - Probing node bootstrap-0 broker version
[2024-05-15T23:14:52.772+0000] {conn.py:393} INFO - <BrokerConnection node_id=bootstrap-0 host=kafka:9092 <connecting> [IPv4 ('172.30.0.6', 9092)]>: Connection complete.
[2024-05-15T23:14:52.892+0000] {conn.py:1019} INFO - Broker version identified as 2.6.0
[2024-05-15T23:14:52.893+0000] {conn.py:1020} INFO - Set configuration api_version=(2, 6, 0) to skip auto check_version requests on startup
[2024-05-15T23:14:53.523+0000] {logging_mixin.py:188} INFO - Connecting to Scraping Browser...
[2024-05-15T23:14:55.177+0000] {logging_mixin.py:188} INFO - Connected! Navigating to https://www.redfin.com...
[2024-05-15T23:15:04.284+0000] {logging_mixin.py:188} INFO - Searching...
[2024-05-15T23:15:08.469+0000] {logging_mixin.py:188} INFO - --------
[2024-05-15T23:15:08.469+0000] {logging_mixin.py:188} INFO - 1
[2024-05-15T23:15:08.470+0000] {logging_mixin.py:188} INFO - Navigating to Listing page: https://www.redfin.com/NC/Charlotte/2739-Grand-Union-Way-28209/home/148598761
[2024-05-15T23:15:37.266+0000] {logging_mixin.py:188} INFO - Extracting Pictures
[2024-05-15T23:15:39.880+0000] {logging_mixin.py:188} INFO - Extracting Key Details
[2024-05-15T23:15:41.205+0000] {logging_mixin.py:188} INFO - Extracting Listing Agent Details
[2024-05-15T23:15:42.008+0000] {logging_mixin.py:188} INFO - Extracting Redfin Agent Details
[2024-05-15T23:15:42.528+0000] {logging_mixin.py:188} INFO - Extracting Property Details
[2024-05-15T23:15:44.121+0000] {logging_mixin.py:188} INFO - {
  "address": "2739 Grand Union Way Charlotte NC 28209",
  "price": "649900",
  "beds": "3",
  "baths": "3.5",
  "link": "https://www.redfin.com/NC/Charlotte/2739-Grand-Union-Way-28209/home/148598761",
  "photos": [
    "https://ssl.cdn-redfin.com/system_files/media/919615_JPG/item_22.jpg",
    "https://ssl.cdn-redfin.com/system_files/media/919615_JPG/genLdpUgcMediaBrowserUrl/item_38.jpg",
    "https://my.matterport.com/api/v2/player/models/cVZCU4kuhtR/thumb",
    "https://ssl.cdn-redfin.com/system_files/media/919615_JPG/genLdpUgcMediaBrowserUrl/item_30.jpg",
    "https://ssl.cdn-redfin.com/system_files/media/919615_JPG/genLdpUgcMediaBrowserUrl/item_45.jpg",
    "https://ssl.cdn-redfin.com/system_files/media/919615_JPG/item_46.jpg",
    "https://ssl.cdn-redfin.com/system_files/media/919615_JPG/item_1.jpg",
    "https://ssl.cdn-redfin.com/system_files/media/919615_JPG/item_5.jpg",
    "https://ssl.cdn-redfin.com/system_files/media/919615_JPG/item_10.jpg",
    "https://ssl.cdn-redfin.com/system_files/media/919615_JPG/item_18.jpg"
  ],
  "hoa_fee": "262",
  "buyers_agent_fee": "2",
  "listing_agent_name": "Jill Moyer",
  "listing_agent_contact": "jill.moyer@redfin.com",
  "redfin_agent_name": "Stephen Passarelli",
  "finished_sqft": "",
  "unfinished_sqft": "",
  "total_sqft": "",
  "stories": "4",
  "style": "Townhouse",
  "year_built": "2019",
  "year_renovated": "",
  "county": "Mecklenburg County",
  "APN": "14901360"
}
[2024-05-15T23:15:44.122+0000] {logging_mixin.py:188} INFO - Sending Data to Kafka
[2024-05-15T23:15:44.127+0000] {conn.py:362} INFO - <BrokerConnection node_id=1 host=kafka:9092 <connecting> [IPv4 ('172.30.0.6', 9092)]>: connecting to kafka:9092 [('172.30.0.6', 9092) IPv4]
[2024-05-15T23:15:44.129+0000] {conn.py:393} INFO - <BrokerConnection node_id=1 host=kafka:9092 <connecting> [IPv4 ('172.30.0.6', 9092)]>: Connection complete.
[2024-05-15T23:15:44.130+0000] {conn.py:673} INFO - <BrokerConnection node_id=bootstrap-0 host=kafka:9092 <connected> [IPv4 ('172.30.0.6', 9092)]>: Closing connection. 
[2024-05-15T23:15:44.215+0000] {logging_mixin.py:188} INFO - --------
[2024-05-15T23:15:44.218+0000] {logging_mixin.py:188} INFO - 2
[2024-05-15T23:15:44.219+0000] {logging_mixin.py:188} INFO - Navigating to Listing page: https://www.redfin.com/NC/Charlotte/4117-Duplin-Dr-28214/home/185574517
[2024-05-15T23:16:00.447+0000] {logging_mixin.py:188} INFO - Extracting Pictures
[2024-05-15T23:16:03.099+0000] {logging_mixin.py:188} INFO - Extracting Key Details
[2024-05-15T23:16:04.162+0000] {logging_mixin.py:188} INFO - Extracting Listing Agent Details
[2024-05-15T23:16:04.965+0000] {logging_mixin.py:188} INFO - Extracting Redfin Agent Details
[2024-05-15T23:16:05.580+0000] {logging_mixin.py:188} INFO - Extracting Property Details
[2024-05-15T23:16:07.023+0000] {logging_mixin.py:188} INFO - {
  "address": "4117 Duplin Dr Charlotte NC 28214",
  "price": "475000",
  "beds": "3",
  "baths": "2",
  "link": "https://www.redfin.com/NC/Charlotte/4117-Duplin-Dr-28214/home/185574517",
  "photos": [
    "https://ssl.cdn-redfin.com/system_files/media/919625_JPG/item_26.jpg",
    "https://ssl.cdn-redfin.com/system_files/media/919625_JPG/genLdpUgcMediaBrowserUrl/item_10.jpg",
    "https://my.matterport.com/api/v2/player/models/QrMTxwVZ4jy/thumb",
    "https://ssl.cdn-redfin.com/system_files/media/919625_JPG/genLdpUgcMediaBrowserUrl/item_11.jpg",
    "https://ssl.cdn-redfin.com/system_files/media/919625_JPG/genLdpUgcMediaBrowserUrl/item_12.jpg",
    "https://ssl.cdn-redfin.com/system_files/media/919625_JPG/item_13.jpg",
    "https://ssl.cdn-redfin.com/system_files/media/919625_JPG/item_9.jpg",
    "https://ssl.cdn-redfin.com/system_files/media/919625_JPG/item_21.jpg",
    "https://ssl.cdn-redfin.com/system_files/media/919625_JPG/item_4.jpg",
    "https://ssl.cdn-redfin.com/system_files/media/919625_JPG/item_37.jpg"
  ],
  "hoa_fee": "113",
  "buyers_agent_fee": "2.5",
  "listing_agent_name": "Peter Dorninger",
  "listing_agent_contact": "peter.dorninger@redfin.com",
  "redfin_agent_name": "Karen Krotki",
  "finished_sqft": "",
  "unfinished_sqft": "",
  "total_sqft": "",
  "stories": "",
  "style": "Single Family Residential",
  "year_built": "",
  "year_renovated": "",
  "county": "Mecklenburg County",
  "APN": "11308417"
}
[2024-05-15T23:16:07.024+0000] {logging_mixin.py:188} INFO - Sending Data to Kafka
[2024-05-15T23:16:07.206+0000] {logging_mixin.py:188} INFO - --------
[2024-05-15T23:16:07.208+0000] {logging_mixin.py:188} INFO - 3
[2024-05-15T23:16:07.213+0000] {logging_mixin.py:188} INFO - Navigating to Listing page: https://www.redfin.com/NC/Charlotte/3200-Dunaire-Dr-28205/home/43938459
[2024-05-15T23:16:26.078+0000] {logging_mixin.py:188} INFO - Extracting Pictures
[2024-05-15T23:16:28.537+0000] {logging_mixin.py:188} INFO - Extracting Key Details
[2024-05-15T23:16:29.289+0000] {logging_mixin.py:188} INFO - Extracting Listing Agent Details
[2024-05-15T23:16:30.173+0000] {logging_mixin.py:188} INFO - Extracting Redfin Agent Details
[2024-05-15T23:16:30.708+0000] {logging_mixin.py:188} INFO - Extracting Property Details
[2024-05-15T23:16:32.433+0000] {logging_mixin.py:188} INFO - {
  "address": "3200 Dunaire Dr Charlotte NC 28205",
  "price": "475000",
  "beds": "3",
  "baths": "2",
  "link": "https://www.redfin.com/NC/Charlotte/3200-Dunaire-Dr-28205/home/43938459",
  "photos": [
    "https://ssl.cdn-redfin.com/system_files/media/919050_JPG/item_1.jpg",
    "https://ssl.cdn-redfin.com/system_files/media/919050_JPG/genLdpUgcMediaBrowserUrl/item_2.jpg",
    "https://my.matterport.com/api/v2/player/models/EL5PrvVRLoz/thumb",
    "https://ssl.cdn-redfin.com/system_files/media/919050_JPG/genLdpUgcMediaBrowserUrl/item_4.jpg",
    "https://ssl.cdn-redfin.com/system_files/media/919050_JPG/genLdpUgcMediaBrowserUrl/item_5.jpg",
    "https://ssl.cdn-redfin.com/system_files/media/919050_JPG/item_3.jpg",
    "https://ssl.cdn-redfin.com/system_files/media/919050_JPG/item_11.jpg",
    "https://ssl.cdn-redfin.com/system_files/media/919050_JPG/item_15.jpg",
    "https://ssl.cdn-redfin.com/system_files/media/919050_JPG/item_21.jpg",
    "https://ssl.cdn-redfin.com/system_files/media/919050_JPG/item_27.jpg",
    "https://ssl.cdn-redfin.com/system_files/media/919050_JPG/item_33.jpg",
    "https://ssl.cdn-redfin.com/system_files/media/919050_JPG/item_39.jpg",
    "https://ssl.cdn-redfin.com/system_files/media/919050_JPG/item_45.jpg"
  ],
  "hoa_fee": "",
  "buyers_agent_fee": "2",
  "listing_agent_name": "Lilliah Moseley",
  "listing_agent_contact": "lilliah.moseley@redfin.com",
  "redfin_agent_name": "Stephen Passarelli",
  "finished_sqft": "1442",
  "unfinished_sqft": "",
  "total_sqft": "1442",
  "stories": "1",
  "style": "Single Family Residential",
  "year_built": "1959",
  "year_renovated": "1970",
  "county": "Mecklenburg County",
  "APN": "10112504"
}
[2024-05-15T23:16:32.434+0000] {logging_mixin.py:188} INFO - Sending Data to Kafka
[2024-05-15T23:16:32.636+0000] {logging_mixin.py:188} INFO - --------
[2024-05-15T23:16:32.637+0000] {logging_mixin.py:188} INFO - 4
[2024-05-15T23:16:32.639+0000] {logging_mixin.py:188} INFO - Navigating to Listing page: https://www.redfin.com/NC/Charlotte/6900-Heatherford-Dr-28226/home/44018657
[2024-05-15T23:16:49.796+0000] {local_task_job_runner.py:310} WARNING - State of this instance has been externally set to failed. Terminating instance.
[2024-05-15T23:16:49.823+0000] {local_task_job_runner.py:222} INFO - ::endgroup::
[2024-05-15T23:16:49.831+0000] {process_utils.py:132} INFO - Sending 15 to group 333. PIDs of all processes in the group: [335, 333]
[2024-05-15T23:16:49.832+0000] {process_utils.py:87} INFO - Sending the signal 15 to group 333
[2024-05-15T23:16:49.833+0000] {taskinstance.py:2611} ERROR - Received SIGTERM. Terminating subprocesses.
[2024-05-15T23:16:50.349+0000] {process_utils.py:80} INFO - Process psutil.Process(pid=335, status='terminated', started='23:14:52') (335) terminated with exit code None
[2024-05-15T23:17:49.836+0000] {process_utils.py:150} WARNING - process psutil.Process(pid=333, name='airflow task ru', status='sleeping', started='23:14:52') did not respond to SIGTERM. Trying SIGKILL
[2024-05-15T23:17:49.854+0000] {process_utils.py:87} INFO - Sending the signal 9 to group 333
[2024-05-15T23:17:49.889+0000] {process_utils.py:80} INFO - Process psutil.Process(pid=333, name='airflow task ru', status='terminated', exitcode=<Negsignal.SIGKILL: -9>, started='23:14:52') (333) terminated with exit code -9
[2024-05-15T23:17:49.892+0000] {standard_task_runner.py:178} ERROR - Job 143 was killed before it finished (likely due to running out of memory)
