[2024-05-18T23:32:26.622+0000] {local_task_job_runner.py:120} INFO - ::group::Pre task execution logs
[2024-05-18T23:32:26.806+0000] {taskinstance.py:2076} INFO - Dependencies all met for dep_context=non-requeueable deps ti=<TaskInstance: Real_Estate_Webscraping_ETL.Process_and_Send_Data_to_DB manual__2024-05-18T23:32:15.298986+00:00 [queued]>
[2024-05-18T23:32:26.850+0000] {taskinstance.py:2076} INFO - Dependencies all met for dep_context=requeueable deps ti=<TaskInstance: Real_Estate_Webscraping_ETL.Process_and_Send_Data_to_DB manual__2024-05-18T23:32:15.298986+00:00 [queued]>
[2024-05-18T23:32:26.852+0000] {taskinstance.py:2306} INFO - Starting attempt 1 of 6
[2024-05-18T23:32:26.907+0000] {taskinstance.py:2330} INFO - Executing <Task(SparkSubmitOperator): Process_and_Send_Data_to_DB> on 2024-05-18 23:32:15.298986+00:00
[2024-05-18T23:32:26.947+0000] {standard_task_runner.py:63} INFO - Started process 775 to run task
[2024-05-18T23:32:26.993+0000] {standard_task_runner.py:90} INFO - Running: ['***', 'tasks', 'run', 'Real_Estate_Webscraping_ETL', 'Process_and_Send_Data_to_DB', 'manual__2024-05-18T23:32:15.298986+00:00', '--job-id', '333', '--raw', '--subdir', 'DAGS_FOLDER/webscrapping.py', '--cfg-path', '/tmp/tmpnesrp_4i']
[2024-05-18T23:32:27.038+0000] {standard_task_runner.py:91} INFO - Job 333: Subtask Process_and_Send_Data_to_DB
[2024-05-18T23:32:27.364+0000] {task_command.py:426} INFO - Running <TaskInstance: Real_Estate_Webscraping_ETL.Process_and_Send_Data_to_DB manual__2024-05-18T23:32:15.298986+00:00 [running]> on host c0373bd0174c
[2024-05-18T23:32:28.002+0000] {taskinstance.py:2648} INFO - Exporting env vars: AIRFLOW_CTX_DAG_OWNER='svc' AIRFLOW_CTX_DAG_ID='Real_Estate_Webscraping_ETL' AIRFLOW_CTX_TASK_ID='Process_and_Send_Data_to_DB' AIRFLOW_CTX_EXECUTION_DATE='2024-05-18T23:32:15.298986+00:00' AIRFLOW_CTX_TRY_NUMBER='1' AIRFLOW_CTX_DAG_RUN_ID='manual__2024-05-18T23:32:15.298986+00:00'
[2024-05-18T23:32:28.052+0000] {taskinstance.py:430} INFO - ::endgroup::
[2024-05-18T23:32:28.208+0000] {base.py:84} INFO - Using connection ID 'spark_default' for task execution.
[2024-05-18T23:32:28.218+0000] {spark_submit.py:401} INFO - Spark-Submit cmd: spark-submit --master spark://spark-master:7077 --packages org.apache.spark:spark-sql-kafka-0-10_2.12:3.5.1,com.datastax.spark:spark-cassandra-connector_2.12:3.5.0,org.apache.kafka:kafka-clients:3.5.1,commons-logging:commons-logging:1.2 --name arrow-spark --deploy-mode client dags/includes/jobs/spark_consumer.py
[2024-05-18T23:32:29.155+0000] {spark_submit.py:571} INFO - /home/***/.local/lib/python3.11/site-packages/pyspark/bin/load-spark-env.sh: line 68: ps: command not found
[2024-05-18T23:33:01.566+0000] {spark_submit.py:571} INFO - :: loading settings :: url = jar:file:/home/***/.local/lib/python3.11/site-packages/pyspark/jars/ivy-2.5.1.jar!/org/apache/ivy/core/settings/ivysettings.xml
[2024-05-18T23:33:02.225+0000] {spark_submit.py:571} INFO - Ivy Default Cache set to: /home/***/.ivy2/cache
[2024-05-18T23:33:02.240+0000] {spark_submit.py:571} INFO - The jars for the packages stored in: /home/***/.ivy2/jars
[2024-05-18T23:33:02.424+0000] {spark_submit.py:571} INFO - org.apache.spark#spark-sql-kafka-0-10_2.12 added as a dependency
[2024-05-18T23:33:02.432+0000] {spark_submit.py:571} INFO - com.datastax.spark#spark-cassandra-connector_2.12 added as a dependency
[2024-05-18T23:33:02.457+0000] {spark_submit.py:571} INFO - org.apache.kafka#kafka-clients added as a dependency
[2024-05-18T23:33:02.469+0000] {spark_submit.py:571} INFO - commons-logging#commons-logging added as a dependency
[2024-05-18T23:33:02.484+0000] {spark_submit.py:571} INFO - :: resolving dependencies :: org.apache.spark#spark-submit-parent-e356bc3a-81af-48c9-a8c5-ea4a83bff16d;1.0
[2024-05-18T23:33:02.490+0000] {spark_submit.py:571} INFO - confs: [default]
[2024-05-18T23:33:04.299+0000] {spark_submit.py:571} INFO - found org.apache.spark#spark-sql-kafka-0-10_2.12;3.5.1 in central
[2024-05-18T23:33:05.373+0000] {spark_submit.py:571} INFO - found org.apache.spark#spark-token-provider-kafka-0-10_2.12;3.5.1 in central
[2024-05-18T23:33:06.085+0000] {spark_submit.py:571} INFO - found org.apache.hadoop#hadoop-client-runtime;3.3.4 in central
[2024-05-18T23:33:06.508+0000] {spark_submit.py:571} INFO - found org.apache.hadoop#hadoop-client-api;3.3.4 in central
[2024-05-18T23:33:06.635+0000] {spark_submit.py:571} INFO - found org.xerial.snappy#snappy-java;1.1.10.3 in central
[2024-05-18T23:33:06.835+0000] {spark_submit.py:571} INFO - found org.slf4j#slf4j-api;2.0.7 in central
[2024-05-18T23:33:06.915+0000] {spark_submit.py:571} INFO - found com.google.code.findbugs#jsr305;3.0.0 in central
[2024-05-18T23:33:06.976+0000] {spark_submit.py:571} INFO - found org.apache.commons#commons-pool2;2.11.1 in central
[2024-05-18T23:33:06.989+0000] {spark_submit.py:571} INFO - found com.datastax.spark#spark-cassandra-connector_2.12;3.5.0 in central
[2024-05-18T23:33:07.117+0000] {spark_submit.py:571} INFO - found com.datastax.spark#spark-cassandra-connector-driver_2.12;3.5.0 in central
[2024-05-18T23:33:07.189+0000] {spark_submit.py:571} INFO - found org.scala-lang.modules#scala-collection-compat_2.12;2.11.0 in central
[2024-05-18T23:33:07.345+0000] {spark_submit.py:571} INFO - found com.datastax.oss#java-driver-core-shaded;4.13.0 in central
[2024-05-18T23:33:07.521+0000] {spark_submit.py:571} INFO - found com.datastax.oss#native-protocol;1.5.0 in central
[2024-05-18T23:33:07.821+0000] {spark_submit.py:571} INFO - found com.datastax.oss#java-driver-shaded-guava;25.1-jre-graal-sub-1 in central
[2024-05-18T23:33:07.955+0000] {spark_submit.py:571} INFO - found com.typesafe#config;1.4.1 in central
[2024-05-18T23:33:08.111+0000] {spark_submit.py:571} INFO - found io.dropwizard.metrics#metrics-core;4.1.18 in central
[2024-05-18T23:33:08.219+0000] {spark_submit.py:571} INFO - found org.hdrhistogram#HdrHistogram;2.1.12 in central
[2024-05-18T23:33:08.280+0000] {spark_submit.py:571} INFO - found org.reactivestreams#reactive-streams;1.0.3 in central
[2024-05-18T23:33:08.430+0000] {spark_submit.py:571} INFO - found com.github.stephenc.jcip#jcip-annotations;1.0-1 in central
[2024-05-18T23:33:08.503+0000] {spark_submit.py:571} INFO - found com.github.spotbugs#spotbugs-annotations;3.1.12 in central
[2024-05-18T23:33:08.628+0000] {spark_submit.py:571} INFO - found com.google.code.findbugs#jsr305;3.0.2 in central
[2024-05-18T23:33:08.750+0000] {spark_submit.py:571} INFO - found com.datastax.oss#java-driver-mapper-runtime;4.13.0 in central
[2024-05-18T23:33:09.325+0000] {spark_submit.py:571} INFO - found com.datastax.oss#java-driver-query-builder;4.13.0 in central
[2024-05-18T23:33:09.845+0000] {spark_submit.py:571} INFO - found org.apache.commons#commons-lang3;3.10 in central
[2024-05-18T23:33:09.934+0000] {spark_submit.py:571} INFO - found com.thoughtworks.paranamer#paranamer;2.8 in central
[2024-05-18T23:33:09.981+0000] {spark_submit.py:571} INFO - found org.scala-lang#scala-reflect;2.12.11 in central
[2024-05-18T23:33:10.049+0000] {spark_submit.py:571} INFO - found org.apache.kafka#kafka-clients;3.5.1 in central
[2024-05-18T23:33:10.102+0000] {spark_submit.py:571} INFO - found com.github.luben#zstd-jni;1.5.5-1 in central
[2024-05-18T23:33:10.137+0000] {spark_submit.py:571} INFO - found org.lz4#lz4-java;1.8.0 in central
[2024-05-18T23:33:10.161+0000] {spark_submit.py:571} INFO - found commons-logging#commons-logging;1.2 in central
[2024-05-18T23:33:10.407+0000] {spark_submit.py:571} INFO - :: resolution report :: resolve 7796ms :: artifacts dl 127ms
[2024-05-18T23:33:10.410+0000] {spark_submit.py:571} INFO - :: modules in use:
[2024-05-18T23:33:10.411+0000] {spark_submit.py:571} INFO - com.datastax.oss#java-driver-core-shaded;4.13.0 from central in [default]
[2024-05-18T23:33:10.421+0000] {spark_submit.py:571} INFO - com.datastax.oss#java-driver-mapper-runtime;4.13.0 from central in [default]
[2024-05-18T23:33:10.428+0000] {spark_submit.py:571} INFO - com.datastax.oss#java-driver-query-builder;4.13.0 from central in [default]
[2024-05-18T23:33:10.438+0000] {spark_submit.py:571} INFO - com.datastax.oss#java-driver-shaded-guava;25.1-jre-graal-sub-1 from central in [default]
[2024-05-18T23:33:10.445+0000] {spark_submit.py:571} INFO - com.datastax.oss#native-protocol;1.5.0 from central in [default]
[2024-05-18T23:33:10.454+0000] {spark_submit.py:571} INFO - com.datastax.spark#spark-cassandra-connector-driver_2.12;3.5.0 from central in [default]
[2024-05-18T23:33:10.461+0000] {spark_submit.py:571} INFO - com.datastax.spark#spark-cassandra-connector_2.12;3.5.0 from central in [default]
[2024-05-18T23:33:10.471+0000] {spark_submit.py:571} INFO - com.github.luben#zstd-jni;1.5.5-1 from central in [default]
[2024-05-18T23:33:10.481+0000] {spark_submit.py:571} INFO - com.github.spotbugs#spotbugs-annotations;3.1.12 from central in [default]
[2024-05-18T23:33:10.495+0000] {spark_submit.py:571} INFO - com.github.stephenc.jcip#jcip-annotations;1.0-1 from central in [default]
[2024-05-18T23:33:10.523+0000] {spark_submit.py:571} INFO - com.google.code.findbugs#jsr305;3.0.2 from central in [default]
[2024-05-18T23:33:10.542+0000] {spark_submit.py:571} INFO - com.thoughtworks.paranamer#paranamer;2.8 from central in [default]
[2024-05-18T23:33:10.546+0000] {spark_submit.py:571} INFO - com.typesafe#config;1.4.1 from central in [default]
[2024-05-18T23:33:10.554+0000] {spark_submit.py:571} INFO - commons-logging#commons-logging;1.2 from central in [default]
[2024-05-18T23:33:10.557+0000] {spark_submit.py:571} INFO - io.dropwizard.metrics#metrics-core;4.1.18 from central in [default]
[2024-05-18T23:33:10.557+0000] {spark_submit.py:571} INFO - org.apache.commons#commons-lang3;3.10 from central in [default]
[2024-05-18T23:33:10.557+0000] {spark_submit.py:571} INFO - org.apache.commons#commons-pool2;2.11.1 from central in [default]
[2024-05-18T23:33:10.560+0000] {spark_submit.py:571} INFO - org.apache.hadoop#hadoop-client-api;3.3.4 from central in [default]
[2024-05-18T23:33:10.561+0000] {spark_submit.py:571} INFO - org.apache.hadoop#hadoop-client-runtime;3.3.4 from central in [default]
[2024-05-18T23:33:10.562+0000] {spark_submit.py:571} INFO - org.apache.kafka#kafka-clients;3.5.1 from central in [default]
[2024-05-18T23:33:10.563+0000] {spark_submit.py:571} INFO - org.apache.spark#spark-sql-kafka-0-10_2.12;3.5.1 from central in [default]
[2024-05-18T23:33:10.571+0000] {spark_submit.py:571} INFO - org.apache.spark#spark-token-provider-kafka-0-10_2.12;3.5.1 from central in [default]
[2024-05-18T23:33:10.603+0000] {spark_submit.py:571} INFO - org.hdrhistogram#HdrHistogram;2.1.12 from central in [default]
[2024-05-18T23:33:10.625+0000] {spark_submit.py:571} INFO - org.lz4#lz4-java;1.8.0 from central in [default]
[2024-05-18T23:33:10.637+0000] {spark_submit.py:571} INFO - org.reactivestreams#reactive-streams;1.0.3 from central in [default]
[2024-05-18T23:33:10.638+0000] {spark_submit.py:571} INFO - org.scala-lang#scala-reflect;2.12.11 from central in [default]
[2024-05-18T23:33:10.639+0000] {spark_submit.py:571} INFO - org.scala-lang.modules#scala-collection-compat_2.12;2.11.0 from central in [default]
[2024-05-18T23:33:10.639+0000] {spark_submit.py:571} INFO - org.slf4j#slf4j-api;2.0.7 from central in [default]
[2024-05-18T23:33:10.642+0000] {spark_submit.py:571} INFO - org.xerial.snappy#snappy-java;1.1.10.3 from central in [default]
[2024-05-18T23:33:10.644+0000] {spark_submit.py:571} INFO - :: evicted modules:
[2024-05-18T23:33:10.651+0000] {spark_submit.py:571} INFO - org.apache.kafka#kafka-clients;3.4.1 by [org.apache.kafka#kafka-clients;3.5.1] in [default]
[2024-05-18T23:33:10.657+0000] {spark_submit.py:571} INFO - commons-logging#commons-logging;1.1.3 by [commons-logging#commons-logging;1.2] in [default]
[2024-05-18T23:33:10.662+0000] {spark_submit.py:571} INFO - com.google.code.findbugs#jsr305;3.0.0 by [com.google.code.findbugs#jsr305;3.0.2] in [default]
[2024-05-18T23:33:10.670+0000] {spark_submit.py:571} INFO - org.slf4j#slf4j-api;1.7.26 by [org.slf4j#slf4j-api;2.0.7] in [default]
[2024-05-18T23:33:10.678+0000] {spark_submit.py:571} INFO - org.xerial.snappy#snappy-java;1.1.10.1 by [org.xerial.snappy#snappy-java;1.1.10.3] in [default]
[2024-05-18T23:33:10.695+0000] {spark_submit.py:571} INFO - org.slf4j#slf4j-api;1.7.36 by [org.slf4j#slf4j-api;2.0.7] in [default]
[2024-05-18T23:33:10.704+0000] {spark_submit.py:571} INFO - ---------------------------------------------------------------------
[2024-05-18T23:33:10.707+0000] {spark_submit.py:571} INFO - |                  |            modules            ||   artifacts   |
[2024-05-18T23:33:10.708+0000] {spark_submit.py:571} INFO - |       conf       | number| search|dwnlded|evicted|| number|dwnlded|
[2024-05-18T23:33:10.710+0000] {spark_submit.py:571} INFO - ---------------------------------------------------------------------
[2024-05-18T23:33:10.712+0000] {spark_submit.py:571} INFO - |      default     |   35  |   0   |   0   |   6   ||   29  |   0   |
[2024-05-18T23:33:10.721+0000] {spark_submit.py:571} INFO - ---------------------------------------------------------------------
[2024-05-18T23:33:10.722+0000] {spark_submit.py:571} INFO - :: retrieving :: org.apache.spark#spark-submit-parent-e356bc3a-81af-48c9-a8c5-ea4a83bff16d
[2024-05-18T23:33:10.730+0000] {spark_submit.py:571} INFO - confs: [default]
[2024-05-18T23:33:10.734+0000] {spark_submit.py:571} INFO - 0 artifacts copied, 29 already retrieved (0kB/112ms)
[2024-05-18T23:33:11.869+0000] {spark_submit.py:571} INFO - 24/05/18 23:33:11 WARN NativeCodeLoader: Unable to load native-hadoop library for your platform... using builtin-java classes where applicable
[2024-05-18T23:33:15.956+0000] {spark_submit.py:571} INFO - 24/05/18 23:33:15 INFO SparkContext: Running Spark version 3.5.1
[2024-05-18T23:33:15.959+0000] {spark_submit.py:571} INFO - 24/05/18 23:33:15 INFO SparkContext: OS info Linux, 6.6.26-linuxkit, aarch64
[2024-05-18T23:33:15.960+0000] {spark_submit.py:571} INFO - 24/05/18 23:33:15 INFO SparkContext: Java version 11.0.23
[2024-05-18T23:33:15.994+0000] {spark_submit.py:571} INFO - 24/05/18 23:33:15 INFO ResourceUtils: ==============================================================
[2024-05-18T23:33:15.995+0000] {spark_submit.py:571} INFO - 24/05/18 23:33:15 INFO ResourceUtils: No custom resources configured for spark.driver.
[2024-05-18T23:33:15.995+0000] {spark_submit.py:571} INFO - 24/05/18 23:33:15 INFO ResourceUtils: ==============================================================
[2024-05-18T23:33:15.995+0000] {spark_submit.py:571} INFO - 24/05/18 23:33:15 INFO SparkContext: Submitted application: Redfin_Properties_Consumer
[2024-05-18T23:33:16.023+0000] {spark_submit.py:571} INFO - 24/05/18 23:33:16 INFO ResourceProfile: Default ResourceProfile created, executor resources: Map(memory -> name: memory, amount: 1024, script: , vendor: , offHeap -> name: offHeap, amount: 0, script: , vendor: ), task resources: Map(cpus -> name: cpus, amount: 1.0)
[2024-05-18T23:33:16.050+0000] {spark_submit.py:571} INFO - 24/05/18 23:33:16 INFO ResourceProfile: Limiting resource is cpu
[2024-05-18T23:33:16.051+0000] {spark_submit.py:571} INFO - 24/05/18 23:33:16 INFO ResourceProfileManager: Added ResourceProfile id: 0
[2024-05-18T23:33:16.129+0000] {spark_submit.py:571} INFO - 24/05/18 23:33:16 INFO SecurityManager: Changing view acls to: ***
[2024-05-18T23:33:16.130+0000] {spark_submit.py:571} INFO - 24/05/18 23:33:16 INFO SecurityManager: Changing modify acls to: ***
[2024-05-18T23:33:16.130+0000] {spark_submit.py:571} INFO - 24/05/18 23:33:16 INFO SecurityManager: Changing view acls groups to:
[2024-05-18T23:33:16.130+0000] {spark_submit.py:571} INFO - 24/05/18 23:33:16 INFO SecurityManager: Changing modify acls groups to:
[2024-05-18T23:33:16.130+0000] {spark_submit.py:571} INFO - 24/05/18 23:33:16 INFO SecurityManager: SecurityManager: authentication disabled; ui acls disabled; users with view permissions: ***; groups with view permissions: EMPTY; users with modify permissions: ***; groups with modify permissions: EMPTY
[2024-05-18T23:33:16.392+0000] {spark_submit.py:571} INFO - 24/05/18 23:33:16 INFO Utils: Successfully started service 'sparkDriver' on port 46561.
[2024-05-18T23:33:16.453+0000] {spark_submit.py:571} INFO - 24/05/18 23:33:16 INFO SparkEnv: Registering MapOutputTracker
[2024-05-18T23:33:16.489+0000] {spark_submit.py:571} INFO - 24/05/18 23:33:16 INFO SparkEnv: Registering BlockManagerMaster
[2024-05-18T23:33:16.504+0000] {spark_submit.py:571} INFO - 24/05/18 23:33:16 INFO BlockManagerMasterEndpoint: Using org.apache.spark.storage.DefaultTopologyMapper for getting topology information
[2024-05-18T23:33:16.504+0000] {spark_submit.py:571} INFO - 24/05/18 23:33:16 INFO BlockManagerMasterEndpoint: BlockManagerMasterEndpoint up
[2024-05-18T23:33:16.509+0000] {spark_submit.py:571} INFO - 24/05/18 23:33:16 INFO SparkEnv: Registering BlockManagerMasterHeartbeat
[2024-05-18T23:33:16.542+0000] {spark_submit.py:571} INFO - 24/05/18 23:33:16 INFO DiskBlockManager: Created local directory at /tmp/blockmgr-5ae1f998-c98f-4fbc-8731-151ba32d9677
[2024-05-18T23:33:16.561+0000] {spark_submit.py:571} INFO - 24/05/18 23:33:16 INFO MemoryStore: MemoryStore started with capacity 434.4 MiB
[2024-05-18T23:33:16.574+0000] {spark_submit.py:571} INFO - 24/05/18 23:33:16 INFO SparkEnv: Registering OutputCommitCoordinator
[2024-05-18T23:33:16.743+0000] {spark_submit.py:571} INFO - 24/05/18 23:33:16 INFO JettyUtils: Start Jetty 0.0.0.0:4040 for SparkUI
[2024-05-18T23:33:16.837+0000] {spark_submit.py:571} INFO - 24/05/18 23:33:16 INFO Utils: Successfully started service 'SparkUI' on port 4040.
[2024-05-18T23:33:16.880+0000] {spark_submit.py:571} INFO - 24/05/18 23:33:16 INFO SparkContext: Added JAR file:///home/***/.ivy2/jars/org.apache.spark_spark-sql-kafka-0-10_2.12-3.5.1.jar at spark://c0373bd0174c:46561/jars/org.apache.spark_spark-sql-kafka-0-10_2.12-3.5.1.jar with timestamp 1716075195941
[2024-05-18T23:33:16.881+0000] {spark_submit.py:571} INFO - 24/05/18 23:33:16 INFO SparkContext: Added JAR file:///home/***/.ivy2/jars/com.datastax.spark_spark-cassandra-connector_2.12-3.5.0.jar at spark://c0373bd0174c:46561/jars/com.datastax.spark_spark-cassandra-connector_2.12-3.5.0.jar with timestamp 1716075195941
[2024-05-18T23:33:16.882+0000] {spark_submit.py:571} INFO - 24/05/18 23:33:16 INFO SparkContext: Added JAR file:///home/***/.ivy2/jars/org.apache.kafka_kafka-clients-3.5.1.jar at spark://c0373bd0174c:46561/jars/org.apache.kafka_kafka-clients-3.5.1.jar with timestamp 1716075195941
[2024-05-18T23:33:16.883+0000] {spark_submit.py:571} INFO - 24/05/18 23:33:16 INFO SparkContext: Added JAR file:///home/***/.ivy2/jars/commons-logging_commons-logging-1.2.jar at spark://c0373bd0174c:46561/jars/commons-logging_commons-logging-1.2.jar with timestamp 1716075195941
[2024-05-18T23:33:16.884+0000] {spark_submit.py:571} INFO - 24/05/18 23:33:16 INFO SparkContext: Added JAR file:///home/***/.ivy2/jars/org.apache.spark_spark-token-provider-kafka-0-10_2.12-3.5.1.jar at spark://c0373bd0174c:46561/jars/org.apache.spark_spark-token-provider-kafka-0-10_2.12-3.5.1.jar with timestamp 1716075195941
[2024-05-18T23:33:16.885+0000] {spark_submit.py:571} INFO - 24/05/18 23:33:16 INFO SparkContext: Added JAR file:///home/***/.ivy2/jars/org.apache.commons_commons-pool2-2.11.1.jar at spark://c0373bd0174c:46561/jars/org.apache.commons_commons-pool2-2.11.1.jar with timestamp 1716075195941
[2024-05-18T23:33:16.885+0000] {spark_submit.py:571} INFO - 24/05/18 23:33:16 INFO SparkContext: Added JAR file:///home/***/.ivy2/jars/org.apache.hadoop_hadoop-client-runtime-3.3.4.jar at spark://c0373bd0174c:46561/jars/org.apache.hadoop_hadoop-client-runtime-3.3.4.jar with timestamp 1716075195941
[2024-05-18T23:33:16.886+0000] {spark_submit.py:571} INFO - 24/05/18 23:33:16 INFO SparkContext: Added JAR file:///home/***/.ivy2/jars/org.apache.hadoop_hadoop-client-api-3.3.4.jar at spark://c0373bd0174c:46561/jars/org.apache.hadoop_hadoop-client-api-3.3.4.jar with timestamp 1716075195941
[2024-05-18T23:33:16.886+0000] {spark_submit.py:571} INFO - 24/05/18 23:33:16 INFO SparkContext: Added JAR file:///home/***/.ivy2/jars/org.xerial.snappy_snappy-java-1.1.10.3.jar at spark://c0373bd0174c:46561/jars/org.xerial.snappy_snappy-java-1.1.10.3.jar with timestamp 1716075195941
[2024-05-18T23:33:16.886+0000] {spark_submit.py:571} INFO - 24/05/18 23:33:16 INFO SparkContext: Added JAR file:///home/***/.ivy2/jars/org.slf4j_slf4j-api-2.0.7.jar at spark://c0373bd0174c:46561/jars/org.slf4j_slf4j-api-2.0.7.jar with timestamp 1716075195941
[2024-05-18T23:33:16.887+0000] {spark_submit.py:571} INFO - 24/05/18 23:33:16 INFO SparkContext: Added JAR file:///home/***/.ivy2/jars/com.datastax.spark_spark-cassandra-connector-driver_2.12-3.5.0.jar at spark://c0373bd0174c:46561/jars/com.datastax.spark_spark-cassandra-connector-driver_2.12-3.5.0.jar with timestamp 1716075195941
[2024-05-18T23:33:16.887+0000] {spark_submit.py:571} INFO - 24/05/18 23:33:16 INFO SparkContext: Added JAR file:///home/***/.ivy2/jars/org.scala-lang.modules_scala-collection-compat_2.12-2.11.0.jar at spark://c0373bd0174c:46561/jars/org.scala-lang.modules_scala-collection-compat_2.12-2.11.0.jar with timestamp 1716075195941
[2024-05-18T23:33:16.888+0000] {spark_submit.py:571} INFO - 24/05/18 23:33:16 INFO SparkContext: Added JAR file:///home/***/.ivy2/jars/com.datastax.oss_java-driver-core-shaded-4.13.0.jar at spark://c0373bd0174c:46561/jars/com.datastax.oss_java-driver-core-shaded-4.13.0.jar with timestamp 1716075195941
[2024-05-18T23:33:16.888+0000] {spark_submit.py:571} INFO - 24/05/18 23:33:16 INFO SparkContext: Added JAR file:///home/***/.ivy2/jars/com.datastax.oss_java-driver-mapper-runtime-4.13.0.jar at spark://c0373bd0174c:46561/jars/com.datastax.oss_java-driver-mapper-runtime-4.13.0.jar with timestamp 1716075195941
[2024-05-18T23:33:16.888+0000] {spark_submit.py:571} INFO - 24/05/18 23:33:16 INFO SparkContext: Added JAR file:///home/***/.ivy2/jars/org.apache.commons_commons-lang3-3.10.jar at spark://c0373bd0174c:46561/jars/org.apache.commons_commons-lang3-3.10.jar with timestamp 1716075195941
[2024-05-18T23:33:16.889+0000] {spark_submit.py:571} INFO - 24/05/18 23:33:16 INFO SparkContext: Added JAR file:///home/***/.ivy2/jars/com.thoughtworks.paranamer_paranamer-2.8.jar at spark://c0373bd0174c:46561/jars/com.thoughtworks.paranamer_paranamer-2.8.jar with timestamp 1716075195941
[2024-05-18T23:33:16.889+0000] {spark_submit.py:571} INFO - 24/05/18 23:33:16 INFO SparkContext: Added JAR file:///home/***/.ivy2/jars/org.scala-lang_scala-reflect-2.12.11.jar at spark://c0373bd0174c:46561/jars/org.scala-lang_scala-reflect-2.12.11.jar with timestamp 1716075195941
[2024-05-18T23:33:16.890+0000] {spark_submit.py:571} INFO - 24/05/18 23:33:16 INFO SparkContext: Added JAR file:///home/***/.ivy2/jars/com.datastax.oss_native-protocol-1.5.0.jar at spark://c0373bd0174c:46561/jars/com.datastax.oss_native-protocol-1.5.0.jar with timestamp 1716075195941
[2024-05-18T23:33:16.890+0000] {spark_submit.py:571} INFO - 24/05/18 23:33:16 INFO SparkContext: Added JAR file:///home/***/.ivy2/jars/com.datastax.oss_java-driver-shaded-guava-25.1-jre-graal-sub-1.jar at spark://c0373bd0174c:46561/jars/com.datastax.oss_java-driver-shaded-guava-25.1-jre-graal-sub-1.jar with timestamp 1716075195941
[2024-05-18T23:33:16.890+0000] {spark_submit.py:571} INFO - 24/05/18 23:33:16 INFO SparkContext: Added JAR file:///home/***/.ivy2/jars/com.typesafe_config-1.4.1.jar at spark://c0373bd0174c:46561/jars/com.typesafe_config-1.4.1.jar with timestamp 1716075195941
[2024-05-18T23:33:16.891+0000] {spark_submit.py:571} INFO - 24/05/18 23:33:16 INFO SparkContext: Added JAR file:///home/***/.ivy2/jars/io.dropwizard.metrics_metrics-core-4.1.18.jar at spark://c0373bd0174c:46561/jars/io.dropwizard.metrics_metrics-core-4.1.18.jar with timestamp 1716075195941
[2024-05-18T23:33:16.891+0000] {spark_submit.py:571} INFO - 24/05/18 23:33:16 INFO SparkContext: Added JAR file:///home/***/.ivy2/jars/org.hdrhistogram_HdrHistogram-2.1.12.jar at spark://c0373bd0174c:46561/jars/org.hdrhistogram_HdrHistogram-2.1.12.jar with timestamp 1716075195941
[2024-05-18T23:33:16.892+0000] {spark_submit.py:571} INFO - 24/05/18 23:33:16 INFO SparkContext: Added JAR file:///home/***/.ivy2/jars/org.reactivestreams_reactive-streams-1.0.3.jar at spark://c0373bd0174c:46561/jars/org.reactivestreams_reactive-streams-1.0.3.jar with timestamp 1716075195941
[2024-05-18T23:33:16.892+0000] {spark_submit.py:571} INFO - 24/05/18 23:33:16 INFO SparkContext: Added JAR file:///home/***/.ivy2/jars/com.github.stephenc.jcip_jcip-annotations-1.0-1.jar at spark://c0373bd0174c:46561/jars/com.github.stephenc.jcip_jcip-annotations-1.0-1.jar with timestamp 1716075195941
[2024-05-18T23:33:16.894+0000] {spark_submit.py:571} INFO - 24/05/18 23:33:16 INFO SparkContext: Added JAR file:///home/***/.ivy2/jars/com.github.spotbugs_spotbugs-annotations-3.1.12.jar at spark://c0373bd0174c:46561/jars/com.github.spotbugs_spotbugs-annotations-3.1.12.jar with timestamp 1716075195941
[2024-05-18T23:33:16.894+0000] {spark_submit.py:571} INFO - 24/05/18 23:33:16 INFO SparkContext: Added JAR file:///home/***/.ivy2/jars/com.google.code.findbugs_jsr305-3.0.2.jar at spark://c0373bd0174c:46561/jars/com.google.code.findbugs_jsr305-3.0.2.jar with timestamp 1716075195941
[2024-05-18T23:33:16.895+0000] {spark_submit.py:571} INFO - 24/05/18 23:33:16 INFO SparkContext: Added JAR file:///home/***/.ivy2/jars/com.datastax.oss_java-driver-query-builder-4.13.0.jar at spark://c0373bd0174c:46561/jars/com.datastax.oss_java-driver-query-builder-4.13.0.jar with timestamp 1716075195941
[2024-05-18T23:33:16.895+0000] {spark_submit.py:571} INFO - 24/05/18 23:33:16 INFO SparkContext: Added JAR file:///home/***/.ivy2/jars/com.github.luben_zstd-jni-1.5.5-1.jar at spark://c0373bd0174c:46561/jars/com.github.luben_zstd-jni-1.5.5-1.jar with timestamp 1716075195941
[2024-05-18T23:33:16.895+0000] {spark_submit.py:571} INFO - 24/05/18 23:33:16 INFO SparkContext: Added JAR file:///home/***/.ivy2/jars/org.lz4_lz4-java-1.8.0.jar at spark://c0373bd0174c:46561/jars/org.lz4_lz4-java-1.8.0.jar with timestamp 1716075195941
[2024-05-18T23:33:16.896+0000] {spark_submit.py:571} INFO - 24/05/18 23:33:16 INFO SparkContext: Added file file:///home/***/.ivy2/jars/org.apache.spark_spark-sql-kafka-0-10_2.12-3.5.1.jar at spark://c0373bd0174c:46561/files/org.apache.spark_spark-sql-kafka-0-10_2.12-3.5.1.jar with timestamp 1716075195941
[2024-05-18T23:33:16.896+0000] {spark_submit.py:571} INFO - 24/05/18 23:33:16 INFO Utils: Copying /home/***/.ivy2/jars/org.apache.spark_spark-sql-kafka-0-10_2.12-3.5.1.jar to /tmp/spark-d08448e1-0765-404e-bbf9-9586722af4ac/userFiles-36681f56-a0b8-4623-98fb-b26391e44a6d/org.apache.spark_spark-sql-kafka-0-10_2.12-3.5.1.jar
[2024-05-18T23:33:16.926+0000] {spark_submit.py:571} INFO - 24/05/18 23:33:16 INFO SparkContext: Added file file:///home/***/.ivy2/jars/com.datastax.spark_spark-cassandra-connector_2.12-3.5.0.jar at spark://c0373bd0174c:46561/files/com.datastax.spark_spark-cassandra-connector_2.12-3.5.0.jar with timestamp 1716075195941
[2024-05-18T23:33:16.927+0000] {spark_submit.py:571} INFO - 24/05/18 23:33:16 INFO Utils: Copying /home/***/.ivy2/jars/com.datastax.spark_spark-cassandra-connector_2.12-3.5.0.jar to /tmp/spark-d08448e1-0765-404e-bbf9-9586722af4ac/userFiles-36681f56-a0b8-4623-98fb-b26391e44a6d/com.datastax.spark_spark-cassandra-connector_2.12-3.5.0.jar
[2024-05-18T23:33:16.940+0000] {spark_submit.py:571} INFO - 24/05/18 23:33:16 INFO SparkContext: Added file file:///home/***/.ivy2/jars/org.apache.kafka_kafka-clients-3.5.1.jar at spark://c0373bd0174c:46561/files/org.apache.kafka_kafka-clients-3.5.1.jar with timestamp 1716075195941
[2024-05-18T23:33:16.940+0000] {spark_submit.py:571} INFO - 24/05/18 23:33:16 INFO Utils: Copying /home/***/.ivy2/jars/org.apache.kafka_kafka-clients-3.5.1.jar to /tmp/spark-d08448e1-0765-404e-bbf9-9586722af4ac/userFiles-36681f56-a0b8-4623-98fb-b26391e44a6d/org.apache.kafka_kafka-clients-3.5.1.jar
[2024-05-18T23:33:16.998+0000] {spark_submit.py:571} INFO - 24/05/18 23:33:16 INFO SparkContext: Added file file:///home/***/.ivy2/jars/commons-logging_commons-logging-1.2.jar at spark://c0373bd0174c:46561/files/commons-logging_commons-logging-1.2.jar with timestamp 1716075195941
[2024-05-18T23:33:16.999+0000] {spark_submit.py:571} INFO - 24/05/18 23:33:16 INFO Utils: Copying /home/***/.ivy2/jars/commons-logging_commons-logging-1.2.jar to /tmp/spark-d08448e1-0765-404e-bbf9-9586722af4ac/userFiles-36681f56-a0b8-4623-98fb-b26391e44a6d/commons-logging_commons-logging-1.2.jar
[2024-05-18T23:33:17.003+0000] {spark_submit.py:571} INFO - 24/05/18 23:33:17 INFO SparkContext: Added file file:///home/***/.ivy2/jars/org.apache.spark_spark-token-provider-kafka-0-10_2.12-3.5.1.jar at spark://c0373bd0174c:46561/files/org.apache.spark_spark-token-provider-kafka-0-10_2.12-3.5.1.jar with timestamp 1716075195941
[2024-05-18T23:33:17.004+0000] {spark_submit.py:571} INFO - 24/05/18 23:33:17 INFO Utils: Copying /home/***/.ivy2/jars/org.apache.spark_spark-token-provider-kafka-0-10_2.12-3.5.1.jar to /tmp/spark-d08448e1-0765-404e-bbf9-9586722af4ac/userFiles-36681f56-a0b8-4623-98fb-b26391e44a6d/org.apache.spark_spark-token-provider-kafka-0-10_2.12-3.5.1.jar
[2024-05-18T23:33:17.008+0000] {spark_submit.py:571} INFO - 24/05/18 23:33:17 INFO SparkContext: Added file file:///home/***/.ivy2/jars/org.apache.commons_commons-pool2-2.11.1.jar at spark://c0373bd0174c:46561/files/org.apache.commons_commons-pool2-2.11.1.jar with timestamp 1716075195941
[2024-05-18T23:33:17.008+0000] {spark_submit.py:571} INFO - 24/05/18 23:33:17 INFO Utils: Copying /home/***/.ivy2/jars/org.apache.commons_commons-pool2-2.11.1.jar to /tmp/spark-d08448e1-0765-404e-bbf9-9586722af4ac/userFiles-36681f56-a0b8-4623-98fb-b26391e44a6d/org.apache.commons_commons-pool2-2.11.1.jar
[2024-05-18T23:33:17.012+0000] {spark_submit.py:571} INFO - 24/05/18 23:33:17 INFO SparkContext: Added file file:///home/***/.ivy2/jars/org.apache.hadoop_hadoop-client-runtime-3.3.4.jar at spark://c0373bd0174c:46561/files/org.apache.hadoop_hadoop-client-runtime-3.3.4.jar with timestamp 1716075195941
[2024-05-18T23:33:17.012+0000] {spark_submit.py:571} INFO - 24/05/18 23:33:17 INFO Utils: Copying /home/***/.ivy2/jars/org.apache.hadoop_hadoop-client-runtime-3.3.4.jar to /tmp/spark-d08448e1-0765-404e-bbf9-9586722af4ac/userFiles-36681f56-a0b8-4623-98fb-b26391e44a6d/org.apache.hadoop_hadoop-client-runtime-3.3.4.jar
[2024-05-18T23:33:17.188+0000] {spark_submit.py:571} INFO - 24/05/18 23:33:17 INFO SparkContext: Added file file:///home/***/.ivy2/jars/org.apache.hadoop_hadoop-client-api-3.3.4.jar at spark://c0373bd0174c:46561/files/org.apache.hadoop_hadoop-client-api-3.3.4.jar with timestamp 1716075195941
[2024-05-18T23:33:17.189+0000] {spark_submit.py:571} INFO - 24/05/18 23:33:17 INFO Utils: Copying /home/***/.ivy2/jars/org.apache.hadoop_hadoop-client-api-3.3.4.jar to /tmp/spark-d08448e1-0765-404e-bbf9-9586722af4ac/userFiles-36681f56-a0b8-4623-98fb-b26391e44a6d/org.apache.hadoop_hadoop-client-api-3.3.4.jar
[2024-05-18T23:33:17.325+0000] {spark_submit.py:571} INFO - 24/05/18 23:33:17 INFO SparkContext: Added file file:///home/***/.ivy2/jars/org.xerial.snappy_snappy-java-1.1.10.3.jar at spark://c0373bd0174c:46561/files/org.xerial.snappy_snappy-java-1.1.10.3.jar with timestamp 1716075195941
[2024-05-18T23:33:17.326+0000] {spark_submit.py:571} INFO - 24/05/18 23:33:17 INFO Utils: Copying /home/***/.ivy2/jars/org.xerial.snappy_snappy-java-1.1.10.3.jar to /tmp/spark-d08448e1-0765-404e-bbf9-9586722af4ac/userFiles-36681f56-a0b8-4623-98fb-b26391e44a6d/org.xerial.snappy_snappy-java-1.1.10.3.jar
[2024-05-18T23:33:17.339+0000] {spark_submit.py:571} INFO - 24/05/18 23:33:17 INFO SparkContext: Added file file:///home/***/.ivy2/jars/org.slf4j_slf4j-api-2.0.7.jar at spark://c0373bd0174c:46561/files/org.slf4j_slf4j-api-2.0.7.jar with timestamp 1716075195941
[2024-05-18T23:33:17.339+0000] {spark_submit.py:571} INFO - 24/05/18 23:33:17 INFO Utils: Copying /home/***/.ivy2/jars/org.slf4j_slf4j-api-2.0.7.jar to /tmp/spark-d08448e1-0765-404e-bbf9-9586722af4ac/userFiles-36681f56-a0b8-4623-98fb-b26391e44a6d/org.slf4j_slf4j-api-2.0.7.jar
[2024-05-18T23:33:17.344+0000] {spark_submit.py:571} INFO - 24/05/18 23:33:17 INFO SparkContext: Added file file:///home/***/.ivy2/jars/com.datastax.spark_spark-cassandra-connector-driver_2.12-3.5.0.jar at spark://c0373bd0174c:46561/files/com.datastax.spark_spark-cassandra-connector-driver_2.12-3.5.0.jar with timestamp 1716075195941
[2024-05-18T23:33:17.345+0000] {spark_submit.py:571} INFO - 24/05/18 23:33:17 INFO Utils: Copying /home/***/.ivy2/jars/com.datastax.spark_spark-cassandra-connector-driver_2.12-3.5.0.jar to /tmp/spark-d08448e1-0765-404e-bbf9-9586722af4ac/userFiles-36681f56-a0b8-4623-98fb-b26391e44a6d/com.datastax.spark_spark-cassandra-connector-driver_2.12-3.5.0.jar
[2024-05-18T23:33:17.352+0000] {spark_submit.py:571} INFO - 24/05/18 23:33:17 INFO SparkContext: Added file file:///home/***/.ivy2/jars/org.scala-lang.modules_scala-collection-compat_2.12-2.11.0.jar at spark://c0373bd0174c:46561/files/org.scala-lang.modules_scala-collection-compat_2.12-2.11.0.jar with timestamp 1716075195941
[2024-05-18T23:33:17.354+0000] {spark_submit.py:571} INFO - 24/05/18 23:33:17 INFO Utils: Copying /home/***/.ivy2/jars/org.scala-lang.modules_scala-collection-compat_2.12-2.11.0.jar to /tmp/spark-d08448e1-0765-404e-bbf9-9586722af4ac/userFiles-36681f56-a0b8-4623-98fb-b26391e44a6d/org.scala-lang.modules_scala-collection-compat_2.12-2.11.0.jar
[2024-05-18T23:33:17.359+0000] {spark_submit.py:571} INFO - 24/05/18 23:33:17 INFO SparkContext: Added file file:///home/***/.ivy2/jars/com.datastax.oss_java-driver-core-shaded-4.13.0.jar at spark://c0373bd0174c:46561/files/com.datastax.oss_java-driver-core-shaded-4.13.0.jar with timestamp 1716075195941
[2024-05-18T23:33:17.360+0000] {spark_submit.py:571} INFO - 24/05/18 23:33:17 INFO Utils: Copying /home/***/.ivy2/jars/com.datastax.oss_java-driver-core-shaded-4.13.0.jar to /tmp/spark-d08448e1-0765-404e-bbf9-9586722af4ac/userFiles-36681f56-a0b8-4623-98fb-b26391e44a6d/com.datastax.oss_java-driver-core-shaded-4.13.0.jar
[2024-05-18T23:33:17.403+0000] {spark_submit.py:571} INFO - 24/05/18 23:33:17 INFO SparkContext: Added file file:///home/***/.ivy2/jars/com.datastax.oss_java-driver-mapper-runtime-4.13.0.jar at spark://c0373bd0174c:46561/files/com.datastax.oss_java-driver-mapper-runtime-4.13.0.jar with timestamp 1716075195941
[2024-05-18T23:33:17.404+0000] {spark_submit.py:571} INFO - 24/05/18 23:33:17 INFO Utils: Copying /home/***/.ivy2/jars/com.datastax.oss_java-driver-mapper-runtime-4.13.0.jar to /tmp/spark-d08448e1-0765-404e-bbf9-9586722af4ac/userFiles-36681f56-a0b8-4623-98fb-b26391e44a6d/com.datastax.oss_java-driver-mapper-runtime-4.13.0.jar
[2024-05-18T23:33:17.408+0000] {spark_submit.py:571} INFO - 24/05/18 23:33:17 INFO SparkContext: Added file file:///home/***/.ivy2/jars/org.apache.commons_commons-lang3-3.10.jar at spark://c0373bd0174c:46561/files/org.apache.commons_commons-lang3-3.10.jar with timestamp 1716075195941
[2024-05-18T23:33:17.408+0000] {spark_submit.py:571} INFO - 24/05/18 23:33:17 INFO Utils: Copying /home/***/.ivy2/jars/org.apache.commons_commons-lang3-3.10.jar to /tmp/spark-d08448e1-0765-404e-bbf9-9586722af4ac/userFiles-36681f56-a0b8-4623-98fb-b26391e44a6d/org.apache.commons_commons-lang3-3.10.jar
[2024-05-18T23:33:17.414+0000] {spark_submit.py:571} INFO - 24/05/18 23:33:17 INFO SparkContext: Added file file:///home/***/.ivy2/jars/com.thoughtworks.paranamer_paranamer-2.8.jar at spark://c0373bd0174c:46561/files/com.thoughtworks.paranamer_paranamer-2.8.jar with timestamp 1716075195941
[2024-05-18T23:33:17.415+0000] {spark_submit.py:571} INFO - 24/05/18 23:33:17 INFO Utils: Copying /home/***/.ivy2/jars/com.thoughtworks.paranamer_paranamer-2.8.jar to /tmp/spark-d08448e1-0765-404e-bbf9-9586722af4ac/userFiles-36681f56-a0b8-4623-98fb-b26391e44a6d/com.thoughtworks.paranamer_paranamer-2.8.jar
[2024-05-18T23:33:17.418+0000] {spark_submit.py:571} INFO - 24/05/18 23:33:17 INFO SparkContext: Added file file:///home/***/.ivy2/jars/org.scala-lang_scala-reflect-2.12.11.jar at spark://c0373bd0174c:46561/files/org.scala-lang_scala-reflect-2.12.11.jar with timestamp 1716075195941
[2024-05-18T23:33:17.418+0000] {spark_submit.py:571} INFO - 24/05/18 23:33:17 INFO Utils: Copying /home/***/.ivy2/jars/org.scala-lang_scala-reflect-2.12.11.jar to /tmp/spark-d08448e1-0765-404e-bbf9-9586722af4ac/userFiles-36681f56-a0b8-4623-98fb-b26391e44a6d/org.scala-lang_scala-reflect-2.12.11.jar
[2024-05-18T23:33:17.430+0000] {spark_submit.py:571} INFO - 24/05/18 23:33:17 INFO SparkContext: Added file file:///home/***/.ivy2/jars/com.datastax.oss_native-protocol-1.5.0.jar at spark://c0373bd0174c:46561/files/com.datastax.oss_native-protocol-1.5.0.jar with timestamp 1716075195941
[2024-05-18T23:33:17.430+0000] {spark_submit.py:571} INFO - 24/05/18 23:33:17 INFO Utils: Copying /home/***/.ivy2/jars/com.datastax.oss_native-protocol-1.5.0.jar to /tmp/spark-d08448e1-0765-404e-bbf9-9586722af4ac/userFiles-36681f56-a0b8-4623-98fb-b26391e44a6d/com.datastax.oss_native-protocol-1.5.0.jar
[2024-05-18T23:33:17.434+0000] {spark_submit.py:571} INFO - 24/05/18 23:33:17 INFO SparkContext: Added file file:///home/***/.ivy2/jars/com.datastax.oss_java-driver-shaded-guava-25.1-jre-graal-sub-1.jar at spark://c0373bd0174c:46561/files/com.datastax.oss_java-driver-shaded-guava-25.1-jre-graal-sub-1.jar with timestamp 1716075195941
[2024-05-18T23:33:17.434+0000] {spark_submit.py:571} INFO - 24/05/18 23:33:17 INFO Utils: Copying /home/***/.ivy2/jars/com.datastax.oss_java-driver-shaded-guava-25.1-jre-graal-sub-1.jar to /tmp/spark-d08448e1-0765-404e-bbf9-9586722af4ac/userFiles-36681f56-a0b8-4623-98fb-b26391e44a6d/com.datastax.oss_java-driver-shaded-guava-25.1-jre-graal-sub-1.jar
[2024-05-18T23:33:17.444+0000] {spark_submit.py:571} INFO - 24/05/18 23:33:17 INFO SparkContext: Added file file:///home/***/.ivy2/jars/com.typesafe_config-1.4.1.jar at spark://c0373bd0174c:46561/files/com.typesafe_config-1.4.1.jar with timestamp 1716075195941
[2024-05-18T23:33:17.444+0000] {spark_submit.py:571} INFO - 24/05/18 23:33:17 INFO Utils: Copying /home/***/.ivy2/jars/com.typesafe_config-1.4.1.jar to /tmp/spark-d08448e1-0765-404e-bbf9-9586722af4ac/userFiles-36681f56-a0b8-4623-98fb-b26391e44a6d/com.typesafe_config-1.4.1.jar
[2024-05-18T23:33:17.448+0000] {spark_submit.py:571} INFO - 24/05/18 23:33:17 INFO SparkContext: Added file file:///home/***/.ivy2/jars/io.dropwizard.metrics_metrics-core-4.1.18.jar at spark://c0373bd0174c:46561/files/io.dropwizard.metrics_metrics-core-4.1.18.jar with timestamp 1716075195941
[2024-05-18T23:33:17.449+0000] {spark_submit.py:571} INFO - 24/05/18 23:33:17 INFO Utils: Copying /home/***/.ivy2/jars/io.dropwizard.metrics_metrics-core-4.1.18.jar to /tmp/spark-d08448e1-0765-404e-bbf9-9586722af4ac/userFiles-36681f56-a0b8-4623-98fb-b26391e44a6d/io.dropwizard.metrics_metrics-core-4.1.18.jar
[2024-05-18T23:33:17.453+0000] {spark_submit.py:571} INFO - 24/05/18 23:33:17 INFO SparkContext: Added file file:///home/***/.ivy2/jars/org.hdrhistogram_HdrHistogram-2.1.12.jar at spark://c0373bd0174c:46561/files/org.hdrhistogram_HdrHistogram-2.1.12.jar with timestamp 1716075195941
[2024-05-18T23:33:17.453+0000] {spark_submit.py:571} INFO - 24/05/18 23:33:17 INFO Utils: Copying /home/***/.ivy2/jars/org.hdrhistogram_HdrHistogram-2.1.12.jar to /tmp/spark-d08448e1-0765-404e-bbf9-9586722af4ac/userFiles-36681f56-a0b8-4623-98fb-b26391e44a6d/org.hdrhistogram_HdrHistogram-2.1.12.jar
[2024-05-18T23:33:17.457+0000] {spark_submit.py:571} INFO - 24/05/18 23:33:17 INFO SparkContext: Added file file:///home/***/.ivy2/jars/org.reactivestreams_reactive-streams-1.0.3.jar at spark://c0373bd0174c:46561/files/org.reactivestreams_reactive-streams-1.0.3.jar with timestamp 1716075195941
[2024-05-18T23:33:17.458+0000] {spark_submit.py:571} INFO - 24/05/18 23:33:17 INFO Utils: Copying /home/***/.ivy2/jars/org.reactivestreams_reactive-streams-1.0.3.jar to /tmp/spark-d08448e1-0765-404e-bbf9-9586722af4ac/userFiles-36681f56-a0b8-4623-98fb-b26391e44a6d/org.reactivestreams_reactive-streams-1.0.3.jar
[2024-05-18T23:33:17.462+0000] {spark_submit.py:571} INFO - 24/05/18 23:33:17 INFO SparkContext: Added file file:///home/***/.ivy2/jars/com.github.stephenc.jcip_jcip-annotations-1.0-1.jar at spark://c0373bd0174c:46561/files/com.github.stephenc.jcip_jcip-annotations-1.0-1.jar with timestamp 1716075195941
[2024-05-18T23:33:17.462+0000] {spark_submit.py:571} INFO - 24/05/18 23:33:17 INFO Utils: Copying /home/***/.ivy2/jars/com.github.stephenc.jcip_jcip-annotations-1.0-1.jar to /tmp/spark-d08448e1-0765-404e-bbf9-9586722af4ac/userFiles-36681f56-a0b8-4623-98fb-b26391e44a6d/com.github.stephenc.jcip_jcip-annotations-1.0-1.jar
[2024-05-18T23:33:17.469+0000] {spark_submit.py:571} INFO - 24/05/18 23:33:17 INFO SparkContext: Added file file:///home/***/.ivy2/jars/com.github.spotbugs_spotbugs-annotations-3.1.12.jar at spark://c0373bd0174c:46561/files/com.github.spotbugs_spotbugs-annotations-3.1.12.jar with timestamp 1716075195941
[2024-05-18T23:33:17.475+0000] {spark_submit.py:571} INFO - 24/05/18 23:33:17 INFO Utils: Copying /home/***/.ivy2/jars/com.github.spotbugs_spotbugs-annotations-3.1.12.jar to /tmp/spark-d08448e1-0765-404e-bbf9-9586722af4ac/userFiles-36681f56-a0b8-4623-98fb-b26391e44a6d/com.github.spotbugs_spotbugs-annotations-3.1.12.jar
[2024-05-18T23:33:17.483+0000] {spark_submit.py:571} INFO - 24/05/18 23:33:17 INFO SparkContext: Added file file:///home/***/.ivy2/jars/com.google.code.findbugs_jsr305-3.0.2.jar at spark://c0373bd0174c:46561/files/com.google.code.findbugs_jsr305-3.0.2.jar with timestamp 1716075195941
[2024-05-18T23:33:17.483+0000] {spark_submit.py:571} INFO - 24/05/18 23:33:17 INFO Utils: Copying /home/***/.ivy2/jars/com.google.code.findbugs_jsr305-3.0.2.jar to /tmp/spark-d08448e1-0765-404e-bbf9-9586722af4ac/userFiles-36681f56-a0b8-4623-98fb-b26391e44a6d/com.google.code.findbugs_jsr305-3.0.2.jar
[2024-05-18T23:33:17.487+0000] {spark_submit.py:571} INFO - 24/05/18 23:33:17 INFO SparkContext: Added file file:///home/***/.ivy2/jars/com.datastax.oss_java-driver-query-builder-4.13.0.jar at spark://c0373bd0174c:46561/files/com.datastax.oss_java-driver-query-builder-4.13.0.jar with timestamp 1716075195941
[2024-05-18T23:33:17.487+0000] {spark_submit.py:571} INFO - 24/05/18 23:33:17 INFO Utils: Copying /home/***/.ivy2/jars/com.datastax.oss_java-driver-query-builder-4.13.0.jar to /tmp/spark-d08448e1-0765-404e-bbf9-9586722af4ac/userFiles-36681f56-a0b8-4623-98fb-b26391e44a6d/com.datastax.oss_java-driver-query-builder-4.13.0.jar
[2024-05-18T23:33:17.493+0000] {spark_submit.py:571} INFO - 24/05/18 23:33:17 INFO SparkContext: Added file file:///home/***/.ivy2/jars/com.github.luben_zstd-jni-1.5.5-1.jar at spark://c0373bd0174c:46561/files/com.github.luben_zstd-jni-1.5.5-1.jar with timestamp 1716075195941
[2024-05-18T23:33:17.494+0000] {spark_submit.py:571} INFO - 24/05/18 23:33:17 INFO Utils: Copying /home/***/.ivy2/jars/com.github.luben_zstd-jni-1.5.5-1.jar to /tmp/spark-d08448e1-0765-404e-bbf9-9586722af4ac/userFiles-36681f56-a0b8-4623-98fb-b26391e44a6d/com.github.luben_zstd-jni-1.5.5-1.jar
[2024-05-18T23:33:17.518+0000] {spark_submit.py:571} INFO - 24/05/18 23:33:17 INFO SparkContext: Added file file:///home/***/.ivy2/jars/org.lz4_lz4-java-1.8.0.jar at spark://c0373bd0174c:46561/files/org.lz4_lz4-java-1.8.0.jar with timestamp 1716075195941
[2024-05-18T23:33:17.518+0000] {spark_submit.py:571} INFO - 24/05/18 23:33:17 INFO Utils: Copying /home/***/.ivy2/jars/org.lz4_lz4-java-1.8.0.jar to /tmp/spark-d08448e1-0765-404e-bbf9-9586722af4ac/userFiles-36681f56-a0b8-4623-98fb-b26391e44a6d/org.lz4_lz4-java-1.8.0.jar
[2024-05-18T23:33:17.671+0000] {spark_submit.py:571} INFO - 24/05/18 23:33:17 INFO StandaloneAppClient$ClientEndpoint: Connecting to master spark://spark-master:7077...
[2024-05-18T23:33:17.742+0000] {spark_submit.py:571} INFO - 24/05/18 23:33:17 INFO TransportClientFactory: Successfully created connection to spark-master/192.168.16.3:7077 after 34 ms (0 ms spent in bootstraps)
[2024-05-18T23:33:18.174+0000] {spark_submit.py:571} INFO - 24/05/18 23:33:18 INFO StandaloneSchedulerBackend: Connected to Spark cluster with app ID app-20240518233318-0001
[2024-05-18T23:33:18.200+0000] {spark_submit.py:571} INFO - 24/05/18 23:33:18 INFO StandaloneAppClient$ClientEndpoint: Executor added: app-20240518233318-0001/0 on worker-20240518231723-192.168.16.6-34535 (192.168.16.6:34535) with 1 core(s)
[2024-05-18T23:33:18.203+0000] {spark_submit.py:571} INFO - 24/05/18 23:33:18 INFO StandaloneSchedulerBackend: Granted executor ID app-20240518233318-0001/0 on hostPort 192.168.16.6:34535 with 1 core(s), 1024.0 MiB RAM
[2024-05-18T23:33:18.212+0000] {spark_submit.py:571} INFO - 24/05/18 23:33:18 INFO Utils: Successfully started service 'org.apache.spark.network.netty.NettyBlockTransferService' on port 39273.
[2024-05-18T23:33:18.216+0000] {spark_submit.py:571} INFO - 24/05/18 23:33:18 INFO NettyBlockTransferService: Server created on c0373bd0174c:39273
[2024-05-18T23:33:18.222+0000] {spark_submit.py:571} INFO - 24/05/18 23:33:18 INFO BlockManager: Using org.apache.spark.storage.RandomBlockReplicationPolicy for block replication policy
[2024-05-18T23:33:18.244+0000] {spark_submit.py:571} INFO - 24/05/18 23:33:18 INFO BlockManagerMaster: Registering BlockManager BlockManagerId(driver, c0373bd0174c, 39273, None)
[2024-05-18T23:33:18.256+0000] {spark_submit.py:571} INFO - 24/05/18 23:33:18 INFO BlockManagerMasterEndpoint: Registering block manager c0373bd0174c:39273 with 434.4 MiB RAM, BlockManagerId(driver, c0373bd0174c, 39273, None)
[2024-05-18T23:33:18.259+0000] {spark_submit.py:571} INFO - 24/05/18 23:33:18 INFO BlockManagerMaster: Registered BlockManager BlockManagerId(driver, c0373bd0174c, 39273, None)
[2024-05-18T23:33:18.260+0000] {spark_submit.py:571} INFO - 24/05/18 23:33:18 INFO BlockManager: Initialized BlockManager: BlockManagerId(driver, c0373bd0174c, 39273, None)
[2024-05-18T23:33:18.740+0000] {spark_submit.py:571} INFO - 24/05/18 23:33:18 INFO StandaloneAppClient$ClientEndpoint: Executor updated: app-20240518233318-0001/0 is now RUNNING
[2024-05-18T23:33:18.775+0000] {spark_submit.py:571} INFO - 24/05/18 23:33:18 INFO StandaloneSchedulerBackend: SchedulerBackend is ready for scheduling beginning after reached minRegisteredResourcesRatio: 0.0
[2024-05-18T23:33:19.230+0000] {spark_submit.py:571} INFO - 24/05/18 23:33:19 INFO SharedState: Setting hive.metastore.warehouse.dir ('null') to the value of spark.sql.warehouse.dir.
[2024-05-18T23:33:19.238+0000] {spark_submit.py:571} INFO - 24/05/18 23:33:19 INFO SharedState: Warehouse path is 'file:/opt/***/spark-warehouse'.
[2024-05-18T23:33:19.680+0000] {local_task_job_runner.py:310} WARNING - State of this instance has been externally set to failed. Terminating instance.
[2024-05-18T23:33:19.709+0000] {local_task_job_runner.py:222} INFO - ::endgroup::
[2024-05-18T23:33:19.725+0000] {process_utils.py:132} INFO - Sending 15 to group 775. PIDs of all processes in the group: [777, 1071, 775]
[2024-05-18T23:33:19.726+0000] {process_utils.py:87} INFO - Sending the signal 15 to group 775
[2024-05-18T23:33:19.730+0000] {taskinstance.py:2611} ERROR - Received SIGTERM. Terminating subprocesses.
[2024-05-18T23:33:19.733+0000] {spark_submit.py:697} INFO - Sending kill signal to spark-submit
[2024-05-18T23:33:19.756+0000] {taskinstance.py:441} INFO - ::group::Post task execution logs
[2024-05-18T23:33:19.888+0000] {process_utils.py:80} INFO - Process psutil.Process(pid=1071, status='terminated', started='23:33:12') (1071) terminated with exit code None
[2024-05-18T23:33:20.037+0000] {process_utils.py:80} INFO - Process psutil.Process(pid=775, status='terminated', exitcode=0, started='23:32:26') (775) terminated with exit code 0
[2024-05-18T23:33:20.037+0000] {process_utils.py:80} INFO - Process psutil.Process(pid=777, status='terminated', started='23:32:27') (777) terminated with exit code None
