[2024-05-18T23:33:42.437+0000] {local_task_job_runner.py:120} INFO - ::group::Pre task execution logs
[2024-05-18T23:33:42.464+0000] {taskinstance.py:2076} INFO - Dependencies all met for dep_context=non-requeueable deps ti=<TaskInstance: Real_Estate_Webscraping_ETL.Process_and_Send_Data_to_DB manual__2024-05-18T23:32:15.298986+00:00 [queued]>
[2024-05-18T23:33:42.469+0000] {taskinstance.py:2076} INFO - Dependencies all met for dep_context=requeueable deps ti=<TaskInstance: Real_Estate_Webscraping_ETL.Process_and_Send_Data_to_DB manual__2024-05-18T23:32:15.298986+00:00 [queued]>
[2024-05-18T23:33:42.469+0000] {taskinstance.py:2306} INFO - Starting attempt 2 of 7
[2024-05-18T23:33:42.477+0000] {taskinstance.py:2330} INFO - Executing <Task(SparkSubmitOperator): Process_and_Send_Data_to_DB> on 2024-05-18 23:32:15.298986+00:00
[2024-05-18T23:33:42.485+0000] {standard_task_runner.py:63} INFO - Started process 1223 to run task
[2024-05-18T23:33:42.490+0000] {standard_task_runner.py:90} INFO - Running: ['***', 'tasks', 'run', 'Real_Estate_Webscraping_ETL', 'Process_and_Send_Data_to_DB', 'manual__2024-05-18T23:32:15.298986+00:00', '--job-id', '335', '--raw', '--subdir', 'DAGS_FOLDER/webscrapping.py', '--cfg-path', '/tmp/tmpi9j2pyod']
[2024-05-18T23:33:42.500+0000] {standard_task_runner.py:91} INFO - Job 335: Subtask Process_and_Send_Data_to_DB
[2024-05-18T23:33:42.572+0000] {task_command.py:426} INFO - Running <TaskInstance: Real_Estate_Webscraping_ETL.Process_and_Send_Data_to_DB manual__2024-05-18T23:32:15.298986+00:00 [running]> on host c0373bd0174c
[2024-05-18T23:33:42.672+0000] {taskinstance.py:2648} INFO - Exporting env vars: AIRFLOW_CTX_DAG_OWNER='svc' AIRFLOW_CTX_DAG_ID='Real_Estate_Webscraping_ETL' AIRFLOW_CTX_TASK_ID='Process_and_Send_Data_to_DB' AIRFLOW_CTX_EXECUTION_DATE='2024-05-18T23:32:15.298986+00:00' AIRFLOW_CTX_TRY_NUMBER='2' AIRFLOW_CTX_DAG_RUN_ID='manual__2024-05-18T23:32:15.298986+00:00'
[2024-05-18T23:33:42.674+0000] {taskinstance.py:430} INFO - ::endgroup::
[2024-05-18T23:33:42.691+0000] {base.py:84} INFO - Using connection ID 'spark_default' for task execution.
[2024-05-18T23:33:42.693+0000] {spark_submit.py:401} INFO - Spark-Submit cmd: spark-submit --master spark://spark-master:7077 --packages org.apache.spark:spark-sql-kafka-0-10_2.12:3.5.1,com.datastax.spark:spark-cassandra-connector_2.12:3.5.0,org.apache.kafka:kafka-clients:3.5.1,commons-logging:commons-logging:1.2 --name arrow-spark --deploy-mode client dags/includes/jobs/spark_consumer.py
[2024-05-18T23:33:42.807+0000] {spark_submit.py:571} INFO - /home/***/.local/lib/python3.11/site-packages/pyspark/bin/load-spark-env.sh: line 68: ps: command not found
[2024-05-18T23:33:44.742+0000] {spark_submit.py:571} INFO - :: loading settings :: url = jar:file:/home/***/.local/lib/python3.11/site-packages/pyspark/jars/ivy-2.5.1.jar!/org/apache/ivy/core/settings/ivysettings.xml
[2024-05-18T23:33:44.821+0000] {spark_submit.py:571} INFO - Ivy Default Cache set to: /home/***/.ivy2/cache
[2024-05-18T23:33:44.823+0000] {spark_submit.py:571} INFO - The jars for the packages stored in: /home/***/.ivy2/jars
[2024-05-18T23:33:44.840+0000] {spark_submit.py:571} INFO - org.apache.spark#spark-sql-kafka-0-10_2.12 added as a dependency
[2024-05-18T23:33:44.842+0000] {spark_submit.py:571} INFO - com.datastax.spark#spark-cassandra-connector_2.12 added as a dependency
[2024-05-18T23:33:44.843+0000] {spark_submit.py:571} INFO - org.apache.kafka#kafka-clients added as a dependency
[2024-05-18T23:33:44.843+0000] {spark_submit.py:571} INFO - commons-logging#commons-logging added as a dependency
[2024-05-18T23:33:44.844+0000] {spark_submit.py:571} INFO - :: resolving dependencies :: org.apache.spark#spark-submit-parent-dd83fa6a-763c-4359-ac51-0903e8eef832;1.0
[2024-05-18T23:33:44.844+0000] {spark_submit.py:571} INFO - confs: [default]
[2024-05-18T23:33:44.969+0000] {spark_submit.py:571} INFO - found org.apache.spark#spark-sql-kafka-0-10_2.12;3.5.1 in spark-list
[2024-05-18T23:33:45.036+0000] {spark_submit.py:571} INFO - found org.apache.spark#spark-token-provider-kafka-0-10_2.12;3.5.1 in central
[2024-05-18T23:33:45.096+0000] {spark_submit.py:571} INFO - found org.apache.hadoop#hadoop-client-runtime;3.3.4 in central
[2024-05-18T23:33:45.143+0000] {spark_submit.py:571} INFO - found org.apache.hadoop#hadoop-client-api;3.3.4 in central
[2024-05-18T23:33:45.164+0000] {spark_submit.py:571} INFO - found org.xerial.snappy#snappy-java;1.1.10.3 in central
[2024-05-18T23:33:45.180+0000] {spark_submit.py:571} INFO - found org.slf4j#slf4j-api;2.0.7 in central
[2024-05-18T23:33:45.200+0000] {spark_submit.py:571} INFO - found com.google.code.findbugs#jsr305;3.0.0 in central
[2024-05-18T23:33:45.210+0000] {spark_submit.py:571} INFO - found org.apache.commons#commons-pool2;2.11.1 in central
[2024-05-18T23:33:45.221+0000] {spark_submit.py:571} INFO - found com.datastax.spark#spark-cassandra-connector_2.12;3.5.0 in central
[2024-05-18T23:33:45.231+0000] {spark_submit.py:571} INFO - found com.datastax.spark#spark-cassandra-connector-driver_2.12;3.5.0 in central
[2024-05-18T23:33:45.241+0000] {spark_submit.py:571} INFO - found org.scala-lang.modules#scala-collection-compat_2.12;2.11.0 in central
[2024-05-18T23:33:45.249+0000] {spark_submit.py:571} INFO - found com.datastax.oss#java-driver-core-shaded;4.13.0 in central
[2024-05-18T23:33:45.260+0000] {spark_submit.py:571} INFO - found com.datastax.oss#native-protocol;1.5.0 in central
[2024-05-18T23:33:45.270+0000] {spark_submit.py:571} INFO - found com.datastax.oss#java-driver-shaded-guava;25.1-jre-graal-sub-1 in central
[2024-05-18T23:33:45.281+0000] {spark_submit.py:571} INFO - found com.typesafe#config;1.4.1 in central
[2024-05-18T23:33:45.290+0000] {spark_submit.py:571} INFO - found io.dropwizard.metrics#metrics-core;4.1.18 in central
[2024-05-18T23:33:45.299+0000] {spark_submit.py:571} INFO - found org.hdrhistogram#HdrHistogram;2.1.12 in central
[2024-05-18T23:33:45.309+0000] {spark_submit.py:571} INFO - found org.reactivestreams#reactive-streams;1.0.3 in central
[2024-05-18T23:33:45.320+0000] {spark_submit.py:571} INFO - found com.github.stephenc.jcip#jcip-annotations;1.0-1 in central
[2024-05-18T23:33:45.335+0000] {spark_submit.py:571} INFO - found com.github.spotbugs#spotbugs-annotations;3.1.12 in central
[2024-05-18T23:33:45.345+0000] {spark_submit.py:571} INFO - found com.google.code.findbugs#jsr305;3.0.2 in central
[2024-05-18T23:33:45.353+0000] {spark_submit.py:571} INFO - found com.datastax.oss#java-driver-mapper-runtime;4.13.0 in central
[2024-05-18T23:33:45.363+0000] {spark_submit.py:571} INFO - found com.datastax.oss#java-driver-query-builder;4.13.0 in central
[2024-05-18T23:33:45.377+0000] {spark_submit.py:571} INFO - found org.apache.commons#commons-lang3;3.10 in central
[2024-05-18T23:33:45.388+0000] {spark_submit.py:571} INFO - found com.thoughtworks.paranamer#paranamer;2.8 in central
[2024-05-18T23:33:45.405+0000] {spark_submit.py:571} INFO - found org.scala-lang#scala-reflect;2.12.11 in central
[2024-05-18T23:33:45.428+0000] {spark_submit.py:571} INFO - found org.apache.kafka#kafka-clients;3.5.1 in central
[2024-05-18T23:33:45.439+0000] {spark_submit.py:571} INFO - found com.github.luben#zstd-jni;1.5.5-1 in central
[2024-05-18T23:33:45.451+0000] {spark_submit.py:571} INFO - found org.lz4#lz4-java;1.8.0 in central
[2024-05-18T23:33:45.461+0000] {spark_submit.py:571} INFO - found commons-logging#commons-logging;1.2 in central
[2024-05-18T23:33:45.509+0000] {spark_submit.py:571} INFO - :: resolution report :: resolve 640ms :: artifacts dl 26ms
[2024-05-18T23:33:45.510+0000] {spark_submit.py:571} INFO - :: modules in use:
[2024-05-18T23:33:45.511+0000] {spark_submit.py:571} INFO - com.datastax.oss#java-driver-core-shaded;4.13.0 from central in [default]
[2024-05-18T23:33:45.512+0000] {spark_submit.py:571} INFO - com.datastax.oss#java-driver-mapper-runtime;4.13.0 from central in [default]
[2024-05-18T23:33:45.514+0000] {spark_submit.py:571} INFO - com.datastax.oss#java-driver-query-builder;4.13.0 from central in [default]
[2024-05-18T23:33:45.515+0000] {spark_submit.py:571} INFO - com.datastax.oss#java-driver-shaded-guava;25.1-jre-graal-sub-1 from central in [default]
[2024-05-18T23:33:45.518+0000] {spark_submit.py:571} INFO - com.datastax.oss#native-protocol;1.5.0 from central in [default]
[2024-05-18T23:33:45.518+0000] {spark_submit.py:571} INFO - com.datastax.spark#spark-cassandra-connector-driver_2.12;3.5.0 from central in [default]
[2024-05-18T23:33:45.519+0000] {spark_submit.py:571} INFO - com.datastax.spark#spark-cassandra-connector_2.12;3.5.0 from central in [default]
[2024-05-18T23:33:45.520+0000] {spark_submit.py:571} INFO - com.github.luben#zstd-jni;1.5.5-1 from central in [default]
[2024-05-18T23:33:45.521+0000] {spark_submit.py:571} INFO - com.github.spotbugs#spotbugs-annotations;3.1.12 from central in [default]
[2024-05-18T23:33:45.521+0000] {spark_submit.py:571} INFO - com.github.stephenc.jcip#jcip-annotations;1.0-1 from central in [default]
[2024-05-18T23:33:45.522+0000] {spark_submit.py:571} INFO - com.google.code.findbugs#jsr305;3.0.2 from central in [default]
[2024-05-18T23:33:45.522+0000] {spark_submit.py:571} INFO - com.thoughtworks.paranamer#paranamer;2.8 from central in [default]
[2024-05-18T23:33:45.522+0000] {spark_submit.py:571} INFO - com.typesafe#config;1.4.1 from central in [default]
[2024-05-18T23:33:45.523+0000] {spark_submit.py:571} INFO - commons-logging#commons-logging;1.2 from central in [default]
[2024-05-18T23:33:45.525+0000] {spark_submit.py:571} INFO - io.dropwizard.metrics#metrics-core;4.1.18 from central in [default]
[2024-05-18T23:33:45.527+0000] {spark_submit.py:571} INFO - org.apache.commons#commons-lang3;3.10 from central in [default]
[2024-05-18T23:33:45.528+0000] {spark_submit.py:571} INFO - org.apache.commons#commons-pool2;2.11.1 from central in [default]
[2024-05-18T23:33:45.530+0000] {spark_submit.py:571} INFO - org.apache.hadoop#hadoop-client-api;3.3.4 from central in [default]
[2024-05-18T23:33:45.531+0000] {spark_submit.py:571} INFO - org.apache.hadoop#hadoop-client-runtime;3.3.4 from central in [default]
[2024-05-18T23:33:45.532+0000] {spark_submit.py:571} INFO - org.apache.kafka#kafka-clients;3.5.1 from central in [default]
[2024-05-18T23:33:45.533+0000] {spark_submit.py:571} INFO - org.apache.spark#spark-sql-kafka-0-10_2.12;3.5.1 from spark-list in [default]
[2024-05-18T23:33:45.533+0000] {spark_submit.py:571} INFO - org.apache.spark#spark-token-provider-kafka-0-10_2.12;3.5.1 from central in [default]
[2024-05-18T23:33:45.534+0000] {spark_submit.py:571} INFO - org.hdrhistogram#HdrHistogram;2.1.12 from central in [default]
[2024-05-18T23:33:45.534+0000] {spark_submit.py:571} INFO - org.lz4#lz4-java;1.8.0 from central in [default]
[2024-05-18T23:33:45.535+0000] {spark_submit.py:571} INFO - org.reactivestreams#reactive-streams;1.0.3 from central in [default]
[2024-05-18T23:33:45.536+0000] {spark_submit.py:571} INFO - org.scala-lang#scala-reflect;2.12.11 from central in [default]
[2024-05-18T23:33:45.536+0000] {spark_submit.py:571} INFO - org.scala-lang.modules#scala-collection-compat_2.12;2.11.0 from central in [default]
[2024-05-18T23:33:45.536+0000] {spark_submit.py:571} INFO - org.slf4j#slf4j-api;2.0.7 from central in [default]
[2024-05-18T23:33:45.537+0000] {spark_submit.py:571} INFO - org.xerial.snappy#snappy-java;1.1.10.3 from central in [default]
[2024-05-18T23:33:45.537+0000] {spark_submit.py:571} INFO - :: evicted modules:
[2024-05-18T23:33:45.538+0000] {spark_submit.py:571} INFO - org.apache.kafka#kafka-clients;3.4.1 by [org.apache.kafka#kafka-clients;3.5.1] in [default]
[2024-05-18T23:33:45.539+0000] {spark_submit.py:571} INFO - commons-logging#commons-logging;1.1.3 by [commons-logging#commons-logging;1.2] in [default]
[2024-05-18T23:33:45.540+0000] {spark_submit.py:571} INFO - com.google.code.findbugs#jsr305;3.0.0 by [com.google.code.findbugs#jsr305;3.0.2] in [default]
[2024-05-18T23:33:45.542+0000] {spark_submit.py:571} INFO - org.slf4j#slf4j-api;1.7.26 by [org.slf4j#slf4j-api;2.0.7] in [default]
[2024-05-18T23:33:45.543+0000] {spark_submit.py:571} INFO - org.xerial.snappy#snappy-java;1.1.10.1 by [org.xerial.snappy#snappy-java;1.1.10.3] in [default]
[2024-05-18T23:33:45.544+0000] {spark_submit.py:571} INFO - org.slf4j#slf4j-api;1.7.36 by [org.slf4j#slf4j-api;2.0.7] in [default]
[2024-05-18T23:33:45.545+0000] {spark_submit.py:571} INFO - ---------------------------------------------------------------------
[2024-05-18T23:33:45.546+0000] {spark_submit.py:571} INFO - |                  |            modules            ||   artifacts   |
[2024-05-18T23:33:45.546+0000] {spark_submit.py:571} INFO - |       conf       | number| search|dwnlded|evicted|| number|dwnlded|
[2024-05-18T23:33:45.547+0000] {spark_submit.py:571} INFO - ---------------------------------------------------------------------
[2024-05-18T23:33:45.548+0000] {spark_submit.py:571} INFO - |      default     |   35  |   0   |   0   |   6   ||   29  |   0   |
[2024-05-18T23:33:45.548+0000] {spark_submit.py:571} INFO - ---------------------------------------------------------------------
[2024-05-18T23:33:45.548+0000] {spark_submit.py:571} INFO - :: retrieving :: org.apache.spark#spark-submit-parent-dd83fa6a-763c-4359-ac51-0903e8eef832
[2024-05-18T23:33:45.549+0000] {spark_submit.py:571} INFO - confs: [default]
[2024-05-18T23:33:45.549+0000] {spark_submit.py:571} INFO - 0 artifacts copied, 29 already retrieved (0kB/11ms)
[2024-05-18T23:33:45.778+0000] {spark_submit.py:571} INFO - 24/05/18 23:33:45 WARN NativeCodeLoader: Unable to load native-hadoop library for your platform... using builtin-java classes where applicable
[2024-05-18T23:33:48.289+0000] {spark_submit.py:571} INFO - 24/05/18 23:33:48 INFO SparkContext: Running Spark version 3.5.1
[2024-05-18T23:33:48.294+0000] {spark_submit.py:571} INFO - 24/05/18 23:33:48 INFO SparkContext: OS info Linux, 6.6.26-linuxkit, aarch64
[2024-05-18T23:33:48.300+0000] {spark_submit.py:571} INFO - 24/05/18 23:33:48 INFO SparkContext: Java version 11.0.23
[2024-05-18T23:33:48.316+0000] {spark_submit.py:571} INFO - 24/05/18 23:33:48 INFO ResourceUtils: ==============================================================
[2024-05-18T23:33:48.318+0000] {spark_submit.py:571} INFO - 24/05/18 23:33:48 INFO ResourceUtils: No custom resources configured for spark.driver.
[2024-05-18T23:33:48.319+0000] {spark_submit.py:571} INFO - 24/05/18 23:33:48 INFO ResourceUtils: ==============================================================
[2024-05-18T23:33:48.319+0000] {spark_submit.py:571} INFO - 24/05/18 23:33:48 INFO SparkContext: Submitted application: Redfin_Properties_Consumer
[2024-05-18T23:33:48.370+0000] {spark_submit.py:571} INFO - 24/05/18 23:33:48 INFO ResourceProfile: Default ResourceProfile created, executor resources: Map(memory -> name: memory, amount: 1024, script: , vendor: , offHeap -> name: offHeap, amount: 0, script: , vendor: ), task resources: Map(cpus -> name: cpus, amount: 1.0)
[2024-05-18T23:33:48.387+0000] {spark_submit.py:571} INFO - 24/05/18 23:33:48 INFO ResourceProfile: Limiting resource is cpu
[2024-05-18T23:33:48.388+0000] {spark_submit.py:571} INFO - 24/05/18 23:33:48 INFO ResourceProfileManager: Added ResourceProfile id: 0
[2024-05-18T23:33:48.454+0000] {spark_submit.py:571} INFO - 24/05/18 23:33:48 INFO SecurityManager: Changing view acls to: ***
[2024-05-18T23:33:48.456+0000] {spark_submit.py:571} INFO - 24/05/18 23:33:48 INFO SecurityManager: Changing modify acls to: ***
[2024-05-18T23:33:48.457+0000] {spark_submit.py:571} INFO - 24/05/18 23:33:48 INFO SecurityManager: Changing view acls groups to:
[2024-05-18T23:33:48.457+0000] {spark_submit.py:571} INFO - 24/05/18 23:33:48 INFO SecurityManager: Changing modify acls groups to:
[2024-05-18T23:33:48.459+0000] {spark_submit.py:571} INFO - 24/05/18 23:33:48 INFO SecurityManager: SecurityManager: authentication disabled; ui acls disabled; users with view permissions: ***; groups with view permissions: EMPTY; users with modify permissions: ***; groups with modify permissions: EMPTY
[2024-05-18T23:33:48.626+0000] {spark_submit.py:571} INFO - 24/05/18 23:33:48 INFO Utils: Successfully started service 'sparkDriver' on port 33433.
[2024-05-18T23:33:48.653+0000] {spark_submit.py:571} INFO - 24/05/18 23:33:48 INFO SparkEnv: Registering MapOutputTracker
[2024-05-18T23:33:48.710+0000] {spark_submit.py:571} INFO - 24/05/18 23:33:48 INFO SparkEnv: Registering BlockManagerMaster
[2024-05-18T23:33:48.723+0000] {spark_submit.py:571} INFO - 24/05/18 23:33:48 INFO BlockManagerMasterEndpoint: Using org.apache.spark.storage.DefaultTopologyMapper for getting topology information
[2024-05-18T23:33:48.723+0000] {spark_submit.py:571} INFO - 24/05/18 23:33:48 INFO BlockManagerMasterEndpoint: BlockManagerMasterEndpoint up
[2024-05-18T23:33:48.726+0000] {spark_submit.py:571} INFO - 24/05/18 23:33:48 INFO SparkEnv: Registering BlockManagerMasterHeartbeat
[2024-05-18T23:33:48.740+0000] {spark_submit.py:571} INFO - 24/05/18 23:33:48 INFO DiskBlockManager: Created local directory at /tmp/blockmgr-3451c7c6-5275-4a8a-bf1a-703b9f545701
[2024-05-18T23:33:48.751+0000] {spark_submit.py:571} INFO - 24/05/18 23:33:48 INFO MemoryStore: MemoryStore started with capacity 434.4 MiB
[2024-05-18T23:33:48.764+0000] {spark_submit.py:571} INFO - 24/05/18 23:33:48 INFO SparkEnv: Registering OutputCommitCoordinator
[2024-05-18T23:33:48.858+0000] {spark_submit.py:571} INFO - 24/05/18 23:33:48 INFO JettyUtils: Start Jetty 0.0.0.0:4040 for SparkUI
[2024-05-18T23:33:48.926+0000] {spark_submit.py:571} INFO - 24/05/18 23:33:48 INFO Utils: Successfully started service 'SparkUI' on port 4040.
[2024-05-18T23:33:48.958+0000] {spark_submit.py:571} INFO - 24/05/18 23:33:48 INFO SparkContext: Added JAR file:///home/***/.ivy2/jars/org.apache.spark_spark-sql-kafka-0-10_2.12-3.5.1.jar at spark://c0373bd0174c:33433/jars/org.apache.spark_spark-sql-kafka-0-10_2.12-3.5.1.jar with timestamp 1716075228273
[2024-05-18T23:33:48.961+0000] {spark_submit.py:571} INFO - 24/05/18 23:33:48 INFO SparkContext: Added JAR file:///home/***/.ivy2/jars/com.datastax.spark_spark-cassandra-connector_2.12-3.5.0.jar at spark://c0373bd0174c:33433/jars/com.datastax.spark_spark-cassandra-connector_2.12-3.5.0.jar with timestamp 1716075228273
[2024-05-18T23:33:48.962+0000] {spark_submit.py:571} INFO - 24/05/18 23:33:48 INFO SparkContext: Added JAR file:///home/***/.ivy2/jars/org.apache.kafka_kafka-clients-3.5.1.jar at spark://c0373bd0174c:33433/jars/org.apache.kafka_kafka-clients-3.5.1.jar with timestamp 1716075228273
[2024-05-18T23:33:48.962+0000] {spark_submit.py:571} INFO - 24/05/18 23:33:48 INFO SparkContext: Added JAR file:///home/***/.ivy2/jars/commons-logging_commons-logging-1.2.jar at spark://c0373bd0174c:33433/jars/commons-logging_commons-logging-1.2.jar with timestamp 1716075228273
[2024-05-18T23:33:48.963+0000] {spark_submit.py:571} INFO - 24/05/18 23:33:48 INFO SparkContext: Added JAR file:///home/***/.ivy2/jars/org.apache.spark_spark-token-provider-kafka-0-10_2.12-3.5.1.jar at spark://c0373bd0174c:33433/jars/org.apache.spark_spark-token-provider-kafka-0-10_2.12-3.5.1.jar with timestamp 1716075228273
[2024-05-18T23:33:48.964+0000] {spark_submit.py:571} INFO - 24/05/18 23:33:48 INFO SparkContext: Added JAR file:///home/***/.ivy2/jars/org.apache.commons_commons-pool2-2.11.1.jar at spark://c0373bd0174c:33433/jars/org.apache.commons_commons-pool2-2.11.1.jar with timestamp 1716075228273
[2024-05-18T23:33:48.964+0000] {spark_submit.py:571} INFO - 24/05/18 23:33:48 INFO SparkContext: Added JAR file:///home/***/.ivy2/jars/org.apache.hadoop_hadoop-client-runtime-3.3.4.jar at spark://c0373bd0174c:33433/jars/org.apache.hadoop_hadoop-client-runtime-3.3.4.jar with timestamp 1716075228273
[2024-05-18T23:33:48.965+0000] {spark_submit.py:571} INFO - 24/05/18 23:33:48 INFO SparkContext: Added JAR file:///home/***/.ivy2/jars/org.apache.hadoop_hadoop-client-api-3.3.4.jar at spark://c0373bd0174c:33433/jars/org.apache.hadoop_hadoop-client-api-3.3.4.jar with timestamp 1716075228273
[2024-05-18T23:33:48.965+0000] {spark_submit.py:571} INFO - 24/05/18 23:33:48 INFO SparkContext: Added JAR file:///home/***/.ivy2/jars/org.xerial.snappy_snappy-java-1.1.10.3.jar at spark://c0373bd0174c:33433/jars/org.xerial.snappy_snappy-java-1.1.10.3.jar with timestamp 1716075228273
[2024-05-18T23:33:48.966+0000] {spark_submit.py:571} INFO - 24/05/18 23:33:48 INFO SparkContext: Added JAR file:///home/***/.ivy2/jars/org.slf4j_slf4j-api-2.0.7.jar at spark://c0373bd0174c:33433/jars/org.slf4j_slf4j-api-2.0.7.jar with timestamp 1716075228273
[2024-05-18T23:33:48.967+0000] {spark_submit.py:571} INFO - 24/05/18 23:33:48 INFO SparkContext: Added JAR file:///home/***/.ivy2/jars/com.datastax.spark_spark-cassandra-connector-driver_2.12-3.5.0.jar at spark://c0373bd0174c:33433/jars/com.datastax.spark_spark-cassandra-connector-driver_2.12-3.5.0.jar with timestamp 1716075228273
[2024-05-18T23:33:48.967+0000] {spark_submit.py:571} INFO - 24/05/18 23:33:48 INFO SparkContext: Added JAR file:///home/***/.ivy2/jars/org.scala-lang.modules_scala-collection-compat_2.12-2.11.0.jar at spark://c0373bd0174c:33433/jars/org.scala-lang.modules_scala-collection-compat_2.12-2.11.0.jar with timestamp 1716075228273
[2024-05-18T23:33:48.967+0000] {spark_submit.py:571} INFO - 24/05/18 23:33:48 INFO SparkContext: Added JAR file:///home/***/.ivy2/jars/com.datastax.oss_java-driver-core-shaded-4.13.0.jar at spark://c0373bd0174c:33433/jars/com.datastax.oss_java-driver-core-shaded-4.13.0.jar with timestamp 1716075228273
[2024-05-18T23:33:48.967+0000] {spark_submit.py:571} INFO - 24/05/18 23:33:48 INFO SparkContext: Added JAR file:///home/***/.ivy2/jars/com.datastax.oss_java-driver-mapper-runtime-4.13.0.jar at spark://c0373bd0174c:33433/jars/com.datastax.oss_java-driver-mapper-runtime-4.13.0.jar with timestamp 1716075228273
[2024-05-18T23:33:48.968+0000] {spark_submit.py:571} INFO - 24/05/18 23:33:48 INFO SparkContext: Added JAR file:///home/***/.ivy2/jars/org.apache.commons_commons-lang3-3.10.jar at spark://c0373bd0174c:33433/jars/org.apache.commons_commons-lang3-3.10.jar with timestamp 1716075228273
[2024-05-18T23:33:48.968+0000] {spark_submit.py:571} INFO - 24/05/18 23:33:48 INFO SparkContext: Added JAR file:///home/***/.ivy2/jars/com.thoughtworks.paranamer_paranamer-2.8.jar at spark://c0373bd0174c:33433/jars/com.thoughtworks.paranamer_paranamer-2.8.jar with timestamp 1716075228273
[2024-05-18T23:33:48.968+0000] {spark_submit.py:571} INFO - 24/05/18 23:33:48 INFO SparkContext: Added JAR file:///home/***/.ivy2/jars/org.scala-lang_scala-reflect-2.12.11.jar at spark://c0373bd0174c:33433/jars/org.scala-lang_scala-reflect-2.12.11.jar with timestamp 1716075228273
[2024-05-18T23:33:48.968+0000] {spark_submit.py:571} INFO - 24/05/18 23:33:48 INFO SparkContext: Added JAR file:///home/***/.ivy2/jars/com.datastax.oss_native-protocol-1.5.0.jar at spark://c0373bd0174c:33433/jars/com.datastax.oss_native-protocol-1.5.0.jar with timestamp 1716075228273
[2024-05-18T23:33:48.968+0000] {spark_submit.py:571} INFO - 24/05/18 23:33:48 INFO SparkContext: Added JAR file:///home/***/.ivy2/jars/com.datastax.oss_java-driver-shaded-guava-25.1-jre-graal-sub-1.jar at spark://c0373bd0174c:33433/jars/com.datastax.oss_java-driver-shaded-guava-25.1-jre-graal-sub-1.jar with timestamp 1716075228273
[2024-05-18T23:33:48.969+0000] {spark_submit.py:571} INFO - 24/05/18 23:33:48 INFO SparkContext: Added JAR file:///home/***/.ivy2/jars/com.typesafe_config-1.4.1.jar at spark://c0373bd0174c:33433/jars/com.typesafe_config-1.4.1.jar with timestamp 1716075228273
[2024-05-18T23:33:48.969+0000] {spark_submit.py:571} INFO - 24/05/18 23:33:48 INFO SparkContext: Added JAR file:///home/***/.ivy2/jars/io.dropwizard.metrics_metrics-core-4.1.18.jar at spark://c0373bd0174c:33433/jars/io.dropwizard.metrics_metrics-core-4.1.18.jar with timestamp 1716075228273
[2024-05-18T23:33:48.969+0000] {spark_submit.py:571} INFO - 24/05/18 23:33:48 INFO SparkContext: Added JAR file:///home/***/.ivy2/jars/org.hdrhistogram_HdrHistogram-2.1.12.jar at spark://c0373bd0174c:33433/jars/org.hdrhistogram_HdrHistogram-2.1.12.jar with timestamp 1716075228273
[2024-05-18T23:33:48.969+0000] {spark_submit.py:571} INFO - 24/05/18 23:33:48 INFO SparkContext: Added JAR file:///home/***/.ivy2/jars/org.reactivestreams_reactive-streams-1.0.3.jar at spark://c0373bd0174c:33433/jars/org.reactivestreams_reactive-streams-1.0.3.jar with timestamp 1716075228273
[2024-05-18T23:33:48.969+0000] {spark_submit.py:571} INFO - 24/05/18 23:33:48 INFO SparkContext: Added JAR file:///home/***/.ivy2/jars/com.github.stephenc.jcip_jcip-annotations-1.0-1.jar at spark://c0373bd0174c:33433/jars/com.github.stephenc.jcip_jcip-annotations-1.0-1.jar with timestamp 1716075228273
[2024-05-18T23:33:48.970+0000] {spark_submit.py:571} INFO - 24/05/18 23:33:48 INFO SparkContext: Added JAR file:///home/***/.ivy2/jars/com.github.spotbugs_spotbugs-annotations-3.1.12.jar at spark://c0373bd0174c:33433/jars/com.github.spotbugs_spotbugs-annotations-3.1.12.jar with timestamp 1716075228273
[2024-05-18T23:33:48.970+0000] {spark_submit.py:571} INFO - 24/05/18 23:33:48 INFO SparkContext: Added JAR file:///home/***/.ivy2/jars/com.google.code.findbugs_jsr305-3.0.2.jar at spark://c0373bd0174c:33433/jars/com.google.code.findbugs_jsr305-3.0.2.jar with timestamp 1716075228273
[2024-05-18T23:33:48.970+0000] {spark_submit.py:571} INFO - 24/05/18 23:33:48 INFO SparkContext: Added JAR file:///home/***/.ivy2/jars/com.datastax.oss_java-driver-query-builder-4.13.0.jar at spark://c0373bd0174c:33433/jars/com.datastax.oss_java-driver-query-builder-4.13.0.jar with timestamp 1716075228273
[2024-05-18T23:33:48.970+0000] {spark_submit.py:571} INFO - 24/05/18 23:33:48 INFO SparkContext: Added JAR file:///home/***/.ivy2/jars/com.github.luben_zstd-jni-1.5.5-1.jar at spark://c0373bd0174c:33433/jars/com.github.luben_zstd-jni-1.5.5-1.jar with timestamp 1716075228273
[2024-05-18T23:33:48.970+0000] {spark_submit.py:571} INFO - 24/05/18 23:33:48 INFO SparkContext: Added JAR file:///home/***/.ivy2/jars/org.lz4_lz4-java-1.8.0.jar at spark://c0373bd0174c:33433/jars/org.lz4_lz4-java-1.8.0.jar with timestamp 1716075228273
[2024-05-18T23:33:48.971+0000] {spark_submit.py:571} INFO - 24/05/18 23:33:48 INFO SparkContext: Added file file:///home/***/.ivy2/jars/org.apache.spark_spark-sql-kafka-0-10_2.12-3.5.1.jar at spark://c0373bd0174c:33433/files/org.apache.spark_spark-sql-kafka-0-10_2.12-3.5.1.jar with timestamp 1716075228273
[2024-05-18T23:33:48.971+0000] {spark_submit.py:571} INFO - 24/05/18 23:33:48 INFO Utils: Copying /home/***/.ivy2/jars/org.apache.spark_spark-sql-kafka-0-10_2.12-3.5.1.jar to /tmp/spark-64b6285f-7d4c-4e02-9d46-a9a8b477e965/userFiles-fd75630a-db0e-4e10-959b-5a17c7ae3daa/org.apache.spark_spark-sql-kafka-0-10_2.12-3.5.1.jar
[2024-05-18T23:33:48.980+0000] {spark_submit.py:571} INFO - 24/05/18 23:33:48 INFO SparkContext: Added file file:///home/***/.ivy2/jars/com.datastax.spark_spark-cassandra-connector_2.12-3.5.0.jar at spark://c0373bd0174c:33433/files/com.datastax.spark_spark-cassandra-connector_2.12-3.5.0.jar with timestamp 1716075228273
[2024-05-18T23:33:48.983+0000] {spark_submit.py:571} INFO - 24/05/18 23:33:48 INFO Utils: Copying /home/***/.ivy2/jars/com.datastax.spark_spark-cassandra-connector_2.12-3.5.0.jar to /tmp/spark-64b6285f-7d4c-4e02-9d46-a9a8b477e965/userFiles-fd75630a-db0e-4e10-959b-5a17c7ae3daa/com.datastax.spark_spark-cassandra-connector_2.12-3.5.0.jar
[2024-05-18T23:33:49.036+0000] {spark_submit.py:571} INFO - 24/05/18 23:33:49 INFO SparkContext: Added file file:///home/***/.ivy2/jars/org.apache.kafka_kafka-clients-3.5.1.jar at spark://c0373bd0174c:33433/files/org.apache.kafka_kafka-clients-3.5.1.jar with timestamp 1716075228273
[2024-05-18T23:33:49.037+0000] {spark_submit.py:571} INFO - 24/05/18 23:33:49 INFO Utils: Copying /home/***/.ivy2/jars/org.apache.kafka_kafka-clients-3.5.1.jar to /tmp/spark-64b6285f-7d4c-4e02-9d46-a9a8b477e965/userFiles-fd75630a-db0e-4e10-959b-5a17c7ae3daa/org.apache.kafka_kafka-clients-3.5.1.jar
[2024-05-18T23:33:49.079+0000] {spark_submit.py:571} INFO - 24/05/18 23:33:49 INFO SparkContext: Added file file:///home/***/.ivy2/jars/commons-logging_commons-logging-1.2.jar at spark://c0373bd0174c:33433/files/commons-logging_commons-logging-1.2.jar with timestamp 1716075228273
[2024-05-18T23:33:49.079+0000] {spark_submit.py:571} INFO - 24/05/18 23:33:49 INFO Utils: Copying /home/***/.ivy2/jars/commons-logging_commons-logging-1.2.jar to /tmp/spark-64b6285f-7d4c-4e02-9d46-a9a8b477e965/userFiles-fd75630a-db0e-4e10-959b-5a17c7ae3daa/commons-logging_commons-logging-1.2.jar
[2024-05-18T23:33:49.103+0000] {spark_submit.py:571} INFO - 24/05/18 23:33:49 INFO SparkContext: Added file file:///home/***/.ivy2/jars/org.apache.spark_spark-token-provider-kafka-0-10_2.12-3.5.1.jar at spark://c0373bd0174c:33433/files/org.apache.spark_spark-token-provider-kafka-0-10_2.12-3.5.1.jar with timestamp 1716075228273
[2024-05-18T23:33:49.103+0000] {spark_submit.py:571} INFO - 24/05/18 23:33:49 INFO Utils: Copying /home/***/.ivy2/jars/org.apache.spark_spark-token-provider-kafka-0-10_2.12-3.5.1.jar to /tmp/spark-64b6285f-7d4c-4e02-9d46-a9a8b477e965/userFiles-fd75630a-db0e-4e10-959b-5a17c7ae3daa/org.apache.spark_spark-token-provider-kafka-0-10_2.12-3.5.1.jar
[2024-05-18T23:33:49.108+0000] {spark_submit.py:571} INFO - 24/05/18 23:33:49 INFO SparkContext: Added file file:///home/***/.ivy2/jars/org.apache.commons_commons-pool2-2.11.1.jar at spark://c0373bd0174c:33433/files/org.apache.commons_commons-pool2-2.11.1.jar with timestamp 1716075228273
[2024-05-18T23:33:49.110+0000] {spark_submit.py:571} INFO - 24/05/18 23:33:49 INFO Utils: Copying /home/***/.ivy2/jars/org.apache.commons_commons-pool2-2.11.1.jar to /tmp/spark-64b6285f-7d4c-4e02-9d46-a9a8b477e965/userFiles-fd75630a-db0e-4e10-959b-5a17c7ae3daa/org.apache.commons_commons-pool2-2.11.1.jar
[2024-05-18T23:33:49.114+0000] {spark_submit.py:571} INFO - 24/05/18 23:33:49 INFO SparkContext: Added file file:///home/***/.ivy2/jars/org.apache.hadoop_hadoop-client-runtime-3.3.4.jar at spark://c0373bd0174c:33433/files/org.apache.hadoop_hadoop-client-runtime-3.3.4.jar with timestamp 1716075228273
[2024-05-18T23:33:49.118+0000] {spark_submit.py:571} INFO - 24/05/18 23:33:49 INFO Utils: Copying /home/***/.ivy2/jars/org.apache.hadoop_hadoop-client-runtime-3.3.4.jar to /tmp/spark-64b6285f-7d4c-4e02-9d46-a9a8b477e965/userFiles-fd75630a-db0e-4e10-959b-5a17c7ae3daa/org.apache.hadoop_hadoop-client-runtime-3.3.4.jar
[2024-05-18T23:33:49.306+0000] {spark_submit.py:571} INFO - 24/05/18 23:33:49 INFO SparkContext: Added file file:///home/***/.ivy2/jars/org.apache.hadoop_hadoop-client-api-3.3.4.jar at spark://c0373bd0174c:33433/files/org.apache.hadoop_hadoop-client-api-3.3.4.jar with timestamp 1716075228273
[2024-05-18T23:33:49.308+0000] {spark_submit.py:571} INFO - 24/05/18 23:33:49 INFO Utils: Copying /home/***/.ivy2/jars/org.apache.hadoop_hadoop-client-api-3.3.4.jar to /tmp/spark-64b6285f-7d4c-4e02-9d46-a9a8b477e965/userFiles-fd75630a-db0e-4e10-959b-5a17c7ae3daa/org.apache.hadoop_hadoop-client-api-3.3.4.jar
[2024-05-18T23:33:49.423+0000] {spark_submit.py:571} INFO - 24/05/18 23:33:49 INFO SparkContext: Added file file:///home/***/.ivy2/jars/org.xerial.snappy_snappy-java-1.1.10.3.jar at spark://c0373bd0174c:33433/files/org.xerial.snappy_snappy-java-1.1.10.3.jar with timestamp 1716075228273
[2024-05-18T23:33:49.423+0000] {spark_submit.py:571} INFO - 24/05/18 23:33:49 INFO Utils: Copying /home/***/.ivy2/jars/org.xerial.snappy_snappy-java-1.1.10.3.jar to /tmp/spark-64b6285f-7d4c-4e02-9d46-a9a8b477e965/userFiles-fd75630a-db0e-4e10-959b-5a17c7ae3daa/org.xerial.snappy_snappy-java-1.1.10.3.jar
[2024-05-18T23:33:49.435+0000] {spark_submit.py:571} INFO - 24/05/18 23:33:49 INFO SparkContext: Added file file:///home/***/.ivy2/jars/org.slf4j_slf4j-api-2.0.7.jar at spark://c0373bd0174c:33433/files/org.slf4j_slf4j-api-2.0.7.jar with timestamp 1716075228273
[2024-05-18T23:33:49.436+0000] {spark_submit.py:571} INFO - 24/05/18 23:33:49 INFO Utils: Copying /home/***/.ivy2/jars/org.slf4j_slf4j-api-2.0.7.jar to /tmp/spark-64b6285f-7d4c-4e02-9d46-a9a8b477e965/userFiles-fd75630a-db0e-4e10-959b-5a17c7ae3daa/org.slf4j_slf4j-api-2.0.7.jar
[2024-05-18T23:33:49.443+0000] {spark_submit.py:571} INFO - 24/05/18 23:33:49 INFO SparkContext: Added file file:///home/***/.ivy2/jars/com.datastax.spark_spark-cassandra-connector-driver_2.12-3.5.0.jar at spark://c0373bd0174c:33433/files/com.datastax.spark_spark-cassandra-connector-driver_2.12-3.5.0.jar with timestamp 1716075228273
[2024-05-18T23:33:49.444+0000] {spark_submit.py:571} INFO - 24/05/18 23:33:49 INFO Utils: Copying /home/***/.ivy2/jars/com.datastax.spark_spark-cassandra-connector-driver_2.12-3.5.0.jar to /tmp/spark-64b6285f-7d4c-4e02-9d46-a9a8b477e965/userFiles-fd75630a-db0e-4e10-959b-5a17c7ae3daa/com.datastax.spark_spark-cassandra-connector-driver_2.12-3.5.0.jar
[2024-05-18T23:33:49.452+0000] {spark_submit.py:571} INFO - 24/05/18 23:33:49 INFO SparkContext: Added file file:///home/***/.ivy2/jars/org.scala-lang.modules_scala-collection-compat_2.12-2.11.0.jar at spark://c0373bd0174c:33433/files/org.scala-lang.modules_scala-collection-compat_2.12-2.11.0.jar with timestamp 1716075228273
[2024-05-18T23:33:49.452+0000] {spark_submit.py:571} INFO - 24/05/18 23:33:49 INFO Utils: Copying /home/***/.ivy2/jars/org.scala-lang.modules_scala-collection-compat_2.12-2.11.0.jar to /tmp/spark-64b6285f-7d4c-4e02-9d46-a9a8b477e965/userFiles-fd75630a-db0e-4e10-959b-5a17c7ae3daa/org.scala-lang.modules_scala-collection-compat_2.12-2.11.0.jar
[2024-05-18T23:33:49.461+0000] {spark_submit.py:571} INFO - 24/05/18 23:33:49 INFO SparkContext: Added file file:///home/***/.ivy2/jars/com.datastax.oss_java-driver-core-shaded-4.13.0.jar at spark://c0373bd0174c:33433/files/com.datastax.oss_java-driver-core-shaded-4.13.0.jar with timestamp 1716075228273
[2024-05-18T23:33:49.465+0000] {spark_submit.py:571} INFO - 24/05/18 23:33:49 INFO Utils: Copying /home/***/.ivy2/jars/com.datastax.oss_java-driver-core-shaded-4.13.0.jar to /tmp/spark-64b6285f-7d4c-4e02-9d46-a9a8b477e965/userFiles-fd75630a-db0e-4e10-959b-5a17c7ae3daa/com.datastax.oss_java-driver-core-shaded-4.13.0.jar
[2024-05-18T23:33:49.495+0000] {spark_submit.py:571} INFO - 24/05/18 23:33:49 INFO SparkContext: Added file file:///home/***/.ivy2/jars/com.datastax.oss_java-driver-mapper-runtime-4.13.0.jar at spark://c0373bd0174c:33433/files/com.datastax.oss_java-driver-mapper-runtime-4.13.0.jar with timestamp 1716075228273
[2024-05-18T23:33:49.496+0000] {spark_submit.py:571} INFO - 24/05/18 23:33:49 INFO Utils: Copying /home/***/.ivy2/jars/com.datastax.oss_java-driver-mapper-runtime-4.13.0.jar to /tmp/spark-64b6285f-7d4c-4e02-9d46-a9a8b477e965/userFiles-fd75630a-db0e-4e10-959b-5a17c7ae3daa/com.datastax.oss_java-driver-mapper-runtime-4.13.0.jar
[2024-05-18T23:33:49.501+0000] {spark_submit.py:571} INFO - 24/05/18 23:33:49 INFO SparkContext: Added file file:///home/***/.ivy2/jars/org.apache.commons_commons-lang3-3.10.jar at spark://c0373bd0174c:33433/files/org.apache.commons_commons-lang3-3.10.jar with timestamp 1716075228273
[2024-05-18T23:33:49.502+0000] {spark_submit.py:571} INFO - 24/05/18 23:33:49 INFO Utils: Copying /home/***/.ivy2/jars/org.apache.commons_commons-lang3-3.10.jar to /tmp/spark-64b6285f-7d4c-4e02-9d46-a9a8b477e965/userFiles-fd75630a-db0e-4e10-959b-5a17c7ae3daa/org.apache.commons_commons-lang3-3.10.jar
[2024-05-18T23:33:49.507+0000] {spark_submit.py:571} INFO - 24/05/18 23:33:49 INFO SparkContext: Added file file:///home/***/.ivy2/jars/com.thoughtworks.paranamer_paranamer-2.8.jar at spark://c0373bd0174c:33433/files/com.thoughtworks.paranamer_paranamer-2.8.jar with timestamp 1716075228273
[2024-05-18T23:33:49.508+0000] {spark_submit.py:571} INFO - 24/05/18 23:33:49 INFO Utils: Copying /home/***/.ivy2/jars/com.thoughtworks.paranamer_paranamer-2.8.jar to /tmp/spark-64b6285f-7d4c-4e02-9d46-a9a8b477e965/userFiles-fd75630a-db0e-4e10-959b-5a17c7ae3daa/com.thoughtworks.paranamer_paranamer-2.8.jar
[2024-05-18T23:33:49.513+0000] {spark_submit.py:571} INFO - 24/05/18 23:33:49 INFO SparkContext: Added file file:///home/***/.ivy2/jars/org.scala-lang_scala-reflect-2.12.11.jar at spark://c0373bd0174c:33433/files/org.scala-lang_scala-reflect-2.12.11.jar with timestamp 1716075228273
[2024-05-18T23:33:49.513+0000] {spark_submit.py:571} INFO - 24/05/18 23:33:49 INFO Utils: Copying /home/***/.ivy2/jars/org.scala-lang_scala-reflect-2.12.11.jar to /tmp/spark-64b6285f-7d4c-4e02-9d46-a9a8b477e965/userFiles-fd75630a-db0e-4e10-959b-5a17c7ae3daa/org.scala-lang_scala-reflect-2.12.11.jar
[2024-05-18T23:33:49.527+0000] {spark_submit.py:571} INFO - 24/05/18 23:33:49 INFO SparkContext: Added file file:///home/***/.ivy2/jars/com.datastax.oss_native-protocol-1.5.0.jar at spark://c0373bd0174c:33433/files/com.datastax.oss_native-protocol-1.5.0.jar with timestamp 1716075228273
[2024-05-18T23:33:49.528+0000] {spark_submit.py:571} INFO - 24/05/18 23:33:49 INFO Utils: Copying /home/***/.ivy2/jars/com.datastax.oss_native-protocol-1.5.0.jar to /tmp/spark-64b6285f-7d4c-4e02-9d46-a9a8b477e965/userFiles-fd75630a-db0e-4e10-959b-5a17c7ae3daa/com.datastax.oss_native-protocol-1.5.0.jar
[2024-05-18T23:33:49.533+0000] {spark_submit.py:571} INFO - 24/05/18 23:33:49 INFO SparkContext: Added file file:///home/***/.ivy2/jars/com.datastax.oss_java-driver-shaded-guava-25.1-jre-graal-sub-1.jar at spark://c0373bd0174c:33433/files/com.datastax.oss_java-driver-shaded-guava-25.1-jre-graal-sub-1.jar with timestamp 1716075228273
[2024-05-18T23:33:49.534+0000] {spark_submit.py:571} INFO - 24/05/18 23:33:49 INFO Utils: Copying /home/***/.ivy2/jars/com.datastax.oss_java-driver-shaded-guava-25.1-jre-graal-sub-1.jar to /tmp/spark-64b6285f-7d4c-4e02-9d46-a9a8b477e965/userFiles-fd75630a-db0e-4e10-959b-5a17c7ae3daa/com.datastax.oss_java-driver-shaded-guava-25.1-jre-graal-sub-1.jar
[2024-05-18T23:33:49.551+0000] {spark_submit.py:571} INFO - 24/05/18 23:33:49 INFO SparkContext: Added file file:///home/***/.ivy2/jars/com.typesafe_config-1.4.1.jar at spark://c0373bd0174c:33433/files/com.typesafe_config-1.4.1.jar with timestamp 1716075228273
[2024-05-18T23:33:49.552+0000] {spark_submit.py:571} INFO - 24/05/18 23:33:49 INFO Utils: Copying /home/***/.ivy2/jars/com.typesafe_config-1.4.1.jar to /tmp/spark-64b6285f-7d4c-4e02-9d46-a9a8b477e965/userFiles-fd75630a-db0e-4e10-959b-5a17c7ae3daa/com.typesafe_config-1.4.1.jar
[2024-05-18T23:33:49.563+0000] {spark_submit.py:571} INFO - 24/05/18 23:33:49 INFO SparkContext: Added file file:///home/***/.ivy2/jars/io.dropwizard.metrics_metrics-core-4.1.18.jar at spark://c0373bd0174c:33433/files/io.dropwizard.metrics_metrics-core-4.1.18.jar with timestamp 1716075228273
[2024-05-18T23:33:49.564+0000] {spark_submit.py:571} INFO - 24/05/18 23:33:49 INFO Utils: Copying /home/***/.ivy2/jars/io.dropwizard.metrics_metrics-core-4.1.18.jar to /tmp/spark-64b6285f-7d4c-4e02-9d46-a9a8b477e965/userFiles-fd75630a-db0e-4e10-959b-5a17c7ae3daa/io.dropwizard.metrics_metrics-core-4.1.18.jar
[2024-05-18T23:33:49.568+0000] {spark_submit.py:571} INFO - 24/05/18 23:33:49 INFO SparkContext: Added file file:///home/***/.ivy2/jars/org.hdrhistogram_HdrHistogram-2.1.12.jar at spark://c0373bd0174c:33433/files/org.hdrhistogram_HdrHistogram-2.1.12.jar with timestamp 1716075228273
[2024-05-18T23:33:49.569+0000] {spark_submit.py:571} INFO - 24/05/18 23:33:49 INFO Utils: Copying /home/***/.ivy2/jars/org.hdrhistogram_HdrHistogram-2.1.12.jar to /tmp/spark-64b6285f-7d4c-4e02-9d46-a9a8b477e965/userFiles-fd75630a-db0e-4e10-959b-5a17c7ae3daa/org.hdrhistogram_HdrHistogram-2.1.12.jar
[2024-05-18T23:33:49.572+0000] {spark_submit.py:571} INFO - 24/05/18 23:33:49 INFO SparkContext: Added file file:///home/***/.ivy2/jars/org.reactivestreams_reactive-streams-1.0.3.jar at spark://c0373bd0174c:33433/files/org.reactivestreams_reactive-streams-1.0.3.jar with timestamp 1716075228273
[2024-05-18T23:33:49.572+0000] {spark_submit.py:571} INFO - 24/05/18 23:33:49 INFO Utils: Copying /home/***/.ivy2/jars/org.reactivestreams_reactive-streams-1.0.3.jar to /tmp/spark-64b6285f-7d4c-4e02-9d46-a9a8b477e965/userFiles-fd75630a-db0e-4e10-959b-5a17c7ae3daa/org.reactivestreams_reactive-streams-1.0.3.jar
[2024-05-18T23:33:49.576+0000] {spark_submit.py:571} INFO - 24/05/18 23:33:49 INFO SparkContext: Added file file:///home/***/.ivy2/jars/com.github.stephenc.jcip_jcip-annotations-1.0-1.jar at spark://c0373bd0174c:33433/files/com.github.stephenc.jcip_jcip-annotations-1.0-1.jar with timestamp 1716075228273
[2024-05-18T23:33:49.577+0000] {spark_submit.py:571} INFO - 24/05/18 23:33:49 INFO Utils: Copying /home/***/.ivy2/jars/com.github.stephenc.jcip_jcip-annotations-1.0-1.jar to /tmp/spark-64b6285f-7d4c-4e02-9d46-a9a8b477e965/userFiles-fd75630a-db0e-4e10-959b-5a17c7ae3daa/com.github.stephenc.jcip_jcip-annotations-1.0-1.jar
[2024-05-18T23:33:49.579+0000] {spark_submit.py:571} INFO - 24/05/18 23:33:49 INFO SparkContext: Added file file:///home/***/.ivy2/jars/com.github.spotbugs_spotbugs-annotations-3.1.12.jar at spark://c0373bd0174c:33433/files/com.github.spotbugs_spotbugs-annotations-3.1.12.jar with timestamp 1716075228273
[2024-05-18T23:33:49.580+0000] {spark_submit.py:571} INFO - 24/05/18 23:33:49 INFO Utils: Copying /home/***/.ivy2/jars/com.github.spotbugs_spotbugs-annotations-3.1.12.jar to /tmp/spark-64b6285f-7d4c-4e02-9d46-a9a8b477e965/userFiles-fd75630a-db0e-4e10-959b-5a17c7ae3daa/com.github.spotbugs_spotbugs-annotations-3.1.12.jar
[2024-05-18T23:33:49.583+0000] {spark_submit.py:571} INFO - 24/05/18 23:33:49 INFO SparkContext: Added file file:///home/***/.ivy2/jars/com.google.code.findbugs_jsr305-3.0.2.jar at spark://c0373bd0174c:33433/files/com.google.code.findbugs_jsr305-3.0.2.jar with timestamp 1716075228273
[2024-05-18T23:33:49.584+0000] {spark_submit.py:571} INFO - 24/05/18 23:33:49 INFO Utils: Copying /home/***/.ivy2/jars/com.google.code.findbugs_jsr305-3.0.2.jar to /tmp/spark-64b6285f-7d4c-4e02-9d46-a9a8b477e965/userFiles-fd75630a-db0e-4e10-959b-5a17c7ae3daa/com.google.code.findbugs_jsr305-3.0.2.jar
[2024-05-18T23:33:49.587+0000] {spark_submit.py:571} INFO - 24/05/18 23:33:49 INFO SparkContext: Added file file:///home/***/.ivy2/jars/com.datastax.oss_java-driver-query-builder-4.13.0.jar at spark://c0373bd0174c:33433/files/com.datastax.oss_java-driver-query-builder-4.13.0.jar with timestamp 1716075228273
[2024-05-18T23:33:49.587+0000] {spark_submit.py:571} INFO - 24/05/18 23:33:49 INFO Utils: Copying /home/***/.ivy2/jars/com.datastax.oss_java-driver-query-builder-4.13.0.jar to /tmp/spark-64b6285f-7d4c-4e02-9d46-a9a8b477e965/userFiles-fd75630a-db0e-4e10-959b-5a17c7ae3daa/com.datastax.oss_java-driver-query-builder-4.13.0.jar
[2024-05-18T23:33:49.591+0000] {spark_submit.py:571} INFO - 24/05/18 23:33:49 INFO SparkContext: Added file file:///home/***/.ivy2/jars/com.github.luben_zstd-jni-1.5.5-1.jar at spark://c0373bd0174c:33433/files/com.github.luben_zstd-jni-1.5.5-1.jar with timestamp 1716075228273
[2024-05-18T23:33:49.592+0000] {spark_submit.py:571} INFO - 24/05/18 23:33:49 INFO Utils: Copying /home/***/.ivy2/jars/com.github.luben_zstd-jni-1.5.5-1.jar to /tmp/spark-64b6285f-7d4c-4e02-9d46-a9a8b477e965/userFiles-fd75630a-db0e-4e10-959b-5a17c7ae3daa/com.github.luben_zstd-jni-1.5.5-1.jar
[2024-05-18T23:33:49.612+0000] {spark_submit.py:571} INFO - 24/05/18 23:33:49 INFO SparkContext: Added file file:///home/***/.ivy2/jars/org.lz4_lz4-java-1.8.0.jar at spark://c0373bd0174c:33433/files/org.lz4_lz4-java-1.8.0.jar with timestamp 1716075228273
[2024-05-18T23:33:49.612+0000] {spark_submit.py:571} INFO - 24/05/18 23:33:49 INFO Utils: Copying /home/***/.ivy2/jars/org.lz4_lz4-java-1.8.0.jar to /tmp/spark-64b6285f-7d4c-4e02-9d46-a9a8b477e965/userFiles-fd75630a-db0e-4e10-959b-5a17c7ae3daa/org.lz4_lz4-java-1.8.0.jar
[2024-05-18T23:33:49.727+0000] {spark_submit.py:571} INFO - 24/05/18 23:33:49 INFO StandaloneAppClient$ClientEndpoint: Connecting to master spark://spark-master:7077...
[2024-05-18T23:33:49.784+0000] {spark_submit.py:571} INFO - 24/05/18 23:33:49 INFO TransportClientFactory: Successfully created connection to spark-master/192.168.16.3:7077 after 25 ms (0 ms spent in bootstraps)
[2024-05-18T23:33:49.896+0000] {spark_submit.py:571} INFO - 24/05/18 23:33:49 INFO StandaloneSchedulerBackend: Connected to Spark cluster with app ID app-20240518233349-0002
[2024-05-18T23:33:49.897+0000] {spark_submit.py:571} INFO - 24/05/18 23:33:49 INFO StandaloneAppClient$ClientEndpoint: Executor added: app-20240518233349-0002/0 on worker-20240518231723-192.168.16.6-34535 (192.168.16.6:34535) with 1 core(s)
[2024-05-18T23:33:49.898+0000] {spark_submit.py:571} INFO - 24/05/18 23:33:49 INFO StandaloneSchedulerBackend: Granted executor ID app-20240518233349-0002/0 on hostPort 192.168.16.6:34535 with 1 core(s), 1024.0 MiB RAM
[2024-05-18T23:33:49.911+0000] {spark_submit.py:571} INFO - 24/05/18 23:33:49 INFO Utils: Successfully started service 'org.apache.spark.network.netty.NettyBlockTransferService' on port 37625.
[2024-05-18T23:33:49.915+0000] {spark_submit.py:571} INFO - 24/05/18 23:33:49 INFO NettyBlockTransferService: Server created on c0373bd0174c:37625
[2024-05-18T23:33:49.918+0000] {spark_submit.py:571} INFO - 24/05/18 23:33:49 INFO BlockManager: Using org.apache.spark.storage.RandomBlockReplicationPolicy for block replication policy
[2024-05-18T23:33:49.932+0000] {spark_submit.py:571} INFO - 24/05/18 23:33:49 INFO BlockManagerMaster: Registering BlockManager BlockManagerId(driver, c0373bd0174c, 37625, None)
[2024-05-18T23:33:49.938+0000] {spark_submit.py:571} INFO - 24/05/18 23:33:49 INFO BlockManagerMasterEndpoint: Registering block manager c0373bd0174c:37625 with 434.4 MiB RAM, BlockManagerId(driver, c0373bd0174c, 37625, None)
[2024-05-18T23:33:49.941+0000] {spark_submit.py:571} INFO - 24/05/18 23:33:49 INFO BlockManagerMaster: Registered BlockManager BlockManagerId(driver, c0373bd0174c, 37625, None)
[2024-05-18T23:33:49.945+0000] {spark_submit.py:571} INFO - 24/05/18 23:33:49 INFO BlockManager: Initialized BlockManager: BlockManagerId(driver, c0373bd0174c, 37625, None)
[2024-05-18T23:33:50.155+0000] {spark_submit.py:571} INFO - 24/05/18 23:33:50 INFO StandaloneAppClient$ClientEndpoint: Executor updated: app-20240518233349-0002/0 is now RUNNING
[2024-05-18T23:33:50.508+0000] {spark_submit.py:571} INFO - 24/05/18 23:33:50 INFO StandaloneSchedulerBackend: SchedulerBackend is ready for scheduling beginning after reached minRegisteredResourcesRatio: 0.0
[2024-05-18T23:33:50.785+0000] {spark_submit.py:571} INFO - 24/05/18 23:33:50 INFO SharedState: Setting hive.metastore.warehouse.dir ('null') to the value of spark.sql.warehouse.dir.
[2024-05-18T23:33:50.786+0000] {spark_submit.py:571} INFO - 24/05/18 23:33:50 INFO SharedState: Warehouse path is 'file:/opt/***/spark-warehouse'.
[2024-05-18T23:33:52.777+0000] {local_task_job_runner.py:310} WARNING - State of this instance has been externally set to failed. Terminating instance.
[2024-05-18T23:33:52.820+0000] {local_task_job_runner.py:222} INFO - ::endgroup::
[2024-05-18T23:33:52.828+0000] {process_utils.py:132} INFO - Sending 15 to group 1223. PIDs of all processes in the group: [1224, 1293, 1223]
[2024-05-18T23:33:52.831+0000] {process_utils.py:87} INFO - Sending the signal 15 to group 1223
[2024-05-18T23:33:52.841+0000] {taskinstance.py:2611} ERROR - Received SIGTERM. Terminating subprocesses.
[2024-05-18T23:33:52.875+0000] {spark_submit.py:697} INFO - Sending kill signal to spark-submit
[2024-05-18T23:33:52.886+0000] {taskinstance.py:441} INFO - ::group::Post task execution logs
[2024-05-18T23:33:53.021+0000] {process_utils.py:80} INFO - Process psutil.Process(pid=1223, status='terminated', exitcode=0, started='23:33:41') (1223) terminated with exit code 0
[2024-05-18T23:33:53.027+0000] {process_utils.py:80} INFO - Process psutil.Process(pid=1293, status='terminated', started='23:33:45') (1293) terminated with exit code None
[2024-05-18T23:33:53.030+0000] {process_utils.py:80} INFO - Process psutil.Process(pid=1224, status='terminated', started='23:33:42') (1224) terminated with exit code None
