[2024-05-20T15:22:20.023+0000] {local_task_job_runner.py:120} INFO - ::group::Pre task execution logs
[2024-05-20T15:22:20.065+0000] {taskinstance.py:2076} INFO - Dependencies all met for dep_context=non-requeueable deps ti=<TaskInstance: Redfin_Webscraping_ETL.Ingest_Data_from_Redfin manual__2024-05-20T15:22:17.473694+00:00 [queued]>
[2024-05-20T15:22:20.072+0000] {taskinstance.py:2076} INFO - Dependencies all met for dep_context=requeueable deps ti=<TaskInstance: Redfin_Webscraping_ETL.Ingest_Data_from_Redfin manual__2024-05-20T15:22:17.473694+00:00 [queued]>
[2024-05-20T15:22:20.072+0000] {taskinstance.py:2306} INFO - Starting attempt 1 of 6
[2024-05-20T15:22:20.093+0000] {taskinstance.py:2330} INFO - Executing <Task(PythonOperator): Ingest_Data_from_Redfin> on 2024-05-20 15:22:17.473694+00:00
[2024-05-20T15:22:20.116+0000] {standard_task_runner.py:63} INFO - Started process 237 to run task
[2024-05-20T15:22:20.120+0000] {standard_task_runner.py:90} INFO - Running: ['***', 'tasks', 'run', 'Redfin_Webscraping_ETL', 'Ingest_Data_from_Redfin', 'manual__2024-05-20T15:22:17.473694+00:00', '--job-id', '471', '--raw', '--subdir', 'DAGS_FOLDER/webscrapping.py', '--cfg-path', '/tmp/tmpch4b9pdj']
[2024-05-20T15:22:20.126+0000] {standard_task_runner.py:91} INFO - Job 471: Subtask Ingest_Data_from_Redfin
[2024-05-20T15:22:20.219+0000] {task_command.py:426} INFO - Running <TaskInstance: Redfin_Webscraping_ETL.Ingest_Data_from_Redfin manual__2024-05-20T15:22:17.473694+00:00 [running]> on host f39758f400c5
[2024-05-20T15:22:20.381+0000] {taskinstance.py:2648} INFO - Exporting env vars: AIRFLOW_CTX_DAG_OWNER='svc' AIRFLOW_CTX_DAG_ID='Redfin_Webscraping_ETL' AIRFLOW_CTX_TASK_ID='Ingest_Data_from_Redfin' AIRFLOW_CTX_EXECUTION_DATE='2024-05-20T15:22:17.473694+00:00' AIRFLOW_CTX_TRY_NUMBER='1' AIRFLOW_CTX_DAG_RUN_ID='manual__2024-05-20T15:22:17.473694+00:00'
[2024-05-20T15:22:20.383+0000] {taskinstance.py:430} INFO - ::endgroup::
[2024-05-20T15:22:20.445+0000] {conn.py:362} INFO - <BrokerConnection node_id=bootstrap-0 host=kafka:9092 <connecting> [IPv4 ('172.25.0.6', 9092)]>: connecting to kafka:9092 [('172.25.0.6', 9092) IPv4]
[2024-05-20T15:22:20.446+0000] {conn.py:957} INFO - Probing node bootstrap-0 broker version
[2024-05-20T15:22:20.447+0000] {conn.py:393} INFO - <BrokerConnection node_id=bootstrap-0 host=kafka:9092 <connecting> [IPv4 ('172.25.0.6', 9092)]>: Connection complete.
[2024-05-20T15:22:20.629+0000] {conn.py:1019} INFO - Broker version identified as 2.6.0
[2024-05-20T15:22:20.632+0000] {conn.py:1020} INFO - Set configuration api_version=(2, 6, 0) to skip auto check_version requests on startup
[2024-05-20T15:22:23.628+0000] {logging_mixin.py:188} INFO - Connecting to Scraping Browser
[2024-05-20T15:22:25.789+0000] {logging_mixin.py:188} INFO - Connected! Navigating to https://www.redfin.com
[2024-05-20T15:22:38.164+0000] {logging_mixin.py:188} INFO - Searching...
[2024-05-20T15:22:40.444+0000] {local_task_job_runner.py:310} WARNING - State of this instance has been externally set to failed. Terminating instance.
[2024-05-20T15:22:40.455+0000] {local_task_job_runner.py:222} INFO - ::endgroup::
[2024-05-20T15:22:40.463+0000] {process_utils.py:132} INFO - Sending 15 to group 237. PIDs of all processes in the group: [241, 237]
[2024-05-20T15:22:40.465+0000] {process_utils.py:87} INFO - Sending the signal 15 to group 237
[2024-05-20T15:22:40.466+0000] {taskinstance.py:2611} ERROR - Received SIGTERM. Terminating subprocesses.
[2024-05-20T15:22:40.475+0000] {process_utils.py:80} INFO - Process psutil.Process(pid=241, status='terminated', started='15:22:20') (241) terminated with exit code None
[2024-05-20T15:23:40.506+0000] {process_utils.py:150} WARNING - process psutil.Process(pid=237, name='airflow task ru', status='sleeping', started='15:22:20') did not respond to SIGTERM. Trying SIGKILL
[2024-05-20T15:23:40.519+0000] {process_utils.py:87} INFO - Sending the signal 9 to group 237
[2024-05-20T15:23:40.553+0000] {process_utils.py:80} INFO - Process psutil.Process(pid=237, name='airflow task ru', status='terminated', exitcode=<Negsignal.SIGKILL: -9>, started='15:22:20') (237) terminated with exit code -9
[2024-05-20T15:23:40.554+0000] {standard_task_runner.py:178} ERROR - Job 471 was killed before it finished (likely due to running out of memory)
