[2024-05-18T23:32:26.531+0000] {local_task_job_runner.py:120} INFO - ::group::Pre task execution logs
[2024-05-18T23:32:26.728+0000] {taskinstance.py:2076} INFO - Dependencies all met for dep_context=non-requeueable deps ti=<TaskInstance: Real_Estate_Webscraping_ETL.Ingest_Data_from_Redfin scheduled__2024-05-15T00:00:00+00:00 [queued]>
[2024-05-18T23:32:26.752+0000] {taskinstance.py:2076} INFO - Dependencies all met for dep_context=requeueable deps ti=<TaskInstance: Real_Estate_Webscraping_ETL.Ingest_Data_from_Redfin scheduled__2024-05-15T00:00:00+00:00 [queued]>
[2024-05-18T23:32:26.754+0000] {taskinstance.py:2306} INFO - Starting attempt 1 of 6
[2024-05-18T23:32:26.805+0000] {taskinstance.py:2330} INFO - Executing <Task(PythonOperator): Ingest_Data_from_Redfin> on 2024-05-15 00:00:00+00:00
[2024-05-18T23:32:26.863+0000] {standard_task_runner.py:63} INFO - Started process 773 to run task
[2024-05-18T23:32:26.975+0000] {standard_task_runner.py:90} INFO - Running: ['***', 'tasks', 'run', 'Real_Estate_Webscraping_ETL', 'Ingest_Data_from_Redfin', 'scheduled__2024-05-15T00:00:00+00:00', '--job-id', '332', '--raw', '--subdir', 'DAGS_FOLDER/webscrapping.py', '--cfg-path', '/tmp/tmp4zwh3x3w']
[2024-05-18T23:32:27.047+0000] {standard_task_runner.py:91} INFO - Job 332: Subtask Ingest_Data_from_Redfin
[2024-05-18T23:32:27.401+0000] {task_command.py:426} INFO - Running <TaskInstance: Real_Estate_Webscraping_ETL.Ingest_Data_from_Redfin scheduled__2024-05-15T00:00:00+00:00 [running]> on host c0373bd0174c
[2024-05-18T23:32:28.156+0000] {taskinstance.py:2648} INFO - Exporting env vars: AIRFLOW_CTX_DAG_OWNER='svc' AIRFLOW_CTX_DAG_ID='Real_Estate_Webscraping_ETL' AIRFLOW_CTX_TASK_ID='Ingest_Data_from_Redfin' AIRFLOW_CTX_EXECUTION_DATE='2024-05-15T00:00:00+00:00' AIRFLOW_CTX_TRY_NUMBER='1' AIRFLOW_CTX_DAG_RUN_ID='scheduled__2024-05-15T00:00:00+00:00'
[2024-05-18T23:32:28.173+0000] {taskinstance.py:430} INFO - ::endgroup::
[2024-05-18T23:32:28.396+0000] {conn.py:362} INFO - <BrokerConnection node_id=bootstrap-0 host=kafka:9092 <connecting> [IPv4 ('192.168.16.5', 9092)]>: connecting to kafka:9092 [('192.168.16.5', 9092) IPv4]
[2024-05-18T23:32:28.407+0000] {conn.py:957} INFO - Probing node bootstrap-0 broker version
[2024-05-18T23:32:28.419+0000] {conn.py:393} INFO - <BrokerConnection node_id=bootstrap-0 host=kafka:9092 <connecting> [IPv4 ('192.168.16.5', 9092)]>: Connection complete.
[2024-05-18T23:32:28.555+0000] {conn.py:1019} INFO - Broker version identified as 2.6.0
[2024-05-18T23:32:28.559+0000] {conn.py:1020} INFO - Set configuration api_version=(2, 6, 0) to skip auto check_version requests on startup
[2024-05-18T23:32:33.168+0000] {logging_mixin.py:188} INFO - Connecting to Scraping Browser
[2024-05-18T23:32:37.029+0000] {logging_mixin.py:188} INFO - Connected! Navigating to https://www.redfin.com
[2024-05-18T23:32:50.052+0000] {logging_mixin.py:188} INFO - Searching...
[2024-05-18T23:32:56.085+0000] {logging_mixin.py:188} INFO - --------
[2024-05-18T23:32:56.098+0000] {logging_mixin.py:188} INFO - 1
[2024-05-18T23:32:56.126+0000] {logging_mixin.py:188} INFO - Navigating to Listing page: https://www.redfin.com/NC/Charlotte/17113-Soho-Dr-28204/home/170607944
[2024-05-18T23:33:03.508+0000] {local_task_job_runner.py:310} WARNING - State of this instance has been externally set to failed. Terminating instance.
[2024-05-18T23:33:04.049+0000] {local_task_job_runner.py:222} INFO - ::endgroup::
[2024-05-18T23:33:04.086+0000] {process_utils.py:132} INFO - Sending 15 to group 773. PIDs of all processes in the group: [806, 773]
[2024-05-18T23:33:04.088+0000] {process_utils.py:87} INFO - Sending the signal 15 to group 773
[2024-05-18T23:33:04.120+0000] {taskinstance.py:2611} ERROR - Received SIGTERM. Terminating subprocesses.
[2024-05-18T23:33:04.616+0000] {process_utils.py:80} INFO - Process psutil.Process(pid=806, status='terminated', started='23:32:28') (806) terminated with exit code None
[2024-05-18T23:34:04.123+0000] {process_utils.py:150} WARNING - process psutil.Process(pid=773, name='airflow task ru', status='sleeping', started='23:32:26') did not respond to SIGTERM. Trying SIGKILL
[2024-05-18T23:34:04.159+0000] {process_utils.py:87} INFO - Sending the signal 9 to group 773
[2024-05-18T23:34:04.224+0000] {process_utils.py:80} INFO - Process psutil.Process(pid=773, name='airflow task ru', status='terminated', exitcode=<Negsignal.SIGKILL: -9>, started='23:32:26') (773) terminated with exit code -9
[2024-05-18T23:34:04.227+0000] {standard_task_runner.py:178} ERROR - Job 332 was killed before it finished (likely due to running out of memory)
