[2024-05-18T23:37:20.063+0000] {local_task_job_runner.py:120} INFO - ::group::Pre task execution logs
[2024-05-18T23:37:20.341+0000] {taskinstance.py:2076} INFO - Dependencies all met for dep_context=non-requeueable deps ti=<TaskInstance: Real_Estate_Webscraping_ETL.Process_and_Send_Data_to_DB manual__2024-05-18T23:36:56.605757+00:00 [queued]>
[2024-05-18T23:37:20.431+0000] {taskinstance.py:2076} INFO - Dependencies all met for dep_context=requeueable deps ti=<TaskInstance: Real_Estate_Webscraping_ETL.Process_and_Send_Data_to_DB manual__2024-05-18T23:36:56.605757+00:00 [queued]>
[2024-05-18T23:37:20.437+0000] {taskinstance.py:2306} INFO - Starting attempt 1 of 6
[2024-05-18T23:37:20.524+0000] {taskinstance.py:2330} INFO - Executing <Task(SparkSubmitOperator): Process_and_Send_Data_to_DB> on 2024-05-18 23:36:56.605757+00:00
[2024-05-18T23:37:20.635+0000] {standard_task_runner.py:63} INFO - Started process 1913 to run task
[2024-05-18T23:37:20.686+0000] {standard_task_runner.py:90} INFO - Running: ['***', 'tasks', 'run', 'Real_Estate_Webscraping_ETL', 'Process_and_Send_Data_to_DB', 'manual__2024-05-18T23:36:56.605757+00:00', '--job-id', '351', '--raw', '--subdir', 'DAGS_FOLDER/webscrapping.py', '--cfg-path', '/tmp/tmpz2yw7u32']
[2024-05-18T23:37:20.752+0000] {standard_task_runner.py:91} INFO - Job 351: Subtask Process_and_Send_Data_to_DB
[2024-05-18T23:37:22.150+0000] {task_command.py:426} INFO - Running <TaskInstance: Real_Estate_Webscraping_ETL.Process_and_Send_Data_to_DB manual__2024-05-18T23:36:56.605757+00:00 [running]> on host c0373bd0174c
[2024-05-18T23:37:22.775+0000] {taskinstance.py:2648} INFO - Exporting env vars: AIRFLOW_CTX_DAG_OWNER='svc' AIRFLOW_CTX_DAG_ID='Real_Estate_Webscraping_ETL' AIRFLOW_CTX_TASK_ID='Process_and_Send_Data_to_DB' AIRFLOW_CTX_EXECUTION_DATE='2024-05-18T23:36:56.605757+00:00' AIRFLOW_CTX_TRY_NUMBER='1' AIRFLOW_CTX_DAG_RUN_ID='manual__2024-05-18T23:36:56.605757+00:00'
[2024-05-18T23:37:22.825+0000] {taskinstance.py:430} INFO - ::endgroup::
[2024-05-18T23:37:23.137+0000] {base.py:84} INFO - Using connection ID 'spark_default' for task execution.
[2024-05-18T23:37:23.164+0000] {spark_submit.py:401} INFO - Spark-Submit cmd: spark-submit --master spark://spark-master:7077 --packages org.apache.spark:spark-sql-kafka-0-10_2.12:3.5.1,com.datastax.spark:spark-cassandra-connector_2.12:3.5.0,org.apache.kafka:kafka-clients:3.5.1,commons-logging:commons-logging:1.2 --name arrow-spark --deploy-mode client dags/includes/jobs/spark_consumer.py
[2024-05-18T23:37:23.591+0000] {spark_submit.py:571} INFO - /home/***/.local/lib/python3.11/site-packages/pyspark/bin/load-spark-env.sh: line 68: ps: command not found
[2024-05-18T23:37:43.513+0000] {spark_submit.py:571} INFO - :: loading settings :: url = jar:file:/home/***/.local/lib/python3.11/site-packages/pyspark/jars/ivy-2.5.1.jar!/org/apache/ivy/core/settings/ivysettings.xml
[2024-05-18T23:37:43.849+0000] {spark_submit.py:571} INFO - Ivy Default Cache set to: /home/***/.ivy2/cache
[2024-05-18T23:37:43.850+0000] {spark_submit.py:571} INFO - The jars for the packages stored in: /home/***/.ivy2/jars
[2024-05-18T23:37:43.864+0000] {spark_submit.py:571} INFO - org.apache.spark#spark-sql-kafka-0-10_2.12 added as a dependency
[2024-05-18T23:37:43.868+0000] {spark_submit.py:571} INFO - com.datastax.spark#spark-cassandra-connector_2.12 added as a dependency
[2024-05-18T23:37:43.868+0000] {spark_submit.py:571} INFO - org.apache.kafka#kafka-clients added as a dependency
[2024-05-18T23:37:43.870+0000] {spark_submit.py:571} INFO - commons-logging#commons-logging added as a dependency
[2024-05-18T23:37:43.871+0000] {spark_submit.py:571} INFO - :: resolving dependencies :: org.apache.spark#spark-submit-parent-bd4359ed-acb6-47be-b812-c051ffe5c336;1.0
[2024-05-18T23:37:43.873+0000] {spark_submit.py:571} INFO - confs: [default]
[2024-05-18T23:37:44.619+0000] {spark_submit.py:571} INFO - found org.apache.spark#spark-sql-kafka-0-10_2.12;3.5.1 in spark-list
[2024-05-18T23:37:44.891+0000] {spark_submit.py:571} INFO - found org.apache.spark#spark-token-provider-kafka-0-10_2.12;3.5.1 in central
[2024-05-18T23:37:45.072+0000] {spark_submit.py:571} INFO - found org.apache.hadoop#hadoop-client-runtime;3.3.4 in central
[2024-05-18T23:37:45.204+0000] {spark_submit.py:571} INFO - found org.apache.hadoop#hadoop-client-api;3.3.4 in central
[2024-05-18T23:37:45.379+0000] {spark_submit.py:571} INFO - found org.xerial.snappy#snappy-java;1.1.10.3 in central
[2024-05-18T23:37:45.475+0000] {spark_submit.py:571} INFO - found org.slf4j#slf4j-api;2.0.7 in central
[2024-05-18T23:37:45.543+0000] {spark_submit.py:571} INFO - found com.google.code.findbugs#jsr305;3.0.0 in central
[2024-05-18T23:37:45.566+0000] {spark_submit.py:571} INFO - found org.apache.commons#commons-pool2;2.11.1 in central
[2024-05-18T23:37:45.594+0000] {spark_submit.py:571} INFO - found com.datastax.spark#spark-cassandra-connector_2.12;3.5.0 in central
[2024-05-18T23:37:45.613+0000] {spark_submit.py:571} INFO - found com.datastax.spark#spark-cassandra-connector-driver_2.12;3.5.0 in central
[2024-05-18T23:37:45.676+0000] {spark_submit.py:571} INFO - found org.scala-lang.modules#scala-collection-compat_2.12;2.11.0 in central
[2024-05-18T23:37:45.702+0000] {spark_submit.py:571} INFO - found com.datastax.oss#java-driver-core-shaded;4.13.0 in central
[2024-05-18T23:37:45.760+0000] {spark_submit.py:571} INFO - found com.datastax.oss#native-protocol;1.5.0 in central
[2024-05-18T23:37:45.854+0000] {spark_submit.py:571} INFO - found com.datastax.oss#java-driver-shaded-guava;25.1-jre-graal-sub-1 in central
[2024-05-18T23:37:45.921+0000] {spark_submit.py:571} INFO - found com.typesafe#config;1.4.1 in central
[2024-05-18T23:37:46.000+0000] {spark_submit.py:571} INFO - found io.dropwizard.metrics#metrics-core;4.1.18 in central
[2024-05-18T23:37:46.048+0000] {spark_submit.py:571} INFO - found org.hdrhistogram#HdrHistogram;2.1.12 in central
[2024-05-18T23:37:46.690+0000] {spark_submit.py:571} INFO - found org.reactivestreams#reactive-streams;1.0.3 in central
[2024-05-18T23:37:46.759+0000] {spark_submit.py:571} INFO - found com.github.stephenc.jcip#jcip-annotations;1.0-1 in central
[2024-05-18T23:37:46.849+0000] {spark_submit.py:571} INFO - found com.github.spotbugs#spotbugs-annotations;3.1.12 in central
[2024-05-18T23:37:46.872+0000] {spark_submit.py:571} INFO - found com.google.code.findbugs#jsr305;3.0.2 in central
[2024-05-18T23:37:46.897+0000] {spark_submit.py:571} INFO - found com.datastax.oss#java-driver-mapper-runtime;4.13.0 in central
[2024-05-18T23:37:46.936+0000] {spark_submit.py:571} INFO - found com.datastax.oss#java-driver-query-builder;4.13.0 in central
[2024-05-18T23:37:46.973+0000] {spark_submit.py:571} INFO - found org.apache.commons#commons-lang3;3.10 in central
[2024-05-18T23:37:47.005+0000] {spark_submit.py:571} INFO - found com.thoughtworks.paranamer#paranamer;2.8 in central
[2024-05-18T23:37:47.078+0000] {spark_submit.py:571} INFO - found org.scala-lang#scala-reflect;2.12.11 in central
[2024-05-18T23:37:47.298+0000] {spark_submit.py:571} INFO - found org.apache.kafka#kafka-clients;3.5.1 in central
[2024-05-18T23:37:47.351+0000] {spark_submit.py:571} INFO - found com.github.luben#zstd-jni;1.5.5-1 in central
[2024-05-18T23:37:47.375+0000] {spark_submit.py:571} INFO - found org.lz4#lz4-java;1.8.0 in central
[2024-05-18T23:37:47.428+0000] {spark_submit.py:571} INFO - found commons-logging#commons-logging;1.2 in central
[2024-05-18T23:37:47.532+0000] {spark_submit.py:571} INFO - :: resolution report :: resolve 3592ms :: artifacts dl 70ms
[2024-05-18T23:37:47.539+0000] {spark_submit.py:571} INFO - :: modules in use:
[2024-05-18T23:37:47.540+0000] {spark_submit.py:571} INFO - com.datastax.oss#java-driver-core-shaded;4.13.0 from central in [default]
[2024-05-18T23:37:47.546+0000] {spark_submit.py:571} INFO - com.datastax.oss#java-driver-mapper-runtime;4.13.0 from central in [default]
[2024-05-18T23:37:47.552+0000] {spark_submit.py:571} INFO - com.datastax.oss#java-driver-query-builder;4.13.0 from central in [default]
[2024-05-18T23:37:47.554+0000] {spark_submit.py:571} INFO - com.datastax.oss#java-driver-shaded-guava;25.1-jre-graal-sub-1 from central in [default]
[2024-05-18T23:37:47.565+0000] {spark_submit.py:571} INFO - com.datastax.oss#native-protocol;1.5.0 from central in [default]
[2024-05-18T23:37:47.567+0000] {spark_submit.py:571} INFO - com.datastax.spark#spark-cassandra-connector-driver_2.12;3.5.0 from central in [default]
[2024-05-18T23:37:47.567+0000] {spark_submit.py:571} INFO - com.datastax.spark#spark-cassandra-connector_2.12;3.5.0 from central in [default]
[2024-05-18T23:37:47.568+0000] {spark_submit.py:571} INFO - com.github.luben#zstd-jni;1.5.5-1 from central in [default]
[2024-05-18T23:37:47.569+0000] {spark_submit.py:571} INFO - com.github.spotbugs#spotbugs-annotations;3.1.12 from central in [default]
[2024-05-18T23:37:47.571+0000] {spark_submit.py:571} INFO - com.github.stephenc.jcip#jcip-annotations;1.0-1 from central in [default]
[2024-05-18T23:37:47.574+0000] {spark_submit.py:571} INFO - com.google.code.findbugs#jsr305;3.0.2 from central in [default]
[2024-05-18T23:37:47.578+0000] {spark_submit.py:571} INFO - com.thoughtworks.paranamer#paranamer;2.8 from central in [default]
[2024-05-18T23:37:47.581+0000] {spark_submit.py:571} INFO - com.typesafe#config;1.4.1 from central in [default]
[2024-05-18T23:37:47.582+0000] {spark_submit.py:571} INFO - commons-logging#commons-logging;1.2 from central in [default]
[2024-05-18T23:37:47.584+0000] {spark_submit.py:571} INFO - io.dropwizard.metrics#metrics-core;4.1.18 from central in [default]
[2024-05-18T23:37:47.585+0000] {spark_submit.py:571} INFO - org.apache.commons#commons-lang3;3.10 from central in [default]
[2024-05-18T23:37:47.588+0000] {spark_submit.py:571} INFO - org.apache.commons#commons-pool2;2.11.1 from central in [default]
[2024-05-18T23:37:47.588+0000] {spark_submit.py:571} INFO - org.apache.hadoop#hadoop-client-api;3.3.4 from central in [default]
[2024-05-18T23:37:47.589+0000] {spark_submit.py:571} INFO - org.apache.hadoop#hadoop-client-runtime;3.3.4 from central in [default]
[2024-05-18T23:37:47.589+0000] {spark_submit.py:571} INFO - org.apache.kafka#kafka-clients;3.5.1 from central in [default]
[2024-05-18T23:37:47.590+0000] {spark_submit.py:571} INFO - org.apache.spark#spark-sql-kafka-0-10_2.12;3.5.1 from spark-list in [default]
[2024-05-18T23:37:47.591+0000] {spark_submit.py:571} INFO - org.apache.spark#spark-token-provider-kafka-0-10_2.12;3.5.1 from central in [default]
[2024-05-18T23:37:47.595+0000] {spark_submit.py:571} INFO - org.hdrhistogram#HdrHistogram;2.1.12 from central in [default]
[2024-05-18T23:37:47.596+0000] {spark_submit.py:571} INFO - org.lz4#lz4-java;1.8.0 from central in [default]
[2024-05-18T23:37:47.598+0000] {spark_submit.py:571} INFO - org.reactivestreams#reactive-streams;1.0.3 from central in [default]
[2024-05-18T23:37:47.599+0000] {spark_submit.py:571} INFO - org.scala-lang#scala-reflect;2.12.11 from central in [default]
[2024-05-18T23:37:47.604+0000] {spark_submit.py:571} INFO - org.scala-lang.modules#scala-collection-compat_2.12;2.11.0 from central in [default]
[2024-05-18T23:37:47.605+0000] {spark_submit.py:571} INFO - org.slf4j#slf4j-api;2.0.7 from central in [default]
[2024-05-18T23:37:47.607+0000] {spark_submit.py:571} INFO - org.xerial.snappy#snappy-java;1.1.10.3 from central in [default]
[2024-05-18T23:37:47.609+0000] {spark_submit.py:571} INFO - :: evicted modules:
[2024-05-18T23:37:47.610+0000] {spark_submit.py:571} INFO - org.apache.kafka#kafka-clients;3.4.1 by [org.apache.kafka#kafka-clients;3.5.1] in [default]
[2024-05-18T23:37:47.611+0000] {spark_submit.py:571} INFO - commons-logging#commons-logging;1.1.3 by [commons-logging#commons-logging;1.2] in [default]
[2024-05-18T23:37:47.614+0000] {spark_submit.py:571} INFO - com.google.code.findbugs#jsr305;3.0.0 by [com.google.code.findbugs#jsr305;3.0.2] in [default]
[2024-05-18T23:37:47.617+0000] {spark_submit.py:571} INFO - org.slf4j#slf4j-api;1.7.26 by [org.slf4j#slf4j-api;2.0.7] in [default]
[2024-05-18T23:37:47.636+0000] {spark_submit.py:571} INFO - org.xerial.snappy#snappy-java;1.1.10.1 by [org.xerial.snappy#snappy-java;1.1.10.3] in [default]
[2024-05-18T23:37:47.638+0000] {spark_submit.py:571} INFO - org.slf4j#slf4j-api;1.7.36 by [org.slf4j#slf4j-api;2.0.7] in [default]
[2024-05-18T23:37:47.645+0000] {spark_submit.py:571} INFO - ---------------------------------------------------------------------
[2024-05-18T23:37:47.649+0000] {spark_submit.py:571} INFO - |                  |            modules            ||   artifacts   |
[2024-05-18T23:37:47.651+0000] {spark_submit.py:571} INFO - |       conf       | number| search|dwnlded|evicted|| number|dwnlded|
[2024-05-18T23:37:47.652+0000] {spark_submit.py:571} INFO - ---------------------------------------------------------------------
[2024-05-18T23:37:47.656+0000] {spark_submit.py:571} INFO - |      default     |   35  |   0   |   0   |   6   ||   29  |   0   |
[2024-05-18T23:37:47.657+0000] {spark_submit.py:571} INFO - ---------------------------------------------------------------------
[2024-05-18T23:37:47.659+0000] {spark_submit.py:571} INFO - :: retrieving :: org.apache.spark#spark-submit-parent-bd4359ed-acb6-47be-b812-c051ffe5c336
[2024-05-18T23:37:47.665+0000] {spark_submit.py:571} INFO - confs: [default]
[2024-05-18T23:37:47.670+0000] {spark_submit.py:571} INFO - 0 artifacts copied, 29 already retrieved (0kB/30ms)
[2024-05-18T23:37:48.516+0000] {spark_submit.py:571} INFO - 24/05/18 23:37:48 WARN NativeCodeLoader: Unable to load native-hadoop library for your platform... using builtin-java classes where applicable
[2024-05-18T23:37:52.107+0000] {spark_submit.py:571} INFO - 24/05/18 23:37:52 INFO SparkContext: Running Spark version 3.5.1
[2024-05-18T23:37:52.128+0000] {spark_submit.py:571} INFO - 24/05/18 23:37:52 INFO SparkContext: OS info Linux, 6.6.26-linuxkit, aarch64
[2024-05-18T23:37:52.130+0000] {spark_submit.py:571} INFO - 24/05/18 23:37:52 INFO SparkContext: Java version 11.0.23
[2024-05-18T23:37:52.173+0000] {spark_submit.py:571} INFO - 24/05/18 23:37:52 INFO ResourceUtils: ==============================================================
[2024-05-18T23:37:52.174+0000] {spark_submit.py:571} INFO - 24/05/18 23:37:52 INFO ResourceUtils: No custom resources configured for spark.driver.
[2024-05-18T23:37:52.176+0000] {spark_submit.py:571} INFO - 24/05/18 23:37:52 INFO ResourceUtils: ==============================================================
[2024-05-18T23:37:52.178+0000] {spark_submit.py:571} INFO - 24/05/18 23:37:52 INFO SparkContext: Submitted application: Redfin_Properties_Consumer
[2024-05-18T23:37:52.222+0000] {spark_submit.py:571} INFO - 24/05/18 23:37:52 INFO ResourceProfile: Default ResourceProfile created, executor resources: Map(memory -> name: memory, amount: 1024, script: , vendor: , offHeap -> name: offHeap, amount: 0, script: , vendor: ), task resources: Map(cpus -> name: cpus, amount: 1.0)
[2024-05-18T23:37:52.264+0000] {spark_submit.py:571} INFO - 24/05/18 23:37:52 INFO ResourceProfile: Limiting resource is cpu
[2024-05-18T23:37:52.266+0000] {spark_submit.py:571} INFO - 24/05/18 23:37:52 INFO ResourceProfileManager: Added ResourceProfile id: 0
[2024-05-18T23:37:52.354+0000] {local_task_job_runner.py:310} WARNING - State of this instance has been externally set to failed. Terminating instance.
[2024-05-18T23:37:52.381+0000] {local_task_job_runner.py:222} INFO - ::endgroup::
[2024-05-18T23:37:52.386+0000] {process_utils.py:132} INFO - Sending 15 to group 1913. PIDs of all processes in the group: [1938, 1967, 2233, 1913]
[2024-05-18T23:37:52.387+0000] {process_utils.py:87} INFO - Sending the signal 15 to group 1913
[2024-05-18T23:37:52.393+0000] {taskinstance.py:2611} ERROR - Received SIGTERM. Terminating subprocesses.
[2024-05-18T23:37:52.395+0000] {spark_submit.py:697} INFO - Sending kill signal to spark-submit
[2024-05-18T23:37:52.400+0000] {taskinstance.py:441} INFO - ::group::Post task execution logs
[2024-05-18T23:37:52.458+0000] {process_utils.py:80} INFO - Process psutil.Process(pid=2233, status='terminated', started='23:37:48') (2233) terminated with exit code None
[2024-05-18T23:37:52.625+0000] {process_utils.py:80} INFO - Process psutil.Process(pid=1913, status='terminated', exitcode=0, started='23:37:20') (1913) terminated with exit code 0
[2024-05-18T23:37:52.634+0000] {process_utils.py:80} INFO - Process psutil.Process(pid=1967, status='terminated', started='23:37:23') (1967) terminated with exit code None
[2024-05-18T23:37:52.636+0000] {process_utils.py:80} INFO - Process psutil.Process(pid=1938, status='terminated', started='23:37:22') (1938) terminated with exit code None
