[2024-05-18T23:42:13.948+0000] {local_task_job_runner.py:120} INFO - ::group::Pre task execution logs
[2024-05-18T23:42:14.993+0000] {taskinstance.py:2076} INFO - Dependencies all met for dep_context=non-requeueable deps ti=<TaskInstance: Real_Estate_Webscraping_ETL.Process_and_Send_Data_to_DB scheduled__2024-05-18T12:04:00+00:00 [queued]>
[2024-05-18T23:42:15.247+0000] {taskinstance.py:2076} INFO - Dependencies all met for dep_context=requeueable deps ti=<TaskInstance: Real_Estate_Webscraping_ETL.Process_and_Send_Data_to_DB scheduled__2024-05-18T12:04:00+00:00 [queued]>
[2024-05-18T23:42:15.253+0000] {taskinstance.py:2306} INFO - Starting attempt 1 of 6
[2024-05-18T23:42:16.084+0000] {taskinstance.py:2330} INFO - Executing <Task(SparkSubmitOperator): Process_and_Send_Data_to_DB> on 2024-05-18 12:04:00+00:00
[2024-05-18T23:42:17.588+0000] {standard_task_runner.py:63} INFO - Started process 2584 to run task
[2024-05-18T23:42:17.921+0000] {standard_task_runner.py:90} INFO - Running: ['***', 'tasks', 'run', 'Real_Estate_Webscraping_ETL', 'Process_and_Send_Data_to_DB', 'scheduled__2024-05-18T12:04:00+00:00', '--job-id', '360', '--raw', '--subdir', 'DAGS_FOLDER/webscrapping.py', '--cfg-path', '/tmp/tmpq4j4bmg_']
[2024-05-18T23:42:18.011+0000] {standard_task_runner.py:91} INFO - Job 360: Subtask Process_and_Send_Data_to_DB
[2024-05-18T23:42:21.506+0000] {task_command.py:426} INFO - Running <TaskInstance: Real_Estate_Webscraping_ETL.Process_and_Send_Data_to_DB scheduled__2024-05-18T12:04:00+00:00 [running]> on host c0373bd0174c
[2024-05-18T23:42:28.101+0000] {taskinstance.py:2648} INFO - Exporting env vars: AIRFLOW_CTX_DAG_OWNER='svc' AIRFLOW_CTX_DAG_ID='Real_Estate_Webscraping_ETL' AIRFLOW_CTX_TASK_ID='Process_and_Send_Data_to_DB' AIRFLOW_CTX_EXECUTION_DATE='2024-05-18T12:04:00+00:00' AIRFLOW_CTX_TRY_NUMBER='1' AIRFLOW_CTX_DAG_RUN_ID='scheduled__2024-05-18T12:04:00+00:00'
[2024-05-18T23:42:28.267+0000] {taskinstance.py:430} INFO - ::endgroup::
[2024-05-18T23:42:29.599+0000] {base.py:84} INFO - Using connection ID 'spark_default' for task execution.
[2024-05-18T23:42:29.662+0000] {spark_submit.py:401} INFO - Spark-Submit cmd: spark-submit --master spark://spark-master:7077 --packages org.apache.spark:spark-sql-kafka-0-10_2.12:3.5.1,com.datastax.spark:spark-cassandra-connector_2.12:3.5.0,org.apache.kafka:kafka-clients:3.5.1,commons-logging:commons-logging:1.2 --name arrow-spark --deploy-mode client dags/includes/jobs/spark_consumer.py
[2024-05-18T23:42:30.494+0000] {spark_submit.py:571} INFO - /home/***/.local/lib/python3.11/site-packages/pyspark/bin/load-spark-env.sh: line 68: ps: command not found
[2024-05-18T23:45:13.901+0000] {spark_submit.py:571} INFO - :: loading settings :: url = jar:file:/home/***/.local/lib/python3.11/site-packages/pyspark/jars/ivy-2.5.1.jar!/org/apache/ivy/core/settings/ivysettings.xml
[2024-05-18T23:45:16.828+0000] {spark_submit.py:571} INFO - Ivy Default Cache set to: /home/***/.ivy2/cache
[2024-05-18T23:45:16.880+0000] {spark_submit.py:571} INFO - The jars for the packages stored in: /home/***/.ivy2/jars
[2024-05-18T23:45:16.890+0000] {spark_submit.py:571} INFO - org.apache.spark#spark-sql-kafka-0-10_2.12 added as a dependency
[2024-05-18T23:45:16.895+0000] {spark_submit.py:571} INFO - com.datastax.spark#spark-cassandra-connector_2.12 added as a dependency
[2024-05-18T23:45:16.901+0000] {spark_submit.py:571} INFO - org.apache.kafka#kafka-clients added as a dependency
[2024-05-18T23:45:16.903+0000] {spark_submit.py:571} INFO - commons-logging#commons-logging added as a dependency
[2024-05-18T23:45:16.905+0000] {spark_submit.py:571} INFO - :: resolving dependencies :: org.apache.spark#spark-submit-parent-fed5cec0-bd12-4d36-a202-c3aeec5a0185;1.0
[2024-05-18T23:45:16.907+0000] {spark_submit.py:571} INFO - confs: [default]
[2024-05-18T23:45:20.925+0000] {spark_submit.py:571} INFO - found org.apache.spark#spark-sql-kafka-0-10_2.12;3.5.1 in spark-list
[2024-05-18T23:45:23.527+0000] {spark_submit.py:571} INFO - found org.apache.spark#spark-token-provider-kafka-0-10_2.12;3.5.1 in central
[2024-05-18T23:45:25.005+0000] {spark_submit.py:571} INFO - found org.apache.hadoop#hadoop-client-runtime;3.3.4 in central
[2024-05-18T23:45:26.438+0000] {spark_submit.py:571} INFO - found org.apache.hadoop#hadoop-client-api;3.3.4 in central
[2024-05-18T23:45:26.924+0000] {spark_submit.py:571} INFO - found org.xerial.snappy#snappy-java;1.1.10.3 in central
[2024-05-18T23:45:27.292+0000] {spark_submit.py:571} INFO - found org.slf4j#slf4j-api;2.0.7 in central
[2024-05-18T23:45:27.798+0000] {spark_submit.py:571} INFO - found com.google.code.findbugs#jsr305;3.0.0 in central
[2024-05-18T23:45:28.319+0000] {spark_submit.py:571} INFO - found org.apache.commons#commons-pool2;2.11.1 in central
[2024-05-18T23:45:29.092+0000] {spark_submit.py:571} INFO - found com.datastax.spark#spark-cassandra-connector_2.12;3.5.0 in central
[2024-05-18T23:45:29.354+0000] {spark_submit.py:571} INFO - found com.datastax.spark#spark-cassandra-connector-driver_2.12;3.5.0 in central
[2024-05-18T23:45:29.522+0000] {spark_submit.py:571} INFO - found org.scala-lang.modules#scala-collection-compat_2.12;2.11.0 in central
[2024-05-18T23:45:29.960+0000] {spark_submit.py:571} INFO - found com.datastax.oss#java-driver-core-shaded;4.13.0 in central
[2024-05-18T23:45:30.506+0000] {spark_submit.py:571} INFO - found com.datastax.oss#native-protocol;1.5.0 in central
[2024-05-18T23:45:31.999+0000] {spark_submit.py:571} INFO - found com.datastax.oss#java-driver-shaded-guava;25.1-jre-graal-sub-1 in central
[2024-05-18T23:45:39.499+0000] {spark_submit.py:571} INFO - found com.typesafe#config;1.4.1 in central
[2024-05-18T23:45:42.122+0000] {spark_submit.py:571} INFO - found io.dropwizard.metrics#metrics-core;4.1.18 in central
[2024-05-18T23:45:43.431+0000] {spark_submit.py:571} INFO - found org.hdrhistogram#HdrHistogram;2.1.12 in central
[2024-05-18T23:45:43.751+0000] {spark_submit.py:571} INFO - found org.reactivestreams#reactive-streams;1.0.3 in central
[2024-05-18T23:45:44.553+0000] {spark_submit.py:571} INFO - found com.github.stephenc.jcip#jcip-annotations;1.0-1 in central
[2024-05-18T23:45:45.095+0000] {spark_submit.py:571} INFO - found com.github.spotbugs#spotbugs-annotations;3.1.12 in central
[2024-05-18T23:45:45.341+0000] {spark_submit.py:571} INFO - found com.google.code.findbugs#jsr305;3.0.2 in central
[2024-05-18T23:45:46.294+0000] {spark_submit.py:571} INFO - found com.datastax.oss#java-driver-mapper-runtime;4.13.0 in central
[2024-05-18T23:45:52.442+0000] {spark_submit.py:571} INFO - found com.datastax.oss#java-driver-query-builder;4.13.0 in central
[2024-05-18T23:45:53.841+0000] {spark_submit.py:571} INFO - found org.apache.commons#commons-lang3;3.10 in central
[2024-05-18T23:45:53.941+0000] {spark_submit.py:571} INFO - found com.thoughtworks.paranamer#paranamer;2.8 in central
[2024-05-18T23:45:54.022+0000] {spark_submit.py:571} INFO - found org.scala-lang#scala-reflect;2.12.11 in central
[2024-05-18T23:45:54.204+0000] {spark_submit.py:571} INFO - found org.apache.kafka#kafka-clients;3.5.1 in central
[2024-05-18T23:45:54.290+0000] {spark_submit.py:571} INFO - found com.github.luben#zstd-jni;1.5.5-1 in central
[2024-05-18T23:45:54.321+0000] {spark_submit.py:571} INFO - found org.lz4#lz4-java;1.8.0 in central
[2024-05-18T23:45:54.372+0000] {spark_submit.py:571} INFO - found commons-logging#commons-logging;1.2 in central
[2024-05-18T23:45:58.321+0000] {spark_submit.py:571} INFO - :: resolution report :: resolve 38557ms :: artifacts dl 2676ms
[2024-05-18T23:45:58.704+0000] {spark_submit.py:571} INFO - :: modules in use:
[2024-05-18T23:45:58.731+0000] {spark_submit.py:571} INFO - com.datastax.oss#java-driver-core-shaded;4.13.0 from central in [default]
[2024-05-18T23:45:58.734+0000] {spark_submit.py:571} INFO - com.datastax.oss#java-driver-mapper-runtime;4.13.0 from central in [default]
[2024-05-18T23:45:58.747+0000] {spark_submit.py:571} INFO - com.datastax.oss#java-driver-query-builder;4.13.0 from central in [default]
[2024-05-18T23:45:58.752+0000] {spark_submit.py:571} INFO - com.datastax.oss#java-driver-shaded-guava;25.1-jre-graal-sub-1 from central in [default]
[2024-05-18T23:45:58.758+0000] {spark_submit.py:571} INFO - com.datastax.oss#native-protocol;1.5.0 from central in [default]
[2024-05-18T23:45:58.782+0000] {spark_submit.py:571} INFO - com.datastax.spark#spark-cassandra-connector-driver_2.12;3.5.0 from central in [default]
[2024-05-18T23:45:58.787+0000] {spark_submit.py:571} INFO - com.datastax.spark#spark-cassandra-connector_2.12;3.5.0 from central in [default]
[2024-05-18T23:45:58.812+0000] {spark_submit.py:571} INFO - com.github.luben#zstd-jni;1.5.5-1 from central in [default]
[2024-05-18T23:45:58.830+0000] {spark_submit.py:571} INFO - com.github.spotbugs#spotbugs-annotations;3.1.12 from central in [default]
[2024-05-18T23:45:58.847+0000] {spark_submit.py:571} INFO - com.github.stephenc.jcip#jcip-annotations;1.0-1 from central in [default]
[2024-05-18T23:45:58.847+0000] {spark_submit.py:571} INFO - com.google.code.findbugs#jsr305;3.0.2 from central in [default]
[2024-05-18T23:45:58.847+0000] {spark_submit.py:571} INFO - com.thoughtworks.paranamer#paranamer;2.8 from central in [default]
[2024-05-18T23:45:58.847+0000] {spark_submit.py:571} INFO - com.typesafe#config;1.4.1 from central in [default]
[2024-05-18T23:45:58.848+0000] {spark_submit.py:571} INFO - commons-logging#commons-logging;1.2 from central in [default]
[2024-05-18T23:45:58.848+0000] {spark_submit.py:571} INFO - io.dropwizard.metrics#metrics-core;4.1.18 from central in [default]
[2024-05-18T23:45:58.848+0000] {spark_submit.py:571} INFO - org.apache.commons#commons-lang3;3.10 from central in [default]
[2024-05-18T23:45:58.848+0000] {spark_submit.py:571} INFO - org.apache.commons#commons-pool2;2.11.1 from central in [default]
[2024-05-18T23:45:58.848+0000] {spark_submit.py:571} INFO - org.apache.hadoop#hadoop-client-api;3.3.4 from central in [default]
[2024-05-18T23:45:58.848+0000] {spark_submit.py:571} INFO - org.apache.hadoop#hadoop-client-runtime;3.3.4 from central in [default]
[2024-05-18T23:45:58.848+0000] {spark_submit.py:571} INFO - org.apache.kafka#kafka-clients;3.5.1 from central in [default]
[2024-05-18T23:45:58.848+0000] {spark_submit.py:571} INFO - org.apache.spark#spark-sql-kafka-0-10_2.12;3.5.1 from spark-list in [default]
[2024-05-18T23:45:58.849+0000] {spark_submit.py:571} INFO - org.apache.spark#spark-token-provider-kafka-0-10_2.12;3.5.1 from central in [default]
[2024-05-18T23:45:58.849+0000] {spark_submit.py:571} INFO - org.hdrhistogram#HdrHistogram;2.1.12 from central in [default]
[2024-05-18T23:45:58.849+0000] {spark_submit.py:571} INFO - org.lz4#lz4-java;1.8.0 from central in [default]
[2024-05-18T23:45:58.849+0000] {spark_submit.py:571} INFO - org.reactivestreams#reactive-streams;1.0.3 from central in [default]
[2024-05-18T23:45:58.849+0000] {spark_submit.py:571} INFO - org.scala-lang#scala-reflect;2.12.11 from central in [default]
[2024-05-18T23:45:58.849+0000] {spark_submit.py:571} INFO - org.scala-lang.modules#scala-collection-compat_2.12;2.11.0 from central in [default]
[2024-05-18T23:45:58.849+0000] {spark_submit.py:571} INFO - org.slf4j#slf4j-api;2.0.7 from central in [default]
[2024-05-18T23:45:58.849+0000] {spark_submit.py:571} INFO - org.xerial.snappy#snappy-java;1.1.10.3 from central in [default]
[2024-05-18T23:45:58.850+0000] {spark_submit.py:571} INFO - :: evicted modules:
[2024-05-18T23:45:58.850+0000] {spark_submit.py:571} INFO - org.apache.kafka#kafka-clients;3.4.1 by [org.apache.kafka#kafka-clients;3.5.1] in [default]
[2024-05-18T23:45:58.863+0000] {spark_submit.py:571} INFO - commons-logging#commons-logging;1.1.3 by [commons-logging#commons-logging;1.2] in [default]
[2024-05-18T23:45:58.869+0000] {spark_submit.py:571} INFO - com.google.code.findbugs#jsr305;3.0.0 by [com.google.code.findbugs#jsr305;3.0.2] in [default]
[2024-05-18T23:45:58.877+0000] {spark_submit.py:571} INFO - org.slf4j#slf4j-api;1.7.26 by [org.slf4j#slf4j-api;2.0.7] in [default]
[2024-05-18T23:45:59.350+0000] {spark_submit.py:571} INFO - org.xerial.snappy#snappy-java;1.1.10.1 by [org.xerial.snappy#snappy-java;1.1.10.3] in [default]
[2024-05-18T23:45:59.467+0000] {spark_submit.py:571} INFO - org.slf4j#slf4j-api;1.7.36 by [org.slf4j#slf4j-api;2.0.7] in [default]
[2024-05-18T23:45:59.472+0000] {spark_submit.py:571} INFO - ---------------------------------------------------------------------
[2024-05-18T23:45:59.475+0000] {spark_submit.py:571} INFO - |                  |            modules            ||   artifacts   |
[2024-05-18T23:45:59.478+0000] {spark_submit.py:571} INFO - |       conf       | number| search|dwnlded|evicted|| number|dwnlded|
[2024-05-18T23:45:59.515+0000] {spark_submit.py:571} INFO - ---------------------------------------------------------------------
[2024-05-18T23:45:59.547+0000] {spark_submit.py:571} INFO - |      default     |   35  |   0   |   0   |   6   ||   29  |   0   |
[2024-05-18T23:46:00.200+0000] {spark_submit.py:571} INFO - ---------------------------------------------------------------------
[2024-05-18T23:46:00.926+0000] {spark_submit.py:571} INFO - 
[2024-05-18T23:46:01.342+0000] {spark_submit.py:571} INFO - :: problems summary ::
[2024-05-18T23:46:01.862+0000] {spark_submit.py:571} INFO - :::: ERRORS
[2024-05-18T23:46:02.343+0000] {spark_submit.py:571} INFO - unknown resolver null
[2024-05-18T23:46:02.347+0000] {spark_submit.py:571} INFO - 
[2024-05-18T23:46:02.356+0000] {spark_submit.py:571} INFO - unknown resolver null
[2024-05-18T23:46:02.378+0000] {spark_submit.py:571} INFO - 
[2024-05-18T23:46:02.384+0000] {spark_submit.py:571} INFO - 
[2024-05-18T23:46:02.397+0000] {spark_submit.py:571} INFO - :: USE VERBOSE OR DEBUG MESSAGE LEVEL FOR MORE DETAILS
[2024-05-18T23:46:02.398+0000] {spark_submit.py:571} INFO - :: retrieving :: org.apache.spark#spark-submit-parent-fed5cec0-bd12-4d36-a202-c3aeec5a0185
[2024-05-18T23:46:02.399+0000] {spark_submit.py:571} INFO - confs: [default]
[2024-05-18T23:46:02.400+0000] {spark_submit.py:571} INFO - 0 artifacts copied, 29 already retrieved (0kB/736ms)
[2024-05-18T23:46:15.893+0000] {spark_submit.py:571} INFO - 24/05/18 23:46:15 WARN NativeCodeLoader: Unable to load native-hadoop library for your platform... using builtin-java classes where applicable
[2024-05-18T23:47:27.691+0000] {spark_submit.py:571} INFO - 24/05/18 23:47:27 INFO SparkContext: Running Spark version 3.5.1
[2024-05-18T23:47:28.213+0000] {spark_submit.py:571} INFO - 24/05/18 23:47:27 INFO SparkContext: OS info Linux, 6.6.26-linuxkit, aarch64
[2024-05-18T23:47:28.254+0000] {spark_submit.py:571} INFO - 24/05/18 23:47:27 INFO SparkContext: Java version 11.0.23
[2024-05-18T23:47:29.116+0000] {spark_submit.py:571} INFO - 24/05/18 23:47:29 INFO ResourceUtils: ==============================================================
[2024-05-18T23:47:29.212+0000] {spark_submit.py:571} INFO - 24/05/18 23:47:29 INFO ResourceUtils: No custom resources configured for spark.driver.
[2024-05-18T23:47:29.213+0000] {spark_submit.py:571} INFO - 24/05/18 23:47:29 INFO ResourceUtils: ==============================================================
[2024-05-18T23:47:29.215+0000] {spark_submit.py:571} INFO - 24/05/18 23:47:29 INFO SparkContext: Submitted application: Redfin_Properties_Consumer
[2024-05-18T23:47:30.740+0000] {spark_submit.py:571} INFO - 24/05/18 23:47:30 INFO ResourceProfile: Default ResourceProfile created, executor resources: Map(memory -> name: memory, amount: 1024, script: , vendor: , offHeap -> name: offHeap, amount: 0, script: , vendor: ), task resources: Map(cpus -> name: cpus, amount: 1.0)
[2024-05-18T23:47:30.866+0000] {spark_submit.py:571} INFO - 24/05/18 23:47:30 INFO ResourceProfile: Limiting resource is cpu
[2024-05-18T23:47:30.868+0000] {spark_submit.py:571} INFO - 24/05/18 23:47:30 INFO ResourceProfileManager: Added ResourceProfile id: 0
[2024-05-18T23:47:33.751+0000] {spark_submit.py:571} INFO - 24/05/18 23:47:33 INFO SecurityManager: Changing view acls to: ***
[2024-05-18T23:47:34.254+0000] {spark_submit.py:571} INFO - 24/05/18 23:47:33 INFO SecurityManager: Changing modify acls to: ***
[2024-05-18T23:47:34.262+0000] {spark_submit.py:571} INFO - 24/05/18 23:47:33 INFO SecurityManager: Changing view acls groups to:
[2024-05-18T23:47:34.264+0000] {spark_submit.py:571} INFO - 24/05/18 23:47:33 INFO SecurityManager: Changing modify acls groups to:
[2024-05-18T23:47:34.271+0000] {spark_submit.py:571} INFO - 24/05/18 23:47:33 INFO SecurityManager: SecurityManager: authentication disabled; ui acls disabled; users with view permissions: ***; groups with view permissions: EMPTY; users with modify permissions: ***; groups with modify permissions: EMPTY
[2024-05-18T23:47:40.397+0000] {spark_submit.py:571} INFO - 24/05/18 23:47:40 INFO Utils: Successfully started service 'sparkDriver' on port 37317.
[2024-05-18T23:47:40.980+0000] {spark_submit.py:571} INFO - 24/05/18 23:47:40 INFO SparkEnv: Registering MapOutputTracker
[2024-05-18T23:47:41.625+0000] {spark_submit.py:571} INFO - 24/05/18 23:47:41 INFO SparkEnv: Registering BlockManagerMaster
[2024-05-18T23:47:42.056+0000] {spark_submit.py:571} INFO - 24/05/18 23:47:42 INFO BlockManagerMasterEndpoint: Using org.apache.spark.storage.DefaultTopologyMapper for getting topology information
[2024-05-18T23:47:42.090+0000] {spark_submit.py:571} INFO - 24/05/18 23:47:42 INFO BlockManagerMasterEndpoint: BlockManagerMasterEndpoint up
[2024-05-18T23:47:42.278+0000] {spark_submit.py:571} INFO - 24/05/18 23:47:42 INFO SparkEnv: Registering BlockManagerMasterHeartbeat
[2024-05-18T23:47:42.598+0000] {spark_submit.py:571} INFO - 24/05/18 23:47:42 INFO DiskBlockManager: Created local directory at /tmp/blockmgr-c98949f9-4920-4e90-821d-e9904d6065a0
[2024-05-18T23:47:42.938+0000] {spark_submit.py:571} INFO - 24/05/18 23:47:42 INFO MemoryStore: MemoryStore started with capacity 434.4 MiB
[2024-05-18T23:47:43.752+0000] {spark_submit.py:571} INFO - 24/05/18 23:47:43 INFO SparkEnv: Registering OutputCommitCoordinator
[2024-05-18T23:47:45.678+0000] {spark_submit.py:571} INFO - 24/05/18 23:47:45 INFO JettyUtils: Start Jetty 0.0.0.0:4040 for SparkUI
[2024-05-18T23:47:46.767+0000] {spark_submit.py:571} INFO - 24/05/18 23:47:46 WARN Utils: Service 'SparkUI' could not bind on port 4040. Attempting port 4041.
[2024-05-18T23:47:46.803+0000] {spark_submit.py:571} INFO - 24/05/18 23:47:46 WARN Utils: Service 'SparkUI' could not bind on port 4041. Attempting port 4042.
[2024-05-18T23:47:46.805+0000] {spark_submit.py:571} INFO - 24/05/18 23:47:46 WARN Utils: Service 'SparkUI' could not bind on port 4042. Attempting port 4043.
[2024-05-18T23:47:46.807+0000] {spark_submit.py:571} INFO - 24/05/18 23:47:46 WARN Utils: Service 'SparkUI' could not bind on port 4043. Attempting port 4044.
[2024-05-18T23:47:46.810+0000] {spark_submit.py:571} INFO - 24/05/18 23:47:46 WARN Utils: Service 'SparkUI' could not bind on port 4044. Attempting port 4045.
[2024-05-18T23:47:46.819+0000] {spark_submit.py:571} INFO - 24/05/18 23:47:46 WARN Utils: Service 'SparkUI' could not bind on port 4045. Attempting port 4046.
[2024-05-18T23:47:46.915+0000] {spark_submit.py:571} INFO - 24/05/18 23:47:46 INFO Utils: Successfully started service 'SparkUI' on port 4046.
[2024-05-18T23:47:47.421+0000] {spark_submit.py:571} INFO - 24/05/18 23:47:47 INFO SparkContext: Added JAR file:///home/***/.ivy2/jars/org.apache.spark_spark-sql-kafka-0-10_2.12-3.5.1.jar at spark://c0373bd0174c:37317/jars/org.apache.spark_spark-sql-kafka-0-10_2.12-3.5.1.jar with timestamp 1716076046813
[2024-05-18T23:47:47.478+0000] {spark_submit.py:571} INFO - 24/05/18 23:47:47 INFO SparkContext: Added JAR file:///home/***/.ivy2/jars/com.datastax.spark_spark-cassandra-connector_2.12-3.5.0.jar at spark://c0373bd0174c:37317/jars/com.datastax.spark_spark-cassandra-connector_2.12-3.5.0.jar with timestamp 1716076046813
[2024-05-18T23:47:47.484+0000] {spark_submit.py:571} INFO - 24/05/18 23:47:47 INFO SparkContext: Added JAR file:///home/***/.ivy2/jars/org.apache.kafka_kafka-clients-3.5.1.jar at spark://c0373bd0174c:37317/jars/org.apache.kafka_kafka-clients-3.5.1.jar with timestamp 1716076046813
[2024-05-18T23:47:47.487+0000] {spark_submit.py:571} INFO - 24/05/18 23:47:47 INFO SparkContext: Added JAR file:///home/***/.ivy2/jars/commons-logging_commons-logging-1.2.jar at spark://c0373bd0174c:37317/jars/commons-logging_commons-logging-1.2.jar with timestamp 1716076046813
[2024-05-18T23:47:47.489+0000] {spark_submit.py:571} INFO - 24/05/18 23:47:47 INFO SparkContext: Added JAR file:///home/***/.ivy2/jars/org.apache.spark_spark-token-provider-kafka-0-10_2.12-3.5.1.jar at spark://c0373bd0174c:37317/jars/org.apache.spark_spark-token-provider-kafka-0-10_2.12-3.5.1.jar with timestamp 1716076046813
[2024-05-18T23:47:47.500+0000] {spark_submit.py:571} INFO - 24/05/18 23:47:47 INFO SparkContext: Added JAR file:///home/***/.ivy2/jars/org.apache.commons_commons-pool2-2.11.1.jar at spark://c0373bd0174c:37317/jars/org.apache.commons_commons-pool2-2.11.1.jar with timestamp 1716076046813
[2024-05-18T23:47:47.502+0000] {spark_submit.py:571} INFO - 24/05/18 23:47:47 INFO SparkContext: Added JAR file:///home/***/.ivy2/jars/org.apache.hadoop_hadoop-client-runtime-3.3.4.jar at spark://c0373bd0174c:37317/jars/org.apache.hadoop_hadoop-client-runtime-3.3.4.jar with timestamp 1716076046813
[2024-05-18T23:47:47.522+0000] {spark_submit.py:571} INFO - 24/05/18 23:47:47 INFO SparkContext: Added JAR file:///home/***/.ivy2/jars/org.apache.hadoop_hadoop-client-api-3.3.4.jar at spark://c0373bd0174c:37317/jars/org.apache.hadoop_hadoop-client-api-3.3.4.jar with timestamp 1716076046813
[2024-05-18T23:47:47.535+0000] {spark_submit.py:571} INFO - 24/05/18 23:47:47 INFO SparkContext: Added JAR file:///home/***/.ivy2/jars/org.xerial.snappy_snappy-java-1.1.10.3.jar at spark://c0373bd0174c:37317/jars/org.xerial.snappy_snappy-java-1.1.10.3.jar with timestamp 1716076046813
[2024-05-18T23:47:47.546+0000] {spark_submit.py:571} INFO - 24/05/18 23:47:47 INFO SparkContext: Added JAR file:///home/***/.ivy2/jars/org.slf4j_slf4j-api-2.0.7.jar at spark://c0373bd0174c:37317/jars/org.slf4j_slf4j-api-2.0.7.jar with timestamp 1716076046813
[2024-05-18T23:47:47.564+0000] {spark_submit.py:571} INFO - 24/05/18 23:47:47 INFO SparkContext: Added JAR file:///home/***/.ivy2/jars/com.datastax.spark_spark-cassandra-connector-driver_2.12-3.5.0.jar at spark://c0373bd0174c:37317/jars/com.datastax.spark_spark-cassandra-connector-driver_2.12-3.5.0.jar with timestamp 1716076046813
[2024-05-18T23:47:47.571+0000] {spark_submit.py:571} INFO - 24/05/18 23:47:47 INFO SparkContext: Added JAR file:///home/***/.ivy2/jars/org.scala-lang.modules_scala-collection-compat_2.12-2.11.0.jar at spark://c0373bd0174c:37317/jars/org.scala-lang.modules_scala-collection-compat_2.12-2.11.0.jar with timestamp 1716076046813
[2024-05-18T23:47:47.574+0000] {spark_submit.py:571} INFO - 24/05/18 23:47:47 INFO SparkContext: Added JAR file:///home/***/.ivy2/jars/com.datastax.oss_java-driver-core-shaded-4.13.0.jar at spark://c0373bd0174c:37317/jars/com.datastax.oss_java-driver-core-shaded-4.13.0.jar with timestamp 1716076046813
[2024-05-18T23:47:47.580+0000] {spark_submit.py:571} INFO - 24/05/18 23:47:47 INFO SparkContext: Added JAR file:///home/***/.ivy2/jars/com.datastax.oss_java-driver-mapper-runtime-4.13.0.jar at spark://c0373bd0174c:37317/jars/com.datastax.oss_java-driver-mapper-runtime-4.13.0.jar with timestamp 1716076046813
[2024-05-18T23:47:47.587+0000] {spark_submit.py:571} INFO - 24/05/18 23:47:47 INFO SparkContext: Added JAR file:///home/***/.ivy2/jars/org.apache.commons_commons-lang3-3.10.jar at spark://c0373bd0174c:37317/jars/org.apache.commons_commons-lang3-3.10.jar with timestamp 1716076046813
[2024-05-18T23:47:47.590+0000] {spark_submit.py:571} INFO - 24/05/18 23:47:47 INFO SparkContext: Added JAR file:///home/***/.ivy2/jars/com.thoughtworks.paranamer_paranamer-2.8.jar at spark://c0373bd0174c:37317/jars/com.thoughtworks.paranamer_paranamer-2.8.jar with timestamp 1716076046813
[2024-05-18T23:47:47.591+0000] {spark_submit.py:571} INFO - 24/05/18 23:47:47 INFO SparkContext: Added JAR file:///home/***/.ivy2/jars/org.scala-lang_scala-reflect-2.12.11.jar at spark://c0373bd0174c:37317/jars/org.scala-lang_scala-reflect-2.12.11.jar with timestamp 1716076046813
[2024-05-18T23:47:47.592+0000] {spark_submit.py:571} INFO - 24/05/18 23:47:47 INFO SparkContext: Added JAR file:///home/***/.ivy2/jars/com.datastax.oss_native-protocol-1.5.0.jar at spark://c0373bd0174c:37317/jars/com.datastax.oss_native-protocol-1.5.0.jar with timestamp 1716076046813
[2024-05-18T23:47:47.595+0000] {spark_submit.py:571} INFO - 24/05/18 23:47:47 INFO SparkContext: Added JAR file:///home/***/.ivy2/jars/com.datastax.oss_java-driver-shaded-guava-25.1-jre-graal-sub-1.jar at spark://c0373bd0174c:37317/jars/com.datastax.oss_java-driver-shaded-guava-25.1-jre-graal-sub-1.jar with timestamp 1716076046813
[2024-05-18T23:47:47.603+0000] {spark_submit.py:571} INFO - 24/05/18 23:47:47 INFO SparkContext: Added JAR file:///home/***/.ivy2/jars/com.typesafe_config-1.4.1.jar at spark://c0373bd0174c:37317/jars/com.typesafe_config-1.4.1.jar with timestamp 1716076046813
[2024-05-18T23:47:47.611+0000] {spark_submit.py:571} INFO - 24/05/18 23:47:47 INFO SparkContext: Added JAR file:///home/***/.ivy2/jars/io.dropwizard.metrics_metrics-core-4.1.18.jar at spark://c0373bd0174c:37317/jars/io.dropwizard.metrics_metrics-core-4.1.18.jar with timestamp 1716076046813
[2024-05-18T23:47:47.615+0000] {spark_submit.py:571} INFO - 24/05/18 23:47:47 INFO SparkContext: Added JAR file:///home/***/.ivy2/jars/org.hdrhistogram_HdrHistogram-2.1.12.jar at spark://c0373bd0174c:37317/jars/org.hdrhistogram_HdrHistogram-2.1.12.jar with timestamp 1716076046813
[2024-05-18T23:47:47.618+0000] {spark_submit.py:571} INFO - 24/05/18 23:47:47 INFO SparkContext: Added JAR file:///home/***/.ivy2/jars/org.reactivestreams_reactive-streams-1.0.3.jar at spark://c0373bd0174c:37317/jars/org.reactivestreams_reactive-streams-1.0.3.jar with timestamp 1716076046813
[2024-05-18T23:47:47.629+0000] {spark_submit.py:571} INFO - 24/05/18 23:47:47 INFO SparkContext: Added JAR file:///home/***/.ivy2/jars/com.github.stephenc.jcip_jcip-annotations-1.0-1.jar at spark://c0373bd0174c:37317/jars/com.github.stephenc.jcip_jcip-annotations-1.0-1.jar with timestamp 1716076046813
[2024-05-18T23:47:47.630+0000] {spark_submit.py:571} INFO - 24/05/18 23:47:47 INFO SparkContext: Added JAR file:///home/***/.ivy2/jars/com.github.spotbugs_spotbugs-annotations-3.1.12.jar at spark://c0373bd0174c:37317/jars/com.github.spotbugs_spotbugs-annotations-3.1.12.jar with timestamp 1716076046813
[2024-05-18T23:47:47.631+0000] {spark_submit.py:571} INFO - 24/05/18 23:47:47 INFO SparkContext: Added JAR file:///home/***/.ivy2/jars/com.google.code.findbugs_jsr305-3.0.2.jar at spark://c0373bd0174c:37317/jars/com.google.code.findbugs_jsr305-3.0.2.jar with timestamp 1716076046813
[2024-05-18T23:47:47.633+0000] {spark_submit.py:571} INFO - 24/05/18 23:47:47 INFO SparkContext: Added JAR file:///home/***/.ivy2/jars/com.datastax.oss_java-driver-query-builder-4.13.0.jar at spark://c0373bd0174c:37317/jars/com.datastax.oss_java-driver-query-builder-4.13.0.jar with timestamp 1716076046813
[2024-05-18T23:47:47.639+0000] {spark_submit.py:571} INFO - 24/05/18 23:47:47 INFO SparkContext: Added JAR file:///home/***/.ivy2/jars/com.github.luben_zstd-jni-1.5.5-1.jar at spark://c0373bd0174c:37317/jars/com.github.luben_zstd-jni-1.5.5-1.jar with timestamp 1716076046813
[2024-05-18T23:47:47.644+0000] {spark_submit.py:571} INFO - 24/05/18 23:47:47 INFO SparkContext: Added JAR file:///home/***/.ivy2/jars/org.lz4_lz4-java-1.8.0.jar at spark://c0373bd0174c:37317/jars/org.lz4_lz4-java-1.8.0.jar with timestamp 1716076046813
[2024-05-18T23:47:47.646+0000] {spark_submit.py:571} INFO - 24/05/18 23:47:47 INFO SparkContext: Added file file:///home/***/.ivy2/jars/org.apache.spark_spark-sql-kafka-0-10_2.12-3.5.1.jar at spark://c0373bd0174c:37317/files/org.apache.spark_spark-sql-kafka-0-10_2.12-3.5.1.jar with timestamp 1716076046813
[2024-05-18T23:47:47.646+0000] {spark_submit.py:571} INFO - 24/05/18 23:47:47 INFO Utils: Copying /home/***/.ivy2/jars/org.apache.spark_spark-sql-kafka-0-10_2.12-3.5.1.jar to /tmp/spark-8cc71440-7133-44f6-962d-3c95ac737680/userFiles-b343daaa-b9db-4ccb-af04-3244c302357f/org.apache.spark_spark-sql-kafka-0-10_2.12-3.5.1.jar
[2024-05-18T23:47:48.000+0000] {spark_submit.py:571} INFO - 24/05/18 23:47:47 INFO SparkContext: Added file file:///home/***/.ivy2/jars/com.datastax.spark_spark-cassandra-connector_2.12-3.5.0.jar at spark://c0373bd0174c:37317/files/com.datastax.spark_spark-cassandra-connector_2.12-3.5.0.jar with timestamp 1716076046813
[2024-05-18T23:47:48.021+0000] {spark_submit.py:571} INFO - 24/05/18 23:47:48 INFO Utils: Copying /home/***/.ivy2/jars/com.datastax.spark_spark-cassandra-connector_2.12-3.5.0.jar to /tmp/spark-8cc71440-7133-44f6-962d-3c95ac737680/userFiles-b343daaa-b9db-4ccb-af04-3244c302357f/com.datastax.spark_spark-cassandra-connector_2.12-3.5.0.jar
[2024-05-18T23:47:48.123+0000] {spark_submit.py:571} INFO - 24/05/18 23:47:48 INFO SparkContext: Added file file:///home/***/.ivy2/jars/org.apache.kafka_kafka-clients-3.5.1.jar at spark://c0373bd0174c:37317/files/org.apache.kafka_kafka-clients-3.5.1.jar with timestamp 1716076046813
[2024-05-18T23:47:48.129+0000] {spark_submit.py:571} INFO - 24/05/18 23:47:48 INFO Utils: Copying /home/***/.ivy2/jars/org.apache.kafka_kafka-clients-3.5.1.jar to /tmp/spark-8cc71440-7133-44f6-962d-3c95ac737680/userFiles-b343daaa-b9db-4ccb-af04-3244c302357f/org.apache.kafka_kafka-clients-3.5.1.jar
[2024-05-18T23:47:51.423+0000] {spark_submit.py:571} INFO - 24/05/18 23:47:51 INFO SparkContext: Added file file:///home/***/.ivy2/jars/commons-logging_commons-logging-1.2.jar at spark://c0373bd0174c:37317/files/commons-logging_commons-logging-1.2.jar with timestamp 1716076046813
[2024-05-18T23:47:51.442+0000] {spark_submit.py:571} INFO - 24/05/18 23:47:51 INFO Utils: Copying /home/***/.ivy2/jars/commons-logging_commons-logging-1.2.jar to /tmp/spark-8cc71440-7133-44f6-962d-3c95ac737680/userFiles-b343daaa-b9db-4ccb-af04-3244c302357f/commons-logging_commons-logging-1.2.jar
[2024-05-18T23:47:51.531+0000] {spark_submit.py:571} INFO - 24/05/18 23:47:51 INFO SparkContext: Added file file:///home/***/.ivy2/jars/org.apache.spark_spark-token-provider-kafka-0-10_2.12-3.5.1.jar at spark://c0373bd0174c:37317/files/org.apache.spark_spark-token-provider-kafka-0-10_2.12-3.5.1.jar with timestamp 1716076046813
[2024-05-18T23:47:51.533+0000] {spark_submit.py:571} INFO - 24/05/18 23:47:51 INFO Utils: Copying /home/***/.ivy2/jars/org.apache.spark_spark-token-provider-kafka-0-10_2.12-3.5.1.jar to /tmp/spark-8cc71440-7133-44f6-962d-3c95ac737680/userFiles-b343daaa-b9db-4ccb-af04-3244c302357f/org.apache.spark_spark-token-provider-kafka-0-10_2.12-3.5.1.jar
[2024-05-18T23:47:51.579+0000] {spark_submit.py:571} INFO - 24/05/18 23:47:51 INFO SparkContext: Added file file:///home/***/.ivy2/jars/org.apache.commons_commons-pool2-2.11.1.jar at spark://c0373bd0174c:37317/files/org.apache.commons_commons-pool2-2.11.1.jar with timestamp 1716076046813
[2024-05-18T23:47:51.611+0000] {spark_submit.py:571} INFO - 24/05/18 23:47:51 INFO Utils: Copying /home/***/.ivy2/jars/org.apache.commons_commons-pool2-2.11.1.jar to /tmp/spark-8cc71440-7133-44f6-962d-3c95ac737680/userFiles-b343daaa-b9db-4ccb-af04-3244c302357f/org.apache.commons_commons-pool2-2.11.1.jar
[2024-05-18T23:47:51.632+0000] {spark_submit.py:571} INFO - 24/05/18 23:47:51 INFO SparkContext: Added file file:///home/***/.ivy2/jars/org.apache.hadoop_hadoop-client-runtime-3.3.4.jar at spark://c0373bd0174c:37317/files/org.apache.hadoop_hadoop-client-runtime-3.3.4.jar with timestamp 1716076046813
[2024-05-18T23:47:51.647+0000] {spark_submit.py:571} INFO - 24/05/18 23:47:51 INFO Utils: Copying /home/***/.ivy2/jars/org.apache.hadoop_hadoop-client-runtime-3.3.4.jar to /tmp/spark-8cc71440-7133-44f6-962d-3c95ac737680/userFiles-b343daaa-b9db-4ccb-af04-3244c302357f/org.apache.hadoop_hadoop-client-runtime-3.3.4.jar
[2024-05-18T23:47:55.130+0000] {spark_submit.py:571} INFO - 24/05/18 23:47:55 INFO SparkContext: Added file file:///home/***/.ivy2/jars/org.apache.hadoop_hadoop-client-api-3.3.4.jar at spark://c0373bd0174c:37317/files/org.apache.hadoop_hadoop-client-api-3.3.4.jar with timestamp 1716076046813
[2024-05-18T23:47:55.543+0000] {spark_submit.py:571} INFO - 24/05/18 23:47:55 INFO Utils: Copying /home/***/.ivy2/jars/org.apache.hadoop_hadoop-client-api-3.3.4.jar to /tmp/spark-8cc71440-7133-44f6-962d-3c95ac737680/userFiles-b343daaa-b9db-4ccb-af04-3244c302357f/org.apache.hadoop_hadoop-client-api-3.3.4.jar
[2024-05-18T23:48:03.884+0000] {spark_submit.py:571} INFO - 24/05/18 23:48:03 INFO SparkContext: Added file file:///home/***/.ivy2/jars/org.xerial.snappy_snappy-java-1.1.10.3.jar at spark://c0373bd0174c:37317/files/org.xerial.snappy_snappy-java-1.1.10.3.jar with timestamp 1716076046813
[2024-05-18T23:48:03.927+0000] {spark_submit.py:571} INFO - 24/05/18 23:48:03 INFO Utils: Copying /home/***/.ivy2/jars/org.xerial.snappy_snappy-java-1.1.10.3.jar to /tmp/spark-8cc71440-7133-44f6-962d-3c95ac737680/userFiles-b343daaa-b9db-4ccb-af04-3244c302357f/org.xerial.snappy_snappy-java-1.1.10.3.jar
[2024-05-18T23:48:04.532+0000] {spark_submit.py:571} INFO - 24/05/18 23:48:04 INFO SparkContext: Added file file:///home/***/.ivy2/jars/org.slf4j_slf4j-api-2.0.7.jar at spark://c0373bd0174c:37317/files/org.slf4j_slf4j-api-2.0.7.jar with timestamp 1716076046813
[2024-05-18T23:48:04.537+0000] {spark_submit.py:571} INFO - 24/05/18 23:48:04 INFO Utils: Copying /home/***/.ivy2/jars/org.slf4j_slf4j-api-2.0.7.jar to /tmp/spark-8cc71440-7133-44f6-962d-3c95ac737680/userFiles-b343daaa-b9db-4ccb-af04-3244c302357f/org.slf4j_slf4j-api-2.0.7.jar
[2024-05-18T23:48:05.517+0000] {spark_submit.py:571} INFO - 24/05/18 23:48:05 INFO SparkContext: Added file file:///home/***/.ivy2/jars/com.datastax.spark_spark-cassandra-connector-driver_2.12-3.5.0.jar at spark://c0373bd0174c:37317/files/com.datastax.spark_spark-cassandra-connector-driver_2.12-3.5.0.jar with timestamp 1716076046813
[2024-05-18T23:48:05.531+0000] {spark_submit.py:571} INFO - 24/05/18 23:48:05 INFO Utils: Copying /home/***/.ivy2/jars/com.datastax.spark_spark-cassandra-connector-driver_2.12-3.5.0.jar to /tmp/spark-8cc71440-7133-44f6-962d-3c95ac737680/userFiles-b343daaa-b9db-4ccb-af04-3244c302357f/com.datastax.spark_spark-cassandra-connector-driver_2.12-3.5.0.jar
[2024-05-18T23:48:05.881+0000] {spark_submit.py:571} INFO - 24/05/18 23:48:05 INFO SparkContext: Added file file:///home/***/.ivy2/jars/org.scala-lang.modules_scala-collection-compat_2.12-2.11.0.jar at spark://c0373bd0174c:37317/files/org.scala-lang.modules_scala-collection-compat_2.12-2.11.0.jar with timestamp 1716076046813
[2024-05-18T23:48:05.887+0000] {spark_submit.py:571} INFO - 24/05/18 23:48:05 INFO Utils: Copying /home/***/.ivy2/jars/org.scala-lang.modules_scala-collection-compat_2.12-2.11.0.jar to /tmp/spark-8cc71440-7133-44f6-962d-3c95ac737680/userFiles-b343daaa-b9db-4ccb-af04-3244c302357f/org.scala-lang.modules_scala-collection-compat_2.12-2.11.0.jar
[2024-05-18T23:48:06.031+0000] {spark_submit.py:571} INFO - 24/05/18 23:48:06 INFO SparkContext: Added file file:///home/***/.ivy2/jars/com.datastax.oss_java-driver-core-shaded-4.13.0.jar at spark://c0373bd0174c:37317/files/com.datastax.oss_java-driver-core-shaded-4.13.0.jar with timestamp 1716076046813
[2024-05-18T23:48:06.097+0000] {spark_submit.py:571} INFO - 24/05/18 23:48:06 INFO Utils: Copying /home/***/.ivy2/jars/com.datastax.oss_java-driver-core-shaded-4.13.0.jar to /tmp/spark-8cc71440-7133-44f6-962d-3c95ac737680/userFiles-b343daaa-b9db-4ccb-af04-3244c302357f/com.datastax.oss_java-driver-core-shaded-4.13.0.jar
[2024-05-18T23:48:06.644+0000] {spark_submit.py:571} INFO - 24/05/18 23:48:06 INFO SparkContext: Added file file:///home/***/.ivy2/jars/com.datastax.oss_java-driver-mapper-runtime-4.13.0.jar at spark://c0373bd0174c:37317/files/com.datastax.oss_java-driver-mapper-runtime-4.13.0.jar with timestamp 1716076046813
[2024-05-18T23:48:06.678+0000] {spark_submit.py:571} INFO - 24/05/18 23:48:06 INFO Utils: Copying /home/***/.ivy2/jars/com.datastax.oss_java-driver-mapper-runtime-4.13.0.jar to /tmp/spark-8cc71440-7133-44f6-962d-3c95ac737680/userFiles-b343daaa-b9db-4ccb-af04-3244c302357f/com.datastax.oss_java-driver-mapper-runtime-4.13.0.jar
[2024-05-18T23:48:06.692+0000] {spark_submit.py:571} INFO - 24/05/18 23:48:06 INFO SparkContext: Added file file:///home/***/.ivy2/jars/org.apache.commons_commons-lang3-3.10.jar at spark://c0373bd0174c:37317/files/org.apache.commons_commons-lang3-3.10.jar with timestamp 1716076046813
[2024-05-18T23:48:06.711+0000] {spark_submit.py:571} INFO - 24/05/18 23:48:06 INFO Utils: Copying /home/***/.ivy2/jars/org.apache.commons_commons-lang3-3.10.jar to /tmp/spark-8cc71440-7133-44f6-962d-3c95ac737680/userFiles-b343daaa-b9db-4ccb-af04-3244c302357f/org.apache.commons_commons-lang3-3.10.jar
[2024-05-18T23:48:06.787+0000] {spark_submit.py:571} INFO - 24/05/18 23:48:06 INFO SparkContext: Added file file:///home/***/.ivy2/jars/com.thoughtworks.paranamer_paranamer-2.8.jar at spark://c0373bd0174c:37317/files/com.thoughtworks.paranamer_paranamer-2.8.jar with timestamp 1716076046813
[2024-05-18T23:48:06.835+0000] {spark_submit.py:571} INFO - 24/05/18 23:48:06 INFO Utils: Copying /home/***/.ivy2/jars/com.thoughtworks.paranamer_paranamer-2.8.jar to /tmp/spark-8cc71440-7133-44f6-962d-3c95ac737680/userFiles-b343daaa-b9db-4ccb-af04-3244c302357f/com.thoughtworks.paranamer_paranamer-2.8.jar
[2024-05-18T23:48:08.645+0000] {spark_submit.py:571} INFO - 24/05/18 23:48:08 INFO SparkContext: Added file file:///home/***/.ivy2/jars/org.scala-lang_scala-reflect-2.12.11.jar at spark://c0373bd0174c:37317/files/org.scala-lang_scala-reflect-2.12.11.jar with timestamp 1716076046813
[2024-05-18T23:48:08.731+0000] {spark_submit.py:571} INFO - 24/05/18 23:48:08 INFO Utils: Copying /home/***/.ivy2/jars/org.scala-lang_scala-reflect-2.12.11.jar to /tmp/spark-8cc71440-7133-44f6-962d-3c95ac737680/userFiles-b343daaa-b9db-4ccb-af04-3244c302357f/org.scala-lang_scala-reflect-2.12.11.jar
[2024-05-18T23:48:09.318+0000] {spark_submit.py:571} INFO - 24/05/18 23:48:09 INFO SparkContext: Added file file:///home/***/.ivy2/jars/com.datastax.oss_native-protocol-1.5.0.jar at spark://c0373bd0174c:37317/files/com.datastax.oss_native-protocol-1.5.0.jar with timestamp 1716076046813
[2024-05-18T23:48:09.324+0000] {spark_submit.py:571} INFO - 24/05/18 23:48:09 INFO Utils: Copying /home/***/.ivy2/jars/com.datastax.oss_native-protocol-1.5.0.jar to /tmp/spark-8cc71440-7133-44f6-962d-3c95ac737680/userFiles-b343daaa-b9db-4ccb-af04-3244c302357f/com.datastax.oss_native-protocol-1.5.0.jar
[2024-05-18T23:48:09.437+0000] {spark_submit.py:571} INFO - 24/05/18 23:48:09 INFO SparkContext: Added file file:///home/***/.ivy2/jars/com.datastax.oss_java-driver-shaded-guava-25.1-jre-graal-sub-1.jar at spark://c0373bd0174c:37317/files/com.datastax.oss_java-driver-shaded-guava-25.1-jre-graal-sub-1.jar with timestamp 1716076046813
[2024-05-18T23:48:09.443+0000] {spark_submit.py:571} INFO - 24/05/18 23:48:09 INFO Utils: Copying /home/***/.ivy2/jars/com.datastax.oss_java-driver-shaded-guava-25.1-jre-graal-sub-1.jar to /tmp/spark-8cc71440-7133-44f6-962d-3c95ac737680/userFiles-b343daaa-b9db-4ccb-af04-3244c302357f/com.datastax.oss_java-driver-shaded-guava-25.1-jre-graal-sub-1.jar
[2024-05-18T23:48:09.529+0000] {spark_submit.py:571} INFO - 24/05/18 23:48:09 INFO SparkContext: Added file file:///home/***/.ivy2/jars/com.typesafe_config-1.4.1.jar at spark://c0373bd0174c:37317/files/com.typesafe_config-1.4.1.jar with timestamp 1716076046813
[2024-05-18T23:48:09.541+0000] {spark_submit.py:571} INFO - 24/05/18 23:48:09 INFO Utils: Copying /home/***/.ivy2/jars/com.typesafe_config-1.4.1.jar to /tmp/spark-8cc71440-7133-44f6-962d-3c95ac737680/userFiles-b343daaa-b9db-4ccb-af04-3244c302357f/com.typesafe_config-1.4.1.jar
[2024-05-18T23:48:09.575+0000] {spark_submit.py:571} INFO - 24/05/18 23:48:09 INFO SparkContext: Added file file:///home/***/.ivy2/jars/io.dropwizard.metrics_metrics-core-4.1.18.jar at spark://c0373bd0174c:37317/files/io.dropwizard.metrics_metrics-core-4.1.18.jar with timestamp 1716076046813
[2024-05-18T23:48:09.581+0000] {spark_submit.py:571} INFO - 24/05/18 23:48:09 INFO Utils: Copying /home/***/.ivy2/jars/io.dropwizard.metrics_metrics-core-4.1.18.jar to /tmp/spark-8cc71440-7133-44f6-962d-3c95ac737680/userFiles-b343daaa-b9db-4ccb-af04-3244c302357f/io.dropwizard.metrics_metrics-core-4.1.18.jar
[2024-05-18T23:48:09.626+0000] {spark_submit.py:571} INFO - 24/05/18 23:48:09 INFO SparkContext: Added file file:///home/***/.ivy2/jars/org.hdrhistogram_HdrHistogram-2.1.12.jar at spark://c0373bd0174c:37317/files/org.hdrhistogram_HdrHistogram-2.1.12.jar with timestamp 1716076046813
[2024-05-18T23:48:09.658+0000] {spark_submit.py:571} INFO - 24/05/18 23:48:09 INFO Utils: Copying /home/***/.ivy2/jars/org.hdrhistogram_HdrHistogram-2.1.12.jar to /tmp/spark-8cc71440-7133-44f6-962d-3c95ac737680/userFiles-b343daaa-b9db-4ccb-af04-3244c302357f/org.hdrhistogram_HdrHistogram-2.1.12.jar
[2024-05-18T23:48:09.683+0000] {spark_submit.py:571} INFO - 24/05/18 23:48:09 INFO SparkContext: Added file file:///home/***/.ivy2/jars/org.reactivestreams_reactive-streams-1.0.3.jar at spark://c0373bd0174c:37317/files/org.reactivestreams_reactive-streams-1.0.3.jar with timestamp 1716076046813
[2024-05-18T23:48:09.688+0000] {spark_submit.py:571} INFO - 24/05/18 23:48:09 INFO Utils: Copying /home/***/.ivy2/jars/org.reactivestreams_reactive-streams-1.0.3.jar to /tmp/spark-8cc71440-7133-44f6-962d-3c95ac737680/userFiles-b343daaa-b9db-4ccb-af04-3244c302357f/org.reactivestreams_reactive-streams-1.0.3.jar
[2024-05-18T23:48:09.715+0000] {spark_submit.py:571} INFO - 24/05/18 23:48:09 INFO SparkContext: Added file file:///home/***/.ivy2/jars/com.github.stephenc.jcip_jcip-annotations-1.0-1.jar at spark://c0373bd0174c:37317/files/com.github.stephenc.jcip_jcip-annotations-1.0-1.jar with timestamp 1716076046813
[2024-05-18T23:48:09.725+0000] {spark_submit.py:571} INFO - 24/05/18 23:48:09 INFO Utils: Copying /home/***/.ivy2/jars/com.github.stephenc.jcip_jcip-annotations-1.0-1.jar to /tmp/spark-8cc71440-7133-44f6-962d-3c95ac737680/userFiles-b343daaa-b9db-4ccb-af04-3244c302357f/com.github.stephenc.jcip_jcip-annotations-1.0-1.jar
[2024-05-18T23:48:09.746+0000] {spark_submit.py:571} INFO - 24/05/18 23:48:09 INFO SparkContext: Added file file:///home/***/.ivy2/jars/com.github.spotbugs_spotbugs-annotations-3.1.12.jar at spark://c0373bd0174c:37317/files/com.github.spotbugs_spotbugs-annotations-3.1.12.jar with timestamp 1716076046813
[2024-05-18T23:48:09.752+0000] {spark_submit.py:571} INFO - 24/05/18 23:48:09 INFO Utils: Copying /home/***/.ivy2/jars/com.github.spotbugs_spotbugs-annotations-3.1.12.jar to /tmp/spark-8cc71440-7133-44f6-962d-3c95ac737680/userFiles-b343daaa-b9db-4ccb-af04-3244c302357f/com.github.spotbugs_spotbugs-annotations-3.1.12.jar
[2024-05-18T23:48:09.820+0000] {spark_submit.py:571} INFO - 24/05/18 23:48:09 INFO SparkContext: Added file file:///home/***/.ivy2/jars/com.google.code.findbugs_jsr305-3.0.2.jar at spark://c0373bd0174c:37317/files/com.google.code.findbugs_jsr305-3.0.2.jar with timestamp 1716076046813
[2024-05-18T23:48:09.835+0000] {spark_submit.py:571} INFO - 24/05/18 23:48:09 INFO Utils: Copying /home/***/.ivy2/jars/com.google.code.findbugs_jsr305-3.0.2.jar to /tmp/spark-8cc71440-7133-44f6-962d-3c95ac737680/userFiles-b343daaa-b9db-4ccb-af04-3244c302357f/com.google.code.findbugs_jsr305-3.0.2.jar
[2024-05-18T23:48:09.859+0000] {spark_submit.py:571} INFO - 24/05/18 23:48:09 INFO SparkContext: Added file file:///home/***/.ivy2/jars/com.datastax.oss_java-driver-query-builder-4.13.0.jar at spark://c0373bd0174c:37317/files/com.datastax.oss_java-driver-query-builder-4.13.0.jar with timestamp 1716076046813
[2024-05-18T23:48:09.871+0000] {spark_submit.py:571} INFO - 24/05/18 23:48:09 INFO Utils: Copying /home/***/.ivy2/jars/com.datastax.oss_java-driver-query-builder-4.13.0.jar to /tmp/spark-8cc71440-7133-44f6-962d-3c95ac737680/userFiles-b343daaa-b9db-4ccb-af04-3244c302357f/com.datastax.oss_java-driver-query-builder-4.13.0.jar
[2024-05-18T23:48:09.880+0000] {spark_submit.py:571} INFO - 24/05/18 23:48:09 INFO SparkContext: Added file file:///home/***/.ivy2/jars/com.github.luben_zstd-jni-1.5.5-1.jar at spark://c0373bd0174c:37317/files/com.github.luben_zstd-jni-1.5.5-1.jar with timestamp 1716076046813
[2024-05-18T23:48:09.884+0000] {spark_submit.py:571} INFO - 24/05/18 23:48:09 INFO Utils: Copying /home/***/.ivy2/jars/com.github.luben_zstd-jni-1.5.5-1.jar to /tmp/spark-8cc71440-7133-44f6-962d-3c95ac737680/userFiles-b343daaa-b9db-4ccb-af04-3244c302357f/com.github.luben_zstd-jni-1.5.5-1.jar
[2024-05-18T23:48:10.934+0000] {spark_submit.py:571} INFO - 24/05/18 23:48:10 INFO SparkContext: Added file file:///home/***/.ivy2/jars/org.lz4_lz4-java-1.8.0.jar at spark://c0373bd0174c:37317/files/org.lz4_lz4-java-1.8.0.jar with timestamp 1716076046813
[2024-05-18T23:48:11.079+0000] {spark_submit.py:571} INFO - 24/05/18 23:48:10 INFO Utils: Copying /home/***/.ivy2/jars/org.lz4_lz4-java-1.8.0.jar to /tmp/spark-8cc71440-7133-44f6-962d-3c95ac737680/userFiles-b343daaa-b9db-4ccb-af04-3244c302357f/org.lz4_lz4-java-1.8.0.jar
[2024-05-18T23:48:28.310+0000] {spark_submit.py:571} INFO - 24/05/18 23:48:28 INFO StandaloneAppClient$ClientEndpoint: Connecting to master spark://spark-master:7077...
[2024-05-18T23:48:37.950+0000] {spark_submit.py:571} INFO - 24/05/18 23:48:37 INFO TransportClientFactory: Successfully created connection to spark-master/192.168.16.3:7077 after 7440 ms (0 ms spent in bootstraps)
[2024-05-18T23:48:55.431+0000] {spark_submit.py:571} INFO - 24/05/18 23:48:55 INFO StandaloneAppClient$ClientEndpoint: Connecting to master spark://spark-master:7077...
[2024-05-18T23:48:58.971+0000] {spark_submit.py:571} INFO - 24/05/18 23:48:58 INFO StandaloneSchedulerBackend: Connected to Spark cluster with app ID app-20240518234855-0005
[2024-05-18T23:49:02.510+0000] {local_task_job_runner.py:124} ERROR - Received SIGTERM. Terminating subprocesses
[2024-05-18T23:49:08.576+0000] {spark_submit.py:571} INFO - 24/05/18 23:49:07 INFO StandaloneSchedulerBackend: Connected to Spark cluster with app ID app-20240518234858-0008
[2024-05-18T23:49:09.465+0000] {process_utils.py:132} INFO - Sending 15 to group 2584. PIDs of all processes in the group: [2687, 3200, 2584]
[2024-05-18T23:49:10.640+0000] {process_utils.py:87} INFO - Sending the signal 15 to group 2584
