[2024-05-19T00:07:06.691+0000] {local_task_job_runner.py:120} INFO - ::group::Pre task execution logs
[2024-05-19T00:07:07.264+0000] {taskinstance.py:2076} INFO - Dependencies all met for dep_context=non-requeueable deps ti=<TaskInstance: Real_Estate_Webscraping_ETL.Process_and_Send_Data_to_DB scheduled__2024-05-18T12:04:00+00:00 [queued]>
[2024-05-19T00:07:07.409+0000] {taskinstance.py:2076} INFO - Dependencies all met for dep_context=requeueable deps ti=<TaskInstance: Real_Estate_Webscraping_ETL.Process_and_Send_Data_to_DB scheduled__2024-05-18T12:04:00+00:00 [queued]>
[2024-05-19T00:07:07.421+0000] {taskinstance.py:2306} INFO - Starting attempt 4 of 6
[2024-05-19T00:07:09.517+0000] {taskinstance.py:2330} INFO - Executing <Task(SparkSubmitOperator): Process_and_Send_Data_to_DB> on 2024-05-18 12:04:00+00:00
[2024-05-19T00:07:10.500+0000] {standard_task_runner.py:63} INFO - Started process 191 to run task
[2024-05-19T00:07:10.724+0000] {standard_task_runner.py:90} INFO - Running: ['***', 'tasks', 'run', 'Real_Estate_Webscraping_ETL', 'Process_and_Send_Data_to_DB', 'scheduled__2024-05-18T12:04:00+00:00', '--job-id', '424', '--raw', '--subdir', 'DAGS_FOLDER/webscrapping.py', '--cfg-path', '/tmp/tmp1ch3bs31']
[2024-05-19T00:07:10.813+0000] {standard_task_runner.py:91} INFO - Job 424: Subtask Process_and_Send_Data_to_DB
[2024-05-19T00:07:13.569+0000] {task_command.py:426} INFO - Running <TaskInstance: Real_Estate_Webscraping_ETL.Process_and_Send_Data_to_DB scheduled__2024-05-18T12:04:00+00:00 [running]> on host eddd84e36bad
[2024-05-19T00:07:15.597+0000] {taskinstance.py:2648} INFO - Exporting env vars: AIRFLOW_CTX_DAG_OWNER='svc' AIRFLOW_CTX_DAG_ID='Real_Estate_Webscraping_ETL' AIRFLOW_CTX_TASK_ID='Process_and_Send_Data_to_DB' AIRFLOW_CTX_EXECUTION_DATE='2024-05-18T12:04:00+00:00' AIRFLOW_CTX_TRY_NUMBER='4' AIRFLOW_CTX_DAG_RUN_ID='scheduled__2024-05-18T12:04:00+00:00'
[2024-05-19T00:07:15.658+0000] {taskinstance.py:430} INFO - ::endgroup::
[2024-05-19T00:07:15.966+0000] {base.py:84} INFO - Using connection ID 'spark_default' for task execution.
[2024-05-19T00:07:15.980+0000] {spark_submit.py:401} INFO - Spark-Submit cmd: spark-submit --master spark://spark-master:7077 --packages org.apache.spark:spark-sql-kafka-0-10_2.12:3.5.1,com.datastax.spark:spark-cassandra-connector_2.12:3.5.0,org.apache.kafka:kafka-clients:3.5.1,commons-logging:commons-logging:1.2 --name arrow-spark --deploy-mode client dags/includes/jobs/spark_consumer.py
[2024-05-19T00:07:19.441+0000] {spark_submit.py:571} INFO - /home/***/.local/lib/python3.11/site-packages/pyspark/bin/load-spark-env.sh: line 68: ps: command not found
[2024-05-19T00:08:49.290+0000] {spark_submit.py:571} INFO - :: loading settings :: url = jar:file:/home/***/.local/lib/python3.11/site-packages/pyspark/jars/ivy-2.5.1.jar!/org/apache/ivy/core/settings/ivysettings.xml
[2024-05-19T00:08:53.916+0000] {spark_submit.py:571} INFO - Ivy Default Cache set to: /home/***/.ivy2/cache
[2024-05-19T00:08:54.202+0000] {spark_submit.py:571} INFO - The jars for the packages stored in: /home/***/.ivy2/jars
[2024-05-19T00:08:54.460+0000] {spark_submit.py:571} INFO - org.apache.spark#spark-sql-kafka-0-10_2.12 added as a dependency
[2024-05-19T00:08:54.473+0000] {spark_submit.py:571} INFO - com.datastax.spark#spark-cassandra-connector_2.12 added as a dependency
[2024-05-19T00:08:54.474+0000] {spark_submit.py:571} INFO - org.apache.kafka#kafka-clients added as a dependency
[2024-05-19T00:08:54.489+0000] {spark_submit.py:571} INFO - commons-logging#commons-logging added as a dependency
[2024-05-19T00:08:54.535+0000] {spark_submit.py:571} INFO - :: resolving dependencies :: org.apache.spark#spark-submit-parent-f71b4ee7-2506-469b-b9a9-60443086a976;1.0
[2024-05-19T00:08:54.549+0000] {spark_submit.py:571} INFO - confs: [default]
[2024-05-19T00:09:15.237+0000] {spark_submit.py:571} INFO - found org.apache.spark#spark-sql-kafka-0-10_2.12;3.5.1 in central
[2024-05-19T00:09:18.176+0000] {spark_submit.py:571} INFO - found org.apache.spark#spark-token-provider-kafka-0-10_2.12;3.5.1 in central
[2024-05-19T00:09:20.998+0000] {spark_submit.py:571} INFO - found org.apache.hadoop#hadoop-client-runtime;3.3.4 in central
[2024-05-19T00:09:21.740+0000] {spark_submit.py:571} INFO - found org.apache.hadoop#hadoop-client-api;3.3.4 in central
[2024-05-19T00:09:22.212+0000] {spark_submit.py:571} INFO - found org.xerial.snappy#snappy-java;1.1.10.3 in central
[2024-05-19T00:09:23.347+0000] {spark_submit.py:571} INFO - found org.slf4j#slf4j-api;2.0.7 in central
[2024-05-19T00:09:24.074+0000] {spark_submit.py:571} INFO - found com.google.code.findbugs#jsr305;3.0.0 in central
[2024-05-19T00:09:24.907+0000] {spark_submit.py:571} INFO - found org.apache.commons#commons-pool2;2.11.1 in central
[2024-05-19T00:09:25.543+0000] {spark_submit.py:571} INFO - found com.datastax.spark#spark-cassandra-connector_2.12;3.5.0 in central
[2024-05-19T00:09:26.217+0000] {spark_submit.py:571} INFO - found com.datastax.spark#spark-cassandra-connector-driver_2.12;3.5.0 in central
[2024-05-19T00:09:26.550+0000] {spark_submit.py:571} INFO - found org.scala-lang.modules#scala-collection-compat_2.12;2.11.0 in central
[2024-05-19T00:09:26.691+0000] {spark_submit.py:571} INFO - found com.datastax.oss#java-driver-core-shaded;4.13.0 in central
[2024-05-19T00:09:27.119+0000] {spark_submit.py:571} INFO - found com.datastax.oss#native-protocol;1.5.0 in central
[2024-05-19T00:09:27.255+0000] {spark_submit.py:571} INFO - found com.datastax.oss#java-driver-shaded-guava;25.1-jre-graal-sub-1 in central
[2024-05-19T00:09:27.373+0000] {spark_submit.py:571} INFO - found com.typesafe#config;1.4.1 in central
[2024-05-19T00:09:27.470+0000] {spark_submit.py:571} INFO - found io.dropwizard.metrics#metrics-core;4.1.18 in central
[2024-05-19T00:09:27.657+0000] {spark_submit.py:571} INFO - found org.hdrhistogram#HdrHistogram;2.1.12 in central
[2024-05-19T00:09:27.695+0000] {spark_submit.py:571} INFO - found org.reactivestreams#reactive-streams;1.0.3 in central
[2024-05-19T00:09:27.970+0000] {spark_submit.py:571} INFO - found com.github.stephenc.jcip#jcip-annotations;1.0-1 in central
[2024-05-19T00:09:28.329+0000] {spark_submit.py:571} INFO - found com.github.spotbugs#spotbugs-annotations;3.1.12 in central
[2024-05-19T00:09:28.764+0000] {spark_submit.py:571} INFO - found com.google.code.findbugs#jsr305;3.0.2 in central
[2024-05-19T00:09:28.840+0000] {spark_submit.py:571} INFO - found com.datastax.oss#java-driver-mapper-runtime;4.13.0 in central
[2024-05-19T00:09:28.950+0000] {spark_submit.py:571} INFO - found com.datastax.oss#java-driver-query-builder;4.13.0 in central
[2024-05-19T00:09:29.031+0000] {spark_submit.py:571} INFO - found org.apache.commons#commons-lang3;3.10 in central
[2024-05-19T00:09:29.124+0000] {spark_submit.py:571} INFO - found com.thoughtworks.paranamer#paranamer;2.8 in central
[2024-05-19T00:09:29.603+0000] {spark_submit.py:571} INFO - found org.scala-lang#scala-reflect;2.12.11 in central
[2024-05-19T00:09:30.637+0000] {spark_submit.py:571} INFO - found org.apache.kafka#kafka-clients;3.5.1 in central
[2024-05-19T00:09:31.741+0000] {spark_submit.py:571} INFO - found com.github.luben#zstd-jni;1.5.5-1 in spark-list
[2024-05-19T00:09:32.477+0000] {spark_submit.py:571} INFO - found org.lz4#lz4-java;1.8.0 in central
[2024-05-19T00:09:37.752+0000] {spark_submit.py:571} INFO - downloading https://repo1.maven.org/maven2/org/apache/spark/spark-sql-kafka-0-10_2.12/3.5.1/spark-sql-kafka-0-10_2.12-3.5.1.jar ...
[2024-05-19T00:09:38.119+0000] {spark_submit.py:571} INFO - [SUCCESSFUL ] org.apache.spark#spark-sql-kafka-0-10_2.12;3.5.1!spark-sql-kafka-0-10_2.12.jar (734ms)
[2024-05-19T00:09:38.229+0000] {spark_submit.py:571} INFO - downloading https://repo1.maven.org/maven2/org/apache/kafka/kafka-clients/3.5.1/kafka-clients-3.5.1.jar ...
[2024-05-19T00:09:39.940+0000] {spark_submit.py:571} INFO - downloading https://repo1.maven.org/maven2/org/apache/spark/spark-token-provider-kafka-0-10_2.12/3.5.1/spark-token-provider-kafka-0-10_2.12-3.5.1.jar ...
[2024-05-19T00:09:40.743+0000] {spark_submit.py:571} INFO - [SUCCESSFUL ] org.apache.spark#spark-token-provider-kafka-0-10_2.12;3.5.1!spark-token-provider-kafka-0-10_2.12.jar (966ms)
[2024-05-19T00:09:40.853+0000] {spark_submit.py:571} INFO - downloading https://repo1.maven.org/maven2/org/apache/commons/commons-pool2/2.11.1/commons-pool2-2.11.1.jar ...
[2024-05-19T00:09:41.169+0000] {spark_submit.py:571} INFO - [SUCCESSFUL ] org.apache.commons#commons-pool2;2.11.1!commons-pool2.jar (415ms)
[2024-05-19T00:09:41.514+0000] {spark_submit.py:571} INFO - downloading https://repo1.maven.org/maven2/org/apache/hadoop/hadoop-client-runtime/3.3.4/hadoop-client-runtime-3.3.4.jar ...
[2024-05-19T00:09:52.044+0000] {spark_submit.py:571} INFO - [SUCCESSFUL ] org.apache.hadoop#hadoop-client-runtime;3.3.4!hadoop-client-runtime.jar (10807ms)
[2024-05-19T00:09:52.533+0000] {spark_submit.py:571} INFO - downloading https://repo1.maven.org/maven2/org/apache/hadoop/hadoop-client-api/3.3.4/hadoop-client-api-3.3.4.jar ...
[2024-05-19T00:09:59.677+0000] {spark_submit.py:571} INFO - [SUCCESSFUL ] org.apache.hadoop#hadoop-client-api;3.3.4!hadoop-client-api.jar (7579ms)
[2024-05-19T00:10:00.037+0000] {spark_submit.py:571} INFO - downloading https://repo1.maven.org/maven2/org/xerial/snappy/snappy-java/1.1.10.3/snappy-java-1.1.10.3.jar ...
[2024-05-19T00:10:00.997+0000] {spark_submit.py:571} INFO - [SUCCESSFUL ] org.xerial.snappy#snappy-java;1.1.10.3!snappy-java.jar(bundle) (1267ms)
[2024-05-19T00:10:01.339+0000] {spark_submit.py:571} INFO - downloading https://repo1.maven.org/maven2/org/slf4j/slf4j-api/2.0.7/slf4j-api-2.0.7.jar ...
[2024-05-19T00:10:01.611+0000] {spark_submit.py:571} INFO - [SUCCESSFUL ] org.slf4j#slf4j-api;2.0.7!slf4j-api.jar (580ms)
[2024-05-19T00:10:02.200+0000] {spark_submit.py:571} INFO - downloading https://repo1.maven.org/maven2/org/scala-lang/scala-reflect/2.12.11/scala-reflect-2.12.11.jar ...
[2024-05-19T00:10:09.111+0000] {spark_submit.py:571} INFO - [SUCCESSFUL ] org.scala-lang#scala-reflect;2.12.11!scala-reflect.jar (7420ms)
[2024-05-19T00:10:11.185+0000] {spark_submit.py:571} INFO - :: resolution report :: resolve 42685ms :: artifacts dl 33940ms
[2024-05-19T00:10:11.264+0000] {spark_submit.py:571} INFO - :: modules in use:
[2024-05-19T00:10:11.389+0000] {spark_submit.py:571} INFO - com.datastax.oss#java-driver-core-shaded;4.13.0 from central in [default]
[2024-05-19T00:10:11.441+0000] {spark_submit.py:571} INFO - com.datastax.oss#java-driver-mapper-runtime;4.13.0 from central in [default]
[2024-05-19T00:10:11.510+0000] {spark_submit.py:571} INFO - com.datastax.oss#java-driver-query-builder;4.13.0 from central in [default]
[2024-05-19T00:10:11.525+0000] {spark_submit.py:571} INFO - com.datastax.oss#java-driver-shaded-guava;25.1-jre-graal-sub-1 from central in [default]
[2024-05-19T00:10:11.529+0000] {spark_submit.py:571} INFO - com.datastax.oss#native-protocol;1.5.0 from central in [default]
[2024-05-19T00:10:11.551+0000] {spark_submit.py:571} INFO - com.datastax.spark#spark-cassandra-connector-driver_2.12;3.5.0 from central in [default]
[2024-05-19T00:10:11.552+0000] {spark_submit.py:571} INFO - com.datastax.spark#spark-cassandra-connector_2.12;3.5.0 from central in [default]
[2024-05-19T00:10:11.564+0000] {spark_submit.py:571} INFO - com.github.luben#zstd-jni;1.5.5-1 from spark-list in [default]
[2024-05-19T00:10:11.591+0000] {spark_submit.py:571} INFO - com.github.spotbugs#spotbugs-annotations;3.1.12 from central in [default]
[2024-05-19T00:10:11.599+0000] {spark_submit.py:571} INFO - com.github.stephenc.jcip#jcip-annotations;1.0-1 from central in [default]
[2024-05-19T00:10:11.604+0000] {spark_submit.py:571} INFO - com.google.code.findbugs#jsr305;3.0.2 from central in [default]
[2024-05-19T00:10:11.611+0000] {spark_submit.py:571} INFO - com.thoughtworks.paranamer#paranamer;2.8 from central in [default]
[2024-05-19T00:10:11.620+0000] {spark_submit.py:571} INFO - com.typesafe#config;1.4.1 from central in [default]
[2024-05-19T00:10:11.639+0000] {spark_submit.py:571} INFO - io.dropwizard.metrics#metrics-core;4.1.18 from central in [default]
[2024-05-19T00:10:11.654+0000] {spark_submit.py:571} INFO - org.apache.commons#commons-lang3;3.10 from central in [default]
[2024-05-19T00:10:11.666+0000] {spark_submit.py:571} INFO - org.apache.commons#commons-pool2;2.11.1 from central in [default]
[2024-05-19T00:10:11.667+0000] {spark_submit.py:571} INFO - org.apache.hadoop#hadoop-client-api;3.3.4 from central in [default]
[2024-05-19T00:10:11.668+0000] {spark_submit.py:571} INFO - org.apache.hadoop#hadoop-client-runtime;3.3.4 from central in [default]
[2024-05-19T00:10:11.668+0000] {spark_submit.py:571} INFO - org.apache.kafka#kafka-clients;3.5.1 from central in [default]
[2024-05-19T00:10:11.668+0000] {spark_submit.py:571} INFO - org.apache.spark#spark-sql-kafka-0-10_2.12;3.5.1 from central in [default]
[2024-05-19T00:10:11.681+0000] {spark_submit.py:571} INFO - org.apache.spark#spark-token-provider-kafka-0-10_2.12;3.5.1 from central in [default]
[2024-05-19T00:10:11.684+0000] {spark_submit.py:571} INFO - org.hdrhistogram#HdrHistogram;2.1.12 from central in [default]
[2024-05-19T00:10:11.689+0000] {spark_submit.py:571} INFO - org.lz4#lz4-java;1.8.0 from central in [default]
[2024-05-19T00:10:11.691+0000] {spark_submit.py:571} INFO - org.reactivestreams#reactive-streams;1.0.3 from central in [default]
[2024-05-19T00:10:11.699+0000] {spark_submit.py:571} INFO - org.scala-lang#scala-reflect;2.12.11 from central in [default]
[2024-05-19T00:10:11.715+0000] {spark_submit.py:571} INFO - org.scala-lang.modules#scala-collection-compat_2.12;2.11.0 from central in [default]
[2024-05-19T00:10:11.720+0000] {spark_submit.py:571} INFO - org.slf4j#slf4j-api;2.0.7 from central in [default]
[2024-05-19T00:10:11.728+0000] {spark_submit.py:571} INFO - org.xerial.snappy#snappy-java;1.1.10.3 from central in [default]
[2024-05-19T00:10:11.733+0000] {spark_submit.py:571} INFO - :: evicted modules:
[2024-05-19T00:10:11.736+0000] {spark_submit.py:571} INFO - org.apache.kafka#kafka-clients;3.4.1 by [org.apache.kafka#kafka-clients;3.5.1] in [default]
[2024-05-19T00:10:11.739+0000] {spark_submit.py:571} INFO - commons-logging#commons-logging;1.1.3 by [commons-logging#commons-logging;1.2] in [default]
[2024-05-19T00:10:11.742+0000] {spark_submit.py:571} INFO - com.google.code.findbugs#jsr305;3.0.0 by [com.google.code.findbugs#jsr305;3.0.2] in [default]
[2024-05-19T00:10:11.745+0000] {spark_submit.py:571} INFO - org.slf4j#slf4j-api;1.7.26 by [org.slf4j#slf4j-api;2.0.7] in [default]
[2024-05-19T00:10:11.749+0000] {spark_submit.py:571} INFO - org.xerial.snappy#snappy-java;1.1.10.1 by [org.xerial.snappy#snappy-java;1.1.10.3] in [default]
[2024-05-19T00:10:11.752+0000] {spark_submit.py:571} INFO - org.slf4j#slf4j-api;1.7.36 by [org.slf4j#slf4j-api;2.0.7] in [default]
[2024-05-19T00:10:11.754+0000] {spark_submit.py:571} INFO - ---------------------------------------------------------------------
[2024-05-19T00:10:11.758+0000] {spark_submit.py:571} INFO - |                  |            modules            ||   artifacts   |
[2024-05-19T00:10:11.761+0000] {spark_submit.py:571} INFO - |       conf       | number| search|dwnlded|evicted|| number|dwnlded|
[2024-05-19T00:10:11.783+0000] {spark_submit.py:571} INFO - ---------------------------------------------------------------------
[2024-05-19T00:10:11.790+0000] {spark_submit.py:571} INFO - |      default     |   35  |   6   |   6   |   6   ||   28  |   8   |
[2024-05-19T00:10:11.790+0000] {spark_submit.py:571} INFO - ---------------------------------------------------------------------
[2024-05-19T00:10:14.046+0000] {spark_submit.py:571} INFO - 
[2024-05-19T00:10:14.097+0000] {spark_submit.py:571} INFO - :: problems summary ::
[2024-05-19T00:10:14.098+0000] {spark_submit.py:571} INFO - :::: WARNINGS
[2024-05-19T00:10:14.111+0000] {spark_submit.py:571} INFO - problem while downloading module descriptor: https://repo1.maven.org/maven2/commons-logging/commons-logging/1.2/commons-logging-1.2.pom: size of source file /home/***/.ivy2/cache/commons-logging/commons-logging/ivy-1.2.xml.original(19206) differs from size of dest file /home/***/.ivy2/cache/commons-logging/commons-logging/ivy-1.2.xml.original.backup(0) - please retry (863ms)
[2024-05-19T00:10:14.190+0000] {spark_submit.py:571} INFO - 
[2024-05-19T00:10:14.215+0000] {spark_submit.py:571} INFO - module not found: commons-logging#commons-logging;1.2
[2024-05-19T00:10:14.224+0000] {spark_submit.py:571} INFO - 
[2024-05-19T00:10:14.234+0000] {spark_submit.py:571} INFO - ==== local-m2-cache: tried
[2024-05-19T00:10:14.266+0000] {spark_submit.py:571} INFO - 
[2024-05-19T00:10:14.278+0000] {spark_submit.py:571} INFO - file:/home/***/.m2/repository/commons-logging/commons-logging/1.2/commons-logging-1.2.pom
[2024-05-19T00:10:14.299+0000] {spark_submit.py:571} INFO - 
[2024-05-19T00:10:14.313+0000] {spark_submit.py:571} INFO - -- artifact commons-logging#commons-logging;1.2!commons-logging.jar:
[2024-05-19T00:10:14.318+0000] {spark_submit.py:571} INFO - 
[2024-05-19T00:10:14.327+0000] {spark_submit.py:571} INFO - file:/home/***/.m2/repository/commons-logging/commons-logging/1.2/commons-logging-1.2.jar
[2024-05-19T00:10:14.336+0000] {spark_submit.py:571} INFO - 
[2024-05-19T00:10:14.356+0000] {spark_submit.py:571} INFO - ==== local-ivy-cache: tried
[2024-05-19T00:10:14.366+0000] {spark_submit.py:571} INFO - 
[2024-05-19T00:10:14.370+0000] {spark_submit.py:571} INFO - /home/***/.ivy2/local/commons-logging/commons-logging/1.2/ivys/ivy.xml
[2024-05-19T00:10:14.434+0000] {spark_submit.py:571} INFO - 
[2024-05-19T00:10:14.450+0000] {spark_submit.py:571} INFO - -- artifact commons-logging#commons-logging;1.2!commons-logging.jar:
[2024-05-19T00:10:14.454+0000] {spark_submit.py:571} INFO - 
[2024-05-19T00:10:14.460+0000] {spark_submit.py:571} INFO - /home/***/.ivy2/local/commons-logging/commons-logging/1.2/jars/commons-logging.jar
[2024-05-19T00:10:14.466+0000] {spark_submit.py:571} INFO - 
[2024-05-19T00:10:14.484+0000] {spark_submit.py:571} INFO - ==== central: tried
[2024-05-19T00:10:14.493+0000] {spark_submit.py:571} INFO - 
[2024-05-19T00:10:14.499+0000] {spark_submit.py:571} INFO - https://repo1.maven.org/maven2/commons-logging/commons-logging/1.2/commons-logging-1.2.pom
[2024-05-19T00:10:14.504+0000] {spark_submit.py:571} INFO - 
[2024-05-19T00:10:14.507+0000] {spark_submit.py:571} INFO - ==== spark-packages: tried
[2024-05-19T00:10:14.510+0000] {spark_submit.py:571} INFO - 
[2024-05-19T00:10:14.511+0000] {spark_submit.py:571} INFO - https://repos.spark-packages.org/commons-logging/commons-logging/1.2/commons-logging-1.2.pom
[2024-05-19T00:10:14.511+0000] {spark_submit.py:571} INFO - 
[2024-05-19T00:10:14.516+0000] {spark_submit.py:571} INFO - -- artifact commons-logging#commons-logging;1.2!commons-logging.jar:
[2024-05-19T00:10:14.517+0000] {spark_submit.py:571} INFO - 
[2024-05-19T00:10:14.518+0000] {spark_submit.py:571} INFO - https://repos.spark-packages.org/commons-logging/commons-logging/1.2/commons-logging-1.2.jar
[2024-05-19T00:10:14.521+0000] {spark_submit.py:571} INFO - 
[2024-05-19T00:10:14.527+0000] {spark_submit.py:571} INFO - [FAILED     ] org.apache.kafka#kafka-clients;3.5.1!kafka-clients.jar: impossible to move part file to definitive one: /home/***/.ivy2/cache/org.apache.kafka/kafka-clients/jars/kafka-clients-3.5.1.jar.part -> /home/***/.ivy2/cache/org.apache.kafka/kafka-clients/jars/kafka-clients-3.5.1.jar (1432ms)
[2024-05-19T00:10:14.545+0000] {spark_submit.py:571} INFO - 
[2024-05-19T00:10:14.558+0000] {spark_submit.py:571} INFO - [FAILED     ] org.apache.kafka#kafka-clients;3.5.1!kafka-clients.jar: impossible to move part file to definitive one: /home/***/.ivy2/cache/org.apache.kafka/kafka-clients/jars/kafka-clients-3.5.1.jar.part -> /home/***/.ivy2/cache/org.apache.kafka/kafka-clients/jars/kafka-clients-3.5.1.jar (1432ms)
[2024-05-19T00:10:14.563+0000] {spark_submit.py:571} INFO - 
[2024-05-19T00:10:14.592+0000] {spark_submit.py:571} INFO - ==== central: tried
[2024-05-19T00:10:14.601+0000] {spark_submit.py:571} INFO - 
[2024-05-19T00:10:14.601+0000] {spark_submit.py:571} INFO - https://repo1.maven.org/maven2/org/apache/kafka/kafka-clients/3.5.1/kafka-clients-3.5.1.jar
[2024-05-19T00:10:14.606+0000] {spark_submit.py:571} INFO - 
[2024-05-19T00:10:14.618+0000] {spark_submit.py:571} INFO - ::::::::::::::::::::::::::::::::::::::::::::::
[2024-05-19T00:10:14.652+0000] {spark_submit.py:571} INFO - 
[2024-05-19T00:10:14.659+0000] {spark_submit.py:571} INFO - ::          UNRESOLVED DEPENDENCIES         ::
[2024-05-19T00:10:14.664+0000] {spark_submit.py:571} INFO - 
[2024-05-19T00:10:14.672+0000] {spark_submit.py:571} INFO - ::::::::::::::::::::::::::::::::::::::::::::::
[2024-05-19T00:10:14.689+0000] {spark_submit.py:571} INFO - 
[2024-05-19T00:10:14.703+0000] {spark_submit.py:571} INFO - :: commons-logging#commons-logging;1.2: not found
[2024-05-19T00:10:14.703+0000] {spark_submit.py:571} INFO - 
[2024-05-19T00:10:14.706+0000] {spark_submit.py:571} INFO - ::::::::::::::::::::::::::::::::::::::::::::::
[2024-05-19T00:10:14.707+0000] {spark_submit.py:571} INFO - 
[2024-05-19T00:10:14.720+0000] {spark_submit.py:571} INFO - 
[2024-05-19T00:10:14.731+0000] {spark_submit.py:571} INFO - ::::::::::::::::::::::::::::::::::::::::::::::
[2024-05-19T00:10:14.732+0000] {spark_submit.py:571} INFO - 
[2024-05-19T00:10:14.736+0000] {spark_submit.py:571} INFO - ::              FAILED DOWNLOADS            ::
[2024-05-19T00:10:14.746+0000] {spark_submit.py:571} INFO - 
[2024-05-19T00:10:14.754+0000] {spark_submit.py:571} INFO - :: ^ see resolution messages for details  ^ ::
[2024-05-19T00:10:14.755+0000] {spark_submit.py:571} INFO - 
[2024-05-19T00:10:14.769+0000] {spark_submit.py:571} INFO - ::::::::::::::::::::::::::::::::::::::::::::::
[2024-05-19T00:10:14.775+0000] {spark_submit.py:571} INFO - 
[2024-05-19T00:10:14.790+0000] {spark_submit.py:571} INFO - :: org.apache.kafka#kafka-clients;3.5.1!kafka-clients.jar
[2024-05-19T00:10:14.814+0000] {spark_submit.py:571} INFO - 
[2024-05-19T00:10:14.820+0000] {spark_submit.py:571} INFO - ::::::::::::::::::::::::::::::::::::::::::::::
[2024-05-19T00:10:14.825+0000] {spark_submit.py:571} INFO - 
[2024-05-19T00:10:14.829+0000] {spark_submit.py:571} INFO - 
[2024-05-19T00:10:14.835+0000] {spark_submit.py:571} INFO - :::: ERRORS
[2024-05-19T00:10:14.861+0000] {spark_submit.py:571} INFO - unknown resolver null
[2024-05-19T00:10:14.872+0000] {spark_submit.py:571} INFO - 
[2024-05-19T00:10:14.902+0000] {spark_submit.py:571} INFO - 
[2024-05-19T00:10:14.924+0000] {spark_submit.py:571} INFO - :: USE VERBOSE OR DEBUG MESSAGE LEVEL FOR MORE DETAILS
[2024-05-19T00:10:14.942+0000] {spark_submit.py:571} INFO - Exception in thread "main" java.lang.RuntimeException: [unresolved dependency: commons-logging#commons-logging;1.2: not found, download failed: org.apache.kafka#kafka-clients;3.5.1!kafka-clients.jar]
[2024-05-19T00:10:14.973+0000] {spark_submit.py:571} INFO - at org.apache.spark.deploy.SparkSubmitUtils$.resolveMavenCoordinates(SparkSubmit.scala:1608)
[2024-05-19T00:10:14.979+0000] {spark_submit.py:571} INFO - at org.apache.spark.util.DependencyUtils$.resolveMavenDependencies(DependencyUtils.scala:185)
[2024-05-19T00:10:14.996+0000] {spark_submit.py:571} INFO - at org.apache.spark.deploy.SparkSubmit.prepareSubmitEnvironment(SparkSubmit.scala:334)
[2024-05-19T00:10:15.010+0000] {spark_submit.py:571} INFO - at org.apache.spark.deploy.SparkSubmit.org$apache$spark$deploy$SparkSubmit$$runMain(SparkSubmit.scala:964)
[2024-05-19T00:10:15.011+0000] {spark_submit.py:571} INFO - at org.apache.spark.deploy.SparkSubmit.doRunMain$1(SparkSubmit.scala:194)
[2024-05-19T00:10:15.012+0000] {spark_submit.py:571} INFO - at org.apache.spark.deploy.SparkSubmit.submit(SparkSubmit.scala:217)
[2024-05-19T00:10:15.027+0000] {spark_submit.py:571} INFO - at org.apache.spark.deploy.SparkSubmit.doSubmit(SparkSubmit.scala:91)
[2024-05-19T00:10:15.062+0000] {spark_submit.py:571} INFO - at org.apache.spark.deploy.SparkSubmit$$anon$2.doSubmit(SparkSubmit.scala:1120)
[2024-05-19T00:10:15.066+0000] {spark_submit.py:571} INFO - at org.apache.spark.deploy.SparkSubmit$.main(SparkSubmit.scala:1129)
[2024-05-19T00:10:15.099+0000] {spark_submit.py:571} INFO - at org.apache.spark.deploy.SparkSubmit.main(SparkSubmit.scala)
[2024-05-19T00:10:16.155+0000] {taskinstance.py:441} INFO - ::group::Post task execution logs
[2024-05-19T00:10:19.920+0000] {taskinstance.py:2905} ERROR - Task failed with exception
Traceback (most recent call last):
  File "/home/airflow/.local/lib/python3.11/site-packages/airflow/models/taskinstance.py", line 465, in _execute_task
    result = _execute_callable(context=context, **execute_callable_kwargs)
             ^^^^^^^^^^^^^^^^^^^^^^^^^^^^^^^^^^^^^^^^^^^^^^^^^^^^^^^^^^^^^
  File "/home/airflow/.local/lib/python3.11/site-packages/airflow/models/taskinstance.py", line 432, in _execute_callable
    return execute_callable(context=context, **execute_callable_kwargs)
           ^^^^^^^^^^^^^^^^^^^^^^^^^^^^^^^^^^^^^^^^^^^^^^^^^^^^^^^^^^^^
  File "/home/airflow/.local/lib/python3.11/site-packages/airflow/models/baseoperator.py", line 400, in wrapper
    return func(self, *args, **kwargs)
           ^^^^^^^^^^^^^^^^^^^^^^^^^^^
  File "/home/airflow/.local/lib/python3.11/site-packages/airflow/providers/apache/spark/operators/spark_submit.py", line 174, in execute
    self._hook.submit(self.application)
  File "/home/airflow/.local/lib/python3.11/site-packages/airflow/providers/apache/spark/hooks/spark_submit.py", line 502, in submit
    raise AirflowException(
airflow.exceptions.AirflowException: Cannot execute: spark-submit --master spark://spark-master:7077 --packages org.apache.spark:spark-sql-kafka-0-10_2.12:3.5.1,com.datastax.spark:spark-cassandra-connector_2.12:3.5.0,org.apache.kafka:kafka-clients:3.5.1,commons-logging:commons-logging:1.2 --name arrow-spark --deploy-mode client dags/includes/jobs/spark_consumer.py. Error code is: 1.
[2024-05-19T00:10:21.326+0000] {taskinstance.py:1206} INFO - Marking task as UP_FOR_RETRY. dag_id=Real_Estate_Webscraping_ETL, task_id=Process_and_Send_Data_to_DB, run_id=scheduled__2024-05-18T12:04:00+00:00, execution_date=20240518T120400, start_date=20240519T000707, end_date=20240519T001021
[2024-05-19T00:10:22.284+0000] {standard_task_runner.py:110} ERROR - Failed to execute job 424 for task Process_and_Send_Data_to_DB (Cannot execute: spark-submit --master spark://spark-master:7077 --packages org.apache.spark:spark-sql-kafka-0-10_2.12:3.5.1,com.datastax.spark:spark-cassandra-connector_2.12:3.5.0,org.apache.kafka:kafka-clients:3.5.1,commons-logging:commons-logging:1.2 --name arrow-spark --deploy-mode client dags/includes/jobs/spark_consumer.py. Error code is: 1.; 191)
[2024-05-19T00:10:22.485+0000] {local_task_job_runner.py:240} INFO - Task exited with return code 1
[2024-05-19T00:10:23.089+0000] {taskinstance.py:3498} INFO - 0 downstream tasks scheduled from follow-on schedule check
[2024-05-19T00:10:23.098+0000] {local_task_job_runner.py:222} INFO - ::endgroup::
