[2024-05-15T22:54:50.686+0000] {local_task_job_runner.py:120} INFO - ::group::Pre task execution logs
[2024-05-15T22:54:50.725+0000] {taskinstance.py:2076} INFO - Dependencies all met for dep_context=non-requeueable deps ti=<TaskInstance: Webscrape.Ingest_Data manual__2024-05-15T22:48:49.623664+00:00 [queued]>
[2024-05-15T22:54:50.736+0000] {taskinstance.py:2076} INFO - Dependencies all met for dep_context=requeueable deps ti=<TaskInstance: Webscrape.Ingest_Data manual__2024-05-15T22:48:49.623664+00:00 [queued]>
[2024-05-15T22:54:50.736+0000] {taskinstance.py:2306} INFO - Starting attempt 1 of 6
[2024-05-15T22:54:50.750+0000] {taskinstance.py:2330} INFO - Executing <Task(PythonOperator): Ingest_Data> on 2024-05-15 22:48:49.623664+00:00
[2024-05-15T22:54:50.789+0000] {logging_mixin.py:188} WARNING - /home/***/.local/lib/python3.12/site-packages/***/task/task_runner/standard_task_runner.py:61 DeprecationWarning: This process (pid=213) is multi-threaded, use of fork() may lead to deadlocks in the child.
[2024-05-15T22:54:50.777+0000] {standard_task_runner.py:90} INFO - Running: ['***', 'tasks', 'run', 'Webscrape', 'Ingest_Data', 'manual__2024-05-15T22:48:49.623664+00:00', '--job-id', '134', '--raw', '--subdir', 'DAGS_FOLDER/webscrapping.py', '--cfg-path', '/tmp/tmpcv9fkyy8']
[2024-05-15T22:54:50.797+0000] {standard_task_runner.py:63} INFO - Started process 214 to run task
[2024-05-15T22:54:50.798+0000] {standard_task_runner.py:91} INFO - Job 134: Subtask Ingest_Data
[2024-05-15T22:54:50.853+0000] {task_command.py:426} INFO - Running <TaskInstance: Webscrape.Ingest_Data manual__2024-05-15T22:48:49.623664+00:00 [running]> on host bb5cab9afed7
[2024-05-15T22:54:51.030+0000] {taskinstance.py:2648} INFO - Exporting env vars: AIRFLOW_CTX_DAG_OWNER='svc' AIRFLOW_CTX_DAG_ID='Webscrape' AIRFLOW_CTX_TASK_ID='Ingest_Data' AIRFLOW_CTX_EXECUTION_DATE='2024-05-15T22:48:49.623664+00:00' AIRFLOW_CTX_TRY_NUMBER='1' AIRFLOW_CTX_DAG_RUN_ID='manual__2024-05-15T22:48:49.623664+00:00'
[2024-05-15T22:54:51.036+0000] {taskinstance.py:430} INFO - ::endgroup::
[2024-05-15T22:54:51.078+0000] {conn.py:362} INFO - <BrokerConnection node_id=bootstrap-0 host=kafka:9092 <connecting> [IPv4 ('172.28.0.6', 9092)]>: connecting to kafka:9092 [('172.28.0.6', 9092) IPv4]
[2024-05-15T22:54:51.080+0000] {conn.py:957} INFO - Probing node bootstrap-0 broker version
[2024-05-15T22:54:51.082+0000] {conn.py:393} INFO - <BrokerConnection node_id=bootstrap-0 host=kafka:9092 <connecting> [IPv4 ('172.28.0.6', 9092)]>: Connection complete.
[2024-05-15T22:54:51.213+0000] {conn.py:1019} INFO - Broker version identified as 2.6.0
[2024-05-15T22:54:51.214+0000] {conn.py:1020} INFO - Set configuration api_version=(2, 6, 0) to skip auto check_version requests on startup
[2024-05-15T22:54:52.314+0000] {logging_mixin.py:188} INFO - Connecting to Scraping Browser...
[2024-05-15T22:54:53.623+0000] {logging_mixin.py:188} INFO - Connected! Navigating to https://www.redfin.com...
[2024-05-15T22:55:01.609+0000] {logging_mixin.py:188} INFO - Searching...
[2024-05-15T22:55:07.648+0000] {logging_mixin.py:188} INFO - --------
[2024-05-15T22:55:07.651+0000] {logging_mixin.py:188} INFO - 1
[2024-05-15T22:55:07.652+0000] {logging_mixin.py:188} INFO - Navigating to Listing page: https://www.redfin.com/NC/Charlotte/2739-Grand-Union-Way-28209/home/148598761
[2024-05-15T22:55:31.412+0000] {logging_mixin.py:188} INFO - Extracting Pictures
[2024-05-15T22:55:34.150+0000] {logging_mixin.py:188} INFO - Extracting Key Details
[2024-05-15T22:55:35.301+0000] {logging_mixin.py:188} INFO - Extracting Listing Agent Details
[2024-05-15T22:55:36.086+0000] {logging_mixin.py:188} INFO - Extracting Redfin Agent Details
[2024-05-15T22:55:36.714+0000] {logging_mixin.py:188} INFO - Extracting Property Details
[2024-05-15T22:55:38.156+0000] {logging_mixin.py:188} INFO - {
  "address": "2739 Grand Union Way Charlotte NC 28209",
  "price": "649900",
  "beds": "3",
  "baths": "3.5",
  "link": "https://www.redfin.com/NC/Charlotte/2739-Grand-Union-Way-28209/home/148598761",
  "photos": [
    "https://ssl.cdn-redfin.com/system_files/media/919615_JPG/item_22.jpg",
    "https://ssl.cdn-redfin.com/system_files/media/919615_JPG/genLdpUgcMediaBrowserUrl/item_38.jpg",
    "https://my.matterport.com/api/v2/player/models/cVZCU4kuhtR/thumb",
    "https://ssl.cdn-redfin.com/system_files/media/919615_JPG/genLdpUgcMediaBrowserUrl/item_30.jpg",
    "https://ssl.cdn-redfin.com/system_files/media/919615_JPG/genLdpUgcMediaBrowserUrl/item_45.jpg",
    "https://ssl.cdn-redfin.com/system_files/media/919615_JPG/item_46.jpg",
    "https://ssl.cdn-redfin.com/system_files/media/919615_JPG/item_1.jpg",
    "https://ssl.cdn-redfin.com/system_files/media/919615_JPG/item_5.jpg",
    "https://ssl.cdn-redfin.com/system_files/media/919615_JPG/item_10.jpg",
    "https://ssl.cdn-redfin.com/system_files/media/919615_JPG/item_18.jpg"
  ],
  "hoa_fee": "262",
  "buyers_agent_fee": "2",
  "listing_agent_name": "Jill Moyer",
  "listing_agent_contact": "jill.moyer@redfin.com",
  "redfin_agent_name": "Stephen Passarelli",
  "finished_sqft": "",
  "unfinished_sqft": "",
  "total_sqft": "",
  "stories": "4",
  "style": "Townhouse",
  "year_built": "2019",
  "year_renovated": "",
  "county": "Mecklenburg County",
  "APN": "14901360"
}
[2024-05-15T22:55:38.157+0000] {logging_mixin.py:188} INFO - Sending Data to Kafka
[2024-05-15T22:55:38.164+0000] {conn.py:362} INFO - <BrokerConnection node_id=1 host=kafka:9092 <connecting> [IPv4 ('172.28.0.6', 9092)]>: connecting to kafka:9092 [('172.28.0.6', 9092) IPv4]
[2024-05-15T22:55:38.166+0000] {conn.py:393} INFO - <BrokerConnection node_id=1 host=kafka:9092 <connecting> [IPv4 ('172.28.0.6', 9092)]>: Connection complete.
[2024-05-15T22:55:38.168+0000] {conn.py:673} INFO - <BrokerConnection node_id=bootstrap-0 host=kafka:9092 <connected> [IPv4 ('172.28.0.6', 9092)]>: Closing connection. 
[2024-05-15T22:55:38.316+0000] {logging_mixin.py:188} INFO - --------
[2024-05-15T22:55:38.317+0000] {logging_mixin.py:188} INFO - 2
[2024-05-15T22:55:38.318+0000] {logging_mixin.py:188} INFO - Navigating to Listing page: https://www.redfin.com/NC/Charlotte/4117-Duplin-Dr-28214/home/185574517
[2024-05-15T22:55:58.247+0000] {logging_mixin.py:188} INFO - Extracting Pictures
[2024-05-15T22:56:01.320+0000] {logging_mixin.py:188} INFO - Extracting Key Details
[2024-05-15T22:56:02.310+0000] {logging_mixin.py:188} INFO - Extracting Listing Agent Details
[2024-05-15T22:56:03.022+0000] {logging_mixin.py:188} INFO - Extracting Redfin Agent Details
[2024-05-15T22:56:03.690+0000] {logging_mixin.py:188} INFO - Extracting Property Details
[2024-05-15T22:56:05.264+0000] {logging_mixin.py:188} INFO - {
  "address": "4117 Duplin Dr Charlotte NC 28214",
  "price": "475000",
  "beds": "3",
  "baths": "2",
  "link": "https://www.redfin.com/NC/Charlotte/4117-Duplin-Dr-28214/home/185574517",
  "photos": [
    "https://ssl.cdn-redfin.com/system_files/media/919625_JPG/item_26.jpg",
    "https://ssl.cdn-redfin.com/system_files/media/919625_JPG/genLdpUgcMediaBrowserUrl/item_10.jpg",
    "https://my.matterport.com/api/v2/player/models/QrMTxwVZ4jy/thumb",
    "https://ssl.cdn-redfin.com/system_files/media/919625_JPG/genLdpUgcMediaBrowserUrl/item_11.jpg",
    "https://ssl.cdn-redfin.com/system_files/media/919625_JPG/genLdpUgcMediaBrowserUrl/item_12.jpg",
    "https://ssl.cdn-redfin.com/system_files/media/919625_JPG/item_13.jpg",
    "https://ssl.cdn-redfin.com/system_files/media/919625_JPG/item_9.jpg",
    "https://ssl.cdn-redfin.com/system_files/media/919625_JPG/item_21.jpg",
    "https://ssl.cdn-redfin.com/system_files/media/919625_JPG/item_4.jpg",
    "https://ssl.cdn-redfin.com/system_files/media/919625_JPG/item_37.jpg"
  ],
  "hoa_fee": "113",
  "buyers_agent_fee": "2.5",
  "listing_agent_name": "Peter Dorninger",
  "listing_agent_contact": "peter.dorninger@redfin.com",
  "redfin_agent_name": "Karen Krotki - Charlotte Redfin Agent",
  "finished_sqft": "",
  "unfinished_sqft": "",
  "total_sqft": "",
  "stories": "",
  "style": "Single Family Residential",
  "year_built": "",
  "year_renovated": "",
  "county": "Mecklenburg County",
  "APN": "11308417"
}
[2024-05-15T22:56:05.267+0000] {logging_mixin.py:188} INFO - Sending Data to Kafka
[2024-05-15T22:56:05.418+0000] {logging_mixin.py:188} INFO - --------
[2024-05-15T22:56:05.419+0000] {logging_mixin.py:188} INFO - 3
[2024-05-15T22:56:05.420+0000] {logging_mixin.py:188} INFO - Navigating to Listing page: https://www.redfin.com/NC/Charlotte/3200-Dunaire-Dr-28205/home/43938459
[2024-05-15T22:56:22.560+0000] {local_task_job_runner.py:310} WARNING - State of this instance has been externally set to failed. Terminating instance.
[2024-05-15T22:56:22.571+0000] {local_task_job_runner.py:222} INFO - ::endgroup::
[2024-05-15T22:56:22.574+0000] {process_utils.py:132} INFO - Sending 15 to group 214. PIDs of all processes in the group: [216, 214]
[2024-05-15T22:56:22.574+0000] {process_utils.py:87} INFO - Sending the signal 15 to group 214
[2024-05-15T22:56:22.575+0000] {taskinstance.py:2611} ERROR - Received SIGTERM. Terminating subprocesses.
[2024-05-15T22:56:23.091+0000] {process_utils.py:80} INFO - Process psutil.Process(pid=216, status='terminated', started='22:54:51') (216) terminated with exit code None
[2024-05-15T22:57:22.600+0000] {process_utils.py:150} WARNING - process psutil.Process(pid=214, name='airflow task ru', status='sleeping', started='22:54:50') did not respond to SIGTERM. Trying SIGKILL
[2024-05-15T22:57:22.628+0000] {process_utils.py:87} INFO - Sending the signal 9 to group 214
[2024-05-15T22:57:22.732+0000] {process_utils.py:80} INFO - Process psutil.Process(pid=214, name='airflow task ru', status='terminated', exitcode=<Negsignal.SIGKILL: -9>, started='22:54:50') (214) terminated with exit code -9
[2024-05-15T22:57:22.735+0000] {standard_task_runner.py:178} ERROR - Job 134 was killed before it finished (likely due to running out of memory)
