[2024-05-18T23:35:36.605+0000] {local_task_job_runner.py:120} INFO - ::group::Pre task execution logs
[2024-05-18T23:35:37.225+0000] {taskinstance.py:2076} INFO - Dependencies all met for dep_context=non-requeueable deps ti=<TaskInstance: Real_Estate_Webscraping.Ingest_Data_from_Redfin manual__2024-05-18T23:35:23.513203+00:00 [queued]>
[2024-05-18T23:35:37.315+0000] {taskinstance.py:2076} INFO - Dependencies all met for dep_context=requeueable deps ti=<TaskInstance: Real_Estate_Webscraping.Ingest_Data_from_Redfin manual__2024-05-18T23:35:23.513203+00:00 [queued]>
[2024-05-18T23:35:37.325+0000] {taskinstance.py:2306} INFO - Starting attempt 1 of 6
[2024-05-18T23:35:37.723+0000] {taskinstance.py:2330} INFO - Executing <Task(PythonOperator): Ingest_Data_from_Redfin> on 2024-05-18 23:35:23.513203+00:00
[2024-05-18T23:35:37.988+0000] {standard_task_runner.py:63} INFO - Started process 1468 to run task
[2024-05-18T23:35:38.077+0000] {standard_task_runner.py:90} INFO - Running: ['***', 'tasks', 'run', 'Real_Estate_Webscraping', 'Ingest_Data_from_Redfin', 'manual__2024-05-18T23:35:23.513203+00:00', '--job-id', '341', '--raw', '--subdir', 'DAGS_FOLDER/webscrapping.py', '--cfg-path', '/tmp/tmpnpm52yan']
[2024-05-18T23:35:38.140+0000] {standard_task_runner.py:91} INFO - Job 341: Subtask Ingest_Data_from_Redfin
[2024-05-18T23:35:39.145+0000] {task_command.py:426} INFO - Running <TaskInstance: Real_Estate_Webscraping.Ingest_Data_from_Redfin manual__2024-05-18T23:35:23.513203+00:00 [running]> on host c0373bd0174c
[2024-05-18T23:35:40.566+0000] {taskinstance.py:2648} INFO - Exporting env vars: AIRFLOW_CTX_DAG_OWNER='svc' AIRFLOW_CTX_DAG_ID='Real_Estate_Webscraping' AIRFLOW_CTX_TASK_ID='Ingest_Data_from_Redfin' AIRFLOW_CTX_EXECUTION_DATE='2024-05-18T23:35:23.513203+00:00' AIRFLOW_CTX_TRY_NUMBER='1' AIRFLOW_CTX_DAG_RUN_ID='manual__2024-05-18T23:35:23.513203+00:00'
[2024-05-18T23:35:40.581+0000] {taskinstance.py:430} INFO - ::endgroup::
[2024-05-18T23:35:40.787+0000] {conn.py:362} INFO - <BrokerConnection node_id=bootstrap-0 host=kafka:9092 <connecting> [IPv4 ('192.168.16.5', 9092)]>: connecting to kafka:9092 [('192.168.16.5', 9092) IPv4]
[2024-05-18T23:35:40.799+0000] {conn.py:957} INFO - Probing node bootstrap-0 broker version
[2024-05-18T23:35:40.810+0000] {conn.py:393} INFO - <BrokerConnection node_id=bootstrap-0 host=kafka:9092 <connecting> [IPv4 ('192.168.16.5', 9092)]>: Connection complete.
[2024-05-18T23:35:40.985+0000] {conn.py:1019} INFO - Broker version identified as 2.6.0
[2024-05-18T23:35:40.998+0000] {conn.py:1020} INFO - Set configuration api_version=(2, 6, 0) to skip auto check_version requests on startup
[2024-05-18T23:35:42.949+0000] {logging_mixin.py:188} INFO - Connecting to Scraping Browser
[2024-05-18T23:35:45.285+0000] {logging_mixin.py:188} INFO - Connected! Navigating to https://www.redfin.com
[2024-05-18T23:35:56.605+0000] {logging_mixin.py:188} INFO - Searching...
[2024-05-18T23:36:03.765+0000] {logging_mixin.py:188} INFO - --------
[2024-05-18T23:36:03.810+0000] {logging_mixin.py:188} INFO - 1
[2024-05-18T23:36:03.840+0000] {logging_mixin.py:188} INFO - Navigating to Listing page: https://www.redfin.com/NC/Charlotte/17113-Soho-Dr-28204/home/170607944
[2024-05-18T23:36:11.279+0000] {local_task_job_runner.py:310} WARNING - State of this instance has been externally set to failed. Terminating instance.
[2024-05-18T23:36:11.320+0000] {local_task_job_runner.py:222} INFO - ::endgroup::
[2024-05-18T23:36:11.340+0000] {process_utils.py:132} INFO - Sending 15 to group 1468. PIDs of all processes in the group: [1576, 1468]
[2024-05-18T23:36:11.344+0000] {process_utils.py:87} INFO - Sending the signal 15 to group 1468
[2024-05-18T23:36:11.353+0000] {taskinstance.py:2611} ERROR - Received SIGTERM. Terminating subprocesses.
[2024-05-18T23:36:11.895+0000] {process_utils.py:80} INFO - Process psutil.Process(pid=1576, status='terminated', started='23:35:40') (1576) terminated with exit code None
[2024-05-18T23:37:11.369+0000] {process_utils.py:150} WARNING - process psutil.Process(pid=1468, name='airflow task ru', status='sleeping', started='23:35:37') did not respond to SIGTERM. Trying SIGKILL
[2024-05-18T23:37:12.088+0000] {process_utils.py:87} INFO - Sending the signal 9 to group 1468
[2024-05-18T23:37:13.560+0000] {process_utils.py:80} INFO - Process psutil.Process(pid=1468, name='airflow task ru', status='terminated', exitcode=<Negsignal.SIGKILL: -9>, started='23:35:37') (1468) terminated with exit code -9
[2024-05-18T23:37:13.681+0000] {standard_task_runner.py:178} ERROR - Job 341 was killed before it finished (likely due to running out of memory)
