[2024-05-19T00:00:37.177+0000] {local_task_job_runner.py:120} INFO - ::group::Pre task execution logs
[2024-05-19T00:00:43.647+0000] {taskinstance.py:2076} INFO - Dependencies all met for dep_context=non-requeueable deps ti=<TaskInstance: Real_Estate_Webscraping_ETL.Ingest_Data_from_Redfin scheduled__2024-05-18T12:19:00+00:00 [queued]>
[2024-05-19T00:00:43.837+0000] {taskinstance.py:2076} INFO - Dependencies all met for dep_context=requeueable deps ti=<TaskInstance: Real_Estate_Webscraping_ETL.Ingest_Data_from_Redfin scheduled__2024-05-18T12:19:00+00:00 [queued]>
[2024-05-19T00:00:43.850+0000] {taskinstance.py:2306} INFO - Starting attempt 1 of 6
[2024-05-19T00:00:46.757+0000] {taskinstance.py:2330} INFO - Executing <Task(PythonOperator): Ingest_Data_from_Redfin> on 2024-05-18 12:19:00+00:00
[2024-05-19T00:00:47.581+0000] {standard_task_runner.py:63} INFO - Started process 721 to run task
[2024-05-19T00:00:47.987+0000] {standard_task_runner.py:90} INFO - Running: ['***', 'tasks', 'run', 'Real_Estate_Webscraping_ETL', 'Ingest_Data_from_Redfin', 'scheduled__2024-05-18T12:19:00+00:00', '--job-id', '414', '--raw', '--subdir', 'DAGS_FOLDER/webscrapping.py', '--cfg-path', '/tmp/tmplfcnd698']
[2024-05-19T00:00:48.073+0000] {standard_task_runner.py:91} INFO - Job 414: Subtask Ingest_Data_from_Redfin
[2024-05-19T00:00:51.404+0000] {task_command.py:426} INFO - Running <TaskInstance: Real_Estate_Webscraping_ETL.Ingest_Data_from_Redfin scheduled__2024-05-18T12:19:00+00:00 [running]> on host 7879427f0394
[2024-05-19T00:00:54.179+0000] {taskinstance.py:2648} INFO - Exporting env vars: AIRFLOW_CTX_DAG_OWNER='svc' AIRFLOW_CTX_DAG_ID='Real_Estate_Webscraping_ETL' AIRFLOW_CTX_TASK_ID='Ingest_Data_from_Redfin' AIRFLOW_CTX_EXECUTION_DATE='2024-05-18T12:19:00+00:00' AIRFLOW_CTX_TRY_NUMBER='1' AIRFLOW_CTX_DAG_RUN_ID='scheduled__2024-05-18T12:19:00+00:00'
[2024-05-19T00:00:55.287+0000] {taskinstance.py:430} INFO - ::endgroup::
[2024-05-19T00:01:03.692+0000] {conn.py:362} INFO - <BrokerConnection node_id=bootstrap-0 host=kafka:9092 <connecting> [IPv4 ('192.168.48.5', 9092)]>: connecting to kafka:9092 [('192.168.48.5', 9092) IPv4]
[2024-05-19T00:01:03.955+0000] {conn.py:957} INFO - Probing node bootstrap-0 broker version
[2024-05-19T00:01:04.381+0000] {conn.py:393} INFO - <BrokerConnection node_id=bootstrap-0 host=kafka:9092 <connecting> [IPv4 ('192.168.48.5', 9092)]>: Connection complete.
[2024-05-19T00:01:05.070+0000] {conn.py:1019} INFO - Broker version identified as 2.6.0
[2024-05-19T00:01:05.078+0000] {conn.py:1020} INFO - Set configuration api_version=(2, 6, 0) to skip auto check_version requests on startup
[2024-05-19T00:01:31.398+0000] {local_task_job_runner.py:124} ERROR - Received SIGTERM. Terminating subprocesses
[2024-05-19T00:01:32.693+0000] {process_utils.py:132} INFO - Sending 15 to group 721. PIDs of all processes in the group: [809, 721]
[2024-05-19T00:01:33.388+0000] {process_utils.py:87} INFO - Sending the signal 15 to group 721
[2024-05-19T00:01:33.948+0000] {process_utils.py:80} INFO - Process psutil.Process(pid=809, status='terminated', started='00:01:05') (809) terminated with exit code None
[2024-05-19T00:01:33.623+0000] {taskinstance.py:2611} ERROR - Received SIGTERM. Terminating subprocesses.
[2024-05-19T00:01:34.504+0000] {taskinstance.py:441} INFO - ::group::Post task execution logs
[2024-05-19T00:01:40.589+0000] {taskinstance.py:2905} ERROR - Task failed with exception
Traceback (most recent call last):
  File "/home/airflow/.local/lib/python3.11/site-packages/airflow/models/taskinstance.py", line 465, in _execute_task
    result = _execute_callable(context=context, **execute_callable_kwargs)
             ^^^^^^^^^^^^^^^^^^^^^^^^^^^^^^^^^^^^^^^^^^^^^^^^^^^^^^^^^^^^^
  File "/home/airflow/.local/lib/python3.11/site-packages/airflow/models/taskinstance.py", line 432, in _execute_callable
    return execute_callable(context=context, **execute_callable_kwargs)
           ^^^^^^^^^^^^^^^^^^^^^^^^^^^^^^^^^^^^^^^^^^^^^^^^^^^^^^^^^^^^
  File "/home/airflow/.local/lib/python3.11/site-packages/airflow/models/baseoperator.py", line 400, in wrapper
    return func(self, *args, **kwargs)
           ^^^^^^^^^^^^^^^^^^^^^^^^^^^
  File "/home/airflow/.local/lib/python3.11/site-packages/airflow/operators/python.py", line 235, in execute
    return_value = self.execute_callable()
                   ^^^^^^^^^^^^^^^^^^^^^^^
  File "/home/airflow/.local/lib/python3.11/site-packages/airflow/operators/python.py", line 252, in execute_callable
    return self.python_callable(*self.op_args, **self.op_kwargs)
           ^^^^^^^^^^^^^^^^^^^^^^^^^^^^^^^^^^^^^^^^^^^^^^^^^^^^^
  File "/opt/airflow/dags/includes/main.py", line 208, in ingestion_start
    asyncio.run(main())
  File "/usr/local/lib/python3.11/asyncio/runners.py", line 190, in run
    return runner.run(main)
           ^^^^^^^^^^^^^^^^
  File "/usr/local/lib/python3.11/asyncio/runners.py", line 118, in run
    return self._loop.run_until_complete(task)
           ^^^^^^^^^^^^^^^^^^^^^^^^^^^^^^^^^^^
  File "/usr/local/lib/python3.11/asyncio/base_events.py", line 653, in run_until_complete
    return future.result()
           ^^^^^^^^^^^^^^^
  File "/opt/airflow/dags/includes/main.py", line 205, in main
    await run(playwright, producer)
  File "/opt/airflow/dags/includes/main.py", line 93, in run
    async def run(pw, producer):
    
  File "/home/airflow/.local/lib/python3.11/site-packages/airflow/models/taskinstance.py", line 2613, in signal_handler
    raise AirflowTaskTerminated("Task received SIGTERM signal")
airflow.exceptions.AirflowTaskTerminated: Task received SIGTERM signal
