[2024-05-18T21:26:32.690+0000] {local_task_job_runner.py:120} INFO - ::group::Pre task execution logs
[2024-05-18T21:26:32.721+0000] {taskinstance.py:2076} INFO - Dependencies all met for dep_context=non-requeueable deps ti=<TaskInstance: Webscrape.Ingest_Data manual__2024-05-18T21:26:28.699571+00:00 [queued]>
[2024-05-18T21:26:32.726+0000] {taskinstance.py:2076} INFO - Dependencies all met for dep_context=requeueable deps ti=<TaskInstance: Webscrape.Ingest_Data manual__2024-05-18T21:26:28.699571+00:00 [queued]>
[2024-05-18T21:26:32.726+0000] {taskinstance.py:2306} INFO - Starting attempt 1 of 6
[2024-05-18T21:26:32.742+0000] {taskinstance.py:2330} INFO - Executing <Task(PythonOperator): Ingest_Data> on 2024-05-18 21:26:28.699571+00:00
[2024-05-18T21:26:32.766+0000] {standard_task_runner.py:63} INFO - Started process 3708 to run task
[2024-05-18T21:26:32.772+0000] {standard_task_runner.py:90} INFO - Running: ['***', 'tasks', 'run', 'Webscrape', 'Ingest_Data', 'manual__2024-05-18T21:26:28.699571+00:00', '--job-id', '285', '--raw', '--subdir', 'DAGS_FOLDER/webscrapping.py', '--cfg-path', '/tmp/tmpdl9_i1z4']
[2024-05-18T21:26:32.779+0000] {standard_task_runner.py:91} INFO - Job 285: Subtask Ingest_Data
[2024-05-18T21:26:32.882+0000] {task_command.py:426} INFO - Running <TaskInstance: Webscrape.Ingest_Data manual__2024-05-18T21:26:28.699571+00:00 [running]> on host f3c105d69d83
[2024-05-18T21:26:33.012+0000] {taskinstance.py:2648} INFO - Exporting env vars: AIRFLOW_CTX_DAG_OWNER='svc' AIRFLOW_CTX_DAG_ID='Webscrape' AIRFLOW_CTX_TASK_ID='Ingest_Data' AIRFLOW_CTX_EXECUTION_DATE='2024-05-18T21:26:28.699571+00:00' AIRFLOW_CTX_TRY_NUMBER='1' AIRFLOW_CTX_DAG_RUN_ID='manual__2024-05-18T21:26:28.699571+00:00'
[2024-05-18T21:26:33.013+0000] {taskinstance.py:430} INFO - ::endgroup::
[2024-05-18T21:26:33.031+0000] {conn.py:362} INFO - <BrokerConnection node_id=bootstrap-0 host=kafka:9092 <connecting> [IPv4 ('172.25.0.7', 9092)]>: connecting to kafka:9092 [('172.25.0.7', 9092) IPv4]
[2024-05-18T21:26:33.032+0000] {conn.py:957} INFO - Probing node bootstrap-0 broker version
[2024-05-18T21:26:33.034+0000] {conn.py:393} INFO - <BrokerConnection node_id=bootstrap-0 host=kafka:9092 <connecting> [IPv4 ('172.25.0.7', 9092)]>: Connection complete.
[2024-05-18T21:26:33.158+0000] {conn.py:1019} INFO - Broker version identified as 2.6.0
[2024-05-18T21:26:33.159+0000] {conn.py:1020} INFO - Set configuration api_version=(2, 6, 0) to skip auto check_version requests on startup
[2024-05-18T21:26:33.900+0000] {logging_mixin.py:188} INFO - Connecting to Scraping Browser...
[2024-05-18T21:26:36.006+0000] {logging_mixin.py:188} INFO - Connected! Navigating to https://www.redfin.com...
[2024-05-18T21:26:44.302+0000] {logging_mixin.py:188} INFO - Searching...
[2024-05-18T21:26:48.890+0000] {logging_mixin.py:188} INFO - --------
[2024-05-18T21:26:48.892+0000] {logging_mixin.py:188} INFO - 1
[2024-05-18T21:26:48.893+0000] {logging_mixin.py:188} INFO - Navigating to Listing page: https://www.redfin.com/CA/San-Francisco/5853-Mission-St-94112/unit-2/home/795540
[2024-05-18T21:27:09.079+0000] {logging_mixin.py:188} INFO - Extracting Pictures
[2024-05-18T21:27:13.809+0000] {local_task_job_runner.py:310} WARNING - State of this instance has been externally set to failed. Terminating instance.
[2024-05-18T21:27:13.819+0000] {local_task_job_runner.py:222} INFO - ::endgroup::
[2024-05-18T21:27:13.824+0000] {process_utils.py:132} INFO - Sending 15 to group 3708. PIDs of all processes in the group: [3715, 3708]
[2024-05-18T21:27:13.824+0000] {process_utils.py:87} INFO - Sending the signal 15 to group 3708
[2024-05-18T21:27:13.826+0000] {taskinstance.py:2611} ERROR - Received SIGTERM. Terminating subprocesses.
[2024-05-18T21:27:14.340+0000] {process_utils.py:80} INFO - Process psutil.Process(pid=3715, status='terminated', started='21:26:32') (3715) terminated with exit code None
[2024-05-18T21:28:13.853+0000] {process_utils.py:150} WARNING - process psutil.Process(pid=3708, name='airflow task ru', status='sleeping', started='21:26:32') did not respond to SIGTERM. Trying SIGKILL
[2024-05-18T21:28:13.877+0000] {process_utils.py:87} INFO - Sending the signal 9 to group 3708
[2024-05-18T21:28:13.984+0000] {process_utils.py:80} INFO - Process psutil.Process(pid=3708, name='airflow task ru', status='terminated', exitcode=<Negsignal.SIGKILL: -9>, started='21:26:32') (3708) terminated with exit code -9
[2024-05-18T21:28:13.994+0000] {standard_task_runner.py:178} ERROR - Job 285 was killed before it finished (likely due to running out of memory)
