[2024-05-18T21:13:29.029+0000] {local_task_job_runner.py:120} INFO - ::group::Pre task execution logs
[2024-05-18T21:13:29.060+0000] {taskinstance.py:2076} INFO - Dependencies all met for dep_context=non-requeueable deps ti=<TaskInstance: Webscrape.Ingest_Data manual__2024-05-18T21:13:23.506484+00:00 [queued]>
[2024-05-18T21:13:29.082+0000] {taskinstance.py:2076} INFO - Dependencies all met for dep_context=requeueable deps ti=<TaskInstance: Webscrape.Ingest_Data manual__2024-05-18T21:13:23.506484+00:00 [queued]>
[2024-05-18T21:13:29.083+0000] {taskinstance.py:2306} INFO - Starting attempt 1 of 6
[2024-05-18T21:13:29.110+0000] {taskinstance.py:2330} INFO - Executing <Task(PythonOperator): Ingest_Data> on 2024-05-18 21:13:23.506484+00:00
[2024-05-18T21:13:29.129+0000] {standard_task_runner.py:63} INFO - Started process 2890 to run task
[2024-05-18T21:13:29.134+0000] {standard_task_runner.py:90} INFO - Running: ['***', 'tasks', 'run', 'Webscrape', 'Ingest_Data', 'manual__2024-05-18T21:13:23.506484+00:00', '--job-id', '282', '--raw', '--subdir', 'DAGS_FOLDER/webscrapping.py', '--cfg-path', '/tmp/tmp890t21nf']
[2024-05-18T21:13:29.141+0000] {standard_task_runner.py:91} INFO - Job 282: Subtask Ingest_Data
[2024-05-18T21:13:29.403+0000] {task_command.py:426} INFO - Running <TaskInstance: Webscrape.Ingest_Data manual__2024-05-18T21:13:23.506484+00:00 [running]> on host f3c105d69d83
[2024-05-18T21:13:29.670+0000] {taskinstance.py:2648} INFO - Exporting env vars: AIRFLOW_CTX_DAG_OWNER='svc' AIRFLOW_CTX_DAG_ID='Webscrape' AIRFLOW_CTX_TASK_ID='Ingest_Data' AIRFLOW_CTX_EXECUTION_DATE='2024-05-18T21:13:23.506484+00:00' AIRFLOW_CTX_TRY_NUMBER='1' AIRFLOW_CTX_DAG_RUN_ID='manual__2024-05-18T21:13:23.506484+00:00'
[2024-05-18T21:13:29.684+0000] {taskinstance.py:430} INFO - ::endgroup::
[2024-05-18T21:13:29.909+0000] {conn.py:362} INFO - <BrokerConnection node_id=bootstrap-0 host=kafka:9092 <connecting> [IPv4 ('172.25.0.7', 9092)]>: connecting to kafka:9092 [('172.25.0.7', 9092) IPv4]
[2024-05-18T21:13:29.916+0000] {conn.py:957} INFO - Probing node bootstrap-0 broker version
[2024-05-18T21:13:29.923+0000] {conn.py:393} INFO - <BrokerConnection node_id=bootstrap-0 host=kafka:9092 <connecting> [IPv4 ('172.25.0.7', 9092)]>: Connection complete.
[2024-05-18T21:13:30.089+0000] {conn.py:1019} INFO - Broker version identified as 2.6.0
[2024-05-18T21:13:30.089+0000] {conn.py:1020} INFO - Set configuration api_version=(2, 6, 0) to skip auto check_version requests on startup
[2024-05-18T21:13:32.149+0000] {logging_mixin.py:188} INFO - Connecting to Scraping Browser...
[2024-05-18T21:13:33.524+0000] {logging_mixin.py:188} INFO - Connected! Navigating to https://www.redfin.com...
[2024-05-18T21:13:41.938+0000] {logging_mixin.py:188} INFO - Searching...
[2024-05-18T21:13:46.300+0000] {logging_mixin.py:188} INFO - --------
[2024-05-18T21:13:46.304+0000] {logging_mixin.py:188} INFO - 1
[2024-05-18T21:13:46.306+0000] {logging_mixin.py:188} INFO - Navigating to Listing page: https://www.redfin.com/CA/San-Francisco/5853-Mission-St-94112/unit-2/home/795540
[2024-05-18T21:14:08.828+0000] {logging_mixin.py:188} INFO - Extracting Pictures
[2024-05-18T21:14:12.255+0000] {logging_mixin.py:188} INFO - Extracting Key Details
[2024-05-18T21:14:13.978+0000] {logging_mixin.py:188} INFO - Extracting Listing Agent Details
[2024-05-18T21:14:14.689+0000] {logging_mixin.py:188} INFO - Extracting Redfin Agent Details
[2024-05-18T21:14:15.196+0000] {logging_mixin.py:188} INFO - Extracting Property Details
[2024-05-18T21:14:17.012+0000] {logging_mixin.py:188} INFO - {
  "address": "5853 Mission St #2 San Francisco CA 94112",
  "price": "525000",
  "beds": "1",
  "baths": "1",
  "link": "https://www.redfin.com/CA/San-Francisco/5853-Mission-St-94112/unit-2/home/795540",
  "photos": [
    "https://ssl.cdn-redfin.com/system_files/media/922079_JPG/item_1.jpg",
    "https://ssl.cdn-redfin.com/system_files/media/922079_JPG/genLdpUgcMediaBrowserUrl/item_2.jpg",
    "https://my.matterport.com/api/v2/player/models/dfuTSuYsHx2/thumb",
    "https://ssl.cdn-redfin.com/system_files/media/922079_JPG/genLdpUgcMediaBrowserUrl/item_4.jpg",
    "https://ssl.cdn-redfin.com/system_files/media/922079_JPG/genLdpUgcMediaBrowserUrl/item_5.jpg",
    "https://ssl.cdn-redfin.com/system_files/media/922079_JPG/item_3.jpg",
    "https://ssl.cdn-redfin.com/system_files/media/922079_JPG/item_9.jpg",
    "https://ssl.cdn-redfin.com/system_files/media/922079_JPG/item_15.jpg",
    "https://ssl.cdn-redfin.com/system_files/media/922079_JPG/item_21.jpg",
    "https://ssl.cdn-redfin.com/system_files/media/922079_JPG/item_27.jpg"
  ],
  "hoa_fee": "400",
  "buyers_agent_fee": "",
  "listing_agent_name": "Cleveland Motley",
  "listing_agent_contact": "",
  "redfin_agent_name": "Cleveland Motley",
  "finished_sqft": "",
  "unfinished_sqft": "",
  "total_sqft": "708",
  "stories": "1",
  "style": "Condo/Co-op",
  "year_built": "1980",
  "year_renovated": "",
  "county": "San Francisco County",
  "APN": "6472032"
}
[2024-05-18T21:14:17.015+0000] {logging_mixin.py:188} INFO - Sending Data to Kafka
[2024-05-18T21:14:17.028+0000] {conn.py:362} INFO - <BrokerConnection node_id=1 host=kafka:9092 <connecting> [IPv4 ('172.25.0.7', 9092)]>: connecting to kafka:9092 [('172.25.0.7', 9092) IPv4]
[2024-05-18T21:14:17.030+0000] {conn.py:393} INFO - <BrokerConnection node_id=1 host=kafka:9092 <connecting> [IPv4 ('172.25.0.7', 9092)]>: Connection complete.
[2024-05-18T21:14:17.031+0000] {conn.py:673} INFO - <BrokerConnection node_id=bootstrap-0 host=kafka:9092 <connected> [IPv4 ('172.25.0.7', 9092)]>: Closing connection. 
[2024-05-18T21:14:17.259+0000] {logging_mixin.py:188} INFO - --------
[2024-05-18T21:14:17.260+0000] {logging_mixin.py:188} INFO - 2
[2024-05-18T21:14:17.262+0000] {logging_mixin.py:188} INFO - Navigating to Listing page: https://www.redfin.com/CA/San-Francisco/1982-Scott-St-94115/home/12448849
[2024-05-18T21:14:34.565+0000] {logging_mixin.py:188} INFO - Extracting Pictures
[2024-05-18T21:14:40.215+0000] {logging_mixin.py:188} INFO - Extracting Key Details
[2024-05-18T21:14:41.044+0000] {logging_mixin.py:188} INFO - Extracting Listing Agent Details
[2024-05-18T21:14:41.706+0000] {logging_mixin.py:188} INFO - Extracting Redfin Agent Details
[2024-05-18T21:14:42.311+0000] {logging_mixin.py:188} INFO - Extracting Property Details
[2024-05-18T21:14:43.594+0000] {logging_mixin.py:188} INFO - {
  "address": "1982 Scott St San Francisco CA 94115",
  "price": "1695000",
  "beds": "2",
  "baths": "2",
  "link": "https://www.redfin.com/CA/San-Francisco/1982-Scott-St-94115/home/12448849",
  "photos": [
    "https://ssl.cdn-redfin.com/photo/9/bigphoto/519/424034519_0.jpg",
    "https://ssl.cdn-redfin.com/photo/9/mbpaddedwide/519/genMid.424034519_1_0.jpg",
    "https://ssl.cdn-redfin.com/photo/9/mbpaddedwide/519/genMid.424034519_2_0.jpg",
    "https://ssl.cdn-redfin.com/photo/9/mbpaddedwide/519/genMid.424034519_4_0.jpg",
    "https://ssl.cdn-redfin.com/photo/9/mbpaddedwide/519/genMid.424034519_5_0.jpg",
    "https://ssl.cdn-redfin.com/photo/9/bigphoto/519/424034519_3_0.jpg",
    "https://ssl.cdn-redfin.com/photo/9/bigphoto/519/424034519_9_0.jpg",
    "https://ssl.cdn-redfin.com/photo/9/bigphoto/519/424034519_15_0.jpg",
    "https://ssl.cdn-redfin.com/photo/9/bigphoto/519/424034519_21_0.jpg",
    "https://ssl.cdn-redfin.com/photo/9/bigphoto/519/424034519_27_0.jpg"
  ],
  "hoa_fee": "400",
  "buyers_agent_fee": "",
  "listing_agent_name": "Anna Spathis",
  "listing_agent_contact": "",
  "redfin_agent_name": "Sabina Girsh",
  "finished_sqft": "",
  "unfinished_sqft": "",
  "total_sqft": "",
  "stories": "",
  "style": "Condo/Co-op",
  "year_built": "",
  "year_renovated": "",
  "county": "San Francisco County",
  "APN": "65e26aa1-7b13-469b-902e-de96edb1e43a"
}
[2024-05-18T21:14:43.596+0000] {logging_mixin.py:188} INFO - Sending Data to Kafka
[2024-05-18T21:14:43.754+0000] {logging_mixin.py:188} INFO - --------
[2024-05-18T21:14:43.757+0000] {logging_mixin.py:188} INFO - 3
[2024-05-18T21:14:43.758+0000] {logging_mixin.py:188} INFO - Navigating to Listing page: https://www.redfin.com/CA/San-Francisco/88-Cameo-Way-94131/home/840418
[2024-05-18T21:15:12.116+0000] {logging_mixin.py:188} INFO - Extracting Pictures
[2024-05-18T21:15:15.323+0000] {logging_mixin.py:188} INFO - Extracting Key Details
[2024-05-18T21:15:16.171+0000] {logging_mixin.py:188} INFO - Extracting Listing Agent Details
[2024-05-18T21:15:16.735+0000] {logging_mixin.py:188} INFO - Extracting Redfin Agent Details
[2024-05-18T21:15:17.237+0000] {logging_mixin.py:188} INFO - Extracting Property Details
[2024-05-18T21:15:18.418+0000] {logging_mixin.py:188} INFO - {
  "address": "88 Cameo Way San Francisco CA 94131",
  "price": "2295000",
  "beds": "4",
  "baths": "2.5",
  "link": "https://www.redfin.com/CA/San-Francisco/88-Cameo-Way-94131/home/840418",
  "photos": [
    "https://ssl.cdn-redfin.com/photo/27/bigphoto/928/424031928_0.jpg",
    "https://ssl.cdn-redfin.com/photo/27/mbpaddedwide/928/genMid.424031928_1_0.jpg",
    "https://ssl.cdn-redfin.com/photo/27/mbpaddedwide/928/genMid.424031928_2_0.jpg",
    "https://ssl.cdn-redfin.com/photo/27/mbpaddedwide/928/genMid.424031928_4_0.jpg",
    "https://ssl.cdn-redfin.com/photo/27/mbpaddedwide/928/genMid.424031928_5_0.jpg",
    "https://ssl.cdn-redfin.com/photo/27/bigphoto/928/424031928_3_0.jpg",
    "https://ssl.cdn-redfin.com/photo/27/bigphoto/928/424031928_9_0.jpg",
    "https://ssl.cdn-redfin.com/photo/27/bigphoto/928/424031928_15_0.jpg",
    "https://ssl.cdn-redfin.com/photo/27/bigphoto/928/424031928_21_0.jpg",
    "https://ssl.cdn-redfin.com/photo/27/bigphoto/928/424031928_27_0.jpg",
    "https://ssl.cdn-redfin.com/photo/27/bigphoto/928/424031928_33_0.jpg"
  ],
  "hoa_fee": "",
  "buyers_agent_fee": "2.5",
  "listing_agent_name": "Gary Chang",
  "listing_agent_contact": "",
  "redfin_agent_name": "Anthony Torres",
  "finished_sqft": "",
  "unfinished_sqft": "",
  "total_sqft": "2007",
  "stories": "1",
  "style": "Single Family Residential",
  "year_built": "1965",
  "year_renovated": "",
  "county": "San Francisco County",
  "APN": "7513045"
}
[2024-05-18T21:15:18.419+0000] {logging_mixin.py:188} INFO - Sending Data to Kafka
[2024-05-18T21:15:18.631+0000] {logging_mixin.py:188} INFO - --------
[2024-05-18T21:15:18.635+0000] {logging_mixin.py:188} INFO - 4
[2024-05-18T21:15:18.638+0000] {logging_mixin.py:188} INFO - Navigating to Listing page: https://www.redfin.com/CA/San-Francisco/1-Bristol-Ct-94130/unit-208/home/187610447
[2024-05-18T21:15:38.278+0000] {local_task_job_runner.py:310} WARNING - State of this instance has been externally set to failed. Terminating instance.
[2024-05-18T21:15:38.305+0000] {local_task_job_runner.py:222} INFO - ::endgroup::
[2024-05-18T21:15:38.312+0000] {process_utils.py:132} INFO - Sending 15 to group 2890. PIDs of all processes in the group: [2897, 2890]
[2024-05-18T21:15:38.313+0000] {process_utils.py:87} INFO - Sending the signal 15 to group 2890
[2024-05-18T21:15:38.314+0000] {taskinstance.py:2611} ERROR - Received SIGTERM. Terminating subprocesses.
[2024-05-18T21:15:38.347+0000] {process_utils.py:80} INFO - Process psutil.Process(pid=2897, status='terminated', started='21:13:29') (2897) terminated with exit code None
[2024-05-18T21:16:38.323+0000] {process_utils.py:150} WARNING - process psutil.Process(pid=2890, name='airflow task ru', status='sleeping', started='21:13:28') did not respond to SIGTERM. Trying SIGKILL
[2024-05-18T21:16:38.372+0000] {process_utils.py:87} INFO - Sending the signal 9 to group 2890
[2024-05-18T21:16:38.434+0000] {process_utils.py:80} INFO - Process psutil.Process(pid=2890, name='airflow task ru', status='terminated', exitcode=<Negsignal.SIGKILL: -9>, started='21:13:28') (2890) terminated with exit code -9
[2024-05-18T21:16:38.438+0000] {standard_task_runner.py:178} ERROR - Job 282 was killed before it finished (likely due to running out of memory)
