[2024-05-15T22:54:47.451+0000] {local_task_job_runner.py:120} INFO - ::group::Pre task execution logs
[2024-05-15T22:54:47.493+0000] {taskinstance.py:2076} INFO - Dependencies all met for dep_context=non-requeueable deps ti=<TaskInstance: Webscrape.Process_Send_Data manual__2024-05-15T22:48:49.623664+00:00 [queued]>
[2024-05-15T22:54:47.501+0000] {taskinstance.py:2076} INFO - Dependencies all met for dep_context=requeueable deps ti=<TaskInstance: Webscrape.Process_Send_Data manual__2024-05-15T22:48:49.623664+00:00 [queued]>
[2024-05-15T22:54:47.501+0000] {taskinstance.py:2306} INFO - Starting attempt 3 of 6
[2024-05-15T22:54:47.514+0000] {taskinstance.py:2330} INFO - Executing <Task(SparkSubmitOperator): Process_Send_Data> on 2024-05-15 22:48:49.623664+00:00
[2024-05-15T22:54:47.553+0000] {standard_task_runner.py:90} INFO - Running: ['***', 'tasks', 'run', 'Webscrape', 'Process_Send_Data', 'manual__2024-05-15T22:48:49.623664+00:00', '--job-id', '133', '--raw', '--subdir', 'DAGS_FOLDER/webscrapping.py', '--cfg-path', '/tmp/tmpjw2pb_ul']
[2024-05-15T22:54:47.566+0000] {logging_mixin.py:188} WARNING - /home/***/.local/lib/python3.12/site-packages/***/task/task_runner/standard_task_runner.py:61 DeprecationWarning: This process (pid=196) is multi-threaded, use of fork() may lead to deadlocks in the child.
[2024-05-15T22:54:47.571+0000] {standard_task_runner.py:91} INFO - Job 133: Subtask Process_Send_Data
[2024-05-15T22:54:47.571+0000] {standard_task_runner.py:63} INFO - Started process 200 to run task
[2024-05-15T22:54:47.673+0000] {task_command.py:426} INFO - Running <TaskInstance: Webscrape.Process_Send_Data manual__2024-05-15T22:48:49.623664+00:00 [running]> on host bb5cab9afed7
[2024-05-15T22:54:47.864+0000] {taskinstance.py:2648} INFO - Exporting env vars: AIRFLOW_CTX_DAG_OWNER='svc' AIRFLOW_CTX_DAG_ID='Webscrape' AIRFLOW_CTX_TASK_ID='Process_Send_Data' AIRFLOW_CTX_EXECUTION_DATE='2024-05-15T22:48:49.623664+00:00' AIRFLOW_CTX_TRY_NUMBER='3' AIRFLOW_CTX_DAG_RUN_ID='manual__2024-05-15T22:48:49.623664+00:00'
[2024-05-15T22:54:47.870+0000] {taskinstance.py:430} INFO - ::endgroup::
[2024-05-15T22:54:47.918+0000] {base.py:84} INFO - Using connection ID 'spark_default' for task execution.
[2024-05-15T22:54:47.922+0000] {spark_submit.py:401} INFO - Spark-Submit cmd: spark-submit --master spark://spark-master:7077 --num-executors 1 --total-executor-cores 1 --executor-cores 1 --executor-memory 2g --driver-memory 2g --name arrow-spark --deploy-mode client includes/jobs/spark_consumer.py
[2024-05-15T22:54:48.503+0000] {spark_submit.py:571} INFO - /home/***/.local/lib/python3.12/site-packages/pyspark/bin/spark-class: line 71: /usr/lib/jvm/java-17-openjdk-amd64/bin/java: No such file or directory
[2024-05-15T22:54:48.509+0000] {spark_submit.py:571} INFO - /home/***/.local/lib/python3.12/site-packages/pyspark/bin/spark-class: line 97: CMD: bad array subscript
[2024-05-15T22:54:48.532+0000] {taskinstance.py:441} INFO - ::group::Post task execution logs
[2024-05-15T22:54:48.694+0000] {local_task_job_runner.py:240} INFO - Task exited with return code 0
[2024-05-15T22:54:48.756+0000] {taskinstance.py:3498} INFO - 0 downstream tasks scheduled from follow-on schedule check
[2024-05-15T22:54:48.763+0000] {local_task_job_runner.py:222} INFO - ::endgroup::
