[2024-05-18T23:21:28.093+0000] {local_task_job_runner.py:120} INFO - ::group::Pre task execution logs
[2024-05-18T23:21:28.112+0000] {taskinstance.py:2076} INFO - Dependencies all met for dep_context=non-requeueable deps ti=<TaskInstance: Webscrape.Process_Send_Data manual__2024-05-18T23:21:26.029997+00:00 [queued]>
[2024-05-18T23:21:28.117+0000] {taskinstance.py:2076} INFO - Dependencies all met for dep_context=requeueable deps ti=<TaskInstance: Webscrape.Process_Send_Data manual__2024-05-18T23:21:26.029997+00:00 [queued]>
[2024-05-18T23:21:28.117+0000] {taskinstance.py:2306} INFO - Starting attempt 1 of 6
[2024-05-18T23:21:28.123+0000] {taskinstance.py:2330} INFO - Executing <Task(SparkSubmitOperator): Process_Send_Data> on 2024-05-18 23:21:26.029997+00:00
[2024-05-18T23:21:28.135+0000] {standard_task_runner.py:63} INFO - Started process 285 to run task
[2024-05-18T23:21:28.138+0000] {standard_task_runner.py:90} INFO - Running: ['***', 'tasks', 'run', 'Webscrape', 'Process_Send_Data', 'manual__2024-05-18T23:21:26.029997+00:00', '--job-id', '325', '--raw', '--subdir', 'DAGS_FOLDER/webscrapping.py', '--cfg-path', '/tmp/tmplvehj5z8']
[2024-05-18T23:21:28.140+0000] {standard_task_runner.py:91} INFO - Job 325: Subtask Process_Send_Data
[2024-05-18T23:21:28.205+0000] {task_command.py:426} INFO - Running <TaskInstance: Webscrape.Process_Send_Data manual__2024-05-18T23:21:26.029997+00:00 [running]> on host c0373bd0174c
[2024-05-18T23:21:28.305+0000] {taskinstance.py:2648} INFO - Exporting env vars: AIRFLOW_CTX_DAG_OWNER='svc' AIRFLOW_CTX_DAG_ID='Webscrape' AIRFLOW_CTX_TASK_ID='Process_Send_Data' AIRFLOW_CTX_EXECUTION_DATE='2024-05-18T23:21:26.029997+00:00' AIRFLOW_CTX_TRY_NUMBER='1' AIRFLOW_CTX_DAG_RUN_ID='manual__2024-05-18T23:21:26.029997+00:00'
[2024-05-18T23:21:28.326+0000] {taskinstance.py:430} INFO - ::endgroup::
[2024-05-18T23:21:28.377+0000] {base.py:84} INFO - Using connection ID 'spark_default' for task execution.
[2024-05-18T23:21:28.379+0000] {spark_submit.py:401} INFO - Spark-Submit cmd: spark-submit --master spark://spark-master:7077 --packages org.apache.spark:spark-sql-kafka-0-10_2.12:3.5.1,com.datastax.spark:spark-cassandra-connector_2.12:3.5.0,org.apache.kafka:kafka-clients:3.5.1,commons-logging:commons-logging:1.2 --name arrow-spark --deploy-mode client dags/includes/jobs/spark_consumer.py
[2024-05-18T23:21:28.562+0000] {spark_submit.py:571} INFO - /home/***/.local/lib/python3.11/site-packages/pyspark/bin/load-spark-env.sh: line 68: ps: command not found
[2024-05-18T23:21:31.227+0000] {spark_submit.py:571} INFO - :: loading settings :: url = jar:file:/home/***/.local/lib/python3.11/site-packages/pyspark/jars/ivy-2.5.1.jar!/org/apache/ivy/core/settings/ivysettings.xml
[2024-05-18T23:21:31.294+0000] {spark_submit.py:571} INFO - Ivy Default Cache set to: /home/***/.ivy2/cache
[2024-05-18T23:21:31.308+0000] {spark_submit.py:571} INFO - The jars for the packages stored in: /home/***/.ivy2/jars
[2024-05-18T23:21:31.318+0000] {spark_submit.py:571} INFO - org.apache.spark#spark-sql-kafka-0-10_2.12 added as a dependency
[2024-05-18T23:21:31.321+0000] {spark_submit.py:571} INFO - com.datastax.spark#spark-cassandra-connector_2.12 added as a dependency
[2024-05-18T23:21:31.325+0000] {spark_submit.py:571} INFO - org.apache.kafka#kafka-clients added as a dependency
[2024-05-18T23:21:31.329+0000] {spark_submit.py:571} INFO - commons-logging#commons-logging added as a dependency
[2024-05-18T23:21:31.332+0000] {spark_submit.py:571} INFO - :: resolving dependencies :: org.apache.spark#spark-submit-parent-a5508eec-d125-487a-ac66-e67aa8220ff2;1.0
[2024-05-18T23:21:31.337+0000] {spark_submit.py:571} INFO - confs: [default]
[2024-05-18T23:21:31.606+0000] {spark_submit.py:571} INFO - found org.apache.spark#spark-sql-kafka-0-10_2.12;3.5.1 in central
[2024-05-18T23:21:31.656+0000] {spark_submit.py:571} INFO - found org.apache.spark#spark-token-provider-kafka-0-10_2.12;3.5.1 in central
[2024-05-18T23:21:31.684+0000] {spark_submit.py:571} INFO - found org.apache.hadoop#hadoop-client-runtime;3.3.4 in central
[2024-05-18T23:21:31.709+0000] {spark_submit.py:571} INFO - found org.apache.hadoop#hadoop-client-api;3.3.4 in central
[2024-05-18T23:21:31.726+0000] {spark_submit.py:571} INFO - found org.xerial.snappy#snappy-java;1.1.10.3 in central
[2024-05-18T23:21:31.741+0000] {spark_submit.py:571} INFO - found org.slf4j#slf4j-api;2.0.7 in central
[2024-05-18T23:21:31.758+0000] {spark_submit.py:571} INFO - found com.google.code.findbugs#jsr305;3.0.0 in central
[2024-05-18T23:21:31.772+0000] {spark_submit.py:571} INFO - found org.apache.commons#commons-pool2;2.11.1 in central
[2024-05-18T23:21:31.780+0000] {spark_submit.py:571} INFO - found com.datastax.spark#spark-cassandra-connector_2.12;3.5.0 in central
[2024-05-18T23:21:31.788+0000] {spark_submit.py:571} INFO - found com.datastax.spark#spark-cassandra-connector-driver_2.12;3.5.0 in central
[2024-05-18T23:21:31.795+0000] {spark_submit.py:571} INFO - found org.scala-lang.modules#scala-collection-compat_2.12;2.11.0 in central
[2024-05-18T23:21:32.919+0000] {spark_submit.py:571} INFO - found com.datastax.oss#java-driver-core-shaded;4.13.0 in central
[2024-05-18T23:21:33.020+0000] {spark_submit.py:571} INFO - found com.datastax.oss#native-protocol;1.5.0 in central
[2024-05-18T23:21:33.147+0000] {spark_submit.py:571} INFO - found com.datastax.oss#java-driver-shaded-guava;25.1-jre-graal-sub-1 in central
[2024-05-18T23:21:33.288+0000] {spark_submit.py:571} INFO - found com.typesafe#config;1.4.1 in central
[2024-05-18T23:21:33.581+0000] {spark_submit.py:571} INFO - found io.dropwizard.metrics#metrics-core;4.1.18 in central
[2024-05-18T23:21:33.666+0000] {spark_submit.py:571} INFO - found org.hdrhistogram#HdrHistogram;2.1.12 in central
[2024-05-18T23:21:33.759+0000] {spark_submit.py:571} INFO - found org.reactivestreams#reactive-streams;1.0.3 in central
[2024-05-18T23:21:34.164+0000] {spark_submit.py:571} INFO - found com.github.stephenc.jcip#jcip-annotations;1.0-1 in central
[2024-05-18T23:21:34.275+0000] {spark_submit.py:571} INFO - found com.github.spotbugs#spotbugs-annotations;3.1.12 in central
[2024-05-18T23:21:34.421+0000] {spark_submit.py:571} INFO - found com.google.code.findbugs#jsr305;3.0.2 in central
[2024-05-18T23:21:34.602+0000] {spark_submit.py:571} INFO - found com.datastax.oss#java-driver-mapper-runtime;4.13.0 in central
[2024-05-18T23:21:34.778+0000] {spark_submit.py:571} INFO - found com.datastax.oss#java-driver-query-builder;4.13.0 in central
[2024-05-18T23:21:35.746+0000] {spark_submit.py:571} INFO - found org.apache.commons#commons-lang3;3.10 in central
[2024-05-18T23:21:36.674+0000] {spark_submit.py:571} INFO - found com.thoughtworks.paranamer#paranamer;2.8 in central
[2024-05-18T23:21:36.817+0000] {spark_submit.py:571} INFO - found org.scala-lang#scala-reflect;2.12.11 in central
[2024-05-18T23:21:36.923+0000] {spark_submit.py:571} INFO - found org.apache.kafka#kafka-clients;3.5.1 in central
[2024-05-18T23:21:37.009+0000] {spark_submit.py:571} INFO - found com.github.luben#zstd-jni;1.5.5-1 in central
[2024-05-18T23:21:37.169+0000] {spark_submit.py:571} INFO - found org.lz4#lz4-java;1.8.0 in central
[2024-05-18T23:21:37.723+0000] {spark_submit.py:571} INFO - found commons-logging#commons-logging;1.2 in central
[2024-05-18T23:21:38.025+0000] {spark_submit.py:571} INFO - downloading https://repo1.maven.org/maven2/org/apache/spark/spark-sql-kafka-0-10_2.12/3.5.1/spark-sql-kafka-0-10_2.12-3.5.1.jar ...
[2024-05-18T23:21:38.235+0000] {spark_submit.py:571} INFO - [SUCCESSFUL ] org.apache.spark#spark-sql-kafka-0-10_2.12;3.5.1!spark-sql-kafka-0-10_2.12.jar (477ms)
[2024-05-18T23:21:38.310+0000] {spark_submit.py:571} INFO - downloading https://repo1.maven.org/maven2/com/datastax/spark/spark-cassandra-connector_2.12/3.5.0/spark-cassandra-connector_2.12-3.5.0.jar ...
[2024-05-18T23:21:38.769+0000] {spark_submit.py:571} INFO - [SUCCESSFUL ] com.datastax.spark#spark-cassandra-connector_2.12;3.5.0!spark-cassandra-connector_2.12.jar (533ms)
[2024-05-18T23:21:38.811+0000] {spark_submit.py:571} INFO - downloading https://repo1.maven.org/maven2/org/apache/kafka/kafka-clients/3.5.1/kafka-clients-3.5.1.jar ...
[2024-05-18T23:21:39.812+0000] {spark_submit.py:571} INFO - [SUCCESSFUL ] org.apache.kafka#kafka-clients;3.5.1!kafka-clients.jar (1041ms)
[2024-05-18T23:21:40.050+0000] {spark_submit.py:571} INFO - downloading https://repo1.maven.org/maven2/commons-logging/commons-logging/1.2/commons-logging-1.2.jar ...
[2024-05-18T23:21:40.118+0000] {spark_submit.py:571} INFO - [SUCCESSFUL ] commons-logging#commons-logging;1.2!commons-logging.jar (304ms)
[2024-05-18T23:21:40.174+0000] {spark_submit.py:571} INFO - downloading https://repo1.maven.org/maven2/org/apache/spark/spark-token-provider-kafka-0-10_2.12/3.5.1/spark-token-provider-kafka-0-10_2.12-3.5.1.jar ...
[2024-05-18T23:21:40.234+0000] {spark_submit.py:571} INFO - [SUCCESSFUL ] org.apache.spark#spark-token-provider-kafka-0-10_2.12;3.5.1!spark-token-provider-kafka-0-10_2.12.jar (115ms)
[2024-05-18T23:21:40.297+0000] {spark_submit.py:571} INFO - downloading https://repo1.maven.org/maven2/org/apache/commons/commons-pool2/2.11.1/commons-pool2-2.11.1.jar ...
[2024-05-18T23:21:40.379+0000] {spark_submit.py:571} INFO - [SUCCESSFUL ] org.apache.commons#commons-pool2;2.11.1!commons-pool2.jar (141ms)
[2024-05-18T23:21:40.425+0000] {spark_submit.py:571} INFO - downloading https://repo1.maven.org/maven2/org/apache/hadoop/hadoop-client-runtime/3.3.4/hadoop-client-runtime-3.3.4.jar ...
[2024-05-18T23:21:44.658+0000] {spark_submit.py:571} INFO - [SUCCESSFUL ] org.apache.hadoop#hadoop-client-runtime;3.3.4!hadoop-client-runtime.jar (4273ms)
[2024-05-18T23:21:44.719+0000] {spark_submit.py:571} INFO - downloading https://repo1.maven.org/maven2/org/apache/hadoop/hadoop-client-api/3.3.4/hadoop-client-api-3.3.4.jar ...
[2024-05-18T23:21:47.798+0000] {spark_submit.py:571} INFO - [SUCCESSFUL ] org.apache.hadoop#hadoop-client-api;3.3.4!hadoop-client-api.jar (3134ms)
[2024-05-18T23:21:47.845+0000] {spark_submit.py:571} INFO - downloading https://repo1.maven.org/maven2/org/xerial/snappy/snappy-java/1.1.10.3/snappy-java-1.1.10.3.jar ...
[2024-05-18T23:21:48.382+0000] {spark_submit.py:571} INFO - [SUCCESSFUL ] org.xerial.snappy#snappy-java;1.1.10.3!snappy-java.jar(bundle) (578ms)
[2024-05-18T23:21:48.419+0000] {spark_submit.py:571} INFO - downloading https://repo1.maven.org/maven2/org/slf4j/slf4j-api/2.0.7/slf4j-api-2.0.7.jar ...
[2024-05-18T23:21:48.475+0000] {spark_submit.py:571} INFO - [SUCCESSFUL ] org.slf4j#slf4j-api;2.0.7!slf4j-api.jar (89ms)
[2024-05-18T23:21:48.518+0000] {spark_submit.py:571} INFO - downloading https://repo1.maven.org/maven2/com/datastax/spark/spark-cassandra-connector-driver_2.12/3.5.0/spark-cassandra-connector-driver_2.12-3.5.0.jar ...
[2024-05-18T23:21:49.059+0000] {spark_submit.py:571} INFO - [SUCCESSFUL ] com.datastax.spark#spark-cassandra-connector-driver_2.12;3.5.0!spark-cassandra-connector-driver_2.12.jar (578ms)
[2024-05-18T23:21:49.107+0000] {spark_submit.py:571} INFO - downloading https://repo1.maven.org/maven2/org/scala-lang/modules/scala-collection-compat_2.12/2.11.0/scala-collection-compat_2.12-2.11.0.jar ...
[2024-05-18T23:21:49.316+0000] {spark_submit.py:571} INFO - [SUCCESSFUL ] org.scala-lang.modules#scala-collection-compat_2.12;2.11.0!scala-collection-compat_2.12.jar (253ms)
[2024-05-18T23:21:49.354+0000] {spark_submit.py:571} INFO - downloading https://repo1.maven.org/maven2/com/datastax/oss/java-driver-core-shaded/4.13.0/java-driver-core-shaded-4.13.0.jar ...
[2024-05-18T23:21:50.398+0000] {spark_submit.py:571} INFO - [SUCCESSFUL ] com.datastax.oss#java-driver-core-shaded;4.13.0!java-driver-core-shaded.jar (1078ms)
[2024-05-18T23:21:50.435+0000] {spark_submit.py:571} INFO - downloading https://repo1.maven.org/maven2/com/datastax/oss/java-driver-mapper-runtime/4.13.0/java-driver-mapper-runtime-4.13.0.jar ...
[2024-05-18T23:21:50.483+0000] {spark_submit.py:571} INFO - [SUCCESSFUL ] com.datastax.oss#java-driver-mapper-runtime;4.13.0!java-driver-mapper-runtime.jar(bundle) (82ms)
[2024-05-18T23:21:50.523+0000] {spark_submit.py:571} INFO - downloading https://repo1.maven.org/maven2/org/apache/commons/commons-lang3/3.10/commons-lang3-3.10.jar ...
[2024-05-18T23:21:50.629+0000] {spark_submit.py:571} INFO - [SUCCESSFUL ] org.apache.commons#commons-lang3;3.10!commons-lang3.jar (145ms)
[2024-05-18T23:21:50.669+0000] {spark_submit.py:571} INFO - downloading https://repo1.maven.org/maven2/com/thoughtworks/paranamer/paranamer/2.8/paranamer-2.8.jar ...
[2024-05-18T23:21:50.720+0000] {spark_submit.py:571} INFO - [SUCCESSFUL ] com.thoughtworks.paranamer#paranamer;2.8!paranamer.jar(bundle) (85ms)
[2024-05-18T23:21:50.759+0000] {spark_submit.py:571} INFO - downloading https://repo1.maven.org/maven2/org/scala-lang/scala-reflect/2.12.11/scala-reflect-2.12.11.jar ...
[2024-05-18T23:21:51.217+0000] {spark_submit.py:571} INFO - [SUCCESSFUL ] org.scala-lang#scala-reflect;2.12.11!scala-reflect.jar (493ms)
[2024-05-18T23:21:51.259+0000] {spark_submit.py:571} INFO - downloading https://repo1.maven.org/maven2/com/datastax/oss/native-protocol/1.5.0/native-protocol-1.5.0.jar ...
[2024-05-18T23:21:51.337+0000] {spark_submit.py:571} INFO - [SUCCESSFUL ] com.datastax.oss#native-protocol;1.5.0!native-protocol.jar(bundle) (118ms)
[2024-05-18T23:21:51.395+0000] {spark_submit.py:571} INFO - downloading https://repo1.maven.org/maven2/com/datastax/oss/java-driver-shaded-guava/25.1-jre-graal-sub-1/java-driver-shaded-guava-25.1-jre-graal-sub-1.jar ...
[2024-05-18T23:21:51.991+0000] {spark_submit.py:571} INFO - [SUCCESSFUL ] com.datastax.oss#java-driver-shaded-guava;25.1-jre-graal-sub-1!java-driver-shaded-guava.jar (650ms)
[2024-05-18T23:21:52.038+0000] {spark_submit.py:571} INFO - downloading https://repo1.maven.org/maven2/com/typesafe/config/1.4.1/config-1.4.1.jar ...
[2024-05-18T23:21:52.111+0000] {spark_submit.py:571} INFO - [SUCCESSFUL ] com.typesafe#config;1.4.1!config.jar(bundle) (114ms)
[2024-05-18T23:21:52.173+0000] {spark_submit.py:571} INFO - downloading https://repo1.maven.org/maven2/io/dropwizard/metrics/metrics-core/4.1.18/metrics-core-4.1.18.jar ...
[2024-05-18T23:21:52.256+0000] {spark_submit.py:571} INFO - [SUCCESSFUL ] io.dropwizard.metrics#metrics-core;4.1.18!metrics-core.jar(bundle) (140ms)
[2024-05-18T23:21:52.289+0000] {spark_submit.py:571} INFO - downloading https://repo1.maven.org/maven2/org/hdrhistogram/HdrHistogram/2.1.12/HdrHistogram-2.1.12.jar ...
[2024-05-18T23:21:52.348+0000] {spark_submit.py:571} INFO - [SUCCESSFUL ] org.hdrhistogram#HdrHistogram;2.1.12!HdrHistogram.jar(bundle) (89ms)
[2024-05-18T23:21:52.383+0000] {spark_submit.py:571} INFO - downloading https://repo1.maven.org/maven2/org/reactivestreams/reactive-streams/1.0.3/reactive-streams-1.0.3.jar ...
[2024-05-18T23:21:52.434+0000] {spark_submit.py:571} INFO - [SUCCESSFUL ] org.reactivestreams#reactive-streams;1.0.3!reactive-streams.jar (83ms)
[2024-05-18T23:21:52.490+0000] {spark_submit.py:571} INFO - downloading https://repo1.maven.org/maven2/com/github/stephenc/jcip/jcip-annotations/1.0-1/jcip-annotations-1.0-1.jar ...
[2024-05-18T23:21:52.540+0000] {spark_submit.py:571} INFO - [SUCCESSFUL ] com.github.stephenc.jcip#jcip-annotations;1.0-1!jcip-annotations.jar (103ms)
[2024-05-18T23:21:52.583+0000] {spark_submit.py:571} INFO - downloading https://repo1.maven.org/maven2/com/github/spotbugs/spotbugs-annotations/3.1.12/spotbugs-annotations-3.1.12.jar ...
[2024-05-18T23:21:52.629+0000] {spark_submit.py:571} INFO - [SUCCESSFUL ] com.github.spotbugs#spotbugs-annotations;3.1.12!spotbugs-annotations.jar (83ms)
[2024-05-18T23:21:52.667+0000] {spark_submit.py:571} INFO - downloading https://repo1.maven.org/maven2/com/google/code/findbugs/jsr305/3.0.2/jsr305-3.0.2.jar ...
[2024-05-18T23:21:52.722+0000] {spark_submit.py:571} INFO - [SUCCESSFUL ] com.google.code.findbugs#jsr305;3.0.2!jsr305.jar (90ms)
[2024-05-18T23:21:52.758+0000] {spark_submit.py:571} INFO - downloading https://repo1.maven.org/maven2/com/datastax/oss/java-driver-query-builder/4.13.0/java-driver-query-builder-4.13.0.jar ...
[2024-05-18T23:21:52.847+0000] {spark_submit.py:571} INFO - [SUCCESSFUL ] com.datastax.oss#java-driver-query-builder;4.13.0!java-driver-query-builder.jar(bundle) (121ms)
[2024-05-18T23:21:52.889+0000] {spark_submit.py:571} INFO - downloading https://repo1.maven.org/maven2/com/github/luben/zstd-jni/1.5.5-1/zstd-jni-1.5.5-1.jar ...
[2024-05-18T23:21:53.887+0000] {spark_submit.py:571} INFO - [SUCCESSFUL ] com.github.luben#zstd-jni;1.5.5-1!zstd-jni.jar (1037ms)
[2024-05-18T23:21:53.932+0000] {spark_submit.py:571} INFO - downloading https://repo1.maven.org/maven2/org/lz4/lz4-java/1.8.0/lz4-java-1.8.0.jar ...
[2024-05-18T23:21:54.088+0000] {spark_submit.py:571} INFO - [SUCCESSFUL ] org.lz4#lz4-java;1.8.0!lz4-java.jar (194ms)
[2024-05-18T23:21:54.197+0000] {spark_submit.py:571} INFO - :: resolution report :: resolve 6435ms :: artifacts dl 16331ms
[2024-05-18T23:21:54.215+0000] {spark_submit.py:571} INFO - :: modules in use:
[2024-05-18T23:21:54.216+0000] {spark_submit.py:571} INFO - com.datastax.oss#java-driver-core-shaded;4.13.0 from central in [default]
[2024-05-18T23:21:54.218+0000] {spark_submit.py:571} INFO - com.datastax.oss#java-driver-mapper-runtime;4.13.0 from central in [default]
[2024-05-18T23:21:54.220+0000] {spark_submit.py:571} INFO - com.datastax.oss#java-driver-query-builder;4.13.0 from central in [default]
[2024-05-18T23:21:54.222+0000] {spark_submit.py:571} INFO - com.datastax.oss#java-driver-shaded-guava;25.1-jre-graal-sub-1 from central in [default]
[2024-05-18T23:21:54.224+0000] {spark_submit.py:571} INFO - com.datastax.oss#native-protocol;1.5.0 from central in [default]
[2024-05-18T23:21:54.225+0000] {spark_submit.py:571} INFO - com.datastax.spark#spark-cassandra-connector-driver_2.12;3.5.0 from central in [default]
[2024-05-18T23:21:54.225+0000] {spark_submit.py:571} INFO - com.datastax.spark#spark-cassandra-connector_2.12;3.5.0 from central in [default]
[2024-05-18T23:21:54.226+0000] {spark_submit.py:571} INFO - com.github.luben#zstd-jni;1.5.5-1 from central in [default]
[2024-05-18T23:21:54.226+0000] {spark_submit.py:571} INFO - com.github.spotbugs#spotbugs-annotations;3.1.12 from central in [default]
[2024-05-18T23:21:54.226+0000] {spark_submit.py:571} INFO - com.github.stephenc.jcip#jcip-annotations;1.0-1 from central in [default]
[2024-05-18T23:21:54.226+0000] {spark_submit.py:571} INFO - com.google.code.findbugs#jsr305;3.0.2 from central in [default]
[2024-05-18T23:21:54.227+0000] {spark_submit.py:571} INFO - com.thoughtworks.paranamer#paranamer;2.8 from central in [default]
[2024-05-18T23:21:54.227+0000] {spark_submit.py:571} INFO - com.typesafe#config;1.4.1 from central in [default]
[2024-05-18T23:21:54.227+0000] {spark_submit.py:571} INFO - commons-logging#commons-logging;1.2 from central in [default]
[2024-05-18T23:21:54.228+0000] {spark_submit.py:571} INFO - io.dropwizard.metrics#metrics-core;4.1.18 from central in [default]
[2024-05-18T23:21:54.228+0000] {spark_submit.py:571} INFO - org.apache.commons#commons-lang3;3.10 from central in [default]
[2024-05-18T23:21:54.228+0000] {spark_submit.py:571} INFO - org.apache.commons#commons-pool2;2.11.1 from central in [default]
[2024-05-18T23:21:54.229+0000] {spark_submit.py:571} INFO - org.apache.hadoop#hadoop-client-api;3.3.4 from central in [default]
[2024-05-18T23:21:54.229+0000] {spark_submit.py:571} INFO - org.apache.hadoop#hadoop-client-runtime;3.3.4 from central in [default]
[2024-05-18T23:21:54.230+0000] {spark_submit.py:571} INFO - org.apache.kafka#kafka-clients;3.5.1 from central in [default]
[2024-05-18T23:21:54.231+0000] {spark_submit.py:571} INFO - org.apache.spark#spark-sql-kafka-0-10_2.12;3.5.1 from central in [default]
[2024-05-18T23:21:54.231+0000] {spark_submit.py:571} INFO - org.apache.spark#spark-token-provider-kafka-0-10_2.12;3.5.1 from central in [default]
[2024-05-18T23:21:54.232+0000] {spark_submit.py:571} INFO - org.hdrhistogram#HdrHistogram;2.1.12 from central in [default]
[2024-05-18T23:21:54.233+0000] {spark_submit.py:571} INFO - org.lz4#lz4-java;1.8.0 from central in [default]
[2024-05-18T23:21:54.234+0000] {spark_submit.py:571} INFO - org.reactivestreams#reactive-streams;1.0.3 from central in [default]
[2024-05-18T23:21:54.237+0000] {spark_submit.py:571} INFO - org.scala-lang#scala-reflect;2.12.11 from central in [default]
[2024-05-18T23:21:54.237+0000] {spark_submit.py:571} INFO - org.scala-lang.modules#scala-collection-compat_2.12;2.11.0 from central in [default]
[2024-05-18T23:21:54.240+0000] {spark_submit.py:571} INFO - org.slf4j#slf4j-api;2.0.7 from central in [default]
[2024-05-18T23:21:54.241+0000] {spark_submit.py:571} INFO - org.xerial.snappy#snappy-java;1.1.10.3 from central in [default]
[2024-05-18T23:21:54.242+0000] {spark_submit.py:571} INFO - :: evicted modules:
[2024-05-18T23:21:54.245+0000] {spark_submit.py:571} INFO - org.apache.kafka#kafka-clients;3.4.1 by [org.apache.kafka#kafka-clients;3.5.1] in [default]
[2024-05-18T23:21:54.247+0000] {spark_submit.py:571} INFO - commons-logging#commons-logging;1.1.3 by [commons-logging#commons-logging;1.2] in [default]
[2024-05-18T23:21:54.253+0000] {spark_submit.py:571} INFO - com.google.code.findbugs#jsr305;3.0.0 by [com.google.code.findbugs#jsr305;3.0.2] in [default]
[2024-05-18T23:21:54.253+0000] {spark_submit.py:571} INFO - org.slf4j#slf4j-api;1.7.26 by [org.slf4j#slf4j-api;2.0.7] in [default]
[2024-05-18T23:21:54.254+0000] {spark_submit.py:571} INFO - org.xerial.snappy#snappy-java;1.1.10.1 by [org.xerial.snappy#snappy-java;1.1.10.3] in [default]
[2024-05-18T23:21:54.254+0000] {spark_submit.py:571} INFO - org.slf4j#slf4j-api;1.7.36 by [org.slf4j#slf4j-api;2.0.7] in [default]
[2024-05-18T23:21:54.255+0000] {spark_submit.py:571} INFO - ---------------------------------------------------------------------
[2024-05-18T23:21:54.257+0000] {spark_submit.py:571} INFO - |                  |            modules            ||   artifacts   |
[2024-05-18T23:21:54.259+0000] {spark_submit.py:571} INFO - |       conf       | number| search|dwnlded|evicted|| number|dwnlded|
[2024-05-18T23:21:54.261+0000] {spark_submit.py:571} INFO - ---------------------------------------------------------------------
[2024-05-18T23:21:54.262+0000] {spark_submit.py:571} INFO - |      default     |   35  |   19  |   19  |   6   ||   29  |   29  |
[2024-05-18T23:21:54.263+0000] {spark_submit.py:571} INFO - ---------------------------------------------------------------------
[2024-05-18T23:21:54.335+0000] {spark_submit.py:571} INFO - :: retrieving :: org.apache.spark#spark-submit-parent-a5508eec-d125-487a-ac66-e67aa8220ff2
[2024-05-18T23:21:54.337+0000] {spark_submit.py:571} INFO - confs: [default]
[2024-05-18T23:21:55.558+0000] {spark_submit.py:571} INFO - 29 artifacts copied, 0 already retrieved (81094kB/1221ms)
[2024-05-18T23:21:56.091+0000] {spark_submit.py:571} INFO - 24/05/18 23:21:56 WARN NativeCodeLoader: Unable to load native-hadoop library for your platform... using builtin-java classes where applicable
[2024-05-18T23:22:01.009+0000] {spark_submit.py:571} INFO - 24/05/18 23:22:01 INFO SparkContext: Running Spark version 3.5.1
[2024-05-18T23:22:01.013+0000] {spark_submit.py:571} INFO - 24/05/18 23:22:01 INFO SparkContext: OS info Linux, 6.6.26-linuxkit, aarch64
[2024-05-18T23:22:01.013+0000] {spark_submit.py:571} INFO - 24/05/18 23:22:01 INFO SparkContext: Java version 11.0.23
[2024-05-18T23:22:01.057+0000] {spark_submit.py:571} INFO - 24/05/18 23:22:01 INFO ResourceUtils: ==============================================================
[2024-05-18T23:22:01.058+0000] {spark_submit.py:571} INFO - 24/05/18 23:22:01 INFO ResourceUtils: No custom resources configured for spark.driver.
[2024-05-18T23:22:01.058+0000] {spark_submit.py:571} INFO - 24/05/18 23:22:01 INFO ResourceUtils: ==============================================================
[2024-05-18T23:22:01.058+0000] {spark_submit.py:571} INFO - 24/05/18 23:22:01 INFO SparkContext: Submitted application: Redfin_Properties_Consumer
[2024-05-18T23:22:01.097+0000] {spark_submit.py:571} INFO - 24/05/18 23:22:01 INFO ResourceProfile: Default ResourceProfile created, executor resources: Map(memory -> name: memory, amount: 1024, script: , vendor: , offHeap -> name: offHeap, amount: 0, script: , vendor: ), task resources: Map(cpus -> name: cpus, amount: 1.0)
[2024-05-18T23:22:01.114+0000] {spark_submit.py:571} INFO - 24/05/18 23:22:01 INFO ResourceProfile: Limiting resource is cpu
[2024-05-18T23:22:01.117+0000] {spark_submit.py:571} INFO - 24/05/18 23:22:01 INFO ResourceProfileManager: Added ResourceProfile id: 0
[2024-05-18T23:22:01.195+0000] {spark_submit.py:571} INFO - 24/05/18 23:22:01 INFO SecurityManager: Changing view acls to: ***
[2024-05-18T23:22:01.199+0000] {spark_submit.py:571} INFO - 24/05/18 23:22:01 INFO SecurityManager: Changing modify acls to: ***
[2024-05-18T23:22:01.199+0000] {spark_submit.py:571} INFO - 24/05/18 23:22:01 INFO SecurityManager: Changing view acls groups to:
[2024-05-18T23:22:01.200+0000] {spark_submit.py:571} INFO - 24/05/18 23:22:01 INFO SecurityManager: Changing modify acls groups to:
[2024-05-18T23:22:01.200+0000] {spark_submit.py:571} INFO - 24/05/18 23:22:01 INFO SecurityManager: SecurityManager: authentication disabled; ui acls disabled; users with view permissions: ***; groups with view permissions: EMPTY; users with modify permissions: ***; groups with modify permissions: EMPTY
[2024-05-18T23:22:01.463+0000] {spark_submit.py:571} INFO - 24/05/18 23:22:01 INFO Utils: Successfully started service 'sparkDriver' on port 39731.
[2024-05-18T23:22:01.498+0000] {spark_submit.py:571} INFO - 24/05/18 23:22:01 INFO SparkEnv: Registering MapOutputTracker
[2024-05-18T23:22:01.527+0000] {spark_submit.py:571} INFO - 24/05/18 23:22:01 INFO SparkEnv: Registering BlockManagerMaster
[2024-05-18T23:22:01.540+0000] {spark_submit.py:571} INFO - 24/05/18 23:22:01 INFO BlockManagerMasterEndpoint: Using org.apache.spark.storage.DefaultTopologyMapper for getting topology information
[2024-05-18T23:22:01.540+0000] {spark_submit.py:571} INFO - 24/05/18 23:22:01 INFO BlockManagerMasterEndpoint: BlockManagerMasterEndpoint up
[2024-05-18T23:22:01.543+0000] {spark_submit.py:571} INFO - 24/05/18 23:22:01 INFO SparkEnv: Registering BlockManagerMasterHeartbeat
[2024-05-18T23:22:01.573+0000] {spark_submit.py:571} INFO - 24/05/18 23:22:01 INFO DiskBlockManager: Created local directory at /tmp/blockmgr-1c9c9bf0-c244-40fa-afcf-f63dc67266ce
[2024-05-18T23:22:01.586+0000] {spark_submit.py:571} INFO - 24/05/18 23:22:01 INFO MemoryStore: MemoryStore started with capacity 434.4 MiB
[2024-05-18T23:22:01.601+0000] {spark_submit.py:571} INFO - 24/05/18 23:22:01 INFO SparkEnv: Registering OutputCommitCoordinator
[2024-05-18T23:22:01.746+0000] {spark_submit.py:571} INFO - 24/05/18 23:22:01 INFO JettyUtils: Start Jetty 0.0.0.0:4040 for SparkUI
[2024-05-18T23:22:01.806+0000] {spark_submit.py:571} INFO - 24/05/18 23:22:01 INFO Utils: Successfully started service 'SparkUI' on port 4040.
[2024-05-18T23:22:01.884+0000] {spark_submit.py:571} INFO - 24/05/18 23:22:01 INFO SparkContext: Added JAR file:///home/***/.ivy2/jars/org.apache.spark_spark-sql-kafka-0-10_2.12-3.5.1.jar at spark://c0373bd0174c:39731/jars/org.apache.spark_spark-sql-kafka-0-10_2.12-3.5.1.jar with timestamp 1716074520997
[2024-05-18T23:22:01.884+0000] {spark_submit.py:571} INFO - 24/05/18 23:22:01 INFO SparkContext: Added JAR file:///home/***/.ivy2/jars/com.datastax.spark_spark-cassandra-connector_2.12-3.5.0.jar at spark://c0373bd0174c:39731/jars/com.datastax.spark_spark-cassandra-connector_2.12-3.5.0.jar with timestamp 1716074520997
[2024-05-18T23:22:01.885+0000] {spark_submit.py:571} INFO - 24/05/18 23:22:01 INFO SparkContext: Added JAR file:///home/***/.ivy2/jars/org.apache.kafka_kafka-clients-3.5.1.jar at spark://c0373bd0174c:39731/jars/org.apache.kafka_kafka-clients-3.5.1.jar with timestamp 1716074520997
[2024-05-18T23:22:01.886+0000] {spark_submit.py:571} INFO - 24/05/18 23:22:01 INFO SparkContext: Added JAR file:///home/***/.ivy2/jars/commons-logging_commons-logging-1.2.jar at spark://c0373bd0174c:39731/jars/commons-logging_commons-logging-1.2.jar with timestamp 1716074520997
[2024-05-18T23:22:01.888+0000] {spark_submit.py:571} INFO - 24/05/18 23:22:01 INFO SparkContext: Added JAR file:///home/***/.ivy2/jars/org.apache.spark_spark-token-provider-kafka-0-10_2.12-3.5.1.jar at spark://c0373bd0174c:39731/jars/org.apache.spark_spark-token-provider-kafka-0-10_2.12-3.5.1.jar with timestamp 1716074520997
[2024-05-18T23:22:01.889+0000] {spark_submit.py:571} INFO - 24/05/18 23:22:01 INFO SparkContext: Added JAR file:///home/***/.ivy2/jars/org.apache.commons_commons-pool2-2.11.1.jar at spark://c0373bd0174c:39731/jars/org.apache.commons_commons-pool2-2.11.1.jar with timestamp 1716074520997
[2024-05-18T23:22:01.889+0000] {spark_submit.py:571} INFO - 24/05/18 23:22:01 INFO SparkContext: Added JAR file:///home/***/.ivy2/jars/org.apache.hadoop_hadoop-client-runtime-3.3.4.jar at spark://c0373bd0174c:39731/jars/org.apache.hadoop_hadoop-client-runtime-3.3.4.jar with timestamp 1716074520997
[2024-05-18T23:22:01.890+0000] {spark_submit.py:571} INFO - 24/05/18 23:22:01 INFO SparkContext: Added JAR file:///home/***/.ivy2/jars/org.apache.hadoop_hadoop-client-api-3.3.4.jar at spark://c0373bd0174c:39731/jars/org.apache.hadoop_hadoop-client-api-3.3.4.jar with timestamp 1716074520997
[2024-05-18T23:22:01.891+0000] {spark_submit.py:571} INFO - 24/05/18 23:22:01 INFO SparkContext: Added JAR file:///home/***/.ivy2/jars/org.xerial.snappy_snappy-java-1.1.10.3.jar at spark://c0373bd0174c:39731/jars/org.xerial.snappy_snappy-java-1.1.10.3.jar with timestamp 1716074520997
[2024-05-18T23:22:01.893+0000] {spark_submit.py:571} INFO - 24/05/18 23:22:01 INFO SparkContext: Added JAR file:///home/***/.ivy2/jars/org.slf4j_slf4j-api-2.0.7.jar at spark://c0373bd0174c:39731/jars/org.slf4j_slf4j-api-2.0.7.jar with timestamp 1716074520997
[2024-05-18T23:22:01.893+0000] {spark_submit.py:571} INFO - 24/05/18 23:22:01 INFO SparkContext: Added JAR file:///home/***/.ivy2/jars/com.datastax.spark_spark-cassandra-connector-driver_2.12-3.5.0.jar at spark://c0373bd0174c:39731/jars/com.datastax.spark_spark-cassandra-connector-driver_2.12-3.5.0.jar with timestamp 1716074520997
[2024-05-18T23:22:01.893+0000] {spark_submit.py:571} INFO - 24/05/18 23:22:01 INFO SparkContext: Added JAR file:///home/***/.ivy2/jars/org.scala-lang.modules_scala-collection-compat_2.12-2.11.0.jar at spark://c0373bd0174c:39731/jars/org.scala-lang.modules_scala-collection-compat_2.12-2.11.0.jar with timestamp 1716074520997
[2024-05-18T23:22:01.893+0000] {spark_submit.py:571} INFO - 24/05/18 23:22:01 INFO SparkContext: Added JAR file:///home/***/.ivy2/jars/com.datastax.oss_java-driver-core-shaded-4.13.0.jar at spark://c0373bd0174c:39731/jars/com.datastax.oss_java-driver-core-shaded-4.13.0.jar with timestamp 1716074520997
[2024-05-18T23:22:01.894+0000] {spark_submit.py:571} INFO - 24/05/18 23:22:01 INFO SparkContext: Added JAR file:///home/***/.ivy2/jars/com.datastax.oss_java-driver-mapper-runtime-4.13.0.jar at spark://c0373bd0174c:39731/jars/com.datastax.oss_java-driver-mapper-runtime-4.13.0.jar with timestamp 1716074520997
[2024-05-18T23:22:01.894+0000] {spark_submit.py:571} INFO - 24/05/18 23:22:01 INFO SparkContext: Added JAR file:///home/***/.ivy2/jars/org.apache.commons_commons-lang3-3.10.jar at spark://c0373bd0174c:39731/jars/org.apache.commons_commons-lang3-3.10.jar with timestamp 1716074520997
[2024-05-18T23:22:01.899+0000] {spark_submit.py:571} INFO - 24/05/18 23:22:01 INFO SparkContext: Added JAR file:///home/***/.ivy2/jars/com.thoughtworks.paranamer_paranamer-2.8.jar at spark://c0373bd0174c:39731/jars/com.thoughtworks.paranamer_paranamer-2.8.jar with timestamp 1716074520997
[2024-05-18T23:22:01.903+0000] {spark_submit.py:571} INFO - 24/05/18 23:22:01 INFO SparkContext: Added JAR file:///home/***/.ivy2/jars/org.scala-lang_scala-reflect-2.12.11.jar at spark://c0373bd0174c:39731/jars/org.scala-lang_scala-reflect-2.12.11.jar with timestamp 1716074520997
[2024-05-18T23:22:01.905+0000] {spark_submit.py:571} INFO - 24/05/18 23:22:01 INFO SparkContext: Added JAR file:///home/***/.ivy2/jars/com.datastax.oss_native-protocol-1.5.0.jar at spark://c0373bd0174c:39731/jars/com.datastax.oss_native-protocol-1.5.0.jar with timestamp 1716074520997
[2024-05-18T23:22:01.907+0000] {spark_submit.py:571} INFO - 24/05/18 23:22:01 INFO SparkContext: Added JAR file:///home/***/.ivy2/jars/com.datastax.oss_java-driver-shaded-guava-25.1-jre-graal-sub-1.jar at spark://c0373bd0174c:39731/jars/com.datastax.oss_java-driver-shaded-guava-25.1-jre-graal-sub-1.jar with timestamp 1716074520997
[2024-05-18T23:22:01.907+0000] {spark_submit.py:571} INFO - 24/05/18 23:22:01 INFO SparkContext: Added JAR file:///home/***/.ivy2/jars/com.typesafe_config-1.4.1.jar at spark://c0373bd0174c:39731/jars/com.typesafe_config-1.4.1.jar with timestamp 1716074520997
[2024-05-18T23:22:01.908+0000] {spark_submit.py:571} INFO - 24/05/18 23:22:01 INFO SparkContext: Added JAR file:///home/***/.ivy2/jars/io.dropwizard.metrics_metrics-core-4.1.18.jar at spark://c0373bd0174c:39731/jars/io.dropwizard.metrics_metrics-core-4.1.18.jar with timestamp 1716074520997
[2024-05-18T23:22:01.909+0000] {spark_submit.py:571} INFO - 24/05/18 23:22:01 INFO SparkContext: Added JAR file:///home/***/.ivy2/jars/org.hdrhistogram_HdrHistogram-2.1.12.jar at spark://c0373bd0174c:39731/jars/org.hdrhistogram_HdrHistogram-2.1.12.jar with timestamp 1716074520997
[2024-05-18T23:22:01.910+0000] {spark_submit.py:571} INFO - 24/05/18 23:22:01 INFO SparkContext: Added JAR file:///home/***/.ivy2/jars/org.reactivestreams_reactive-streams-1.0.3.jar at spark://c0373bd0174c:39731/jars/org.reactivestreams_reactive-streams-1.0.3.jar with timestamp 1716074520997
[2024-05-18T23:22:01.911+0000] {spark_submit.py:571} INFO - 24/05/18 23:22:01 INFO SparkContext: Added JAR file:///home/***/.ivy2/jars/com.github.stephenc.jcip_jcip-annotations-1.0-1.jar at spark://c0373bd0174c:39731/jars/com.github.stephenc.jcip_jcip-annotations-1.0-1.jar with timestamp 1716074520997
[2024-05-18T23:22:01.912+0000] {spark_submit.py:571} INFO - 24/05/18 23:22:01 INFO SparkContext: Added JAR file:///home/***/.ivy2/jars/com.github.spotbugs_spotbugs-annotations-3.1.12.jar at spark://c0373bd0174c:39731/jars/com.github.spotbugs_spotbugs-annotations-3.1.12.jar with timestamp 1716074520997
[2024-05-18T23:22:01.913+0000] {spark_submit.py:571} INFO - 24/05/18 23:22:01 INFO SparkContext: Added JAR file:///home/***/.ivy2/jars/com.google.code.findbugs_jsr305-3.0.2.jar at spark://c0373bd0174c:39731/jars/com.google.code.findbugs_jsr305-3.0.2.jar with timestamp 1716074520997
[2024-05-18T23:22:01.914+0000] {spark_submit.py:571} INFO - 24/05/18 23:22:01 INFO SparkContext: Added JAR file:///home/***/.ivy2/jars/com.datastax.oss_java-driver-query-builder-4.13.0.jar at spark://c0373bd0174c:39731/jars/com.datastax.oss_java-driver-query-builder-4.13.0.jar with timestamp 1716074520997
[2024-05-18T23:22:01.914+0000] {spark_submit.py:571} INFO - 24/05/18 23:22:01 INFO SparkContext: Added JAR file:///home/***/.ivy2/jars/com.github.luben_zstd-jni-1.5.5-1.jar at spark://c0373bd0174c:39731/jars/com.github.luben_zstd-jni-1.5.5-1.jar with timestamp 1716074520997
[2024-05-18T23:22:01.914+0000] {spark_submit.py:571} INFO - 24/05/18 23:22:01 INFO SparkContext: Added JAR file:///home/***/.ivy2/jars/org.lz4_lz4-java-1.8.0.jar at spark://c0373bd0174c:39731/jars/org.lz4_lz4-java-1.8.0.jar with timestamp 1716074520997
[2024-05-18T23:22:01.916+0000] {spark_submit.py:571} INFO - 24/05/18 23:22:01 INFO SparkContext: Added file file:///home/***/.ivy2/jars/org.apache.spark_spark-sql-kafka-0-10_2.12-3.5.1.jar at spark://c0373bd0174c:39731/files/org.apache.spark_spark-sql-kafka-0-10_2.12-3.5.1.jar with timestamp 1716074520997
[2024-05-18T23:22:01.917+0000] {spark_submit.py:571} INFO - 24/05/18 23:22:01 INFO Utils: Copying /home/***/.ivy2/jars/org.apache.spark_spark-sql-kafka-0-10_2.12-3.5.1.jar to /tmp/spark-80602c3a-b312-410a-ae32-fe0af307c3d9/userFiles-94ac4e8f-b786-42ee-b629-527a29e3dfa5/org.apache.spark_spark-sql-kafka-0-10_2.12-3.5.1.jar
[2024-05-18T23:22:01.937+0000] {spark_submit.py:571} INFO - 24/05/18 23:22:01 INFO SparkContext: Added file file:///home/***/.ivy2/jars/com.datastax.spark_spark-cassandra-connector_2.12-3.5.0.jar at spark://c0373bd0174c:39731/files/com.datastax.spark_spark-cassandra-connector_2.12-3.5.0.jar with timestamp 1716074520997
[2024-05-18T23:22:01.937+0000] {spark_submit.py:571} INFO - 24/05/18 23:22:01 INFO Utils: Copying /home/***/.ivy2/jars/com.datastax.spark_spark-cassandra-connector_2.12-3.5.0.jar to /tmp/spark-80602c3a-b312-410a-ae32-fe0af307c3d9/userFiles-94ac4e8f-b786-42ee-b629-527a29e3dfa5/com.datastax.spark_spark-cassandra-connector_2.12-3.5.0.jar
[2024-05-18T23:22:01.947+0000] {spark_submit.py:571} INFO - 24/05/18 23:22:01 INFO SparkContext: Added file file:///home/***/.ivy2/jars/org.apache.kafka_kafka-clients-3.5.1.jar at spark://c0373bd0174c:39731/files/org.apache.kafka_kafka-clients-3.5.1.jar with timestamp 1716074520997
[2024-05-18T23:22:01.948+0000] {spark_submit.py:571} INFO - 24/05/18 23:22:01 INFO Utils: Copying /home/***/.ivy2/jars/org.apache.kafka_kafka-clients-3.5.1.jar to /tmp/spark-80602c3a-b312-410a-ae32-fe0af307c3d9/userFiles-94ac4e8f-b786-42ee-b629-527a29e3dfa5/org.apache.kafka_kafka-clients-3.5.1.jar
[2024-05-18T23:22:01.987+0000] {spark_submit.py:571} INFO - 24/05/18 23:22:01 INFO SparkContext: Added file file:///home/***/.ivy2/jars/commons-logging_commons-logging-1.2.jar at spark://c0373bd0174c:39731/files/commons-logging_commons-logging-1.2.jar with timestamp 1716074520997
[2024-05-18T23:22:01.988+0000] {spark_submit.py:571} INFO - 24/05/18 23:22:01 INFO Utils: Copying /home/***/.ivy2/jars/commons-logging_commons-logging-1.2.jar to /tmp/spark-80602c3a-b312-410a-ae32-fe0af307c3d9/userFiles-94ac4e8f-b786-42ee-b629-527a29e3dfa5/commons-logging_commons-logging-1.2.jar
[2024-05-18T23:22:01.992+0000] {spark_submit.py:571} INFO - 24/05/18 23:22:01 INFO SparkContext: Added file file:///home/***/.ivy2/jars/org.apache.spark_spark-token-provider-kafka-0-10_2.12-3.5.1.jar at spark://c0373bd0174c:39731/files/org.apache.spark_spark-token-provider-kafka-0-10_2.12-3.5.1.jar with timestamp 1716074520997
[2024-05-18T23:22:01.993+0000] {spark_submit.py:571} INFO - 24/05/18 23:22:01 INFO Utils: Copying /home/***/.ivy2/jars/org.apache.spark_spark-token-provider-kafka-0-10_2.12-3.5.1.jar to /tmp/spark-80602c3a-b312-410a-ae32-fe0af307c3d9/userFiles-94ac4e8f-b786-42ee-b629-527a29e3dfa5/org.apache.spark_spark-token-provider-kafka-0-10_2.12-3.5.1.jar
[2024-05-18T23:22:01.997+0000] {spark_submit.py:571} INFO - 24/05/18 23:22:01 INFO SparkContext: Added file file:///home/***/.ivy2/jars/org.apache.commons_commons-pool2-2.11.1.jar at spark://c0373bd0174c:39731/files/org.apache.commons_commons-pool2-2.11.1.jar with timestamp 1716074520997
[2024-05-18T23:22:01.998+0000] {spark_submit.py:571} INFO - 24/05/18 23:22:01 INFO Utils: Copying /home/***/.ivy2/jars/org.apache.commons_commons-pool2-2.11.1.jar to /tmp/spark-80602c3a-b312-410a-ae32-fe0af307c3d9/userFiles-94ac4e8f-b786-42ee-b629-527a29e3dfa5/org.apache.commons_commons-pool2-2.11.1.jar
[2024-05-18T23:22:02.002+0000] {spark_submit.py:571} INFO - 24/05/18 23:22:02 INFO SparkContext: Added file file:///home/***/.ivy2/jars/org.apache.hadoop_hadoop-client-runtime-3.3.4.jar at spark://c0373bd0174c:39731/files/org.apache.hadoop_hadoop-client-runtime-3.3.4.jar with timestamp 1716074520997
[2024-05-18T23:22:02.002+0000] {spark_submit.py:571} INFO - 24/05/18 23:22:02 INFO Utils: Copying /home/***/.ivy2/jars/org.apache.hadoop_hadoop-client-runtime-3.3.4.jar to /tmp/spark-80602c3a-b312-410a-ae32-fe0af307c3d9/userFiles-94ac4e8f-b786-42ee-b629-527a29e3dfa5/org.apache.hadoop_hadoop-client-runtime-3.3.4.jar
[2024-05-18T23:22:02.175+0000] {spark_submit.py:571} INFO - 24/05/18 23:22:02 INFO SparkContext: Added file file:///home/***/.ivy2/jars/org.apache.hadoop_hadoop-client-api-3.3.4.jar at spark://c0373bd0174c:39731/files/org.apache.hadoop_hadoop-client-api-3.3.4.jar with timestamp 1716074520997
[2024-05-18T23:22:02.187+0000] {spark_submit.py:571} INFO - 24/05/18 23:22:02 INFO Utils: Copying /home/***/.ivy2/jars/org.apache.hadoop_hadoop-client-api-3.3.4.jar to /tmp/spark-80602c3a-b312-410a-ae32-fe0af307c3d9/userFiles-94ac4e8f-b786-42ee-b629-527a29e3dfa5/org.apache.hadoop_hadoop-client-api-3.3.4.jar
[2024-05-18T23:22:02.247+0000] {spark_submit.py:571} INFO - 24/05/18 23:22:02 INFO SparkContext: Added file file:///home/***/.ivy2/jars/org.xerial.snappy_snappy-java-1.1.10.3.jar at spark://c0373bd0174c:39731/files/org.xerial.snappy_snappy-java-1.1.10.3.jar with timestamp 1716074520997
[2024-05-18T23:22:02.248+0000] {spark_submit.py:571} INFO - 24/05/18 23:22:02 INFO Utils: Copying /home/***/.ivy2/jars/org.xerial.snappy_snappy-java-1.1.10.3.jar to /tmp/spark-80602c3a-b312-410a-ae32-fe0af307c3d9/userFiles-94ac4e8f-b786-42ee-b629-527a29e3dfa5/org.xerial.snappy_snappy-java-1.1.10.3.jar
[2024-05-18T23:22:02.268+0000] {spark_submit.py:571} INFO - 24/05/18 23:22:02 INFO SparkContext: Added file file:///home/***/.ivy2/jars/org.slf4j_slf4j-api-2.0.7.jar at spark://c0373bd0174c:39731/files/org.slf4j_slf4j-api-2.0.7.jar with timestamp 1716074520997
[2024-05-18T23:22:02.269+0000] {spark_submit.py:571} INFO - 24/05/18 23:22:02 INFO Utils: Copying /home/***/.ivy2/jars/org.slf4j_slf4j-api-2.0.7.jar to /tmp/spark-80602c3a-b312-410a-ae32-fe0af307c3d9/userFiles-94ac4e8f-b786-42ee-b629-527a29e3dfa5/org.slf4j_slf4j-api-2.0.7.jar
[2024-05-18T23:22:02.274+0000] {spark_submit.py:571} INFO - 24/05/18 23:22:02 INFO SparkContext: Added file file:///home/***/.ivy2/jars/com.datastax.spark_spark-cassandra-connector-driver_2.12-3.5.0.jar at spark://c0373bd0174c:39731/files/com.datastax.spark_spark-cassandra-connector-driver_2.12-3.5.0.jar with timestamp 1716074520997
[2024-05-18T23:22:02.274+0000] {spark_submit.py:571} INFO - 24/05/18 23:22:02 INFO Utils: Copying /home/***/.ivy2/jars/com.datastax.spark_spark-cassandra-connector-driver_2.12-3.5.0.jar to /tmp/spark-80602c3a-b312-410a-ae32-fe0af307c3d9/userFiles-94ac4e8f-b786-42ee-b629-527a29e3dfa5/com.datastax.spark_spark-cassandra-connector-driver_2.12-3.5.0.jar
[2024-05-18T23:22:02.279+0000] {spark_submit.py:571} INFO - 24/05/18 23:22:02 INFO SparkContext: Added file file:///home/***/.ivy2/jars/org.scala-lang.modules_scala-collection-compat_2.12-2.11.0.jar at spark://c0373bd0174c:39731/files/org.scala-lang.modules_scala-collection-compat_2.12-2.11.0.jar with timestamp 1716074520997
[2024-05-18T23:22:02.281+0000] {spark_submit.py:571} INFO - 24/05/18 23:22:02 INFO Utils: Copying /home/***/.ivy2/jars/org.scala-lang.modules_scala-collection-compat_2.12-2.11.0.jar to /tmp/spark-80602c3a-b312-410a-ae32-fe0af307c3d9/userFiles-94ac4e8f-b786-42ee-b629-527a29e3dfa5/org.scala-lang.modules_scala-collection-compat_2.12-2.11.0.jar
[2024-05-18T23:22:02.284+0000] {spark_submit.py:571} INFO - 24/05/18 23:22:02 INFO SparkContext: Added file file:///home/***/.ivy2/jars/com.datastax.oss_java-driver-core-shaded-4.13.0.jar at spark://c0373bd0174c:39731/files/com.datastax.oss_java-driver-core-shaded-4.13.0.jar with timestamp 1716074520997
[2024-05-18T23:22:02.284+0000] {spark_submit.py:571} INFO - 24/05/18 23:22:02 INFO Utils: Copying /home/***/.ivy2/jars/com.datastax.oss_java-driver-core-shaded-4.13.0.jar to /tmp/spark-80602c3a-b312-410a-ae32-fe0af307c3d9/userFiles-94ac4e8f-b786-42ee-b629-527a29e3dfa5/com.datastax.oss_java-driver-core-shaded-4.13.0.jar
[2024-05-18T23:22:02.342+0000] {spark_submit.py:571} INFO - 24/05/18 23:22:02 INFO SparkContext: Added file file:///home/***/.ivy2/jars/com.datastax.oss_java-driver-mapper-runtime-4.13.0.jar at spark://c0373bd0174c:39731/files/com.datastax.oss_java-driver-mapper-runtime-4.13.0.jar with timestamp 1716074520997
[2024-05-18T23:22:02.343+0000] {spark_submit.py:571} INFO - 24/05/18 23:22:02 INFO Utils: Copying /home/***/.ivy2/jars/com.datastax.oss_java-driver-mapper-runtime-4.13.0.jar to /tmp/spark-80602c3a-b312-410a-ae32-fe0af307c3d9/userFiles-94ac4e8f-b786-42ee-b629-527a29e3dfa5/com.datastax.oss_java-driver-mapper-runtime-4.13.0.jar
[2024-05-18T23:22:02.348+0000] {spark_submit.py:571} INFO - 24/05/18 23:22:02 INFO SparkContext: Added file file:///home/***/.ivy2/jars/org.apache.commons_commons-lang3-3.10.jar at spark://c0373bd0174c:39731/files/org.apache.commons_commons-lang3-3.10.jar with timestamp 1716074520997
[2024-05-18T23:22:02.350+0000] {spark_submit.py:571} INFO - 24/05/18 23:22:02 INFO Utils: Copying /home/***/.ivy2/jars/org.apache.commons_commons-lang3-3.10.jar to /tmp/spark-80602c3a-b312-410a-ae32-fe0af307c3d9/userFiles-94ac4e8f-b786-42ee-b629-527a29e3dfa5/org.apache.commons_commons-lang3-3.10.jar
[2024-05-18T23:22:02.355+0000] {spark_submit.py:571} INFO - 24/05/18 23:22:02 INFO SparkContext: Added file file:///home/***/.ivy2/jars/com.thoughtworks.paranamer_paranamer-2.8.jar at spark://c0373bd0174c:39731/files/com.thoughtworks.paranamer_paranamer-2.8.jar with timestamp 1716074520997
[2024-05-18T23:22:02.355+0000] {spark_submit.py:571} INFO - 24/05/18 23:22:02 INFO Utils: Copying /home/***/.ivy2/jars/com.thoughtworks.paranamer_paranamer-2.8.jar to /tmp/spark-80602c3a-b312-410a-ae32-fe0af307c3d9/userFiles-94ac4e8f-b786-42ee-b629-527a29e3dfa5/com.thoughtworks.paranamer_paranamer-2.8.jar
[2024-05-18T23:22:02.358+0000] {spark_submit.py:571} INFO - 24/05/18 23:22:02 INFO SparkContext: Added file file:///home/***/.ivy2/jars/org.scala-lang_scala-reflect-2.12.11.jar at spark://c0373bd0174c:39731/files/org.scala-lang_scala-reflect-2.12.11.jar with timestamp 1716074520997
[2024-05-18T23:22:02.361+0000] {spark_submit.py:571} INFO - 24/05/18 23:22:02 INFO Utils: Copying /home/***/.ivy2/jars/org.scala-lang_scala-reflect-2.12.11.jar to /tmp/spark-80602c3a-b312-410a-ae32-fe0af307c3d9/userFiles-94ac4e8f-b786-42ee-b629-527a29e3dfa5/org.scala-lang_scala-reflect-2.12.11.jar
[2024-05-18T23:22:02.375+0000] {spark_submit.py:571} INFO - 24/05/18 23:22:02 INFO SparkContext: Added file file:///home/***/.ivy2/jars/com.datastax.oss_native-protocol-1.5.0.jar at spark://c0373bd0174c:39731/files/com.datastax.oss_native-protocol-1.5.0.jar with timestamp 1716074520997
[2024-05-18T23:22:02.375+0000] {spark_submit.py:571} INFO - 24/05/18 23:22:02 INFO Utils: Copying /home/***/.ivy2/jars/com.datastax.oss_native-protocol-1.5.0.jar to /tmp/spark-80602c3a-b312-410a-ae32-fe0af307c3d9/userFiles-94ac4e8f-b786-42ee-b629-527a29e3dfa5/com.datastax.oss_native-protocol-1.5.0.jar
[2024-05-18T23:22:02.379+0000] {spark_submit.py:571} INFO - 24/05/18 23:22:02 INFO SparkContext: Added file file:///home/***/.ivy2/jars/com.datastax.oss_java-driver-shaded-guava-25.1-jre-graal-sub-1.jar at spark://c0373bd0174c:39731/files/com.datastax.oss_java-driver-shaded-guava-25.1-jre-graal-sub-1.jar with timestamp 1716074520997
[2024-05-18T23:22:02.380+0000] {spark_submit.py:571} INFO - 24/05/18 23:22:02 INFO Utils: Copying /home/***/.ivy2/jars/com.datastax.oss_java-driver-shaded-guava-25.1-jre-graal-sub-1.jar to /tmp/spark-80602c3a-b312-410a-ae32-fe0af307c3d9/userFiles-94ac4e8f-b786-42ee-b629-527a29e3dfa5/com.datastax.oss_java-driver-shaded-guava-25.1-jre-graal-sub-1.jar
[2024-05-18T23:22:02.394+0000] {spark_submit.py:571} INFO - 24/05/18 23:22:02 INFO SparkContext: Added file file:///home/***/.ivy2/jars/com.typesafe_config-1.4.1.jar at spark://c0373bd0174c:39731/files/com.typesafe_config-1.4.1.jar with timestamp 1716074520997
[2024-05-18T23:22:02.395+0000] {spark_submit.py:571} INFO - 24/05/18 23:22:02 INFO Utils: Copying /home/***/.ivy2/jars/com.typesafe_config-1.4.1.jar to /tmp/spark-80602c3a-b312-410a-ae32-fe0af307c3d9/userFiles-94ac4e8f-b786-42ee-b629-527a29e3dfa5/com.typesafe_config-1.4.1.jar
[2024-05-18T23:22:02.400+0000] {spark_submit.py:571} INFO - 24/05/18 23:22:02 INFO SparkContext: Added file file:///home/***/.ivy2/jars/io.dropwizard.metrics_metrics-core-4.1.18.jar at spark://c0373bd0174c:39731/files/io.dropwizard.metrics_metrics-core-4.1.18.jar with timestamp 1716074520997
[2024-05-18T23:22:02.400+0000] {spark_submit.py:571} INFO - 24/05/18 23:22:02 INFO Utils: Copying /home/***/.ivy2/jars/io.dropwizard.metrics_metrics-core-4.1.18.jar to /tmp/spark-80602c3a-b312-410a-ae32-fe0af307c3d9/userFiles-94ac4e8f-b786-42ee-b629-527a29e3dfa5/io.dropwizard.metrics_metrics-core-4.1.18.jar
[2024-05-18T23:22:02.411+0000] {spark_submit.py:571} INFO - 24/05/18 23:22:02 INFO SparkContext: Added file file:///home/***/.ivy2/jars/org.hdrhistogram_HdrHistogram-2.1.12.jar at spark://c0373bd0174c:39731/files/org.hdrhistogram_HdrHistogram-2.1.12.jar with timestamp 1716074520997
[2024-05-18T23:22:02.413+0000] {spark_submit.py:571} INFO - 24/05/18 23:22:02 INFO Utils: Copying /home/***/.ivy2/jars/org.hdrhistogram_HdrHistogram-2.1.12.jar to /tmp/spark-80602c3a-b312-410a-ae32-fe0af307c3d9/userFiles-94ac4e8f-b786-42ee-b629-527a29e3dfa5/org.hdrhistogram_HdrHistogram-2.1.12.jar
[2024-05-18T23:22:02.420+0000] {spark_submit.py:571} INFO - 24/05/18 23:22:02 INFO SparkContext: Added file file:///home/***/.ivy2/jars/org.reactivestreams_reactive-streams-1.0.3.jar at spark://c0373bd0174c:39731/files/org.reactivestreams_reactive-streams-1.0.3.jar with timestamp 1716074520997
[2024-05-18T23:22:02.420+0000] {spark_submit.py:571} INFO - 24/05/18 23:22:02 INFO Utils: Copying /home/***/.ivy2/jars/org.reactivestreams_reactive-streams-1.0.3.jar to /tmp/spark-80602c3a-b312-410a-ae32-fe0af307c3d9/userFiles-94ac4e8f-b786-42ee-b629-527a29e3dfa5/org.reactivestreams_reactive-streams-1.0.3.jar
[2024-05-18T23:22:02.423+0000] {spark_submit.py:571} INFO - 24/05/18 23:22:02 INFO SparkContext: Added file file:///home/***/.ivy2/jars/com.github.stephenc.jcip_jcip-annotations-1.0-1.jar at spark://c0373bd0174c:39731/files/com.github.stephenc.jcip_jcip-annotations-1.0-1.jar with timestamp 1716074520997
[2024-05-18T23:22:02.424+0000] {spark_submit.py:571} INFO - 24/05/18 23:22:02 INFO Utils: Copying /home/***/.ivy2/jars/com.github.stephenc.jcip_jcip-annotations-1.0-1.jar to /tmp/spark-80602c3a-b312-410a-ae32-fe0af307c3d9/userFiles-94ac4e8f-b786-42ee-b629-527a29e3dfa5/com.github.stephenc.jcip_jcip-annotations-1.0-1.jar
[2024-05-18T23:22:02.427+0000] {spark_submit.py:571} INFO - 24/05/18 23:22:02 INFO SparkContext: Added file file:///home/***/.ivy2/jars/com.github.spotbugs_spotbugs-annotations-3.1.12.jar at spark://c0373bd0174c:39731/files/com.github.spotbugs_spotbugs-annotations-3.1.12.jar with timestamp 1716074520997
[2024-05-18T23:22:02.427+0000] {spark_submit.py:571} INFO - 24/05/18 23:22:02 INFO Utils: Copying /home/***/.ivy2/jars/com.github.spotbugs_spotbugs-annotations-3.1.12.jar to /tmp/spark-80602c3a-b312-410a-ae32-fe0af307c3d9/userFiles-94ac4e8f-b786-42ee-b629-527a29e3dfa5/com.github.spotbugs_spotbugs-annotations-3.1.12.jar
[2024-05-18T23:22:02.429+0000] {spark_submit.py:571} INFO - 24/05/18 23:22:02 INFO SparkContext: Added file file:///home/***/.ivy2/jars/com.google.code.findbugs_jsr305-3.0.2.jar at spark://c0373bd0174c:39731/files/com.google.code.findbugs_jsr305-3.0.2.jar with timestamp 1716074520997
[2024-05-18T23:22:02.430+0000] {spark_submit.py:571} INFO - 24/05/18 23:22:02 INFO Utils: Copying /home/***/.ivy2/jars/com.google.code.findbugs_jsr305-3.0.2.jar to /tmp/spark-80602c3a-b312-410a-ae32-fe0af307c3d9/userFiles-94ac4e8f-b786-42ee-b629-527a29e3dfa5/com.google.code.findbugs_jsr305-3.0.2.jar
[2024-05-18T23:22:02.433+0000] {spark_submit.py:571} INFO - 24/05/18 23:22:02 INFO SparkContext: Added file file:///home/***/.ivy2/jars/com.datastax.oss_java-driver-query-builder-4.13.0.jar at spark://c0373bd0174c:39731/files/com.datastax.oss_java-driver-query-builder-4.13.0.jar with timestamp 1716074520997
[2024-05-18T23:22:02.434+0000] {spark_submit.py:571} INFO - 24/05/18 23:22:02 INFO Utils: Copying /home/***/.ivy2/jars/com.datastax.oss_java-driver-query-builder-4.13.0.jar to /tmp/spark-80602c3a-b312-410a-ae32-fe0af307c3d9/userFiles-94ac4e8f-b786-42ee-b629-527a29e3dfa5/com.datastax.oss_java-driver-query-builder-4.13.0.jar
[2024-05-18T23:22:02.438+0000] {spark_submit.py:571} INFO - 24/05/18 23:22:02 INFO SparkContext: Added file file:///home/***/.ivy2/jars/com.github.luben_zstd-jni-1.5.5-1.jar at spark://c0373bd0174c:39731/files/com.github.luben_zstd-jni-1.5.5-1.jar with timestamp 1716074520997
[2024-05-18T23:22:02.441+0000] {spark_submit.py:571} INFO - 24/05/18 23:22:02 INFO Utils: Copying /home/***/.ivy2/jars/com.github.luben_zstd-jni-1.5.5-1.jar to /tmp/spark-80602c3a-b312-410a-ae32-fe0af307c3d9/userFiles-94ac4e8f-b786-42ee-b629-527a29e3dfa5/com.github.luben_zstd-jni-1.5.5-1.jar
[2024-05-18T23:22:02.479+0000] {spark_submit.py:571} INFO - 24/05/18 23:22:02 INFO SparkContext: Added file file:///home/***/.ivy2/jars/org.lz4_lz4-java-1.8.0.jar at spark://c0373bd0174c:39731/files/org.lz4_lz4-java-1.8.0.jar with timestamp 1716074520997
[2024-05-18T23:22:02.479+0000] {spark_submit.py:571} INFO - 24/05/18 23:22:02 INFO Utils: Copying /home/***/.ivy2/jars/org.lz4_lz4-java-1.8.0.jar to /tmp/spark-80602c3a-b312-410a-ae32-fe0af307c3d9/userFiles-94ac4e8f-b786-42ee-b629-527a29e3dfa5/org.lz4_lz4-java-1.8.0.jar
[2024-05-18T23:22:02.594+0000] {spark_submit.py:571} INFO - 24/05/18 23:22:02 INFO StandaloneAppClient$ClientEndpoint: Connecting to master spark://spark-master:7077...
[2024-05-18T23:22:02.658+0000] {spark_submit.py:571} INFO - 24/05/18 23:22:02 INFO TransportClientFactory: Successfully created connection to spark-master/192.168.16.3:7077 after 33 ms (0 ms spent in bootstraps)
[2024-05-18T23:22:03.145+0000] {spark_submit.py:571} INFO - 24/05/18 23:22:03 INFO StandaloneSchedulerBackend: Connected to Spark cluster with app ID app-20240518232203-0000
[2024-05-18T23:22:03.154+0000] {spark_submit.py:571} INFO - 24/05/18 23:22:03 INFO Utils: Successfully started service 'org.apache.spark.network.netty.NettyBlockTransferService' on port 46867.
[2024-05-18T23:22:03.155+0000] {spark_submit.py:571} INFO - 24/05/18 23:22:03 INFO NettyBlockTransferService: Server created on c0373bd0174c:46867
[2024-05-18T23:22:03.157+0000] {spark_submit.py:571} INFO - 24/05/18 23:22:03 INFO BlockManager: Using org.apache.spark.storage.RandomBlockReplicationPolicy for block replication policy
[2024-05-18T23:22:03.164+0000] {spark_submit.py:571} INFO - 24/05/18 23:22:03 INFO BlockManagerMaster: Registering BlockManager BlockManagerId(driver, c0373bd0174c, 46867, None)
[2024-05-18T23:22:03.167+0000] {spark_submit.py:571} INFO - 24/05/18 23:22:03 INFO BlockManagerMasterEndpoint: Registering block manager c0373bd0174c:46867 with 434.4 MiB RAM, BlockManagerId(driver, c0373bd0174c, 46867, None)
[2024-05-18T23:22:03.170+0000] {spark_submit.py:571} INFO - 24/05/18 23:22:03 INFO BlockManagerMaster: Registered BlockManager BlockManagerId(driver, c0373bd0174c, 46867, None)
[2024-05-18T23:22:03.175+0000] {spark_submit.py:571} INFO - 24/05/18 23:22:03 INFO BlockManager: Initialized BlockManager: BlockManagerId(driver, c0373bd0174c, 46867, None)
[2024-05-18T23:22:03.214+0000] {spark_submit.py:571} INFO - 24/05/18 23:22:03 INFO StandaloneAppClient$ClientEndpoint: Executor added: app-20240518232203-0000/0 on worker-20240518231723-192.168.16.6-34535 (192.168.16.6:34535) with 1 core(s)
[2024-05-18T23:22:03.219+0000] {spark_submit.py:571} INFO - 24/05/18 23:22:03 INFO StandaloneSchedulerBackend: Granted executor ID app-20240518232203-0000/0 on hostPort 192.168.16.6:34535 with 1 core(s), 1024.0 MiB RAM
[2024-05-18T23:22:03.582+0000] {spark_submit.py:571} INFO - 24/05/18 23:22:03 INFO StandaloneSchedulerBackend: SchedulerBackend is ready for scheduling beginning after reached minRegisteredResourcesRatio: 0.0
[2024-05-18T23:22:04.662+0000] {spark_submit.py:571} INFO - 24/05/18 23:22:04 INFO StandaloneAppClient$ClientEndpoint: Executor updated: app-20240518232203-0000/0 is now RUNNING
[2024-05-18T23:22:04.808+0000] {spark_submit.py:571} INFO - 24/05/18 23:22:04 INFO SharedState: Setting hive.metastore.warehouse.dir ('null') to the value of spark.sql.warehouse.dir.
[2024-05-18T23:22:04.810+0000] {spark_submit.py:571} INFO - 24/05/18 23:22:04 INFO SharedState: Warehouse path is 'file:/opt/***/spark-warehouse'.
[2024-05-18T23:22:08.695+0000] {spark_submit.py:571} INFO - INFO:py4j.java_gateway:Callback Server Starting
[2024-05-18T23:22:08.700+0000] {spark_submit.py:571} INFO - INFO:py4j.java_gateway:Socket listening on ('127.0.0.1', 44695)
[2024-05-18T23:22:08.743+0000] {spark_submit.py:571} INFO - 24/05/18 23:22:08 INFO StateStoreCoordinatorRef: Registered StateStoreCoordinator endpoint
[2024-05-18T23:22:08.823+0000] {spark_submit.py:571} INFO - 24/05/18 23:22:08 INFO StandaloneSchedulerBackend$StandaloneDriverEndpoint: Registered executor NettyRpcEndpointRef(spark-client://Executor) (192.168.16.6:46582) with ID 0,  ResourceProfileId 0
[2024-05-18T23:22:08.833+0000] {spark_submit.py:571} INFO - 24/05/18 23:22:08 WARN ResolveWriteToStream: Temporary checkpoint location created which is deleted normally when the query didn't fail: /tmp/temporary-0a7bf2b1-3d59-4f17-8c0a-34797bda9e13. If it's required to delete it under any circumstances, please set spark.sql.streaming.forceDeleteTempCheckpointLocation to true. Important to know deleting temp checkpoint folder is best effort.
[2024-05-18T23:22:08.896+0000] {spark_submit.py:571} INFO - 24/05/18 23:22:08 INFO ResolveWriteToStream: Checkpoint root file:///tmp/temporary-0a7bf2b1-3d59-4f17-8c0a-34797bda9e13 resolved to file:/tmp/temporary-0a7bf2b1-3d59-4f17-8c0a-34797bda9e13.
[2024-05-18T23:22:08.897+0000] {spark_submit.py:571} INFO - 24/05/18 23:22:08 WARN ResolveWriteToStream: spark.sql.adaptive.enabled is not supported in streaming DataFrames/Datasets and will be disabled.
[2024-05-18T23:22:08.938+0000] {spark_submit.py:571} INFO - 24/05/18 23:22:08 INFO BlockManagerMasterEndpoint: Registering block manager 192.168.16.6:40969 with 434.4 MiB RAM, BlockManagerId(0, 192.168.16.6, 40969, None)
[2024-05-18T23:22:09.001+0000] {spark_submit.py:571} INFO - 24/05/18 23:22:09 INFO CheckpointFileManager: Writing atomically to file:/tmp/temporary-0a7bf2b1-3d59-4f17-8c0a-34797bda9e13/metadata using temp file file:/tmp/temporary-0a7bf2b1-3d59-4f17-8c0a-34797bda9e13/.metadata.a2c15bee-5a88-44a7-b38e-89ec83f87163.tmp
[2024-05-18T23:22:09.137+0000] {spark_submit.py:571} INFO - 24/05/18 23:22:09 INFO CheckpointFileManager: Renamed temp file file:/tmp/temporary-0a7bf2b1-3d59-4f17-8c0a-34797bda9e13/.metadata.a2c15bee-5a88-44a7-b38e-89ec83f87163.tmp to file:/tmp/temporary-0a7bf2b1-3d59-4f17-8c0a-34797bda9e13/metadata
[2024-05-18T23:22:09.197+0000] {spark_submit.py:571} INFO - 24/05/18 23:22:09 INFO MicroBatchExecution: Starting [id = 6036682a-df2d-442b-a364-b809c7967558, runId = b9e84d5a-f1da-4858-b9cc-8c64c484315c]. Use file:/tmp/temporary-0a7bf2b1-3d59-4f17-8c0a-34797bda9e13 to store the query checkpoint.
[2024-05-18T23:22:09.215+0000] {spark_submit.py:571} INFO - 24/05/18 23:22:09 INFO MicroBatchExecution: Reading table [org.apache.spark.sql.kafka010.KafkaSourceProvider$KafkaTable@7b2f6496] from DataSourceV2 named 'kafka' [org.apache.spark.sql.kafka010.KafkaSourceProvider@1d4b030]
[2024-05-18T23:22:09.268+0000] {spark_submit.py:571} INFO - 24/05/18 23:22:09 INFO OffsetSeqLog: BatchIds found from listing:
[2024-05-18T23:22:09.272+0000] {spark_submit.py:571} INFO - 24/05/18 23:22:09 INFO OffsetSeqLog: BatchIds found from listing:
[2024-05-18T23:22:09.274+0000] {spark_submit.py:571} INFO - 24/05/18 23:22:09 INFO MicroBatchExecution: Starting new streaming query.
[2024-05-18T23:22:09.275+0000] {spark_submit.py:571} INFO - 24/05/18 23:22:09 INFO MicroBatchExecution: Stream started from {}
[2024-05-18T23:22:10.081+0000] {spark_submit.py:571} INFO - 24/05/18 23:22:10 INFO AdminClientConfig: AdminClientConfig values:
[2024-05-18T23:22:10.085+0000] {spark_submit.py:571} INFO - auto.include.jmx.reporter = true
[2024-05-18T23:22:10.085+0000] {spark_submit.py:571} INFO - bootstrap.servers = [kafka:9092]
[2024-05-18T23:22:10.085+0000] {spark_submit.py:571} INFO - client.dns.lookup = use_all_dns_ips
[2024-05-18T23:22:10.086+0000] {spark_submit.py:571} INFO - client.id =
[2024-05-18T23:22:10.086+0000] {spark_submit.py:571} INFO - connections.max.idle.ms = 300000
[2024-05-18T23:22:10.086+0000] {spark_submit.py:571} INFO - default.api.timeout.ms = 60000
[2024-05-18T23:22:10.087+0000] {spark_submit.py:571} INFO - metadata.max.age.ms = 300000
[2024-05-18T23:22:10.087+0000] {spark_submit.py:571} INFO - metric.reporters = []
[2024-05-18T23:22:10.087+0000] {spark_submit.py:571} INFO - metrics.num.samples = 2
[2024-05-18T23:22:10.087+0000] {spark_submit.py:571} INFO - metrics.recording.level = INFO
[2024-05-18T23:22:10.088+0000] {spark_submit.py:571} INFO - metrics.sample.window.ms = 30000
[2024-05-18T23:22:10.088+0000] {spark_submit.py:571} INFO - receive.buffer.bytes = 65536
[2024-05-18T23:22:10.088+0000] {spark_submit.py:571} INFO - reconnect.backoff.max.ms = 1000
[2024-05-18T23:22:10.089+0000] {spark_submit.py:571} INFO - reconnect.backoff.ms = 50
[2024-05-18T23:22:10.089+0000] {spark_submit.py:571} INFO - request.timeout.ms = 30000
[2024-05-18T23:22:10.089+0000] {spark_submit.py:571} INFO - retries = 2147483647
[2024-05-18T23:22:10.089+0000] {spark_submit.py:571} INFO - retry.backoff.ms = 100
[2024-05-18T23:22:10.090+0000] {spark_submit.py:571} INFO - sasl.client.callback.handler.class = null
[2024-05-18T23:22:10.090+0000] {spark_submit.py:571} INFO - sasl.jaas.config = null
[2024-05-18T23:22:10.090+0000] {spark_submit.py:571} INFO - sasl.kerberos.kinit.cmd = /usr/bin/kinit
[2024-05-18T23:22:10.091+0000] {spark_submit.py:571} INFO - sasl.kerberos.min.time.before.relogin = 60000
[2024-05-18T23:22:10.091+0000] {spark_submit.py:571} INFO - sasl.kerberos.service.name = null
[2024-05-18T23:22:10.091+0000] {spark_submit.py:571} INFO - sasl.kerberos.ticket.renew.jitter = 0.05
[2024-05-18T23:22:10.091+0000] {spark_submit.py:571} INFO - sasl.kerberos.ticket.renew.window.factor = 0.8
[2024-05-18T23:22:10.091+0000] {spark_submit.py:571} INFO - sasl.login.callback.handler.class = null
[2024-05-18T23:22:10.092+0000] {spark_submit.py:571} INFO - sasl.login.class = null
[2024-05-18T23:22:10.092+0000] {spark_submit.py:571} INFO - sasl.login.connect.timeout.ms = null
[2024-05-18T23:22:10.092+0000] {spark_submit.py:571} INFO - sasl.login.read.timeout.ms = null
[2024-05-18T23:22:10.092+0000] {spark_submit.py:571} INFO - sasl.login.refresh.buffer.seconds = 300
[2024-05-18T23:22:10.092+0000] {spark_submit.py:571} INFO - sasl.login.refresh.min.period.seconds = 60
[2024-05-18T23:22:10.092+0000] {spark_submit.py:571} INFO - sasl.login.refresh.window.factor = 0.8
[2024-05-18T23:22:10.092+0000] {spark_submit.py:571} INFO - sasl.login.refresh.window.jitter = 0.05
[2024-05-18T23:22:10.092+0000] {spark_submit.py:571} INFO - sasl.login.retry.backoff.max.ms = 10000
[2024-05-18T23:22:10.093+0000] {spark_submit.py:571} INFO - sasl.login.retry.backoff.ms = 100
[2024-05-18T23:22:10.093+0000] {spark_submit.py:571} INFO - sasl.mechanism = GSSAPI
[2024-05-18T23:22:10.093+0000] {spark_submit.py:571} INFO - sasl.oauthbearer.clock.skew.seconds = 30
[2024-05-18T23:22:10.093+0000] {spark_submit.py:571} INFO - sasl.oauthbearer.expected.audience = null
[2024-05-18T23:22:10.093+0000] {spark_submit.py:571} INFO - sasl.oauthbearer.expected.issuer = null
[2024-05-18T23:22:10.093+0000] {spark_submit.py:571} INFO - sasl.oauthbearer.jwks.endpoint.refresh.ms = 3600000
[2024-05-18T23:22:10.093+0000] {spark_submit.py:571} INFO - sasl.oauthbearer.jwks.endpoint.retry.backoff.max.ms = 10000
[2024-05-18T23:22:10.094+0000] {spark_submit.py:571} INFO - sasl.oauthbearer.jwks.endpoint.retry.backoff.ms = 100
[2024-05-18T23:22:10.094+0000] {spark_submit.py:571} INFO - sasl.oauthbearer.jwks.endpoint.url = null
[2024-05-18T23:22:10.094+0000] {spark_submit.py:571} INFO - sasl.oauthbearer.scope.claim.name = scope
[2024-05-18T23:22:10.095+0000] {spark_submit.py:571} INFO - sasl.oauthbearer.sub.claim.name = sub
[2024-05-18T23:22:10.095+0000] {spark_submit.py:571} INFO - sasl.oauthbearer.token.endpoint.url = null
[2024-05-18T23:22:10.095+0000] {spark_submit.py:571} INFO - security.protocol = PLAINTEXT
[2024-05-18T23:22:10.095+0000] {spark_submit.py:571} INFO - security.providers = null
[2024-05-18T23:22:10.095+0000] {spark_submit.py:571} INFO - send.buffer.bytes = 131072
[2024-05-18T23:22:10.095+0000] {spark_submit.py:571} INFO - socket.connection.setup.timeout.max.ms = 30000
[2024-05-18T23:22:10.095+0000] {spark_submit.py:571} INFO - socket.connection.setup.timeout.ms = 10000
[2024-05-18T23:22:10.096+0000] {spark_submit.py:571} INFO - ssl.cipher.suites = null
[2024-05-18T23:22:10.096+0000] {spark_submit.py:571} INFO - ssl.enabled.protocols = [TLSv1.2, TLSv1.3]
[2024-05-18T23:22:10.097+0000] {spark_submit.py:571} INFO - ssl.endpoint.identification.algorithm = https
[2024-05-18T23:22:10.097+0000] {spark_submit.py:571} INFO - ssl.engine.factory.class = null
[2024-05-18T23:22:10.097+0000] {spark_submit.py:571} INFO - ssl.key.password = null
[2024-05-18T23:22:10.098+0000] {spark_submit.py:571} INFO - ssl.keymanager.algorithm = SunX509
[2024-05-18T23:22:10.098+0000] {spark_submit.py:571} INFO - ssl.keystore.certificate.chain = null
[2024-05-18T23:22:10.098+0000] {spark_submit.py:571} INFO - ssl.keystore.key = null
[2024-05-18T23:22:10.099+0000] {spark_submit.py:571} INFO - ssl.keystore.location = null
[2024-05-18T23:22:10.099+0000] {spark_submit.py:571} INFO - ssl.keystore.password = null
[2024-05-18T23:22:10.099+0000] {spark_submit.py:571} INFO - ssl.keystore.type = JKS
[2024-05-18T23:22:10.099+0000] {spark_submit.py:571} INFO - ssl.protocol = TLSv1.3
[2024-05-18T23:22:10.100+0000] {spark_submit.py:571} INFO - ssl.provider = null
[2024-05-18T23:22:10.100+0000] {spark_submit.py:571} INFO - ssl.secure.random.implementation = null
[2024-05-18T23:22:10.100+0000] {spark_submit.py:571} INFO - ssl.trustmanager.algorithm = PKIX
[2024-05-18T23:22:10.101+0000] {spark_submit.py:571} INFO - ssl.truststore.certificates = null
[2024-05-18T23:22:10.101+0000] {spark_submit.py:571} INFO - ssl.truststore.location = null
[2024-05-18T23:22:10.101+0000] {spark_submit.py:571} INFO - ssl.truststore.password = null
[2024-05-18T23:22:10.102+0000] {spark_submit.py:571} INFO - ssl.truststore.type = JKS
[2024-05-18T23:22:10.102+0000] {spark_submit.py:571} INFO - 
[2024-05-18T23:22:10.214+0000] {spark_submit.py:571} INFO - 24/05/18 23:22:10 INFO AdminClientConfig: These configurations '[key.deserializer, value.deserializer, enable.auto.commit, max.poll.records, auto.offset.reset]' were supplied but are not used yet.
[2024-05-18T23:22:10.218+0000] {spark_submit.py:571} INFO - 24/05/18 23:22:10 INFO AppInfoParser: Kafka version: 3.5.1
[2024-05-18T23:22:10.218+0000] {spark_submit.py:571} INFO - 24/05/18 23:22:10 INFO AppInfoParser: Kafka commitId: 2c6fb6c54472e90a
[2024-05-18T23:22:10.219+0000] {spark_submit.py:571} INFO - 24/05/18 23:22:10 INFO AppInfoParser: Kafka startTimeMs: 1716074530214
[2024-05-18T23:22:11.253+0000] {spark_submit.py:571} INFO - 24/05/18 23:22:11 INFO CheckpointFileManager: Writing atomically to file:/tmp/temporary-0a7bf2b1-3d59-4f17-8c0a-34797bda9e13/sources/0/0 using temp file file:/tmp/temporary-0a7bf2b1-3d59-4f17-8c0a-34797bda9e13/sources/0/.0.98dc45f8-94ed-49f8-9843-4f066740a66c.tmp
[2024-05-18T23:22:11.373+0000] {spark_submit.py:571} INFO - 24/05/18 23:22:11 INFO CheckpointFileManager: Renamed temp file file:/tmp/temporary-0a7bf2b1-3d59-4f17-8c0a-34797bda9e13/sources/0/.0.98dc45f8-94ed-49f8-9843-4f066740a66c.tmp to file:/tmp/temporary-0a7bf2b1-3d59-4f17-8c0a-34797bda9e13/sources/0/0
[2024-05-18T23:22:11.384+0000] {spark_submit.py:571} INFO - 24/05/18 23:22:11 INFO KafkaMicroBatchStream: Initial offsets: {"redfin_properties":{"0":0}}
[2024-05-18T23:22:11.422+0000] {spark_submit.py:571} INFO - 24/05/18 23:22:11 INFO CheckpointFileManager: Writing atomically to file:/tmp/temporary-0a7bf2b1-3d59-4f17-8c0a-34797bda9e13/offsets/0 using temp file file:/tmp/temporary-0a7bf2b1-3d59-4f17-8c0a-34797bda9e13/offsets/.0.3cb125aa-a13b-4b9a-be48-939b5b2979f0.tmp
[2024-05-18T23:22:11.568+0000] {spark_submit.py:571} INFO - 24/05/18 23:22:11 INFO CheckpointFileManager: Renamed temp file file:/tmp/temporary-0a7bf2b1-3d59-4f17-8c0a-34797bda9e13/offsets/.0.3cb125aa-a13b-4b9a-be48-939b5b2979f0.tmp to file:/tmp/temporary-0a7bf2b1-3d59-4f17-8c0a-34797bda9e13/offsets/0
[2024-05-18T23:22:11.571+0000] {spark_submit.py:571} INFO - 24/05/18 23:22:11 INFO MicroBatchExecution: Committed offsets for batch 0. Metadata OffsetSeqMetadata(0,1716074531409,Map(spark.sql.streaming.stateStore.providerClass -> org.apache.spark.sql.execution.streaming.state.HDFSBackedStateStoreProvider, spark.sql.streaming.join.stateFormatVersion -> 2, spark.sql.streaming.stateStore.compression.codec -> lz4, spark.sql.streaming.stateStore.rocksdb.formatVersion -> 5, spark.sql.streaming.statefulOperator.useStrictDistribution -> true, spark.sql.streaming.flatMapGroupsWithState.stateFormatVersion -> 2, spark.sql.streaming.multipleWatermarkPolicy -> min, spark.sql.streaming.aggregation.stateFormatVersion -> 2, spark.sql.shuffle.partitions -> 200))
[2024-05-18T23:22:12.460+0000] {spark_submit.py:571} INFO - 24/05/18 23:22:12 INFO KafkaOffsetReaderAdmin: Partitions added: Map()
[2024-05-18T23:22:12.585+0000] {spark_submit.py:571} INFO - 24/05/18 23:22:12 INFO KafkaOffsetReaderAdmin: Partitions added: Map()
[2024-05-18T23:22:12.728+0000] {spark_submit.py:571} INFO - 24/05/18 23:22:12 INFO KafkaOffsetReaderAdmin: Partitions added: Map()
[2024-05-18T23:22:12.729+0000] {spark_submit.py:571} INFO - 24/05/18 23:22:12 INFO KafkaOffsetReaderAdmin: Partitions added: Map()
[2024-05-18T23:22:13.355+0000] {spark_submit.py:571} INFO - 24/05/18 23:22:13 INFO CodeGenerator: Code generated in 425.500209 ms
[2024-05-18T23:22:13.574+0000] {spark_submit.py:571} INFO - INFO:py4j.clientserver:Python Server ready to receive messages
[2024-05-18T23:22:13.576+0000] {spark_submit.py:571} INFO - INFO:py4j.clientserver:Received command c on object id p0
[2024-05-18T23:22:13.646+0000] {spark_submit.py:571} INFO - 24/05/18 23:22:13 INFO CodeGenerator: Code generated in 32.603958 ms
[2024-05-18T23:22:13.836+0000] {spark_submit.py:571} INFO - 24/05/18 23:22:13 INFO SparkContext: Starting job: call at /home/***/.local/lib/python3.11/site-packages/pyspark/python/lib/py4j-0.10.9.7-src.zip/py4j/clientserver.py:617
[2024-05-18T23:22:13.849+0000] {spark_submit.py:571} INFO - 24/05/18 23:22:13 INFO DAGScheduler: Got job 0 (call at /home/***/.local/lib/python3.11/site-packages/pyspark/python/lib/py4j-0.10.9.7-src.zip/py4j/clientserver.py:617) with 1 output partitions
[2024-05-18T23:22:13.849+0000] {spark_submit.py:571} INFO - 24/05/18 23:22:13 INFO DAGScheduler: Final stage: ResultStage 0 (call at /home/***/.local/lib/python3.11/site-packages/pyspark/python/lib/py4j-0.10.9.7-src.zip/py4j/clientserver.py:617)
[2024-05-18T23:22:13.849+0000] {spark_submit.py:571} INFO - 24/05/18 23:22:13 INFO DAGScheduler: Parents of final stage: List()
[2024-05-18T23:22:13.850+0000] {spark_submit.py:571} INFO - 24/05/18 23:22:13 INFO DAGScheduler: Missing parents: List()
[2024-05-18T23:22:13.853+0000] {spark_submit.py:571} INFO - 24/05/18 23:22:13 INFO DAGScheduler: Submitting ResultStage 0 (PythonRDD[9] at call at /home/***/.local/lib/python3.11/site-packages/pyspark/python/lib/py4j-0.10.9.7-src.zip/py4j/clientserver.py:617), which has no missing parents
[2024-05-18T23:22:13.938+0000] {spark_submit.py:571} INFO - 24/05/18 23:22:13 INFO MemoryStore: Block broadcast_0 stored as values in memory (estimated size 69.8 KiB, free 434.3 MiB)
[2024-05-18T23:22:13.969+0000] {spark_submit.py:571} INFO - 24/05/18 23:22:13 INFO MemoryStore: Block broadcast_0_piece0 stored as bytes in memory (estimated size 25.5 KiB, free 434.3 MiB)
[2024-05-18T23:22:13.971+0000] {spark_submit.py:571} INFO - 24/05/18 23:22:13 INFO BlockManagerInfo: Added broadcast_0_piece0 in memory on c0373bd0174c:46867 (size: 25.5 KiB, free: 434.4 MiB)
[2024-05-18T23:22:13.974+0000] {spark_submit.py:571} INFO - 24/05/18 23:22:13 INFO SparkContext: Created broadcast 0 from broadcast at DAGScheduler.scala:1585
[2024-05-18T23:22:13.984+0000] {spark_submit.py:571} INFO - 24/05/18 23:22:13 INFO DAGScheduler: Submitting 1 missing tasks from ResultStage 0 (PythonRDD[9] at call at /home/***/.local/lib/python3.11/site-packages/pyspark/python/lib/py4j-0.10.9.7-src.zip/py4j/clientserver.py:617) (first 15 tasks are for partitions Vector(0))
[2024-05-18T23:22:13.985+0000] {spark_submit.py:571} INFO - 24/05/18 23:22:13 INFO TaskSchedulerImpl: Adding task set 0.0 with 1 tasks resource profile 0
[2024-05-18T23:22:14.008+0000] {spark_submit.py:571} INFO - 24/05/18 23:22:14 INFO TaskSetManager: Starting task 0.0 in stage 0.0 (TID 0) (192.168.16.6, executor 0, partition 0, PROCESS_LOCAL, 14272 bytes)
[2024-05-18T23:22:14.762+0000] {spark_submit.py:571} INFO - 24/05/18 23:22:14 INFO BlockManagerInfo: Added broadcast_0_piece0 in memory on 192.168.16.6:40969 (size: 25.5 KiB, free: 434.4 MiB)
[2024-05-18T23:22:21.337+0000] {spark_submit.py:571} INFO - 24/05/18 23:22:21 INFO TaskSetManager: Finished task 0.0 in stage 0.0 (TID 0) in 7331 ms on 192.168.16.6 (executor 0) (1/1)
[2024-05-18T23:22:21.342+0000] {spark_submit.py:571} INFO - 24/05/18 23:22:21 INFO TaskSchedulerImpl: Removed TaskSet 0.0, whose tasks have all completed, from pool
[2024-05-18T23:22:21.348+0000] {spark_submit.py:571} INFO - 24/05/18 23:22:21 INFO PythonAccumulatorV2: Connected to AccumulatorServer at host: 127.0.0.1 port: 36185
[2024-05-18T23:22:21.353+0000] {spark_submit.py:571} INFO - 24/05/18 23:22:21 INFO DAGScheduler: ResultStage 0 (call at /home/***/.local/lib/python3.11/site-packages/pyspark/python/lib/py4j-0.10.9.7-src.zip/py4j/clientserver.py:617) finished in 7.490 s
[2024-05-18T23:22:21.357+0000] {spark_submit.py:571} INFO - 24/05/18 23:22:21 INFO DAGScheduler: Job 0 is finished. Cancelling potential speculative or zombie tasks for this job
[2024-05-18T23:22:21.358+0000] {spark_submit.py:571} INFO - 24/05/18 23:22:21 INFO TaskSchedulerImpl: Killing all running tasks in stage 0: Stage finished
[2024-05-18T23:22:21.361+0000] {spark_submit.py:571} INFO - 24/05/18 23:22:21 INFO DAGScheduler: Job 0 finished: call at /home/***/.local/lib/python3.11/site-packages/pyspark/python/lib/py4j-0.10.9.7-src.zip/py4j/clientserver.py:617, took 7.524402 s
[2024-05-18T23:22:21.484+0000] {spark_submit.py:571} INFO - 24/05/18 23:22:21 INFO CheckpointFileManager: Writing atomically to file:/tmp/temporary-0a7bf2b1-3d59-4f17-8c0a-34797bda9e13/commits/0 using temp file file:/tmp/temporary-0a7bf2b1-3d59-4f17-8c0a-34797bda9e13/commits/.0.39dff5f6-1b0c-442e-95b2-00e58cbeda17.tmp
[2024-05-18T23:22:21.558+0000] {spark_submit.py:571} INFO - 24/05/18 23:22:21 INFO CheckpointFileManager: Renamed temp file file:/tmp/temporary-0a7bf2b1-3d59-4f17-8c0a-34797bda9e13/commits/.0.39dff5f6-1b0c-442e-95b2-00e58cbeda17.tmp to file:/tmp/temporary-0a7bf2b1-3d59-4f17-8c0a-34797bda9e13/commits/0
[2024-05-18T23:22:21.633+0000] {spark_submit.py:571} INFO - 24/05/18 23:22:21 INFO MicroBatchExecution: Streaming query made progress: {
[2024-05-18T23:22:21.633+0000] {spark_submit.py:571} INFO - "id" : "6036682a-df2d-442b-a364-b809c7967558",
[2024-05-18T23:22:21.633+0000] {spark_submit.py:571} INFO - "runId" : "b9e84d5a-f1da-4858-b9cc-8c64c484315c",
[2024-05-18T23:22:21.634+0000] {spark_submit.py:571} INFO - "name" : null,
[2024-05-18T23:22:21.634+0000] {spark_submit.py:571} INFO - "timestamp" : "2024-05-18T23:22:09.258Z",
[2024-05-18T23:22:21.635+0000] {spark_submit.py:571} INFO - "batchId" : 0,
[2024-05-18T23:22:21.636+0000] {spark_submit.py:571} INFO - "numInputRows" : 1,
[2024-05-18T23:22:21.636+0000] {spark_submit.py:571} INFO - "inputRowsPerSecond" : 0.0,
[2024-05-18T23:22:21.636+0000] {spark_submit.py:571} INFO - "processedRowsPerSecond" : 0.08128759551292473,
[2024-05-18T23:22:21.637+0000] {spark_submit.py:571} INFO - "durationMs" : {
[2024-05-18T23:22:21.637+0000] {spark_submit.py:571} INFO - "addBatch" : 8756,
[2024-05-18T23:22:21.638+0000] {spark_submit.py:571} INFO - "commitOffsets" : 126,
[2024-05-18T23:22:21.638+0000] {spark_submit.py:571} INFO - "getBatch" : 116,
[2024-05-18T23:22:21.638+0000] {spark_submit.py:571} INFO - "latestOffset" : 2129,
[2024-05-18T23:22:21.639+0000] {spark_submit.py:571} INFO - "queryPlanning" : 960,
[2024-05-18T23:22:21.639+0000] {spark_submit.py:571} INFO - "triggerExecution" : 12302,
[2024-05-18T23:22:21.639+0000] {spark_submit.py:571} INFO - "walCommit" : 160
[2024-05-18T23:22:21.640+0000] {spark_submit.py:571} INFO - },
[2024-05-18T23:22:21.640+0000] {spark_submit.py:571} INFO - "stateOperators" : [ ],
[2024-05-18T23:22:21.640+0000] {spark_submit.py:571} INFO - "sources" : [ {
[2024-05-18T23:22:21.640+0000] {spark_submit.py:571} INFO - "description" : "KafkaV2[Subscribe[redfin_properties]]",
[2024-05-18T23:22:21.640+0000] {spark_submit.py:571} INFO - "startOffset" : null,
[2024-05-18T23:22:21.640+0000] {spark_submit.py:571} INFO - "endOffset" : {
[2024-05-18T23:22:21.640+0000] {spark_submit.py:571} INFO - "redfin_properties" : {
[2024-05-18T23:22:21.641+0000] {spark_submit.py:571} INFO - "0" : 1
[2024-05-18T23:22:21.641+0000] {spark_submit.py:571} INFO - }
[2024-05-18T23:22:21.641+0000] {spark_submit.py:571} INFO - },
[2024-05-18T23:22:21.641+0000] {spark_submit.py:571} INFO - "latestOffset" : {
[2024-05-18T23:22:21.641+0000] {spark_submit.py:571} INFO - "redfin_properties" : {
[2024-05-18T23:22:21.641+0000] {spark_submit.py:571} INFO - "0" : 1
[2024-05-18T23:22:21.642+0000] {spark_submit.py:571} INFO - }
[2024-05-18T23:22:21.642+0000] {spark_submit.py:571} INFO - },
[2024-05-18T23:22:21.642+0000] {spark_submit.py:571} INFO - "numInputRows" : 1,
[2024-05-18T23:22:21.642+0000] {spark_submit.py:571} INFO - "inputRowsPerSecond" : 0.0,
[2024-05-18T23:22:21.642+0000] {spark_submit.py:571} INFO - "processedRowsPerSecond" : 0.08128759551292473,
[2024-05-18T23:22:21.642+0000] {spark_submit.py:571} INFO - "metrics" : {
[2024-05-18T23:22:21.643+0000] {spark_submit.py:571} INFO - "avgOffsetsBehindLatest" : "0.0",
[2024-05-18T23:22:21.643+0000] {spark_submit.py:571} INFO - "maxOffsetsBehindLatest" : "0",
[2024-05-18T23:22:21.643+0000] {spark_submit.py:571} INFO - "minOffsetsBehindLatest" : "0"
[2024-05-18T23:22:21.643+0000] {spark_submit.py:571} INFO - }
[2024-05-18T23:22:21.643+0000] {spark_submit.py:571} INFO - } ],
[2024-05-18T23:22:21.644+0000] {spark_submit.py:571} INFO - "sink" : {
[2024-05-18T23:22:21.644+0000] {spark_submit.py:571} INFO - "description" : "ForeachBatchSink",
[2024-05-18T23:22:21.644+0000] {spark_submit.py:571} INFO - "numOutputRows" : -1
[2024-05-18T23:22:21.645+0000] {spark_submit.py:571} INFO - }
[2024-05-18T23:22:21.645+0000] {spark_submit.py:571} INFO - }
[2024-05-18T23:22:31.676+0000] {spark_submit.py:571} INFO - 24/05/18 23:22:31 INFO MicroBatchExecution: Streaming query has been idle and waiting for new data more than 10000 ms.
[2024-05-18T23:22:34.391+0000] {spark_submit.py:571} INFO - 24/05/18 23:22:34 INFO CheckpointFileManager: Writing atomically to file:/tmp/temporary-0a7bf2b1-3d59-4f17-8c0a-34797bda9e13/offsets/1 using temp file file:/tmp/temporary-0a7bf2b1-3d59-4f17-8c0a-34797bda9e13/offsets/.1.000e9d68-78b5-4f9e-b2ad-099db274371d.tmp
[2024-05-18T23:22:34.524+0000] {spark_submit.py:571} INFO - 24/05/18 23:22:34 INFO CheckpointFileManager: Renamed temp file file:/tmp/temporary-0a7bf2b1-3d59-4f17-8c0a-34797bda9e13/offsets/.1.000e9d68-78b5-4f9e-b2ad-099db274371d.tmp to file:/tmp/temporary-0a7bf2b1-3d59-4f17-8c0a-34797bda9e13/offsets/1
[2024-05-18T23:22:34.528+0000] {spark_submit.py:571} INFO - 24/05/18 23:22:34 INFO MicroBatchExecution: Committed offsets for batch 1. Metadata OffsetSeqMetadata(0,1716074554273,Map(spark.sql.streaming.stateStore.providerClass -> org.apache.spark.sql.execution.streaming.state.HDFSBackedStateStoreProvider, spark.sql.streaming.join.stateFormatVersion -> 2, spark.sql.streaming.stateStore.compression.codec -> lz4, spark.sql.streaming.stateStore.rocksdb.formatVersion -> 5, spark.sql.streaming.statefulOperator.useStrictDistribution -> true, spark.sql.streaming.flatMapGroupsWithState.stateFormatVersion -> 2, spark.sql.streaming.multipleWatermarkPolicy -> min, spark.sql.streaming.aggregation.stateFormatVersion -> 2, spark.sql.shuffle.partitions -> 200))
[2024-05-18T23:22:34.916+0000] {spark_submit.py:571} INFO - 24/05/18 23:22:34 INFO KafkaOffsetReaderAdmin: Partitions added: Map()
[2024-05-18T23:22:34.936+0000] {spark_submit.py:571} INFO - 24/05/18 23:22:34 INFO KafkaOffsetReaderAdmin: Partitions added: Map()
[2024-05-18T23:22:35.061+0000] {spark_submit.py:571} INFO - 24/05/18 23:22:35 INFO KafkaOffsetReaderAdmin: Partitions added: Map()
[2024-05-18T23:22:35.062+0000] {spark_submit.py:571} INFO - 24/05/18 23:22:35 INFO KafkaOffsetReaderAdmin: Partitions added: Map()
[2024-05-18T23:22:35.281+0000] {spark_submit.py:571} INFO - INFO:py4j.clientserver:Received command c on object id p0
[2024-05-18T23:22:35.899+0000] {spark_submit.py:571} INFO - 24/05/18 23:22:35 INFO SparkContext: Starting job: call at /home/***/.local/lib/python3.11/site-packages/pyspark/python/lib/py4j-0.10.9.7-src.zip/py4j/clientserver.py:617
[2024-05-18T23:22:35.912+0000] {spark_submit.py:571} INFO - 24/05/18 23:22:35 INFO DAGScheduler: Got job 1 (call at /home/***/.local/lib/python3.11/site-packages/pyspark/python/lib/py4j-0.10.9.7-src.zip/py4j/clientserver.py:617) with 1 output partitions
[2024-05-18T23:22:35.918+0000] {spark_submit.py:571} INFO - 24/05/18 23:22:35 INFO DAGScheduler: Final stage: ResultStage 1 (call at /home/***/.local/lib/python3.11/site-packages/pyspark/python/lib/py4j-0.10.9.7-src.zip/py4j/clientserver.py:617)
[2024-05-18T23:22:35.921+0000] {spark_submit.py:571} INFO - 24/05/18 23:22:35 INFO DAGScheduler: Parents of final stage: List()
[2024-05-18T23:22:35.926+0000] {spark_submit.py:571} INFO - 24/05/18 23:22:35 INFO DAGScheduler: Missing parents: List()
[2024-05-18T23:22:35.927+0000] {spark_submit.py:571} INFO - 24/05/18 23:22:35 INFO DAGScheduler: Submitting ResultStage 1 (PythonRDD[19] at call at /home/***/.local/lib/python3.11/site-packages/pyspark/python/lib/py4j-0.10.9.7-src.zip/py4j/clientserver.py:617), which has no missing parents
[2024-05-18T23:22:35.987+0000] {spark_submit.py:571} INFO - 24/05/18 23:22:35 INFO MemoryStore: Block broadcast_1 stored as values in memory (estimated size 69.8 KiB, free 434.2 MiB)
[2024-05-18T23:22:36.036+0000] {spark_submit.py:571} INFO - 24/05/18 23:22:36 INFO MemoryStore: Block broadcast_1_piece0 stored as bytes in memory (estimated size 25.5 KiB, free 434.2 MiB)
[2024-05-18T23:22:36.037+0000] {spark_submit.py:571} INFO - 24/05/18 23:22:36 INFO BlockManagerInfo: Added broadcast_1_piece0 in memory on c0373bd0174c:46867 (size: 25.5 KiB, free: 434.4 MiB)
[2024-05-18T23:22:36.041+0000] {spark_submit.py:571} INFO - 24/05/18 23:22:36 INFO SparkContext: Created broadcast 1 from broadcast at DAGScheduler.scala:1585
[2024-05-18T23:22:36.050+0000] {spark_submit.py:571} INFO - 24/05/18 23:22:36 INFO DAGScheduler: Submitting 1 missing tasks from ResultStage 1 (PythonRDD[19] at call at /home/***/.local/lib/python3.11/site-packages/pyspark/python/lib/py4j-0.10.9.7-src.zip/py4j/clientserver.py:617) (first 15 tasks are for partitions Vector(0))
[2024-05-18T23:22:36.054+0000] {spark_submit.py:571} INFO - 24/05/18 23:22:36 INFO TaskSchedulerImpl: Adding task set 1.0 with 1 tasks resource profile 0
[2024-05-18T23:22:36.087+0000] {spark_submit.py:571} INFO - 24/05/18 23:22:36 INFO TaskSetManager: Starting task 0.0 in stage 1.0 (TID 1) (192.168.16.6, executor 0, partition 0, PROCESS_LOCAL, 14272 bytes)
[2024-05-18T23:22:36.364+0000] {spark_submit.py:571} INFO - 24/05/18 23:22:36 INFO BlockManagerInfo: Added broadcast_1_piece0 in memory on 192.168.16.6:40969 (size: 25.5 KiB, free: 434.4 MiB)
[2024-05-18T23:22:37.366+0000] {spark_submit.py:571} INFO - 24/05/18 23:22:37 INFO TaskSetManager: Finished task 0.0 in stage 1.0 (TID 1) in 1295 ms on 192.168.16.6 (executor 0) (1/1)
[2024-05-18T23:22:37.374+0000] {spark_submit.py:571} INFO - 24/05/18 23:22:37 INFO TaskSchedulerImpl: Removed TaskSet 1.0, whose tasks have all completed, from pool
[2024-05-18T23:22:37.374+0000] {spark_submit.py:571} INFO - 24/05/18 23:22:37 INFO DAGScheduler: ResultStage 1 (call at /home/***/.local/lib/python3.11/site-packages/pyspark/python/lib/py4j-0.10.9.7-src.zip/py4j/clientserver.py:617) finished in 1.438 s
[2024-05-18T23:22:37.375+0000] {spark_submit.py:571} INFO - 24/05/18 23:22:37 INFO DAGScheduler: Job 1 is finished. Cancelling potential speculative or zombie tasks for this job
[2024-05-18T23:22:37.380+0000] {spark_submit.py:571} INFO - 24/05/18 23:22:37 INFO TaskSchedulerImpl: Killing all running tasks in stage 1: Stage finished
[2024-05-18T23:22:37.382+0000] {spark_submit.py:571} INFO - 24/05/18 23:22:37 INFO DAGScheduler: Job 1 finished: call at /home/***/.local/lib/python3.11/site-packages/pyspark/python/lib/py4j-0.10.9.7-src.zip/py4j/clientserver.py:617, took 1.485888 s
[2024-05-18T23:22:37.420+0000] {spark_submit.py:571} INFO - 24/05/18 23:22:37 INFO CheckpointFileManager: Writing atomically to file:/tmp/temporary-0a7bf2b1-3d59-4f17-8c0a-34797bda9e13/commits/1 using temp file file:/tmp/temporary-0a7bf2b1-3d59-4f17-8c0a-34797bda9e13/commits/.1.cd31d95d-1af2-4d29-854f-175cf7261e7b.tmp
[2024-05-18T23:22:37.474+0000] {spark_submit.py:571} INFO - 24/05/18 23:22:37 INFO CheckpointFileManager: Renamed temp file file:/tmp/temporary-0a7bf2b1-3d59-4f17-8c0a-34797bda9e13/commits/.1.cd31d95d-1af2-4d29-854f-175cf7261e7b.tmp to file:/tmp/temporary-0a7bf2b1-3d59-4f17-8c0a-34797bda9e13/commits/1
[2024-05-18T23:22:37.479+0000] {spark_submit.py:571} INFO - 24/05/18 23:22:37 INFO MicroBatchExecution: Streaming query made progress: {
[2024-05-18T23:22:37.479+0000] {spark_submit.py:571} INFO - "id" : "6036682a-df2d-442b-a364-b809c7967558",
[2024-05-18T23:22:37.479+0000] {spark_submit.py:571} INFO - "runId" : "b9e84d5a-f1da-4858-b9cc-8c64c484315c",
[2024-05-18T23:22:37.479+0000] {spark_submit.py:571} INFO - "name" : null,
[2024-05-18T23:22:37.480+0000] {spark_submit.py:571} INFO - "timestamp" : "2024-05-18T23:22:34.267Z",
[2024-05-18T23:22:37.481+0000] {spark_submit.py:571} INFO - "batchId" : 1,
[2024-05-18T23:22:37.481+0000] {spark_submit.py:571} INFO - "numInputRows" : 1,
[2024-05-18T23:22:37.481+0000] {spark_submit.py:571} INFO - "inputRowsPerSecond" : 34.48275862068965,
[2024-05-18T23:22:37.481+0000] {spark_submit.py:571} INFO - "processedRowsPerSecond" : 0.3118178983473652,
[2024-05-18T23:22:37.482+0000] {spark_submit.py:571} INFO - "durationMs" : {
[2024-05-18T23:22:37.482+0000] {spark_submit.py:571} INFO - "addBatch" : 2395,
[2024-05-18T23:22:37.482+0000] {spark_submit.py:571} INFO - "commitOffsets" : 77,
[2024-05-18T23:22:37.482+0000] {spark_submit.py:571} INFO - "getBatch" : 2,
[2024-05-18T23:22:37.482+0000] {spark_submit.py:571} INFO - "latestOffset" : 6,
[2024-05-18T23:22:37.482+0000] {spark_submit.py:571} INFO - "queryPlanning" : 367,
[2024-05-18T23:22:37.483+0000] {spark_submit.py:571} INFO - "triggerExecution" : 3207,
[2024-05-18T23:22:37.483+0000] {spark_submit.py:571} INFO - "walCommit" : 275
[2024-05-18T23:22:37.483+0000] {spark_submit.py:571} INFO - },
[2024-05-18T23:22:37.484+0000] {spark_submit.py:571} INFO - "stateOperators" : [ ],
[2024-05-18T23:22:37.484+0000] {spark_submit.py:571} INFO - "sources" : [ {
[2024-05-18T23:22:37.484+0000] {spark_submit.py:571} INFO - "description" : "KafkaV2[Subscribe[redfin_properties]]",
[2024-05-18T23:22:37.485+0000] {spark_submit.py:571} INFO - "startOffset" : {
[2024-05-18T23:22:37.485+0000] {spark_submit.py:571} INFO - "redfin_properties" : {
[2024-05-18T23:22:37.485+0000] {spark_submit.py:571} INFO - "0" : 1
[2024-05-18T23:22:37.485+0000] {spark_submit.py:571} INFO - }
[2024-05-18T23:22:37.489+0000] {spark_submit.py:571} INFO - },
[2024-05-18T23:22:37.489+0000] {spark_submit.py:571} INFO - "endOffset" : {
[2024-05-18T23:22:37.489+0000] {spark_submit.py:571} INFO - "redfin_properties" : {
[2024-05-18T23:22:37.490+0000] {spark_submit.py:571} INFO - "0" : 2
[2024-05-18T23:22:37.490+0000] {spark_submit.py:571} INFO - }
[2024-05-18T23:22:37.490+0000] {spark_submit.py:571} INFO - },
[2024-05-18T23:22:37.490+0000] {spark_submit.py:571} INFO - "latestOffset" : {
[2024-05-18T23:22:37.490+0000] {spark_submit.py:571} INFO - "redfin_properties" : {
[2024-05-18T23:22:37.491+0000] {spark_submit.py:571} INFO - "0" : 2
[2024-05-18T23:22:37.491+0000] {spark_submit.py:571} INFO - }
[2024-05-18T23:22:37.491+0000] {spark_submit.py:571} INFO - },
[2024-05-18T23:22:37.491+0000] {spark_submit.py:571} INFO - "numInputRows" : 1,
[2024-05-18T23:22:37.491+0000] {spark_submit.py:571} INFO - "inputRowsPerSecond" : 34.48275862068965,
[2024-05-18T23:22:37.491+0000] {spark_submit.py:571} INFO - "processedRowsPerSecond" : 0.3118178983473652,
[2024-05-18T23:22:37.492+0000] {spark_submit.py:571} INFO - "metrics" : {
[2024-05-18T23:22:37.492+0000] {spark_submit.py:571} INFO - "avgOffsetsBehindLatest" : "0.0",
[2024-05-18T23:22:37.492+0000] {spark_submit.py:571} INFO - "maxOffsetsBehindLatest" : "0",
[2024-05-18T23:22:37.492+0000] {spark_submit.py:571} INFO - "minOffsetsBehindLatest" : "0"
[2024-05-18T23:22:37.492+0000] {spark_submit.py:571} INFO - }
[2024-05-18T23:22:37.492+0000] {spark_submit.py:571} INFO - } ],
[2024-05-18T23:22:37.492+0000] {spark_submit.py:571} INFO - "sink" : {
[2024-05-18T23:22:37.493+0000] {spark_submit.py:571} INFO - "description" : "ForeachBatchSink",
[2024-05-18T23:22:37.493+0000] {spark_submit.py:571} INFO - "numOutputRows" : -1
[2024-05-18T23:22:37.493+0000] {spark_submit.py:571} INFO - }
[2024-05-18T23:22:37.493+0000] {spark_submit.py:571} INFO - }
[2024-05-18T23:22:40.224+0000] {spark_submit.py:571} INFO - 24/05/18 23:22:40 INFO BlockManagerInfo: Removed broadcast_1_piece0 on c0373bd0174c:46867 in memory (size: 25.5 KiB, free: 434.4 MiB)
[2024-05-18T23:22:40.342+0000] {spark_submit.py:571} INFO - 24/05/18 23:22:40 INFO BlockManagerInfo: Removed broadcast_1_piece0 on 192.168.16.6:40969 in memory (size: 25.5 KiB, free: 434.4 MiB)
[2024-05-18T23:22:40.361+0000] {spark_submit.py:571} INFO - 24/05/18 23:22:40 INFO BlockManagerInfo: Removed broadcast_0_piece0 on c0373bd0174c:46867 in memory (size: 25.5 KiB, free: 434.4 MiB)
[2024-05-18T23:22:40.364+0000] {spark_submit.py:571} INFO - 24/05/18 23:22:40 INFO BlockManagerInfo: Removed broadcast_0_piece0 on 192.168.16.6:40969 in memory (size: 25.5 KiB, free: 434.4 MiB)
[2024-05-18T23:22:47.505+0000] {spark_submit.py:571} INFO - 24/05/18 23:22:47 INFO MicroBatchExecution: Streaming query has been idle and waiting for new data more than 10000 ms.
[2024-05-18T23:22:55.706+0000] {local_task_job_runner.py:310} WARNING - State of this instance has been externally set to failed. Terminating instance.
[2024-05-18T23:22:55.836+0000] {local_task_job_runner.py:222} INFO - ::endgroup::
[2024-05-18T23:22:55.880+0000] {process_utils.py:132} INFO - Sending 15 to group 285. PIDs of all processes in the group: [286, 359, 285]
[2024-05-18T23:22:55.885+0000] {process_utils.py:87} INFO - Sending the signal 15 to group 285
[2024-05-18T23:22:55.931+0000] {taskinstance.py:2611} ERROR - Received SIGTERM. Terminating subprocesses.
[2024-05-18T23:22:55.961+0000] {spark_submit.py:697} INFO - Sending kill signal to spark-submit
[2024-05-18T23:22:56.004+0000] {taskinstance.py:441} INFO - ::group::Post task execution logs
[2024-05-18T23:22:56.617+0000] {process_utils.py:80} INFO - Process psutil.Process(pid=359, status='terminated', started='23:21:55') (359) terminated with exit code None
[2024-05-18T23:22:57.006+0000] {process_utils.py:80} INFO - Process psutil.Process(pid=285, status='terminated', exitcode=0, started='23:21:27') (285) terminated with exit code 0
[2024-05-18T23:22:57.007+0000] {process_utils.py:80} INFO - Process psutil.Process(pid=286, status='terminated', started='23:21:27') (286) terminated with exit code None
