[2024-05-17T21:36:19.718+0000] {local_task_job_runner.py:120} INFO - ::group::Pre task execution logs
[2024-05-17T21:36:19.776+0000] {taskinstance.py:2076} INFO - Dependencies all met for dep_context=non-requeueable deps ti=<TaskInstance: Webscrape.Process_Send_Data manual__2024-05-17T21:36:15.698455+00:00 [queued]>
[2024-05-17T21:36:19.784+0000] {taskinstance.py:2076} INFO - Dependencies all met for dep_context=requeueable deps ti=<TaskInstance: Webscrape.Process_Send_Data manual__2024-05-17T21:36:15.698455+00:00 [queued]>
[2024-05-17T21:36:19.784+0000] {taskinstance.py:2306} INFO - Starting attempt 1 of 6
[2024-05-17T21:36:19.797+0000] {taskinstance.py:2330} INFO - Executing <Task(SparkSubmitOperator): Process_Send_Data> on 2024-05-17 21:36:15.698455+00:00
[2024-05-17T21:36:19.836+0000] {standard_task_runner.py:63} INFO - Started process 11783 to run task
[2024-05-17T21:36:19.842+0000] {standard_task_runner.py:90} INFO - Running: ['***', 'tasks', 'run', 'Webscrape', 'Process_Send_Data', 'manual__2024-05-17T21:36:15.698455+00:00', '--job-id', '247', '--raw', '--subdir', 'DAGS_FOLDER/webscrapping.py', '--cfg-path', '/tmp/tmpjfoxuhbk']
[2024-05-17T21:36:19.866+0000] {standard_task_runner.py:91} INFO - Job 247: Subtask Process_Send_Data
[2024-05-17T21:36:20.431+0000] {task_command.py:426} INFO - Running <TaskInstance: Webscrape.Process_Send_Data manual__2024-05-17T21:36:15.698455+00:00 [running]> on host 3e429f118033
[2024-05-17T21:36:20.764+0000] {taskinstance.py:2648} INFO - Exporting env vars: AIRFLOW_CTX_DAG_OWNER='svc' AIRFLOW_CTX_DAG_ID='Webscrape' AIRFLOW_CTX_TASK_ID='Process_Send_Data' AIRFLOW_CTX_EXECUTION_DATE='2024-05-17T21:36:15.698455+00:00' AIRFLOW_CTX_TRY_NUMBER='1' AIRFLOW_CTX_DAG_RUN_ID='manual__2024-05-17T21:36:15.698455+00:00'
[2024-05-17T21:36:20.778+0000] {taskinstance.py:430} INFO - ::endgroup::
[2024-05-17T21:36:20.875+0000] {base.py:84} INFO - Using connection ID 'spark_default' for task execution.
[2024-05-17T21:36:20.880+0000] {spark_submit.py:401} INFO - Spark-Submit cmd: spark-submit --master spark://spark-master:7077 --packages org.apache.spark:spark-sql-kafka-0-10_2.12:3.5.1,com.datastax.spark:spark-cassandra-connector_2.12:3.5.0,org.apache.kafka:kafka-clients:3.4.1,commons-logging:commons-logging:1.2 --name arrow-spark --deploy-mode client dags/includes/jobs/spark_consumer.py
[2024-05-17T21:36:21.268+0000] {spark_submit.py:571} INFO - /home/***/.local/lib/python3.11/site-packages/pyspark/bin/load-spark-env.sh: line 68: ps: command not found
[2024-05-17T21:36:24.215+0000] {spark_submit.py:571} INFO - :: loading settings :: url = jar:file:/home/***/.local/lib/python3.11/site-packages/pyspark/jars/ivy-2.5.1.jar!/org/apache/ivy/core/settings/ivysettings.xml
[2024-05-17T21:36:24.318+0000] {spark_submit.py:571} INFO - Ivy Default Cache set to: /home/***/.ivy2/cache
[2024-05-17T21:36:24.319+0000] {spark_submit.py:571} INFO - The jars for the packages stored in: /home/***/.ivy2/jars
[2024-05-17T21:36:24.323+0000] {spark_submit.py:571} INFO - org.apache.spark#spark-sql-kafka-0-10_2.12 added as a dependency
[2024-05-17T21:36:24.323+0000] {spark_submit.py:571} INFO - com.datastax.spark#spark-cassandra-connector_2.12 added as a dependency
[2024-05-17T21:36:24.324+0000] {spark_submit.py:571} INFO - org.apache.kafka#kafka-clients added as a dependency
[2024-05-17T21:36:24.325+0000] {spark_submit.py:571} INFO - commons-logging#commons-logging added as a dependency
[2024-05-17T21:36:24.326+0000] {spark_submit.py:571} INFO - :: resolving dependencies :: org.apache.spark#spark-submit-parent-f5da42f7-459f-4b03-9a6e-b1162444876b;1.0
[2024-05-17T21:36:24.328+0000] {spark_submit.py:571} INFO - confs: [default]
[2024-05-17T21:36:24.596+0000] {spark_submit.py:571} INFO - found org.apache.spark#spark-sql-kafka-0-10_2.12;3.5.1 in central
[2024-05-17T21:36:24.695+0000] {spark_submit.py:571} INFO - found org.apache.spark#spark-token-provider-kafka-0-10_2.12;3.5.1 in central
[2024-05-17T21:36:24.758+0000] {spark_submit.py:571} INFO - found org.apache.kafka#kafka-clients;3.4.1 in central
[2024-05-17T21:36:24.788+0000] {spark_submit.py:571} INFO - found com.github.luben#zstd-jni;1.5.5-4 in central
[2024-05-17T21:36:24.822+0000] {spark_submit.py:571} INFO - found org.lz4#lz4-java;1.8.0 in central
[2024-05-17T21:36:24.843+0000] {spark_submit.py:571} INFO - found org.xerial.snappy#snappy-java;1.1.10.3 in central
[2024-05-17T21:36:24.867+0000] {spark_submit.py:571} INFO - found org.slf4j#slf4j-api;2.0.7 in central
[2024-05-17T21:36:24.908+0000] {spark_submit.py:571} INFO - found org.apache.hadoop#hadoop-client-runtime;3.3.4 in central
[2024-05-17T21:36:24.973+0000] {spark_submit.py:571} INFO - found org.apache.hadoop#hadoop-client-api;3.3.4 in central
[2024-05-17T21:36:25.041+0000] {spark_submit.py:571} INFO - found com.google.code.findbugs#jsr305;3.0.0 in central
[2024-05-17T21:36:25.069+0000] {spark_submit.py:571} INFO - found org.apache.commons#commons-pool2;2.11.1 in central
[2024-05-17T21:36:25.093+0000] {spark_submit.py:571} INFO - found com.datastax.spark#spark-cassandra-connector_2.12;3.5.0 in central
[2024-05-17T21:36:25.109+0000] {spark_submit.py:571} INFO - found com.datastax.spark#spark-cassandra-connector-driver_2.12;3.5.0 in central
[2024-05-17T21:36:25.123+0000] {spark_submit.py:571} INFO - found org.scala-lang.modules#scala-collection-compat_2.12;2.11.0 in central
[2024-05-17T21:36:25.155+0000] {spark_submit.py:571} INFO - found com.datastax.oss#java-driver-core-shaded;4.13.0 in central
[2024-05-17T21:36:25.175+0000] {spark_submit.py:571} INFO - found com.datastax.oss#native-protocol;1.5.0 in central
[2024-05-17T21:36:25.191+0000] {spark_submit.py:571} INFO - found com.datastax.oss#java-driver-shaded-guava;25.1-jre-graal-sub-1 in central
[2024-05-17T21:36:25.201+0000] {spark_submit.py:571} INFO - found com.typesafe#config;1.4.1 in central
[2024-05-17T21:36:25.225+0000] {spark_submit.py:571} INFO - found io.dropwizard.metrics#metrics-core;4.1.18 in central
[2024-05-17T21:36:25.241+0000] {spark_submit.py:571} INFO - found org.hdrhistogram#HdrHistogram;2.1.12 in central
[2024-05-17T21:36:25.249+0000] {spark_submit.py:571} INFO - found org.reactivestreams#reactive-streams;1.0.3 in central
[2024-05-17T21:36:25.260+0000] {spark_submit.py:571} INFO - found com.github.stephenc.jcip#jcip-annotations;1.0-1 in central
[2024-05-17T21:36:25.270+0000] {spark_submit.py:571} INFO - found com.github.spotbugs#spotbugs-annotations;3.1.12 in central
[2024-05-17T21:36:25.282+0000] {spark_submit.py:571} INFO - found com.google.code.findbugs#jsr305;3.0.2 in central
[2024-05-17T21:36:25.534+0000] {spark_submit.py:571} INFO - found com.datastax.oss#java-driver-mapper-runtime;4.13.0 in central
[2024-05-17T21:36:25.728+0000] {spark_submit.py:571} INFO - found com.datastax.oss#java-driver-query-builder;4.13.0 in central
[2024-05-17T21:36:25.743+0000] {spark_submit.py:571} INFO - found org.apache.commons#commons-lang3;3.10 in central
[2024-05-17T21:36:25.842+0000] {spark_submit.py:571} INFO - found com.thoughtworks.paranamer#paranamer;2.8 in central
[2024-05-17T21:36:25.947+0000] {spark_submit.py:571} INFO - found org.scala-lang#scala-reflect;2.12.11 in central
[2024-05-17T21:36:26.031+0000] {spark_submit.py:571} INFO - found commons-logging#commons-logging;1.2 in central
[2024-05-17T21:36:26.373+0000] {spark_submit.py:571} INFO - :: resolution report :: resolve 1909ms :: artifacts dl 134ms
[2024-05-17T21:36:26.377+0000] {spark_submit.py:571} INFO - :: modules in use:
[2024-05-17T21:36:26.385+0000] {spark_submit.py:571} INFO - com.datastax.oss#java-driver-core-shaded;4.13.0 from central in [default]
[2024-05-17T21:36:26.391+0000] {spark_submit.py:571} INFO - com.datastax.oss#java-driver-mapper-runtime;4.13.0 from central in [default]
[2024-05-17T21:36:26.395+0000] {spark_submit.py:571} INFO - com.datastax.oss#java-driver-query-builder;4.13.0 from central in [default]
[2024-05-17T21:36:26.398+0000] {spark_submit.py:571} INFO - com.datastax.oss#java-driver-shaded-guava;25.1-jre-graal-sub-1 from central in [default]
[2024-05-17T21:36:26.400+0000] {spark_submit.py:571} INFO - com.datastax.oss#native-protocol;1.5.0 from central in [default]
[2024-05-17T21:36:26.404+0000] {spark_submit.py:571} INFO - com.datastax.spark#spark-cassandra-connector-driver_2.12;3.5.0 from central in [default]
[2024-05-17T21:36:26.407+0000] {spark_submit.py:571} INFO - com.datastax.spark#spark-cassandra-connector_2.12;3.5.0 from central in [default]
[2024-05-17T21:36:26.408+0000] {spark_submit.py:571} INFO - com.github.luben#zstd-jni;1.5.5-4 from central in [default]
[2024-05-17T21:36:26.408+0000] {spark_submit.py:571} INFO - com.github.spotbugs#spotbugs-annotations;3.1.12 from central in [default]
[2024-05-17T21:36:26.408+0000] {spark_submit.py:571} INFO - com.github.stephenc.jcip#jcip-annotations;1.0-1 from central in [default]
[2024-05-17T21:36:26.411+0000] {spark_submit.py:571} INFO - com.google.code.findbugs#jsr305;3.0.2 from central in [default]
[2024-05-17T21:36:26.411+0000] {spark_submit.py:571} INFO - com.thoughtworks.paranamer#paranamer;2.8 from central in [default]
[2024-05-17T21:36:26.412+0000] {spark_submit.py:571} INFO - com.typesafe#config;1.4.1 from central in [default]
[2024-05-17T21:36:26.415+0000] {spark_submit.py:571} INFO - commons-logging#commons-logging;1.2 from central in [default]
[2024-05-17T21:36:26.416+0000] {spark_submit.py:571} INFO - io.dropwizard.metrics#metrics-core;4.1.18 from central in [default]
[2024-05-17T21:36:26.420+0000] {spark_submit.py:571} INFO - org.apache.commons#commons-lang3;3.10 from central in [default]
[2024-05-17T21:36:26.421+0000] {spark_submit.py:571} INFO - org.apache.commons#commons-pool2;2.11.1 from central in [default]
[2024-05-17T21:36:26.421+0000] {spark_submit.py:571} INFO - org.apache.hadoop#hadoop-client-api;3.3.4 from central in [default]
[2024-05-17T21:36:26.425+0000] {spark_submit.py:571} INFO - org.apache.hadoop#hadoop-client-runtime;3.3.4 from central in [default]
[2024-05-17T21:36:26.428+0000] {spark_submit.py:571} INFO - org.apache.kafka#kafka-clients;3.4.1 from central in [default]
[2024-05-17T21:36:26.432+0000] {spark_submit.py:571} INFO - org.apache.spark#spark-sql-kafka-0-10_2.12;3.5.1 from central in [default]
[2024-05-17T21:36:26.434+0000] {spark_submit.py:571} INFO - org.apache.spark#spark-token-provider-kafka-0-10_2.12;3.5.1 from central in [default]
[2024-05-17T21:36:26.434+0000] {spark_submit.py:571} INFO - org.hdrhistogram#HdrHistogram;2.1.12 from central in [default]
[2024-05-17T21:36:26.441+0000] {spark_submit.py:571} INFO - org.lz4#lz4-java;1.8.0 from central in [default]
[2024-05-17T21:36:26.442+0000] {spark_submit.py:571} INFO - org.reactivestreams#reactive-streams;1.0.3 from central in [default]
[2024-05-17T21:36:26.443+0000] {spark_submit.py:571} INFO - org.scala-lang#scala-reflect;2.12.11 from central in [default]
[2024-05-17T21:36:26.444+0000] {spark_submit.py:571} INFO - org.scala-lang.modules#scala-collection-compat_2.12;2.11.0 from central in [default]
[2024-05-17T21:36:26.446+0000] {spark_submit.py:571} INFO - org.slf4j#slf4j-api;2.0.7 from central in [default]
[2024-05-17T21:36:26.446+0000] {spark_submit.py:571} INFO - org.xerial.snappy#snappy-java;1.1.10.3 from central in [default]
[2024-05-17T21:36:26.446+0000] {spark_submit.py:571} INFO - :: evicted modules:
[2024-05-17T21:36:26.446+0000] {spark_submit.py:571} INFO - commons-logging#commons-logging;1.1.3 by [commons-logging#commons-logging;1.2] in [default]
[2024-05-17T21:36:26.450+0000] {spark_submit.py:571} INFO - com.google.code.findbugs#jsr305;3.0.0 by [com.google.code.findbugs#jsr305;3.0.2] in [default]
[2024-05-17T21:36:26.450+0000] {spark_submit.py:571} INFO - org.slf4j#slf4j-api;1.7.26 by [org.slf4j#slf4j-api;2.0.7] in [default]
[2024-05-17T21:36:26.453+0000] {spark_submit.py:571} INFO - ---------------------------------------------------------------------
[2024-05-17T21:36:26.454+0000] {spark_submit.py:571} INFO - |                  |            modules            ||   artifacts   |
[2024-05-17T21:36:26.457+0000] {spark_submit.py:571} INFO - |       conf       | number| search|dwnlded|evicted|| number|dwnlded|
[2024-05-17T21:36:26.461+0000] {spark_submit.py:571} INFO - ---------------------------------------------------------------------
[2024-05-17T21:36:26.466+0000] {spark_submit.py:571} INFO - |      default     |   32  |   0   |   0   |   3   ||   29  |   0   |
[2024-05-17T21:36:26.470+0000] {spark_submit.py:571} INFO - ---------------------------------------------------------------------
[2024-05-17T21:36:26.496+0000] {spark_submit.py:571} INFO - :: retrieving :: org.apache.spark#spark-submit-parent-f5da42f7-459f-4b03-9a6e-b1162444876b
[2024-05-17T21:36:26.501+0000] {spark_submit.py:571} INFO - confs: [default]
[2024-05-17T21:36:26.516+0000] {spark_submit.py:571} INFO - 0 artifacts copied, 29 already retrieved (0kB/20ms)
[2024-05-17T21:36:28.106+0000] {spark_submit.py:571} INFO - 24/05/17 21:36:28 WARN NativeCodeLoader: Unable to load native-hadoop library for your platform... using builtin-java classes where applicable
[2024-05-17T21:36:36.568+0000] {spark_submit.py:571} INFO - 24/05/17 21:36:36 INFO SparkContext: Running Spark version 3.5.1
[2024-05-17T21:36:36.572+0000] {spark_submit.py:571} INFO - 24/05/17 21:36:36 INFO SparkContext: OS info Linux, 6.6.26-linuxkit, aarch64
[2024-05-17T21:36:36.572+0000] {spark_submit.py:571} INFO - 24/05/17 21:36:36 INFO SparkContext: Java version 11.0.23
[2024-05-17T21:36:36.597+0000] {spark_submit.py:571} INFO - 24/05/17 21:36:36 INFO ResourceUtils: ==============================================================
[2024-05-17T21:36:36.599+0000] {spark_submit.py:571} INFO - 24/05/17 21:36:36 INFO ResourceUtils: No custom resources configured for spark.driver.
[2024-05-17T21:36:36.601+0000] {spark_submit.py:571} INFO - 24/05/17 21:36:36 INFO ResourceUtils: ==============================================================
[2024-05-17T21:36:36.602+0000] {spark_submit.py:571} INFO - 24/05/17 21:36:36 INFO SparkContext: Submitted application: Redfin_Properties_Consumer
[2024-05-17T21:36:36.654+0000] {spark_submit.py:571} INFO - 24/05/17 21:36:36 INFO ResourceProfile: Default ResourceProfile created, executor resources: Map(memory -> name: memory, amount: 1024, script: , vendor: , offHeap -> name: offHeap, amount: 0, script: , vendor: ), task resources: Map(cpus -> name: cpus, amount: 1.0)
[2024-05-17T21:36:36.665+0000] {spark_submit.py:571} INFO - 24/05/17 21:36:36 INFO ResourceProfile: Limiting resource is cpu
[2024-05-17T21:36:36.666+0000] {spark_submit.py:571} INFO - 24/05/17 21:36:36 INFO ResourceProfileManager: Added ResourceProfile id: 0
[2024-05-17T21:36:36.751+0000] {spark_submit.py:571} INFO - 24/05/17 21:36:36 INFO SecurityManager: Changing view acls to: ***
[2024-05-17T21:36:36.752+0000] {spark_submit.py:571} INFO - 24/05/17 21:36:36 INFO SecurityManager: Changing modify acls to: ***
[2024-05-17T21:36:36.753+0000] {spark_submit.py:571} INFO - 24/05/17 21:36:36 INFO SecurityManager: Changing view acls groups to:
[2024-05-17T21:36:36.753+0000] {spark_submit.py:571} INFO - 24/05/17 21:36:36 INFO SecurityManager: Changing modify acls groups to:
[2024-05-17T21:36:36.754+0000] {spark_submit.py:571} INFO - 24/05/17 21:36:36 INFO SecurityManager: SecurityManager: authentication disabled; ui acls disabled; users with view permissions: ***; groups with view permissions: EMPTY; users with modify permissions: ***; groups with modify permissions: EMPTY
[2024-05-17T21:36:37.061+0000] {spark_submit.py:571} INFO - 24/05/17 21:36:37 INFO Utils: Successfully started service 'sparkDriver' on port 34333.
[2024-05-17T21:36:37.107+0000] {spark_submit.py:571} INFO - 24/05/17 21:36:37 INFO SparkEnv: Registering MapOutputTracker
[2024-05-17T21:36:37.212+0000] {spark_submit.py:571} INFO - 24/05/17 21:36:37 INFO SparkEnv: Registering BlockManagerMaster
[2024-05-17T21:36:37.242+0000] {spark_submit.py:571} INFO - 24/05/17 21:36:37 INFO BlockManagerMasterEndpoint: Using org.apache.spark.storage.DefaultTopologyMapper for getting topology information
[2024-05-17T21:36:37.243+0000] {spark_submit.py:571} INFO - 24/05/17 21:36:37 INFO BlockManagerMasterEndpoint: BlockManagerMasterEndpoint up
[2024-05-17T21:36:37.247+0000] {spark_submit.py:571} INFO - 24/05/17 21:36:37 INFO SparkEnv: Registering BlockManagerMasterHeartbeat
[2024-05-17T21:36:37.290+0000] {spark_submit.py:571} INFO - 24/05/17 21:36:37 INFO DiskBlockManager: Created local directory at /tmp/blockmgr-b157bb34-6111-46d2-a5de-2ef32ff7783d
[2024-05-17T21:36:37.312+0000] {spark_submit.py:571} INFO - 24/05/17 21:36:37 INFO MemoryStore: MemoryStore started with capacity 434.4 MiB
[2024-05-17T21:36:37.352+0000] {spark_submit.py:571} INFO - 24/05/17 21:36:37 INFO SparkEnv: Registering OutputCommitCoordinator
[2024-05-17T21:36:37.579+0000] {spark_submit.py:571} INFO - 24/05/17 21:36:37 INFO JettyUtils: Start Jetty 0.0.0.0:4040 for SparkUI
[2024-05-17T21:36:37.700+0000] {spark_submit.py:571} INFO - 24/05/17 21:36:37 INFO Utils: Successfully started service 'SparkUI' on port 4040.
[2024-05-17T21:36:37.772+0000] {spark_submit.py:571} INFO - 24/05/17 21:36:37 INFO SparkContext: Added JAR file:///home/***/.ivy2/jars/org.apache.spark_spark-sql-kafka-0-10_2.12-3.5.1.jar at spark://3e429f118033:34333/jars/org.apache.spark_spark-sql-kafka-0-10_2.12-3.5.1.jar with timestamp 1715981796554
[2024-05-17T21:36:37.774+0000] {spark_submit.py:571} INFO - 24/05/17 21:36:37 INFO SparkContext: Added JAR file:///home/***/.ivy2/jars/com.datastax.spark_spark-cassandra-connector_2.12-3.5.0.jar at spark://3e429f118033:34333/jars/com.datastax.spark_spark-cassandra-connector_2.12-3.5.0.jar with timestamp 1715981796554
[2024-05-17T21:36:37.775+0000] {spark_submit.py:571} INFO - 24/05/17 21:36:37 INFO SparkContext: Added JAR file:///home/***/.ivy2/jars/org.apache.kafka_kafka-clients-3.4.1.jar at spark://3e429f118033:34333/jars/org.apache.kafka_kafka-clients-3.4.1.jar with timestamp 1715981796554
[2024-05-17T21:36:37.775+0000] {spark_submit.py:571} INFO - 24/05/17 21:36:37 INFO SparkContext: Added JAR file:///home/***/.ivy2/jars/commons-logging_commons-logging-1.2.jar at spark://3e429f118033:34333/jars/commons-logging_commons-logging-1.2.jar with timestamp 1715981796554
[2024-05-17T21:36:37.775+0000] {spark_submit.py:571} INFO - 24/05/17 21:36:37 INFO SparkContext: Added JAR file:///home/***/.ivy2/jars/org.apache.spark_spark-token-provider-kafka-0-10_2.12-3.5.1.jar at spark://3e429f118033:34333/jars/org.apache.spark_spark-token-provider-kafka-0-10_2.12-3.5.1.jar with timestamp 1715981796554
[2024-05-17T21:36:37.775+0000] {spark_submit.py:571} INFO - 24/05/17 21:36:37 INFO SparkContext: Added JAR file:///home/***/.ivy2/jars/org.apache.commons_commons-pool2-2.11.1.jar at spark://3e429f118033:34333/jars/org.apache.commons_commons-pool2-2.11.1.jar with timestamp 1715981796554
[2024-05-17T21:36:37.776+0000] {spark_submit.py:571} INFO - 24/05/17 21:36:37 INFO SparkContext: Added JAR file:///home/***/.ivy2/jars/org.apache.hadoop_hadoop-client-runtime-3.3.4.jar at spark://3e429f118033:34333/jars/org.apache.hadoop_hadoop-client-runtime-3.3.4.jar with timestamp 1715981796554
[2024-05-17T21:36:37.776+0000] {spark_submit.py:571} INFO - 24/05/17 21:36:37 INFO SparkContext: Added JAR file:///home/***/.ivy2/jars/com.github.luben_zstd-jni-1.5.5-4.jar at spark://3e429f118033:34333/jars/com.github.luben_zstd-jni-1.5.5-4.jar with timestamp 1715981796554
[2024-05-17T21:36:37.777+0000] {spark_submit.py:571} INFO - 24/05/17 21:36:37 INFO SparkContext: Added JAR file:///home/***/.ivy2/jars/org.lz4_lz4-java-1.8.0.jar at spark://3e429f118033:34333/jars/org.lz4_lz4-java-1.8.0.jar with timestamp 1715981796554
[2024-05-17T21:36:37.777+0000] {spark_submit.py:571} INFO - 24/05/17 21:36:37 INFO SparkContext: Added JAR file:///home/***/.ivy2/jars/org.xerial.snappy_snappy-java-1.1.10.3.jar at spark://3e429f118033:34333/jars/org.xerial.snappy_snappy-java-1.1.10.3.jar with timestamp 1715981796554
[2024-05-17T21:36:37.777+0000] {spark_submit.py:571} INFO - 24/05/17 21:36:37 INFO SparkContext: Added JAR file:///home/***/.ivy2/jars/org.slf4j_slf4j-api-2.0.7.jar at spark://3e429f118033:34333/jars/org.slf4j_slf4j-api-2.0.7.jar with timestamp 1715981796554
[2024-05-17T21:36:37.777+0000] {spark_submit.py:571} INFO - 24/05/17 21:36:37 INFO SparkContext: Added JAR file:///home/***/.ivy2/jars/org.apache.hadoop_hadoop-client-api-3.3.4.jar at spark://3e429f118033:34333/jars/org.apache.hadoop_hadoop-client-api-3.3.4.jar with timestamp 1715981796554
[2024-05-17T21:36:37.778+0000] {spark_submit.py:571} INFO - 24/05/17 21:36:37 INFO SparkContext: Added JAR file:///home/***/.ivy2/jars/com.datastax.spark_spark-cassandra-connector-driver_2.12-3.5.0.jar at spark://3e429f118033:34333/jars/com.datastax.spark_spark-cassandra-connector-driver_2.12-3.5.0.jar with timestamp 1715981796554
[2024-05-17T21:36:37.778+0000] {spark_submit.py:571} INFO - 24/05/17 21:36:37 INFO SparkContext: Added JAR file:///home/***/.ivy2/jars/org.scala-lang.modules_scala-collection-compat_2.12-2.11.0.jar at spark://3e429f118033:34333/jars/org.scala-lang.modules_scala-collection-compat_2.12-2.11.0.jar with timestamp 1715981796554
[2024-05-17T21:36:37.778+0000] {spark_submit.py:571} INFO - 24/05/17 21:36:37 INFO SparkContext: Added JAR file:///home/***/.ivy2/jars/com.datastax.oss_java-driver-core-shaded-4.13.0.jar at spark://3e429f118033:34333/jars/com.datastax.oss_java-driver-core-shaded-4.13.0.jar with timestamp 1715981796554
[2024-05-17T21:36:37.779+0000] {spark_submit.py:571} INFO - 24/05/17 21:36:37 INFO SparkContext: Added JAR file:///home/***/.ivy2/jars/com.datastax.oss_java-driver-mapper-runtime-4.13.0.jar at spark://3e429f118033:34333/jars/com.datastax.oss_java-driver-mapper-runtime-4.13.0.jar with timestamp 1715981796554
[2024-05-17T21:36:37.779+0000] {spark_submit.py:571} INFO - 24/05/17 21:36:37 INFO SparkContext: Added JAR file:///home/***/.ivy2/jars/org.apache.commons_commons-lang3-3.10.jar at spark://3e429f118033:34333/jars/org.apache.commons_commons-lang3-3.10.jar with timestamp 1715981796554
[2024-05-17T21:36:37.779+0000] {spark_submit.py:571} INFO - 24/05/17 21:36:37 INFO SparkContext: Added JAR file:///home/***/.ivy2/jars/com.thoughtworks.paranamer_paranamer-2.8.jar at spark://3e429f118033:34333/jars/com.thoughtworks.paranamer_paranamer-2.8.jar with timestamp 1715981796554
[2024-05-17T21:36:37.780+0000] {spark_submit.py:571} INFO - 24/05/17 21:36:37 INFO SparkContext: Added JAR file:///home/***/.ivy2/jars/org.scala-lang_scala-reflect-2.12.11.jar at spark://3e429f118033:34333/jars/org.scala-lang_scala-reflect-2.12.11.jar with timestamp 1715981796554
[2024-05-17T21:36:37.780+0000] {spark_submit.py:571} INFO - 24/05/17 21:36:37 INFO SparkContext: Added JAR file:///home/***/.ivy2/jars/com.datastax.oss_native-protocol-1.5.0.jar at spark://3e429f118033:34333/jars/com.datastax.oss_native-protocol-1.5.0.jar with timestamp 1715981796554
[2024-05-17T21:36:37.780+0000] {spark_submit.py:571} INFO - 24/05/17 21:36:37 INFO SparkContext: Added JAR file:///home/***/.ivy2/jars/com.datastax.oss_java-driver-shaded-guava-25.1-jre-graal-sub-1.jar at spark://3e429f118033:34333/jars/com.datastax.oss_java-driver-shaded-guava-25.1-jre-graal-sub-1.jar with timestamp 1715981796554
[2024-05-17T21:36:37.780+0000] {spark_submit.py:571} INFO - 24/05/17 21:36:37 INFO SparkContext: Added JAR file:///home/***/.ivy2/jars/com.typesafe_config-1.4.1.jar at spark://3e429f118033:34333/jars/com.typesafe_config-1.4.1.jar with timestamp 1715981796554
[2024-05-17T21:36:37.781+0000] {spark_submit.py:571} INFO - 24/05/17 21:36:37 INFO SparkContext: Added JAR file:///home/***/.ivy2/jars/io.dropwizard.metrics_metrics-core-4.1.18.jar at spark://3e429f118033:34333/jars/io.dropwizard.metrics_metrics-core-4.1.18.jar with timestamp 1715981796554
[2024-05-17T21:36:37.781+0000] {spark_submit.py:571} INFO - 24/05/17 21:36:37 INFO SparkContext: Added JAR file:///home/***/.ivy2/jars/org.hdrhistogram_HdrHistogram-2.1.12.jar at spark://3e429f118033:34333/jars/org.hdrhistogram_HdrHistogram-2.1.12.jar with timestamp 1715981796554
[2024-05-17T21:36:37.781+0000] {spark_submit.py:571} INFO - 24/05/17 21:36:37 INFO SparkContext: Added JAR file:///home/***/.ivy2/jars/org.reactivestreams_reactive-streams-1.0.3.jar at spark://3e429f118033:34333/jars/org.reactivestreams_reactive-streams-1.0.3.jar with timestamp 1715981796554
[2024-05-17T21:36:37.781+0000] {spark_submit.py:571} INFO - 24/05/17 21:36:37 INFO SparkContext: Added JAR file:///home/***/.ivy2/jars/com.github.stephenc.jcip_jcip-annotations-1.0-1.jar at spark://3e429f118033:34333/jars/com.github.stephenc.jcip_jcip-annotations-1.0-1.jar with timestamp 1715981796554
[2024-05-17T21:36:37.782+0000] {spark_submit.py:571} INFO - 24/05/17 21:36:37 INFO SparkContext: Added JAR file:///home/***/.ivy2/jars/com.github.spotbugs_spotbugs-annotations-3.1.12.jar at spark://3e429f118033:34333/jars/com.github.spotbugs_spotbugs-annotations-3.1.12.jar with timestamp 1715981796554
[2024-05-17T21:36:37.782+0000] {spark_submit.py:571} INFO - 24/05/17 21:36:37 INFO SparkContext: Added JAR file:///home/***/.ivy2/jars/com.google.code.findbugs_jsr305-3.0.2.jar at spark://3e429f118033:34333/jars/com.google.code.findbugs_jsr305-3.0.2.jar with timestamp 1715981796554
[2024-05-17T21:36:37.782+0000] {spark_submit.py:571} INFO - 24/05/17 21:36:37 INFO SparkContext: Added JAR file:///home/***/.ivy2/jars/com.datastax.oss_java-driver-query-builder-4.13.0.jar at spark://3e429f118033:34333/jars/com.datastax.oss_java-driver-query-builder-4.13.0.jar with timestamp 1715981796554
[2024-05-17T21:36:37.782+0000] {spark_submit.py:571} INFO - 24/05/17 21:36:37 INFO SparkContext: Added file file:///home/***/.ivy2/jars/org.apache.spark_spark-sql-kafka-0-10_2.12-3.5.1.jar at spark://3e429f118033:34333/files/org.apache.spark_spark-sql-kafka-0-10_2.12-3.5.1.jar with timestamp 1715981796554
[2024-05-17T21:36:37.783+0000] {spark_submit.py:571} INFO - 24/05/17 21:36:37 INFO Utils: Copying /home/***/.ivy2/jars/org.apache.spark_spark-sql-kafka-0-10_2.12-3.5.1.jar to /tmp/spark-ee7182e0-bc79-4c01-9170-7708e61c3160/userFiles-328b3ce3-8b68-4e31-962a-e88ea4c3534f/org.apache.spark_spark-sql-kafka-0-10_2.12-3.5.1.jar
[2024-05-17T21:36:37.835+0000] {spark_submit.py:571} INFO - 24/05/17 21:36:37 INFO SparkContext: Added file file:///home/***/.ivy2/jars/com.datastax.spark_spark-cassandra-connector_2.12-3.5.0.jar at spark://3e429f118033:34333/files/com.datastax.spark_spark-cassandra-connector_2.12-3.5.0.jar with timestamp 1715981796554
[2024-05-17T21:36:37.840+0000] {spark_submit.py:571} INFO - 24/05/17 21:36:37 INFO Utils: Copying /home/***/.ivy2/jars/com.datastax.spark_spark-cassandra-connector_2.12-3.5.0.jar to /tmp/spark-ee7182e0-bc79-4c01-9170-7708e61c3160/userFiles-328b3ce3-8b68-4e31-962a-e88ea4c3534f/com.datastax.spark_spark-cassandra-connector_2.12-3.5.0.jar
[2024-05-17T21:36:37.866+0000] {spark_submit.py:571} INFO - 24/05/17 21:36:37 INFO SparkContext: Added file file:///home/***/.ivy2/jars/org.apache.kafka_kafka-clients-3.4.1.jar at spark://3e429f118033:34333/files/org.apache.kafka_kafka-clients-3.4.1.jar with timestamp 1715981796554
[2024-05-17T21:36:37.868+0000] {spark_submit.py:571} INFO - 24/05/17 21:36:37 INFO Utils: Copying /home/***/.ivy2/jars/org.apache.kafka_kafka-clients-3.4.1.jar to /tmp/spark-ee7182e0-bc79-4c01-9170-7708e61c3160/userFiles-328b3ce3-8b68-4e31-962a-e88ea4c3534f/org.apache.kafka_kafka-clients-3.4.1.jar
[2024-05-17T21:36:38.011+0000] {spark_submit.py:571} INFO - 24/05/17 21:36:38 INFO SparkContext: Added file file:///home/***/.ivy2/jars/commons-logging_commons-logging-1.2.jar at spark://3e429f118033:34333/files/commons-logging_commons-logging-1.2.jar with timestamp 1715981796554
[2024-05-17T21:36:38.015+0000] {spark_submit.py:571} INFO - 24/05/17 21:36:38 INFO Utils: Copying /home/***/.ivy2/jars/commons-logging_commons-logging-1.2.jar to /tmp/spark-ee7182e0-bc79-4c01-9170-7708e61c3160/userFiles-328b3ce3-8b68-4e31-962a-e88ea4c3534f/commons-logging_commons-logging-1.2.jar
[2024-05-17T21:36:38.035+0000] {spark_submit.py:571} INFO - 24/05/17 21:36:38 INFO SparkContext: Added file file:///home/***/.ivy2/jars/org.apache.spark_spark-token-provider-kafka-0-10_2.12-3.5.1.jar at spark://3e429f118033:34333/files/org.apache.spark_spark-token-provider-kafka-0-10_2.12-3.5.1.jar with timestamp 1715981796554
[2024-05-17T21:36:38.036+0000] {spark_submit.py:571} INFO - 24/05/17 21:36:38 INFO Utils: Copying /home/***/.ivy2/jars/org.apache.spark_spark-token-provider-kafka-0-10_2.12-3.5.1.jar to /tmp/spark-ee7182e0-bc79-4c01-9170-7708e61c3160/userFiles-328b3ce3-8b68-4e31-962a-e88ea4c3534f/org.apache.spark_spark-token-provider-kafka-0-10_2.12-3.5.1.jar
[2024-05-17T21:36:38.042+0000] {spark_submit.py:571} INFO - 24/05/17 21:36:38 INFO SparkContext: Added file file:///home/***/.ivy2/jars/org.apache.commons_commons-pool2-2.11.1.jar at spark://3e429f118033:34333/files/org.apache.commons_commons-pool2-2.11.1.jar with timestamp 1715981796554
[2024-05-17T21:36:38.042+0000] {spark_submit.py:571} INFO - 24/05/17 21:36:38 INFO Utils: Copying /home/***/.ivy2/jars/org.apache.commons_commons-pool2-2.11.1.jar to /tmp/spark-ee7182e0-bc79-4c01-9170-7708e61c3160/userFiles-328b3ce3-8b68-4e31-962a-e88ea4c3534f/org.apache.commons_commons-pool2-2.11.1.jar
[2024-05-17T21:36:38.050+0000] {spark_submit.py:571} INFO - 24/05/17 21:36:38 INFO SparkContext: Added file file:///home/***/.ivy2/jars/org.apache.hadoop_hadoop-client-runtime-3.3.4.jar at spark://3e429f118033:34333/files/org.apache.hadoop_hadoop-client-runtime-3.3.4.jar with timestamp 1715981796554
[2024-05-17T21:36:38.051+0000] {spark_submit.py:571} INFO - 24/05/17 21:36:38 INFO Utils: Copying /home/***/.ivy2/jars/org.apache.hadoop_hadoop-client-runtime-3.3.4.jar to /tmp/spark-ee7182e0-bc79-4c01-9170-7708e61c3160/userFiles-328b3ce3-8b68-4e31-962a-e88ea4c3534f/org.apache.hadoop_hadoop-client-runtime-3.3.4.jar
[2024-05-17T21:36:38.537+0000] {spark_submit.py:571} INFO - 24/05/17 21:36:38 INFO SparkContext: Added file file:///home/***/.ivy2/jars/com.github.luben_zstd-jni-1.5.5-4.jar at spark://3e429f118033:34333/files/com.github.luben_zstd-jni-1.5.5-4.jar with timestamp 1715981796554
[2024-05-17T21:36:38.538+0000] {spark_submit.py:571} INFO - 24/05/17 21:36:38 INFO Utils: Copying /home/***/.ivy2/jars/com.github.luben_zstd-jni-1.5.5-4.jar to /tmp/spark-ee7182e0-bc79-4c01-9170-7708e61c3160/userFiles-328b3ce3-8b68-4e31-962a-e88ea4c3534f/com.github.luben_zstd-jni-1.5.5-4.jar
[2024-05-17T21:36:38.625+0000] {spark_submit.py:571} INFO - 24/05/17 21:36:38 INFO SparkContext: Added file file:///home/***/.ivy2/jars/org.lz4_lz4-java-1.8.0.jar at spark://3e429f118033:34333/files/org.lz4_lz4-java-1.8.0.jar with timestamp 1715981796554
[2024-05-17T21:36:38.629+0000] {spark_submit.py:571} INFO - 24/05/17 21:36:38 INFO Utils: Copying /home/***/.ivy2/jars/org.lz4_lz4-java-1.8.0.jar to /tmp/spark-ee7182e0-bc79-4c01-9170-7708e61c3160/userFiles-328b3ce3-8b68-4e31-962a-e88ea4c3534f/org.lz4_lz4-java-1.8.0.jar
[2024-05-17T21:36:38.646+0000] {spark_submit.py:571} INFO - 24/05/17 21:36:38 INFO SparkContext: Added file file:///home/***/.ivy2/jars/org.xerial.snappy_snappy-java-1.1.10.3.jar at spark://3e429f118033:34333/files/org.xerial.snappy_snappy-java-1.1.10.3.jar with timestamp 1715981796554
[2024-05-17T21:36:38.661+0000] {spark_submit.py:571} INFO - 24/05/17 21:36:38 INFO Utils: Copying /home/***/.ivy2/jars/org.xerial.snappy_snappy-java-1.1.10.3.jar to /tmp/spark-ee7182e0-bc79-4c01-9170-7708e61c3160/userFiles-328b3ce3-8b68-4e31-962a-e88ea4c3534f/org.xerial.snappy_snappy-java-1.1.10.3.jar
[2024-05-17T21:36:38.681+0000] {spark_submit.py:571} INFO - 24/05/17 21:36:38 INFO SparkContext: Added file file:///home/***/.ivy2/jars/org.slf4j_slf4j-api-2.0.7.jar at spark://3e429f118033:34333/files/org.slf4j_slf4j-api-2.0.7.jar with timestamp 1715981796554
[2024-05-17T21:36:38.681+0000] {spark_submit.py:571} INFO - 24/05/17 21:36:38 INFO Utils: Copying /home/***/.ivy2/jars/org.slf4j_slf4j-api-2.0.7.jar to /tmp/spark-ee7182e0-bc79-4c01-9170-7708e61c3160/userFiles-328b3ce3-8b68-4e31-962a-e88ea4c3534f/org.slf4j_slf4j-api-2.0.7.jar
[2024-05-17T21:36:38.688+0000] {spark_submit.py:571} INFO - 24/05/17 21:36:38 INFO SparkContext: Added file file:///home/***/.ivy2/jars/org.apache.hadoop_hadoop-client-api-3.3.4.jar at spark://3e429f118033:34333/files/org.apache.hadoop_hadoop-client-api-3.3.4.jar with timestamp 1715981796554
[2024-05-17T21:36:38.689+0000] {spark_submit.py:571} INFO - 24/05/17 21:36:38 INFO Utils: Copying /home/***/.ivy2/jars/org.apache.hadoop_hadoop-client-api-3.3.4.jar to /tmp/spark-ee7182e0-bc79-4c01-9170-7708e61c3160/userFiles-328b3ce3-8b68-4e31-962a-e88ea4c3534f/org.apache.hadoop_hadoop-client-api-3.3.4.jar
[2024-05-17T21:36:38.985+0000] {spark_submit.py:571} INFO - 24/05/17 21:36:38 INFO SparkContext: Added file file:///home/***/.ivy2/jars/com.datastax.spark_spark-cassandra-connector-driver_2.12-3.5.0.jar at spark://3e429f118033:34333/files/com.datastax.spark_spark-cassandra-connector-driver_2.12-3.5.0.jar with timestamp 1715981796554
[2024-05-17T21:36:38.989+0000] {spark_submit.py:571} INFO - 24/05/17 21:36:38 INFO Utils: Copying /home/***/.ivy2/jars/com.datastax.spark_spark-cassandra-connector-driver_2.12-3.5.0.jar to /tmp/spark-ee7182e0-bc79-4c01-9170-7708e61c3160/userFiles-328b3ce3-8b68-4e31-962a-e88ea4c3534f/com.datastax.spark_spark-cassandra-connector-driver_2.12-3.5.0.jar
[2024-05-17T21:36:39.023+0000] {spark_submit.py:571} INFO - 24/05/17 21:36:39 INFO SparkContext: Added file file:///home/***/.ivy2/jars/org.scala-lang.modules_scala-collection-compat_2.12-2.11.0.jar at spark://3e429f118033:34333/files/org.scala-lang.modules_scala-collection-compat_2.12-2.11.0.jar with timestamp 1715981796554
[2024-05-17T21:36:39.023+0000] {spark_submit.py:571} INFO - 24/05/17 21:36:39 INFO Utils: Copying /home/***/.ivy2/jars/org.scala-lang.modules_scala-collection-compat_2.12-2.11.0.jar to /tmp/spark-ee7182e0-bc79-4c01-9170-7708e61c3160/userFiles-328b3ce3-8b68-4e31-962a-e88ea4c3534f/org.scala-lang.modules_scala-collection-compat_2.12-2.11.0.jar
[2024-05-17T21:36:39.031+0000] {spark_submit.py:571} INFO - 24/05/17 21:36:39 INFO SparkContext: Added file file:///home/***/.ivy2/jars/com.datastax.oss_java-driver-core-shaded-4.13.0.jar at spark://3e429f118033:34333/files/com.datastax.oss_java-driver-core-shaded-4.13.0.jar with timestamp 1715981796554
[2024-05-17T21:36:39.032+0000] {spark_submit.py:571} INFO - 24/05/17 21:36:39 INFO Utils: Copying /home/***/.ivy2/jars/com.datastax.oss_java-driver-core-shaded-4.13.0.jar to /tmp/spark-ee7182e0-bc79-4c01-9170-7708e61c3160/userFiles-328b3ce3-8b68-4e31-962a-e88ea4c3534f/com.datastax.oss_java-driver-core-shaded-4.13.0.jar
[2024-05-17T21:36:39.185+0000] {spark_submit.py:571} INFO - 24/05/17 21:36:39 INFO SparkContext: Added file file:///home/***/.ivy2/jars/com.datastax.oss_java-driver-mapper-runtime-4.13.0.jar at spark://3e429f118033:34333/files/com.datastax.oss_java-driver-mapper-runtime-4.13.0.jar with timestamp 1715981796554
[2024-05-17T21:36:39.186+0000] {spark_submit.py:571} INFO - 24/05/17 21:36:39 INFO Utils: Copying /home/***/.ivy2/jars/com.datastax.oss_java-driver-mapper-runtime-4.13.0.jar to /tmp/spark-ee7182e0-bc79-4c01-9170-7708e61c3160/userFiles-328b3ce3-8b68-4e31-962a-e88ea4c3534f/com.datastax.oss_java-driver-mapper-runtime-4.13.0.jar
[2024-05-17T21:36:39.293+0000] {spark_submit.py:571} INFO - 24/05/17 21:36:39 INFO SparkContext: Added file file:///home/***/.ivy2/jars/org.apache.commons_commons-lang3-3.10.jar at spark://3e429f118033:34333/files/org.apache.commons_commons-lang3-3.10.jar with timestamp 1715981796554
[2024-05-17T21:36:39.294+0000] {spark_submit.py:571} INFO - 24/05/17 21:36:39 INFO Utils: Copying /home/***/.ivy2/jars/org.apache.commons_commons-lang3-3.10.jar to /tmp/spark-ee7182e0-bc79-4c01-9170-7708e61c3160/userFiles-328b3ce3-8b68-4e31-962a-e88ea4c3534f/org.apache.commons_commons-lang3-3.10.jar
[2024-05-17T21:36:39.307+0000] {spark_submit.py:571} INFO - 24/05/17 21:36:39 INFO SparkContext: Added file file:///home/***/.ivy2/jars/com.thoughtworks.paranamer_paranamer-2.8.jar at spark://3e429f118033:34333/files/com.thoughtworks.paranamer_paranamer-2.8.jar with timestamp 1715981796554
[2024-05-17T21:36:39.307+0000] {spark_submit.py:571} INFO - 24/05/17 21:36:39 INFO Utils: Copying /home/***/.ivy2/jars/com.thoughtworks.paranamer_paranamer-2.8.jar to /tmp/spark-ee7182e0-bc79-4c01-9170-7708e61c3160/userFiles-328b3ce3-8b68-4e31-962a-e88ea4c3534f/com.thoughtworks.paranamer_paranamer-2.8.jar
[2024-05-17T21:36:39.314+0000] {spark_submit.py:571} INFO - 24/05/17 21:36:39 INFO SparkContext: Added file file:///home/***/.ivy2/jars/org.scala-lang_scala-reflect-2.12.11.jar at spark://3e429f118033:34333/files/org.scala-lang_scala-reflect-2.12.11.jar with timestamp 1715981796554
[2024-05-17T21:36:39.315+0000] {spark_submit.py:571} INFO - 24/05/17 21:36:39 INFO Utils: Copying /home/***/.ivy2/jars/org.scala-lang_scala-reflect-2.12.11.jar to /tmp/spark-ee7182e0-bc79-4c01-9170-7708e61c3160/userFiles-328b3ce3-8b68-4e31-962a-e88ea4c3534f/org.scala-lang_scala-reflect-2.12.11.jar
[2024-05-17T21:36:39.410+0000] {spark_submit.py:571} INFO - 24/05/17 21:36:39 INFO SparkContext: Added file file:///home/***/.ivy2/jars/com.datastax.oss_native-protocol-1.5.0.jar at spark://3e429f118033:34333/files/com.datastax.oss_native-protocol-1.5.0.jar with timestamp 1715981796554
[2024-05-17T21:36:39.412+0000] {spark_submit.py:571} INFO - 24/05/17 21:36:39 INFO Utils: Copying /home/***/.ivy2/jars/com.datastax.oss_native-protocol-1.5.0.jar to /tmp/spark-ee7182e0-bc79-4c01-9170-7708e61c3160/userFiles-328b3ce3-8b68-4e31-962a-e88ea4c3534f/com.datastax.oss_native-protocol-1.5.0.jar
[2024-05-17T21:36:39.422+0000] {spark_submit.py:571} INFO - 24/05/17 21:36:39 INFO SparkContext: Added file file:///home/***/.ivy2/jars/com.datastax.oss_java-driver-shaded-guava-25.1-jre-graal-sub-1.jar at spark://3e429f118033:34333/files/com.datastax.oss_java-driver-shaded-guava-25.1-jre-graal-sub-1.jar with timestamp 1715981796554
[2024-05-17T21:36:39.423+0000] {spark_submit.py:571} INFO - 24/05/17 21:36:39 INFO Utils: Copying /home/***/.ivy2/jars/com.datastax.oss_java-driver-shaded-guava-25.1-jre-graal-sub-1.jar to /tmp/spark-ee7182e0-bc79-4c01-9170-7708e61c3160/userFiles-328b3ce3-8b68-4e31-962a-e88ea4c3534f/com.datastax.oss_java-driver-shaded-guava-25.1-jre-graal-sub-1.jar
[2024-05-17T21:36:39.509+0000] {spark_submit.py:571} INFO - 24/05/17 21:36:39 INFO SparkContext: Added file file:///home/***/.ivy2/jars/com.typesafe_config-1.4.1.jar at spark://3e429f118033:34333/files/com.typesafe_config-1.4.1.jar with timestamp 1715981796554
[2024-05-17T21:36:39.512+0000] {spark_submit.py:571} INFO - 24/05/17 21:36:39 INFO Utils: Copying /home/***/.ivy2/jars/com.typesafe_config-1.4.1.jar to /tmp/spark-ee7182e0-bc79-4c01-9170-7708e61c3160/userFiles-328b3ce3-8b68-4e31-962a-e88ea4c3534f/com.typesafe_config-1.4.1.jar
[2024-05-17T21:36:39.533+0000] {spark_submit.py:571} INFO - 24/05/17 21:36:39 INFO SparkContext: Added file file:///home/***/.ivy2/jars/io.dropwizard.metrics_metrics-core-4.1.18.jar at spark://3e429f118033:34333/files/io.dropwizard.metrics_metrics-core-4.1.18.jar with timestamp 1715981796554
[2024-05-17T21:36:39.534+0000] {spark_submit.py:571} INFO - 24/05/17 21:36:39 INFO Utils: Copying /home/***/.ivy2/jars/io.dropwizard.metrics_metrics-core-4.1.18.jar to /tmp/spark-ee7182e0-bc79-4c01-9170-7708e61c3160/userFiles-328b3ce3-8b68-4e31-962a-e88ea4c3534f/io.dropwizard.metrics_metrics-core-4.1.18.jar
[2024-05-17T21:36:39.539+0000] {spark_submit.py:571} INFO - 24/05/17 21:36:39 INFO SparkContext: Added file file:///home/***/.ivy2/jars/org.hdrhistogram_HdrHistogram-2.1.12.jar at spark://3e429f118033:34333/files/org.hdrhistogram_HdrHistogram-2.1.12.jar with timestamp 1715981796554
[2024-05-17T21:36:39.539+0000] {spark_submit.py:571} INFO - 24/05/17 21:36:39 INFO Utils: Copying /home/***/.ivy2/jars/org.hdrhistogram_HdrHistogram-2.1.12.jar to /tmp/spark-ee7182e0-bc79-4c01-9170-7708e61c3160/userFiles-328b3ce3-8b68-4e31-962a-e88ea4c3534f/org.hdrhistogram_HdrHistogram-2.1.12.jar
[2024-05-17T21:36:39.544+0000] {spark_submit.py:571} INFO - 24/05/17 21:36:39 INFO SparkContext: Added file file:///home/***/.ivy2/jars/org.reactivestreams_reactive-streams-1.0.3.jar at spark://3e429f118033:34333/files/org.reactivestreams_reactive-streams-1.0.3.jar with timestamp 1715981796554
[2024-05-17T21:36:39.545+0000] {spark_submit.py:571} INFO - 24/05/17 21:36:39 INFO Utils: Copying /home/***/.ivy2/jars/org.reactivestreams_reactive-streams-1.0.3.jar to /tmp/spark-ee7182e0-bc79-4c01-9170-7708e61c3160/userFiles-328b3ce3-8b68-4e31-962a-e88ea4c3534f/org.reactivestreams_reactive-streams-1.0.3.jar
[2024-05-17T21:36:39.548+0000] {spark_submit.py:571} INFO - 24/05/17 21:36:39 INFO SparkContext: Added file file:///home/***/.ivy2/jars/com.github.stephenc.jcip_jcip-annotations-1.0-1.jar at spark://3e429f118033:34333/files/com.github.stephenc.jcip_jcip-annotations-1.0-1.jar with timestamp 1715981796554
[2024-05-17T21:36:39.549+0000] {spark_submit.py:571} INFO - 24/05/17 21:36:39 INFO Utils: Copying /home/***/.ivy2/jars/com.github.stephenc.jcip_jcip-annotations-1.0-1.jar to /tmp/spark-ee7182e0-bc79-4c01-9170-7708e61c3160/userFiles-328b3ce3-8b68-4e31-962a-e88ea4c3534f/com.github.stephenc.jcip_jcip-annotations-1.0-1.jar
[2024-05-17T21:36:39.553+0000] {spark_submit.py:571} INFO - 24/05/17 21:36:39 INFO SparkContext: Added file file:///home/***/.ivy2/jars/com.github.spotbugs_spotbugs-annotations-3.1.12.jar at spark://3e429f118033:34333/files/com.github.spotbugs_spotbugs-annotations-3.1.12.jar with timestamp 1715981796554
[2024-05-17T21:36:39.554+0000] {spark_submit.py:571} INFO - 24/05/17 21:36:39 INFO Utils: Copying /home/***/.ivy2/jars/com.github.spotbugs_spotbugs-annotations-3.1.12.jar to /tmp/spark-ee7182e0-bc79-4c01-9170-7708e61c3160/userFiles-328b3ce3-8b68-4e31-962a-e88ea4c3534f/com.github.spotbugs_spotbugs-annotations-3.1.12.jar
[2024-05-17T21:36:39.557+0000] {spark_submit.py:571} INFO - 24/05/17 21:36:39 INFO SparkContext: Added file file:///home/***/.ivy2/jars/com.google.code.findbugs_jsr305-3.0.2.jar at spark://3e429f118033:34333/files/com.google.code.findbugs_jsr305-3.0.2.jar with timestamp 1715981796554
[2024-05-17T21:36:39.558+0000] {spark_submit.py:571} INFO - 24/05/17 21:36:39 INFO Utils: Copying /home/***/.ivy2/jars/com.google.code.findbugs_jsr305-3.0.2.jar to /tmp/spark-ee7182e0-bc79-4c01-9170-7708e61c3160/userFiles-328b3ce3-8b68-4e31-962a-e88ea4c3534f/com.google.code.findbugs_jsr305-3.0.2.jar
[2024-05-17T21:36:39.561+0000] {spark_submit.py:571} INFO - 24/05/17 21:36:39 INFO SparkContext: Added file file:///home/***/.ivy2/jars/com.datastax.oss_java-driver-query-builder-4.13.0.jar at spark://3e429f118033:34333/files/com.datastax.oss_java-driver-query-builder-4.13.0.jar with timestamp 1715981796554
[2024-05-17T21:36:39.561+0000] {spark_submit.py:571} INFO - 24/05/17 21:36:39 INFO Utils: Copying /home/***/.ivy2/jars/com.datastax.oss_java-driver-query-builder-4.13.0.jar to /tmp/spark-ee7182e0-bc79-4c01-9170-7708e61c3160/userFiles-328b3ce3-8b68-4e31-962a-e88ea4c3534f/com.datastax.oss_java-driver-query-builder-4.13.0.jar
[2024-05-17T21:36:39.739+0000] {spark_submit.py:571} INFO - 24/05/17 21:36:39 INFO StandaloneAppClient$ClientEndpoint: Connecting to master spark://spark-master:7077...
[2024-05-17T21:36:39.798+0000] {spark_submit.py:571} INFO - 24/05/17 21:36:39 INFO TransportClientFactory: Successfully created connection to spark-master/172.24.0.4:7077 after 29 ms (0 ms spent in bootstraps)
[2024-05-17T21:36:40.290+0000] {spark_submit.py:571} INFO - 24/05/17 21:36:40 INFO StandaloneSchedulerBackend: Connected to Spark cluster with app ID app-20240517213640-0018
[2024-05-17T21:36:40.302+0000] {spark_submit.py:571} INFO - 24/05/17 21:36:40 INFO Utils: Successfully started service 'org.apache.spark.network.netty.NettyBlockTransferService' on port 43819.
[2024-05-17T21:36:40.302+0000] {spark_submit.py:571} INFO - 24/05/17 21:36:40 INFO NettyBlockTransferService: Server created on 3e429f118033:43819
[2024-05-17T21:36:40.306+0000] {spark_submit.py:571} INFO - 24/05/17 21:36:40 INFO BlockManager: Using org.apache.spark.storage.RandomBlockReplicationPolicy for block replication policy
[2024-05-17T21:36:40.317+0000] {spark_submit.py:571} INFO - 24/05/17 21:36:40 INFO BlockManagerMaster: Registering BlockManager BlockManagerId(driver, 3e429f118033, 43819, None)
[2024-05-17T21:36:40.325+0000] {spark_submit.py:571} INFO - 24/05/17 21:36:40 INFO StandaloneAppClient$ClientEndpoint: Executor added: app-20240517213640-0018/0 on worker-20240517151623-172.24.0.5-45571 (172.24.0.5:45571) with 1 core(s)
[2024-05-17T21:36:40.328+0000] {spark_submit.py:571} INFO - 24/05/17 21:36:40 INFO StandaloneSchedulerBackend: Granted executor ID app-20240517213640-0018/0 on hostPort 172.24.0.5:45571 with 1 core(s), 1024.0 MiB RAM
[2024-05-17T21:36:40.330+0000] {spark_submit.py:571} INFO - 24/05/17 21:36:40 INFO BlockManagerMasterEndpoint: Registering block manager 3e429f118033:43819 with 434.4 MiB RAM, BlockManagerId(driver, 3e429f118033, 43819, None)
[2024-05-17T21:36:40.336+0000] {spark_submit.py:571} INFO - 24/05/17 21:36:40 INFO BlockManagerMaster: Registered BlockManager BlockManagerId(driver, 3e429f118033, 43819, None)
[2024-05-17T21:36:40.342+0000] {spark_submit.py:571} INFO - 24/05/17 21:36:40 INFO BlockManager: Initialized BlockManager: BlockManagerId(driver, 3e429f118033, 43819, None)
[2024-05-17T21:36:40.828+0000] {spark_submit.py:571} INFO - 24/05/17 21:36:40 INFO StandaloneSchedulerBackend: SchedulerBackend is ready for scheduling beginning after reached minRegisteredResourcesRatio: 0.0
[2024-05-17T21:36:41.119+0000] {spark_submit.py:571} INFO - 24/05/17 21:36:41 INFO StandaloneAppClient$ClientEndpoint: Executor updated: app-20240517213640-0018/0 is now RUNNING
[2024-05-17T21:36:41.444+0000] {spark_submit.py:571} INFO - 24/05/17 21:36:41 INFO SharedState: Setting hive.metastore.warehouse.dir ('null') to the value of spark.sql.warehouse.dir.
[2024-05-17T21:36:41.448+0000] {spark_submit.py:571} INFO - 24/05/17 21:36:41 INFO SharedState: Warehouse path is 'file:/opt/***/spark-warehouse'.
[2024-05-17T21:36:55.303+0000] {spark_submit.py:571} INFO - INFO:py4j.clientserver:Closing down clientserver connection
[2024-05-17T21:36:56.771+0000] {spark_submit.py:571} INFO - 24/05/17 21:36:56 INFO StandaloneSchedulerBackend$StandaloneDriverEndpoint: Registered executor NettyRpcEndpointRef(spark-client://Executor) (172.24.0.5:38886) with ID 0,  ResourceProfileId 0
[2024-05-17T21:36:56.924+0000] {spark_submit.py:571} INFO - 24/05/17 21:36:56 INFO SparkContext: Invoking stop() from shutdown hook
[2024-05-17T21:36:56.925+0000] {spark_submit.py:571} INFO - 24/05/17 21:36:56 INFO SparkContext: SparkContext is stopping with exitCode 0.
[2024-05-17T21:36:56.977+0000] {spark_submit.py:571} INFO - 24/05/17 21:36:56 INFO SparkUI: Stopped Spark web UI at http://3e429f118033:4040
[2024-05-17T21:36:56.983+0000] {spark_submit.py:571} INFO - 24/05/17 21:36:56 INFO StandaloneSchedulerBackend: Shutting down all executors
[2024-05-17T21:36:56.984+0000] {spark_submit.py:571} INFO - 24/05/17 21:36:56 INFO StandaloneSchedulerBackend$StandaloneDriverEndpoint: Asking each executor to shut down
[2024-05-17T21:36:57.008+0000] {spark_submit.py:571} INFO - 24/05/17 21:36:57 INFO BlockManagerMasterEndpoint: Registering block manager 172.24.0.5:43985 with 434.4 MiB RAM, BlockManagerId(0, 172.24.0.5, 43985, None)
[2024-05-17T21:36:57.019+0000] {spark_submit.py:571} INFO - 24/05/17 21:36:57 INFO MapOutputTrackerMasterEndpoint: MapOutputTrackerMasterEndpoint stopped!
[2024-05-17T21:36:57.092+0000] {spark_submit.py:571} INFO - 24/05/17 21:36:57 INFO MemoryStore: MemoryStore cleared
[2024-05-17T21:36:57.093+0000] {spark_submit.py:571} INFO - 24/05/17 21:36:57 INFO BlockManager: BlockManager stopped
[2024-05-17T21:36:57.100+0000] {spark_submit.py:571} INFO - 24/05/17 21:36:57 WARN Dispatcher: Message RequestMessage(172.24.0.5:38886, NettyRpcEndpointRef(spark://CoarseGrainedScheduler@3e429f118033:34333), RemoveExecutor(0,Unable to create executor due to Exception thrown in awaitResult: )) dropped due to sparkEnv is stopped. Could not find CoarseGrainedScheduler.
[2024-05-17T21:36:57.121+0000] {spark_submit.py:571} INFO - 24/05/17 21:36:57 INFO BlockManagerMaster: BlockManagerMaster stopped
[2024-05-17T21:36:57.125+0000] {spark_submit.py:571} INFO - 24/05/17 21:36:57 INFO OutputCommitCoordinator$OutputCommitCoordinatorEndpoint: OutputCommitCoordinator stopped!
[2024-05-17T21:36:57.296+0000] {spark_submit.py:571} INFO - 24/05/17 21:36:57 INFO SparkContext: Successfully stopped SparkContext
[2024-05-17T21:36:57.330+0000] {spark_submit.py:571} INFO - 24/05/17 21:36:57 INFO ShutdownHookManager: Shutdown hook called
[2024-05-17T21:36:57.330+0000] {spark_submit.py:571} INFO - 24/05/17 21:36:57 INFO ShutdownHookManager: Deleting directory /tmp/spark-ee7182e0-bc79-4c01-9170-7708e61c3160
[2024-05-17T21:36:57.331+0000] {spark_submit.py:571} INFO - 24/05/17 21:36:57 INFO ShutdownHookManager: Deleting directory /tmp/spark-ee7182e0-bc79-4c01-9170-7708e61c3160/pyspark-f2786b1b-1823-43a3-861d-3dfffe7d430c
[2024-05-17T21:36:57.332+0000] {spark_submit.py:571} INFO - 24/05/17 21:36:57 INFO ShutdownHookManager: Deleting directory /tmp/spark-7950338e-c47e-4109-8ff9-bed244bc2594
[2024-05-17T21:36:57.447+0000] {taskinstance.py:441} INFO - ::group::Post task execution logs
[2024-05-17T21:36:57.846+0000] {taskinstance.py:1206} INFO - Marking task as SUCCESS. dag_id=Webscrape, task_id=Process_Send_Data, run_id=manual__2024-05-17T21:36:15.698455+00:00, execution_date=20240517T213615, start_date=20240517T213619, end_date=20240517T213657
[2024-05-17T21:36:57.960+0000] {local_task_job_runner.py:240} INFO - Task exited with return code 0
[2024-05-17T21:36:58.046+0000] {taskinstance.py:3498} INFO - 0 downstream tasks scheduled from follow-on schedule check
[2024-05-17T21:36:58.048+0000] {local_task_job_runner.py:222} INFO - ::endgroup::
