[2024-05-18T23:55:46.106+0000] {local_task_job_runner.py:120} INFO - ::group::Pre task execution logs
[2024-05-18T23:55:55.405+0000] {local_task_job_runner.py:124} ERROR - Received SIGTERM. Terminating subprocesses
[2024-05-18T23:55:56.066+0000] {local_task_job_runner.py:240} INFO - Task exited with return code 143
[2024-05-18T23:55:57.905+0000] {taskinstance.py:3498} INFO - 0 downstream tasks scheduled from follow-on schedule check
[2024-05-18T23:58:24.083+0000] {local_task_job_runner.py:120} INFO - ::group::Pre task execution logs
[2024-05-18T23:58:26.808+0000] {taskinstance.py:2076} INFO - Dependencies all met for dep_context=non-requeueable deps ti=<TaskInstance: Real_Estate_Webscraping_ETL.Process_and_Send_Data_to_DB scheduled__2024-05-18T12:15:00+00:00 [queued]>
[2024-05-18T23:58:27.227+0000] {taskinstance.py:2076} INFO - Dependencies all met for dep_context=requeueable deps ti=<TaskInstance: Real_Estate_Webscraping_ETL.Process_and_Send_Data_to_DB scheduled__2024-05-18T12:15:00+00:00 [queued]>
[2024-05-18T23:58:27.277+0000] {taskinstance.py:2306} INFO - Starting attempt 1 of 6
[2024-05-18T23:58:27.718+0000] {taskinstance.py:2330} INFO - Executing <Task(SparkSubmitOperator): Process_and_Send_Data_to_DB> on 2024-05-18 12:15:00+00:00
[2024-05-18T23:58:28.089+0000] {standard_task_runner.py:63} INFO - Started process 429 to run task
[2024-05-18T23:58:28.140+0000] {standard_task_runner.py:90} INFO - Running: ['***', 'tasks', 'run', 'Real_Estate_Webscraping_ETL', 'Process_and_Send_Data_to_DB', 'scheduled__2024-05-18T12:15:00+00:00', '--job-id', '405', '--raw', '--subdir', 'DAGS_FOLDER/webscrapping.py', '--cfg-path', '/tmp/tmp8ntd61ff']
[2024-05-18T23:58:28.304+0000] {standard_task_runner.py:91} INFO - Job 405: Subtask Process_and_Send_Data_to_DB
[2024-05-18T23:58:39.504+0000] {task_command.py:426} INFO - Running <TaskInstance: Real_Estate_Webscraping_ETL.Process_and_Send_Data_to_DB scheduled__2024-05-18T12:15:00+00:00 [running]> on host 7879427f0394
[2024-05-18T23:58:51.761+0000] {taskinstance.py:2648} INFO - Exporting env vars: AIRFLOW_CTX_DAG_OWNER='svc' AIRFLOW_CTX_DAG_ID='Real_Estate_Webscraping_ETL' AIRFLOW_CTX_TASK_ID='Process_and_Send_Data_to_DB' AIRFLOW_CTX_EXECUTION_DATE='2024-05-18T12:15:00+00:00' AIRFLOW_CTX_TRY_NUMBER='1' AIRFLOW_CTX_DAG_RUN_ID='scheduled__2024-05-18T12:15:00+00:00'
[2024-05-18T23:58:53.189+0000] {taskinstance.py:430} INFO - ::endgroup::
[2024-05-18T23:58:55.651+0000] {base.py:84} INFO - Using connection ID 'spark_default' for task execution.
[2024-05-18T23:58:55.971+0000] {spark_submit.py:401} INFO - Spark-Submit cmd: spark-submit --master spark://spark-master:7077 --packages org.apache.spark:spark-sql-kafka-0-10_2.12:3.5.1,com.datastax.spark:spark-cassandra-connector_2.12:3.5.0,org.apache.kafka:kafka-clients:3.5.1,commons-logging:commons-logging:1.2 --name arrow-spark --deploy-mode client dags/includes/jobs/spark_consumer.py
[2024-05-18T23:58:59.735+0000] {spark_submit.py:571} INFO - /home/***/.local/lib/python3.11/site-packages/pyspark/bin/load-spark-env.sh: line 68: ps: command not found
[2024-05-19T00:01:31.664+0000] {local_task_job_runner.py:124} ERROR - Received SIGTERM. Terminating subprocesses
[2024-05-19T00:01:34.144+0000] {process_utils.py:132} INFO - Sending 15 to group 429. PIDs of all processes in the group: [497, 429]
[2024-05-19T00:01:34.631+0000] {process_utils.py:87} INFO - Sending the signal 15 to group 429
[2024-05-19T00:01:34.747+0000] {taskinstance.py:2611} ERROR - Received SIGTERM. Terminating subprocesses.
[2024-05-19T00:01:38.458+0000] {spark_submit.py:697} INFO - Sending kill signal to spark-submit
[2024-05-19T00:01:38.724+0000] {taskinstance.py:441} INFO - ::group::Post task execution logs
