[2024-05-18T23:08:49.256+0000] {local_task_job_runner.py:120} INFO - ::group::Pre task execution logs
[2024-05-18T23:08:49.283+0000] {taskinstance.py:2076} INFO - Dependencies all met for dep_context=non-requeueable deps ti=<TaskInstance: Webscrape.Ingest_Data manual__2024-05-18T23:08:47.237233+00:00 [queued]>
[2024-05-18T23:08:49.293+0000] {taskinstance.py:2076} INFO - Dependencies all met for dep_context=requeueable deps ti=<TaskInstance: Webscrape.Ingest_Data manual__2024-05-18T23:08:47.237233+00:00 [queued]>
[2024-05-18T23:08:49.293+0000] {taskinstance.py:2306} INFO - Starting attempt 1 of 6
[2024-05-18T23:08:49.305+0000] {taskinstance.py:2330} INFO - Executing <Task(PythonOperator): Ingest_Data> on 2024-05-18 23:08:47.237233+00:00
[2024-05-18T23:08:49.314+0000] {standard_task_runner.py:63} INFO - Started process 502 to run task
[2024-05-18T23:08:49.320+0000] {standard_task_runner.py:90} INFO - Running: ['***', 'tasks', 'run', 'Webscrape', 'Ingest_Data', 'manual__2024-05-18T23:08:47.237233+00:00', '--job-id', '318', '--raw', '--subdir', 'DAGS_FOLDER/webscrapping.py', '--cfg-path', '/tmp/tmpfaf0jmcx']
[2024-05-18T23:08:49.323+0000] {standard_task_runner.py:91} INFO - Job 318: Subtask Ingest_Data
[2024-05-18T23:08:49.393+0000] {task_command.py:426} INFO - Running <TaskInstance: Webscrape.Ingest_Data manual__2024-05-18T23:08:47.237233+00:00 [running]> on host 5bab4fb132fb
[2024-05-18T23:08:49.452+0000] {taskinstance.py:2648} INFO - Exporting env vars: AIRFLOW_CTX_DAG_OWNER='svc' AIRFLOW_CTX_DAG_ID='Webscrape' AIRFLOW_CTX_TASK_ID='Ingest_Data' AIRFLOW_CTX_EXECUTION_DATE='2024-05-18T23:08:47.237233+00:00' AIRFLOW_CTX_TRY_NUMBER='1' AIRFLOW_CTX_DAG_RUN_ID='manual__2024-05-18T23:08:47.237233+00:00'
[2024-05-18T23:08:49.453+0000] {taskinstance.py:430} INFO - ::endgroup::
[2024-05-18T23:08:49.468+0000] {conn.py:362} INFO - <BrokerConnection node_id=bootstrap-0 host=kafka:9092 <connecting> [IPv4 ('172.31.0.5', 9092)]>: connecting to kafka:9092 [('172.31.0.5', 9092) IPv4]
[2024-05-18T23:08:49.468+0000] {conn.py:957} INFO - Probing node bootstrap-0 broker version
[2024-05-18T23:08:49.469+0000] {conn.py:393} INFO - <BrokerConnection node_id=bootstrap-0 host=kafka:9092 <connecting> [IPv4 ('172.31.0.5', 9092)]>: Connection complete.
[2024-05-18T23:08:49.590+0000] {conn.py:1019} INFO - Broker version identified as 2.6.0
[2024-05-18T23:08:49.591+0000] {conn.py:1020} INFO - Set configuration api_version=(2, 6, 0) to skip auto check_version requests on startup
[2024-05-18T23:08:50.289+0000] {logging_mixin.py:188} INFO - Connecting to Scraping Browser
[2024-05-18T23:08:52.575+0000] {logging_mixin.py:188} INFO - Connected! Navigating to https://www.redfin.com
[2024-05-18T23:09:00.028+0000] {logging_mixin.py:188} INFO - Searching...
[2024-05-18T23:09:09.265+0000] {logging_mixin.py:188} INFO - --------
[2024-05-18T23:09:09.266+0000] {logging_mixin.py:188} INFO - 1
[2024-05-18T23:09:09.267+0000] {logging_mixin.py:188} INFO - Navigating to Listing page: https://www.redfin.com/NC/Charlotte/17113-Soho-Dr-28204/home/170607944
[2024-05-18T23:09:14.984+0000] {local_task_job_runner.py:310} WARNING - State of this instance has been externally set to failed. Terminating instance.
[2024-05-18T23:09:15.028+0000] {local_task_job_runner.py:222} INFO - ::endgroup::
[2024-05-18T23:09:15.047+0000] {process_utils.py:132} INFO - Sending 15 to group 502. PIDs of all processes in the group: [513, 502]
[2024-05-18T23:09:15.049+0000] {process_utils.py:87} INFO - Sending the signal 15 to group 502
[2024-05-18T23:09:15.050+0000] {taskinstance.py:2611} ERROR - Received SIGTERM. Terminating subprocesses.
[2024-05-18T23:09:15.592+0000] {process_utils.py:80} INFO - Process psutil.Process(pid=513, status='terminated', started='23:08:48') (513) terminated with exit code None
[2024-05-18T23:10:15.086+0000] {process_utils.py:150} WARNING - process psutil.Process(pid=502, name='airflow task ru', status='sleeping', started='23:08:48') did not respond to SIGTERM. Trying SIGKILL
[2024-05-18T23:10:15.140+0000] {process_utils.py:87} INFO - Sending the signal 9 to group 502
[2024-05-18T23:10:15.200+0000] {process_utils.py:80} INFO - Process psutil.Process(pid=502, name='airflow task ru', status='terminated', exitcode=<Negsignal.SIGKILL: -9>, started='23:08:48') (502) terminated with exit code -9
[2024-05-18T23:10:15.202+0000] {standard_task_runner.py:178} ERROR - Job 318 was killed before it finished (likely due to running out of memory)
