[2024-05-19T00:07:10.258+0000] {local_task_job_runner.py:120} INFO - ::group::Pre task execution logs
[2024-05-19T00:07:11.869+0000] {taskinstance.py:2076} INFO - Dependencies all met for dep_context=non-requeueable deps ti=<TaskInstance: Real_Estate_Webscraping_ETL.Process_and_Send_Data_to_DB scheduled__2024-05-18T12:00:00+00:00 [queued]>
[2024-05-19T00:07:12.003+0000] {taskinstance.py:2076} INFO - Dependencies all met for dep_context=requeueable deps ti=<TaskInstance: Real_Estate_Webscraping_ETL.Process_and_Send_Data_to_DB scheduled__2024-05-18T12:00:00+00:00 [queued]>
[2024-05-19T00:07:12.009+0000] {taskinstance.py:2306} INFO - Starting attempt 4 of 6
[2024-05-19T00:07:12.444+0000] {taskinstance.py:2330} INFO - Executing <Task(SparkSubmitOperator): Process_and_Send_Data_to_DB> on 2024-05-18 12:00:00+00:00
[2024-05-19T00:07:12.793+0000] {standard_task_runner.py:63} INFO - Started process 194 to run task
[2024-05-19T00:07:13.185+0000] {standard_task_runner.py:90} INFO - Running: ['***', 'tasks', 'run', 'Real_Estate_Webscraping_ETL', 'Process_and_Send_Data_to_DB', 'scheduled__2024-05-18T12:00:00+00:00', '--job-id', '426', '--raw', '--subdir', 'DAGS_FOLDER/webscrapping.py', '--cfg-path', '/tmp/tmp8k2vv8la']
[2024-05-19T00:07:13.393+0000] {standard_task_runner.py:91} INFO - Job 426: Subtask Process_and_Send_Data_to_DB
[2024-05-19T00:07:15.862+0000] {task_command.py:426} INFO - Running <TaskInstance: Real_Estate_Webscraping_ETL.Process_and_Send_Data_to_DB scheduled__2024-05-18T12:00:00+00:00 [running]> on host eddd84e36bad
[2024-05-19T00:07:19.820+0000] {taskinstance.py:2648} INFO - Exporting env vars: AIRFLOW_CTX_DAG_OWNER='svc' AIRFLOW_CTX_DAG_ID='Real_Estate_Webscraping_ETL' AIRFLOW_CTX_TASK_ID='Process_and_Send_Data_to_DB' AIRFLOW_CTX_EXECUTION_DATE='2024-05-18T12:00:00+00:00' AIRFLOW_CTX_TRY_NUMBER='4' AIRFLOW_CTX_DAG_RUN_ID='scheduled__2024-05-18T12:00:00+00:00'
[2024-05-19T00:07:20.015+0000] {taskinstance.py:430} INFO - ::endgroup::
[2024-05-19T00:07:21.330+0000] {base.py:84} INFO - Using connection ID 'spark_default' for task execution.
[2024-05-19T00:07:21.554+0000] {spark_submit.py:401} INFO - Spark-Submit cmd: spark-submit --master spark://spark-master:7077 --packages org.apache.spark:spark-sql-kafka-0-10_2.12:3.5.1,com.datastax.spark:spark-cassandra-connector_2.12:3.5.0,org.apache.kafka:kafka-clients:3.5.1,commons-logging:commons-logging:1.2 --name arrow-spark --deploy-mode client dags/includes/jobs/spark_consumer.py
[2024-05-19T00:07:24.905+0000] {spark_submit.py:571} INFO - /home/***/.local/lib/python3.11/site-packages/pyspark/bin/load-spark-env.sh: line 68: ps: command not found
[2024-05-19T00:08:50.534+0000] {spark_submit.py:571} INFO - :: loading settings :: url = jar:file:/home/***/.local/lib/python3.11/site-packages/pyspark/jars/ivy-2.5.1.jar!/org/apache/ivy/core/settings/ivysettings.xml
[2024-05-19T00:08:54.389+0000] {spark_submit.py:571} INFO - Ivy Default Cache set to: /home/***/.ivy2/cache
[2024-05-19T00:08:54.432+0000] {spark_submit.py:571} INFO - The jars for the packages stored in: /home/***/.ivy2/jars
[2024-05-19T00:08:54.515+0000] {spark_submit.py:571} INFO - org.apache.spark#spark-sql-kafka-0-10_2.12 added as a dependency
[2024-05-19T00:08:54.516+0000] {spark_submit.py:571} INFO - com.datastax.spark#spark-cassandra-connector_2.12 added as a dependency
[2024-05-19T00:08:54.516+0000] {spark_submit.py:571} INFO - org.apache.kafka#kafka-clients added as a dependency
[2024-05-19T00:08:54.517+0000] {spark_submit.py:571} INFO - commons-logging#commons-logging added as a dependency
[2024-05-19T00:08:54.527+0000] {spark_submit.py:571} INFO - :: resolving dependencies :: org.apache.spark#spark-submit-parent-b8d35b3e-1a4d-4bae-96d0-c198a6829bf0;1.0
[2024-05-19T00:08:54.531+0000] {spark_submit.py:571} INFO - confs: [default]
[2024-05-19T00:09:15.221+0000] {spark_submit.py:571} INFO - found com.datastax.spark#spark-cassandra-connector_2.12;3.5.0 in central
[2024-05-19T00:09:16.213+0000] {spark_submit.py:571} INFO - found com.datastax.spark#spark-cassandra-connector-driver_2.12;3.5.0 in central
[2024-05-19T00:09:16.656+0000] {spark_submit.py:571} INFO - found org.scala-lang.modules#scala-collection-compat_2.12;2.11.0 in central
[2024-05-19T00:09:19.490+0000] {spark_submit.py:571} INFO - found com.datastax.oss#java-driver-core-shaded;4.13.0 in central
[2024-05-19T00:09:19.677+0000] {spark_submit.py:571} INFO - found com.datastax.oss#native-protocol;1.5.0 in central
[2024-05-19T00:09:20.001+0000] {spark_submit.py:571} INFO - found com.datastax.oss#java-driver-shaded-guava;25.1-jre-graal-sub-1 in central
[2024-05-19T00:09:20.184+0000] {spark_submit.py:571} INFO - found com.typesafe#config;1.4.1 in central
[2024-05-19T00:09:21.260+0000] {spark_submit.py:571} INFO - found org.slf4j#slf4j-api;1.7.26 in central
[2024-05-19T00:09:22.735+0000] {spark_submit.py:571} INFO - found io.dropwizard.metrics#metrics-core;4.1.18 in central
[2024-05-19T00:09:23.407+0000] {spark_submit.py:571} INFO - found org.hdrhistogram#HdrHistogram;2.1.12 in central
[2024-05-19T00:09:23.750+0000] {spark_submit.py:571} INFO - found org.reactivestreams#reactive-streams;1.0.3 in central
[2024-05-19T00:09:23.943+0000] {spark_submit.py:571} INFO - found com.github.stephenc.jcip#jcip-annotations;1.0-1 in central
[2024-05-19T00:09:24.084+0000] {spark_submit.py:571} INFO - found com.github.spotbugs#spotbugs-annotations;3.1.12 in central
[2024-05-19T00:09:24.231+0000] {spark_submit.py:571} INFO - found com.google.code.findbugs#jsr305;3.0.2 in central
[2024-05-19T00:09:25.009+0000] {spark_submit.py:571} INFO - found com.datastax.oss#java-driver-mapper-runtime;4.13.0 in central
[2024-05-19T00:09:25.176+0000] {spark_submit.py:571} INFO - found com.datastax.oss#java-driver-query-builder;4.13.0 in central
[2024-05-19T00:09:25.315+0000] {spark_submit.py:571} INFO - found org.apache.commons#commons-lang3;3.10 in central
[2024-05-19T00:09:27.504+0000] {spark_submit.py:571} INFO - found com.thoughtworks.paranamer#paranamer;2.8 in central
[2024-05-19T00:09:28.239+0000] {spark_submit.py:571} INFO - found org.scala-lang#scala-reflect;2.12.11 in central
[2024-05-19T00:09:28.578+0000] {spark_submit.py:571} INFO - found org.apache.kafka#kafka-clients;3.5.1 in central
[2024-05-19T00:09:30.035+0000] {spark_submit.py:571} INFO - found com.github.luben#zstd-jni;1.5.5-1 in spark-list
[2024-05-19T00:09:31.638+0000] {spark_submit.py:571} INFO - found org.lz4#lz4-java;1.8.0 in central
[2024-05-19T00:09:32.457+0000] {spark_submit.py:571} INFO - found org.xerial.snappy#snappy-java;1.1.10.1 in central
[2024-05-19T00:09:35.123+0000] {spark_submit.py:571} INFO - found org.slf4j#slf4j-api;1.7.36 in central
[2024-05-19T00:09:39.550+0000] {spark_submit.py:571} INFO - found commons-logging#commons-logging;1.2 in central
[2024-05-19T00:09:39.930+0000] {spark_submit.py:571} INFO - downloading https://repo1.maven.org/maven2/org/apache/kafka/kafka-clients/3.5.1/kafka-clients-3.5.1.jar ...
[2024-05-19T00:09:49.605+0000] {spark_submit.py:571} INFO - downloading https://repo1.maven.org/maven2/commons-logging/commons-logging/1.2/commons-logging-1.2.jar ...
[2024-05-19T00:09:50.041+0000] {spark_submit.py:571} INFO - [SUCCESSFUL ] commons-logging#commons-logging;1.2!commons-logging.jar (843ms)
[2024-05-19T00:09:50.266+0000] {spark_submit.py:571} INFO - downloading https://repo1.maven.org/maven2/org/apache/commons/commons-lang3/3.10/commons-lang3-3.10.jar ...
[2024-05-19T00:09:50.805+0000] {spark_submit.py:571} INFO - [SUCCESSFUL ] org.apache.commons#commons-lang3;3.10!commons-lang3.jar (606ms)
[2024-05-19T00:09:50.937+0000] {spark_submit.py:571} INFO - downloading https://repo1.maven.org/maven2/com/thoughtworks/paranamer/paranamer/2.8/paranamer-2.8.jar ...
[2024-05-19T00:09:51.394+0000] {spark_submit.py:571} INFO - [SUCCESSFUL ] com.thoughtworks.paranamer#paranamer;2.8!paranamer.jar(bundle) (563ms)
[2024-05-19T00:09:51.657+0000] {spark_submit.py:571} INFO - downloading https://repo1.maven.org/maven2/org/scala-lang/scala-reflect/2.12.11/scala-reflect-2.12.11.jar ...
[2024-05-19T00:09:56.460+0000] {spark_submit.py:571} INFO - downloading https://repo1.maven.org/maven2/com/typesafe/config/1.4.1/config-1.4.1.jar ...
[2024-05-19T00:09:57.556+0000] {spark_submit.py:571} INFO - downloading https://repo1.maven.org/maven2/io/dropwizard/metrics/metrics-core/4.1.18/metrics-core-4.1.18.jar ...
[2024-05-19T00:09:58.007+0000] {spark_submit.py:571} INFO - [SUCCESSFUL ] io.dropwizard.metrics#metrics-core;4.1.18!metrics-core.jar(bundle) (811ms)
[2024-05-19T00:09:58.948+0000] {spark_submit.py:571} INFO - downloading https://repo1.maven.org/maven2/org/hdrhistogram/HdrHistogram/2.1.12/HdrHistogram-2.1.12.jar ...
[2024-05-19T00:09:59.216+0000] {spark_submit.py:571} INFO - [SUCCESSFUL ] org.hdrhistogram#HdrHistogram;2.1.12!HdrHistogram.jar(bundle) (1156ms)
[2024-05-19T00:09:59.673+0000] {spark_submit.py:571} INFO - downloading https://repo1.maven.org/maven2/com/google/code/findbugs/jsr305/3.0.2/jsr305-3.0.2.jar ...
[2024-05-19T00:09:59.998+0000] {spark_submit.py:571} INFO - [SUCCESSFUL ] com.google.code.findbugs#jsr305;3.0.2!jsr305.jar (609ms)
[2024-05-19T00:10:00.344+0000] {spark_submit.py:571} INFO - downloading https://repo1.maven.org/maven2/com/datastax/oss/java-driver-query-builder/4.13.0/java-driver-query-builder-4.13.0.jar ...
[2024-05-19T00:10:01.271+0000] {spark_submit.py:571} INFO - downloading https://repo1.maven.org/maven2/com/github/luben/zstd-jni/1.5.5-1/zstd-jni-1.5.5-1.jar ...
[2024-05-19T00:10:09.298+0000] {spark_submit.py:571} INFO - [SUCCESSFUL ] com.github.luben#zstd-jni;1.5.5-1!zstd-jni.jar (8353ms)
[2024-05-19T00:10:09.614+0000] {spark_submit.py:571} INFO - downloading https://repo1.maven.org/maven2/org/lz4/lz4-java/1.8.0/lz4-java-1.8.0.jar ...
[2024-05-19T00:10:10.489+0000] {spark_submit.py:571} INFO - downloading https://repo1.maven.org/maven2/org/xerial/snappy/snappy-java/1.1.10.1/snappy-java-1.1.10.1.jar ...
[2024-05-19T00:10:11.323+0000] {spark_submit.py:571} INFO - [SUCCESSFUL ] org.xerial.snappy#snappy-java;1.1.10.1!snappy-java.jar(bundle) (1053ms)
[2024-05-19T00:10:11.631+0000] {spark_submit.py:571} INFO - :: resolution report :: resolve 45262ms :: artifacts dl 31797ms
[2024-05-19T00:10:11.643+0000] {spark_submit.py:571} INFO - :: modules in use:
[2024-05-19T00:10:11.751+0000] {spark_submit.py:571} INFO - com.datastax.oss#java-driver-core-shaded;4.13.0 from central in [default]
[2024-05-19T00:10:11.753+0000] {spark_submit.py:571} INFO - com.datastax.oss#java-driver-mapper-runtime;4.13.0 from central in [default]
[2024-05-19T00:10:11.758+0000] {spark_submit.py:571} INFO - com.datastax.oss#java-driver-query-builder;4.13.0 from central in [default]
[2024-05-19T00:10:11.759+0000] {spark_submit.py:571} INFO - com.datastax.oss#java-driver-shaded-guava;25.1-jre-graal-sub-1 from central in [default]
[2024-05-19T00:10:11.762+0000] {spark_submit.py:571} INFO - com.datastax.oss#native-protocol;1.5.0 from central in [default]
[2024-05-19T00:10:11.769+0000] {spark_submit.py:571} INFO - com.datastax.spark#spark-cassandra-connector-driver_2.12;3.5.0 from central in [default]
[2024-05-19T00:10:11.777+0000] {spark_submit.py:571} INFO - com.datastax.spark#spark-cassandra-connector_2.12;3.5.0 from central in [default]
[2024-05-19T00:10:11.785+0000] {spark_submit.py:571} INFO - com.github.luben#zstd-jni;1.5.5-1 from spark-list in [default]
[2024-05-19T00:10:11.788+0000] {spark_submit.py:571} INFO - com.github.spotbugs#spotbugs-annotations;3.1.12 from central in [default]
[2024-05-19T00:10:11.791+0000] {spark_submit.py:571} INFO - com.github.stephenc.jcip#jcip-annotations;1.0-1 from central in [default]
[2024-05-19T00:10:11.796+0000] {spark_submit.py:571} INFO - com.google.code.findbugs#jsr305;3.0.2 from central in [default]
[2024-05-19T00:10:11.797+0000] {spark_submit.py:571} INFO - com.thoughtworks.paranamer#paranamer;2.8 from central in [default]
[2024-05-19T00:10:11.801+0000] {spark_submit.py:571} INFO - com.typesafe#config;1.4.1 from central in [default]
[2024-05-19T00:10:11.812+0000] {spark_submit.py:571} INFO - commons-logging#commons-logging;1.2 from central in [default]
[2024-05-19T00:10:11.815+0000] {spark_submit.py:571} INFO - io.dropwizard.metrics#metrics-core;4.1.18 from central in [default]
[2024-05-19T00:10:11.819+0000] {spark_submit.py:571} INFO - org.apache.commons#commons-lang3;3.10 from central in [default]
[2024-05-19T00:10:11.830+0000] {spark_submit.py:571} INFO - org.apache.kafka#kafka-clients;3.5.1 from central in [default]
[2024-05-19T00:10:11.836+0000] {spark_submit.py:571} INFO - org.hdrhistogram#HdrHistogram;2.1.12 from central in [default]
[2024-05-19T00:10:11.843+0000] {spark_submit.py:571} INFO - org.lz4#lz4-java;1.8.0 from central in [default]
[2024-05-19T00:10:11.847+0000] {spark_submit.py:571} INFO - org.reactivestreams#reactive-streams;1.0.3 from central in [default]
[2024-05-19T00:10:11.853+0000] {spark_submit.py:571} INFO - org.scala-lang#scala-reflect;2.12.11 from central in [default]
[2024-05-19T00:10:11.857+0000] {spark_submit.py:571} INFO - org.scala-lang.modules#scala-collection-compat_2.12;2.11.0 from central in [default]
[2024-05-19T00:10:11.861+0000] {spark_submit.py:571} INFO - org.slf4j#slf4j-api;1.7.36 from central in [default]
[2024-05-19T00:10:11.864+0000] {spark_submit.py:571} INFO - org.xerial.snappy#snappy-java;1.1.10.1 from central in [default]
[2024-05-19T00:10:11.868+0000] {spark_submit.py:571} INFO - :: evicted modules:
[2024-05-19T00:10:11.871+0000] {spark_submit.py:571} INFO - org.slf4j#slf4j-api;1.7.26 by [org.slf4j#slf4j-api;1.7.36] in [default]
[2024-05-19T00:10:11.873+0000] {spark_submit.py:571} INFO - ---------------------------------------------------------------------
[2024-05-19T00:10:11.875+0000] {spark_submit.py:571} INFO - |                  |            modules            ||   artifacts   |
[2024-05-19T00:10:11.878+0000] {spark_submit.py:571} INFO - |       conf       | number| search|dwnlded|evicted|| number|dwnlded|
[2024-05-19T00:10:11.889+0000] {spark_submit.py:571} INFO - ---------------------------------------------------------------------
[2024-05-19T00:10:11.893+0000] {spark_submit.py:571} INFO - |      default     |   26  |   12  |   11  |   1   ||   24  |   8   |
[2024-05-19T00:10:11.917+0000] {spark_submit.py:571} INFO - ---------------------------------------------------------------------
[2024-05-19T00:10:12.608+0000] {spark_submit.py:571} INFO - 
[2024-05-19T00:10:12.627+0000] {spark_submit.py:571} INFO - :: problems summary ::
[2024-05-19T00:10:12.632+0000] {spark_submit.py:571} INFO - :::: WARNINGS
[2024-05-19T00:10:12.642+0000] {spark_submit.py:571} INFO - io problem while parsing ivy file: https://repo1.maven.org/maven2/org/apache/apache/18/apache-18.pom (java.io.FileNotFoundException: /home/***/.ivy2/cache/org.apache/apache/ivy-18.xml.original (No such file or directory))
[2024-05-19T00:10:12.731+0000] {spark_submit.py:571} INFO - 
[2024-05-19T00:10:12.737+0000] {spark_submit.py:571} INFO - io problem while parsing ivy file: https://repo1.maven.org/maven2/org/apache/spark/spark-parent_2.12/3.5.1/spark-parent_2.12-3.5.1.pom (java.io.IOException: Impossible to load parent for file:/home/***/.ivy2/cache/org.apache.spark/spark-parent_2.12/ivy-3.5.1.xml.original. Parent=org.apache#apache;18)
[2024-05-19T00:10:12.757+0000] {spark_submit.py:571} INFO - 
[2024-05-19T00:10:12.766+0000] {spark_submit.py:571} INFO - io problem while parsing ivy file: https://repo1.maven.org/maven2/org/apache/spark/spark-sql-kafka-0-10_2.12/3.5.1/spark-sql-kafka-0-10_2.12-3.5.1.pom (java.io.IOException: Impossible to load parent for file:/home/***/.ivy2/cache/org.apache.spark/spark-sql-kafka-0-10_2.12/ivy-3.5.1.xml.original. Parent=org.apache.spark#spark-parent_2.12;3.5.1)
[2024-05-19T00:10:12.771+0000] {spark_submit.py:571} INFO - 
[2024-05-19T00:10:12.774+0000] {spark_submit.py:571} INFO - module not found: org.apache.spark#spark-sql-kafka-0-10_2.12;3.5.1
[2024-05-19T00:10:12.788+0000] {spark_submit.py:571} INFO - 
[2024-05-19T00:10:12.812+0000] {spark_submit.py:571} INFO - ==== local-m2-cache: tried
[2024-05-19T00:10:12.823+0000] {spark_submit.py:571} INFO - 
[2024-05-19T00:10:12.831+0000] {spark_submit.py:571} INFO - file:/home/***/.m2/repository/org/apache/apache/18/apache-18.pom
[2024-05-19T00:10:12.839+0000] {spark_submit.py:571} INFO - 
[2024-05-19T00:10:12.853+0000] {spark_submit.py:571} INFO - -- artifact org.apache#apache;18!apache.jar:
[2024-05-19T00:10:12.904+0000] {spark_submit.py:571} INFO - 
[2024-05-19T00:10:12.913+0000] {spark_submit.py:571} INFO - file:/home/***/.m2/repository/org/apache/apache/18/apache-18.jar
[2024-05-19T00:10:12.927+0000] {spark_submit.py:571} INFO - 
[2024-05-19T00:10:12.950+0000] {spark_submit.py:571} INFO - ==== local-ivy-cache: tried
[2024-05-19T00:10:12.951+0000] {spark_submit.py:571} INFO - 
[2024-05-19T00:10:12.959+0000] {spark_submit.py:571} INFO - /home/***/.ivy2/local/org.apache/apache/18/ivys/ivy.xml
[2024-05-19T00:10:12.976+0000] {spark_submit.py:571} INFO - 
[2024-05-19T00:10:12.984+0000] {spark_submit.py:571} INFO - -- artifact org.apache#apache;18!apache.jar:
[2024-05-19T00:10:12.988+0000] {spark_submit.py:571} INFO - 
[2024-05-19T00:10:13.013+0000] {spark_submit.py:571} INFO - /home/***/.ivy2/local/org.apache/apache/18/jars/apache.jar
[2024-05-19T00:10:13.038+0000] {spark_submit.py:571} INFO - 
[2024-05-19T00:10:13.049+0000] {spark_submit.py:571} INFO - ==== central: tried
[2024-05-19T00:10:13.054+0000] {spark_submit.py:571} INFO - 
[2024-05-19T00:10:13.056+0000] {spark_submit.py:571} INFO - https://repo1.maven.org/maven2/org/apache/apache/18/apache-18.pom
[2024-05-19T00:10:13.058+0000] {spark_submit.py:571} INFO - 
[2024-05-19T00:10:13.072+0000] {spark_submit.py:571} INFO - ==== spark-packages: tried
[2024-05-19T00:10:13.097+0000] {spark_submit.py:571} INFO - 
[2024-05-19T00:10:13.120+0000] {spark_submit.py:571} INFO - https://repos.spark-packages.org/org/apache/spark/spark-sql-kafka-0-10_2.12/3.5.1/spark-sql-kafka-0-10_2.12-3.5.1.pom
[2024-05-19T00:10:13.124+0000] {spark_submit.py:571} INFO - 
[2024-05-19T00:10:13.140+0000] {spark_submit.py:571} INFO - -- artifact org.apache.spark#spark-sql-kafka-0-10_2.12;3.5.1!spark-sql-kafka-0-10_2.12.jar:
[2024-05-19T00:10:13.165+0000] {spark_submit.py:571} INFO - 
[2024-05-19T00:10:13.180+0000] {spark_submit.py:571} INFO - https://repos.spark-packages.org/org/apache/spark/spark-sql-kafka-0-10_2.12/3.5.1/spark-sql-kafka-0-10_2.12-3.5.1.jar
[2024-05-19T00:10:13.193+0000] {spark_submit.py:571} INFO - 
[2024-05-19T00:10:13.198+0000] {spark_submit.py:571} INFO - [FAILED     ] org.apache.kafka#kafka-clients;3.5.1!kafka-clients.jar: Downloaded file size (0) doesn't match expected Content Length (5246932) for https://repo1.maven.org/maven2/org/apache/kafka/kafka-clients/3.5.1/kafka-clients-3.5.1.jar. Please retry. (9011ms)
[2024-05-19T00:10:13.202+0000] {spark_submit.py:571} INFO - 
[2024-05-19T00:10:13.206+0000] {spark_submit.py:571} INFO - [FAILED     ] org.apache.kafka#kafka-clients;3.5.1!kafka-clients.jar: Downloaded file size (0) doesn't match expected Content Length (5246932) for https://repo1.maven.org/maven2/org/apache/kafka/kafka-clients/3.5.1/kafka-clients-3.5.1.jar. Please retry. (9011ms)
[2024-05-19T00:10:13.210+0000] {spark_submit.py:571} INFO - 
[2024-05-19T00:10:13.214+0000] {spark_submit.py:571} INFO - ==== central: tried
[2024-05-19T00:10:13.218+0000] {spark_submit.py:571} INFO - 
[2024-05-19T00:10:13.231+0000] {spark_submit.py:571} INFO - https://repo1.maven.org/maven2/org/apache/kafka/kafka-clients/3.5.1/kafka-clients-3.5.1.jar
[2024-05-19T00:10:13.261+0000] {spark_submit.py:571} INFO - 
[2024-05-19T00:10:13.270+0000] {spark_submit.py:571} INFO - [FAILED     ] org.scala-lang#scala-reflect;2.12.11!scala-reflect.jar: Downloaded file size (163260) doesn't match expected Content Length (3681570) for https://repo1.maven.org/maven2/org/scala-lang/scala-reflect/2.12.11/scala-reflect-2.12.11.jar. Please retry. (4606ms)
[2024-05-19T00:10:13.278+0000] {spark_submit.py:571} INFO - 
[2024-05-19T00:10:13.290+0000] {spark_submit.py:571} INFO - [FAILED     ] org.scala-lang#scala-reflect;2.12.11!scala-reflect.jar: Downloaded file size (163260) doesn't match expected Content Length (3681570) for https://repo1.maven.org/maven2/org/scala-lang/scala-reflect/2.12.11/scala-reflect-2.12.11.jar. Please retry. (4606ms)
[2024-05-19T00:10:13.294+0000] {spark_submit.py:571} INFO - 
[2024-05-19T00:10:13.300+0000] {spark_submit.py:571} INFO - ==== central: tried
[2024-05-19T00:10:13.330+0000] {spark_submit.py:571} INFO - 
[2024-05-19T00:10:13.347+0000] {spark_submit.py:571} INFO - https://repo1.maven.org/maven2/org/scala-lang/scala-reflect/2.12.11/scala-reflect-2.12.11.jar
[2024-05-19T00:10:13.355+0000] {spark_submit.py:571} INFO - 
[2024-05-19T00:10:13.356+0000] {spark_submit.py:571} INFO - [FAILED     ] com.typesafe#config;1.4.1!config.jar(bundle): Downloaded file size (0) doesn't match expected Content Length (295197) for https://repo1.maven.org/maven2/com/typesafe/config/1.4.1/config-1.4.1.jar. Please retry. (951ms)
[2024-05-19T00:10:13.356+0000] {spark_submit.py:571} INFO - 
[2024-05-19T00:10:13.356+0000] {spark_submit.py:571} INFO - [FAILED     ] com.typesafe#config;1.4.1!config.jar(bundle): Downloaded file size (0) doesn't match expected Content Length (295197) for https://repo1.maven.org/maven2/com/typesafe/config/1.4.1/config-1.4.1.jar. Please retry. (951ms)
[2024-05-19T00:10:13.356+0000] {spark_submit.py:571} INFO - 
[2024-05-19T00:10:13.357+0000] {spark_submit.py:571} INFO - ==== central: tried
[2024-05-19T00:10:13.357+0000] {spark_submit.py:571} INFO - 
[2024-05-19T00:10:13.357+0000] {spark_submit.py:571} INFO - https://repo1.maven.org/maven2/com/typesafe/config/1.4.1/config-1.4.1.jar
[2024-05-19T00:10:13.368+0000] {spark_submit.py:571} INFO - 
[2024-05-19T00:10:13.376+0000] {spark_submit.py:571} INFO - [FAILED     ] com.datastax.oss#java-driver-query-builder;4.13.0!java-driver-query-builder.jar(bundle): Downloaded file size (0) doesn't match expected Content Length (277344) for https://repo1.maven.org/maven2/com/datastax/oss/java-driver-query-builder/4.13.0/java-driver-query-builder-4.13.0.jar. Please retry. (853ms)
[2024-05-19T00:10:13.397+0000] {spark_submit.py:571} INFO - 
[2024-05-19T00:10:13.402+0000] {spark_submit.py:571} INFO - [FAILED     ] com.datastax.oss#java-driver-query-builder;4.13.0!java-driver-query-builder.jar(bundle): Downloaded file size (0) doesn't match expected Content Length (277344) for https://repo1.maven.org/maven2/com/datastax/oss/java-driver-query-builder/4.13.0/java-driver-query-builder-4.13.0.jar. Please retry. (853ms)
[2024-05-19T00:10:13.410+0000] {spark_submit.py:571} INFO - 
[2024-05-19T00:10:13.417+0000] {spark_submit.py:571} INFO - ==== central: tried
[2024-05-19T00:10:13.434+0000] {spark_submit.py:571} INFO - 
[2024-05-19T00:10:13.451+0000] {spark_submit.py:571} INFO - https://repo1.maven.org/maven2/com/datastax/oss/java-driver-query-builder/4.13.0/java-driver-query-builder-4.13.0.jar
[2024-05-19T00:10:13.456+0000] {spark_submit.py:571} INFO - 
[2024-05-19T00:10:13.459+0000] {spark_submit.py:571} INFO - [FAILED     ] org.lz4#lz4-java;1.8.0!lz4-java.jar: Downloaded file size (0) doesn't match expected Content Length (682804) for https://repo1.maven.org/maven2/org/lz4/lz4-java/1.8.0/lz4-java-1.8.0.jar. Please retry. (740ms)
[2024-05-19T00:10:13.465+0000] {spark_submit.py:571} INFO - 
[2024-05-19T00:10:13.469+0000] {spark_submit.py:571} INFO - [FAILED     ] org.lz4#lz4-java;1.8.0!lz4-java.jar: Downloaded file size (0) doesn't match expected Content Length (682804) for https://repo1.maven.org/maven2/org/lz4/lz4-java/1.8.0/lz4-java-1.8.0.jar. Please retry. (740ms)
[2024-05-19T00:10:13.476+0000] {spark_submit.py:571} INFO - 
[2024-05-19T00:10:13.486+0000] {spark_submit.py:571} INFO - ==== central: tried
[2024-05-19T00:10:13.490+0000] {spark_submit.py:571} INFO - 
[2024-05-19T00:10:13.496+0000] {spark_submit.py:571} INFO - https://repo1.maven.org/maven2/org/lz4/lz4-java/1.8.0/lz4-java-1.8.0.jar
[2024-05-19T00:10:13.497+0000] {spark_submit.py:571} INFO - 
[2024-05-19T00:10:13.507+0000] {spark_submit.py:571} INFO - ::::::::::::::::::::::::::::::::::::::::::::::
[2024-05-19T00:10:13.510+0000] {spark_submit.py:571} INFO - 
[2024-05-19T00:10:13.523+0000] {spark_submit.py:571} INFO - ::          UNRESOLVED DEPENDENCIES         ::
[2024-05-19T00:10:13.533+0000] {spark_submit.py:571} INFO - 
[2024-05-19T00:10:13.548+0000] {spark_submit.py:571} INFO - ::::::::::::::::::::::::::::::::::::::::::::::
[2024-05-19T00:10:13.558+0000] {spark_submit.py:571} INFO - 
[2024-05-19T00:10:13.567+0000] {spark_submit.py:571} INFO - :: org.apache.spark#spark-sql-kafka-0-10_2.12;3.5.1: not found
[2024-05-19T00:10:13.572+0000] {spark_submit.py:571} INFO - 
[2024-05-19T00:10:13.578+0000] {spark_submit.py:571} INFO - ::::::::::::::::::::::::::::::::::::::::::::::
[2024-05-19T00:10:13.582+0000] {spark_submit.py:571} INFO - 
[2024-05-19T00:10:13.590+0000] {spark_submit.py:571} INFO - 
[2024-05-19T00:10:13.600+0000] {spark_submit.py:571} INFO - ::::::::::::::::::::::::::::::::::::::::::::::
[2024-05-19T00:10:13.605+0000] {spark_submit.py:571} INFO - 
[2024-05-19T00:10:13.609+0000] {spark_submit.py:571} INFO - ::              FAILED DOWNLOADS            ::
[2024-05-19T00:10:13.614+0000] {spark_submit.py:571} INFO - 
[2024-05-19T00:10:13.622+0000] {spark_submit.py:571} INFO - :: ^ see resolution messages for details  ^ ::
[2024-05-19T00:10:13.629+0000] {spark_submit.py:571} INFO - 
[2024-05-19T00:10:13.637+0000] {spark_submit.py:571} INFO - ::::::::::::::::::::::::::::::::::::::::::::::
[2024-05-19T00:10:13.664+0000] {spark_submit.py:571} INFO - 
[2024-05-19T00:10:13.673+0000] {spark_submit.py:571} INFO - :: com.typesafe#config;1.4.1!config.jar(bundle)
[2024-05-19T00:10:13.681+0000] {spark_submit.py:571} INFO - 
[2024-05-19T00:10:13.690+0000] {spark_submit.py:571} INFO - :: com.datastax.oss#java-driver-query-builder;4.13.0!java-driver-query-builder.jar(bundle)
[2024-05-19T00:10:13.709+0000] {spark_submit.py:571} INFO - 
[2024-05-19T00:10:13.718+0000] {spark_submit.py:571} INFO - :: org.scala-lang#scala-reflect;2.12.11!scala-reflect.jar
[2024-05-19T00:10:13.736+0000] {spark_submit.py:571} INFO - 
[2024-05-19T00:10:13.743+0000] {spark_submit.py:571} INFO - :: org.apache.kafka#kafka-clients;3.5.1!kafka-clients.jar
[2024-05-19T00:10:13.754+0000] {spark_submit.py:571} INFO - 
[2024-05-19T00:10:13.767+0000] {spark_submit.py:571} INFO - :: org.lz4#lz4-java;1.8.0!lz4-java.jar
[2024-05-19T00:10:13.779+0000] {spark_submit.py:571} INFO - 
[2024-05-19T00:10:13.800+0000] {spark_submit.py:571} INFO - ::::::::::::::::::::::::::::::::::::::::::::::
[2024-05-19T00:10:13.826+0000] {spark_submit.py:571} INFO - 
[2024-05-19T00:10:13.843+0000] {spark_submit.py:571} INFO - 
[2024-05-19T00:10:13.852+0000] {spark_submit.py:571} INFO - :::: ERRORS
[2024-05-19T00:10:13.857+0000] {spark_submit.py:571} INFO - unknown resolver null
[2024-05-19T00:10:13.865+0000] {spark_submit.py:571} INFO - 
[2024-05-19T00:10:13.866+0000] {spark_submit.py:571} INFO - unknown resolver null
[2024-05-19T00:10:13.870+0000] {spark_submit.py:571} INFO - 
[2024-05-19T00:10:13.873+0000] {spark_submit.py:571} INFO - 
[2024-05-19T00:10:13.878+0000] {spark_submit.py:571} INFO - :: USE VERBOSE OR DEBUG MESSAGE LEVEL FOR MORE DETAILS
[2024-05-19T00:10:13.919+0000] {spark_submit.py:571} INFO - Exception in thread "main" java.lang.RuntimeException: [unresolved dependency: org.apache.spark#spark-sql-kafka-0-10_2.12;3.5.1: not found, download failed: com.typesafe#config;1.4.1!config.jar(bundle), download failed: com.datastax.oss#java-driver-query-builder;4.13.0!java-driver-query-builder.jar(bundle), download failed: org.scala-lang#scala-reflect;2.12.11!scala-reflect.jar, download failed: org.apache.kafka#kafka-clients;3.5.1!kafka-clients.jar, download failed: org.lz4#lz4-java;1.8.0!lz4-java.jar]
[2024-05-19T00:10:13.928+0000] {spark_submit.py:571} INFO - at org.apache.spark.deploy.SparkSubmitUtils$.resolveMavenCoordinates(SparkSubmit.scala:1608)
[2024-05-19T00:10:13.936+0000] {spark_submit.py:571} INFO - at org.apache.spark.util.DependencyUtils$.resolveMavenDependencies(DependencyUtils.scala:185)
[2024-05-19T00:10:13.944+0000] {spark_submit.py:571} INFO - at org.apache.spark.deploy.SparkSubmit.prepareSubmitEnvironment(SparkSubmit.scala:334)
[2024-05-19T00:10:13.950+0000] {spark_submit.py:571} INFO - at org.apache.spark.deploy.SparkSubmit.org$apache$spark$deploy$SparkSubmit$$runMain(SparkSubmit.scala:964)
[2024-05-19T00:10:13.965+0000] {spark_submit.py:571} INFO - at org.apache.spark.deploy.SparkSubmit.doRunMain$1(SparkSubmit.scala:194)
[2024-05-19T00:10:13.977+0000] {spark_submit.py:571} INFO - at org.apache.spark.deploy.SparkSubmit.submit(SparkSubmit.scala:217)
[2024-05-19T00:10:13.982+0000] {spark_submit.py:571} INFO - at org.apache.spark.deploy.SparkSubmit.doSubmit(SparkSubmit.scala:91)
[2024-05-19T00:10:13.992+0000] {spark_submit.py:571} INFO - at org.apache.spark.deploy.SparkSubmit$$anon$2.doSubmit(SparkSubmit.scala:1120)
[2024-05-19T00:10:14.000+0000] {spark_submit.py:571} INFO - at org.apache.spark.deploy.SparkSubmit$.main(SparkSubmit.scala:1129)
[2024-05-19T00:10:14.017+0000] {spark_submit.py:571} INFO - at org.apache.spark.deploy.SparkSubmit.main(SparkSubmit.scala)
[2024-05-19T00:10:14.668+0000] {taskinstance.py:441} INFO - ::group::Post task execution logs
[2024-05-19T00:10:16.850+0000] {taskinstance.py:2905} ERROR - Task failed with exception
Traceback (most recent call last):
  File "/home/airflow/.local/lib/python3.11/site-packages/airflow/models/taskinstance.py", line 465, in _execute_task
    result = _execute_callable(context=context, **execute_callable_kwargs)
             ^^^^^^^^^^^^^^^^^^^^^^^^^^^^^^^^^^^^^^^^^^^^^^^^^^^^^^^^^^^^^
  File "/home/airflow/.local/lib/python3.11/site-packages/airflow/models/taskinstance.py", line 432, in _execute_callable
    return execute_callable(context=context, **execute_callable_kwargs)
           ^^^^^^^^^^^^^^^^^^^^^^^^^^^^^^^^^^^^^^^^^^^^^^^^^^^^^^^^^^^^
  File "/home/airflow/.local/lib/python3.11/site-packages/airflow/models/baseoperator.py", line 400, in wrapper
    return func(self, *args, **kwargs)
           ^^^^^^^^^^^^^^^^^^^^^^^^^^^
  File "/home/airflow/.local/lib/python3.11/site-packages/airflow/providers/apache/spark/operators/spark_submit.py", line 174, in execute
    self._hook.submit(self.application)
  File "/home/airflow/.local/lib/python3.11/site-packages/airflow/providers/apache/spark/hooks/spark_submit.py", line 502, in submit
    raise AirflowException(
airflow.exceptions.AirflowException: Cannot execute: spark-submit --master spark://spark-master:7077 --packages org.apache.spark:spark-sql-kafka-0-10_2.12:3.5.1,com.datastax.spark:spark-cassandra-connector_2.12:3.5.0,org.apache.kafka:kafka-clients:3.5.1,commons-logging:commons-logging:1.2 --name arrow-spark --deploy-mode client dags/includes/jobs/spark_consumer.py. Error code is: 1.
[2024-05-19T00:10:18.700+0000] {taskinstance.py:1206} INFO - Marking task as UP_FOR_RETRY. dag_id=Real_Estate_Webscraping_ETL, task_id=Process_and_Send_Data_to_DB, run_id=scheduled__2024-05-18T12:00:00+00:00, execution_date=20240518T120000, start_date=20240519T000711, end_date=20240519T001018
[2024-05-19T00:10:20.051+0000] {standard_task_runner.py:110} ERROR - Failed to execute job 426 for task Process_and_Send_Data_to_DB (Cannot execute: spark-submit --master spark://spark-master:7077 --packages org.apache.spark:spark-sql-kafka-0-10_2.12:3.5.1,com.datastax.spark:spark-cassandra-connector_2.12:3.5.0,org.apache.kafka:kafka-clients:3.5.1,commons-logging:commons-logging:1.2 --name arrow-spark --deploy-mode client dags/includes/jobs/spark_consumer.py. Error code is: 1.; 194)
[2024-05-19T00:10:20.442+0000] {local_task_job_runner.py:240} INFO - Task exited with return code 1
[2024-05-19T00:10:22.438+0000] {taskinstance.py:3498} INFO - 0 downstream tasks scheduled from follow-on schedule check
[2024-05-19T00:10:22.444+0000] {local_task_job_runner.py:222} INFO - ::endgroup::
