[2024-05-18T23:42:19.038+0000] {local_task_job_runner.py:120} INFO - ::group::Pre task execution logs
[2024-05-18T23:42:20.556+0000] {taskinstance.py:2076} INFO - Dependencies all met for dep_context=non-requeueable deps ti=<TaskInstance: Real_Estate_Webscraping_ETL.Process_and_Send_Data_to_DB scheduled__2024-05-18T12:00:00+00:00 [queued]>
[2024-05-18T23:42:20.989+0000] {taskinstance.py:2076} INFO - Dependencies all met for dep_context=requeueable deps ti=<TaskInstance: Real_Estate_Webscraping_ETL.Process_and_Send_Data_to_DB scheduled__2024-05-18T12:00:00+00:00 [queued]>
[2024-05-18T23:42:20.999+0000] {taskinstance.py:2306} INFO - Starting attempt 1 of 6
[2024-05-18T23:42:21.580+0000] {taskinstance.py:2330} INFO - Executing <Task(SparkSubmitOperator): Process_and_Send_Data_to_DB> on 2024-05-18 12:00:00+00:00
[2024-05-18T23:42:21.803+0000] {standard_task_runner.py:63} INFO - Started process 2600 to run task
[2024-05-18T23:42:21.990+0000] {standard_task_runner.py:90} INFO - Running: ['***', 'tasks', 'run', 'Real_Estate_Webscraping_ETL', 'Process_and_Send_Data_to_DB', 'scheduled__2024-05-18T12:00:00+00:00', '--job-id', '365', '--raw', '--subdir', 'DAGS_FOLDER/webscrapping.py', '--cfg-path', '/tmp/tmptda1ycp7']
[2024-05-18T23:42:22.641+0000] {standard_task_runner.py:91} INFO - Job 365: Subtask Process_and_Send_Data_to_DB
[2024-05-18T23:42:27.689+0000] {task_command.py:426} INFO - Running <TaskInstance: Real_Estate_Webscraping_ETL.Process_and_Send_Data_to_DB scheduled__2024-05-18T12:00:00+00:00 [running]> on host c0373bd0174c
[2024-05-18T23:42:31.007+0000] {taskinstance.py:2648} INFO - Exporting env vars: AIRFLOW_CTX_DAG_OWNER='svc' AIRFLOW_CTX_DAG_ID='Real_Estate_Webscraping_ETL' AIRFLOW_CTX_TASK_ID='Process_and_Send_Data_to_DB' AIRFLOW_CTX_EXECUTION_DATE='2024-05-18T12:00:00+00:00' AIRFLOW_CTX_TRY_NUMBER='1' AIRFLOW_CTX_DAG_RUN_ID='scheduled__2024-05-18T12:00:00+00:00'
[2024-05-18T23:42:31.245+0000] {taskinstance.py:430} INFO - ::endgroup::
[2024-05-18T23:42:43.475+0000] {base.py:84} INFO - Using connection ID 'spark_default' for task execution.
[2024-05-18T23:42:44.635+0000] {spark_submit.py:401} INFO - Spark-Submit cmd: spark-submit --master spark://spark-master:7077 --packages org.apache.spark:spark-sql-kafka-0-10_2.12:3.5.1,com.datastax.spark:spark-cassandra-connector_2.12:3.5.0,org.apache.kafka:kafka-clients:3.5.1,commons-logging:commons-logging:1.2 --name arrow-spark --deploy-mode client dags/includes/jobs/spark_consumer.py
[2024-05-18T23:42:49.490+0000] {spark_submit.py:571} INFO - /home/***/.local/lib/python3.11/site-packages/pyspark/bin/load-spark-env.sh: line 68: ps: command not found
[2024-05-18T23:45:24.281+0000] {spark_submit.py:571} INFO - :: loading settings :: url = jar:file:/home/***/.local/lib/python3.11/site-packages/pyspark/jars/ivy-2.5.1.jar!/org/apache/ivy/core/settings/ivysettings.xml
[2024-05-18T23:45:25.238+0000] {spark_submit.py:571} INFO - Ivy Default Cache set to: /home/***/.ivy2/cache
[2024-05-18T23:45:25.254+0000] {spark_submit.py:571} INFO - The jars for the packages stored in: /home/***/.ivy2/jars
[2024-05-18T23:45:25.283+0000] {spark_submit.py:571} INFO - org.apache.spark#spark-sql-kafka-0-10_2.12 added as a dependency
[2024-05-18T23:45:25.285+0000] {spark_submit.py:571} INFO - com.datastax.spark#spark-cassandra-connector_2.12 added as a dependency
[2024-05-18T23:45:25.289+0000] {spark_submit.py:571} INFO - org.apache.kafka#kafka-clients added as a dependency
[2024-05-18T23:45:25.290+0000] {spark_submit.py:571} INFO - commons-logging#commons-logging added as a dependency
[2024-05-18T23:45:25.297+0000] {spark_submit.py:571} INFO - :: resolving dependencies :: org.apache.spark#spark-submit-parent-0f3fa39d-f803-48fb-a589-e8ff7e8e2481;1.0
[2024-05-18T23:45:25.319+0000] {spark_submit.py:571} INFO - confs: [default]
[2024-05-18T23:45:31.015+0000] {spark_submit.py:571} INFO - found org.apache.spark#spark-sql-kafka-0-10_2.12;3.5.1 in spark-list
[2024-05-18T23:45:44.912+0000] {spark_submit.py:571} INFO - found org.apache.spark#spark-token-provider-kafka-0-10_2.12;3.5.1 in central
[2024-05-18T23:45:51.644+0000] {spark_submit.py:571} INFO - found org.apache.hadoop#hadoop-client-runtime;3.3.4 in central
[2024-05-18T23:45:52.161+0000] {spark_submit.py:571} INFO - found org.apache.hadoop#hadoop-client-api;3.3.4 in central
[2024-05-18T23:45:53.965+0000] {spark_submit.py:571} INFO - found org.xerial.snappy#snappy-java;1.1.10.3 in central
[2024-05-18T23:45:57.634+0000] {spark_submit.py:571} INFO - found org.slf4j#slf4j-api;2.0.7 in central
[2024-05-18T23:45:59.880+0000] {spark_submit.py:571} INFO - found com.google.code.findbugs#jsr305;3.0.0 in central
[2024-05-18T23:46:00.846+0000] {spark_submit.py:571} INFO - found org.apache.commons#commons-pool2;2.11.1 in central
[2024-05-18T23:46:01.318+0000] {spark_submit.py:571} INFO - found com.datastax.spark#spark-cassandra-connector_2.12;3.5.0 in central
[2024-05-18T23:46:01.630+0000] {spark_submit.py:571} INFO - found com.datastax.spark#spark-cassandra-connector-driver_2.12;3.5.0 in central
[2024-05-18T23:46:01.830+0000] {spark_submit.py:571} INFO - found org.scala-lang.modules#scala-collection-compat_2.12;2.11.0 in central
[2024-05-18T23:46:04.075+0000] {spark_submit.py:571} INFO - found com.datastax.oss#java-driver-core-shaded;4.13.0 in central
[2024-05-18T23:46:11.476+0000] {spark_submit.py:571} INFO - found com.datastax.oss#native-protocol;1.5.0 in central
[2024-05-18T23:46:12.429+0000] {spark_submit.py:571} INFO - found com.datastax.oss#java-driver-shaded-guava;25.1-jre-graal-sub-1 in central
[2024-05-18T23:46:12.654+0000] {spark_submit.py:571} INFO - found com.typesafe#config;1.4.1 in central
[2024-05-18T23:46:12.929+0000] {spark_submit.py:571} INFO - found io.dropwizard.metrics#metrics-core;4.1.18 in central
[2024-05-18T23:46:13.158+0000] {spark_submit.py:571} INFO - found org.hdrhistogram#HdrHistogram;2.1.12 in central
[2024-05-18T23:46:13.344+0000] {spark_submit.py:571} INFO - found org.reactivestreams#reactive-streams;1.0.3 in central
[2024-05-18T23:46:13.478+0000] {spark_submit.py:571} INFO - found com.github.stephenc.jcip#jcip-annotations;1.0-1 in central
[2024-05-18T23:46:13.632+0000] {spark_submit.py:571} INFO - found com.github.spotbugs#spotbugs-annotations;3.1.12 in central
[2024-05-18T23:46:13.783+0000] {spark_submit.py:571} INFO - found com.google.code.findbugs#jsr305;3.0.2 in central
[2024-05-18T23:46:13.898+0000] {spark_submit.py:571} INFO - found com.datastax.oss#java-driver-mapper-runtime;4.13.0 in central
[2024-05-18T23:46:13.990+0000] {spark_submit.py:571} INFO - found com.datastax.oss#java-driver-query-builder;4.13.0 in central
[2024-05-18T23:46:14.148+0000] {spark_submit.py:571} INFO - found org.apache.commons#commons-lang3;3.10 in central
[2024-05-18T23:46:14.233+0000] {spark_submit.py:571} INFO - found com.thoughtworks.paranamer#paranamer;2.8 in central
[2024-05-18T23:46:14.330+0000] {spark_submit.py:571} INFO - found org.scala-lang#scala-reflect;2.12.11 in central
[2024-05-18T23:46:14.399+0000] {spark_submit.py:571} INFO - found org.apache.kafka#kafka-clients;3.5.1 in central
[2024-05-18T23:46:14.671+0000] {spark_submit.py:571} INFO - found com.github.luben#zstd-jni;1.5.5-1 in central
[2024-05-18T23:46:14.781+0000] {spark_submit.py:571} INFO - found org.lz4#lz4-java;1.8.0 in central
[2024-05-18T23:46:15.102+0000] {spark_submit.py:571} INFO - found commons-logging#commons-logging;1.2 in central
[2024-05-18T23:46:16.264+0000] {spark_submit.py:571} INFO - :: resolution report :: resolve 50503ms :: artifacts dl 471ms
[2024-05-18T23:46:16.280+0000] {spark_submit.py:571} INFO - :: modules in use:
[2024-05-18T23:46:16.292+0000] {spark_submit.py:571} INFO - com.datastax.oss#java-driver-core-shaded;4.13.0 from central in [default]
[2024-05-18T23:46:16.293+0000] {spark_submit.py:571} INFO - com.datastax.oss#java-driver-mapper-runtime;4.13.0 from central in [default]
[2024-05-18T23:46:16.293+0000] {spark_submit.py:571} INFO - com.datastax.oss#java-driver-query-builder;4.13.0 from central in [default]
[2024-05-18T23:46:16.302+0000] {spark_submit.py:571} INFO - com.datastax.oss#java-driver-shaded-guava;25.1-jre-graal-sub-1 from central in [default]
[2024-05-18T23:46:16.303+0000] {spark_submit.py:571} INFO - com.datastax.oss#native-protocol;1.5.0 from central in [default]
[2024-05-18T23:46:16.305+0000] {spark_submit.py:571} INFO - com.datastax.spark#spark-cassandra-connector-driver_2.12;3.5.0 from central in [default]
[2024-05-18T23:46:16.309+0000] {spark_submit.py:571} INFO - com.datastax.spark#spark-cassandra-connector_2.12;3.5.0 from central in [default]
[2024-05-18T23:46:16.310+0000] {spark_submit.py:571} INFO - com.github.luben#zstd-jni;1.5.5-1 from central in [default]
[2024-05-18T23:46:16.310+0000] {spark_submit.py:571} INFO - com.github.spotbugs#spotbugs-annotations;3.1.12 from central in [default]
[2024-05-18T23:46:16.311+0000] {spark_submit.py:571} INFO - com.github.stephenc.jcip#jcip-annotations;1.0-1 from central in [default]
[2024-05-18T23:46:16.313+0000] {spark_submit.py:571} INFO - com.google.code.findbugs#jsr305;3.0.2 from central in [default]
[2024-05-18T23:46:16.314+0000] {spark_submit.py:571} INFO - com.thoughtworks.paranamer#paranamer;2.8 from central in [default]
[2024-05-18T23:46:16.314+0000] {spark_submit.py:571} INFO - com.typesafe#config;1.4.1 from central in [default]
[2024-05-18T23:46:16.314+0000] {spark_submit.py:571} INFO - commons-logging#commons-logging;1.2 from central in [default]
[2024-05-18T23:46:16.314+0000] {spark_submit.py:571} INFO - io.dropwizard.metrics#metrics-core;4.1.18 from central in [default]
[2024-05-18T23:46:16.314+0000] {spark_submit.py:571} INFO - org.apache.commons#commons-lang3;3.10 from central in [default]
[2024-05-18T23:46:16.315+0000] {spark_submit.py:571} INFO - org.apache.commons#commons-pool2;2.11.1 from central in [default]
[2024-05-18T23:46:16.315+0000] {spark_submit.py:571} INFO - org.apache.hadoop#hadoop-client-api;3.3.4 from central in [default]
[2024-05-18T23:46:16.315+0000] {spark_submit.py:571} INFO - org.apache.hadoop#hadoop-client-runtime;3.3.4 from central in [default]
[2024-05-18T23:46:16.315+0000] {spark_submit.py:571} INFO - org.apache.kafka#kafka-clients;3.5.1 from central in [default]
[2024-05-18T23:46:16.316+0000] {spark_submit.py:571} INFO - org.apache.spark#spark-sql-kafka-0-10_2.12;3.5.1 from spark-list in [default]
[2024-05-18T23:46:16.317+0000] {spark_submit.py:571} INFO - org.apache.spark#spark-token-provider-kafka-0-10_2.12;3.5.1 from central in [default]
[2024-05-18T23:46:16.318+0000] {spark_submit.py:571} INFO - org.hdrhistogram#HdrHistogram;2.1.12 from central in [default]
[2024-05-18T23:46:16.320+0000] {spark_submit.py:571} INFO - org.lz4#lz4-java;1.8.0 from central in [default]
[2024-05-18T23:46:16.324+0000] {spark_submit.py:571} INFO - org.reactivestreams#reactive-streams;1.0.3 from central in [default]
[2024-05-18T23:46:16.335+0000] {spark_submit.py:571} INFO - org.scala-lang#scala-reflect;2.12.11 from central in [default]
[2024-05-18T23:46:16.340+0000] {spark_submit.py:571} INFO - org.scala-lang.modules#scala-collection-compat_2.12;2.11.0 from central in [default]
[2024-05-18T23:46:16.692+0000] {spark_submit.py:571} INFO - org.slf4j#slf4j-api;2.0.7 from central in [default]
[2024-05-18T23:46:16.750+0000] {spark_submit.py:571} INFO - org.xerial.snappy#snappy-java;1.1.10.3 from central in [default]
[2024-05-18T23:46:16.753+0000] {spark_submit.py:571} INFO - :: evicted modules:
[2024-05-18T23:46:16.753+0000] {spark_submit.py:571} INFO - org.apache.kafka#kafka-clients;3.4.1 by [org.apache.kafka#kafka-clients;3.5.1] in [default]
[2024-05-18T23:46:16.758+0000] {spark_submit.py:571} INFO - commons-logging#commons-logging;1.1.3 by [commons-logging#commons-logging;1.2] in [default]
[2024-05-18T23:46:16.759+0000] {spark_submit.py:571} INFO - com.google.code.findbugs#jsr305;3.0.0 by [com.google.code.findbugs#jsr305;3.0.2] in [default]
[2024-05-18T23:46:16.759+0000] {spark_submit.py:571} INFO - org.slf4j#slf4j-api;1.7.26 by [org.slf4j#slf4j-api;2.0.7] in [default]
[2024-05-18T23:46:16.759+0000] {spark_submit.py:571} INFO - org.xerial.snappy#snappy-java;1.1.10.1 by [org.xerial.snappy#snappy-java;1.1.10.3] in [default]
[2024-05-18T23:46:16.760+0000] {spark_submit.py:571} INFO - org.slf4j#slf4j-api;1.7.36 by [org.slf4j#slf4j-api;2.0.7] in [default]
[2024-05-18T23:46:16.760+0000] {spark_submit.py:571} INFO - ---------------------------------------------------------------------
[2024-05-18T23:46:16.760+0000] {spark_submit.py:571} INFO - |                  |            modules            ||   artifacts   |
[2024-05-18T23:46:16.760+0000] {spark_submit.py:571} INFO - |       conf       | number| search|dwnlded|evicted|| number|dwnlded|
[2024-05-18T23:46:16.797+0000] {spark_submit.py:571} INFO - ---------------------------------------------------------------------
[2024-05-18T23:46:16.801+0000] {spark_submit.py:571} INFO - |      default     |   35  |   0   |   0   |   6   ||   29  |   0   |
[2024-05-18T23:46:16.805+0000] {spark_submit.py:571} INFO - ---------------------------------------------------------------------
[2024-05-18T23:46:16.918+0000] {spark_submit.py:571} INFO - :: retrieving :: org.apache.spark#spark-submit-parent-0f3fa39d-f803-48fb-a589-e8ff7e8e2481
[2024-05-18T23:46:16.928+0000] {spark_submit.py:571} INFO - confs: [default]
[2024-05-18T23:46:17.696+0000] {spark_submit.py:571} INFO - 0 artifacts copied, 29 already retrieved (0kB/733ms)
[2024-05-18T23:46:25.208+0000] {spark_submit.py:571} INFO - 24/05/18 23:46:25 WARN NativeCodeLoader: Unable to load native-hadoop library for your platform... using builtin-java classes where applicable
[2024-05-18T23:47:26.600+0000] {spark_submit.py:571} INFO - 24/05/18 23:47:26 INFO SparkContext: Running Spark version 3.5.1
[2024-05-18T23:47:27.232+0000] {spark_submit.py:571} INFO - 24/05/18 23:47:26 INFO SparkContext: OS info Linux, 6.6.26-linuxkit, aarch64
[2024-05-18T23:47:27.659+0000] {spark_submit.py:571} INFO - 24/05/18 23:47:26 INFO SparkContext: Java version 11.0.23
[2024-05-18T23:47:29.095+0000] {spark_submit.py:571} INFO - 24/05/18 23:47:29 INFO ResourceUtils: ==============================================================
[2024-05-18T23:47:29.215+0000] {spark_submit.py:571} INFO - 24/05/18 23:47:29 INFO ResourceUtils: No custom resources configured for spark.driver.
[2024-05-18T23:47:29.219+0000] {spark_submit.py:571} INFO - 24/05/18 23:47:29 INFO ResourceUtils: ==============================================================
[2024-05-18T23:47:29.229+0000] {spark_submit.py:571} INFO - 24/05/18 23:47:29 INFO SparkContext: Submitted application: Redfin_Properties_Consumer
[2024-05-18T23:47:30.702+0000] {spark_submit.py:571} INFO - 24/05/18 23:47:30 INFO ResourceProfile: Default ResourceProfile created, executor resources: Map(memory -> name: memory, amount: 1024, script: , vendor: , offHeap -> name: offHeap, amount: 0, script: , vendor: ), task resources: Map(cpus -> name: cpus, amount: 1.0)
[2024-05-18T23:47:30.897+0000] {spark_submit.py:571} INFO - 24/05/18 23:47:30 INFO ResourceProfile: Limiting resource is cpu
[2024-05-18T23:47:30.902+0000] {spark_submit.py:571} INFO - 24/05/18 23:47:30 INFO ResourceProfileManager: Added ResourceProfile id: 0
[2024-05-18T23:47:33.761+0000] {spark_submit.py:571} INFO - 24/05/18 23:47:33 INFO SecurityManager: Changing view acls to: ***
[2024-05-18T23:47:34.262+0000] {spark_submit.py:571} INFO - 24/05/18 23:47:33 INFO SecurityManager: Changing modify acls to: ***
[2024-05-18T23:47:34.263+0000] {spark_submit.py:571} INFO - 24/05/18 23:47:33 INFO SecurityManager: Changing view acls groups to:
[2024-05-18T23:47:34.270+0000] {spark_submit.py:571} INFO - 24/05/18 23:47:33 INFO SecurityManager: Changing modify acls groups to:
[2024-05-18T23:47:34.278+0000] {spark_submit.py:571} INFO - 24/05/18 23:47:33 INFO SecurityManager: SecurityManager: authentication disabled; ui acls disabled; users with view permissions: ***; groups with view permissions: EMPTY; users with modify permissions: ***; groups with modify permissions: EMPTY
[2024-05-18T23:47:40.526+0000] {spark_submit.py:571} INFO - 24/05/18 23:47:40 INFO Utils: Successfully started service 'sparkDriver' on port 41457.
[2024-05-18T23:47:40.949+0000] {spark_submit.py:571} INFO - 24/05/18 23:47:40 INFO SparkEnv: Registering MapOutputTracker
[2024-05-18T23:47:41.810+0000] {spark_submit.py:571} INFO - 24/05/18 23:47:41 INFO SparkEnv: Registering BlockManagerMaster
[2024-05-18T23:47:42.159+0000] {spark_submit.py:571} INFO - 24/05/18 23:47:42 INFO BlockManagerMasterEndpoint: Using org.apache.spark.storage.DefaultTopologyMapper for getting topology information
[2024-05-18T23:47:42.205+0000] {spark_submit.py:571} INFO - 24/05/18 23:47:42 INFO BlockManagerMasterEndpoint: BlockManagerMasterEndpoint up
[2024-05-18T23:47:42.375+0000] {spark_submit.py:571} INFO - 24/05/18 23:47:42 INFO SparkEnv: Registering BlockManagerMasterHeartbeat
[2024-05-18T23:47:42.620+0000] {spark_submit.py:571} INFO - 24/05/18 23:47:42 INFO DiskBlockManager: Created local directory at /tmp/blockmgr-b82c3ae0-45ee-4694-9be9-5a075e8754e7
[2024-05-18T23:47:42.901+0000] {spark_submit.py:571} INFO - 24/05/18 23:47:42 INFO MemoryStore: MemoryStore started with capacity 434.4 MiB
[2024-05-18T23:47:43.613+0000] {spark_submit.py:571} INFO - 24/05/18 23:47:43 INFO SparkEnv: Registering OutputCommitCoordinator
[2024-05-18T23:47:45.906+0000] {spark_submit.py:571} INFO - 24/05/18 23:47:45 INFO JettyUtils: Start Jetty 0.0.0.0:4040 for SparkUI
[2024-05-18T23:47:46.727+0000] {spark_submit.py:571} INFO - 24/05/18 23:47:46 WARN Utils: Service 'SparkUI' could not bind on port 4040. Attempting port 4041.
[2024-05-18T23:47:46.825+0000] {spark_submit.py:571} INFO - 24/05/18 23:47:46 INFO Utils: Successfully started service 'SparkUI' on port 4041.
[2024-05-18T23:47:47.255+0000] {spark_submit.py:571} INFO - 24/05/18 23:47:47 INFO SparkContext: Added JAR file:///home/***/.ivy2/jars/org.apache.spark_spark-sql-kafka-0-10_2.12-3.5.1.jar at spark://c0373bd0174c:41457/jars/org.apache.spark_spark-sql-kafka-0-10_2.12-3.5.1.jar with timestamp 1716076045676
[2024-05-18T23:47:47.316+0000] {spark_submit.py:571} INFO - 24/05/18 23:47:47 INFO SparkContext: Added JAR file:///home/***/.ivy2/jars/com.datastax.spark_spark-cassandra-connector_2.12-3.5.0.jar at spark://c0373bd0174c:41457/jars/com.datastax.spark_spark-cassandra-connector_2.12-3.5.0.jar with timestamp 1716076045676
[2024-05-18T23:47:47.322+0000] {spark_submit.py:571} INFO - 24/05/18 23:47:47 INFO SparkContext: Added JAR file:///home/***/.ivy2/jars/org.apache.kafka_kafka-clients-3.5.1.jar at spark://c0373bd0174c:41457/jars/org.apache.kafka_kafka-clients-3.5.1.jar with timestamp 1716076045676
[2024-05-18T23:47:47.328+0000] {spark_submit.py:571} INFO - 24/05/18 23:47:47 INFO SparkContext: Added JAR file:///home/***/.ivy2/jars/commons-logging_commons-logging-1.2.jar at spark://c0373bd0174c:41457/jars/commons-logging_commons-logging-1.2.jar with timestamp 1716076045676
[2024-05-18T23:47:47.333+0000] {spark_submit.py:571} INFO - 24/05/18 23:47:47 INFO SparkContext: Added JAR file:///home/***/.ivy2/jars/org.apache.spark_spark-token-provider-kafka-0-10_2.12-3.5.1.jar at spark://c0373bd0174c:41457/jars/org.apache.spark_spark-token-provider-kafka-0-10_2.12-3.5.1.jar with timestamp 1716076045676
[2024-05-18T23:47:47.342+0000] {spark_submit.py:571} INFO - 24/05/18 23:47:47 INFO SparkContext: Added JAR file:///home/***/.ivy2/jars/org.apache.commons_commons-pool2-2.11.1.jar at spark://c0373bd0174c:41457/jars/org.apache.commons_commons-pool2-2.11.1.jar with timestamp 1716076045676
[2024-05-18T23:47:47.361+0000] {spark_submit.py:571} INFO - 24/05/18 23:47:47 INFO SparkContext: Added JAR file:///home/***/.ivy2/jars/org.apache.hadoop_hadoop-client-runtime-3.3.4.jar at spark://c0373bd0174c:41457/jars/org.apache.hadoop_hadoop-client-runtime-3.3.4.jar with timestamp 1716076045676
[2024-05-18T23:47:47.368+0000] {spark_submit.py:571} INFO - 24/05/18 23:47:47 INFO SparkContext: Added JAR file:///home/***/.ivy2/jars/org.apache.hadoop_hadoop-client-api-3.3.4.jar at spark://c0373bd0174c:41457/jars/org.apache.hadoop_hadoop-client-api-3.3.4.jar with timestamp 1716076045676
[2024-05-18T23:47:47.371+0000] {spark_submit.py:571} INFO - 24/05/18 23:47:47 INFO SparkContext: Added JAR file:///home/***/.ivy2/jars/org.xerial.snappy_snappy-java-1.1.10.3.jar at spark://c0373bd0174c:41457/jars/org.xerial.snappy_snappy-java-1.1.10.3.jar with timestamp 1716076045676
[2024-05-18T23:47:47.376+0000] {spark_submit.py:571} INFO - 24/05/18 23:47:47 INFO SparkContext: Added JAR file:///home/***/.ivy2/jars/org.slf4j_slf4j-api-2.0.7.jar at spark://c0373bd0174c:41457/jars/org.slf4j_slf4j-api-2.0.7.jar with timestamp 1716076045676
[2024-05-18T23:47:47.377+0000] {spark_submit.py:571} INFO - 24/05/18 23:47:47 INFO SparkContext: Added JAR file:///home/***/.ivy2/jars/com.datastax.spark_spark-cassandra-connector-driver_2.12-3.5.0.jar at spark://c0373bd0174c:41457/jars/com.datastax.spark_spark-cassandra-connector-driver_2.12-3.5.0.jar with timestamp 1716076045676
[2024-05-18T23:47:47.381+0000] {spark_submit.py:571} INFO - 24/05/18 23:47:47 INFO SparkContext: Added JAR file:///home/***/.ivy2/jars/org.scala-lang.modules_scala-collection-compat_2.12-2.11.0.jar at spark://c0373bd0174c:41457/jars/org.scala-lang.modules_scala-collection-compat_2.12-2.11.0.jar with timestamp 1716076045676
[2024-05-18T23:47:47.385+0000] {spark_submit.py:571} INFO - 24/05/18 23:47:47 INFO SparkContext: Added JAR file:///home/***/.ivy2/jars/com.datastax.oss_java-driver-core-shaded-4.13.0.jar at spark://c0373bd0174c:41457/jars/com.datastax.oss_java-driver-core-shaded-4.13.0.jar with timestamp 1716076045676
[2024-05-18T23:47:47.387+0000] {spark_submit.py:571} INFO - 24/05/18 23:47:47 INFO SparkContext: Added JAR file:///home/***/.ivy2/jars/com.datastax.oss_java-driver-mapper-runtime-4.13.0.jar at spark://c0373bd0174c:41457/jars/com.datastax.oss_java-driver-mapper-runtime-4.13.0.jar with timestamp 1716076045676
[2024-05-18T23:47:47.393+0000] {spark_submit.py:571} INFO - 24/05/18 23:47:47 INFO SparkContext: Added JAR file:///home/***/.ivy2/jars/org.apache.commons_commons-lang3-3.10.jar at spark://c0373bd0174c:41457/jars/org.apache.commons_commons-lang3-3.10.jar with timestamp 1716076045676
[2024-05-18T23:47:47.400+0000] {spark_submit.py:571} INFO - 24/05/18 23:47:47 INFO SparkContext: Added JAR file:///home/***/.ivy2/jars/com.thoughtworks.paranamer_paranamer-2.8.jar at spark://c0373bd0174c:41457/jars/com.thoughtworks.paranamer_paranamer-2.8.jar with timestamp 1716076045676
[2024-05-18T23:47:47.413+0000] {spark_submit.py:571} INFO - 24/05/18 23:47:47 INFO SparkContext: Added JAR file:///home/***/.ivy2/jars/org.scala-lang_scala-reflect-2.12.11.jar at spark://c0373bd0174c:41457/jars/org.scala-lang_scala-reflect-2.12.11.jar with timestamp 1716076045676
[2024-05-18T23:47:47.418+0000] {spark_submit.py:571} INFO - 24/05/18 23:47:47 INFO SparkContext: Added JAR file:///home/***/.ivy2/jars/com.datastax.oss_native-protocol-1.5.0.jar at spark://c0373bd0174c:41457/jars/com.datastax.oss_native-protocol-1.5.0.jar with timestamp 1716076045676
[2024-05-18T23:47:47.425+0000] {spark_submit.py:571} INFO - 24/05/18 23:47:47 INFO SparkContext: Added JAR file:///home/***/.ivy2/jars/com.datastax.oss_java-driver-shaded-guava-25.1-jre-graal-sub-1.jar at spark://c0373bd0174c:41457/jars/com.datastax.oss_java-driver-shaded-guava-25.1-jre-graal-sub-1.jar with timestamp 1716076045676
[2024-05-18T23:47:47.429+0000] {spark_submit.py:571} INFO - 24/05/18 23:47:47 INFO SparkContext: Added JAR file:///home/***/.ivy2/jars/com.typesafe_config-1.4.1.jar at spark://c0373bd0174c:41457/jars/com.typesafe_config-1.4.1.jar with timestamp 1716076045676
[2024-05-18T23:47:47.439+0000] {spark_submit.py:571} INFO - 24/05/18 23:47:47 INFO SparkContext: Added JAR file:///home/***/.ivy2/jars/io.dropwizard.metrics_metrics-core-4.1.18.jar at spark://c0373bd0174c:41457/jars/io.dropwizard.metrics_metrics-core-4.1.18.jar with timestamp 1716076045676
[2024-05-18T23:47:47.443+0000] {spark_submit.py:571} INFO - 24/05/18 23:47:47 INFO SparkContext: Added JAR file:///home/***/.ivy2/jars/org.hdrhistogram_HdrHistogram-2.1.12.jar at spark://c0373bd0174c:41457/jars/org.hdrhistogram_HdrHistogram-2.1.12.jar with timestamp 1716076045676
[2024-05-18T23:47:47.451+0000] {spark_submit.py:571} INFO - 24/05/18 23:47:47 INFO SparkContext: Added JAR file:///home/***/.ivy2/jars/org.reactivestreams_reactive-streams-1.0.3.jar at spark://c0373bd0174c:41457/jars/org.reactivestreams_reactive-streams-1.0.3.jar with timestamp 1716076045676
[2024-05-18T23:47:47.454+0000] {spark_submit.py:571} INFO - 24/05/18 23:47:47 INFO SparkContext: Added JAR file:///home/***/.ivy2/jars/com.github.stephenc.jcip_jcip-annotations-1.0-1.jar at spark://c0373bd0174c:41457/jars/com.github.stephenc.jcip_jcip-annotations-1.0-1.jar with timestamp 1716076045676
[2024-05-18T23:47:47.463+0000] {spark_submit.py:571} INFO - 24/05/18 23:47:47 INFO SparkContext: Added JAR file:///home/***/.ivy2/jars/com.github.spotbugs_spotbugs-annotations-3.1.12.jar at spark://c0373bd0174c:41457/jars/com.github.spotbugs_spotbugs-annotations-3.1.12.jar with timestamp 1716076045676
[2024-05-18T23:47:47.467+0000] {spark_submit.py:571} INFO - 24/05/18 23:47:47 INFO SparkContext: Added JAR file:///home/***/.ivy2/jars/com.google.code.findbugs_jsr305-3.0.2.jar at spark://c0373bd0174c:41457/jars/com.google.code.findbugs_jsr305-3.0.2.jar with timestamp 1716076045676
[2024-05-18T23:47:47.468+0000] {spark_submit.py:571} INFO - 24/05/18 23:47:47 INFO SparkContext: Added JAR file:///home/***/.ivy2/jars/com.datastax.oss_java-driver-query-builder-4.13.0.jar at spark://c0373bd0174c:41457/jars/com.datastax.oss_java-driver-query-builder-4.13.0.jar with timestamp 1716076045676
[2024-05-18T23:47:47.473+0000] {spark_submit.py:571} INFO - 24/05/18 23:47:47 INFO SparkContext: Added JAR file:///home/***/.ivy2/jars/com.github.luben_zstd-jni-1.5.5-1.jar at spark://c0373bd0174c:41457/jars/com.github.luben_zstd-jni-1.5.5-1.jar with timestamp 1716076045676
[2024-05-18T23:47:47.482+0000] {spark_submit.py:571} INFO - 24/05/18 23:47:47 INFO SparkContext: Added JAR file:///home/***/.ivy2/jars/org.lz4_lz4-java-1.8.0.jar at spark://c0373bd0174c:41457/jars/org.lz4_lz4-java-1.8.0.jar with timestamp 1716076045676
[2024-05-18T23:47:47.484+0000] {spark_submit.py:571} INFO - 24/05/18 23:47:47 INFO SparkContext: Added file file:///home/***/.ivy2/jars/org.apache.spark_spark-sql-kafka-0-10_2.12-3.5.1.jar at spark://c0373bd0174c:41457/files/org.apache.spark_spark-sql-kafka-0-10_2.12-3.5.1.jar with timestamp 1716076045676
[2024-05-18T23:47:47.490+0000] {spark_submit.py:571} INFO - 24/05/18 23:47:47 INFO Utils: Copying /home/***/.ivy2/jars/org.apache.spark_spark-sql-kafka-0-10_2.12-3.5.1.jar to /tmp/spark-2570a8d2-b29f-45ac-afec-3cd9aa68f283/userFiles-f50952a1-3481-43cf-ae6f-d7a98b88bdd8/org.apache.spark_spark-sql-kafka-0-10_2.12-3.5.1.jar
[2024-05-18T23:47:47.929+0000] {spark_submit.py:571} INFO - 24/05/18 23:47:47 INFO SparkContext: Added file file:///home/***/.ivy2/jars/com.datastax.spark_spark-cassandra-connector_2.12-3.5.0.jar at spark://c0373bd0174c:41457/files/com.datastax.spark_spark-cassandra-connector_2.12-3.5.0.jar with timestamp 1716076045676
[2024-05-18T23:47:47.962+0000] {spark_submit.py:571} INFO - 24/05/18 23:47:47 INFO Utils: Copying /home/***/.ivy2/jars/com.datastax.spark_spark-cassandra-connector_2.12-3.5.0.jar to /tmp/spark-2570a8d2-b29f-45ac-afec-3cd9aa68f283/userFiles-f50952a1-3481-43cf-ae6f-d7a98b88bdd8/com.datastax.spark_spark-cassandra-connector_2.12-3.5.0.jar
[2024-05-18T23:47:48.273+0000] {spark_submit.py:571} INFO - 24/05/18 23:47:48 INFO SparkContext: Added file file:///home/***/.ivy2/jars/org.apache.kafka_kafka-clients-3.5.1.jar at spark://c0373bd0174c:41457/files/org.apache.kafka_kafka-clients-3.5.1.jar with timestamp 1716076045676
[2024-05-18T23:47:48.274+0000] {spark_submit.py:571} INFO - 24/05/18 23:47:48 INFO Utils: Copying /home/***/.ivy2/jars/org.apache.kafka_kafka-clients-3.5.1.jar to /tmp/spark-2570a8d2-b29f-45ac-afec-3cd9aa68f283/userFiles-f50952a1-3481-43cf-ae6f-d7a98b88bdd8/org.apache.kafka_kafka-clients-3.5.1.jar
[2024-05-18T23:47:51.338+0000] {spark_submit.py:571} INFO - 24/05/18 23:47:51 INFO SparkContext: Added file file:///home/***/.ivy2/jars/commons-logging_commons-logging-1.2.jar at spark://c0373bd0174c:41457/files/commons-logging_commons-logging-1.2.jar with timestamp 1716076045676
[2024-05-18T23:47:51.376+0000] {spark_submit.py:571} INFO - 24/05/18 23:47:51 INFO Utils: Copying /home/***/.ivy2/jars/commons-logging_commons-logging-1.2.jar to /tmp/spark-2570a8d2-b29f-45ac-afec-3cd9aa68f283/userFiles-f50952a1-3481-43cf-ae6f-d7a98b88bdd8/commons-logging_commons-logging-1.2.jar
[2024-05-18T23:47:51.440+0000] {spark_submit.py:571} INFO - 24/05/18 23:47:51 INFO SparkContext: Added file file:///home/***/.ivy2/jars/org.apache.spark_spark-token-provider-kafka-0-10_2.12-3.5.1.jar at spark://c0373bd0174c:41457/files/org.apache.spark_spark-token-provider-kafka-0-10_2.12-3.5.1.jar with timestamp 1716076045676
[2024-05-18T23:47:51.459+0000] {spark_submit.py:571} INFO - 24/05/18 23:47:51 INFO Utils: Copying /home/***/.ivy2/jars/org.apache.spark_spark-token-provider-kafka-0-10_2.12-3.5.1.jar to /tmp/spark-2570a8d2-b29f-45ac-afec-3cd9aa68f283/userFiles-f50952a1-3481-43cf-ae6f-d7a98b88bdd8/org.apache.spark_spark-token-provider-kafka-0-10_2.12-3.5.1.jar
[2024-05-18T23:47:51.540+0000] {spark_submit.py:571} INFO - 24/05/18 23:47:51 INFO SparkContext: Added file file:///home/***/.ivy2/jars/org.apache.commons_commons-pool2-2.11.1.jar at spark://c0373bd0174c:41457/files/org.apache.commons_commons-pool2-2.11.1.jar with timestamp 1716076045676
[2024-05-18T23:47:51.545+0000] {spark_submit.py:571} INFO - 24/05/18 23:47:51 INFO Utils: Copying /home/***/.ivy2/jars/org.apache.commons_commons-pool2-2.11.1.jar to /tmp/spark-2570a8d2-b29f-45ac-afec-3cd9aa68f283/userFiles-f50952a1-3481-43cf-ae6f-d7a98b88bdd8/org.apache.commons_commons-pool2-2.11.1.jar
[2024-05-18T23:47:51.583+0000] {spark_submit.py:571} INFO - 24/05/18 23:47:51 INFO SparkContext: Added file file:///home/***/.ivy2/jars/org.apache.hadoop_hadoop-client-runtime-3.3.4.jar at spark://c0373bd0174c:41457/files/org.apache.hadoop_hadoop-client-runtime-3.3.4.jar with timestamp 1716076045676
[2024-05-18T23:47:51.588+0000] {spark_submit.py:571} INFO - 24/05/18 23:47:51 INFO Utils: Copying /home/***/.ivy2/jars/org.apache.hadoop_hadoop-client-runtime-3.3.4.jar to /tmp/spark-2570a8d2-b29f-45ac-afec-3cd9aa68f283/userFiles-f50952a1-3481-43cf-ae6f-d7a98b88bdd8/org.apache.hadoop_hadoop-client-runtime-3.3.4.jar
[2024-05-18T23:47:55.151+0000] {spark_submit.py:571} INFO - 24/05/18 23:47:55 INFO SparkContext: Added file file:///home/***/.ivy2/jars/org.apache.hadoop_hadoop-client-api-3.3.4.jar at spark://c0373bd0174c:41457/files/org.apache.hadoop_hadoop-client-api-3.3.4.jar with timestamp 1716076045676
[2024-05-18T23:47:55.550+0000] {spark_submit.py:571} INFO - 24/05/18 23:47:55 INFO Utils: Copying /home/***/.ivy2/jars/org.apache.hadoop_hadoop-client-api-3.3.4.jar to /tmp/spark-2570a8d2-b29f-45ac-afec-3cd9aa68f283/userFiles-f50952a1-3481-43cf-ae6f-d7a98b88bdd8/org.apache.hadoop_hadoop-client-api-3.3.4.jar
[2024-05-18T23:48:03.745+0000] {spark_submit.py:571} INFO - 24/05/18 23:48:03 INFO SparkContext: Added file file:///home/***/.ivy2/jars/org.xerial.snappy_snappy-java-1.1.10.3.jar at spark://c0373bd0174c:41457/files/org.xerial.snappy_snappy-java-1.1.10.3.jar with timestamp 1716076045676
[2024-05-18T23:48:03.809+0000] {spark_submit.py:571} INFO - 24/05/18 23:48:03 INFO Utils: Copying /home/***/.ivy2/jars/org.xerial.snappy_snappy-java-1.1.10.3.jar to /tmp/spark-2570a8d2-b29f-45ac-afec-3cd9aa68f283/userFiles-f50952a1-3481-43cf-ae6f-d7a98b88bdd8/org.xerial.snappy_snappy-java-1.1.10.3.jar
[2024-05-18T23:48:04.648+0000] {spark_submit.py:571} INFO - 24/05/18 23:48:04 INFO SparkContext: Added file file:///home/***/.ivy2/jars/org.slf4j_slf4j-api-2.0.7.jar at spark://c0373bd0174c:41457/files/org.slf4j_slf4j-api-2.0.7.jar with timestamp 1716076045676
[2024-05-18T23:48:04.681+0000] {spark_submit.py:571} INFO - 24/05/18 23:48:04 INFO Utils: Copying /home/***/.ivy2/jars/org.slf4j_slf4j-api-2.0.7.jar to /tmp/spark-2570a8d2-b29f-45ac-afec-3cd9aa68f283/userFiles-f50952a1-3481-43cf-ae6f-d7a98b88bdd8/org.slf4j_slf4j-api-2.0.7.jar
[2024-05-18T23:48:05.584+0000] {spark_submit.py:571} INFO - 24/05/18 23:48:05 INFO SparkContext: Added file file:///home/***/.ivy2/jars/com.datastax.spark_spark-cassandra-connector-driver_2.12-3.5.0.jar at spark://c0373bd0174c:41457/files/com.datastax.spark_spark-cassandra-connector-driver_2.12-3.5.0.jar with timestamp 1716076045676
[2024-05-18T23:48:05.604+0000] {spark_submit.py:571} INFO - 24/05/18 23:48:05 INFO Utils: Copying /home/***/.ivy2/jars/com.datastax.spark_spark-cassandra-connector-driver_2.12-3.5.0.jar to /tmp/spark-2570a8d2-b29f-45ac-afec-3cd9aa68f283/userFiles-f50952a1-3481-43cf-ae6f-d7a98b88bdd8/com.datastax.spark_spark-cassandra-connector-driver_2.12-3.5.0.jar
[2024-05-18T23:48:05.826+0000] {spark_submit.py:571} INFO - 24/05/18 23:48:05 INFO SparkContext: Added file file:///home/***/.ivy2/jars/org.scala-lang.modules_scala-collection-compat_2.12-2.11.0.jar at spark://c0373bd0174c:41457/files/org.scala-lang.modules_scala-collection-compat_2.12-2.11.0.jar with timestamp 1716076045676
[2024-05-18T23:48:05.867+0000] {spark_submit.py:571} INFO - 24/05/18 23:48:05 INFO Utils: Copying /home/***/.ivy2/jars/org.scala-lang.modules_scala-collection-compat_2.12-2.11.0.jar to /tmp/spark-2570a8d2-b29f-45ac-afec-3cd9aa68f283/userFiles-f50952a1-3481-43cf-ae6f-d7a98b88bdd8/org.scala-lang.modules_scala-collection-compat_2.12-2.11.0.jar
[2024-05-18T23:48:06.028+0000] {spark_submit.py:571} INFO - 24/05/18 23:48:06 INFO SparkContext: Added file file:///home/***/.ivy2/jars/com.datastax.oss_java-driver-core-shaded-4.13.0.jar at spark://c0373bd0174c:41457/files/com.datastax.oss_java-driver-core-shaded-4.13.0.jar with timestamp 1716076045676
[2024-05-18T23:48:06.039+0000] {spark_submit.py:571} INFO - 24/05/18 23:48:06 INFO Utils: Copying /home/***/.ivy2/jars/com.datastax.oss_java-driver-core-shaded-4.13.0.jar to /tmp/spark-2570a8d2-b29f-45ac-afec-3cd9aa68f283/userFiles-f50952a1-3481-43cf-ae6f-d7a98b88bdd8/com.datastax.oss_java-driver-core-shaded-4.13.0.jar
[2024-05-18T23:48:06.628+0000] {spark_submit.py:571} INFO - 24/05/18 23:48:06 INFO SparkContext: Added file file:///home/***/.ivy2/jars/com.datastax.oss_java-driver-mapper-runtime-4.13.0.jar at spark://c0373bd0174c:41457/files/com.datastax.oss_java-driver-mapper-runtime-4.13.0.jar with timestamp 1716076045676
[2024-05-18T23:48:06.635+0000] {spark_submit.py:571} INFO - 24/05/18 23:48:06 INFO Utils: Copying /home/***/.ivy2/jars/com.datastax.oss_java-driver-mapper-runtime-4.13.0.jar to /tmp/spark-2570a8d2-b29f-45ac-afec-3cd9aa68f283/userFiles-f50952a1-3481-43cf-ae6f-d7a98b88bdd8/com.datastax.oss_java-driver-mapper-runtime-4.13.0.jar
[2024-05-18T23:48:06.772+0000] {spark_submit.py:571} INFO - 24/05/18 23:48:06 INFO SparkContext: Added file file:///home/***/.ivy2/jars/org.apache.commons_commons-lang3-3.10.jar at spark://c0373bd0174c:41457/files/org.apache.commons_commons-lang3-3.10.jar with timestamp 1716076045676
[2024-05-18T23:48:06.775+0000] {spark_submit.py:571} INFO - 24/05/18 23:48:06 INFO Utils: Copying /home/***/.ivy2/jars/org.apache.commons_commons-lang3-3.10.jar to /tmp/spark-2570a8d2-b29f-45ac-afec-3cd9aa68f283/userFiles-f50952a1-3481-43cf-ae6f-d7a98b88bdd8/org.apache.commons_commons-lang3-3.10.jar
[2024-05-18T23:48:06.931+0000] {spark_submit.py:571} INFO - 24/05/18 23:48:06 INFO SparkContext: Added file file:///home/***/.ivy2/jars/com.thoughtworks.paranamer_paranamer-2.8.jar at spark://c0373bd0174c:41457/files/com.thoughtworks.paranamer_paranamer-2.8.jar with timestamp 1716076045676
[2024-05-18T23:48:06.934+0000] {spark_submit.py:571} INFO - 24/05/18 23:48:06 INFO Utils: Copying /home/***/.ivy2/jars/com.thoughtworks.paranamer_paranamer-2.8.jar to /tmp/spark-2570a8d2-b29f-45ac-afec-3cd9aa68f283/userFiles-f50952a1-3481-43cf-ae6f-d7a98b88bdd8/com.thoughtworks.paranamer_paranamer-2.8.jar
[2024-05-18T23:48:08.617+0000] {spark_submit.py:571} INFO - 24/05/18 23:48:08 INFO SparkContext: Added file file:///home/***/.ivy2/jars/org.scala-lang_scala-reflect-2.12.11.jar at spark://c0373bd0174c:41457/files/org.scala-lang_scala-reflect-2.12.11.jar with timestamp 1716076045676
[2024-05-18T23:48:08.654+0000] {spark_submit.py:571} INFO - 24/05/18 23:48:08 INFO Utils: Copying /home/***/.ivy2/jars/org.scala-lang_scala-reflect-2.12.11.jar to /tmp/spark-2570a8d2-b29f-45ac-afec-3cd9aa68f283/userFiles-f50952a1-3481-43cf-ae6f-d7a98b88bdd8/org.scala-lang_scala-reflect-2.12.11.jar
[2024-05-18T23:48:09.328+0000] {spark_submit.py:571} INFO - 24/05/18 23:48:09 INFO SparkContext: Added file file:///home/***/.ivy2/jars/com.datastax.oss_native-protocol-1.5.0.jar at spark://c0373bd0174c:41457/files/com.datastax.oss_native-protocol-1.5.0.jar with timestamp 1716076045676
[2024-05-18T23:48:09.331+0000] {spark_submit.py:571} INFO - 24/05/18 23:48:09 INFO Utils: Copying /home/***/.ivy2/jars/com.datastax.oss_native-protocol-1.5.0.jar to /tmp/spark-2570a8d2-b29f-45ac-afec-3cd9aa68f283/userFiles-f50952a1-3481-43cf-ae6f-d7a98b88bdd8/com.datastax.oss_native-protocol-1.5.0.jar
[2024-05-18T23:48:09.441+0000] {spark_submit.py:571} INFO - 24/05/18 23:48:09 INFO SparkContext: Added file file:///home/***/.ivy2/jars/com.datastax.oss_java-driver-shaded-guava-25.1-jre-graal-sub-1.jar at spark://c0373bd0174c:41457/files/com.datastax.oss_java-driver-shaded-guava-25.1-jre-graal-sub-1.jar with timestamp 1716076045676
[2024-05-18T23:48:09.443+0000] {spark_submit.py:571} INFO - 24/05/18 23:48:09 INFO Utils: Copying /home/***/.ivy2/jars/com.datastax.oss_java-driver-shaded-guava-25.1-jre-graal-sub-1.jar to /tmp/spark-2570a8d2-b29f-45ac-afec-3cd9aa68f283/userFiles-f50952a1-3481-43cf-ae6f-d7a98b88bdd8/com.datastax.oss_java-driver-shaded-guava-25.1-jre-graal-sub-1.jar
[2024-05-18T23:48:09.560+0000] {spark_submit.py:571} INFO - 24/05/18 23:48:09 INFO SparkContext: Added file file:///home/***/.ivy2/jars/com.typesafe_config-1.4.1.jar at spark://c0373bd0174c:41457/files/com.typesafe_config-1.4.1.jar with timestamp 1716076045676
[2024-05-18T23:48:09.567+0000] {spark_submit.py:571} INFO - 24/05/18 23:48:09 INFO Utils: Copying /home/***/.ivy2/jars/com.typesafe_config-1.4.1.jar to /tmp/spark-2570a8d2-b29f-45ac-afec-3cd9aa68f283/userFiles-f50952a1-3481-43cf-ae6f-d7a98b88bdd8/com.typesafe_config-1.4.1.jar
[2024-05-18T23:48:09.583+0000] {spark_submit.py:571} INFO - 24/05/18 23:48:09 INFO SparkContext: Added file file:///home/***/.ivy2/jars/io.dropwizard.metrics_metrics-core-4.1.18.jar at spark://c0373bd0174c:41457/files/io.dropwizard.metrics_metrics-core-4.1.18.jar with timestamp 1716076045676
[2024-05-18T23:48:09.585+0000] {spark_submit.py:571} INFO - 24/05/18 23:48:09 INFO Utils: Copying /home/***/.ivy2/jars/io.dropwizard.metrics_metrics-core-4.1.18.jar to /tmp/spark-2570a8d2-b29f-45ac-afec-3cd9aa68f283/userFiles-f50952a1-3481-43cf-ae6f-d7a98b88bdd8/io.dropwizard.metrics_metrics-core-4.1.18.jar
[2024-05-18T23:48:09.625+0000] {spark_submit.py:571} INFO - 24/05/18 23:48:09 INFO SparkContext: Added file file:///home/***/.ivy2/jars/org.hdrhistogram_HdrHistogram-2.1.12.jar at spark://c0373bd0174c:41457/files/org.hdrhistogram_HdrHistogram-2.1.12.jar with timestamp 1716076045676
[2024-05-18T23:48:09.636+0000] {spark_submit.py:571} INFO - 24/05/18 23:48:09 INFO Utils: Copying /home/***/.ivy2/jars/org.hdrhistogram_HdrHistogram-2.1.12.jar to /tmp/spark-2570a8d2-b29f-45ac-afec-3cd9aa68f283/userFiles-f50952a1-3481-43cf-ae6f-d7a98b88bdd8/org.hdrhistogram_HdrHistogram-2.1.12.jar
[2024-05-18T23:48:09.697+0000] {spark_submit.py:571} INFO - 24/05/18 23:48:09 INFO SparkContext: Added file file:///home/***/.ivy2/jars/org.reactivestreams_reactive-streams-1.0.3.jar at spark://c0373bd0174c:41457/files/org.reactivestreams_reactive-streams-1.0.3.jar with timestamp 1716076045676
[2024-05-18T23:48:09.698+0000] {spark_submit.py:571} INFO - 24/05/18 23:48:09 INFO Utils: Copying /home/***/.ivy2/jars/org.reactivestreams_reactive-streams-1.0.3.jar to /tmp/spark-2570a8d2-b29f-45ac-afec-3cd9aa68f283/userFiles-f50952a1-3481-43cf-ae6f-d7a98b88bdd8/org.reactivestreams_reactive-streams-1.0.3.jar
[2024-05-18T23:48:09.730+0000] {spark_submit.py:571} INFO - 24/05/18 23:48:09 INFO SparkContext: Added file file:///home/***/.ivy2/jars/com.github.stephenc.jcip_jcip-annotations-1.0-1.jar at spark://c0373bd0174c:41457/files/com.github.stephenc.jcip_jcip-annotations-1.0-1.jar with timestamp 1716076045676
[2024-05-18T23:48:09.732+0000] {spark_submit.py:571} INFO - 24/05/18 23:48:09 INFO Utils: Copying /home/***/.ivy2/jars/com.github.stephenc.jcip_jcip-annotations-1.0-1.jar to /tmp/spark-2570a8d2-b29f-45ac-afec-3cd9aa68f283/userFiles-f50952a1-3481-43cf-ae6f-d7a98b88bdd8/com.github.stephenc.jcip_jcip-annotations-1.0-1.jar
[2024-05-18T23:48:09.761+0000] {spark_submit.py:571} INFO - 24/05/18 23:48:09 INFO SparkContext: Added file file:///home/***/.ivy2/jars/com.github.spotbugs_spotbugs-annotations-3.1.12.jar at spark://c0373bd0174c:41457/files/com.github.spotbugs_spotbugs-annotations-3.1.12.jar with timestamp 1716076045676
[2024-05-18T23:48:09.765+0000] {spark_submit.py:571} INFO - 24/05/18 23:48:09 INFO Utils: Copying /home/***/.ivy2/jars/com.github.spotbugs_spotbugs-annotations-3.1.12.jar to /tmp/spark-2570a8d2-b29f-45ac-afec-3cd9aa68f283/userFiles-f50952a1-3481-43cf-ae6f-d7a98b88bdd8/com.github.spotbugs_spotbugs-annotations-3.1.12.jar
[2024-05-18T23:48:09.816+0000] {spark_submit.py:571} INFO - 24/05/18 23:48:09 INFO SparkContext: Added file file:///home/***/.ivy2/jars/com.google.code.findbugs_jsr305-3.0.2.jar at spark://c0373bd0174c:41457/files/com.google.code.findbugs_jsr305-3.0.2.jar with timestamp 1716076045676
[2024-05-18T23:48:09.819+0000] {spark_submit.py:571} INFO - 24/05/18 23:48:09 INFO Utils: Copying /home/***/.ivy2/jars/com.google.code.findbugs_jsr305-3.0.2.jar to /tmp/spark-2570a8d2-b29f-45ac-afec-3cd9aa68f283/userFiles-f50952a1-3481-43cf-ae6f-d7a98b88bdd8/com.google.code.findbugs_jsr305-3.0.2.jar
[2024-05-18T23:48:09.852+0000] {spark_submit.py:571} INFO - 24/05/18 23:48:09 INFO SparkContext: Added file file:///home/***/.ivy2/jars/com.datastax.oss_java-driver-query-builder-4.13.0.jar at spark://c0373bd0174c:41457/files/com.datastax.oss_java-driver-query-builder-4.13.0.jar with timestamp 1716076045676
[2024-05-18T23:48:09.867+0000] {spark_submit.py:571} INFO - 24/05/18 23:48:09 INFO Utils: Copying /home/***/.ivy2/jars/com.datastax.oss_java-driver-query-builder-4.13.0.jar to /tmp/spark-2570a8d2-b29f-45ac-afec-3cd9aa68f283/userFiles-f50952a1-3481-43cf-ae6f-d7a98b88bdd8/com.datastax.oss_java-driver-query-builder-4.13.0.jar
[2024-05-18T23:48:09.883+0000] {spark_submit.py:571} INFO - 24/05/18 23:48:09 INFO SparkContext: Added file file:///home/***/.ivy2/jars/com.github.luben_zstd-jni-1.5.5-1.jar at spark://c0373bd0174c:41457/files/com.github.luben_zstd-jni-1.5.5-1.jar with timestamp 1716076045676
[2024-05-18T23:48:09.891+0000] {spark_submit.py:571} INFO - 24/05/18 23:48:09 INFO Utils: Copying /home/***/.ivy2/jars/com.github.luben_zstd-jni-1.5.5-1.jar to /tmp/spark-2570a8d2-b29f-45ac-afec-3cd9aa68f283/userFiles-f50952a1-3481-43cf-ae6f-d7a98b88bdd8/com.github.luben_zstd-jni-1.5.5-1.jar
[2024-05-18T23:48:10.378+0000] {spark_submit.py:571} INFO - 24/05/18 23:48:10 INFO SparkContext: Added file file:///home/***/.ivy2/jars/org.lz4_lz4-java-1.8.0.jar at spark://c0373bd0174c:41457/files/org.lz4_lz4-java-1.8.0.jar with timestamp 1716076045676
[2024-05-18T23:48:10.428+0000] {spark_submit.py:571} INFO - 24/05/18 23:48:10 INFO Utils: Copying /home/***/.ivy2/jars/org.lz4_lz4-java-1.8.0.jar to /tmp/spark-2570a8d2-b29f-45ac-afec-3cd9aa68f283/userFiles-f50952a1-3481-43cf-ae6f-d7a98b88bdd8/org.lz4_lz4-java-1.8.0.jar
[2024-05-18T23:48:28.266+0000] {spark_submit.py:571} INFO - 24/05/18 23:48:28 INFO StandaloneAppClient$ClientEndpoint: Connecting to master spark://spark-master:7077...
[2024-05-18T23:48:40.472+0000] {spark_submit.py:571} INFO - 24/05/18 23:48:40 INFO TransportClientFactory: Successfully created connection to spark-master/192.168.16.3:7077 after 9759 ms (1 ms spent in bootstraps)
[2024-05-18T23:48:51.312+0000] {spark_submit.py:571} INFO - 24/05/18 23:48:50 INFO StandaloneAppClient$ClientEndpoint: Connecting to master spark://spark-master:7077...
[2024-05-18T23:49:03.406+0000] {local_task_job_runner.py:124} ERROR - Received SIGTERM. Terminating subprocesses
[2024-05-18T23:49:10.494+0000] {process_utils.py:132} INFO - Sending 15 to group 2600. PIDs of all processes in the group: [2774, 3226, 2600]
