[2024-05-16T00:00:01.500+0000] {local_task_job_runner.py:120} INFO - ::group::Pre task execution logs
[2024-05-16T00:00:01.521+0000] {taskinstance.py:2076} INFO - Dependencies all met for dep_context=non-requeueable deps ti=<TaskInstance: Webscrape.Process_Send_Data scheduled__2024-05-15T00:00:00+00:00 [queued]>
[2024-05-16T00:00:01.525+0000] {taskinstance.py:2076} INFO - Dependencies all met for dep_context=requeueable deps ti=<TaskInstance: Webscrape.Process_Send_Data scheduled__2024-05-15T00:00:00+00:00 [queued]>
[2024-05-16T00:00:01.526+0000] {taskinstance.py:2306} INFO - Starting attempt 1 of 6
[2024-05-16T00:00:01.532+0000] {taskinstance.py:2330} INFO - Executing <Task(SparkSubmitOperator): Process_Send_Data> on 2024-05-15 00:00:00+00:00
[2024-05-16T00:00:01.538+0000] {standard_task_runner.py:90} INFO - Running: ['***', 'tasks', 'run', 'Webscrape', 'Process_Send_Data', 'scheduled__2024-05-15T00:00:00+00:00', '--job-id', '165', '--raw', '--subdir', 'DAGS_FOLDER/webscrapping.py', '--cfg-path', '/tmp/tmppp7f4olb']
[2024-05-16T00:00:01.540+0000] {logging_mixin.py:188} WARNING - /home/***/.local/lib/python3.12/site-packages/***/task/task_runner/standard_task_runner.py:61 DeprecationWarning: This process (pid=3723) is multi-threaded, use of fork() may lead to deadlocks in the child.
[2024-05-16T00:00:01.540+0000] {standard_task_runner.py:91} INFO - Job 165: Subtask Process_Send_Data
[2024-05-16T00:00:01.540+0000] {standard_task_runner.py:63} INFO - Started process 3724 to run task
[2024-05-16T00:00:01.566+0000] {task_command.py:426} INFO - Running <TaskInstance: Webscrape.Process_Send_Data scheduled__2024-05-15T00:00:00+00:00 [running]> on host fb6491796190
[2024-05-16T00:00:01.620+0000] {taskinstance.py:2648} INFO - Exporting env vars: AIRFLOW_CTX_DAG_OWNER='svc' AIRFLOW_CTX_DAG_ID='Webscrape' AIRFLOW_CTX_TASK_ID='Process_Send_Data' AIRFLOW_CTX_EXECUTION_DATE='2024-05-15T00:00:00+00:00' AIRFLOW_CTX_TRY_NUMBER='1' AIRFLOW_CTX_DAG_RUN_ID='scheduled__2024-05-15T00:00:00+00:00'
[2024-05-16T00:00:01.621+0000] {taskinstance.py:430} INFO - ::endgroup::
[2024-05-16T00:00:01.632+0000] {base.py:84} INFO - Using connection ID 'spark_default' for task execution.
[2024-05-16T00:00:01.633+0000] {spark_submit.py:401} INFO - Spark-Submit cmd: spark-submit --master spark://spark-master:7077 --num-executors 1 --total-executor-cores 1 --executor-cores 1 --executor-memory 2g --driver-memory 2g --name arrow-spark --deploy-mode client dags/includes/jobs/spark_consumer.py
[2024-05-16T00:00:03.489+0000] {spark_submit.py:571} INFO - 24/05/16 00:00:03 INFO SparkContext: Running Spark version 3.5.1
[2024-05-16T00:00:03.491+0000] {spark_submit.py:571} INFO - 24/05/16 00:00:03 INFO SparkContext: OS info Linux, 6.6.26-linuxkit, aarch64
[2024-05-16T00:00:03.491+0000] {spark_submit.py:571} INFO - 24/05/16 00:00:03 INFO SparkContext: Java version 17.0.11
[2024-05-16T00:00:03.517+0000] {spark_submit.py:571} INFO - 24/05/16 00:00:03 WARN NativeCodeLoader: Unable to load native-hadoop library for your platform... using builtin-java classes where applicable
[2024-05-16T00:00:03.556+0000] {spark_submit.py:571} INFO - 24/05/16 00:00:03 INFO ResourceUtils: ==============================================================
[2024-05-16T00:00:03.556+0000] {spark_submit.py:571} INFO - 24/05/16 00:00:03 INFO ResourceUtils: No custom resources configured for spark.driver.
[2024-05-16T00:00:03.557+0000] {spark_submit.py:571} INFO - 24/05/16 00:00:03 INFO ResourceUtils: ==============================================================
[2024-05-16T00:00:03.557+0000] {spark_submit.py:571} INFO - 24/05/16 00:00:03 INFO SparkContext: Submitted application: Redfin_Properties_Consumer
[2024-05-16T00:00:03.566+0000] {spark_submit.py:571} INFO - 24/05/16 00:00:03 INFO ResourceProfile: Default ResourceProfile created, executor resources: Map(cores -> name: cores, amount: 1, script: , vendor: , memory -> name: memory, amount: 2048, script: , vendor: , offHeap -> name: offHeap, amount: 0, script: , vendor: ), task resources: Map(cpus -> name: cpus, amount: 1.0)
[2024-05-16T00:00:03.570+0000] {spark_submit.py:571} INFO - 24/05/16 00:00:03 INFO ResourceProfile: Limiting resource is cpus at 1 tasks per executor
[2024-05-16T00:00:03.571+0000] {spark_submit.py:571} INFO - 24/05/16 00:00:03 INFO ResourceProfileManager: Added ResourceProfile id: 0
[2024-05-16T00:00:03.594+0000] {spark_submit.py:571} INFO - 24/05/16 00:00:03 INFO SecurityManager: Changing view acls to: ***
[2024-05-16T00:00:03.594+0000] {spark_submit.py:571} INFO - 24/05/16 00:00:03 INFO SecurityManager: Changing modify acls to: ***
[2024-05-16T00:00:03.595+0000] {spark_submit.py:571} INFO - 24/05/16 00:00:03 INFO SecurityManager: Changing view acls groups to:
[2024-05-16T00:00:03.595+0000] {spark_submit.py:571} INFO - 24/05/16 00:00:03 INFO SecurityManager: Changing modify acls groups to:
[2024-05-16T00:00:03.595+0000] {spark_submit.py:571} INFO - 24/05/16 00:00:03 INFO SecurityManager: SecurityManager: authentication disabled; ui acls disabled; users with view permissions: ***; groups with view permissions: EMPTY; users with modify permissions: ***; groups with modify permissions: EMPTY
[2024-05-16T00:00:03.789+0000] {spark_submit.py:571} INFO - 24/05/16 00:00:03 INFO Utils: Successfully started service 'sparkDriver' on port 33105.
[2024-05-16T00:00:03.803+0000] {spark_submit.py:571} INFO - 24/05/16 00:00:03 INFO SparkEnv: Registering MapOutputTracker
[2024-05-16T00:00:03.820+0000] {spark_submit.py:571} INFO - 24/05/16 00:00:03 INFO SparkEnv: Registering BlockManagerMaster
[2024-05-16T00:00:03.828+0000] {spark_submit.py:571} INFO - 24/05/16 00:00:03 INFO BlockManagerMasterEndpoint: Using org.apache.spark.storage.DefaultTopologyMapper for getting topology information
[2024-05-16T00:00:03.829+0000] {spark_submit.py:571} INFO - 24/05/16 00:00:03 INFO BlockManagerMasterEndpoint: BlockManagerMasterEndpoint up
[2024-05-16T00:00:03.831+0000] {spark_submit.py:571} INFO - 24/05/16 00:00:03 INFO SparkEnv: Registering BlockManagerMasterHeartbeat
[2024-05-16T00:00:03.841+0000] {spark_submit.py:571} INFO - 24/05/16 00:00:03 INFO DiskBlockManager: Created local directory at /tmp/blockmgr-f4237a93-680f-488e-980c-d72c3b4fbe3f
[2024-05-16T00:00:03.849+0000] {spark_submit.py:571} INFO - 24/05/16 00:00:03 INFO MemoryStore: MemoryStore started with capacity 1048.8 MiB
[2024-05-16T00:00:03.857+0000] {spark_submit.py:571} INFO - 24/05/16 00:00:03 INFO SparkEnv: Registering OutputCommitCoordinator
[2024-05-16T00:00:03.919+0000] {spark_submit.py:571} INFO - 24/05/16 00:00:03 INFO JettyUtils: Start Jetty 0.0.0.0:4040 for SparkUI
[2024-05-16T00:00:03.954+0000] {spark_submit.py:571} INFO - 24/05/16 00:00:03 INFO Utils: Successfully started service 'SparkUI' on port 4040.
[2024-05-16T00:00:04.028+0000] {spark_submit.py:571} INFO - 24/05/16 00:00:04 INFO StandaloneAppClient$ClientEndpoint: Connecting to master spark://spark-master:7077...
[2024-05-16T00:00:04.053+0000] {spark_submit.py:571} INFO - 24/05/16 00:00:04 INFO TransportClientFactory: Successfully created connection to spark-master/172.30.0.2:7077 after 12 ms (0 ms spent in bootstraps)
[2024-05-16T00:00:04.132+0000] {spark_submit.py:571} INFO - 24/05/16 00:00:04 INFO StandaloneSchedulerBackend: Connected to Spark cluster with app ID app-20240516000004-0015
[2024-05-16T00:00:04.138+0000] {spark_submit.py:571} INFO - 24/05/16 00:00:04 INFO Utils: Successfully started service 'org.apache.spark.network.netty.NettyBlockTransferService' on port 35463.
[2024-05-16T00:00:04.138+0000] {spark_submit.py:571} INFO - 24/05/16 00:00:04 INFO NettyBlockTransferService: Server created on fb6491796190:35463
[2024-05-16T00:00:04.139+0000] {spark_submit.py:571} INFO - 24/05/16 00:00:04 INFO BlockManager: Using org.apache.spark.storage.RandomBlockReplicationPolicy for block replication policy
[2024-05-16T00:00:04.142+0000] {spark_submit.py:571} INFO - 24/05/16 00:00:04 INFO BlockManagerMaster: Registering BlockManager BlockManagerId(driver, fb6491796190, 35463, None)
[2024-05-16T00:00:04.143+0000] {spark_submit.py:571} INFO - 24/05/16 00:00:04 INFO BlockManagerMasterEndpoint: Registering block manager fb6491796190:35463 with 1048.8 MiB RAM, BlockManagerId(driver, fb6491796190, 35463, None)
[2024-05-16T00:00:04.145+0000] {spark_submit.py:571} INFO - 24/05/16 00:00:04 INFO BlockManagerMaster: Registered BlockManager BlockManagerId(driver, fb6491796190, 35463, None)
[2024-05-16T00:00:04.145+0000] {spark_submit.py:571} INFO - 24/05/16 00:00:04 INFO BlockManager: Initialized BlockManager: BlockManagerId(driver, fb6491796190, 35463, None)
[2024-05-16T00:00:04.234+0000] {spark_submit.py:571} INFO - 24/05/16 00:00:04 INFO StandaloneSchedulerBackend: SchedulerBackend is ready for scheduling beginning after reached minRegisteredResourcesRatio: 0.0
[2024-05-16T00:00:04.363+0000] {spark_submit.py:571} INFO - 24/05/16 00:00:04 INFO SharedState: Setting hive.metastore.warehouse.dir ('null') to the value of spark.sql.warehouse.dir.
[2024-05-16T00:00:04.367+0000] {spark_submit.py:571} INFO - 24/05/16 00:00:04 INFO SharedState: Warehouse path is 'file:/opt/***/spark-warehouse'.
[2024-05-16T00:00:04.860+0000] {spark_submit.py:571} INFO - Traceback (most recent call last):
[2024-05-16T00:00:04.862+0000] {spark_submit.py:571} INFO - File "/opt/***/dags/includes/jobs/spark_consumer.py", line 76, in <module>
[2024-05-16T00:00:04.862+0000] {spark_submit.py:571} INFO - .load())
[2024-05-16T00:00:04.862+0000] {spark_submit.py:571} INFO - ^^^^^^
[2024-05-16T00:00:04.863+0000] {spark_submit.py:571} INFO - File "/home/***/.local/lib/python3.12/site-packages/pyspark/python/lib/pyspark.zip/pyspark/sql/streaming/readwriter.py", line 304, in load
[2024-05-16T00:00:04.863+0000] {spark_submit.py:571} INFO - File "/home/***/.local/lib/python3.12/site-packages/pyspark/python/lib/py4j-0.10.9.7-src.zip/py4j/java_gateway.py", line 1322, in __call__
[2024-05-16T00:00:04.863+0000] {spark_submit.py:571} INFO - File "/home/***/.local/lib/python3.12/site-packages/pyspark/python/lib/pyspark.zip/pyspark/errors/exceptions/captured.py", line 185, in deco
[2024-05-16T00:00:04.866+0000] {spark_submit.py:571} INFO - pyspark.errors.exceptions.captured.AnalysisException: Failed to find data source: kafka. Please deploy the application as per the deployment section of Structured Streaming + Kafka Integration Guide.
[2024-05-16T00:00:04.867+0000] {spark_submit.py:571} INFO - INFO:py4j.clientserver:Closing down clientserver connection
[2024-05-16T00:00:04.925+0000] {spark_submit.py:571} INFO - 24/05/16 00:00:04 INFO SparkContext: Invoking stop() from shutdown hook
[2024-05-16T00:00:04.925+0000] {spark_submit.py:571} INFO - 24/05/16 00:00:04 INFO SparkContext: SparkContext is stopping with exitCode 0.
[2024-05-16T00:00:04.930+0000] {spark_submit.py:571} INFO - 24/05/16 00:00:04 INFO SparkUI: Stopped Spark web UI at http://fb6491796190:4040
[2024-05-16T00:00:04.932+0000] {spark_submit.py:571} INFO - 24/05/16 00:00:04 INFO StandaloneSchedulerBackend: Shutting down all executors
[2024-05-16T00:00:04.934+0000] {spark_submit.py:571} INFO - 24/05/16 00:00:04 INFO StandaloneSchedulerBackend$StandaloneDriverEndpoint: Asking each executor to shut down
[2024-05-16T00:00:04.943+0000] {spark_submit.py:571} INFO - 24/05/16 00:00:04 INFO MapOutputTrackerMasterEndpoint: MapOutputTrackerMasterEndpoint stopped!
[2024-05-16T00:00:04.956+0000] {spark_submit.py:571} INFO - 24/05/16 00:00:04 INFO MemoryStore: MemoryStore cleared
[2024-05-16T00:00:04.956+0000] {spark_submit.py:571} INFO - 24/05/16 00:00:04 INFO BlockManager: BlockManager stopped
[2024-05-16T00:00:04.958+0000] {spark_submit.py:571} INFO - 24/05/16 00:00:04 INFO BlockManagerMaster: BlockManagerMaster stopped
[2024-05-16T00:00:04.959+0000] {spark_submit.py:571} INFO - 24/05/16 00:00:04 INFO OutputCommitCoordinator$OutputCommitCoordinatorEndpoint: OutputCommitCoordinator stopped!
[2024-05-16T00:00:04.967+0000] {spark_submit.py:571} INFO - 24/05/16 00:00:04 INFO SparkContext: Successfully stopped SparkContext
[2024-05-16T00:00:04.968+0000] {spark_submit.py:571} INFO - 24/05/16 00:00:04 INFO ShutdownHookManager: Shutdown hook called
[2024-05-16T00:00:04.968+0000] {spark_submit.py:571} INFO - 24/05/16 00:00:04 INFO ShutdownHookManager: Deleting directory /tmp/spark-f3872391-bf6d-421b-97f8-598dbf0bbaf1
[2024-05-16T00:00:04.973+0000] {spark_submit.py:571} INFO - 24/05/16 00:00:04 INFO ShutdownHookManager: Deleting directory /tmp/spark-f3872391-bf6d-421b-97f8-598dbf0bbaf1/pyspark-5c5678c4-47be-4b6b-be65-80ea42c225cd
[2024-05-16T00:00:04.978+0000] {spark_submit.py:571} INFO - 24/05/16 00:00:04 INFO ShutdownHookManager: Deleting directory /tmp/spark-700cab68-9305-4db7-bab7-da04fb821d08
[2024-05-16T00:00:05.020+0000] {taskinstance.py:441} INFO - ::group::Post task execution logs
[2024-05-16T00:00:05.038+0000] {taskinstance.py:2905} ERROR - Task failed with exception
Traceback (most recent call last):
  File "/home/airflow/.local/lib/python3.12/site-packages/airflow/models/taskinstance.py", line 465, in _execute_task
    result = _execute_callable(context=context, **execute_callable_kwargs)
             ^^^^^^^^^^^^^^^^^^^^^^^^^^^^^^^^^^^^^^^^^^^^^^^^^^^^^^^^^^^^^
  File "/home/airflow/.local/lib/python3.12/site-packages/airflow/models/taskinstance.py", line 432, in _execute_callable
    return execute_callable(context=context, **execute_callable_kwargs)
           ^^^^^^^^^^^^^^^^^^^^^^^^^^^^^^^^^^^^^^^^^^^^^^^^^^^^^^^^^^^^
  File "/home/airflow/.local/lib/python3.12/site-packages/airflow/models/baseoperator.py", line 400, in wrapper
    return func(self, *args, **kwargs)
           ^^^^^^^^^^^^^^^^^^^^^^^^^^^
  File "/home/airflow/.local/lib/python3.12/site-packages/airflow/providers/apache/spark/operators/spark_submit.py", line 174, in execute
    self._hook.submit(self.application)
  File "/home/airflow/.local/lib/python3.12/site-packages/airflow/providers/apache/spark/hooks/spark_submit.py", line 502, in submit
    raise AirflowException(
airflow.exceptions.AirflowException: Cannot execute: spark-submit --master spark://spark-master:7077 --num-executors 1 --total-executor-cores 1 --executor-cores 1 --executor-memory 2g --driver-memory 2g --name arrow-spark --deploy-mode client dags/includes/jobs/spark_consumer.py. Error code is: 1.
[2024-05-16T00:00:05.042+0000] {taskinstance.py:1206} INFO - Marking task as UP_FOR_RETRY. dag_id=Webscrape, task_id=Process_Send_Data, run_id=scheduled__2024-05-15T00:00:00+00:00, execution_date=20240515T000000, start_date=20240516T000001, end_date=20240516T000005
[2024-05-16T00:00:05.052+0000] {standard_task_runner.py:110} ERROR - Failed to execute job 165 for task Process_Send_Data (Cannot execute: spark-submit --master spark://spark-master:7077 --num-executors 1 --total-executor-cores 1 --executor-cores 1 --executor-memory 2g --driver-memory 2g --name arrow-spark --deploy-mode client dags/includes/jobs/spark_consumer.py. Error code is: 1.; 3724)
[2024-05-16T00:00:05.102+0000] {local_task_job_runner.py:240} INFO - Task exited with return code 1
[2024-05-16T00:00:05.135+0000] {taskinstance.py:3498} INFO - 0 downstream tasks scheduled from follow-on schedule check
[2024-05-16T00:00:05.137+0000] {local_task_job_runner.py:222} INFO - ::endgroup::
