[2024-05-16T00:05:13.241+0000] {local_task_job_runner.py:120} INFO - ::group::Pre task execution logs
[2024-05-16T00:05:13.264+0000] {taskinstance.py:2076} INFO - Dependencies all met for dep_context=non-requeueable deps ti=<TaskInstance: Webscrape.Process_Send_Data scheduled__2024-05-15T00:00:00+00:00 [queued]>
[2024-05-16T00:05:13.271+0000] {taskinstance.py:2076} INFO - Dependencies all met for dep_context=requeueable deps ti=<TaskInstance: Webscrape.Process_Send_Data scheduled__2024-05-15T00:00:00+00:00 [queued]>
[2024-05-16T00:05:13.272+0000] {taskinstance.py:2306} INFO - Starting attempt 3 of 6
[2024-05-16T00:05:13.284+0000] {taskinstance.py:2330} INFO - Executing <Task(SparkSubmitOperator): Process_Send_Data> on 2024-05-15 00:00:00+00:00
[2024-05-16T00:05:13.317+0000] {standard_task_runner.py:90} INFO - Running: ['***', 'tasks', 'run', 'Webscrape', 'Process_Send_Data', 'scheduled__2024-05-15T00:00:00+00:00', '--job-id', '170', '--raw', '--subdir', 'DAGS_FOLDER/webscrapping.py', '--cfg-path', '/tmp/tmp3i4_a4mc']
[2024-05-16T00:05:13.324+0000] {logging_mixin.py:188} WARNING - /home/***/.local/lib/python3.12/site-packages/***/task/task_runner/standard_task_runner.py:61 DeprecationWarning: This process (pid=530) is multi-threaded, use of fork() may lead to deadlocks in the child.
[2024-05-16T00:05:13.328+0000] {standard_task_runner.py:91} INFO - Job 170: Subtask Process_Send_Data
[2024-05-16T00:05:13.329+0000] {standard_task_runner.py:63} INFO - Started process 531 to run task
[2024-05-16T00:05:13.520+0000] {task_command.py:426} INFO - Running <TaskInstance: Webscrape.Process_Send_Data scheduled__2024-05-15T00:00:00+00:00 [running]> on host 1def91e7b936
[2024-05-16T00:05:13.675+0000] {taskinstance.py:2648} INFO - Exporting env vars: AIRFLOW_CTX_DAG_OWNER='svc' AIRFLOW_CTX_DAG_ID='Webscrape' AIRFLOW_CTX_TASK_ID='Process_Send_Data' AIRFLOW_CTX_EXECUTION_DATE='2024-05-15T00:00:00+00:00' AIRFLOW_CTX_TRY_NUMBER='3' AIRFLOW_CTX_DAG_RUN_ID='scheduled__2024-05-15T00:00:00+00:00'
[2024-05-16T00:05:13.676+0000] {taskinstance.py:430} INFO - ::endgroup::
[2024-05-16T00:05:13.705+0000] {base.py:84} INFO - Using connection ID 'spark_default' for task execution.
[2024-05-16T00:05:13.706+0000] {spark_submit.py:401} INFO - Spark-Submit cmd: spark-submit --master spark://spark-master:7077 --num-executors 1 --total-executor-cores 1 --executor-cores 1 --executor-memory 2g --driver-memory 2g --name arrow-spark --deploy-mode client dags/includes/jobs/spark_consumer.py
[2024-05-16T00:05:21.606+0000] {spark_submit.py:571} INFO - 24/05/16 00:05:21 INFO SparkContext: Running Spark version 3.5.1
[2024-05-16T00:05:21.651+0000] {spark_submit.py:571} INFO - 24/05/16 00:05:21 INFO SparkContext: OS info Linux, 6.6.26-linuxkit, aarch64
[2024-05-16T00:05:21.654+0000] {spark_submit.py:571} INFO - 24/05/16 00:05:21 INFO SparkContext: Java version 17.0.11
[2024-05-16T00:05:21.686+0000] {spark_submit.py:571} INFO - 24/05/16 00:05:21 WARN NativeCodeLoader: Unable to load native-hadoop library for your platform... using builtin-java classes where applicable
[2024-05-16T00:05:21.784+0000] {spark_submit.py:571} INFO - 24/05/16 00:05:21 INFO ResourceUtils: ==============================================================
[2024-05-16T00:05:21.786+0000] {spark_submit.py:571} INFO - 24/05/16 00:05:21 INFO ResourceUtils: No custom resources configured for spark.driver.
[2024-05-16T00:05:21.787+0000] {spark_submit.py:571} INFO - 24/05/16 00:05:21 INFO ResourceUtils: ==============================================================
[2024-05-16T00:05:21.789+0000] {spark_submit.py:571} INFO - 24/05/16 00:05:21 INFO SparkContext: Submitted application: Redfin_Properties_Consumer
[2024-05-16T00:05:21.808+0000] {spark_submit.py:571} INFO - 24/05/16 00:05:21 INFO ResourceProfile: Default ResourceProfile created, executor resources: Map(cores -> name: cores, amount: 1, script: , vendor: , memory -> name: memory, amount: 2048, script: , vendor: , offHeap -> name: offHeap, amount: 0, script: , vendor: ), task resources: Map(cpus -> name: cpus, amount: 1.0)
[2024-05-16T00:05:21.815+0000] {spark_submit.py:571} INFO - 24/05/16 00:05:21 INFO ResourceProfile: Limiting resource is cpus at 1 tasks per executor
[2024-05-16T00:05:21.818+0000] {spark_submit.py:571} INFO - 24/05/16 00:05:21 INFO ResourceProfileManager: Added ResourceProfile id: 0
[2024-05-16T00:05:21.883+0000] {spark_submit.py:571} INFO - 24/05/16 00:05:21 INFO SecurityManager: Changing view acls to: ***
[2024-05-16T00:05:21.885+0000] {spark_submit.py:571} INFO - 24/05/16 00:05:21 INFO SecurityManager: Changing modify acls to: ***
[2024-05-16T00:05:21.889+0000] {spark_submit.py:571} INFO - 24/05/16 00:05:21 INFO SecurityManager: Changing view acls groups to:
[2024-05-16T00:05:21.891+0000] {spark_submit.py:571} INFO - 24/05/16 00:05:21 INFO SecurityManager: Changing modify acls groups to:
[2024-05-16T00:05:21.893+0000] {spark_submit.py:571} INFO - 24/05/16 00:05:21 INFO SecurityManager: SecurityManager: authentication disabled; ui acls disabled; users with view permissions: ***; groups with view permissions: EMPTY; users with modify permissions: ***; groups with modify permissions: EMPTY
[2024-05-16T00:05:22.246+0000] {spark_submit.py:571} INFO - 24/05/16 00:05:22 INFO Utils: Successfully started service 'sparkDriver' on port 36611.
[2024-05-16T00:05:22.310+0000] {spark_submit.py:571} INFO - 24/05/16 00:05:22 INFO SparkEnv: Registering MapOutputTracker
[2024-05-16T00:05:22.394+0000] {spark_submit.py:571} INFO - 24/05/16 00:05:22 INFO SparkEnv: Registering BlockManagerMaster
[2024-05-16T00:05:22.418+0000] {spark_submit.py:571} INFO - 24/05/16 00:05:22 INFO BlockManagerMasterEndpoint: Using org.apache.spark.storage.DefaultTopologyMapper for getting topology information
[2024-05-16T00:05:22.419+0000] {spark_submit.py:571} INFO - 24/05/16 00:05:22 INFO BlockManagerMasterEndpoint: BlockManagerMasterEndpoint up
[2024-05-16T00:05:22.421+0000] {spark_submit.py:571} INFO - 24/05/16 00:05:22 INFO SparkEnv: Registering BlockManagerMasterHeartbeat
[2024-05-16T00:05:22.486+0000] {spark_submit.py:571} INFO - 24/05/16 00:05:22 INFO DiskBlockManager: Created local directory at /tmp/blockmgr-0b5a9e63-857c-4a32-bb4d-f2f688abb025
[2024-05-16T00:05:22.500+0000] {spark_submit.py:571} INFO - 24/05/16 00:05:22 INFO MemoryStore: MemoryStore started with capacity 1048.8 MiB
[2024-05-16T00:05:22.532+0000] {spark_submit.py:571} INFO - 24/05/16 00:05:22 INFO SparkEnv: Registering OutputCommitCoordinator
[2024-05-16T00:05:22.710+0000] {spark_submit.py:571} INFO - 24/05/16 00:05:22 INFO JettyUtils: Start Jetty 0.0.0.0:4040 for SparkUI
[2024-05-16T00:05:22.884+0000] {spark_submit.py:571} INFO - 24/05/16 00:05:22 WARN Utils: Service 'SparkUI' could not bind on port 4040. Attempting port 4041.
[2024-05-16T00:05:22.921+0000] {spark_submit.py:571} INFO - 24/05/16 00:05:22 INFO Utils: Successfully started service 'SparkUI' on port 4041.
[2024-05-16T00:05:23.316+0000] {spark_submit.py:571} INFO - 24/05/16 00:05:23 INFO StandaloneAppClient$ClientEndpoint: Connecting to master spark://spark-master:7077...
[2024-05-16T00:05:23.383+0000] {spark_submit.py:571} INFO - 24/05/16 00:05:23 INFO TransportClientFactory: Successfully created connection to spark-master/192.168.16.4:7077 after 30 ms (0 ms spent in bootstraps)
[2024-05-16T00:05:24.175+0000] {spark_submit.py:571} INFO - 24/05/16 00:05:24 INFO StandaloneSchedulerBackend: Connected to Spark cluster with app ID app-20240516000524-0002
[2024-05-16T00:05:24.208+0000] {spark_submit.py:571} INFO - 24/05/16 00:05:24 INFO Utils: Successfully started service 'org.apache.spark.network.netty.NettyBlockTransferService' on port 35369.
[2024-05-16T00:05:24.209+0000] {spark_submit.py:571} INFO - 24/05/16 00:05:24 INFO NettyBlockTransferService: Server created on 1def91e7b936:35369
[2024-05-16T00:05:24.213+0000] {spark_submit.py:571} INFO - 24/05/16 00:05:24 INFO BlockManager: Using org.apache.spark.storage.RandomBlockReplicationPolicy for block replication policy
[2024-05-16T00:05:24.228+0000] {spark_submit.py:571} INFO - 24/05/16 00:05:24 INFO BlockManagerMaster: Registering BlockManager BlockManagerId(driver, 1def91e7b936, 35369, None)
[2024-05-16T00:05:24.241+0000] {spark_submit.py:571} INFO - 24/05/16 00:05:24 INFO BlockManagerMasterEndpoint: Registering block manager 1def91e7b936:35369 with 1048.8 MiB RAM, BlockManagerId(driver, 1def91e7b936, 35369, None)
[2024-05-16T00:05:24.248+0000] {spark_submit.py:571} INFO - 24/05/16 00:05:24 INFO BlockManagerMaster: Registered BlockManager BlockManagerId(driver, 1def91e7b936, 35369, None)
[2024-05-16T00:05:24.252+0000] {spark_submit.py:571} INFO - 24/05/16 00:05:24 INFO BlockManager: Initialized BlockManager: BlockManagerId(driver, 1def91e7b936, 35369, None)
[2024-05-16T00:05:25.125+0000] {spark_submit.py:571} INFO - 24/05/16 00:05:25 INFO StandaloneSchedulerBackend: SchedulerBackend is ready for scheduling beginning after reached minRegisteredResourcesRatio: 0.0
[2024-05-16T00:05:26.105+0000] {spark_submit.py:571} INFO - 24/05/16 00:05:26 INFO SharedState: Setting hive.metastore.warehouse.dir ('null') to the value of spark.sql.warehouse.dir.
[2024-05-16T00:05:26.136+0000] {spark_submit.py:571} INFO - 24/05/16 00:05:26 INFO SharedState: Warehouse path is 'file:/opt/***/spark-warehouse'.
[2024-05-16T00:05:37.392+0000] {spark_submit.py:571} INFO - Traceback (most recent call last):
[2024-05-16T00:05:37.410+0000] {spark_submit.py:571} INFO - File "/opt/***/dags/includes/jobs/spark_consumer.py", line 76, in <module>
[2024-05-16T00:05:37.420+0000] {spark_submit.py:571} INFO - .load())
[2024-05-16T00:05:37.426+0000] {spark_submit.py:571} INFO - ^^^^^^
[2024-05-16T00:05:37.430+0000] {spark_submit.py:571} INFO - File "/home/***/.local/lib/python3.12/site-packages/pyspark/python/lib/pyspark.zip/pyspark/sql/streaming/readwriter.py", line 304, in load
[2024-05-16T00:05:37.434+0000] {spark_submit.py:571} INFO - File "/home/***/.local/lib/python3.12/site-packages/pyspark/python/lib/py4j-0.10.9.7-src.zip/py4j/java_gateway.py", line 1322, in __call__
[2024-05-16T00:05:37.437+0000] {spark_submit.py:571} INFO - File "/home/***/.local/lib/python3.12/site-packages/pyspark/python/lib/pyspark.zip/pyspark/errors/exceptions/captured.py", line 185, in deco
[2024-05-16T00:05:37.480+0000] {spark_submit.py:571} INFO - pyspark.errors.exceptions.captured.AnalysisException: Failed to find data source: kafka. Please deploy the application as per the deployment section of Structured Streaming + Kafka Integration Guide.
[2024-05-16T00:05:37.518+0000] {spark_submit.py:571} INFO - INFO:py4j.clientserver:Closing down clientserver connection
[2024-05-16T00:05:39.117+0000] {spark_submit.py:571} INFO - 24/05/16 00:05:39 INFO SparkContext: Invoking stop() from shutdown hook
[2024-05-16T00:05:39.153+0000] {spark_submit.py:571} INFO - 24/05/16 00:05:39 INFO SparkContext: SparkContext is stopping with exitCode 0.
[2024-05-16T00:05:39.309+0000] {spark_submit.py:571} INFO - 24/05/16 00:05:39 INFO SparkUI: Stopped Spark web UI at http://1def91e7b936:4041
[2024-05-16T00:05:39.348+0000] {spark_submit.py:571} INFO - 24/05/16 00:05:39 INFO StandaloneSchedulerBackend: Shutting down all executors
[2024-05-16T00:05:39.379+0000] {spark_submit.py:571} INFO - 24/05/16 00:05:39 INFO StandaloneSchedulerBackend$StandaloneDriverEndpoint: Asking each executor to shut down
[2024-05-16T00:05:39.501+0000] {spark_submit.py:571} INFO - 24/05/16 00:05:39 INFO MapOutputTrackerMasterEndpoint: MapOutputTrackerMasterEndpoint stopped!
[2024-05-16T00:05:39.678+0000] {spark_submit.py:571} INFO - 24/05/16 00:05:39 INFO MemoryStore: MemoryStore cleared
[2024-05-16T00:05:39.705+0000] {spark_submit.py:571} INFO - 24/05/16 00:05:39 INFO BlockManager: BlockManager stopped
[2024-05-16T00:05:39.756+0000] {spark_submit.py:571} INFO - 24/05/16 00:05:39 INFO BlockManagerMaster: BlockManagerMaster stopped
[2024-05-16T00:05:39.766+0000] {spark_submit.py:571} INFO - 24/05/16 00:05:39 INFO OutputCommitCoordinator$OutputCommitCoordinatorEndpoint: OutputCommitCoordinator stopped!
[2024-05-16T00:05:40.114+0000] {spark_submit.py:571} INFO - 24/05/16 00:05:40 INFO SparkContext: Successfully stopped SparkContext
[2024-05-16T00:05:40.346+0000] {spark_submit.py:571} INFO - 24/05/16 00:05:40 INFO ShutdownHookManager: Shutdown hook called
[2024-05-16T00:05:40.351+0000] {spark_submit.py:571} INFO - 24/05/16 00:05:40 INFO ShutdownHookManager: Deleting directory /tmp/spark-2598d683-36c3-44e3-b873-ff53f0521904
[2024-05-16T00:05:40.353+0000] {spark_submit.py:571} INFO - 24/05/16 00:05:40 INFO ShutdownHookManager: Deleting directory /tmp/spark-e8e6dca7-3eb8-4900-92b5-577b814fe9e4
[2024-05-16T00:05:40.359+0000] {spark_submit.py:571} INFO - 24/05/16 00:05:40 INFO ShutdownHookManager: Deleting directory /tmp/spark-e8e6dca7-3eb8-4900-92b5-577b814fe9e4/pyspark-f878c411-02c2-486e-a33e-bfe121e5a55f
[2024-05-16T00:05:40.617+0000] {taskinstance.py:441} INFO - ::group::Post task execution logs
[2024-05-16T00:05:40.901+0000] {taskinstance.py:2905} ERROR - Task failed with exception
Traceback (most recent call last):
  File "/home/airflow/.local/lib/python3.12/site-packages/airflow/models/taskinstance.py", line 465, in _execute_task
    result = _execute_callable(context=context, **execute_callable_kwargs)
             ^^^^^^^^^^^^^^^^^^^^^^^^^^^^^^^^^^^^^^^^^^^^^^^^^^^^^^^^^^^^^
  File "/home/airflow/.local/lib/python3.12/site-packages/airflow/models/taskinstance.py", line 432, in _execute_callable
    return execute_callable(context=context, **execute_callable_kwargs)
           ^^^^^^^^^^^^^^^^^^^^^^^^^^^^^^^^^^^^^^^^^^^^^^^^^^^^^^^^^^^^
  File "/home/airflow/.local/lib/python3.12/site-packages/airflow/models/baseoperator.py", line 400, in wrapper
    return func(self, *args, **kwargs)
           ^^^^^^^^^^^^^^^^^^^^^^^^^^^
  File "/home/airflow/.local/lib/python3.12/site-packages/airflow/providers/apache/spark/operators/spark_submit.py", line 174, in execute
    self._hook.submit(self.application)
  File "/home/airflow/.local/lib/python3.12/site-packages/airflow/providers/apache/spark/hooks/spark_submit.py", line 502, in submit
    raise AirflowException(
airflow.exceptions.AirflowException: Cannot execute: spark-submit --master spark://spark-master:7077 --num-executors 1 --total-executor-cores 1 --executor-cores 1 --executor-memory 2g --driver-memory 2g --name arrow-spark --deploy-mode client dags/includes/jobs/spark_consumer.py. Error code is: 1.
[2024-05-16T00:05:40.989+0000] {taskinstance.py:1206} INFO - Marking task as UP_FOR_RETRY. dag_id=Webscrape, task_id=Process_Send_Data, run_id=scheduled__2024-05-15T00:00:00+00:00, execution_date=20240515T000000, start_date=20240516T000513, end_date=20240516T000540
[2024-05-16T00:05:41.231+0000] {standard_task_runner.py:110} ERROR - Failed to execute job 170 for task Process_Send_Data (Cannot execute: spark-submit --master spark://spark-master:7077 --num-executors 1 --total-executor-cores 1 --executor-cores 1 --executor-memory 2g --driver-memory 2g --name arrow-spark --deploy-mode client dags/includes/jobs/spark_consumer.py. Error code is: 1.; 531)
[2024-05-16T00:05:41.380+0000] {local_task_job_runner.py:240} INFO - Task exited with return code 1
[2024-05-16T00:05:41.611+0000] {local_task_job_runner.py:222} INFO - ::endgroup::
