[2024-05-16T00:02:54.103+0000] {local_task_job_runner.py:120} INFO - ::group::Pre task execution logs
[2024-05-16T00:02:54.165+0000] {taskinstance.py:2076} INFO - Dependencies all met for dep_context=non-requeueable deps ti=<TaskInstance: Webscrape.Process_Send_Data scheduled__2024-05-15T00:00:00+00:00 [queued]>
[2024-05-16T00:02:54.179+0000] {taskinstance.py:2076} INFO - Dependencies all met for dep_context=requeueable deps ti=<TaskInstance: Webscrape.Process_Send_Data scheduled__2024-05-15T00:00:00+00:00 [queued]>
[2024-05-16T00:02:54.180+0000] {taskinstance.py:2306} INFO - Starting attempt 2 of 6
[2024-05-16T00:02:54.197+0000] {taskinstance.py:2330} INFO - Executing <Task(SparkSubmitOperator): Process_Send_Data> on 2024-05-15 00:00:00+00:00
[2024-05-16T00:02:54.219+0000] {standard_task_runner.py:90} INFO - Running: ['***', 'tasks', 'run', 'Webscrape', 'Process_Send_Data', 'scheduled__2024-05-15T00:00:00+00:00', '--job-id', '168', '--raw', '--subdir', 'DAGS_FOLDER/webscrapping.py', '--cfg-path', '/tmp/tmpi64xznc3']
[2024-05-16T00:02:54.222+0000] {standard_task_runner.py:91} INFO - Job 168: Subtask Process_Send_Data
[2024-05-16T00:02:54.221+0000] {logging_mixin.py:188} WARNING - /home/***/.local/lib/python3.12/site-packages/***/task/task_runner/standard_task_runner.py:61 DeprecationWarning: This process (pid=169) is multi-threaded, use of fork() may lead to deadlocks in the child.
[2024-05-16T00:02:54.222+0000] {standard_task_runner.py:63} INFO - Started process 173 to run task
[2024-05-16T00:02:54.269+0000] {task_command.py:426} INFO - Running <TaskInstance: Webscrape.Process_Send_Data scheduled__2024-05-15T00:00:00+00:00 [running]> on host 1def91e7b936
[2024-05-16T00:02:54.385+0000] {taskinstance.py:2648} INFO - Exporting env vars: AIRFLOW_CTX_DAG_OWNER='svc' AIRFLOW_CTX_DAG_ID='Webscrape' AIRFLOW_CTX_TASK_ID='Process_Send_Data' AIRFLOW_CTX_EXECUTION_DATE='2024-05-15T00:00:00+00:00' AIRFLOW_CTX_TRY_NUMBER='2' AIRFLOW_CTX_DAG_RUN_ID='scheduled__2024-05-15T00:00:00+00:00'
[2024-05-16T00:02:54.387+0000] {taskinstance.py:430} INFO - ::endgroup::
[2024-05-16T00:02:54.431+0000] {base.py:84} INFO - Using connection ID 'spark_default' for task execution.
[2024-05-16T00:02:54.435+0000] {spark_submit.py:401} INFO - Spark-Submit cmd: spark-submit --master spark://spark-master:7077 --num-executors 1 --total-executor-cores 1 --executor-cores 1 --executor-memory 2g --driver-memory 2g --name arrow-spark --deploy-mode client dags/includes/jobs/spark_consumer.py
[2024-05-16T00:03:02.899+0000] {spark_submit.py:571} INFO - 24/05/16 00:03:02 INFO SparkContext: Running Spark version 3.5.1
[2024-05-16T00:03:02.956+0000] {spark_submit.py:571} INFO - 24/05/16 00:03:02 INFO SparkContext: OS info Linux, 6.6.26-linuxkit, aarch64
[2024-05-16T00:03:02.968+0000] {spark_submit.py:571} INFO - 24/05/16 00:03:02 INFO SparkContext: Java version 17.0.11
[2024-05-16T00:03:03.028+0000] {spark_submit.py:571} INFO - 24/05/16 00:03:03 WARN NativeCodeLoader: Unable to load native-hadoop library for your platform... using builtin-java classes where applicable
[2024-05-16T00:03:03.288+0000] {spark_submit.py:571} INFO - 24/05/16 00:03:03 INFO ResourceUtils: ==============================================================
[2024-05-16T00:03:03.289+0000] {spark_submit.py:571} INFO - 24/05/16 00:03:03 INFO ResourceUtils: No custom resources configured for spark.driver.
[2024-05-16T00:03:03.291+0000] {spark_submit.py:571} INFO - 24/05/16 00:03:03 INFO ResourceUtils: ==============================================================
[2024-05-16T00:03:03.292+0000] {spark_submit.py:571} INFO - 24/05/16 00:03:03 INFO SparkContext: Submitted application: Redfin_Properties_Consumer
[2024-05-16T00:03:03.351+0000] {spark_submit.py:571} INFO - 24/05/16 00:03:03 INFO ResourceProfile: Default ResourceProfile created, executor resources: Map(cores -> name: cores, amount: 1, script: , vendor: , memory -> name: memory, amount: 2048, script: , vendor: , offHeap -> name: offHeap, amount: 0, script: , vendor: ), task resources: Map(cpus -> name: cpus, amount: 1.0)
[2024-05-16T00:03:03.374+0000] {spark_submit.py:571} INFO - 24/05/16 00:03:03 INFO ResourceProfile: Limiting resource is cpus at 1 tasks per executor
[2024-05-16T00:03:03.386+0000] {spark_submit.py:571} INFO - 24/05/16 00:03:03 INFO ResourceProfileManager: Added ResourceProfile id: 0
[2024-05-16T00:03:03.501+0000] {spark_submit.py:571} INFO - 24/05/16 00:03:03 INFO SecurityManager: Changing view acls to: ***
[2024-05-16T00:03:03.502+0000] {spark_submit.py:571} INFO - 24/05/16 00:03:03 INFO SecurityManager: Changing modify acls to: ***
[2024-05-16T00:03:03.503+0000] {spark_submit.py:571} INFO - 24/05/16 00:03:03 INFO SecurityManager: Changing view acls groups to:
[2024-05-16T00:03:03.506+0000] {spark_submit.py:571} INFO - 24/05/16 00:03:03 INFO SecurityManager: Changing modify acls groups to:
[2024-05-16T00:03:03.509+0000] {spark_submit.py:571} INFO - 24/05/16 00:03:03 INFO SecurityManager: SecurityManager: authentication disabled; ui acls disabled; users with view permissions: ***; groups with view permissions: EMPTY; users with modify permissions: ***; groups with modify permissions: EMPTY
[2024-05-16T00:03:03.917+0000] {spark_submit.py:571} INFO - 24/05/16 00:03:03 INFO Utils: Successfully started service 'sparkDriver' on port 37571.
[2024-05-16T00:03:03.965+0000] {spark_submit.py:571} INFO - 24/05/16 00:03:03 INFO SparkEnv: Registering MapOutputTracker
[2024-05-16T00:03:04.011+0000] {spark_submit.py:571} INFO - 24/05/16 00:03:04 INFO SparkEnv: Registering BlockManagerMaster
[2024-05-16T00:03:04.037+0000] {spark_submit.py:571} INFO - 24/05/16 00:03:04 INFO BlockManagerMasterEndpoint: Using org.apache.spark.storage.DefaultTopologyMapper for getting topology information
[2024-05-16T00:03:04.039+0000] {spark_submit.py:571} INFO - 24/05/16 00:03:04 INFO BlockManagerMasterEndpoint: BlockManagerMasterEndpoint up
[2024-05-16T00:03:04.048+0000] {spark_submit.py:571} INFO - 24/05/16 00:03:04 INFO SparkEnv: Registering BlockManagerMasterHeartbeat
[2024-05-16T00:03:04.075+0000] {spark_submit.py:571} INFO - 24/05/16 00:03:04 INFO DiskBlockManager: Created local directory at /tmp/blockmgr-37959931-df3a-4f36-928d-cd3e18fa898d
[2024-05-16T00:03:04.094+0000] {spark_submit.py:571} INFO - 24/05/16 00:03:04 INFO MemoryStore: MemoryStore started with capacity 1048.8 MiB
[2024-05-16T00:03:04.132+0000] {spark_submit.py:571} INFO - 24/05/16 00:03:04 INFO SparkEnv: Registering OutputCommitCoordinator
[2024-05-16T00:03:04.319+0000] {spark_submit.py:571} INFO - 24/05/16 00:03:04 INFO JettyUtils: Start Jetty 0.0.0.0:4040 for SparkUI
[2024-05-16T00:03:04.419+0000] {spark_submit.py:571} INFO - 24/05/16 00:03:04 WARN Utils: Service 'SparkUI' could not bind on port 4040. Attempting port 4041.
[2024-05-16T00:03:04.435+0000] {spark_submit.py:571} INFO - 24/05/16 00:03:04 INFO Utils: Successfully started service 'SparkUI' on port 4041.
[2024-05-16T00:03:04.764+0000] {spark_submit.py:571} INFO - 24/05/16 00:03:04 INFO StandaloneAppClient$ClientEndpoint: Connecting to master spark://spark-master:7077...
[2024-05-16T00:03:04.870+0000] {spark_submit.py:571} INFO - 24/05/16 00:03:04 INFO TransportClientFactory: Successfully created connection to spark-master/192.168.16.4:7077 after 42 ms (0 ms spent in bootstraps)
[2024-05-16T00:03:06.254+0000] {spark_submit.py:571} INFO - 24/05/16 00:03:06 INFO StandaloneSchedulerBackend: Connected to Spark cluster with app ID app-20240516000306-0001
[2024-05-16T00:03:06.274+0000] {spark_submit.py:571} INFO - 24/05/16 00:03:06 INFO Utils: Successfully started service 'org.apache.spark.network.netty.NettyBlockTransferService' on port 33301.
[2024-05-16T00:03:06.276+0000] {spark_submit.py:571} INFO - 24/05/16 00:03:06 INFO NettyBlockTransferService: Server created on 1def91e7b936:33301
[2024-05-16T00:03:06.278+0000] {spark_submit.py:571} INFO - 24/05/16 00:03:06 INFO BlockManager: Using org.apache.spark.storage.RandomBlockReplicationPolicy for block replication policy
[2024-05-16T00:03:06.287+0000] {spark_submit.py:571} INFO - 24/05/16 00:03:06 INFO BlockManagerMaster: Registering BlockManager BlockManagerId(driver, 1def91e7b936, 33301, None)
[2024-05-16T00:03:06.292+0000] {spark_submit.py:571} INFO - 24/05/16 00:03:06 INFO BlockManagerMasterEndpoint: Registering block manager 1def91e7b936:33301 with 1048.8 MiB RAM, BlockManagerId(driver, 1def91e7b936, 33301, None)
[2024-05-16T00:03:06.297+0000] {spark_submit.py:571} INFO - 24/05/16 00:03:06 INFO BlockManagerMaster: Registered BlockManager BlockManagerId(driver, 1def91e7b936, 33301, None)
[2024-05-16T00:03:06.300+0000] {spark_submit.py:571} INFO - 24/05/16 00:03:06 INFO BlockManager: Initialized BlockManager: BlockManagerId(driver, 1def91e7b936, 33301, None)
[2024-05-16T00:03:06.867+0000] {spark_submit.py:571} INFO - 24/05/16 00:03:06 INFO StandaloneSchedulerBackend: SchedulerBackend is ready for scheduling beginning after reached minRegisteredResourcesRatio: 0.0
[2024-05-16T00:03:07.720+0000] {spark_submit.py:571} INFO - 24/05/16 00:03:07 INFO SharedState: Setting hive.metastore.warehouse.dir ('null') to the value of spark.sql.warehouse.dir.
[2024-05-16T00:03:07.831+0000] {spark_submit.py:571} INFO - 24/05/16 00:03:07 INFO SharedState: Warehouse path is 'file:/opt/***/spark-warehouse'.
[2024-05-16T00:03:10.539+0000] {spark_submit.py:571} INFO - Traceback (most recent call last):
[2024-05-16T00:03:10.542+0000] {spark_submit.py:571} INFO - File "/opt/***/dags/includes/jobs/spark_consumer.py", line 76, in <module>
[2024-05-16T00:03:10.575+0000] {spark_submit.py:571} INFO - .load())
[2024-05-16T00:03:10.576+0000] {spark_submit.py:571} INFO - ^^^^^^
[2024-05-16T00:03:10.577+0000] {spark_submit.py:571} INFO - File "/home/***/.local/lib/python3.12/site-packages/pyspark/python/lib/pyspark.zip/pyspark/sql/streaming/readwriter.py", line 304, in load
[2024-05-16T00:03:10.579+0000] {spark_submit.py:571} INFO - File "/home/***/.local/lib/python3.12/site-packages/pyspark/python/lib/py4j-0.10.9.7-src.zip/py4j/java_gateway.py", line 1322, in __call__
[2024-05-16T00:03:10.583+0000] {spark_submit.py:571} INFO - File "/home/***/.local/lib/python3.12/site-packages/pyspark/python/lib/pyspark.zip/pyspark/errors/exceptions/captured.py", line 185, in deco
[2024-05-16T00:03:10.591+0000] {spark_submit.py:571} INFO - pyspark.errors.exceptions.captured.AnalysisException: Failed to find data source: kafka. Please deploy the application as per the deployment section of Structured Streaming + Kafka Integration Guide.
[2024-05-16T00:03:10.596+0000] {spark_submit.py:571} INFO - INFO:py4j.clientserver:Closing down clientserver connection
[2024-05-16T00:03:10.964+0000] {spark_submit.py:571} INFO - 24/05/16 00:03:10 INFO SparkContext: Invoking stop() from shutdown hook
[2024-05-16T00:03:11.049+0000] {spark_submit.py:571} INFO - 24/05/16 00:03:10 INFO SparkContext: SparkContext is stopping with exitCode 0.
[2024-05-16T00:03:11.058+0000] {spark_submit.py:571} INFO - 24/05/16 00:03:10 INFO SparkUI: Stopped Spark web UI at http://1def91e7b936:4041
[2024-05-16T00:03:11.062+0000] {spark_submit.py:571} INFO - 24/05/16 00:03:10 INFO StandaloneSchedulerBackend: Shutting down all executors
[2024-05-16T00:03:11.064+0000] {spark_submit.py:571} INFO - 24/05/16 00:03:10 INFO StandaloneSchedulerBackend$StandaloneDriverEndpoint: Asking each executor to shut down
[2024-05-16T00:03:11.065+0000] {spark_submit.py:571} INFO - 24/05/16 00:03:11 INFO MapOutputTrackerMasterEndpoint: MapOutputTrackerMasterEndpoint stopped!
[2024-05-16T00:03:11.065+0000] {spark_submit.py:571} INFO - 24/05/16 00:03:11 INFO MemoryStore: MemoryStore cleared
[2024-05-16T00:03:11.066+0000] {spark_submit.py:571} INFO - 24/05/16 00:03:11 INFO BlockManager: BlockManager stopped
[2024-05-16T00:03:11.067+0000] {spark_submit.py:571} INFO - 24/05/16 00:03:11 INFO BlockManagerMaster: BlockManagerMaster stopped
[2024-05-16T00:03:11.068+0000] {spark_submit.py:571} INFO - 24/05/16 00:03:11 INFO OutputCommitCoordinator$OutputCommitCoordinatorEndpoint: OutputCommitCoordinator stopped!
[2024-05-16T00:03:11.110+0000] {spark_submit.py:571} INFO - 24/05/16 00:03:11 INFO SparkContext: Successfully stopped SparkContext
[2024-05-16T00:03:11.112+0000] {spark_submit.py:571} INFO - 24/05/16 00:03:11 INFO ShutdownHookManager: Shutdown hook called
[2024-05-16T00:03:11.116+0000] {spark_submit.py:571} INFO - 24/05/16 00:03:11 INFO ShutdownHookManager: Deleting directory /tmp/spark-6a43ec09-149b-4dd1-bcbe-7aaa4083b4d4
[2024-05-16T00:03:11.127+0000] {spark_submit.py:571} INFO - 24/05/16 00:03:11 INFO ShutdownHookManager: Deleting directory /tmp/spark-9a5e1045-40e0-4742-943e-94e2ee1f81eb
[2024-05-16T00:03:11.133+0000] {spark_submit.py:571} INFO - 24/05/16 00:03:11 INFO ShutdownHookManager: Deleting directory /tmp/spark-6a43ec09-149b-4dd1-bcbe-7aaa4083b4d4/pyspark-65d63fc8-c6d3-496d-8a61-5fd46bfe5d16
[2024-05-16T00:03:11.246+0000] {taskinstance.py:441} INFO - ::group::Post task execution logs
[2024-05-16T00:03:11.482+0000] {taskinstance.py:2905} ERROR - Task failed with exception
Traceback (most recent call last):
  File "/home/airflow/.local/lib/python3.12/site-packages/airflow/models/taskinstance.py", line 465, in _execute_task
    result = _execute_callable(context=context, **execute_callable_kwargs)
             ^^^^^^^^^^^^^^^^^^^^^^^^^^^^^^^^^^^^^^^^^^^^^^^^^^^^^^^^^^^^^
  File "/home/airflow/.local/lib/python3.12/site-packages/airflow/models/taskinstance.py", line 432, in _execute_callable
    return execute_callable(context=context, **execute_callable_kwargs)
           ^^^^^^^^^^^^^^^^^^^^^^^^^^^^^^^^^^^^^^^^^^^^^^^^^^^^^^^^^^^^
  File "/home/airflow/.local/lib/python3.12/site-packages/airflow/models/baseoperator.py", line 400, in wrapper
    return func(self, *args, **kwargs)
           ^^^^^^^^^^^^^^^^^^^^^^^^^^^
  File "/home/airflow/.local/lib/python3.12/site-packages/airflow/providers/apache/spark/operators/spark_submit.py", line 174, in execute
    self._hook.submit(self.application)
  File "/home/airflow/.local/lib/python3.12/site-packages/airflow/providers/apache/spark/hooks/spark_submit.py", line 502, in submit
    raise AirflowException(
airflow.exceptions.AirflowException: Cannot execute: spark-submit --master spark://spark-master:7077 --num-executors 1 --total-executor-cores 1 --executor-cores 1 --executor-memory 2g --driver-memory 2g --name arrow-spark --deploy-mode client dags/includes/jobs/spark_consumer.py. Error code is: 1.
[2024-05-16T00:03:11.572+0000] {taskinstance.py:1206} INFO - Marking task as UP_FOR_RETRY. dag_id=Webscrape, task_id=Process_Send_Data, run_id=scheduled__2024-05-15T00:00:00+00:00, execution_date=20240515T000000, start_date=20240516T000254, end_date=20240516T000311
[2024-05-16T00:03:11.723+0000] {standard_task_runner.py:110} ERROR - Failed to execute job 168 for task Process_Send_Data (Cannot execute: spark-submit --master spark://spark-master:7077 --num-executors 1 --total-executor-cores 1 --executor-cores 1 --executor-memory 2g --driver-memory 2g --name arrow-spark --deploy-mode client dags/includes/jobs/spark_consumer.py. Error code is: 1.; 173)
[2024-05-16T00:03:11.830+0000] {local_task_job_runner.py:240} INFO - Task exited with return code 1
[2024-05-16T00:03:11.939+0000] {taskinstance.py:3498} INFO - 0 downstream tasks scheduled from follow-on schedule check
[2024-05-16T00:03:11.946+0000] {local_task_job_runner.py:222} INFO - ::endgroup::
