[2024-05-18T23:42:06.702+0000] {local_task_job_runner.py:120} INFO - ::group::Pre task execution logs
[2024-05-18T23:42:10.329+0000] {taskinstance.py:2076} INFO - Dependencies all met for dep_context=non-requeueable deps ti=<TaskInstance: Real_Estate_Webscraping_ETL.Process_and_Send_Data_to_DB scheduled__2024-05-18T12:03:00+00:00 [queued]>
[2024-05-18T23:42:10.884+0000] {taskinstance.py:2076} INFO - Dependencies all met for dep_context=requeueable deps ti=<TaskInstance: Real_Estate_Webscraping_ETL.Process_and_Send_Data_to_DB scheduled__2024-05-18T12:03:00+00:00 [queued]>
[2024-05-18T23:42:10.910+0000] {taskinstance.py:2306} INFO - Starting attempt 1 of 6
[2024-05-18T23:42:11.944+0000] {taskinstance.py:2330} INFO - Executing <Task(SparkSubmitOperator): Process_and_Send_Data_to_DB> on 2024-05-18 12:03:00+00:00
[2024-05-18T23:42:12.275+0000] {standard_task_runner.py:63} INFO - Started process 2583 to run task
[2024-05-18T23:42:12.625+0000] {standard_task_runner.py:90} INFO - Running: ['***', 'tasks', 'run', 'Real_Estate_Webscraping_ETL', 'Process_and_Send_Data_to_DB', 'scheduled__2024-05-18T12:03:00+00:00', '--job-id', '355', '--raw', '--subdir', 'DAGS_FOLDER/webscrapping.py', '--cfg-path', '/tmp/tmpucim9uj6']
[2024-05-18T23:42:12.885+0000] {standard_task_runner.py:91} INFO - Job 355: Subtask Process_and_Send_Data_to_DB
[2024-05-18T23:42:15.827+0000] {task_command.py:426} INFO - Running <TaskInstance: Real_Estate_Webscraping_ETL.Process_and_Send_Data_to_DB scheduled__2024-05-18T12:03:00+00:00 [running]> on host c0373bd0174c
[2024-05-18T23:42:19.621+0000] {taskinstance.py:2648} INFO - Exporting env vars: AIRFLOW_CTX_DAG_OWNER='svc' AIRFLOW_CTX_DAG_ID='Real_Estate_Webscraping_ETL' AIRFLOW_CTX_TASK_ID='Process_and_Send_Data_to_DB' AIRFLOW_CTX_EXECUTION_DATE='2024-05-18T12:03:00+00:00' AIRFLOW_CTX_TRY_NUMBER='1' AIRFLOW_CTX_DAG_RUN_ID='scheduled__2024-05-18T12:03:00+00:00'
[2024-05-18T23:42:19.789+0000] {taskinstance.py:430} INFO - ::endgroup::
[2024-05-18T23:42:20.636+0000] {base.py:84} INFO - Using connection ID 'spark_default' for task execution.
[2024-05-18T23:42:20.757+0000] {spark_submit.py:401} INFO - Spark-Submit cmd: spark-submit --master spark://spark-master:7077 --packages org.apache.spark:spark-sql-kafka-0-10_2.12:3.5.1,com.datastax.spark:spark-cassandra-connector_2.12:3.5.0,org.apache.kafka:kafka-clients:3.5.1,commons-logging:commons-logging:1.2 --name arrow-spark --deploy-mode client dags/includes/jobs/spark_consumer.py
[2024-05-18T23:42:26.659+0000] {spark_submit.py:571} INFO - /home/***/.local/lib/python3.11/site-packages/pyspark/bin/load-spark-env.sh: line 68: ps: command not found
[2024-05-18T23:45:12.927+0000] {spark_submit.py:571} INFO - :: loading settings :: url = jar:file:/home/***/.local/lib/python3.11/site-packages/pyspark/jars/ivy-2.5.1.jar!/org/apache/ivy/core/settings/ivysettings.xml
[2024-05-18T23:45:16.871+0000] {spark_submit.py:571} INFO - Ivy Default Cache set to: /home/***/.ivy2/cache
[2024-05-18T23:45:16.914+0000] {spark_submit.py:571} INFO - The jars for the packages stored in: /home/***/.ivy2/jars
[2024-05-18T23:45:16.957+0000] {spark_submit.py:571} INFO - org.apache.spark#spark-sql-kafka-0-10_2.12 added as a dependency
[2024-05-18T23:45:16.960+0000] {spark_submit.py:571} INFO - com.datastax.spark#spark-cassandra-connector_2.12 added as a dependency
[2024-05-18T23:45:16.971+0000] {spark_submit.py:571} INFO - org.apache.kafka#kafka-clients added as a dependency
[2024-05-18T23:45:16.972+0000] {spark_submit.py:571} INFO - commons-logging#commons-logging added as a dependency
[2024-05-18T23:45:16.976+0000] {spark_submit.py:571} INFO - :: resolving dependencies :: org.apache.spark#spark-submit-parent-e7baf755-fb92-461b-b7b8-e38a79c16581;1.0
[2024-05-18T23:45:16.980+0000] {spark_submit.py:571} INFO - confs: [default]
[2024-05-18T23:45:23.040+0000] {spark_submit.py:571} INFO - found org.apache.spark#spark-sql-kafka-0-10_2.12;3.5.1 in spark-list
[2024-05-18T23:45:23.392+0000] {spark_submit.py:571} INFO - found org.apache.spark#spark-token-provider-kafka-0-10_2.12;3.5.1 in central
[2024-05-18T23:45:24.280+0000] {spark_submit.py:571} INFO - found org.apache.hadoop#hadoop-client-runtime;3.3.4 in central
[2024-05-18T23:45:24.675+0000] {spark_submit.py:571} INFO - found org.apache.hadoop#hadoop-client-api;3.3.4 in central
[2024-05-18T23:45:24.979+0000] {spark_submit.py:571} INFO - found org.xerial.snappy#snappy-java;1.1.10.3 in central
[2024-05-18T23:45:25.333+0000] {spark_submit.py:571} INFO - found org.slf4j#slf4j-api;2.0.7 in central
[2024-05-18T23:45:26.450+0000] {spark_submit.py:571} INFO - found com.google.code.findbugs#jsr305;3.0.0 in central
[2024-05-18T23:45:26.628+0000] {spark_submit.py:571} INFO - found org.apache.commons#commons-pool2;2.11.1 in central
[2024-05-18T23:45:27.184+0000] {spark_submit.py:571} INFO - found com.datastax.spark#spark-cassandra-connector_2.12;3.5.0 in central
[2024-05-18T23:45:27.463+0000] {spark_submit.py:571} INFO - found com.datastax.spark#spark-cassandra-connector-driver_2.12;3.5.0 in central
[2024-05-18T23:45:27.806+0000] {spark_submit.py:571} INFO - found org.scala-lang.modules#scala-collection-compat_2.12;2.11.0 in central
[2024-05-18T23:45:28.158+0000] {spark_submit.py:571} INFO - found com.datastax.oss#java-driver-core-shaded;4.13.0 in central
[2024-05-18T23:45:29.070+0000] {spark_submit.py:571} INFO - found com.datastax.oss#native-protocol;1.5.0 in central
[2024-05-18T23:45:29.647+0000] {spark_submit.py:571} INFO - found com.datastax.oss#java-driver-shaded-guava;25.1-jre-graal-sub-1 in central
[2024-05-18T23:45:30.478+0000] {spark_submit.py:571} INFO - found com.typesafe#config;1.4.1 in central
[2024-05-18T23:45:35.371+0000] {spark_submit.py:571} INFO - found io.dropwizard.metrics#metrics-core;4.1.18 in central
[2024-05-18T23:45:38.215+0000] {spark_submit.py:571} INFO - found org.hdrhistogram#HdrHistogram;2.1.12 in central
[2024-05-18T23:45:38.525+0000] {spark_submit.py:571} INFO - found org.reactivestreams#reactive-streams;1.0.3 in central
[2024-05-18T23:45:38.812+0000] {spark_submit.py:571} INFO - found com.github.stephenc.jcip#jcip-annotations;1.0-1 in central
[2024-05-18T23:45:40.921+0000] {spark_submit.py:571} INFO - found com.github.spotbugs#spotbugs-annotations;3.1.12 in central
[2024-05-18T23:45:42.911+0000] {spark_submit.py:571} INFO - found com.google.code.findbugs#jsr305;3.0.2 in central
[2024-05-18T23:45:43.714+0000] {spark_submit.py:571} INFO - found com.datastax.oss#java-driver-mapper-runtime;4.13.0 in central
[2024-05-18T23:45:44.020+0000] {spark_submit.py:571} INFO - found com.datastax.oss#java-driver-query-builder;4.13.0 in central
[2024-05-18T23:45:44.560+0000] {spark_submit.py:571} INFO - found org.apache.commons#commons-lang3;3.10 in central
[2024-05-18T23:45:44.674+0000] {spark_submit.py:571} INFO - found com.thoughtworks.paranamer#paranamer;2.8 in central
[2024-05-18T23:45:44.857+0000] {spark_submit.py:571} INFO - found org.scala-lang#scala-reflect;2.12.11 in central
[2024-05-18T23:45:52.088+0000] {spark_submit.py:571} INFO - found org.apache.kafka#kafka-clients;3.5.1 in central
[2024-05-18T23:45:52.508+0000] {spark_submit.py:571} INFO - found com.github.luben#zstd-jni;1.5.5-1 in central
[2024-05-18T23:45:52.628+0000] {spark_submit.py:571} INFO - found org.lz4#lz4-java;1.8.0 in central
[2024-05-18T23:45:52.826+0000] {spark_submit.py:571} INFO - found commons-logging#commons-logging;1.2 in central
[2024-05-18T23:45:54.806+0000] {spark_submit.py:571} INFO - :: resolution report :: resolve 36623ms :: artifacts dl 1164ms
[2024-05-18T23:45:54.879+0000] {spark_submit.py:571} INFO - :: modules in use:
[2024-05-18T23:45:54.882+0000] {spark_submit.py:571} INFO - com.datastax.oss#java-driver-core-shaded;4.13.0 from central in [default]
[2024-05-18T23:45:54.884+0000] {spark_submit.py:571} INFO - com.datastax.oss#java-driver-mapper-runtime;4.13.0 from central in [default]
[2024-05-18T23:45:54.887+0000] {spark_submit.py:571} INFO - com.datastax.oss#java-driver-query-builder;4.13.0 from central in [default]
[2024-05-18T23:45:54.889+0000] {spark_submit.py:571} INFO - com.datastax.oss#java-driver-shaded-guava;25.1-jre-graal-sub-1 from central in [default]
[2024-05-18T23:45:54.891+0000] {spark_submit.py:571} INFO - com.datastax.oss#native-protocol;1.5.0 from central in [default]
[2024-05-18T23:45:54.896+0000] {spark_submit.py:571} INFO - com.datastax.spark#spark-cassandra-connector-driver_2.12;3.5.0 from central in [default]
[2024-05-18T23:45:54.898+0000] {spark_submit.py:571} INFO - com.datastax.spark#spark-cassandra-connector_2.12;3.5.0 from central in [default]
[2024-05-18T23:45:54.902+0000] {spark_submit.py:571} INFO - com.github.luben#zstd-jni;1.5.5-1 from central in [default]
[2024-05-18T23:45:54.907+0000] {spark_submit.py:571} INFO - com.github.spotbugs#spotbugs-annotations;3.1.12 from central in [default]
[2024-05-18T23:45:54.908+0000] {spark_submit.py:571} INFO - com.github.stephenc.jcip#jcip-annotations;1.0-1 from central in [default]
[2024-05-18T23:45:54.910+0000] {spark_submit.py:571} INFO - com.google.code.findbugs#jsr305;3.0.2 from central in [default]
[2024-05-18T23:45:54.916+0000] {spark_submit.py:571} INFO - com.thoughtworks.paranamer#paranamer;2.8 from central in [default]
[2024-05-18T23:45:54.917+0000] {spark_submit.py:571} INFO - com.typesafe#config;1.4.1 from central in [default]
[2024-05-18T23:45:54.919+0000] {spark_submit.py:571} INFO - commons-logging#commons-logging;1.2 from central in [default]
[2024-05-18T23:45:54.920+0000] {spark_submit.py:571} INFO - io.dropwizard.metrics#metrics-core;4.1.18 from central in [default]
[2024-05-18T23:45:54.921+0000] {spark_submit.py:571} INFO - org.apache.commons#commons-lang3;3.10 from central in [default]
[2024-05-18T23:45:54.927+0000] {spark_submit.py:571} INFO - org.apache.commons#commons-pool2;2.11.1 from central in [default]
[2024-05-18T23:45:54.927+0000] {spark_submit.py:571} INFO - org.apache.hadoop#hadoop-client-api;3.3.4 from central in [default]
[2024-05-18T23:45:54.928+0000] {spark_submit.py:571} INFO - org.apache.hadoop#hadoop-client-runtime;3.3.4 from central in [default]
[2024-05-18T23:45:54.928+0000] {spark_submit.py:571} INFO - org.apache.kafka#kafka-clients;3.5.1 from central in [default]
[2024-05-18T23:45:54.930+0000] {spark_submit.py:571} INFO - org.apache.spark#spark-sql-kafka-0-10_2.12;3.5.1 from spark-list in [default]
[2024-05-18T23:45:54.942+0000] {spark_submit.py:571} INFO - org.apache.spark#spark-token-provider-kafka-0-10_2.12;3.5.1 from central in [default]
[2024-05-18T23:45:54.943+0000] {spark_submit.py:571} INFO - org.hdrhistogram#HdrHistogram;2.1.12 from central in [default]
[2024-05-18T23:45:54.943+0000] {spark_submit.py:571} INFO - org.lz4#lz4-java;1.8.0 from central in [default]
[2024-05-18T23:45:54.943+0000] {spark_submit.py:571} INFO - org.reactivestreams#reactive-streams;1.0.3 from central in [default]
[2024-05-18T23:45:54.944+0000] {spark_submit.py:571} INFO - org.scala-lang#scala-reflect;2.12.11 from central in [default]
[2024-05-18T23:45:54.950+0000] {spark_submit.py:571} INFO - org.scala-lang.modules#scala-collection-compat_2.12;2.11.0 from central in [default]
[2024-05-18T23:45:54.951+0000] {spark_submit.py:571} INFO - org.slf4j#slf4j-api;2.0.7 from central in [default]
[2024-05-18T23:45:54.953+0000] {spark_submit.py:571} INFO - org.xerial.snappy#snappy-java;1.1.10.3 from central in [default]
[2024-05-18T23:45:54.953+0000] {spark_submit.py:571} INFO - :: evicted modules:
[2024-05-18T23:45:54.953+0000] {spark_submit.py:571} INFO - org.apache.kafka#kafka-clients;3.4.1 by [org.apache.kafka#kafka-clients;3.5.1] in [default]
[2024-05-18T23:45:54.954+0000] {spark_submit.py:571} INFO - commons-logging#commons-logging;1.1.3 by [commons-logging#commons-logging;1.2] in [default]
[2024-05-18T23:45:54.954+0000] {spark_submit.py:571} INFO - com.google.code.findbugs#jsr305;3.0.0 by [com.google.code.findbugs#jsr305;3.0.2] in [default]
[2024-05-18T23:45:54.954+0000] {spark_submit.py:571} INFO - org.slf4j#slf4j-api;1.7.26 by [org.slf4j#slf4j-api;2.0.7] in [default]
[2024-05-18T23:45:54.954+0000] {spark_submit.py:571} INFO - org.xerial.snappy#snappy-java;1.1.10.1 by [org.xerial.snappy#snappy-java;1.1.10.3] in [default]
[2024-05-18T23:45:54.954+0000] {spark_submit.py:571} INFO - org.slf4j#slf4j-api;1.7.36 by [org.slf4j#slf4j-api;2.0.7] in [default]
[2024-05-18T23:45:54.954+0000] {spark_submit.py:571} INFO - ---------------------------------------------------------------------
[2024-05-18T23:45:54.954+0000] {spark_submit.py:571} INFO - |                  |            modules            ||   artifacts   |
[2024-05-18T23:45:54.955+0000] {spark_submit.py:571} INFO - |       conf       | number| search|dwnlded|evicted|| number|dwnlded|
[2024-05-18T23:45:54.966+0000] {spark_submit.py:571} INFO - ---------------------------------------------------------------------
[2024-05-18T23:45:54.967+0000] {spark_submit.py:571} INFO - |      default     |   35  |   0   |   0   |   6   ||   29  |   0   |
[2024-05-18T23:45:54.968+0000] {spark_submit.py:571} INFO - ---------------------------------------------------------------------
[2024-05-18T23:45:55.236+0000] {spark_submit.py:571} INFO - :: retrieving :: org.apache.spark#spark-submit-parent-e7baf755-fb92-461b-b7b8-e38a79c16581
[2024-05-18T23:45:55.278+0000] {spark_submit.py:571} INFO - confs: [default]
[2024-05-18T23:45:57.253+0000] {spark_submit.py:571} INFO - 0 artifacts copied, 29 already retrieved (0kB/1951ms)
[2024-05-18T23:46:16.811+0000] {spark_submit.py:571} INFO - 24/05/18 23:46:16 WARN NativeCodeLoader: Unable to load native-hadoop library for your platform... using builtin-java classes where applicable
[2024-05-18T23:47:26.730+0000] {spark_submit.py:571} INFO - 24/05/18 23:47:26 INFO SparkContext: Running Spark version 3.5.1
[2024-05-18T23:47:27.245+0000] {spark_submit.py:571} INFO - 24/05/18 23:47:26 INFO SparkContext: OS info Linux, 6.6.26-linuxkit, aarch64
[2024-05-18T23:47:28.154+0000] {spark_submit.py:571} INFO - 24/05/18 23:47:26 INFO SparkContext: Java version 11.0.23
[2024-05-18T23:47:29.294+0000] {spark_submit.py:571} INFO - 24/05/18 23:47:29 INFO ResourceUtils: ==============================================================
[2024-05-18T23:47:29.313+0000] {spark_submit.py:571} INFO - 24/05/18 23:47:29 INFO ResourceUtils: No custom resources configured for spark.driver.
[2024-05-18T23:47:29.314+0000] {spark_submit.py:571} INFO - 24/05/18 23:47:29 INFO ResourceUtils: ==============================================================
[2024-05-18T23:47:29.317+0000] {spark_submit.py:571} INFO - 24/05/18 23:47:29 INFO SparkContext: Submitted application: Redfin_Properties_Consumer
[2024-05-18T23:47:30.583+0000] {spark_submit.py:571} INFO - 24/05/18 23:47:30 INFO ResourceProfile: Default ResourceProfile created, executor resources: Map(memory -> name: memory, amount: 1024, script: , vendor: , offHeap -> name: offHeap, amount: 0, script: , vendor: ), task resources: Map(cpus -> name: cpus, amount: 1.0)
[2024-05-18T23:47:30.852+0000] {spark_submit.py:571} INFO - 24/05/18 23:47:30 INFO ResourceProfile: Limiting resource is cpu
[2024-05-18T23:47:30.877+0000] {spark_submit.py:571} INFO - 24/05/18 23:47:30 INFO ResourceProfileManager: Added ResourceProfile id: 0
[2024-05-18T23:47:33.606+0000] {spark_submit.py:571} INFO - 24/05/18 23:47:33 INFO SecurityManager: Changing view acls to: ***
[2024-05-18T23:47:33.719+0000] {spark_submit.py:571} INFO - 24/05/18 23:47:33 INFO SecurityManager: Changing modify acls to: ***
[2024-05-18T23:47:33.724+0000] {spark_submit.py:571} INFO - 24/05/18 23:47:33 INFO SecurityManager: Changing view acls groups to:
[2024-05-18T23:47:33.726+0000] {spark_submit.py:571} INFO - 24/05/18 23:47:33 INFO SecurityManager: Changing modify acls groups to:
[2024-05-18T23:47:33.729+0000] {spark_submit.py:571} INFO - 24/05/18 23:47:33 INFO SecurityManager: SecurityManager: authentication disabled; ui acls disabled; users with view permissions: ***; groups with view permissions: EMPTY; users with modify permissions: ***; groups with modify permissions: EMPTY
[2024-05-18T23:47:40.758+0000] {spark_submit.py:571} INFO - 24/05/18 23:47:40 INFO Utils: Successfully started service 'sparkDriver' on port 40791.
[2024-05-18T23:47:40.948+0000] {spark_submit.py:571} INFO - 24/05/18 23:47:40 INFO SparkEnv: Registering MapOutputTracker
[2024-05-18T23:47:41.643+0000] {spark_submit.py:571} INFO - 24/05/18 23:47:41 INFO SparkEnv: Registering BlockManagerMaster
[2024-05-18T23:47:42.049+0000] {spark_submit.py:571} INFO - 24/05/18 23:47:42 INFO BlockManagerMasterEndpoint: Using org.apache.spark.storage.DefaultTopologyMapper for getting topology information
[2024-05-18T23:47:42.056+0000] {spark_submit.py:571} INFO - 24/05/18 23:47:42 INFO BlockManagerMasterEndpoint: BlockManagerMasterEndpoint up
[2024-05-18T23:47:42.345+0000] {spark_submit.py:571} INFO - 24/05/18 23:47:42 INFO SparkEnv: Registering BlockManagerMasterHeartbeat
[2024-05-18T23:47:42.629+0000] {spark_submit.py:571} INFO - 24/05/18 23:47:42 INFO DiskBlockManager: Created local directory at /tmp/blockmgr-03acb958-f472-4f74-bbbf-8b271659dd5c
[2024-05-18T23:47:42.972+0000] {spark_submit.py:571} INFO - 24/05/18 23:47:42 INFO MemoryStore: MemoryStore started with capacity 434.4 MiB
[2024-05-18T23:47:44.007+0000] {spark_submit.py:571} INFO - 24/05/18 23:47:43 INFO SparkEnv: Registering OutputCommitCoordinator
[2024-05-18T23:47:45.647+0000] {spark_submit.py:571} INFO - 24/05/18 23:47:45 INFO JettyUtils: Start Jetty 0.0.0.0:4040 for SparkUI
[2024-05-18T23:47:46.829+0000] {spark_submit.py:571} INFO - 24/05/18 23:47:46 WARN Utils: Service 'SparkUI' could not bind on port 4040. Attempting port 4041.
[2024-05-18T23:47:46.841+0000] {spark_submit.py:571} INFO - 24/05/18 23:47:46 WARN Utils: Service 'SparkUI' could not bind on port 4041. Attempting port 4042.
[2024-05-18T23:47:46.848+0000] {spark_submit.py:571} INFO - 24/05/18 23:47:46 WARN Utils: Service 'SparkUI' could not bind on port 4042. Attempting port 4043.
[2024-05-18T23:47:46.851+0000] {spark_submit.py:571} INFO - 24/05/18 23:47:46 WARN Utils: Service 'SparkUI' could not bind on port 4043. Attempting port 4044.
[2024-05-18T23:47:46.856+0000] {spark_submit.py:571} INFO - 24/05/18 23:47:46 WARN Utils: Service 'SparkUI' could not bind on port 4044. Attempting port 4045.
[2024-05-18T23:47:46.859+0000] {spark_submit.py:571} INFO - 24/05/18 23:47:46 WARN Utils: Service 'SparkUI' could not bind on port 4045. Attempting port 4046.
[2024-05-18T23:47:46.861+0000] {spark_submit.py:571} INFO - 24/05/18 23:47:46 WARN Utils: Service 'SparkUI' could not bind on port 4046. Attempting port 4047.
[2024-05-18T23:47:46.924+0000] {spark_submit.py:571} INFO - 24/05/18 23:47:46 INFO Utils: Successfully started service 'SparkUI' on port 4047.
[2024-05-18T23:47:47.271+0000] {spark_submit.py:571} INFO - 24/05/18 23:47:47 INFO SparkContext: Added JAR file:///home/***/.ivy2/jars/org.apache.spark_spark-sql-kafka-0-10_2.12-3.5.1.jar at spark://c0373bd0174c:40791/jars/org.apache.spark_spark-sql-kafka-0-10_2.12-3.5.1.jar with timestamp 1716076045714
[2024-05-18T23:47:47.330+0000] {spark_submit.py:571} INFO - 24/05/18 23:47:47 INFO SparkContext: Added JAR file:///home/***/.ivy2/jars/com.datastax.spark_spark-cassandra-connector_2.12-3.5.0.jar at spark://c0373bd0174c:40791/jars/com.datastax.spark_spark-cassandra-connector_2.12-3.5.0.jar with timestamp 1716076045714
[2024-05-18T23:47:47.334+0000] {spark_submit.py:571} INFO - 24/05/18 23:47:47 INFO SparkContext: Added JAR file:///home/***/.ivy2/jars/org.apache.kafka_kafka-clients-3.5.1.jar at spark://c0373bd0174c:40791/jars/org.apache.kafka_kafka-clients-3.5.1.jar with timestamp 1716076045714
[2024-05-18T23:47:47.339+0000] {spark_submit.py:571} INFO - 24/05/18 23:47:47 INFO SparkContext: Added JAR file:///home/***/.ivy2/jars/commons-logging_commons-logging-1.2.jar at spark://c0373bd0174c:40791/jars/commons-logging_commons-logging-1.2.jar with timestamp 1716076045714
[2024-05-18T23:47:47.347+0000] {spark_submit.py:571} INFO - 24/05/18 23:47:47 INFO SparkContext: Added JAR file:///home/***/.ivy2/jars/org.apache.spark_spark-token-provider-kafka-0-10_2.12-3.5.1.jar at spark://c0373bd0174c:40791/jars/org.apache.spark_spark-token-provider-kafka-0-10_2.12-3.5.1.jar with timestamp 1716076045714
[2024-05-18T23:47:47.360+0000] {spark_submit.py:571} INFO - 24/05/18 23:47:47 INFO SparkContext: Added JAR file:///home/***/.ivy2/jars/org.apache.commons_commons-pool2-2.11.1.jar at spark://c0373bd0174c:40791/jars/org.apache.commons_commons-pool2-2.11.1.jar with timestamp 1716076045714
[2024-05-18T23:47:47.372+0000] {spark_submit.py:571} INFO - 24/05/18 23:47:47 INFO SparkContext: Added JAR file:///home/***/.ivy2/jars/org.apache.hadoop_hadoop-client-runtime-3.3.4.jar at spark://c0373bd0174c:40791/jars/org.apache.hadoop_hadoop-client-runtime-3.3.4.jar with timestamp 1716076045714
[2024-05-18T23:47:47.375+0000] {spark_submit.py:571} INFO - 24/05/18 23:47:47 INFO SparkContext: Added JAR file:///home/***/.ivy2/jars/org.apache.hadoop_hadoop-client-api-3.3.4.jar at spark://c0373bd0174c:40791/jars/org.apache.hadoop_hadoop-client-api-3.3.4.jar with timestamp 1716076045714
[2024-05-18T23:47:47.376+0000] {spark_submit.py:571} INFO - 24/05/18 23:47:47 INFO SparkContext: Added JAR file:///home/***/.ivy2/jars/org.xerial.snappy_snappy-java-1.1.10.3.jar at spark://c0373bd0174c:40791/jars/org.xerial.snappy_snappy-java-1.1.10.3.jar with timestamp 1716076045714
[2024-05-18T23:47:47.377+0000] {spark_submit.py:571} INFO - 24/05/18 23:47:47 INFO SparkContext: Added JAR file:///home/***/.ivy2/jars/org.slf4j_slf4j-api-2.0.7.jar at spark://c0373bd0174c:40791/jars/org.slf4j_slf4j-api-2.0.7.jar with timestamp 1716076045714
[2024-05-18T23:47:47.382+0000] {spark_submit.py:571} INFO - 24/05/18 23:47:47 INFO SparkContext: Added JAR file:///home/***/.ivy2/jars/com.datastax.spark_spark-cassandra-connector-driver_2.12-3.5.0.jar at spark://c0373bd0174c:40791/jars/com.datastax.spark_spark-cassandra-connector-driver_2.12-3.5.0.jar with timestamp 1716076045714
[2024-05-18T23:47:47.386+0000] {spark_submit.py:571} INFO - 24/05/18 23:47:47 INFO SparkContext: Added JAR file:///home/***/.ivy2/jars/org.scala-lang.modules_scala-collection-compat_2.12-2.11.0.jar at spark://c0373bd0174c:40791/jars/org.scala-lang.modules_scala-collection-compat_2.12-2.11.0.jar with timestamp 1716076045714
[2024-05-18T23:47:47.393+0000] {spark_submit.py:571} INFO - 24/05/18 23:47:47 INFO SparkContext: Added JAR file:///home/***/.ivy2/jars/com.datastax.oss_java-driver-core-shaded-4.13.0.jar at spark://c0373bd0174c:40791/jars/com.datastax.oss_java-driver-core-shaded-4.13.0.jar with timestamp 1716076045714
[2024-05-18T23:47:47.399+0000] {spark_submit.py:571} INFO - 24/05/18 23:47:47 INFO SparkContext: Added JAR file:///home/***/.ivy2/jars/com.datastax.oss_java-driver-mapper-runtime-4.13.0.jar at spark://c0373bd0174c:40791/jars/com.datastax.oss_java-driver-mapper-runtime-4.13.0.jar with timestamp 1716076045714
[2024-05-18T23:47:47.408+0000] {spark_submit.py:571} INFO - 24/05/18 23:47:47 INFO SparkContext: Added JAR file:///home/***/.ivy2/jars/org.apache.commons_commons-lang3-3.10.jar at spark://c0373bd0174c:40791/jars/org.apache.commons_commons-lang3-3.10.jar with timestamp 1716076045714
[2024-05-18T23:47:47.410+0000] {spark_submit.py:571} INFO - 24/05/18 23:47:47 INFO SparkContext: Added JAR file:///home/***/.ivy2/jars/com.thoughtworks.paranamer_paranamer-2.8.jar at spark://c0373bd0174c:40791/jars/com.thoughtworks.paranamer_paranamer-2.8.jar with timestamp 1716076045714
[2024-05-18T23:47:47.417+0000] {spark_submit.py:571} INFO - 24/05/18 23:47:47 INFO SparkContext: Added JAR file:///home/***/.ivy2/jars/org.scala-lang_scala-reflect-2.12.11.jar at spark://c0373bd0174c:40791/jars/org.scala-lang_scala-reflect-2.12.11.jar with timestamp 1716076045714
[2024-05-18T23:47:47.420+0000] {spark_submit.py:571} INFO - 24/05/18 23:47:47 INFO SparkContext: Added JAR file:///home/***/.ivy2/jars/com.datastax.oss_native-protocol-1.5.0.jar at spark://c0373bd0174c:40791/jars/com.datastax.oss_native-protocol-1.5.0.jar with timestamp 1716076045714
[2024-05-18T23:47:47.431+0000] {spark_submit.py:571} INFO - 24/05/18 23:47:47 INFO SparkContext: Added JAR file:///home/***/.ivy2/jars/com.datastax.oss_java-driver-shaded-guava-25.1-jre-graal-sub-1.jar at spark://c0373bd0174c:40791/jars/com.datastax.oss_java-driver-shaded-guava-25.1-jre-graal-sub-1.jar with timestamp 1716076045714
[2024-05-18T23:47:47.437+0000] {spark_submit.py:571} INFO - 24/05/18 23:47:47 INFO SparkContext: Added JAR file:///home/***/.ivy2/jars/com.typesafe_config-1.4.1.jar at spark://c0373bd0174c:40791/jars/com.typesafe_config-1.4.1.jar with timestamp 1716076045714
[2024-05-18T23:47:47.439+0000] {spark_submit.py:571} INFO - 24/05/18 23:47:47 INFO SparkContext: Added JAR file:///home/***/.ivy2/jars/io.dropwizard.metrics_metrics-core-4.1.18.jar at spark://c0373bd0174c:40791/jars/io.dropwizard.metrics_metrics-core-4.1.18.jar with timestamp 1716076045714
[2024-05-18T23:47:47.440+0000] {spark_submit.py:571} INFO - 24/05/18 23:47:47 INFO SparkContext: Added JAR file:///home/***/.ivy2/jars/org.hdrhistogram_HdrHistogram-2.1.12.jar at spark://c0373bd0174c:40791/jars/org.hdrhistogram_HdrHistogram-2.1.12.jar with timestamp 1716076045714
[2024-05-18T23:47:47.444+0000] {spark_submit.py:571} INFO - 24/05/18 23:47:47 INFO SparkContext: Added JAR file:///home/***/.ivy2/jars/org.reactivestreams_reactive-streams-1.0.3.jar at spark://c0373bd0174c:40791/jars/org.reactivestreams_reactive-streams-1.0.3.jar with timestamp 1716076045714
[2024-05-18T23:47:47.452+0000] {spark_submit.py:571} INFO - 24/05/18 23:47:47 INFO SparkContext: Added JAR file:///home/***/.ivy2/jars/com.github.stephenc.jcip_jcip-annotations-1.0-1.jar at spark://c0373bd0174c:40791/jars/com.github.stephenc.jcip_jcip-annotations-1.0-1.jar with timestamp 1716076045714
[2024-05-18T23:47:47.454+0000] {spark_submit.py:571} INFO - 24/05/18 23:47:47 INFO SparkContext: Added JAR file:///home/***/.ivy2/jars/com.github.spotbugs_spotbugs-annotations-3.1.12.jar at spark://c0373bd0174c:40791/jars/com.github.spotbugs_spotbugs-annotations-3.1.12.jar with timestamp 1716076045714
[2024-05-18T23:47:47.456+0000] {spark_submit.py:571} INFO - 24/05/18 23:47:47 INFO SparkContext: Added JAR file:///home/***/.ivy2/jars/com.google.code.findbugs_jsr305-3.0.2.jar at spark://c0373bd0174c:40791/jars/com.google.code.findbugs_jsr305-3.0.2.jar with timestamp 1716076045714
[2024-05-18T23:47:47.464+0000] {spark_submit.py:571} INFO - 24/05/18 23:47:47 INFO SparkContext: Added JAR file:///home/***/.ivy2/jars/com.datastax.oss_java-driver-query-builder-4.13.0.jar at spark://c0373bd0174c:40791/jars/com.datastax.oss_java-driver-query-builder-4.13.0.jar with timestamp 1716076045714
[2024-05-18T23:47:47.470+0000] {spark_submit.py:571} INFO - 24/05/18 23:47:47 INFO SparkContext: Added JAR file:///home/***/.ivy2/jars/com.github.luben_zstd-jni-1.5.5-1.jar at spark://c0373bd0174c:40791/jars/com.github.luben_zstd-jni-1.5.5-1.jar with timestamp 1716076045714
[2024-05-18T23:47:47.475+0000] {spark_submit.py:571} INFO - 24/05/18 23:47:47 INFO SparkContext: Added JAR file:///home/***/.ivy2/jars/org.lz4_lz4-java-1.8.0.jar at spark://c0373bd0174c:40791/jars/org.lz4_lz4-java-1.8.0.jar with timestamp 1716076045714
[2024-05-18T23:47:47.530+0000] {spark_submit.py:571} INFO - 24/05/18 23:47:47 INFO SparkContext: Added file file:///home/***/.ivy2/jars/org.apache.spark_spark-sql-kafka-0-10_2.12-3.5.1.jar at spark://c0373bd0174c:40791/files/org.apache.spark_spark-sql-kafka-0-10_2.12-3.5.1.jar with timestamp 1716076045714
[2024-05-18T23:47:47.546+0000] {spark_submit.py:571} INFO - 24/05/18 23:47:47 INFO Utils: Copying /home/***/.ivy2/jars/org.apache.spark_spark-sql-kafka-0-10_2.12-3.5.1.jar to /tmp/spark-6e084f31-f0dd-4b09-9ab4-1b2233b9597b/userFiles-f7801a7c-03cd-4119-9073-9ff225dac48a/org.apache.spark_spark-sql-kafka-0-10_2.12-3.5.1.jar
[2024-05-18T23:47:47.910+0000] {spark_submit.py:571} INFO - 24/05/18 23:47:47 INFO SparkContext: Added file file:///home/***/.ivy2/jars/com.datastax.spark_spark-cassandra-connector_2.12-3.5.0.jar at spark://c0373bd0174c:40791/files/com.datastax.spark_spark-cassandra-connector_2.12-3.5.0.jar with timestamp 1716076045714
[2024-05-18T23:47:47.954+0000] {spark_submit.py:571} INFO - 24/05/18 23:47:47 INFO Utils: Copying /home/***/.ivy2/jars/com.datastax.spark_spark-cassandra-connector_2.12-3.5.0.jar to /tmp/spark-6e084f31-f0dd-4b09-9ab4-1b2233b9597b/userFiles-f7801a7c-03cd-4119-9073-9ff225dac48a/com.datastax.spark_spark-cassandra-connector_2.12-3.5.0.jar
[2024-05-18T23:47:48.137+0000] {spark_submit.py:571} INFO - 24/05/18 23:47:48 INFO SparkContext: Added file file:///home/***/.ivy2/jars/org.apache.kafka_kafka-clients-3.5.1.jar at spark://c0373bd0174c:40791/files/org.apache.kafka_kafka-clients-3.5.1.jar with timestamp 1716076045714
[2024-05-18T23:47:48.144+0000] {spark_submit.py:571} INFO - 24/05/18 23:47:48 INFO Utils: Copying /home/***/.ivy2/jars/org.apache.kafka_kafka-clients-3.5.1.jar to /tmp/spark-6e084f31-f0dd-4b09-9ab4-1b2233b9597b/userFiles-f7801a7c-03cd-4119-9073-9ff225dac48a/org.apache.kafka_kafka-clients-3.5.1.jar
[2024-05-18T23:47:51.392+0000] {spark_submit.py:571} INFO - 24/05/18 23:47:51 INFO SparkContext: Added file file:///home/***/.ivy2/jars/commons-logging_commons-logging-1.2.jar at spark://c0373bd0174c:40791/files/commons-logging_commons-logging-1.2.jar with timestamp 1716076045714
[2024-05-18T23:47:51.419+0000] {spark_submit.py:571} INFO - 24/05/18 23:47:51 INFO Utils: Copying /home/***/.ivy2/jars/commons-logging_commons-logging-1.2.jar to /tmp/spark-6e084f31-f0dd-4b09-9ab4-1b2233b9597b/userFiles-f7801a7c-03cd-4119-9073-9ff225dac48a/commons-logging_commons-logging-1.2.jar
[2024-05-18T23:47:51.481+0000] {spark_submit.py:571} INFO - 24/05/18 23:47:51 INFO SparkContext: Added file file:///home/***/.ivy2/jars/org.apache.spark_spark-token-provider-kafka-0-10_2.12-3.5.1.jar at spark://c0373bd0174c:40791/files/org.apache.spark_spark-token-provider-kafka-0-10_2.12-3.5.1.jar with timestamp 1716076045714
[2024-05-18T23:47:51.490+0000] {spark_submit.py:571} INFO - 24/05/18 23:47:51 INFO Utils: Copying /home/***/.ivy2/jars/org.apache.spark_spark-token-provider-kafka-0-10_2.12-3.5.1.jar to /tmp/spark-6e084f31-f0dd-4b09-9ab4-1b2233b9597b/userFiles-f7801a7c-03cd-4119-9073-9ff225dac48a/org.apache.spark_spark-token-provider-kafka-0-10_2.12-3.5.1.jar
[2024-05-18T23:47:51.561+0000] {spark_submit.py:571} INFO - 24/05/18 23:47:51 INFO SparkContext: Added file file:///home/***/.ivy2/jars/org.apache.commons_commons-pool2-2.11.1.jar at spark://c0373bd0174c:40791/files/org.apache.commons_commons-pool2-2.11.1.jar with timestamp 1716076045714
[2024-05-18T23:47:51.562+0000] {spark_submit.py:571} INFO - 24/05/18 23:47:51 INFO Utils: Copying /home/***/.ivy2/jars/org.apache.commons_commons-pool2-2.11.1.jar to /tmp/spark-6e084f31-f0dd-4b09-9ab4-1b2233b9597b/userFiles-f7801a7c-03cd-4119-9073-9ff225dac48a/org.apache.commons_commons-pool2-2.11.1.jar
[2024-05-18T23:47:51.618+0000] {spark_submit.py:571} INFO - 24/05/18 23:47:51 INFO SparkContext: Added file file:///home/***/.ivy2/jars/org.apache.hadoop_hadoop-client-runtime-3.3.4.jar at spark://c0373bd0174c:40791/files/org.apache.hadoop_hadoop-client-runtime-3.3.4.jar with timestamp 1716076045714
[2024-05-18T23:47:51.619+0000] {spark_submit.py:571} INFO - 24/05/18 23:47:51 INFO Utils: Copying /home/***/.ivy2/jars/org.apache.hadoop_hadoop-client-runtime-3.3.4.jar to /tmp/spark-6e084f31-f0dd-4b09-9ab4-1b2233b9597b/userFiles-f7801a7c-03cd-4119-9073-9ff225dac48a/org.apache.hadoop_hadoop-client-runtime-3.3.4.jar
[2024-05-18T23:47:55.181+0000] {spark_submit.py:571} INFO - 24/05/18 23:47:55 INFO SparkContext: Added file file:///home/***/.ivy2/jars/org.apache.hadoop_hadoop-client-api-3.3.4.jar at spark://c0373bd0174c:40791/files/org.apache.hadoop_hadoop-client-api-3.3.4.jar with timestamp 1716076045714
[2024-05-18T23:47:55.550+0000] {spark_submit.py:571} INFO - 24/05/18 23:47:55 INFO Utils: Copying /home/***/.ivy2/jars/org.apache.hadoop_hadoop-client-api-3.3.4.jar to /tmp/spark-6e084f31-f0dd-4b09-9ab4-1b2233b9597b/userFiles-f7801a7c-03cd-4119-9073-9ff225dac48a/org.apache.hadoop_hadoop-client-api-3.3.4.jar
[2024-05-18T23:48:03.922+0000] {spark_submit.py:571} INFO - 24/05/18 23:48:03 INFO SparkContext: Added file file:///home/***/.ivy2/jars/org.xerial.snappy_snappy-java-1.1.10.3.jar at spark://c0373bd0174c:40791/files/org.xerial.snappy_snappy-java-1.1.10.3.jar with timestamp 1716076045714
[2024-05-18T23:48:03.950+0000] {spark_submit.py:571} INFO - 24/05/18 23:48:03 INFO Utils: Copying /home/***/.ivy2/jars/org.xerial.snappy_snappy-java-1.1.10.3.jar to /tmp/spark-6e084f31-f0dd-4b09-9ab4-1b2233b9597b/userFiles-f7801a7c-03cd-4119-9073-9ff225dac48a/org.xerial.snappy_snappy-java-1.1.10.3.jar
[2024-05-18T23:48:04.513+0000] {spark_submit.py:571} INFO - 24/05/18 23:48:04 INFO SparkContext: Added file file:///home/***/.ivy2/jars/org.slf4j_slf4j-api-2.0.7.jar at spark://c0373bd0174c:40791/files/org.slf4j_slf4j-api-2.0.7.jar with timestamp 1716076045714
[2024-05-18T23:48:04.532+0000] {spark_submit.py:571} INFO - 24/05/18 23:48:04 INFO Utils: Copying /home/***/.ivy2/jars/org.slf4j_slf4j-api-2.0.7.jar to /tmp/spark-6e084f31-f0dd-4b09-9ab4-1b2233b9597b/userFiles-f7801a7c-03cd-4119-9073-9ff225dac48a/org.slf4j_slf4j-api-2.0.7.jar
[2024-05-18T23:48:05.688+0000] {spark_submit.py:571} INFO - 24/05/18 23:48:05 INFO SparkContext: Added file file:///home/***/.ivy2/jars/com.datastax.spark_spark-cassandra-connector-driver_2.12-3.5.0.jar at spark://c0373bd0174c:40791/files/com.datastax.spark_spark-cassandra-connector-driver_2.12-3.5.0.jar with timestamp 1716076045714
[2024-05-18T23:48:05.765+0000] {spark_submit.py:571} INFO - 24/05/18 23:48:05 INFO Utils: Copying /home/***/.ivy2/jars/com.datastax.spark_spark-cassandra-connector-driver_2.12-3.5.0.jar to /tmp/spark-6e084f31-f0dd-4b09-9ab4-1b2233b9597b/userFiles-f7801a7c-03cd-4119-9073-9ff225dac48a/com.datastax.spark_spark-cassandra-connector-driver_2.12-3.5.0.jar
[2024-05-18T23:48:05.937+0000] {spark_submit.py:571} INFO - 24/05/18 23:48:05 INFO SparkContext: Added file file:///home/***/.ivy2/jars/org.scala-lang.modules_scala-collection-compat_2.12-2.11.0.jar at spark://c0373bd0174c:40791/files/org.scala-lang.modules_scala-collection-compat_2.12-2.11.0.jar with timestamp 1716076045714
[2024-05-18T23:48:05.948+0000] {spark_submit.py:571} INFO - 24/05/18 23:48:05 INFO Utils: Copying /home/***/.ivy2/jars/org.scala-lang.modules_scala-collection-compat_2.12-2.11.0.jar to /tmp/spark-6e084f31-f0dd-4b09-9ab4-1b2233b9597b/userFiles-f7801a7c-03cd-4119-9073-9ff225dac48a/org.scala-lang.modules_scala-collection-compat_2.12-2.11.0.jar
[2024-05-18T23:48:06.020+0000] {spark_submit.py:571} INFO - 24/05/18 23:48:06 INFO SparkContext: Added file file:///home/***/.ivy2/jars/com.datastax.oss_java-driver-core-shaded-4.13.0.jar at spark://c0373bd0174c:40791/files/com.datastax.oss_java-driver-core-shaded-4.13.0.jar with timestamp 1716076045714
[2024-05-18T23:48:06.029+0000] {spark_submit.py:571} INFO - 24/05/18 23:48:06 INFO Utils: Copying /home/***/.ivy2/jars/com.datastax.oss_java-driver-core-shaded-4.13.0.jar to /tmp/spark-6e084f31-f0dd-4b09-9ab4-1b2233b9597b/userFiles-f7801a7c-03cd-4119-9073-9ff225dac48a/com.datastax.oss_java-driver-core-shaded-4.13.0.jar
[2024-05-18T23:48:06.761+0000] {spark_submit.py:571} INFO - 24/05/18 23:48:06 INFO SparkContext: Added file file:///home/***/.ivy2/jars/com.datastax.oss_java-driver-mapper-runtime-4.13.0.jar at spark://c0373bd0174c:40791/files/com.datastax.oss_java-driver-mapper-runtime-4.13.0.jar with timestamp 1716076045714
[2024-05-18T23:48:06.890+0000] {spark_submit.py:571} INFO - 24/05/18 23:48:06 INFO Utils: Copying /home/***/.ivy2/jars/com.datastax.oss_java-driver-mapper-runtime-4.13.0.jar to /tmp/spark-6e084f31-f0dd-4b09-9ab4-1b2233b9597b/userFiles-f7801a7c-03cd-4119-9073-9ff225dac48a/com.datastax.oss_java-driver-mapper-runtime-4.13.0.jar
[2024-05-18T23:48:06.929+0000] {spark_submit.py:571} INFO - 24/05/18 23:48:06 INFO SparkContext: Added file file:///home/***/.ivy2/jars/org.apache.commons_commons-lang3-3.10.jar at spark://c0373bd0174c:40791/files/org.apache.commons_commons-lang3-3.10.jar with timestamp 1716076045714
[2024-05-18T23:48:06.938+0000] {spark_submit.py:571} INFO - 24/05/18 23:48:06 INFO Utils: Copying /home/***/.ivy2/jars/org.apache.commons_commons-lang3-3.10.jar to /tmp/spark-6e084f31-f0dd-4b09-9ab4-1b2233b9597b/userFiles-f7801a7c-03cd-4119-9073-9ff225dac48a/org.apache.commons_commons-lang3-3.10.jar
[2024-05-18T23:48:06.980+0000] {spark_submit.py:571} INFO - 24/05/18 23:48:06 INFO SparkContext: Added file file:///home/***/.ivy2/jars/com.thoughtworks.paranamer_paranamer-2.8.jar at spark://c0373bd0174c:40791/files/com.thoughtworks.paranamer_paranamer-2.8.jar with timestamp 1716076045714
[2024-05-18T23:48:06.982+0000] {spark_submit.py:571} INFO - 24/05/18 23:48:06 INFO Utils: Copying /home/***/.ivy2/jars/com.thoughtworks.paranamer_paranamer-2.8.jar to /tmp/spark-6e084f31-f0dd-4b09-9ab4-1b2233b9597b/userFiles-f7801a7c-03cd-4119-9073-9ff225dac48a/com.thoughtworks.paranamer_paranamer-2.8.jar
[2024-05-18T23:48:08.679+0000] {spark_submit.py:571} INFO - 24/05/18 23:48:08 INFO SparkContext: Added file file:///home/***/.ivy2/jars/org.scala-lang_scala-reflect-2.12.11.jar at spark://c0373bd0174c:40791/files/org.scala-lang_scala-reflect-2.12.11.jar with timestamp 1716076045714
[2024-05-18T23:48:08.701+0000] {spark_submit.py:571} INFO - 24/05/18 23:48:08 INFO Utils: Copying /home/***/.ivy2/jars/org.scala-lang_scala-reflect-2.12.11.jar to /tmp/spark-6e084f31-f0dd-4b09-9ab4-1b2233b9597b/userFiles-f7801a7c-03cd-4119-9073-9ff225dac48a/org.scala-lang_scala-reflect-2.12.11.jar
[2024-05-18T23:48:09.319+0000] {spark_submit.py:571} INFO - 24/05/18 23:48:09 INFO SparkContext: Added file file:///home/***/.ivy2/jars/com.datastax.oss_native-protocol-1.5.0.jar at spark://c0373bd0174c:40791/files/com.datastax.oss_native-protocol-1.5.0.jar with timestamp 1716076045714
[2024-05-18T23:48:09.324+0000] {spark_submit.py:571} INFO - 24/05/18 23:48:09 INFO Utils: Copying /home/***/.ivy2/jars/com.datastax.oss_native-protocol-1.5.0.jar to /tmp/spark-6e084f31-f0dd-4b09-9ab4-1b2233b9597b/userFiles-f7801a7c-03cd-4119-9073-9ff225dac48a/com.datastax.oss_native-protocol-1.5.0.jar
[2024-05-18T23:48:09.458+0000] {spark_submit.py:571} INFO - 24/05/18 23:48:09 INFO SparkContext: Added file file:///home/***/.ivy2/jars/com.datastax.oss_java-driver-shaded-guava-25.1-jre-graal-sub-1.jar at spark://c0373bd0174c:40791/files/com.datastax.oss_java-driver-shaded-guava-25.1-jre-graal-sub-1.jar with timestamp 1716076045714
[2024-05-18T23:48:09.483+0000] {spark_submit.py:571} INFO - 24/05/18 23:48:09 INFO Utils: Copying /home/***/.ivy2/jars/com.datastax.oss_java-driver-shaded-guava-25.1-jre-graal-sub-1.jar to /tmp/spark-6e084f31-f0dd-4b09-9ab4-1b2233b9597b/userFiles-f7801a7c-03cd-4119-9073-9ff225dac48a/com.datastax.oss_java-driver-shaded-guava-25.1-jre-graal-sub-1.jar
[2024-05-18T23:48:09.636+0000] {spark_submit.py:571} INFO - 24/05/18 23:48:09 INFO SparkContext: Added file file:///home/***/.ivy2/jars/com.typesafe_config-1.4.1.jar at spark://c0373bd0174c:40791/files/com.typesafe_config-1.4.1.jar with timestamp 1716076045714
[2024-05-18T23:48:09.656+0000] {spark_submit.py:571} INFO - 24/05/18 23:48:09 INFO Utils: Copying /home/***/.ivy2/jars/com.typesafe_config-1.4.1.jar to /tmp/spark-6e084f31-f0dd-4b09-9ab4-1b2233b9597b/userFiles-f7801a7c-03cd-4119-9073-9ff225dac48a/com.typesafe_config-1.4.1.jar
[2024-05-18T23:48:09.662+0000] {spark_submit.py:571} INFO - 24/05/18 23:48:09 INFO SparkContext: Added file file:///home/***/.ivy2/jars/io.dropwizard.metrics_metrics-core-4.1.18.jar at spark://c0373bd0174c:40791/files/io.dropwizard.metrics_metrics-core-4.1.18.jar with timestamp 1716076045714
[2024-05-18T23:48:09.672+0000] {spark_submit.py:571} INFO - 24/05/18 23:48:09 INFO Utils: Copying /home/***/.ivy2/jars/io.dropwizard.metrics_metrics-core-4.1.18.jar to /tmp/spark-6e084f31-f0dd-4b09-9ab4-1b2233b9597b/userFiles-f7801a7c-03cd-4119-9073-9ff225dac48a/io.dropwizard.metrics_metrics-core-4.1.18.jar
[2024-05-18T23:48:09.683+0000] {spark_submit.py:571} INFO - 24/05/18 23:48:09 INFO SparkContext: Added file file:///home/***/.ivy2/jars/org.hdrhistogram_HdrHistogram-2.1.12.jar at spark://c0373bd0174c:40791/files/org.hdrhistogram_HdrHistogram-2.1.12.jar with timestamp 1716076045714
[2024-05-18T23:48:09.688+0000] {spark_submit.py:571} INFO - 24/05/18 23:48:09 INFO Utils: Copying /home/***/.ivy2/jars/org.hdrhistogram_HdrHistogram-2.1.12.jar to /tmp/spark-6e084f31-f0dd-4b09-9ab4-1b2233b9597b/userFiles-f7801a7c-03cd-4119-9073-9ff225dac48a/org.hdrhistogram_HdrHistogram-2.1.12.jar
[2024-05-18T23:48:09.710+0000] {spark_submit.py:571} INFO - 24/05/18 23:48:09 INFO SparkContext: Added file file:///home/***/.ivy2/jars/org.reactivestreams_reactive-streams-1.0.3.jar at spark://c0373bd0174c:40791/files/org.reactivestreams_reactive-streams-1.0.3.jar with timestamp 1716076045714
[2024-05-18T23:48:09.716+0000] {spark_submit.py:571} INFO - 24/05/18 23:48:09 INFO Utils: Copying /home/***/.ivy2/jars/org.reactivestreams_reactive-streams-1.0.3.jar to /tmp/spark-6e084f31-f0dd-4b09-9ab4-1b2233b9597b/userFiles-f7801a7c-03cd-4119-9073-9ff225dac48a/org.reactivestreams_reactive-streams-1.0.3.jar
[2024-05-18T23:48:09.744+0000] {spark_submit.py:571} INFO - 24/05/18 23:48:09 INFO SparkContext: Added file file:///home/***/.ivy2/jars/com.github.stephenc.jcip_jcip-annotations-1.0-1.jar at spark://c0373bd0174c:40791/files/com.github.stephenc.jcip_jcip-annotations-1.0-1.jar with timestamp 1716076045714
[2024-05-18T23:48:09.756+0000] {spark_submit.py:571} INFO - 24/05/18 23:48:09 INFO Utils: Copying /home/***/.ivy2/jars/com.github.stephenc.jcip_jcip-annotations-1.0-1.jar to /tmp/spark-6e084f31-f0dd-4b09-9ab4-1b2233b9597b/userFiles-f7801a7c-03cd-4119-9073-9ff225dac48a/com.github.stephenc.jcip_jcip-annotations-1.0-1.jar
[2024-05-18T23:48:09.778+0000] {spark_submit.py:571} INFO - 24/05/18 23:48:09 INFO SparkContext: Added file file:///home/***/.ivy2/jars/com.github.spotbugs_spotbugs-annotations-3.1.12.jar at spark://c0373bd0174c:40791/files/com.github.spotbugs_spotbugs-annotations-3.1.12.jar with timestamp 1716076045714
[2024-05-18T23:48:09.778+0000] {spark_submit.py:571} INFO - 24/05/18 23:48:09 INFO Utils: Copying /home/***/.ivy2/jars/com.github.spotbugs_spotbugs-annotations-3.1.12.jar to /tmp/spark-6e084f31-f0dd-4b09-9ab4-1b2233b9597b/userFiles-f7801a7c-03cd-4119-9073-9ff225dac48a/com.github.spotbugs_spotbugs-annotations-3.1.12.jar
[2024-05-18T23:48:09.826+0000] {spark_submit.py:571} INFO - 24/05/18 23:48:09 INFO SparkContext: Added file file:///home/***/.ivy2/jars/com.google.code.findbugs_jsr305-3.0.2.jar at spark://c0373bd0174c:40791/files/com.google.code.findbugs_jsr305-3.0.2.jar with timestamp 1716076045714
[2024-05-18T23:48:09.830+0000] {spark_submit.py:571} INFO - 24/05/18 23:48:09 INFO Utils: Copying /home/***/.ivy2/jars/com.google.code.findbugs_jsr305-3.0.2.jar to /tmp/spark-6e084f31-f0dd-4b09-9ab4-1b2233b9597b/userFiles-f7801a7c-03cd-4119-9073-9ff225dac48a/com.google.code.findbugs_jsr305-3.0.2.jar
[2024-05-18T23:48:09.885+0000] {spark_submit.py:571} INFO - 24/05/18 23:48:09 INFO SparkContext: Added file file:///home/***/.ivy2/jars/com.datastax.oss_java-driver-query-builder-4.13.0.jar at spark://c0373bd0174c:40791/files/com.datastax.oss_java-driver-query-builder-4.13.0.jar with timestamp 1716076045714
[2024-05-18T23:48:09.886+0000] {spark_submit.py:571} INFO - 24/05/18 23:48:09 INFO Utils: Copying /home/***/.ivy2/jars/com.datastax.oss_java-driver-query-builder-4.13.0.jar to /tmp/spark-6e084f31-f0dd-4b09-9ab4-1b2233b9597b/userFiles-f7801a7c-03cd-4119-9073-9ff225dac48a/com.datastax.oss_java-driver-query-builder-4.13.0.jar
[2024-05-18T23:48:09.936+0000] {spark_submit.py:571} INFO - 24/05/18 23:48:09 INFO SparkContext: Added file file:///home/***/.ivy2/jars/com.github.luben_zstd-jni-1.5.5-1.jar at spark://c0373bd0174c:40791/files/com.github.luben_zstd-jni-1.5.5-1.jar with timestamp 1716076045714
[2024-05-18T23:48:09.939+0000] {spark_submit.py:571} INFO - 24/05/18 23:48:09 INFO Utils: Copying /home/***/.ivy2/jars/com.github.luben_zstd-jni-1.5.5-1.jar to /tmp/spark-6e084f31-f0dd-4b09-9ab4-1b2233b9597b/userFiles-f7801a7c-03cd-4119-9073-9ff225dac48a/com.github.luben_zstd-jni-1.5.5-1.jar
[2024-05-18T23:48:10.419+0000] {spark_submit.py:571} INFO - 24/05/18 23:48:10 INFO SparkContext: Added file file:///home/***/.ivy2/jars/org.lz4_lz4-java-1.8.0.jar at spark://c0373bd0174c:40791/files/org.lz4_lz4-java-1.8.0.jar with timestamp 1716076045714
[2024-05-18T23:48:10.466+0000] {spark_submit.py:571} INFO - 24/05/18 23:48:10 INFO Utils: Copying /home/***/.ivy2/jars/org.lz4_lz4-java-1.8.0.jar to /tmp/spark-6e084f31-f0dd-4b09-9ab4-1b2233b9597b/userFiles-f7801a7c-03cd-4119-9073-9ff225dac48a/org.lz4_lz4-java-1.8.0.jar
[2024-05-18T23:48:26.696+0000] {spark_submit.py:571} INFO - 24/05/18 23:48:26 INFO StandaloneAppClient$ClientEndpoint: Connecting to master spark://spark-master:7077...
[2024-05-18T23:48:40.271+0000] {spark_submit.py:571} INFO - 24/05/18 23:48:40 INFO TransportClientFactory: Successfully created connection to spark-master/192.168.16.3:7077 after 9321 ms (26 ms spent in bootstraps)
[2024-05-18T23:49:02.623+0000] {local_task_job_runner.py:124} ERROR - Received SIGTERM. Terminating subprocesses
[2024-05-18T23:49:08.472+0000] {process_utils.py:132} INFO - Sending 15 to group 2583. PIDs of all processes in the group: [2589, 3192, 2583]
[2024-05-18T23:49:09.266+0000] {process_utils.py:87} INFO - Sending the signal 15 to group 2583
