[2024-05-18T23:37:19.876+0000] {local_task_job_runner.py:120} INFO - ::group::Pre task execution logs
[2024-05-18T23:37:20.263+0000] {taskinstance.py:2076} INFO - Dependencies all met for dep_context=non-requeueable deps ti=<TaskInstance: Real_Estate_Webscraping_ETL.Process_and_Send_Data_to_DB scheduled__2024-05-14T01:30:00+00:00 [queued]>
[2024-05-18T23:37:20.329+0000] {taskinstance.py:2076} INFO - Dependencies all met for dep_context=requeueable deps ti=<TaskInstance: Real_Estate_Webscraping_ETL.Process_and_Send_Data_to_DB scheduled__2024-05-14T01:30:00+00:00 [queued]>
[2024-05-18T23:37:20.338+0000] {taskinstance.py:2306} INFO - Starting attempt 1 of 6
[2024-05-18T23:37:20.411+0000] {taskinstance.py:2330} INFO - Executing <Task(SparkSubmitOperator): Process_and_Send_Data_to_DB> on 2024-05-14 01:30:00+00:00
[2024-05-18T23:37:20.486+0000] {standard_task_runner.py:63} INFO - Started process 1910 to run task
[2024-05-18T23:37:20.594+0000] {standard_task_runner.py:90} INFO - Running: ['***', 'tasks', 'run', 'Real_Estate_Webscraping_ETL', 'Process_and_Send_Data_to_DB', 'scheduled__2024-05-14T01:30:00+00:00', '--job-id', '349', '--raw', '--subdir', 'DAGS_FOLDER/webscrapping.py', '--cfg-path', '/tmp/tmpav5nl0cj']
[2024-05-18T23:37:20.659+0000] {standard_task_runner.py:91} INFO - Job 349: Subtask Process_and_Send_Data_to_DB
[2024-05-18T23:37:22.580+0000] {task_command.py:426} INFO - Running <TaskInstance: Real_Estate_Webscraping_ETL.Process_and_Send_Data_to_DB scheduled__2024-05-14T01:30:00+00:00 [running]> on host c0373bd0174c
[2024-05-18T23:37:23.979+0000] {taskinstance.py:2648} INFO - Exporting env vars: AIRFLOW_CTX_DAG_OWNER='svc' AIRFLOW_CTX_DAG_ID='Real_Estate_Webscraping_ETL' AIRFLOW_CTX_TASK_ID='Process_and_Send_Data_to_DB' AIRFLOW_CTX_EXECUTION_DATE='2024-05-14T01:30:00+00:00' AIRFLOW_CTX_TRY_NUMBER='1' AIRFLOW_CTX_DAG_RUN_ID='scheduled__2024-05-14T01:30:00+00:00'
[2024-05-18T23:37:24.074+0000] {taskinstance.py:430} INFO - ::endgroup::
[2024-05-18T23:37:24.401+0000] {base.py:84} INFO - Using connection ID 'spark_default' for task execution.
[2024-05-18T23:37:24.421+0000] {spark_submit.py:401} INFO - Spark-Submit cmd: spark-submit --master spark://spark-master:7077 --packages org.apache.spark:spark-sql-kafka-0-10_2.12:3.5.1,com.datastax.spark:spark-cassandra-connector_2.12:3.5.0,org.apache.kafka:kafka-clients:3.5.1,commons-logging:commons-logging:1.2 --name arrow-spark --deploy-mode client dags/includes/jobs/spark_consumer.py
[2024-05-18T23:37:25.471+0000] {spark_submit.py:571} INFO - /home/***/.local/lib/python3.11/site-packages/pyspark/bin/load-spark-env.sh: line 68: ps: command not found
[2024-05-18T23:37:43.640+0000] {spark_submit.py:571} INFO - :: loading settings :: url = jar:file:/home/***/.local/lib/python3.11/site-packages/pyspark/jars/ivy-2.5.1.jar!/org/apache/ivy/core/settings/ivysettings.xml
[2024-05-18T23:37:44.109+0000] {spark_submit.py:571} INFO - Ivy Default Cache set to: /home/***/.ivy2/cache
[2024-05-18T23:37:44.110+0000] {spark_submit.py:571} INFO - The jars for the packages stored in: /home/***/.ivy2/jars
[2024-05-18T23:37:44.114+0000] {spark_submit.py:571} INFO - org.apache.spark#spark-sql-kafka-0-10_2.12 added as a dependency
[2024-05-18T23:37:44.118+0000] {spark_submit.py:571} INFO - com.datastax.spark#spark-cassandra-connector_2.12 added as a dependency
[2024-05-18T23:37:44.119+0000] {spark_submit.py:571} INFO - org.apache.kafka#kafka-clients added as a dependency
[2024-05-18T23:37:44.120+0000] {spark_submit.py:571} INFO - commons-logging#commons-logging added as a dependency
[2024-05-18T23:37:44.121+0000] {spark_submit.py:571} INFO - :: resolving dependencies :: org.apache.spark#spark-submit-parent-47996663-5359-450a-a1e5-ed6cdf1d9ecd;1.0
[2024-05-18T23:37:44.121+0000] {spark_submit.py:571} INFO - confs: [default]
[2024-05-18T23:37:44.875+0000] {spark_submit.py:571} INFO - found org.apache.spark#spark-sql-kafka-0-10_2.12;3.5.1 in spark-list
[2024-05-18T23:37:45.093+0000] {spark_submit.py:571} INFO - found org.apache.spark#spark-token-provider-kafka-0-10_2.12;3.5.1 in central
[2024-05-18T23:37:45.289+0000] {spark_submit.py:571} INFO - found org.apache.hadoop#hadoop-client-runtime;3.3.4 in central
[2024-05-18T23:37:45.455+0000] {spark_submit.py:571} INFO - found org.apache.hadoop#hadoop-client-api;3.3.4 in central
[2024-05-18T23:37:45.538+0000] {spark_submit.py:571} INFO - found org.xerial.snappy#snappy-java;1.1.10.3 in central
[2024-05-18T23:37:45.572+0000] {spark_submit.py:571} INFO - found org.slf4j#slf4j-api;2.0.7 in central
[2024-05-18T23:37:45.610+0000] {spark_submit.py:571} INFO - found com.google.code.findbugs#jsr305;3.0.0 in central
[2024-05-18T23:37:45.662+0000] {spark_submit.py:571} INFO - found org.apache.commons#commons-pool2;2.11.1 in central
[2024-05-18T23:37:45.683+0000] {spark_submit.py:571} INFO - found com.datastax.spark#spark-cassandra-connector_2.12;3.5.0 in central
[2024-05-18T23:37:45.700+0000] {spark_submit.py:571} INFO - found com.datastax.spark#spark-cassandra-connector-driver_2.12;3.5.0 in central
[2024-05-18T23:37:45.730+0000] {spark_submit.py:571} INFO - found org.scala-lang.modules#scala-collection-compat_2.12;2.11.0 in central
[2024-05-18T23:37:45.790+0000] {spark_submit.py:571} INFO - found com.datastax.oss#java-driver-core-shaded;4.13.0 in central
[2024-05-18T23:37:45.810+0000] {spark_submit.py:571} INFO - found com.datastax.oss#native-protocol;1.5.0 in central
[2024-05-18T23:37:45.856+0000] {spark_submit.py:571} INFO - found com.datastax.oss#java-driver-shaded-guava;25.1-jre-graal-sub-1 in central
[2024-05-18T23:37:45.878+0000] {spark_submit.py:571} INFO - found com.typesafe#config;1.4.1 in central
[2024-05-18T23:37:45.949+0000] {spark_submit.py:571} INFO - found io.dropwizard.metrics#metrics-core;4.1.18 in central
[2024-05-18T23:37:46.044+0000] {spark_submit.py:571} INFO - found org.hdrhistogram#HdrHistogram;2.1.12 in central
[2024-05-18T23:37:46.352+0000] {spark_submit.py:571} INFO - found org.reactivestreams#reactive-streams;1.0.3 in central
[2024-05-18T23:37:46.816+0000] {spark_submit.py:571} INFO - found com.github.stephenc.jcip#jcip-annotations;1.0-1 in central
[2024-05-18T23:37:46.861+0000] {spark_submit.py:571} INFO - found com.github.spotbugs#spotbugs-annotations;3.1.12 in central
[2024-05-18T23:37:46.884+0000] {spark_submit.py:571} INFO - found com.google.code.findbugs#jsr305;3.0.2 in central
[2024-05-18T23:37:46.915+0000] {spark_submit.py:571} INFO - found com.datastax.oss#java-driver-mapper-runtime;4.13.0 in central
[2024-05-18T23:37:46.970+0000] {spark_submit.py:571} INFO - found com.datastax.oss#java-driver-query-builder;4.13.0 in central
[2024-05-18T23:37:47.136+0000] {spark_submit.py:571} INFO - found org.apache.commons#commons-lang3;3.10 in central
[2024-05-18T23:37:47.216+0000] {spark_submit.py:571} INFO - found com.thoughtworks.paranamer#paranamer;2.8 in central
[2024-05-18T23:37:47.296+0000] {spark_submit.py:571} INFO - found org.scala-lang#scala-reflect;2.12.11 in central
[2024-05-18T23:37:47.388+0000] {spark_submit.py:571} INFO - found org.apache.kafka#kafka-clients;3.5.1 in central
[2024-05-18T23:37:47.433+0000] {spark_submit.py:571} INFO - found com.github.luben#zstd-jni;1.5.5-1 in central
[2024-05-18T23:37:47.450+0000] {spark_submit.py:571} INFO - found org.lz4#lz4-java;1.8.0 in central
[2024-05-18T23:37:47.513+0000] {spark_submit.py:571} INFO - found commons-logging#commons-logging;1.2 in central
[2024-05-18T23:37:47.648+0000] {spark_submit.py:571} INFO - :: resolution report :: resolve 3464ms :: artifacts dl 66ms
[2024-05-18T23:37:47.649+0000] {spark_submit.py:571} INFO - :: modules in use:
[2024-05-18T23:37:47.651+0000] {spark_submit.py:571} INFO - com.datastax.oss#java-driver-core-shaded;4.13.0 from central in [default]
[2024-05-18T23:37:47.652+0000] {spark_submit.py:571} INFO - com.datastax.oss#java-driver-mapper-runtime;4.13.0 from central in [default]
[2024-05-18T23:37:47.655+0000] {spark_submit.py:571} INFO - com.datastax.oss#java-driver-query-builder;4.13.0 from central in [default]
[2024-05-18T23:37:47.657+0000] {spark_submit.py:571} INFO - com.datastax.oss#java-driver-shaded-guava;25.1-jre-graal-sub-1 from central in [default]
[2024-05-18T23:37:47.659+0000] {spark_submit.py:571} INFO - com.datastax.oss#native-protocol;1.5.0 from central in [default]
[2024-05-18T23:37:47.666+0000] {spark_submit.py:571} INFO - com.datastax.spark#spark-cassandra-connector-driver_2.12;3.5.0 from central in [default]
[2024-05-18T23:37:47.671+0000] {spark_submit.py:571} INFO - com.datastax.spark#spark-cassandra-connector_2.12;3.5.0 from central in [default]
[2024-05-18T23:37:47.674+0000] {spark_submit.py:571} INFO - com.github.luben#zstd-jni;1.5.5-1 from central in [default]
[2024-05-18T23:37:47.677+0000] {spark_submit.py:571} INFO - com.github.spotbugs#spotbugs-annotations;3.1.12 from central in [default]
[2024-05-18T23:37:47.678+0000] {spark_submit.py:571} INFO - com.github.stephenc.jcip#jcip-annotations;1.0-1 from central in [default]
[2024-05-18T23:37:47.678+0000] {spark_submit.py:571} INFO - com.google.code.findbugs#jsr305;3.0.2 from central in [default]
[2024-05-18T23:37:47.679+0000] {spark_submit.py:571} INFO - com.thoughtworks.paranamer#paranamer;2.8 from central in [default]
[2024-05-18T23:37:47.680+0000] {spark_submit.py:571} INFO - com.typesafe#config;1.4.1 from central in [default]
[2024-05-18T23:37:47.681+0000] {spark_submit.py:571} INFO - commons-logging#commons-logging;1.2 from central in [default]
[2024-05-18T23:37:47.682+0000] {spark_submit.py:571} INFO - io.dropwizard.metrics#metrics-core;4.1.18 from central in [default]
[2024-05-18T23:37:47.683+0000] {spark_submit.py:571} INFO - org.apache.commons#commons-lang3;3.10 from central in [default]
[2024-05-18T23:37:47.686+0000] {spark_submit.py:571} INFO - org.apache.commons#commons-pool2;2.11.1 from central in [default]
[2024-05-18T23:37:47.687+0000] {spark_submit.py:571} INFO - org.apache.hadoop#hadoop-client-api;3.3.4 from central in [default]
[2024-05-18T23:37:47.688+0000] {spark_submit.py:571} INFO - org.apache.hadoop#hadoop-client-runtime;3.3.4 from central in [default]
[2024-05-18T23:37:47.689+0000] {spark_submit.py:571} INFO - org.apache.kafka#kafka-clients;3.5.1 from central in [default]
[2024-05-18T23:37:47.690+0000] {spark_submit.py:571} INFO - org.apache.spark#spark-sql-kafka-0-10_2.12;3.5.1 from spark-list in [default]
[2024-05-18T23:37:47.692+0000] {spark_submit.py:571} INFO - org.apache.spark#spark-token-provider-kafka-0-10_2.12;3.5.1 from central in [default]
[2024-05-18T23:37:47.695+0000] {spark_submit.py:571} INFO - org.hdrhistogram#HdrHistogram;2.1.12 from central in [default]
[2024-05-18T23:37:47.697+0000] {spark_submit.py:571} INFO - org.lz4#lz4-java;1.8.0 from central in [default]
[2024-05-18T23:37:47.699+0000] {spark_submit.py:571} INFO - org.reactivestreams#reactive-streams;1.0.3 from central in [default]
[2024-05-18T23:37:47.701+0000] {spark_submit.py:571} INFO - org.scala-lang#scala-reflect;2.12.11 from central in [default]
[2024-05-18T23:37:47.702+0000] {spark_submit.py:571} INFO - org.scala-lang.modules#scala-collection-compat_2.12;2.11.0 from central in [default]
[2024-05-18T23:37:47.703+0000] {spark_submit.py:571} INFO - org.slf4j#slf4j-api;2.0.7 from central in [default]
[2024-05-18T23:37:47.703+0000] {spark_submit.py:571} INFO - org.xerial.snappy#snappy-java;1.1.10.3 from central in [default]
[2024-05-18T23:37:47.704+0000] {spark_submit.py:571} INFO - :: evicted modules:
[2024-05-18T23:37:47.704+0000] {spark_submit.py:571} INFO - org.apache.kafka#kafka-clients;3.4.1 by [org.apache.kafka#kafka-clients;3.5.1] in [default]
[2024-05-18T23:37:47.705+0000] {spark_submit.py:571} INFO - commons-logging#commons-logging;1.1.3 by [commons-logging#commons-logging;1.2] in [default]
[2024-05-18T23:37:47.705+0000] {spark_submit.py:571} INFO - com.google.code.findbugs#jsr305;3.0.0 by [com.google.code.findbugs#jsr305;3.0.2] in [default]
[2024-05-18T23:37:47.706+0000] {spark_submit.py:571} INFO - org.slf4j#slf4j-api;1.7.26 by [org.slf4j#slf4j-api;2.0.7] in [default]
[2024-05-18T23:37:47.707+0000] {spark_submit.py:571} INFO - org.xerial.snappy#snappy-java;1.1.10.1 by [org.xerial.snappy#snappy-java;1.1.10.3] in [default]
[2024-05-18T23:37:47.708+0000] {spark_submit.py:571} INFO - org.slf4j#slf4j-api;1.7.36 by [org.slf4j#slf4j-api;2.0.7] in [default]
[2024-05-18T23:37:47.708+0000] {spark_submit.py:571} INFO - ---------------------------------------------------------------------
[2024-05-18T23:37:47.709+0000] {spark_submit.py:571} INFO - |                  |            modules            ||   artifacts   |
[2024-05-18T23:37:47.710+0000] {spark_submit.py:571} INFO - |       conf       | number| search|dwnlded|evicted|| number|dwnlded|
[2024-05-18T23:37:47.710+0000] {spark_submit.py:571} INFO - ---------------------------------------------------------------------
[2024-05-18T23:37:47.710+0000] {spark_submit.py:571} INFO - |      default     |   35  |   0   |   0   |   6   ||   29  |   0   |
[2024-05-18T23:37:47.711+0000] {spark_submit.py:571} INFO - ---------------------------------------------------------------------
[2024-05-18T23:37:47.711+0000] {spark_submit.py:571} INFO - :: retrieving :: org.apache.spark#spark-submit-parent-47996663-5359-450a-a1e5-ed6cdf1d9ecd
[2024-05-18T23:37:47.712+0000] {spark_submit.py:571} INFO - confs: [default]
[2024-05-18T23:37:47.713+0000] {spark_submit.py:571} INFO - 0 artifacts copied, 29 already retrieved (0kB/22ms)
[2024-05-18T23:37:48.707+0000] {spark_submit.py:571} INFO - 24/05/18 23:37:48 WARN NativeCodeLoader: Unable to load native-hadoop library for your platform... using builtin-java classes where applicable
[2024-05-18T23:37:52.122+0000] {spark_submit.py:571} INFO - 24/05/18 23:37:52 INFO SparkContext: Running Spark version 3.5.1
[2024-05-18T23:37:52.143+0000] {spark_submit.py:571} INFO - 24/05/18 23:37:52 INFO SparkContext: OS info Linux, 6.6.26-linuxkit, aarch64
[2024-05-18T23:37:52.146+0000] {spark_submit.py:571} INFO - 24/05/18 23:37:52 INFO SparkContext: Java version 11.0.23
[2024-05-18T23:37:52.172+0000] {spark_submit.py:571} INFO - 24/05/18 23:37:52 INFO ResourceUtils: ==============================================================
[2024-05-18T23:37:52.174+0000] {spark_submit.py:571} INFO - 24/05/18 23:37:52 INFO ResourceUtils: No custom resources configured for spark.driver.
[2024-05-18T23:37:52.176+0000] {spark_submit.py:571} INFO - 24/05/18 23:37:52 INFO ResourceUtils: ==============================================================
[2024-05-18T23:37:52.177+0000] {spark_submit.py:571} INFO - 24/05/18 23:37:52 INFO SparkContext: Submitted application: Redfin_Properties_Consumer
[2024-05-18T23:37:52.210+0000] {spark_submit.py:571} INFO - 24/05/18 23:37:52 INFO ResourceProfile: Default ResourceProfile created, executor resources: Map(memory -> name: memory, amount: 1024, script: , vendor: , offHeap -> name: offHeap, amount: 0, script: , vendor: ), task resources: Map(cpus -> name: cpus, amount: 1.0)
[2024-05-18T23:37:52.254+0000] {spark_submit.py:571} INFO - 24/05/18 23:37:52 INFO ResourceProfile: Limiting resource is cpu
[2024-05-18T23:37:52.255+0000] {spark_submit.py:571} INFO - 24/05/18 23:37:52 INFO ResourceProfileManager: Added ResourceProfile id: 0
[2024-05-18T23:37:52.420+0000] {spark_submit.py:571} INFO - 24/05/18 23:37:52 INFO SecurityManager: Changing view acls to: ***
[2024-05-18T23:37:52.422+0000] {spark_submit.py:571} INFO - 24/05/18 23:37:52 INFO SecurityManager: Changing modify acls to: ***
[2024-05-18T23:37:52.423+0000] {spark_submit.py:571} INFO - 24/05/18 23:37:52 INFO SecurityManager: Changing view acls groups to:
[2024-05-18T23:37:52.424+0000] {spark_submit.py:571} INFO - 24/05/18 23:37:52 INFO SecurityManager: Changing modify acls groups to:
[2024-05-18T23:37:52.424+0000] {spark_submit.py:571} INFO - 24/05/18 23:37:52 INFO SecurityManager: SecurityManager: authentication disabled; ui acls disabled; users with view permissions: ***; groups with view permissions: EMPTY; users with modify permissions: ***; groups with modify permissions: EMPTY
[2024-05-18T23:37:53.096+0000] {spark_submit.py:571} INFO - 24/05/18 23:37:53 INFO Utils: Successfully started service 'sparkDriver' on port 40837.
[2024-05-18T23:37:53.161+0000] {spark_submit.py:571} INFO - 24/05/18 23:37:53 INFO SparkEnv: Registering MapOutputTracker
[2024-05-18T23:37:53.226+0000] {spark_submit.py:571} INFO - 24/05/18 23:37:53 INFO SparkEnv: Registering BlockManagerMaster
[2024-05-18T23:37:53.257+0000] {spark_submit.py:571} INFO - 24/05/18 23:37:53 INFO BlockManagerMasterEndpoint: Using org.apache.spark.storage.DefaultTopologyMapper for getting topology information
[2024-05-18T23:37:53.258+0000] {spark_submit.py:571} INFO - 24/05/18 23:37:53 INFO BlockManagerMasterEndpoint: BlockManagerMasterEndpoint up
[2024-05-18T23:37:53.262+0000] {spark_submit.py:571} INFO - 24/05/18 23:37:53 INFO SparkEnv: Registering BlockManagerMasterHeartbeat
[2024-05-18T23:37:53.298+0000] {spark_submit.py:571} INFO - 24/05/18 23:37:53 INFO DiskBlockManager: Created local directory at /tmp/blockmgr-bd687aa4-fc9b-4722-b892-9d59b1f2a992
[2024-05-18T23:37:53.313+0000] {spark_submit.py:571} INFO - 24/05/18 23:37:53 INFO MemoryStore: MemoryStore started with capacity 434.4 MiB
[2024-05-18T23:37:53.329+0000] {spark_submit.py:571} INFO - 24/05/18 23:37:53 INFO SparkEnv: Registering OutputCommitCoordinator
[2024-05-18T23:37:53.517+0000] {spark_submit.py:571} INFO - 24/05/18 23:37:53 INFO JettyUtils: Start Jetty 0.0.0.0:4040 for SparkUI
[2024-05-18T23:37:53.583+0000] {spark_submit.py:571} INFO - 24/05/18 23:37:53 INFO Utils: Successfully started service 'SparkUI' on port 4040.
[2024-05-18T23:37:53.617+0000] {spark_submit.py:571} INFO - 24/05/18 23:37:53 INFO SparkContext: Added JAR file:///home/***/.ivy2/jars/org.apache.spark_spark-sql-kafka-0-10_2.12-3.5.1.jar at spark://c0373bd0174c:40837/jars/org.apache.spark_spark-sql-kafka-0-10_2.12-3.5.1.jar with timestamp 1716075472097
[2024-05-18T23:37:53.618+0000] {spark_submit.py:571} INFO - 24/05/18 23:37:53 INFO SparkContext: Added JAR file:///home/***/.ivy2/jars/com.datastax.spark_spark-cassandra-connector_2.12-3.5.0.jar at spark://c0373bd0174c:40837/jars/com.datastax.spark_spark-cassandra-connector_2.12-3.5.0.jar with timestamp 1716075472097
[2024-05-18T23:37:53.619+0000] {spark_submit.py:571} INFO - 24/05/18 23:37:53 INFO SparkContext: Added JAR file:///home/***/.ivy2/jars/org.apache.kafka_kafka-clients-3.5.1.jar at spark://c0373bd0174c:40837/jars/org.apache.kafka_kafka-clients-3.5.1.jar with timestamp 1716075472097
[2024-05-18T23:37:53.619+0000] {spark_submit.py:571} INFO - 24/05/18 23:37:53 INFO SparkContext: Added JAR file:///home/***/.ivy2/jars/commons-logging_commons-logging-1.2.jar at spark://c0373bd0174c:40837/jars/commons-logging_commons-logging-1.2.jar with timestamp 1716075472097
[2024-05-18T23:37:53.619+0000] {spark_submit.py:571} INFO - 24/05/18 23:37:53 INFO SparkContext: Added JAR file:///home/***/.ivy2/jars/org.apache.spark_spark-token-provider-kafka-0-10_2.12-3.5.1.jar at spark://c0373bd0174c:40837/jars/org.apache.spark_spark-token-provider-kafka-0-10_2.12-3.5.1.jar with timestamp 1716075472097
[2024-05-18T23:37:53.619+0000] {spark_submit.py:571} INFO - 24/05/18 23:37:53 INFO SparkContext: Added JAR file:///home/***/.ivy2/jars/org.apache.commons_commons-pool2-2.11.1.jar at spark://c0373bd0174c:40837/jars/org.apache.commons_commons-pool2-2.11.1.jar with timestamp 1716075472097
[2024-05-18T23:37:53.620+0000] {spark_submit.py:571} INFO - 24/05/18 23:37:53 INFO SparkContext: Added JAR file:///home/***/.ivy2/jars/org.apache.hadoop_hadoop-client-runtime-3.3.4.jar at spark://c0373bd0174c:40837/jars/org.apache.hadoop_hadoop-client-runtime-3.3.4.jar with timestamp 1716075472097
[2024-05-18T23:37:53.620+0000] {spark_submit.py:571} INFO - 24/05/18 23:37:53 INFO SparkContext: Added JAR file:///home/***/.ivy2/jars/org.apache.hadoop_hadoop-client-api-3.3.4.jar at spark://c0373bd0174c:40837/jars/org.apache.hadoop_hadoop-client-api-3.3.4.jar with timestamp 1716075472097
[2024-05-18T23:37:53.620+0000] {spark_submit.py:571} INFO - 24/05/18 23:37:53 INFO SparkContext: Added JAR file:///home/***/.ivy2/jars/org.xerial.snappy_snappy-java-1.1.10.3.jar at spark://c0373bd0174c:40837/jars/org.xerial.snappy_snappy-java-1.1.10.3.jar with timestamp 1716075472097
[2024-05-18T23:37:53.620+0000] {spark_submit.py:571} INFO - 24/05/18 23:37:53 INFO SparkContext: Added JAR file:///home/***/.ivy2/jars/org.slf4j_slf4j-api-2.0.7.jar at spark://c0373bd0174c:40837/jars/org.slf4j_slf4j-api-2.0.7.jar with timestamp 1716075472097
[2024-05-18T23:37:53.620+0000] {spark_submit.py:571} INFO - 24/05/18 23:37:53 INFO SparkContext: Added JAR file:///home/***/.ivy2/jars/com.datastax.spark_spark-cassandra-connector-driver_2.12-3.5.0.jar at spark://c0373bd0174c:40837/jars/com.datastax.spark_spark-cassandra-connector-driver_2.12-3.5.0.jar with timestamp 1716075472097
[2024-05-18T23:37:53.621+0000] {spark_submit.py:571} INFO - 24/05/18 23:37:53 INFO SparkContext: Added JAR file:///home/***/.ivy2/jars/org.scala-lang.modules_scala-collection-compat_2.12-2.11.0.jar at spark://c0373bd0174c:40837/jars/org.scala-lang.modules_scala-collection-compat_2.12-2.11.0.jar with timestamp 1716075472097
[2024-05-18T23:37:53.621+0000] {spark_submit.py:571} INFO - 24/05/18 23:37:53 INFO SparkContext: Added JAR file:///home/***/.ivy2/jars/com.datastax.oss_java-driver-core-shaded-4.13.0.jar at spark://c0373bd0174c:40837/jars/com.datastax.oss_java-driver-core-shaded-4.13.0.jar with timestamp 1716075472097
[2024-05-18T23:37:53.621+0000] {spark_submit.py:571} INFO - 24/05/18 23:37:53 INFO SparkContext: Added JAR file:///home/***/.ivy2/jars/com.datastax.oss_java-driver-mapper-runtime-4.13.0.jar at spark://c0373bd0174c:40837/jars/com.datastax.oss_java-driver-mapper-runtime-4.13.0.jar with timestamp 1716075472097
[2024-05-18T23:37:53.622+0000] {spark_submit.py:571} INFO - 24/05/18 23:37:53 INFO SparkContext: Added JAR file:///home/***/.ivy2/jars/org.apache.commons_commons-lang3-3.10.jar at spark://c0373bd0174c:40837/jars/org.apache.commons_commons-lang3-3.10.jar with timestamp 1716075472097
[2024-05-18T23:37:53.622+0000] {spark_submit.py:571} INFO - 24/05/18 23:37:53 INFO SparkContext: Added JAR file:///home/***/.ivy2/jars/com.thoughtworks.paranamer_paranamer-2.8.jar at spark://c0373bd0174c:40837/jars/com.thoughtworks.paranamer_paranamer-2.8.jar with timestamp 1716075472097
[2024-05-18T23:37:53.622+0000] {spark_submit.py:571} INFO - 24/05/18 23:37:53 INFO SparkContext: Added JAR file:///home/***/.ivy2/jars/org.scala-lang_scala-reflect-2.12.11.jar at spark://c0373bd0174c:40837/jars/org.scala-lang_scala-reflect-2.12.11.jar with timestamp 1716075472097
[2024-05-18T23:37:53.622+0000] {spark_submit.py:571} INFO - 24/05/18 23:37:53 INFO SparkContext: Added JAR file:///home/***/.ivy2/jars/com.datastax.oss_native-protocol-1.5.0.jar at spark://c0373bd0174c:40837/jars/com.datastax.oss_native-protocol-1.5.0.jar with timestamp 1716075472097
[2024-05-18T23:37:53.622+0000] {spark_submit.py:571} INFO - 24/05/18 23:37:53 INFO SparkContext: Added JAR file:///home/***/.ivy2/jars/com.datastax.oss_java-driver-shaded-guava-25.1-jre-graal-sub-1.jar at spark://c0373bd0174c:40837/jars/com.datastax.oss_java-driver-shaded-guava-25.1-jre-graal-sub-1.jar with timestamp 1716075472097
[2024-05-18T23:37:53.623+0000] {spark_submit.py:571} INFO - 24/05/18 23:37:53 INFO SparkContext: Added JAR file:///home/***/.ivy2/jars/com.typesafe_config-1.4.1.jar at spark://c0373bd0174c:40837/jars/com.typesafe_config-1.4.1.jar with timestamp 1716075472097
[2024-05-18T23:37:53.623+0000] {spark_submit.py:571} INFO - 24/05/18 23:37:53 INFO SparkContext: Added JAR file:///home/***/.ivy2/jars/io.dropwizard.metrics_metrics-core-4.1.18.jar at spark://c0373bd0174c:40837/jars/io.dropwizard.metrics_metrics-core-4.1.18.jar with timestamp 1716075472097
[2024-05-18T23:37:53.623+0000] {spark_submit.py:571} INFO - 24/05/18 23:37:53 INFO SparkContext: Added JAR file:///home/***/.ivy2/jars/org.hdrhistogram_HdrHistogram-2.1.12.jar at spark://c0373bd0174c:40837/jars/org.hdrhistogram_HdrHistogram-2.1.12.jar with timestamp 1716075472097
[2024-05-18T23:37:53.623+0000] {spark_submit.py:571} INFO - 24/05/18 23:37:53 INFO SparkContext: Added JAR file:///home/***/.ivy2/jars/org.reactivestreams_reactive-streams-1.0.3.jar at spark://c0373bd0174c:40837/jars/org.reactivestreams_reactive-streams-1.0.3.jar with timestamp 1716075472097
[2024-05-18T23:37:53.624+0000] {spark_submit.py:571} INFO - 24/05/18 23:37:53 INFO SparkContext: Added JAR file:///home/***/.ivy2/jars/com.github.stephenc.jcip_jcip-annotations-1.0-1.jar at spark://c0373bd0174c:40837/jars/com.github.stephenc.jcip_jcip-annotations-1.0-1.jar with timestamp 1716075472097
[2024-05-18T23:37:53.624+0000] {spark_submit.py:571} INFO - 24/05/18 23:37:53 INFO SparkContext: Added JAR file:///home/***/.ivy2/jars/com.github.spotbugs_spotbugs-annotations-3.1.12.jar at spark://c0373bd0174c:40837/jars/com.github.spotbugs_spotbugs-annotations-3.1.12.jar with timestamp 1716075472097
[2024-05-18T23:37:53.624+0000] {spark_submit.py:571} INFO - 24/05/18 23:37:53 INFO SparkContext: Added JAR file:///home/***/.ivy2/jars/com.google.code.findbugs_jsr305-3.0.2.jar at spark://c0373bd0174c:40837/jars/com.google.code.findbugs_jsr305-3.0.2.jar with timestamp 1716075472097
[2024-05-18T23:37:53.624+0000] {spark_submit.py:571} INFO - 24/05/18 23:37:53 INFO SparkContext: Added JAR file:///home/***/.ivy2/jars/com.datastax.oss_java-driver-query-builder-4.13.0.jar at spark://c0373bd0174c:40837/jars/com.datastax.oss_java-driver-query-builder-4.13.0.jar with timestamp 1716075472097
[2024-05-18T23:37:53.624+0000] {spark_submit.py:571} INFO - 24/05/18 23:37:53 INFO SparkContext: Added JAR file:///home/***/.ivy2/jars/com.github.luben_zstd-jni-1.5.5-1.jar at spark://c0373bd0174c:40837/jars/com.github.luben_zstd-jni-1.5.5-1.jar with timestamp 1716075472097
[2024-05-18T23:37:53.625+0000] {spark_submit.py:571} INFO - 24/05/18 23:37:53 INFO SparkContext: Added JAR file:///home/***/.ivy2/jars/org.lz4_lz4-java-1.8.0.jar at spark://c0373bd0174c:40837/jars/org.lz4_lz4-java-1.8.0.jar with timestamp 1716075472097
[2024-05-18T23:37:53.625+0000] {spark_submit.py:571} INFO - 24/05/18 23:37:53 INFO SparkContext: Added file file:///home/***/.ivy2/jars/org.apache.spark_spark-sql-kafka-0-10_2.12-3.5.1.jar at spark://c0373bd0174c:40837/files/org.apache.spark_spark-sql-kafka-0-10_2.12-3.5.1.jar with timestamp 1716075472097
[2024-05-18T23:37:53.625+0000] {spark_submit.py:571} INFO - 24/05/18 23:37:53 INFO Utils: Copying /home/***/.ivy2/jars/org.apache.spark_spark-sql-kafka-0-10_2.12-3.5.1.jar to /tmp/spark-20a76145-ebaa-4bbe-ba4e-db59c458225f/userFiles-39e4576e-7fa6-4189-be70-45a92b6c28b5/org.apache.spark_spark-sql-kafka-0-10_2.12-3.5.1.jar
[2024-05-18T23:37:53.643+0000] {spark_submit.py:571} INFO - 24/05/18 23:37:53 INFO SparkContext: Added file file:///home/***/.ivy2/jars/com.datastax.spark_spark-cassandra-connector_2.12-3.5.0.jar at spark://c0373bd0174c:40837/files/com.datastax.spark_spark-cassandra-connector_2.12-3.5.0.jar with timestamp 1716075472097
[2024-05-18T23:37:53.643+0000] {spark_submit.py:571} INFO - 24/05/18 23:37:53 INFO Utils: Copying /home/***/.ivy2/jars/com.datastax.spark_spark-cassandra-connector_2.12-3.5.0.jar to /tmp/spark-20a76145-ebaa-4bbe-ba4e-db59c458225f/userFiles-39e4576e-7fa6-4189-be70-45a92b6c28b5/com.datastax.spark_spark-cassandra-connector_2.12-3.5.0.jar
[2024-05-18T23:37:53.676+0000] {spark_submit.py:571} INFO - 24/05/18 23:37:53 INFO SparkContext: Added file file:///home/***/.ivy2/jars/org.apache.kafka_kafka-clients-3.5.1.jar at spark://c0373bd0174c:40837/files/org.apache.kafka_kafka-clients-3.5.1.jar with timestamp 1716075472097
[2024-05-18T23:37:53.678+0000] {spark_submit.py:571} INFO - 24/05/18 23:37:53 INFO Utils: Copying /home/***/.ivy2/jars/org.apache.kafka_kafka-clients-3.5.1.jar to /tmp/spark-20a76145-ebaa-4bbe-ba4e-db59c458225f/userFiles-39e4576e-7fa6-4189-be70-45a92b6c28b5/org.apache.kafka_kafka-clients-3.5.1.jar
[2024-05-18T23:37:53.729+0000] {spark_submit.py:571} INFO - 24/05/18 23:37:53 INFO SparkContext: Added file file:///home/***/.ivy2/jars/commons-logging_commons-logging-1.2.jar at spark://c0373bd0174c:40837/files/commons-logging_commons-logging-1.2.jar with timestamp 1716075472097
[2024-05-18T23:37:53.729+0000] {spark_submit.py:571} INFO - 24/05/18 23:37:53 INFO Utils: Copying /home/***/.ivy2/jars/commons-logging_commons-logging-1.2.jar to /tmp/spark-20a76145-ebaa-4bbe-ba4e-db59c458225f/userFiles-39e4576e-7fa6-4189-be70-45a92b6c28b5/commons-logging_commons-logging-1.2.jar
[2024-05-18T23:37:53.734+0000] {spark_submit.py:571} INFO - 24/05/18 23:37:53 INFO SparkContext: Added file file:///home/***/.ivy2/jars/org.apache.spark_spark-token-provider-kafka-0-10_2.12-3.5.1.jar at spark://c0373bd0174c:40837/files/org.apache.spark_spark-token-provider-kafka-0-10_2.12-3.5.1.jar with timestamp 1716075472097
[2024-05-18T23:37:53.736+0000] {spark_submit.py:571} INFO - 24/05/18 23:37:53 INFO Utils: Copying /home/***/.ivy2/jars/org.apache.spark_spark-token-provider-kafka-0-10_2.12-3.5.1.jar to /tmp/spark-20a76145-ebaa-4bbe-ba4e-db59c458225f/userFiles-39e4576e-7fa6-4189-be70-45a92b6c28b5/org.apache.spark_spark-token-provider-kafka-0-10_2.12-3.5.1.jar
[2024-05-18T23:37:53.739+0000] {spark_submit.py:571} INFO - 24/05/18 23:37:53 INFO SparkContext: Added file file:///home/***/.ivy2/jars/org.apache.commons_commons-pool2-2.11.1.jar at spark://c0373bd0174c:40837/files/org.apache.commons_commons-pool2-2.11.1.jar with timestamp 1716075472097
[2024-05-18T23:37:53.741+0000] {spark_submit.py:571} INFO - 24/05/18 23:37:53 INFO Utils: Copying /home/***/.ivy2/jars/org.apache.commons_commons-pool2-2.11.1.jar to /tmp/spark-20a76145-ebaa-4bbe-ba4e-db59c458225f/userFiles-39e4576e-7fa6-4189-be70-45a92b6c28b5/org.apache.commons_commons-pool2-2.11.1.jar
[2024-05-18T23:37:53.746+0000] {spark_submit.py:571} INFO - 24/05/18 23:37:53 INFO SparkContext: Added file file:///home/***/.ivy2/jars/org.apache.hadoop_hadoop-client-runtime-3.3.4.jar at spark://c0373bd0174c:40837/files/org.apache.hadoop_hadoop-client-runtime-3.3.4.jar with timestamp 1716075472097
[2024-05-18T23:37:53.749+0000] {spark_submit.py:571} INFO - 24/05/18 23:37:53 INFO Utils: Copying /home/***/.ivy2/jars/org.apache.hadoop_hadoop-client-runtime-3.3.4.jar to /tmp/spark-20a76145-ebaa-4bbe-ba4e-db59c458225f/userFiles-39e4576e-7fa6-4189-be70-45a92b6c28b5/org.apache.hadoop_hadoop-client-runtime-3.3.4.jar
[2024-05-18T23:37:54.441+0000] {spark_submit.py:571} INFO - 24/05/18 23:37:54 INFO SparkContext: Added file file:///home/***/.ivy2/jars/org.apache.hadoop_hadoop-client-api-3.3.4.jar at spark://c0373bd0174c:40837/files/org.apache.hadoop_hadoop-client-api-3.3.4.jar with timestamp 1716075472097
[2024-05-18T23:37:54.445+0000] {spark_submit.py:571} INFO - 24/05/18 23:37:54 INFO Utils: Copying /home/***/.ivy2/jars/org.apache.hadoop_hadoop-client-api-3.3.4.jar to /tmp/spark-20a76145-ebaa-4bbe-ba4e-db59c458225f/userFiles-39e4576e-7fa6-4189-be70-45a92b6c28b5/org.apache.hadoop_hadoop-client-api-3.3.4.jar
[2024-05-18T23:37:54.823+0000] {spark_submit.py:571} INFO - 24/05/18 23:37:54 INFO SparkContext: Added file file:///home/***/.ivy2/jars/org.xerial.snappy_snappy-java-1.1.10.3.jar at spark://c0373bd0174c:40837/files/org.xerial.snappy_snappy-java-1.1.10.3.jar with timestamp 1716075472097
[2024-05-18T23:37:54.824+0000] {spark_submit.py:571} INFO - 24/05/18 23:37:54 INFO Utils: Copying /home/***/.ivy2/jars/org.xerial.snappy_snappy-java-1.1.10.3.jar to /tmp/spark-20a76145-ebaa-4bbe-ba4e-db59c458225f/userFiles-39e4576e-7fa6-4189-be70-45a92b6c28b5/org.xerial.snappy_snappy-java-1.1.10.3.jar
[2024-05-18T23:37:54.847+0000] {spark_submit.py:571} INFO - 24/05/18 23:37:54 INFO SparkContext: Added file file:///home/***/.ivy2/jars/org.slf4j_slf4j-api-2.0.7.jar at spark://c0373bd0174c:40837/files/org.slf4j_slf4j-api-2.0.7.jar with timestamp 1716075472097
[2024-05-18T23:37:54.847+0000] {spark_submit.py:571} INFO - 24/05/18 23:37:54 INFO Utils: Copying /home/***/.ivy2/jars/org.slf4j_slf4j-api-2.0.7.jar to /tmp/spark-20a76145-ebaa-4bbe-ba4e-db59c458225f/userFiles-39e4576e-7fa6-4189-be70-45a92b6c28b5/org.slf4j_slf4j-api-2.0.7.jar
[2024-05-18T23:37:54.859+0000] {spark_submit.py:571} INFO - 24/05/18 23:37:54 INFO SparkContext: Added file file:///home/***/.ivy2/jars/com.datastax.spark_spark-cassandra-connector-driver_2.12-3.5.0.jar at spark://c0373bd0174c:40837/files/com.datastax.spark_spark-cassandra-connector-driver_2.12-3.5.0.jar with timestamp 1716075472097
[2024-05-18T23:37:54.860+0000] {spark_submit.py:571} INFO - 24/05/18 23:37:54 INFO Utils: Copying /home/***/.ivy2/jars/com.datastax.spark_spark-cassandra-connector-driver_2.12-3.5.0.jar to /tmp/spark-20a76145-ebaa-4bbe-ba4e-db59c458225f/userFiles-39e4576e-7fa6-4189-be70-45a92b6c28b5/com.datastax.spark_spark-cassandra-connector-driver_2.12-3.5.0.jar
[2024-05-18T23:37:54.885+0000] {spark_submit.py:571} INFO - 24/05/18 23:37:54 INFO SparkContext: Added file file:///home/***/.ivy2/jars/org.scala-lang.modules_scala-collection-compat_2.12-2.11.0.jar at spark://c0373bd0174c:40837/files/org.scala-lang.modules_scala-collection-compat_2.12-2.11.0.jar with timestamp 1716075472097
[2024-05-18T23:37:54.886+0000] {spark_submit.py:571} INFO - 24/05/18 23:37:54 INFO Utils: Copying /home/***/.ivy2/jars/org.scala-lang.modules_scala-collection-compat_2.12-2.11.0.jar to /tmp/spark-20a76145-ebaa-4bbe-ba4e-db59c458225f/userFiles-39e4576e-7fa6-4189-be70-45a92b6c28b5/org.scala-lang.modules_scala-collection-compat_2.12-2.11.0.jar
[2024-05-18T23:37:54.894+0000] {spark_submit.py:571} INFO - 24/05/18 23:37:54 INFO SparkContext: Added file file:///home/***/.ivy2/jars/com.datastax.oss_java-driver-core-shaded-4.13.0.jar at spark://c0373bd0174c:40837/files/com.datastax.oss_java-driver-core-shaded-4.13.0.jar with timestamp 1716075472097
[2024-05-18T23:37:54.894+0000] {spark_submit.py:571} INFO - 24/05/18 23:37:54 INFO Utils: Copying /home/***/.ivy2/jars/com.datastax.oss_java-driver-core-shaded-4.13.0.jar to /tmp/spark-20a76145-ebaa-4bbe-ba4e-db59c458225f/userFiles-39e4576e-7fa6-4189-be70-45a92b6c28b5/com.datastax.oss_java-driver-core-shaded-4.13.0.jar
[2024-05-18T23:37:54.965+0000] {spark_submit.py:571} INFO - 24/05/18 23:37:54 INFO SparkContext: Added file file:///home/***/.ivy2/jars/com.datastax.oss_java-driver-mapper-runtime-4.13.0.jar at spark://c0373bd0174c:40837/files/com.datastax.oss_java-driver-mapper-runtime-4.13.0.jar with timestamp 1716075472097
[2024-05-18T23:37:54.966+0000] {spark_submit.py:571} INFO - 24/05/18 23:37:54 INFO Utils: Copying /home/***/.ivy2/jars/com.datastax.oss_java-driver-mapper-runtime-4.13.0.jar to /tmp/spark-20a76145-ebaa-4bbe-ba4e-db59c458225f/userFiles-39e4576e-7fa6-4189-be70-45a92b6c28b5/com.datastax.oss_java-driver-mapper-runtime-4.13.0.jar
[2024-05-18T23:37:54.971+0000] {spark_submit.py:571} INFO - 24/05/18 23:37:54 INFO SparkContext: Added file file:///home/***/.ivy2/jars/org.apache.commons_commons-lang3-3.10.jar at spark://c0373bd0174c:40837/files/org.apache.commons_commons-lang3-3.10.jar with timestamp 1716075472097
[2024-05-18T23:37:54.971+0000] {spark_submit.py:571} INFO - 24/05/18 23:37:54 INFO Utils: Copying /home/***/.ivy2/jars/org.apache.commons_commons-lang3-3.10.jar to /tmp/spark-20a76145-ebaa-4bbe-ba4e-db59c458225f/userFiles-39e4576e-7fa6-4189-be70-45a92b6c28b5/org.apache.commons_commons-lang3-3.10.jar
[2024-05-18T23:37:54.978+0000] {spark_submit.py:571} INFO - 24/05/18 23:37:54 INFO SparkContext: Added file file:///home/***/.ivy2/jars/com.thoughtworks.paranamer_paranamer-2.8.jar at spark://c0373bd0174c:40837/files/com.thoughtworks.paranamer_paranamer-2.8.jar with timestamp 1716075472097
[2024-05-18T23:37:54.979+0000] {spark_submit.py:571} INFO - 24/05/18 23:37:54 INFO Utils: Copying /home/***/.ivy2/jars/com.thoughtworks.paranamer_paranamer-2.8.jar to /tmp/spark-20a76145-ebaa-4bbe-ba4e-db59c458225f/userFiles-39e4576e-7fa6-4189-be70-45a92b6c28b5/com.thoughtworks.paranamer_paranamer-2.8.jar
[2024-05-18T23:37:54.982+0000] {spark_submit.py:571} INFO - 24/05/18 23:37:54 INFO SparkContext: Added file file:///home/***/.ivy2/jars/org.scala-lang_scala-reflect-2.12.11.jar at spark://c0373bd0174c:40837/files/org.scala-lang_scala-reflect-2.12.11.jar with timestamp 1716075472097
[2024-05-18T23:37:54.982+0000] {spark_submit.py:571} INFO - 24/05/18 23:37:54 INFO Utils: Copying /home/***/.ivy2/jars/org.scala-lang_scala-reflect-2.12.11.jar to /tmp/spark-20a76145-ebaa-4bbe-ba4e-db59c458225f/userFiles-39e4576e-7fa6-4189-be70-45a92b6c28b5/org.scala-lang_scala-reflect-2.12.11.jar
[2024-05-18T23:37:55.021+0000] {spark_submit.py:571} INFO - 24/05/18 23:37:55 INFO SparkContext: Added file file:///home/***/.ivy2/jars/com.datastax.oss_native-protocol-1.5.0.jar at spark://c0373bd0174c:40837/files/com.datastax.oss_native-protocol-1.5.0.jar with timestamp 1716075472097
[2024-05-18T23:37:55.028+0000] {spark_submit.py:571} INFO - 24/05/18 23:37:55 INFO Utils: Copying /home/***/.ivy2/jars/com.datastax.oss_native-protocol-1.5.0.jar to /tmp/spark-20a76145-ebaa-4bbe-ba4e-db59c458225f/userFiles-39e4576e-7fa6-4189-be70-45a92b6c28b5/com.datastax.oss_native-protocol-1.5.0.jar
[2024-05-18T23:37:55.035+0000] {spark_submit.py:571} INFO - 24/05/18 23:37:55 INFO SparkContext: Added file file:///home/***/.ivy2/jars/com.datastax.oss_java-driver-shaded-guava-25.1-jre-graal-sub-1.jar at spark://c0373bd0174c:40837/files/com.datastax.oss_java-driver-shaded-guava-25.1-jre-graal-sub-1.jar with timestamp 1716075472097
[2024-05-18T23:37:55.037+0000] {spark_submit.py:571} INFO - 24/05/18 23:37:55 INFO Utils: Copying /home/***/.ivy2/jars/com.datastax.oss_java-driver-shaded-guava-25.1-jre-graal-sub-1.jar to /tmp/spark-20a76145-ebaa-4bbe-ba4e-db59c458225f/userFiles-39e4576e-7fa6-4189-be70-45a92b6c28b5/com.datastax.oss_java-driver-shaded-guava-25.1-jre-graal-sub-1.jar
[2024-05-18T23:37:55.068+0000] {spark_submit.py:571} INFO - 24/05/18 23:37:55 INFO SparkContext: Added file file:///home/***/.ivy2/jars/com.typesafe_config-1.4.1.jar at spark://c0373bd0174c:40837/files/com.typesafe_config-1.4.1.jar with timestamp 1716075472097
[2024-05-18T23:37:55.068+0000] {spark_submit.py:571} INFO - 24/05/18 23:37:55 INFO Utils: Copying /home/***/.ivy2/jars/com.typesafe_config-1.4.1.jar to /tmp/spark-20a76145-ebaa-4bbe-ba4e-db59c458225f/userFiles-39e4576e-7fa6-4189-be70-45a92b6c28b5/com.typesafe_config-1.4.1.jar
[2024-05-18T23:37:55.076+0000] {spark_submit.py:571} INFO - 24/05/18 23:37:55 INFO SparkContext: Added file file:///home/***/.ivy2/jars/io.dropwizard.metrics_metrics-core-4.1.18.jar at spark://c0373bd0174c:40837/files/io.dropwizard.metrics_metrics-core-4.1.18.jar with timestamp 1716075472097
[2024-05-18T23:37:55.077+0000] {spark_submit.py:571} INFO - 24/05/18 23:37:55 INFO Utils: Copying /home/***/.ivy2/jars/io.dropwizard.metrics_metrics-core-4.1.18.jar to /tmp/spark-20a76145-ebaa-4bbe-ba4e-db59c458225f/userFiles-39e4576e-7fa6-4189-be70-45a92b6c28b5/io.dropwizard.metrics_metrics-core-4.1.18.jar
[2024-05-18T23:37:55.086+0000] {spark_submit.py:571} INFO - 24/05/18 23:37:55 INFO SparkContext: Added file file:///home/***/.ivy2/jars/org.hdrhistogram_HdrHistogram-2.1.12.jar at spark://c0373bd0174c:40837/files/org.hdrhistogram_HdrHistogram-2.1.12.jar with timestamp 1716075472097
[2024-05-18T23:37:55.090+0000] {spark_submit.py:571} INFO - 24/05/18 23:37:55 INFO Utils: Copying /home/***/.ivy2/jars/org.hdrhistogram_HdrHistogram-2.1.12.jar to /tmp/spark-20a76145-ebaa-4bbe-ba4e-db59c458225f/userFiles-39e4576e-7fa6-4189-be70-45a92b6c28b5/org.hdrhistogram_HdrHistogram-2.1.12.jar
[2024-05-18T23:37:55.100+0000] {spark_submit.py:571} INFO - 24/05/18 23:37:55 INFO SparkContext: Added file file:///home/***/.ivy2/jars/org.reactivestreams_reactive-streams-1.0.3.jar at spark://c0373bd0174c:40837/files/org.reactivestreams_reactive-streams-1.0.3.jar with timestamp 1716075472097
[2024-05-18T23:37:55.105+0000] {spark_submit.py:571} INFO - 24/05/18 23:37:55 INFO Utils: Copying /home/***/.ivy2/jars/org.reactivestreams_reactive-streams-1.0.3.jar to /tmp/spark-20a76145-ebaa-4bbe-ba4e-db59c458225f/userFiles-39e4576e-7fa6-4189-be70-45a92b6c28b5/org.reactivestreams_reactive-streams-1.0.3.jar
[2024-05-18T23:37:55.112+0000] {spark_submit.py:571} INFO - 24/05/18 23:37:55 INFO SparkContext: Added file file:///home/***/.ivy2/jars/com.github.stephenc.jcip_jcip-annotations-1.0-1.jar at spark://c0373bd0174c:40837/files/com.github.stephenc.jcip_jcip-annotations-1.0-1.jar with timestamp 1716075472097
[2024-05-18T23:37:55.115+0000] {spark_submit.py:571} INFO - 24/05/18 23:37:55 INFO Utils: Copying /home/***/.ivy2/jars/com.github.stephenc.jcip_jcip-annotations-1.0-1.jar to /tmp/spark-20a76145-ebaa-4bbe-ba4e-db59c458225f/userFiles-39e4576e-7fa6-4189-be70-45a92b6c28b5/com.github.stephenc.jcip_jcip-annotations-1.0-1.jar
[2024-05-18T23:37:55.119+0000] {spark_submit.py:571} INFO - 24/05/18 23:37:55 INFO SparkContext: Added file file:///home/***/.ivy2/jars/com.github.spotbugs_spotbugs-annotations-3.1.12.jar at spark://c0373bd0174c:40837/files/com.github.spotbugs_spotbugs-annotations-3.1.12.jar with timestamp 1716075472097
[2024-05-18T23:37:55.119+0000] {spark_submit.py:571} INFO - 24/05/18 23:37:55 INFO Utils: Copying /home/***/.ivy2/jars/com.github.spotbugs_spotbugs-annotations-3.1.12.jar to /tmp/spark-20a76145-ebaa-4bbe-ba4e-db59c458225f/userFiles-39e4576e-7fa6-4189-be70-45a92b6c28b5/com.github.spotbugs_spotbugs-annotations-3.1.12.jar
[2024-05-18T23:37:55.123+0000] {spark_submit.py:571} INFO - 24/05/18 23:37:55 INFO SparkContext: Added file file:///home/***/.ivy2/jars/com.google.code.findbugs_jsr305-3.0.2.jar at spark://c0373bd0174c:40837/files/com.google.code.findbugs_jsr305-3.0.2.jar with timestamp 1716075472097
[2024-05-18T23:37:55.124+0000] {spark_submit.py:571} INFO - 24/05/18 23:37:55 INFO Utils: Copying /home/***/.ivy2/jars/com.google.code.findbugs_jsr305-3.0.2.jar to /tmp/spark-20a76145-ebaa-4bbe-ba4e-db59c458225f/userFiles-39e4576e-7fa6-4189-be70-45a92b6c28b5/com.google.code.findbugs_jsr305-3.0.2.jar
[2024-05-18T23:37:55.130+0000] {spark_submit.py:571} INFO - 24/05/18 23:37:55 INFO SparkContext: Added file file:///home/***/.ivy2/jars/com.datastax.oss_java-driver-query-builder-4.13.0.jar at spark://c0373bd0174c:40837/files/com.datastax.oss_java-driver-query-builder-4.13.0.jar with timestamp 1716075472097
[2024-05-18T23:37:55.130+0000] {spark_submit.py:571} INFO - 24/05/18 23:37:55 INFO Utils: Copying /home/***/.ivy2/jars/com.datastax.oss_java-driver-query-builder-4.13.0.jar to /tmp/spark-20a76145-ebaa-4bbe-ba4e-db59c458225f/userFiles-39e4576e-7fa6-4189-be70-45a92b6c28b5/com.datastax.oss_java-driver-query-builder-4.13.0.jar
[2024-05-18T23:37:55.138+0000] {spark_submit.py:571} INFO - 24/05/18 23:37:55 INFO SparkContext: Added file file:///home/***/.ivy2/jars/com.github.luben_zstd-jni-1.5.5-1.jar at spark://c0373bd0174c:40837/files/com.github.luben_zstd-jni-1.5.5-1.jar with timestamp 1716075472097
[2024-05-18T23:37:55.138+0000] {spark_submit.py:571} INFO - 24/05/18 23:37:55 INFO Utils: Copying /home/***/.ivy2/jars/com.github.luben_zstd-jni-1.5.5-1.jar to /tmp/spark-20a76145-ebaa-4bbe-ba4e-db59c458225f/userFiles-39e4576e-7fa6-4189-be70-45a92b6c28b5/com.github.luben_zstd-jni-1.5.5-1.jar
[2024-05-18T23:37:55.233+0000] {spark_submit.py:571} INFO - 24/05/18 23:37:55 INFO SparkContext: Added file file:///home/***/.ivy2/jars/org.lz4_lz4-java-1.8.0.jar at spark://c0373bd0174c:40837/files/org.lz4_lz4-java-1.8.0.jar with timestamp 1716075472097
[2024-05-18T23:37:55.236+0000] {spark_submit.py:571} INFO - 24/05/18 23:37:55 INFO Utils: Copying /home/***/.ivy2/jars/org.lz4_lz4-java-1.8.0.jar to /tmp/spark-20a76145-ebaa-4bbe-ba4e-db59c458225f/userFiles-39e4576e-7fa6-4189-be70-45a92b6c28b5/org.lz4_lz4-java-1.8.0.jar
[2024-05-18T23:37:55.398+0000] {spark_submit.py:571} INFO - 24/05/18 23:37:55 INFO StandaloneAppClient$ClientEndpoint: Connecting to master spark://spark-master:7077...
[2024-05-18T23:37:55.518+0000] {spark_submit.py:571} INFO - 24/05/18 23:37:55 INFO TransportClientFactory: Successfully created connection to spark-master/192.168.16.3:7077 after 76 ms (1 ms spent in bootstraps)
[2024-05-18T23:37:55.795+0000] {spark_submit.py:571} INFO - 24/05/18 23:37:55 INFO StandaloneSchedulerBackend: Connected to Spark cluster with app ID app-20240518233755-0003
[2024-05-18T23:37:55.834+0000] {spark_submit.py:571} INFO - 24/05/18 23:37:55 INFO StandaloneAppClient$ClientEndpoint: Executor added: app-20240518233755-0003/0 on worker-20240518231723-192.168.16.6-34535 (192.168.16.6:34535) with 1 core(s)
[2024-05-18T23:37:55.836+0000] {spark_submit.py:571} INFO - 24/05/18 23:37:55 INFO Utils: Successfully started service 'org.apache.spark.network.netty.NettyBlockTransferService' on port 33207.
[2024-05-18T23:37:55.836+0000] {spark_submit.py:571} INFO - 24/05/18 23:37:55 INFO NettyBlockTransferService: Server created on c0373bd0174c:33207
[2024-05-18T23:37:55.836+0000] {spark_submit.py:571} INFO - 24/05/18 23:37:55 INFO StandaloneSchedulerBackend: Granted executor ID app-20240518233755-0003/0 on hostPort 192.168.16.6:34535 with 1 core(s), 1024.0 MiB RAM
[2024-05-18T23:37:55.838+0000] {spark_submit.py:571} INFO - 24/05/18 23:37:55 INFO BlockManager: Using org.apache.spark.storage.RandomBlockReplicationPolicy for block replication policy
[2024-05-18T23:37:55.896+0000] {spark_submit.py:571} INFO - 24/05/18 23:37:55 INFO BlockManagerMaster: Registering BlockManager BlockManagerId(driver, c0373bd0174c, 33207, None)
[2024-05-18T23:37:55.903+0000] {spark_submit.py:571} INFO - 24/05/18 23:37:55 INFO BlockManagerMasterEndpoint: Registering block manager c0373bd0174c:33207 with 434.4 MiB RAM, BlockManagerId(driver, c0373bd0174c, 33207, None)
[2024-05-18T23:37:55.907+0000] {spark_submit.py:571} INFO - 24/05/18 23:37:55 INFO BlockManagerMaster: Registered BlockManager BlockManagerId(driver, c0373bd0174c, 33207, None)
[2024-05-18T23:37:55.909+0000] {spark_submit.py:571} INFO - 24/05/18 23:37:55 INFO BlockManager: Initialized BlockManager: BlockManagerId(driver, c0373bd0174c, 33207, None)
[2024-05-18T23:37:56.419+0000] {spark_submit.py:571} INFO - 24/05/18 23:37:56 INFO StandaloneAppClient$ClientEndpoint: Executor updated: app-20240518233755-0003/0 is now RUNNING
[2024-05-18T23:37:56.425+0000] {spark_submit.py:571} INFO - 24/05/18 23:37:56 INFO StandaloneSchedulerBackend: SchedulerBackend is ready for scheduling beginning after reached minRegisteredResourcesRatio: 0.0
[2024-05-18T23:37:56.875+0000] {spark_submit.py:571} INFO - 24/05/18 23:37:56 INFO SharedState: Setting hive.metastore.warehouse.dir ('null') to the value of spark.sql.warehouse.dir.
[2024-05-18T23:37:56.879+0000] {spark_submit.py:571} INFO - 24/05/18 23:37:56 INFO SharedState: Warehouse path is 'file:/opt/***/spark-warehouse'.
[2024-05-18T23:38:01.837+0000] {spark_submit.py:571} INFO - 24/05/18 23:38:01 INFO StandaloneSchedulerBackend$StandaloneDriverEndpoint: Registered executor NettyRpcEndpointRef(spark-client://Executor) (192.168.16.6:35270) with ID 0,  ResourceProfileId 0
[2024-05-18T23:38:02.131+0000] {spark_submit.py:571} INFO - 24/05/18 23:38:02 INFO BlockManagerMasterEndpoint: Registering block manager 192.168.16.6:44443 with 434.4 MiB RAM, BlockManagerId(0, 192.168.16.6, 44443, None)
[2024-05-18T23:38:02.449+0000] {spark_submit.py:571} INFO - INFO:py4j.java_gateway:Callback Server Starting
[2024-05-18T23:38:02.451+0000] {spark_submit.py:571} INFO - INFO:py4j.java_gateway:Socket listening on ('127.0.0.1', 37669)
[2024-05-18T23:38:02.491+0000] {spark_submit.py:571} INFO - 24/05/18 23:38:02 INFO StateStoreCoordinatorRef: Registered StateStoreCoordinator endpoint
[2024-05-18T23:38:02.594+0000] {spark_submit.py:571} INFO - 24/05/18 23:38:02 WARN ResolveWriteToStream: Temporary checkpoint location created which is deleted normally when the query didn't fail: /tmp/temporary-12d11d11-3bd2-4065-aff9-33d8896e3731. If it's required to delete it under any circumstances, please set spark.sql.streaming.forceDeleteTempCheckpointLocation to true. Important to know deleting temp checkpoint folder is best effort.
[2024-05-18T23:38:02.712+0000] {spark_submit.py:571} INFO - 24/05/18 23:38:02 INFO ResolveWriteToStream: Checkpoint root file:///tmp/temporary-12d11d11-3bd2-4065-aff9-33d8896e3731 resolved to file:/tmp/temporary-12d11d11-3bd2-4065-aff9-33d8896e3731.
[2024-05-18T23:38:02.714+0000] {spark_submit.py:571} INFO - 24/05/18 23:38:02 WARN ResolveWriteToStream: spark.sql.adaptive.enabled is not supported in streaming DataFrames/Datasets and will be disabled.
[2024-05-18T23:38:02.991+0000] {spark_submit.py:571} INFO - 24/05/18 23:38:02 INFO CheckpointFileManager: Writing atomically to file:/tmp/temporary-12d11d11-3bd2-4065-aff9-33d8896e3731/metadata using temp file file:/tmp/temporary-12d11d11-3bd2-4065-aff9-33d8896e3731/.metadata.24009488-dae9-465e-94de-4756d6c2f99f.tmp
[2024-05-18T23:38:03.678+0000] {spark_submit.py:571} INFO - 24/05/18 23:38:03 INFO CheckpointFileManager: Renamed temp file file:/tmp/temporary-12d11d11-3bd2-4065-aff9-33d8896e3731/.metadata.24009488-dae9-465e-94de-4756d6c2f99f.tmp to file:/tmp/temporary-12d11d11-3bd2-4065-aff9-33d8896e3731/metadata
[2024-05-18T23:38:03.766+0000] {spark_submit.py:571} INFO - 24/05/18 23:38:03 INFO MicroBatchExecution: Starting [id = d8882155-b2ef-40c2-bc68-9fd8be0eff56, runId = 3ef1e9d4-e0bd-48e6-86a6-3932e6d74405]. Use file:/tmp/temporary-12d11d11-3bd2-4065-aff9-33d8896e3731 to store the query checkpoint.
[2024-05-18T23:38:03.802+0000] {spark_submit.py:571} INFO - 24/05/18 23:38:03 INFO MicroBatchExecution: Reading table [org.apache.spark.sql.kafka010.KafkaSourceProvider$KafkaTable@6216e7a3] from DataSourceV2 named 'kafka' [org.apache.spark.sql.kafka010.KafkaSourceProvider@62ffc141]
[2024-05-18T23:38:03.910+0000] {spark_submit.py:571} INFO - 24/05/18 23:38:03 INFO OffsetSeqLog: BatchIds found from listing:
[2024-05-18T23:38:03.912+0000] {spark_submit.py:571} INFO - 24/05/18 23:38:03 INFO OffsetSeqLog: BatchIds found from listing:
[2024-05-18T23:38:03.913+0000] {spark_submit.py:571} INFO - 24/05/18 23:38:03 INFO MicroBatchExecution: Starting new streaming query.
[2024-05-18T23:38:03.915+0000] {spark_submit.py:571} INFO - 24/05/18 23:38:03 INFO MicroBatchExecution: Stream started from {}
[2024-05-18T23:38:05.308+0000] {spark_submit.py:571} INFO - 24/05/18 23:38:05 INFO AdminClientConfig: AdminClientConfig values:
[2024-05-18T23:38:05.332+0000] {spark_submit.py:571} INFO - auto.include.jmx.reporter = true
[2024-05-18T23:38:05.334+0000] {spark_submit.py:571} INFO - bootstrap.servers = [kafka:9092]
[2024-05-18T23:38:05.336+0000] {spark_submit.py:571} INFO - client.dns.lookup = use_all_dns_ips
[2024-05-18T23:38:05.345+0000] {spark_submit.py:571} INFO - client.id =
[2024-05-18T23:38:05.349+0000] {spark_submit.py:571} INFO - connections.max.idle.ms = 300000
[2024-05-18T23:38:05.350+0000] {spark_submit.py:571} INFO - default.api.timeout.ms = 60000
[2024-05-18T23:38:05.353+0000] {spark_submit.py:571} INFO - metadata.max.age.ms = 300000
[2024-05-18T23:38:05.357+0000] {spark_submit.py:571} INFO - metric.reporters = []
[2024-05-18T23:38:05.361+0000] {spark_submit.py:571} INFO - metrics.num.samples = 2
[2024-05-18T23:38:05.368+0000] {spark_submit.py:571} INFO - metrics.recording.level = INFO
[2024-05-18T23:38:05.372+0000] {spark_submit.py:571} INFO - metrics.sample.window.ms = 30000
[2024-05-18T23:38:05.373+0000] {spark_submit.py:571} INFO - receive.buffer.bytes = 65536
[2024-05-18T23:38:05.377+0000] {spark_submit.py:571} INFO - reconnect.backoff.max.ms = 1000
[2024-05-18T23:38:05.381+0000] {spark_submit.py:571} INFO - reconnect.backoff.ms = 50
[2024-05-18T23:38:05.391+0000] {spark_submit.py:571} INFO - request.timeout.ms = 30000
[2024-05-18T23:38:05.396+0000] {spark_submit.py:571} INFO - retries = 2147483647
[2024-05-18T23:38:05.397+0000] {spark_submit.py:571} INFO - retry.backoff.ms = 100
[2024-05-18T23:38:05.398+0000] {spark_submit.py:571} INFO - sasl.client.callback.handler.class = null
[2024-05-18T23:38:05.399+0000] {spark_submit.py:571} INFO - sasl.jaas.config = null
[2024-05-18T23:38:05.401+0000] {spark_submit.py:571} INFO - sasl.kerberos.kinit.cmd = /usr/bin/kinit
[2024-05-18T23:38:05.405+0000] {spark_submit.py:571} INFO - sasl.kerberos.min.time.before.relogin = 60000
[2024-05-18T23:38:05.409+0000] {spark_submit.py:571} INFO - sasl.kerberos.service.name = null
[2024-05-18T23:38:05.411+0000] {spark_submit.py:571} INFO - sasl.kerberos.ticket.renew.jitter = 0.05
[2024-05-18T23:38:05.412+0000] {spark_submit.py:571} INFO - sasl.kerberos.ticket.renew.window.factor = 0.8
[2024-05-18T23:38:05.413+0000] {spark_submit.py:571} INFO - sasl.login.callback.handler.class = null
[2024-05-18T23:38:05.415+0000] {spark_submit.py:571} INFO - sasl.login.class = null
[2024-05-18T23:38:05.416+0000] {spark_submit.py:571} INFO - sasl.login.connect.timeout.ms = null
[2024-05-18T23:38:05.416+0000] {spark_submit.py:571} INFO - sasl.login.read.timeout.ms = null
[2024-05-18T23:38:05.417+0000] {spark_submit.py:571} INFO - sasl.login.refresh.buffer.seconds = 300
[2024-05-18T23:38:05.418+0000] {spark_submit.py:571} INFO - sasl.login.refresh.min.period.seconds = 60
[2024-05-18T23:38:05.418+0000] {spark_submit.py:571} INFO - sasl.login.refresh.window.factor = 0.8
[2024-05-18T23:38:05.419+0000] {spark_submit.py:571} INFO - sasl.login.refresh.window.jitter = 0.05
[2024-05-18T23:38:05.420+0000] {spark_submit.py:571} INFO - sasl.login.retry.backoff.max.ms = 10000
[2024-05-18T23:38:05.420+0000] {spark_submit.py:571} INFO - sasl.login.retry.backoff.ms = 100
[2024-05-18T23:38:05.420+0000] {spark_submit.py:571} INFO - sasl.mechanism = GSSAPI
[2024-05-18T23:38:05.420+0000] {spark_submit.py:571} INFO - sasl.oauthbearer.clock.skew.seconds = 30
[2024-05-18T23:38:05.420+0000] {spark_submit.py:571} INFO - sasl.oauthbearer.expected.audience = null
[2024-05-18T23:38:05.420+0000] {spark_submit.py:571} INFO - sasl.oauthbearer.expected.issuer = null
[2024-05-18T23:38:05.421+0000] {spark_submit.py:571} INFO - sasl.oauthbearer.jwks.endpoint.refresh.ms = 3600000
[2024-05-18T23:38:05.421+0000] {spark_submit.py:571} INFO - sasl.oauthbearer.jwks.endpoint.retry.backoff.max.ms = 10000
[2024-05-18T23:38:05.422+0000] {spark_submit.py:571} INFO - sasl.oauthbearer.jwks.endpoint.retry.backoff.ms = 100
[2024-05-18T23:38:05.423+0000] {spark_submit.py:571} INFO - sasl.oauthbearer.jwks.endpoint.url = null
[2024-05-18T23:38:05.424+0000] {spark_submit.py:571} INFO - sasl.oauthbearer.scope.claim.name = scope
[2024-05-18T23:38:05.424+0000] {spark_submit.py:571} INFO - sasl.oauthbearer.sub.claim.name = sub
[2024-05-18T23:38:05.426+0000] {spark_submit.py:571} INFO - sasl.oauthbearer.token.endpoint.url = null
[2024-05-18T23:38:05.427+0000] {spark_submit.py:571} INFO - security.protocol = PLAINTEXT
[2024-05-18T23:38:05.427+0000] {spark_submit.py:571} INFO - security.providers = null
[2024-05-18T23:38:05.427+0000] {spark_submit.py:571} INFO - send.buffer.bytes = 131072
[2024-05-18T23:38:05.427+0000] {spark_submit.py:571} INFO - socket.connection.setup.timeout.max.ms = 30000
[2024-05-18T23:38:05.428+0000] {spark_submit.py:571} INFO - socket.connection.setup.timeout.ms = 10000
[2024-05-18T23:38:05.428+0000] {spark_submit.py:571} INFO - ssl.cipher.suites = null
[2024-05-18T23:38:05.428+0000] {spark_submit.py:571} INFO - ssl.enabled.protocols = [TLSv1.2, TLSv1.3]
[2024-05-18T23:38:05.428+0000] {spark_submit.py:571} INFO - ssl.endpoint.identification.algorithm = https
[2024-05-18T23:38:05.428+0000] {spark_submit.py:571} INFO - ssl.engine.factory.class = null
[2024-05-18T23:38:05.429+0000] {spark_submit.py:571} INFO - ssl.key.password = null
[2024-05-18T23:38:05.429+0000] {spark_submit.py:571} INFO - ssl.keymanager.algorithm = SunX509
[2024-05-18T23:38:05.429+0000] {spark_submit.py:571} INFO - ssl.keystore.certificate.chain = null
[2024-05-18T23:38:05.429+0000] {spark_submit.py:571} INFO - ssl.keystore.key = null
[2024-05-18T23:38:05.430+0000] {spark_submit.py:571} INFO - ssl.keystore.location = null
[2024-05-18T23:38:05.431+0000] {spark_submit.py:571} INFO - ssl.keystore.password = null
[2024-05-18T23:38:05.432+0000] {spark_submit.py:571} INFO - ssl.keystore.type = JKS
[2024-05-18T23:38:05.434+0000] {spark_submit.py:571} INFO - ssl.protocol = TLSv1.3
[2024-05-18T23:38:05.434+0000] {spark_submit.py:571} INFO - ssl.provider = null
[2024-05-18T23:38:05.435+0000] {spark_submit.py:571} INFO - ssl.secure.random.implementation = null
[2024-05-18T23:38:05.436+0000] {spark_submit.py:571} INFO - ssl.trustmanager.algorithm = PKIX
[2024-05-18T23:38:05.437+0000] {spark_submit.py:571} INFO - ssl.truststore.certificates = null
[2024-05-18T23:38:05.438+0000] {spark_submit.py:571} INFO - ssl.truststore.location = null
[2024-05-18T23:38:05.438+0000] {spark_submit.py:571} INFO - ssl.truststore.password = null
[2024-05-18T23:38:05.439+0000] {spark_submit.py:571} INFO - ssl.truststore.type = JKS
[2024-05-18T23:38:05.439+0000] {spark_submit.py:571} INFO - 
[2024-05-18T23:38:05.517+0000] {spark_submit.py:571} INFO - 24/05/18 23:38:05 INFO AdminClientConfig: These configurations '[key.deserializer, value.deserializer, enable.auto.commit, max.poll.records, auto.offset.reset]' were supplied but are not used yet.
[2024-05-18T23:38:05.520+0000] {spark_submit.py:571} INFO - 24/05/18 23:38:05 INFO AppInfoParser: Kafka version: 3.5.1
[2024-05-18T23:38:05.521+0000] {spark_submit.py:571} INFO - 24/05/18 23:38:05 INFO AppInfoParser: Kafka commitId: 2c6fb6c54472e90a
[2024-05-18T23:38:05.521+0000] {spark_submit.py:571} INFO - 24/05/18 23:38:05 INFO AppInfoParser: Kafka startTimeMs: 1716075485517
[2024-05-18T23:38:07.011+0000] {spark_submit.py:571} INFO - 24/05/18 23:38:07 INFO CheckpointFileManager: Writing atomically to file:/tmp/temporary-12d11d11-3bd2-4065-aff9-33d8896e3731/sources/0/0 using temp file file:/tmp/temporary-12d11d11-3bd2-4065-aff9-33d8896e3731/sources/0/.0.6be61acf-48d8-4273-93f2-2786e7c9f8e2.tmp
[2024-05-18T23:38:07.156+0000] {spark_submit.py:571} INFO - 24/05/18 23:38:07 INFO CheckpointFileManager: Renamed temp file file:/tmp/temporary-12d11d11-3bd2-4065-aff9-33d8896e3731/sources/0/.0.6be61acf-48d8-4273-93f2-2786e7c9f8e2.tmp to file:/tmp/temporary-12d11d11-3bd2-4065-aff9-33d8896e3731/sources/0/0
[2024-05-18T23:38:07.157+0000] {spark_submit.py:571} INFO - 24/05/18 23:38:07 INFO KafkaMicroBatchStream: Initial offsets: {"redfin_properties":{"0":0}}
[2024-05-18T23:38:07.224+0000] {spark_submit.py:571} INFO - 24/05/18 23:38:07 INFO CheckpointFileManager: Writing atomically to file:/tmp/temporary-12d11d11-3bd2-4065-aff9-33d8896e3731/offsets/0 using temp file file:/tmp/temporary-12d11d11-3bd2-4065-aff9-33d8896e3731/offsets/.0.820e3ddf-c7ff-46d3-aba7-3ab493493b99.tmp
[2024-05-18T23:38:07.373+0000] {spark_submit.py:571} INFO - 24/05/18 23:38:07 INFO CheckpointFileManager: Renamed temp file file:/tmp/temporary-12d11d11-3bd2-4065-aff9-33d8896e3731/offsets/.0.820e3ddf-c7ff-46d3-aba7-3ab493493b99.tmp to file:/tmp/temporary-12d11d11-3bd2-4065-aff9-33d8896e3731/offsets/0
[2024-05-18T23:38:07.376+0000] {spark_submit.py:571} INFO - 24/05/18 23:38:07 INFO MicroBatchExecution: Committed offsets for batch 0. Metadata OffsetSeqMetadata(0,1716075487192,Map(spark.sql.streaming.stateStore.providerClass -> org.apache.spark.sql.execution.streaming.state.HDFSBackedStateStoreProvider, spark.sql.streaming.join.stateFormatVersion -> 2, spark.sql.streaming.stateStore.compression.codec -> lz4, spark.sql.streaming.stateStore.rocksdb.formatVersion -> 5, spark.sql.streaming.statefulOperator.useStrictDistribution -> true, spark.sql.streaming.flatMapGroupsWithState.stateFormatVersion -> 2, spark.sql.streaming.multipleWatermarkPolicy -> min, spark.sql.streaming.aggregation.stateFormatVersion -> 2, spark.sql.shuffle.partitions -> 200))
[2024-05-18T23:38:08.200+0000] {spark_submit.py:571} INFO - 24/05/18 23:38:08 INFO KafkaOffsetReaderAdmin: Partitions added: Map()
[2024-05-18T23:38:08.278+0000] {spark_submit.py:571} INFO - 24/05/18 23:38:08 INFO KafkaOffsetReaderAdmin: Partitions added: Map()
[2024-05-18T23:38:08.376+0000] {spark_submit.py:571} INFO - 24/05/18 23:38:08 INFO KafkaOffsetReaderAdmin: Partitions added: Map()
[2024-05-18T23:38:08.379+0000] {spark_submit.py:571} INFO - 24/05/18 23:38:08 INFO KafkaOffsetReaderAdmin: Partitions added: Map()
[2024-05-18T23:38:09.277+0000] {spark_submit.py:571} INFO - 24/05/18 23:38:09 INFO CodeGenerator: Code generated in 641.195 ms
[2024-05-18T23:38:09.633+0000] {spark_submit.py:571} INFO - INFO:py4j.clientserver:Python Server ready to receive messages
[2024-05-18T23:38:09.637+0000] {spark_submit.py:571} INFO - INFO:py4j.clientserver:Received command c on object id p0
[2024-05-18T23:38:09.690+0000] {spark_submit.py:571} INFO - 24/05/18 23:38:09 INFO CodeGenerator: Code generated in 19.252084 ms
[2024-05-18T23:38:10.129+0000] {spark_submit.py:571} INFO - 24/05/18 23:38:10 INFO SparkContext: Starting job: call at /home/***/.local/lib/python3.11/site-packages/pyspark/python/lib/py4j-0.10.9.7-src.zip/py4j/clientserver.py:617
[2024-05-18T23:38:10.185+0000] {spark_submit.py:571} INFO - 24/05/18 23:38:10 INFO DAGScheduler: Got job 0 (call at /home/***/.local/lib/python3.11/site-packages/pyspark/python/lib/py4j-0.10.9.7-src.zip/py4j/clientserver.py:617) with 1 output partitions
[2024-05-18T23:38:10.188+0000] {spark_submit.py:571} INFO - 24/05/18 23:38:10 INFO DAGScheduler: Final stage: ResultStage 0 (call at /home/***/.local/lib/python3.11/site-packages/pyspark/python/lib/py4j-0.10.9.7-src.zip/py4j/clientserver.py:617)
[2024-05-18T23:38:10.193+0000] {spark_submit.py:571} INFO - 24/05/18 23:38:10 INFO DAGScheduler: Parents of final stage: List()
[2024-05-18T23:38:10.193+0000] {spark_submit.py:571} INFO - 24/05/18 23:38:10 INFO DAGScheduler: Missing parents: List()
[2024-05-18T23:38:10.194+0000] {spark_submit.py:571} INFO - 24/05/18 23:38:10 INFO DAGScheduler: Submitting ResultStage 0 (PythonRDD[9] at call at /home/***/.local/lib/python3.11/site-packages/pyspark/python/lib/py4j-0.10.9.7-src.zip/py4j/clientserver.py:617), which has no missing parents
[2024-05-18T23:38:10.298+0000] {spark_submit.py:571} INFO - 24/05/18 23:38:10 INFO MemoryStore: Block broadcast_0 stored as values in memory (estimated size 69.8 KiB, free 434.3 MiB)
[2024-05-18T23:38:10.371+0000] {spark_submit.py:571} INFO - 24/05/18 23:38:10 INFO MemoryStore: Block broadcast_0_piece0 stored as bytes in memory (estimated size 25.5 KiB, free 434.3 MiB)
[2024-05-18T23:38:10.374+0000] {spark_submit.py:571} INFO - 24/05/18 23:38:10 INFO BlockManagerInfo: Added broadcast_0_piece0 in memory on c0373bd0174c:33207 (size: 25.5 KiB, free: 434.4 MiB)
[2024-05-18T23:38:10.378+0000] {spark_submit.py:571} INFO - 24/05/18 23:38:10 INFO SparkContext: Created broadcast 0 from broadcast at DAGScheduler.scala:1585
[2024-05-18T23:38:10.396+0000] {spark_submit.py:571} INFO - 24/05/18 23:38:10 INFO DAGScheduler: Submitting 1 missing tasks from ResultStage 0 (PythonRDD[9] at call at /home/***/.local/lib/python3.11/site-packages/pyspark/python/lib/py4j-0.10.9.7-src.zip/py4j/clientserver.py:617) (first 15 tasks are for partitions Vector(0))
[2024-05-18T23:38:10.401+0000] {spark_submit.py:571} INFO - 24/05/18 23:38:10 INFO TaskSchedulerImpl: Adding task set 0.0 with 1 tasks resource profile 0
[2024-05-18T23:38:10.461+0000] {spark_submit.py:571} INFO - 24/05/18 23:38:10 INFO TaskSetManager: Starting task 0.0 in stage 0.0 (TID 0) (192.168.16.6, executor 0, partition 0, PROCESS_LOCAL, 14270 bytes)
[2024-05-18T23:38:11.215+0000] {spark_submit.py:571} INFO - 24/05/18 23:38:11 INFO BlockManagerInfo: Added broadcast_0_piece0 in memory on 192.168.16.6:44443 (size: 25.5 KiB, free: 434.4 MiB)
[2024-05-18T23:38:26.379+0000] {spark_submit.py:571} INFO - 24/05/18 23:38:26 INFO TaskSetManager: Finished task 0.0 in stage 0.0 (TID 0) in 15922 ms on 192.168.16.6 (executor 0) (1/1)
[2024-05-18T23:38:26.387+0000] {spark_submit.py:571} INFO - 24/05/18 23:38:26 INFO TaskSchedulerImpl: Removed TaskSet 0.0, whose tasks have all completed, from pool
[2024-05-18T23:38:26.395+0000] {spark_submit.py:571} INFO - 24/05/18 23:38:26 INFO PythonAccumulatorV2: Connected to AccumulatorServer at host: 127.0.0.1 port: 36057
[2024-05-18T23:38:26.430+0000] {spark_submit.py:571} INFO - 24/05/18 23:38:26 INFO DAGScheduler: ResultStage 0 (call at /home/***/.local/lib/python3.11/site-packages/pyspark/python/lib/py4j-0.10.9.7-src.zip/py4j/clientserver.py:617) finished in 16.208 s
[2024-05-18T23:38:26.456+0000] {spark_submit.py:571} INFO - 24/05/18 23:38:26 INFO DAGScheduler: Job 0 is finished. Cancelling potential speculative or zombie tasks for this job
[2024-05-18T23:38:26.459+0000] {spark_submit.py:571} INFO - 24/05/18 23:38:26 INFO TaskSchedulerImpl: Killing all running tasks in stage 0: Stage finished
[2024-05-18T23:38:26.464+0000] {spark_submit.py:571} INFO - 24/05/18 23:38:26 INFO DAGScheduler: Job 0 finished: call at /home/***/.local/lib/python3.11/site-packages/pyspark/python/lib/py4j-0.10.9.7-src.zip/py4j/clientserver.py:617, took 16.327777 s
[2024-05-18T23:38:26.707+0000] {spark_submit.py:571} INFO - 24/05/18 23:38:26 INFO CheckpointFileManager: Writing atomically to file:/tmp/temporary-12d11d11-3bd2-4065-aff9-33d8896e3731/commits/0 using temp file file:/tmp/temporary-12d11d11-3bd2-4065-aff9-33d8896e3731/commits/.0.34b9ad14-4d58-4313-a7e0-38034fa614ae.tmp
[2024-05-18T23:38:26.868+0000] {spark_submit.py:571} INFO - 24/05/18 23:38:26 INFO CheckpointFileManager: Renamed temp file file:/tmp/temporary-12d11d11-3bd2-4065-aff9-33d8896e3731/commits/.0.34b9ad14-4d58-4313-a7e0-38034fa614ae.tmp to file:/tmp/temporary-12d11d11-3bd2-4065-aff9-33d8896e3731/commits/0
[2024-05-18T23:38:27.089+0000] {spark_submit.py:571} INFO - 24/05/18 23:38:27 INFO MicroBatchExecution: Streaming query made progress: {
[2024-05-18T23:38:27.092+0000] {spark_submit.py:571} INFO - "id" : "d8882155-b2ef-40c2-bc68-9fd8be0eff56",
[2024-05-18T23:38:27.092+0000] {spark_submit.py:571} INFO - "runId" : "3ef1e9d4-e0bd-48e6-86a6-3932e6d74405",
[2024-05-18T23:38:27.092+0000] {spark_submit.py:571} INFO - "name" : null,
[2024-05-18T23:38:27.093+0000] {spark_submit.py:571} INFO - "timestamp" : "2024-05-18T23:38:03.900Z",
[2024-05-18T23:38:27.093+0000] {spark_submit.py:571} INFO - "batchId" : 0,
[2024-05-18T23:38:27.093+0000] {spark_submit.py:571} INFO - "numInputRows" : 2,
[2024-05-18T23:38:27.094+0000] {spark_submit.py:571} INFO - "inputRowsPerSecond" : 0.0,
[2024-05-18T23:38:27.094+0000] {spark_submit.py:571} INFO - "processedRowsPerSecond" : 0.087070091423596,
[2024-05-18T23:38:27.094+0000] {spark_submit.py:571} INFO - "durationMs" : {
[2024-05-18T23:38:27.095+0000] {spark_submit.py:571} INFO - "addBatch" : 18283,
[2024-05-18T23:38:27.097+0000] {spark_submit.py:571} INFO - "commitOffsets" : 252,
[2024-05-18T23:38:27.098+0000] {spark_submit.py:571} INFO - "getBatch" : 67,
[2024-05-18T23:38:27.099+0000] {spark_submit.py:571} INFO - "latestOffset" : 3202,
[2024-05-18T23:38:27.099+0000] {spark_submit.py:571} INFO - "queryPlanning" : 816,
[2024-05-18T23:38:27.100+0000] {spark_submit.py:571} INFO - "triggerExecution" : 22969,
[2024-05-18T23:38:27.100+0000] {spark_submit.py:571} INFO - "walCommit" : 179
[2024-05-18T23:38:27.100+0000] {spark_submit.py:571} INFO - },
[2024-05-18T23:38:27.100+0000] {spark_submit.py:571} INFO - "stateOperators" : [ ],
[2024-05-18T23:38:27.101+0000] {spark_submit.py:571} INFO - "sources" : [ {
[2024-05-18T23:38:27.101+0000] {spark_submit.py:571} INFO - "description" : "KafkaV2[Subscribe[redfin_properties]]",
[2024-05-18T23:38:27.101+0000] {spark_submit.py:571} INFO - "startOffset" : null,
[2024-05-18T23:38:27.102+0000] {spark_submit.py:571} INFO - "endOffset" : {
[2024-05-18T23:38:27.102+0000] {spark_submit.py:571} INFO - "redfin_properties" : {
[2024-05-18T23:38:27.102+0000] {spark_submit.py:571} INFO - "0" : 2
[2024-05-18T23:38:27.103+0000] {spark_submit.py:571} INFO - }
[2024-05-18T23:38:27.103+0000] {spark_submit.py:571} INFO - },
[2024-05-18T23:38:27.104+0000] {spark_submit.py:571} INFO - "latestOffset" : {
[2024-05-18T23:38:27.105+0000] {spark_submit.py:571} INFO - "redfin_properties" : {
[2024-05-18T23:38:27.106+0000] {spark_submit.py:571} INFO - "0" : 2
[2024-05-18T23:38:27.107+0000] {spark_submit.py:571} INFO - }
[2024-05-18T23:38:27.108+0000] {spark_submit.py:571} INFO - },
[2024-05-18T23:38:27.108+0000] {spark_submit.py:571} INFO - "numInputRows" : 2,
[2024-05-18T23:38:27.108+0000] {spark_submit.py:571} INFO - "inputRowsPerSecond" : 0.0,
[2024-05-18T23:38:27.109+0000] {spark_submit.py:571} INFO - "processedRowsPerSecond" : 0.087070091423596,
[2024-05-18T23:38:27.110+0000] {spark_submit.py:571} INFO - "metrics" : {
[2024-05-18T23:38:27.111+0000] {spark_submit.py:571} INFO - "avgOffsetsBehindLatest" : "0.0",
[2024-05-18T23:38:27.111+0000] {spark_submit.py:571} INFO - "maxOffsetsBehindLatest" : "0",
[2024-05-18T23:38:27.112+0000] {spark_submit.py:571} INFO - "minOffsetsBehindLatest" : "0"
[2024-05-18T23:38:27.112+0000] {spark_submit.py:571} INFO - }
[2024-05-18T23:38:27.113+0000] {spark_submit.py:571} INFO - } ],
[2024-05-18T23:38:27.113+0000] {spark_submit.py:571} INFO - "sink" : {
[2024-05-18T23:38:27.113+0000] {spark_submit.py:571} INFO - "description" : "ForeachBatchSink",
[2024-05-18T23:38:27.113+0000] {spark_submit.py:571} INFO - "numOutputRows" : -1
[2024-05-18T23:38:27.114+0000] {spark_submit.py:571} INFO - }
[2024-05-18T23:38:27.114+0000] {spark_submit.py:571} INFO - }
[2024-05-18T23:38:35.555+0000] {spark_submit.py:571} INFO - 24/05/18 23:38:35 INFO CheckpointFileManager: Writing atomically to file:/tmp/temporary-12d11d11-3bd2-4065-aff9-33d8896e3731/offsets/1 using temp file file:/tmp/temporary-12d11d11-3bd2-4065-aff9-33d8896e3731/offsets/.1.825d7806-9740-47c6-b226-23ce112c863a.tmp
[2024-05-18T23:38:35.658+0000] {spark_submit.py:571} INFO - 24/05/18 23:38:35 INFO CheckpointFileManager: Renamed temp file file:/tmp/temporary-12d11d11-3bd2-4065-aff9-33d8896e3731/offsets/.1.825d7806-9740-47c6-b226-23ce112c863a.tmp to file:/tmp/temporary-12d11d11-3bd2-4065-aff9-33d8896e3731/offsets/1
[2024-05-18T23:38:35.659+0000] {spark_submit.py:571} INFO - 24/05/18 23:38:35 INFO MicroBatchExecution: Committed offsets for batch 1. Metadata OffsetSeqMetadata(0,1716075515505,Map(spark.sql.streaming.stateStore.providerClass -> org.apache.spark.sql.execution.streaming.state.HDFSBackedStateStoreProvider, spark.sql.streaming.join.stateFormatVersion -> 2, spark.sql.streaming.stateStore.compression.codec -> lz4, spark.sql.streaming.stateStore.rocksdb.formatVersion -> 5, spark.sql.streaming.statefulOperator.useStrictDistribution -> true, spark.sql.streaming.flatMapGroupsWithState.stateFormatVersion -> 2, spark.sql.streaming.multipleWatermarkPolicy -> min, spark.sql.streaming.aggregation.stateFormatVersion -> 2, spark.sql.shuffle.partitions -> 200))
[2024-05-18T23:38:36.033+0000] {spark_submit.py:571} INFO - 24/05/18 23:38:36 INFO KafkaOffsetReaderAdmin: Partitions added: Map()
[2024-05-18T23:38:36.046+0000] {spark_submit.py:571} INFO - 24/05/18 23:38:36 INFO KafkaOffsetReaderAdmin: Partitions added: Map()
[2024-05-18T23:38:36.067+0000] {spark_submit.py:571} INFO - 24/05/18 23:38:36 INFO BlockManagerInfo: Removed broadcast_0_piece0 on c0373bd0174c:33207 in memory (size: 25.5 KiB, free: 434.4 MiB)
[2024-05-18T23:38:36.142+0000] {spark_submit.py:571} INFO - 24/05/18 23:38:36 INFO KafkaOffsetReaderAdmin: Partitions added: Map()
[2024-05-18T23:38:36.145+0000] {spark_submit.py:571} INFO - 24/05/18 23:38:36 INFO KafkaOffsetReaderAdmin: Partitions added: Map()
[2024-05-18T23:38:36.248+0000] {spark_submit.py:571} INFO - INFO:py4j.clientserver:Received command c on object id p0
[2024-05-18T23:38:36.363+0000] {spark_submit.py:571} INFO - 24/05/18 23:38:36 INFO BlockManagerInfo: Removed broadcast_0_piece0 on 192.168.16.6:44443 in memory (size: 25.5 KiB, free: 434.4 MiB)
[2024-05-18T23:38:36.475+0000] {spark_submit.py:571} INFO - 24/05/18 23:38:36 INFO SparkContext: Starting job: call at /home/***/.local/lib/python3.11/site-packages/pyspark/python/lib/py4j-0.10.9.7-src.zip/py4j/clientserver.py:617
[2024-05-18T23:38:36.507+0000] {spark_submit.py:571} INFO - 24/05/18 23:38:36 INFO DAGScheduler: Got job 1 (call at /home/***/.local/lib/python3.11/site-packages/pyspark/python/lib/py4j-0.10.9.7-src.zip/py4j/clientserver.py:617) with 1 output partitions
[2024-05-18T23:38:36.509+0000] {spark_submit.py:571} INFO - 24/05/18 23:38:36 INFO DAGScheduler: Final stage: ResultStage 1 (call at /home/***/.local/lib/python3.11/site-packages/pyspark/python/lib/py4j-0.10.9.7-src.zip/py4j/clientserver.py:617)
[2024-05-18T23:38:36.512+0000] {spark_submit.py:571} INFO - 24/05/18 23:38:36 INFO DAGScheduler: Parents of final stage: List()
[2024-05-18T23:38:36.514+0000] {spark_submit.py:571} INFO - 24/05/18 23:38:36 INFO DAGScheduler: Missing parents: List()
[2024-05-18T23:38:36.516+0000] {spark_submit.py:571} INFO - 24/05/18 23:38:36 INFO DAGScheduler: Submitting ResultStage 1 (PythonRDD[19] at call at /home/***/.local/lib/python3.11/site-packages/pyspark/python/lib/py4j-0.10.9.7-src.zip/py4j/clientserver.py:617), which has no missing parents
[2024-05-18T23:38:36.550+0000] {spark_submit.py:571} INFO - 24/05/18 23:38:36 INFO MemoryStore: Block broadcast_1 stored as values in memory (estimated size 69.8 KiB, free 434.3 MiB)
[2024-05-18T23:38:36.562+0000] {spark_submit.py:571} INFO - 24/05/18 23:38:36 INFO MemoryStore: Block broadcast_1_piece0 stored as bytes in memory (estimated size 25.5 KiB, free 434.3 MiB)
[2024-05-18T23:38:36.566+0000] {spark_submit.py:571} INFO - 24/05/18 23:38:36 INFO BlockManagerInfo: Added broadcast_1_piece0 in memory on c0373bd0174c:33207 (size: 25.5 KiB, free: 434.4 MiB)
[2024-05-18T23:38:36.569+0000] {spark_submit.py:571} INFO - 24/05/18 23:38:36 INFO SparkContext: Created broadcast 1 from broadcast at DAGScheduler.scala:1585
[2024-05-18T23:38:36.581+0000] {spark_submit.py:571} INFO - 24/05/18 23:38:36 INFO DAGScheduler: Submitting 1 missing tasks from ResultStage 1 (PythonRDD[19] at call at /home/***/.local/lib/python3.11/site-packages/pyspark/python/lib/py4j-0.10.9.7-src.zip/py4j/clientserver.py:617) (first 15 tasks are for partitions Vector(0))
[2024-05-18T23:38:36.590+0000] {spark_submit.py:571} INFO - 24/05/18 23:38:36 INFO TaskSchedulerImpl: Adding task set 1.0 with 1 tasks resource profile 0
[2024-05-18T23:38:36.596+0000] {spark_submit.py:571} INFO - 24/05/18 23:38:36 INFO TaskSetManager: Starting task 0.0 in stage 1.0 (TID 1) (192.168.16.6, executor 0, partition 0, PROCESS_LOCAL, 14270 bytes)
[2024-05-18T23:38:36.880+0000] {spark_submit.py:571} INFO - 24/05/18 23:38:36 INFO BlockManagerInfo: Added broadcast_1_piece0 in memory on 192.168.16.6:44443 (size: 25.5 KiB, free: 434.4 MiB)
[2024-05-18T23:38:38.532+0000] {spark_submit.py:571} INFO - 24/05/18 23:38:38 INFO TaskSetManager: Finished task 0.0 in stage 1.0 (TID 1) in 1949 ms on 192.168.16.6 (executor 0) (1/1)
[2024-05-18T23:38:38.537+0000] {spark_submit.py:571} INFO - 24/05/18 23:38:38 INFO TaskSchedulerImpl: Removed TaskSet 1.0, whose tasks have all completed, from pool
[2024-05-18T23:38:38.538+0000] {spark_submit.py:571} INFO - 24/05/18 23:38:38 INFO DAGScheduler: ResultStage 1 (call at /home/***/.local/lib/python3.11/site-packages/pyspark/python/lib/py4j-0.10.9.7-src.zip/py4j/clientserver.py:617) finished in 2.011 s
[2024-05-18T23:38:38.539+0000] {spark_submit.py:571} INFO - 24/05/18 23:38:38 INFO DAGScheduler: Job 1 is finished. Cancelling potential speculative or zombie tasks for this job
[2024-05-18T23:38:38.540+0000] {spark_submit.py:571} INFO - 24/05/18 23:38:38 INFO TaskSchedulerImpl: Killing all running tasks in stage 1: Stage finished
[2024-05-18T23:38:38.540+0000] {spark_submit.py:571} INFO - 24/05/18 23:38:38 INFO DAGScheduler: Job 1 finished: call at /home/***/.local/lib/python3.11/site-packages/pyspark/python/lib/py4j-0.10.9.7-src.zip/py4j/clientserver.py:617, took 2.061244 s
[2024-05-18T23:38:38.676+0000] {spark_submit.py:571} INFO - 24/05/18 23:38:38 INFO CheckpointFileManager: Writing atomically to file:/tmp/temporary-12d11d11-3bd2-4065-aff9-33d8896e3731/commits/1 using temp file file:/tmp/temporary-12d11d11-3bd2-4065-aff9-33d8896e3731/commits/.1.63df3b6e-b6a7-44dc-9808-e7b06990e775.tmp
[2024-05-18T23:38:38.763+0000] {spark_submit.py:571} INFO - 24/05/18 23:38:38 INFO CheckpointFileManager: Renamed temp file file:/tmp/temporary-12d11d11-3bd2-4065-aff9-33d8896e3731/commits/.1.63df3b6e-b6a7-44dc-9808-e7b06990e775.tmp to file:/tmp/temporary-12d11d11-3bd2-4065-aff9-33d8896e3731/commits/1
[2024-05-18T23:38:38.772+0000] {spark_submit.py:571} INFO - 24/05/18 23:38:38 INFO MicroBatchExecution: Streaming query made progress: {
[2024-05-18T23:38:38.773+0000] {spark_submit.py:571} INFO - "id" : "d8882155-b2ef-40c2-bc68-9fd8be0eff56",
[2024-05-18T23:38:38.773+0000] {spark_submit.py:571} INFO - "runId" : "3ef1e9d4-e0bd-48e6-86a6-3932e6d74405",
[2024-05-18T23:38:38.774+0000] {spark_submit.py:571} INFO - "name" : null,
[2024-05-18T23:38:38.775+0000] {spark_submit.py:571} INFO - "timestamp" : "2024-05-18T23:38:35.480Z",
[2024-05-18T23:38:38.775+0000] {spark_submit.py:571} INFO - "batchId" : 1,
[2024-05-18T23:38:38.776+0000] {spark_submit.py:571} INFO - "numInputRows" : 1,
[2024-05-18T23:38:38.780+0000] {spark_submit.py:571} INFO - "inputRowsPerSecond" : 37.03703703703704,
[2024-05-18T23:38:38.780+0000] {spark_submit.py:571} INFO - "processedRowsPerSecond" : 0.3045994517209869,
[2024-05-18T23:38:38.780+0000] {spark_submit.py:571} INFO - "durationMs" : {
[2024-05-18T23:38:38.781+0000] {spark_submit.py:571} INFO - "addBatch" : 2523,
[2024-05-18T23:38:38.781+0000] {spark_submit.py:571} INFO - "commitOffsets" : 173,
[2024-05-18T23:38:38.781+0000] {spark_submit.py:571} INFO - "getBatch" : 1,
[2024-05-18T23:38:38.781+0000] {spark_submit.py:571} INFO - "latestOffset" : 25,
[2024-05-18T23:38:38.781+0000] {spark_submit.py:571} INFO - "queryPlanning" : 364,
[2024-05-18T23:38:38.781+0000] {spark_submit.py:571} INFO - "triggerExecution" : 3283,
[2024-05-18T23:38:38.782+0000] {spark_submit.py:571} INFO - "walCommit" : 170
[2024-05-18T23:38:38.782+0000] {spark_submit.py:571} INFO - },
[2024-05-18T23:38:38.784+0000] {spark_submit.py:571} INFO - "stateOperators" : [ ],
[2024-05-18T23:38:38.784+0000] {spark_submit.py:571} INFO - "sources" : [ {
[2024-05-18T23:38:38.785+0000] {spark_submit.py:571} INFO - "description" : "KafkaV2[Subscribe[redfin_properties]]",
[2024-05-18T23:38:38.786+0000] {spark_submit.py:571} INFO - "startOffset" : {
[2024-05-18T23:38:38.787+0000] {spark_submit.py:571} INFO - "redfin_properties" : {
[2024-05-18T23:38:38.787+0000] {spark_submit.py:571} INFO - "0" : 2
[2024-05-18T23:38:38.787+0000] {spark_submit.py:571} INFO - }
[2024-05-18T23:38:38.787+0000] {spark_submit.py:571} INFO - },
[2024-05-18T23:38:38.788+0000] {spark_submit.py:571} INFO - "endOffset" : {
[2024-05-18T23:38:38.788+0000] {spark_submit.py:571} INFO - "redfin_properties" : {
[2024-05-18T23:38:38.788+0000] {spark_submit.py:571} INFO - "0" : 3
[2024-05-18T23:38:38.788+0000] {spark_submit.py:571} INFO - }
[2024-05-18T23:38:38.788+0000] {spark_submit.py:571} INFO - },
[2024-05-18T23:38:38.788+0000] {spark_submit.py:571} INFO - "latestOffset" : {
[2024-05-18T23:38:38.788+0000] {spark_submit.py:571} INFO - "redfin_properties" : {
[2024-05-18T23:38:38.789+0000] {spark_submit.py:571} INFO - "0" : 3
[2024-05-18T23:38:38.789+0000] {spark_submit.py:571} INFO - }
[2024-05-18T23:38:38.789+0000] {spark_submit.py:571} INFO - },
[2024-05-18T23:38:38.789+0000] {spark_submit.py:571} INFO - "numInputRows" : 1,
[2024-05-18T23:38:38.789+0000] {spark_submit.py:571} INFO - "inputRowsPerSecond" : 37.03703703703704,
[2024-05-18T23:38:38.789+0000] {spark_submit.py:571} INFO - "processedRowsPerSecond" : 0.3045994517209869,
[2024-05-18T23:38:38.789+0000] {spark_submit.py:571} INFO - "metrics" : {
[2024-05-18T23:38:38.790+0000] {spark_submit.py:571} INFO - "avgOffsetsBehindLatest" : "0.0",
[2024-05-18T23:38:38.790+0000] {spark_submit.py:571} INFO - "maxOffsetsBehindLatest" : "0",
[2024-05-18T23:38:38.790+0000] {spark_submit.py:571} INFO - "minOffsetsBehindLatest" : "0"
[2024-05-18T23:38:38.790+0000] {spark_submit.py:571} INFO - }
[2024-05-18T23:38:38.790+0000] {spark_submit.py:571} INFO - } ],
[2024-05-18T23:38:38.791+0000] {spark_submit.py:571} INFO - "sink" : {
[2024-05-18T23:38:38.791+0000] {spark_submit.py:571} INFO - "description" : "ForeachBatchSink",
[2024-05-18T23:38:38.792+0000] {spark_submit.py:571} INFO - "numOutputRows" : -1
[2024-05-18T23:38:38.792+0000] {spark_submit.py:571} INFO - }
[2024-05-18T23:38:38.792+0000] {spark_submit.py:571} INFO - }
[2024-05-18T23:38:42.615+0000] {local_task_job_runner.py:310} WARNING - State of this instance has been externally set to None. Terminating instance.
[2024-05-18T23:38:42.667+0000] {local_task_job_runner.py:222} INFO - ::endgroup::
[2024-05-18T23:38:42.679+0000] {process_utils.py:132} INFO - Sending 15 to group 1910. PIDs of all processes in the group: [2018, 2235, 1910]
[2024-05-18T23:38:42.681+0000] {process_utils.py:87} INFO - Sending the signal 15 to group 1910
[2024-05-18T23:38:42.688+0000] {taskinstance.py:2611} ERROR - Received SIGTERM. Terminating subprocesses.
[2024-05-18T23:38:42.699+0000] {spark_submit.py:697} INFO - Sending kill signal to spark-submit
[2024-05-18T23:38:42.715+0000] {taskinstance.py:441} INFO - ::group::Post task execution logs
[2024-05-18T23:38:43.002+0000] {taskinstance.py:2905} ERROR - Task failed with exception
Traceback (most recent call last):
  File "/home/airflow/.local/lib/python3.11/site-packages/airflow/models/taskinstance.py", line 465, in _execute_task
    result = _execute_callable(context=context, **execute_callable_kwargs)
             ^^^^^^^^^^^^^^^^^^^^^^^^^^^^^^^^^^^^^^^^^^^^^^^^^^^^^^^^^^^^^
  File "/home/airflow/.local/lib/python3.11/site-packages/airflow/models/taskinstance.py", line 432, in _execute_callable
    return execute_callable(context=context, **execute_callable_kwargs)
           ^^^^^^^^^^^^^^^^^^^^^^^^^^^^^^^^^^^^^^^^^^^^^^^^^^^^^^^^^^^^
  File "/home/airflow/.local/lib/python3.11/site-packages/airflow/models/baseoperator.py", line 400, in wrapper
    return func(self, *args, **kwargs)
           ^^^^^^^^^^^^^^^^^^^^^^^^^^^
  File "/home/airflow/.local/lib/python3.11/site-packages/airflow/providers/apache/spark/operators/spark_submit.py", line 174, in execute
    self._hook.submit(self.application)
  File "/home/airflow/.local/lib/python3.11/site-packages/airflow/providers/apache/spark/hooks/spark_submit.py", line 490, in submit
    self._process_spark_submit_log(iter(self._submit_sp.stdout))  # type: ignore
    ^^^^^^^^^^^^^^^^^^^^^^^^^^^^^^^^^^^^^^^^^^^^^^^^^^^^^^^^^^^^
  File "/home/airflow/.local/lib/python3.11/site-packages/airflow/providers/apache/spark/hooks/spark_submit.py", line 539, in _process_spark_submit_log
    for line in itr:
  File "/home/airflow/.local/lib/python3.11/site-packages/airflow/models/taskinstance.py", line 2613, in signal_handler
    raise AirflowTaskTerminated("Task received SIGTERM signal")
airflow.exceptions.AirflowTaskTerminated: Task received SIGTERM signal
[2024-05-18T23:38:43.159+0000] {taskinstance.py:1206} INFO - Marking task as UP_FOR_RETRY. dag_id=Real_Estate_Webscraping_ETL, task_id=Process_and_Send_Data_to_DB, run_id=scheduled__2024-05-14T01:30:00+00:00, execution_date=20240514T013000, start_date=20240518T233720, end_date=20240518T233843
[2024-05-18T23:38:43.418+0000] {process_utils.py:80} INFO - Process psutil.Process(pid=2235, status='terminated', started='23:37:48') (2235) terminated with exit code None
[2024-05-18T23:38:43.479+0000] {standard_task_runner.py:110} ERROR - Failed to execute job 349 for task Process_and_Send_Data_to_DB ((psycopg2.errors.ForeignKeyViolation) insert or update on table "task_fail" violates foreign key constraint "task_fail_ti_fkey"
DETAIL:  Key (dag_id, task_id, run_id, map_index)=(Real_Estate_Webscraping_ETL, Process_and_Send_Data_to_DB, scheduled__2024-05-14T01:30:00+00:00, -1) is not present in table "task_instance".

[SQL: INSERT INTO task_fail (task_id, dag_id, run_id, map_index, start_date, end_date, duration) VALUES (%(task_id)s, %(dag_id)s, %(run_id)s, %(map_index)s, %(start_date)s, %(end_date)s, %(duration)s) RETURNING task_fail.id]
[parameters: {'task_id': 'Process_and_Send_Data_to_DB', 'dag_id': 'Real_Estate_Webscraping_ETL', 'run_id': 'scheduled__2024-05-14T01:30:00+00:00', 'map_index': -1, 'start_date': datetime.datetime(2024, 5, 18, 23, 37, 20, 276351, tzinfo=Timezone('UTC')), 'end_date': datetime.datetime(2024, 5, 18, 23, 38, 43, 104974, tzinfo=Timezone('UTC')), 'duration': 82}]
(Background on this error at: https://sqlalche.me/e/14/gkpj); 1910)
[2024-05-18T23:38:43.597+0000] {process_utils.py:80} INFO - Process psutil.Process(pid=2018, status='terminated', started='23:37:23') (2018) terminated with exit code None
[2024-05-18T23:38:43.600+0000] {process_utils.py:80} INFO - Process psutil.Process(pid=1910, status='terminated', exitcode=1, started='23:37:19') (1910) terminated with exit code 1
