[2024-05-18T23:21:28.091+0000] {local_task_job_runner.py:120} INFO - ::group::Pre task execution logs
[2024-05-18T23:21:28.112+0000] {taskinstance.py:2076} INFO - Dependencies all met for dep_context=non-requeueable deps ti=<TaskInstance: Webscrape.Ingest_Data manual__2024-05-18T23:21:26.029997+00:00 [queued]>
[2024-05-18T23:21:28.117+0000] {taskinstance.py:2076} INFO - Dependencies all met for dep_context=requeueable deps ti=<TaskInstance: Webscrape.Ingest_Data manual__2024-05-18T23:21:26.029997+00:00 [queued]>
[2024-05-18T23:21:28.117+0000] {taskinstance.py:2306} INFO - Starting attempt 1 of 6
[2024-05-18T23:21:28.123+0000] {taskinstance.py:2330} INFO - Executing <Task(PythonOperator): Ingest_Data> on 2024-05-18 23:21:26.029997+00:00
[2024-05-18T23:21:28.135+0000] {standard_task_runner.py:63} INFO - Started process 284 to run task
[2024-05-18T23:21:28.138+0000] {standard_task_runner.py:90} INFO - Running: ['***', 'tasks', 'run', 'Webscrape', 'Ingest_Data', 'manual__2024-05-18T23:21:26.029997+00:00', '--job-id', '324', '--raw', '--subdir', 'DAGS_FOLDER/webscrapping.py', '--cfg-path', '/tmp/tmpm5xyxneh']
[2024-05-18T23:21:28.140+0000] {standard_task_runner.py:91} INFO - Job 324: Subtask Ingest_Data
[2024-05-18T23:21:28.205+0000] {task_command.py:426} INFO - Running <TaskInstance: Webscrape.Ingest_Data manual__2024-05-18T23:21:26.029997+00:00 [running]> on host c0373bd0174c
[2024-05-18T23:21:28.302+0000] {taskinstance.py:2648} INFO - Exporting env vars: AIRFLOW_CTX_DAG_OWNER='svc' AIRFLOW_CTX_DAG_ID='Webscrape' AIRFLOW_CTX_TASK_ID='Ingest_Data' AIRFLOW_CTX_EXECUTION_DATE='2024-05-18T23:21:26.029997+00:00' AIRFLOW_CTX_TRY_NUMBER='1' AIRFLOW_CTX_DAG_RUN_ID='manual__2024-05-18T23:21:26.029997+00:00'
[2024-05-18T23:21:28.307+0000] {taskinstance.py:430} INFO - ::endgroup::
[2024-05-18T23:21:28.371+0000] {conn.py:362} INFO - <BrokerConnection node_id=bootstrap-0 host=kafka:9092 <connecting> [IPv4 ('192.168.16.5', 9092)]>: connecting to kafka:9092 [('192.168.16.5', 9092) IPv4]
[2024-05-18T23:21:28.371+0000] {conn.py:957} INFO - Probing node bootstrap-0 broker version
[2024-05-18T23:21:28.373+0000] {conn.py:393} INFO - <BrokerConnection node_id=bootstrap-0 host=kafka:9092 <connecting> [IPv4 ('192.168.16.5', 9092)]>: Connection complete.
[2024-05-18T23:21:28.487+0000] {conn.py:1019} INFO - Broker version identified as 2.6.0
[2024-05-18T23:21:28.490+0000] {conn.py:1020} INFO - Set configuration api_version=(2, 6, 0) to skip auto check_version requests on startup
[2024-05-18T23:21:29.343+0000] {logging_mixin.py:188} INFO - Connecting to Scraping Browser
[2024-05-18T23:21:30.509+0000] {logging_mixin.py:188} INFO - Connected! Navigating to https://www.redfin.com
[2024-05-18T23:21:38.977+0000] {logging_mixin.py:188} INFO - Searching...
[2024-05-18T23:21:46.720+0000] {logging_mixin.py:188} INFO - --------
[2024-05-18T23:21:46.733+0000] {logging_mixin.py:188} INFO - 1
[2024-05-18T23:21:46.735+0000] {logging_mixin.py:188} INFO - Navigating to Listing page: https://www.redfin.com/NC/Charlotte/17113-Soho-Dr-28204/home/170607944
[2024-05-18T23:22:03.968+0000] {logging_mixin.py:188} INFO - Extracting Pictures
[2024-05-18T23:22:07.307+0000] {logging_mixin.py:188} INFO - Extracting Key Details
[2024-05-18T23:22:08.650+0000] {logging_mixin.py:188} INFO - Extracting Listing Agent Details
[2024-05-18T23:22:09.506+0000] {logging_mixin.py:188} INFO - Extracting Redfin Agent Details
[2024-05-18T23:22:10.026+0000] {logging_mixin.py:188} INFO - Extracting Property Details
[2024-05-18T23:22:11.285+0000] {logging_mixin.py:188} INFO - {
  "address": "17113 Soho Dr Charlotte NC 28204",
  "price": "760000",
  "beds": "3",
  "baths": "4.5",
  "link": "https://www.redfin.com/NC/Charlotte/17113-Soho-Dr-28204/home/170607944",
  "photos": [
    "https://ssl.cdn-redfin.com/system_files/media/922567_JPG/item_9.jpg",
    "https://ssl.cdn-redfin.com/system_files/media/922567_JPG/genLdpUgcMediaBrowserUrl/item_11.jpg",
    "https://my.matterport.com/api/v2/player/models/ED3A7ghRwH6/thumb",
    "https://ssl.cdn-redfin.com/system_files/media/922567_JPG/genLdpUgcMediaBrowserUrl/item_13.jpg",
    "https://ssl.cdn-redfin.com/system_files/media/922567_JPG/genLdpUgcMediaBrowserUrl/item_14.jpg",
    "https://ssl.cdn-redfin.com/system_files/media/922567_JPG/item_12.jpg",
    "https://ssl.cdn-redfin.com/system_files/media/922567_JPG/item_18.jpg",
    "https://ssl.cdn-redfin.com/system_files/media/922567_JPG/item_24.jpg",
    "https://ssl.cdn-redfin.com/system_files/media/922567_JPG/item_30.jpg",
    "https://ssl.cdn-redfin.com/system_files/media/922567_JPG/item_36.jpg",
    "https://ssl.cdn-redfin.com/system_files/media/922567_JPG/item_43.jpg",
    "https://ssl.cdn-redfin.com/system_files/media/922567_JPG/item_51.jpg"
  ],
  "hoa_fee": "236",
  "buyers_agent_fee": "2.5",
  "listing_agent_name": "Jon Bartholomew",
  "listing_agent_contact": "jonathan.bartholomew@redfin.com",
  "redfin_agent_name": "Stephen Passarelli",
  "finished_sqft": "",
  "unfinished_sqft": "",
  "total_sqft": "",
  "stories": "4",
  "style": "Townhouse",
  "year_built": "2020",
  "year_renovated": "",
  "county": "Mecklenburg County",
  "APN": "08111612"
}
[2024-05-18T23:22:11.288+0000] {logging_mixin.py:188} INFO - Sending Data to Kafka
[2024-05-18T23:22:11.312+0000] {conn.py:362} INFO - <BrokerConnection node_id=1 host=kafka:9092 <connecting> [IPv4 ('192.168.16.5', 9092)]>: connecting to kafka:9092 [('192.168.16.5', 9092) IPv4]
[2024-05-18T23:22:11.319+0000] {conn.py:393} INFO - <BrokerConnection node_id=1 host=kafka:9092 <connecting> [IPv4 ('192.168.16.5', 9092)]>: Connection complete.
[2024-05-18T23:22:11.321+0000] {conn.py:673} INFO - <BrokerConnection node_id=bootstrap-0 host=kafka:9092 <connected> [IPv4 ('192.168.16.5', 9092)]>: Closing connection. 
[2024-05-18T23:22:11.555+0000] {logging_mixin.py:188} INFO - --------
[2024-05-18T23:22:11.558+0000] {logging_mixin.py:188} INFO - 2
[2024-05-18T23:22:11.570+0000] {logging_mixin.py:188} INFO - Navigating to Listing page: https://www.redfin.com/NC/Charlotte/3200-Dunaire-Dr-28205/home/43938459
[2024-05-18T23:22:28.100+0000] {logging_mixin.py:188} INFO - Extracting Pictures
[2024-05-18T23:22:30.501+0000] {logging_mixin.py:188} INFO - Extracting Key Details
[2024-05-18T23:22:31.437+0000] {logging_mixin.py:188} INFO - Extracting Listing Agent Details
[2024-05-18T23:22:32.211+0000] {logging_mixin.py:188} INFO - Extracting Redfin Agent Details
[2024-05-18T23:22:32.757+0000] {logging_mixin.py:188} INFO - Extracting Property Details
[2024-05-18T23:22:34.188+0000] {logging_mixin.py:188} INFO - {
  "address": "3200 Dunaire Dr Charlotte NC 28205",
  "price": "475000",
  "beds": "3",
  "baths": "2",
  "link": "https://www.redfin.com/NC/Charlotte/3200-Dunaire-Dr-28205/home/43938459",
  "photos": [
    "https://ssl.cdn-redfin.com/system_files/media/919050_JPG/item_1.jpg",
    "https://ssl.cdn-redfin.com/system_files/media/919050_JPG/genLdpUgcMediaBrowserUrl/item_2.jpg",
    "https://my.matterport.com/api/v2/player/models/EL5PrvVRLoz/thumb",
    "https://ssl.cdn-redfin.com/system_files/media/919050_JPG/genLdpUgcMediaBrowserUrl/item_4.jpg",
    "https://ssl.cdn-redfin.com/system_files/media/919050_JPG/genLdpUgcMediaBrowserUrl/item_5.jpg",
    "https://ssl.cdn-redfin.com/system_files/media/919050_JPG/item_3.jpg",
    "https://ssl.cdn-redfin.com/system_files/media/919050_JPG/item_11.jpg",
    "https://ssl.cdn-redfin.com/system_files/media/919050_JPG/item_15.jpg",
    "https://ssl.cdn-redfin.com/system_files/media/919050_JPG/item_21.jpg",
    "https://ssl.cdn-redfin.com/system_files/media/919050_JPG/item_27.jpg",
    "https://ssl.cdn-redfin.com/system_files/media/919050_JPG/item_33.jpg",
    "https://ssl.cdn-redfin.com/system_files/media/919050_JPG/item_39.jpg",
    "https://ssl.cdn-redfin.com/system_files/media/919050_JPG/item_45.jpg"
  ],
  "hoa_fee": "",
  "buyers_agent_fee": "2",
  "listing_agent_name": "Lilliah Moseley",
  "listing_agent_contact": "lilliah.moseley@redfin.com",
  "redfin_agent_name": "Stephen Passarelli",
  "finished_sqft": "1442",
  "unfinished_sqft": "",
  "total_sqft": "1442",
  "stories": "1",
  "style": "Single Family Residential",
  "year_built": "1959",
  "year_renovated": "1970",
  "county": "Mecklenburg County",
  "APN": "10112504"
}
[2024-05-18T23:22:34.191+0000] {logging_mixin.py:188} INFO - Sending Data to Kafka
[2024-05-18T23:22:34.411+0000] {logging_mixin.py:188} INFO - --------
[2024-05-18T23:22:34.413+0000] {logging_mixin.py:188} INFO - 3
[2024-05-18T23:22:34.420+0000] {logging_mixin.py:188} INFO - Navigating to Listing page: https://www.redfin.com/NC/Charlotte/2739-Grand-Union-Way-28209/home/148598761
[2024-05-18T23:22:53.262+0000] {logging_mixin.py:188} INFO - Extracting Pictures
[2024-05-18T23:22:55.725+0000] {local_task_job_runner.py:310} WARNING - State of this instance has been externally set to failed. Terminating instance.
[2024-05-18T23:22:55.837+0000] {local_task_job_runner.py:222} INFO - ::endgroup::
[2024-05-18T23:22:55.880+0000] {process_utils.py:132} INFO - Sending 15 to group 284. PIDs of all processes in the group: [292, 284]
[2024-05-18T23:22:55.890+0000] {process_utils.py:87} INFO - Sending the signal 15 to group 284
[2024-05-18T23:22:55.897+0000] {taskinstance.py:2611} ERROR - Received SIGTERM. Terminating subprocesses.
[2024-05-18T23:22:56.420+0000] {process_utils.py:80} INFO - Process psutil.Process(pid=292, status='terminated', started='23:21:27') (292) terminated with exit code None
[2024-05-18T23:23:55.929+0000] {process_utils.py:150} WARNING - process psutil.Process(pid=284, name='airflow task ru', status='sleeping', started='23:21:27') did not respond to SIGTERM. Trying SIGKILL
[2024-05-18T23:23:56.044+0000] {process_utils.py:87} INFO - Sending the signal 9 to group 284
[2024-05-18T23:23:56.234+0000] {process_utils.py:80} INFO - Process psutil.Process(pid=284, name='airflow task ru', status='terminated', exitcode=<Negsignal.SIGKILL: -9>, started='23:21:27') (284) terminated with exit code -9
[2024-05-18T23:23:56.247+0000] {standard_task_runner.py:178} ERROR - Job 324 was killed before it finished (likely due to running out of memory)
