[2024-05-18T23:08:49.256+0000] {local_task_job_runner.py:120} INFO - ::group::Pre task execution logs
[2024-05-18T23:08:49.283+0000] {taskinstance.py:2076} INFO - Dependencies all met for dep_context=non-requeueable deps ti=<TaskInstance: Webscrape.Process_Send_Data manual__2024-05-18T23:08:47.237233+00:00 [queued]>
[2024-05-18T23:08:49.293+0000] {taskinstance.py:2076} INFO - Dependencies all met for dep_context=requeueable deps ti=<TaskInstance: Webscrape.Process_Send_Data manual__2024-05-18T23:08:47.237233+00:00 [queued]>
[2024-05-18T23:08:49.293+0000] {taskinstance.py:2306} INFO - Starting attempt 1 of 6
[2024-05-18T23:08:49.305+0000] {taskinstance.py:2330} INFO - Executing <Task(SparkSubmitOperator): Process_Send_Data> on 2024-05-18 23:08:47.237233+00:00
[2024-05-18T23:08:49.314+0000] {standard_task_runner.py:63} INFO - Started process 503 to run task
[2024-05-18T23:08:49.319+0000] {standard_task_runner.py:90} INFO - Running: ['***', 'tasks', 'run', 'Webscrape', 'Process_Send_Data', 'manual__2024-05-18T23:08:47.237233+00:00', '--job-id', '317', '--raw', '--subdir', 'DAGS_FOLDER/webscrapping.py', '--cfg-path', '/tmp/tmpwhjj_gre']
[2024-05-18T23:08:49.322+0000] {standard_task_runner.py:91} INFO - Job 317: Subtask Process_Send_Data
[2024-05-18T23:08:49.392+0000] {task_command.py:426} INFO - Running <TaskInstance: Webscrape.Process_Send_Data manual__2024-05-18T23:08:47.237233+00:00 [running]> on host 5bab4fb132fb
[2024-05-18T23:08:49.452+0000] {taskinstance.py:2648} INFO - Exporting env vars: AIRFLOW_CTX_DAG_OWNER='svc' AIRFLOW_CTX_DAG_ID='Webscrape' AIRFLOW_CTX_TASK_ID='Process_Send_Data' AIRFLOW_CTX_EXECUTION_DATE='2024-05-18T23:08:47.237233+00:00' AIRFLOW_CTX_TRY_NUMBER='1' AIRFLOW_CTX_DAG_RUN_ID='manual__2024-05-18T23:08:47.237233+00:00'
[2024-05-18T23:08:49.454+0000] {taskinstance.py:430} INFO - ::endgroup::
[2024-05-18T23:08:49.470+0000] {base.py:84} INFO - Using connection ID 'spark_default' for task execution.
[2024-05-18T23:08:49.471+0000] {spark_submit.py:401} INFO - Spark-Submit cmd: spark-submit --master spark://spark-master:7077 --packages org.apache.spark:spark-sql-kafka-0-10_2.12:3.5.1,com.datastax.spark:spark-cassandra-connector_2.12:3.5.0,org.apache.kafka:kafka-clients:3.5.1,commons-logging:commons-logging:1.2 --name arrow-spark --deploy-mode client dags/includes/jobs/spark_consumer.py
[2024-05-18T23:08:49.586+0000] {spark_submit.py:571} INFO - /home/***/.local/lib/python3.11/site-packages/pyspark/bin/load-spark-env.sh: line 68: ps: command not found
[2024-05-18T23:08:51.657+0000] {spark_submit.py:571} INFO - :: loading settings :: url = jar:file:/home/***/.local/lib/python3.11/site-packages/pyspark/jars/ivy-2.5.1.jar!/org/apache/ivy/core/settings/ivysettings.xml
[2024-05-18T23:08:51.754+0000] {spark_submit.py:571} INFO - Ivy Default Cache set to: /home/***/.ivy2/cache
[2024-05-18T23:08:51.755+0000] {spark_submit.py:571} INFO - The jars for the packages stored in: /home/***/.ivy2/jars
[2024-05-18T23:08:51.759+0000] {spark_submit.py:571} INFO - org.apache.spark#spark-sql-kafka-0-10_2.12 added as a dependency
[2024-05-18T23:08:51.760+0000] {spark_submit.py:571} INFO - com.datastax.spark#spark-cassandra-connector_2.12 added as a dependency
[2024-05-18T23:08:51.761+0000] {spark_submit.py:571} INFO - org.apache.kafka#kafka-clients added as a dependency
[2024-05-18T23:08:51.762+0000] {spark_submit.py:571} INFO - commons-logging#commons-logging added as a dependency
[2024-05-18T23:08:51.763+0000] {spark_submit.py:571} INFO - :: resolving dependencies :: org.apache.spark#spark-submit-parent-7e1a1ece-3056-4d53-a4a1-791b5c62a178;1.0
[2024-05-18T23:08:51.763+0000] {spark_submit.py:571} INFO - confs: [default]
[2024-05-18T23:08:51.886+0000] {spark_submit.py:571} INFO - found org.apache.spark#spark-sql-kafka-0-10_2.12;3.5.1 in central
[2024-05-18T23:08:51.960+0000] {spark_submit.py:571} INFO - found org.apache.spark#spark-token-provider-kafka-0-10_2.12;3.5.1 in central
[2024-05-18T23:08:51.993+0000] {spark_submit.py:571} INFO - found org.apache.hadoop#hadoop-client-runtime;3.3.4 in central
[2024-05-18T23:08:52.018+0000] {spark_submit.py:571} INFO - found org.apache.hadoop#hadoop-client-api;3.3.4 in central
[2024-05-18T23:08:52.033+0000] {spark_submit.py:571} INFO - found org.xerial.snappy#snappy-java;1.1.10.3 in central
[2024-05-18T23:08:52.045+0000] {spark_submit.py:571} INFO - found org.slf4j#slf4j-api;2.0.7 in central
[2024-05-18T23:08:52.056+0000] {spark_submit.py:571} INFO - found com.google.code.findbugs#jsr305;3.0.0 in central
[2024-05-18T23:08:52.065+0000] {spark_submit.py:571} INFO - found org.apache.commons#commons-pool2;2.11.1 in central
[2024-05-18T23:08:52.074+0000] {spark_submit.py:571} INFO - found com.datastax.spark#spark-cassandra-connector_2.12;3.5.0 in central
[2024-05-18T23:08:52.083+0000] {spark_submit.py:571} INFO - found com.datastax.spark#spark-cassandra-connector-driver_2.12;3.5.0 in central
[2024-05-18T23:08:52.092+0000] {spark_submit.py:571} INFO - found org.scala-lang.modules#scala-collection-compat_2.12;2.11.0 in central
[2024-05-18T23:08:52.100+0000] {spark_submit.py:571} INFO - found com.datastax.oss#java-driver-core-shaded;4.13.0 in central
[2024-05-18T23:08:52.111+0000] {spark_submit.py:571} INFO - found com.datastax.oss#native-protocol;1.5.0 in central
[2024-05-18T23:08:52.120+0000] {spark_submit.py:571} INFO - found com.datastax.oss#java-driver-shaded-guava;25.1-jre-graal-sub-1 in central
[2024-05-18T23:08:52.127+0000] {spark_submit.py:571} INFO - found com.typesafe#config;1.4.1 in central
[2024-05-18T23:08:52.138+0000] {spark_submit.py:571} INFO - found io.dropwizard.metrics#metrics-core;4.1.18 in central
[2024-05-18T23:08:52.147+0000] {spark_submit.py:571} INFO - found org.hdrhistogram#HdrHistogram;2.1.12 in central
[2024-05-18T23:08:52.154+0000] {spark_submit.py:571} INFO - found org.reactivestreams#reactive-streams;1.0.3 in central
[2024-05-18T23:08:52.159+0000] {spark_submit.py:571} INFO - found com.github.stephenc.jcip#jcip-annotations;1.0-1 in central
[2024-05-18T23:08:52.164+0000] {spark_submit.py:571} INFO - found com.github.spotbugs#spotbugs-annotations;3.1.12 in central
[2024-05-18T23:08:52.172+0000] {spark_submit.py:571} INFO - found com.google.code.findbugs#jsr305;3.0.2 in central
[2024-05-18T23:08:52.180+0000] {spark_submit.py:571} INFO - found com.datastax.oss#java-driver-mapper-runtime;4.13.0 in central
[2024-05-18T23:08:52.199+0000] {spark_submit.py:571} INFO - found com.datastax.oss#java-driver-query-builder;4.13.0 in central
[2024-05-18T23:08:52.208+0000] {spark_submit.py:571} INFO - found org.apache.commons#commons-lang3;3.10 in central
[2024-05-18T23:08:52.214+0000] {spark_submit.py:571} INFO - found com.thoughtworks.paranamer#paranamer;2.8 in central
[2024-05-18T23:08:52.221+0000] {spark_submit.py:571} INFO - found org.scala-lang#scala-reflect;2.12.11 in central
[2024-05-18T23:08:52.232+0000] {spark_submit.py:571} INFO - found org.apache.kafka#kafka-clients;3.5.1 in central
[2024-05-18T23:08:52.238+0000] {spark_submit.py:571} INFO - found com.github.luben#zstd-jni;1.5.5-1 in central
[2024-05-18T23:08:52.244+0000] {spark_submit.py:571} INFO - found org.lz4#lz4-java;1.8.0 in central
[2024-05-18T23:08:52.254+0000] {spark_submit.py:571} INFO - found commons-logging#commons-logging;1.2 in central
[2024-05-18T23:08:52.286+0000] {spark_submit.py:571} INFO - :: resolution report :: resolve 505ms :: artifacts dl 21ms
[2024-05-18T23:08:52.286+0000] {spark_submit.py:571} INFO - :: modules in use:
[2024-05-18T23:08:52.287+0000] {spark_submit.py:571} INFO - com.datastax.oss#java-driver-core-shaded;4.13.0 from central in [default]
[2024-05-18T23:08:52.289+0000] {spark_submit.py:571} INFO - com.datastax.oss#java-driver-mapper-runtime;4.13.0 from central in [default]
[2024-05-18T23:08:52.290+0000] {spark_submit.py:571} INFO - com.datastax.oss#java-driver-query-builder;4.13.0 from central in [default]
[2024-05-18T23:08:52.291+0000] {spark_submit.py:571} INFO - com.datastax.oss#java-driver-shaded-guava;25.1-jre-graal-sub-1 from central in [default]
[2024-05-18T23:08:52.291+0000] {spark_submit.py:571} INFO - com.datastax.oss#native-protocol;1.5.0 from central in [default]
[2024-05-18T23:08:52.292+0000] {spark_submit.py:571} INFO - com.datastax.spark#spark-cassandra-connector-driver_2.12;3.5.0 from central in [default]
[2024-05-18T23:08:52.292+0000] {spark_submit.py:571} INFO - com.datastax.spark#spark-cassandra-connector_2.12;3.5.0 from central in [default]
[2024-05-18T23:08:52.293+0000] {spark_submit.py:571} INFO - com.github.luben#zstd-jni;1.5.5-1 from central in [default]
[2024-05-18T23:08:52.293+0000] {spark_submit.py:571} INFO - com.github.spotbugs#spotbugs-annotations;3.1.12 from central in [default]
[2024-05-18T23:08:52.294+0000] {spark_submit.py:571} INFO - com.github.stephenc.jcip#jcip-annotations;1.0-1 from central in [default]
[2024-05-18T23:08:52.295+0000] {spark_submit.py:571} INFO - com.google.code.findbugs#jsr305;3.0.2 from central in [default]
[2024-05-18T23:08:52.296+0000] {spark_submit.py:571} INFO - com.thoughtworks.paranamer#paranamer;2.8 from central in [default]
[2024-05-18T23:08:52.297+0000] {spark_submit.py:571} INFO - com.typesafe#config;1.4.1 from central in [default]
[2024-05-18T23:08:52.297+0000] {spark_submit.py:571} INFO - commons-logging#commons-logging;1.2 from central in [default]
[2024-05-18T23:08:52.298+0000] {spark_submit.py:571} INFO - io.dropwizard.metrics#metrics-core;4.1.18 from central in [default]
[2024-05-18T23:08:52.298+0000] {spark_submit.py:571} INFO - org.apache.commons#commons-lang3;3.10 from central in [default]
[2024-05-18T23:08:52.299+0000] {spark_submit.py:571} INFO - org.apache.commons#commons-pool2;2.11.1 from central in [default]
[2024-05-18T23:08:52.299+0000] {spark_submit.py:571} INFO - org.apache.hadoop#hadoop-client-api;3.3.4 from central in [default]
[2024-05-18T23:08:52.299+0000] {spark_submit.py:571} INFO - org.apache.hadoop#hadoop-client-runtime;3.3.4 from central in [default]
[2024-05-18T23:08:52.300+0000] {spark_submit.py:571} INFO - org.apache.kafka#kafka-clients;3.5.1 from central in [default]
[2024-05-18T23:08:52.300+0000] {spark_submit.py:571} INFO - org.apache.spark#spark-sql-kafka-0-10_2.12;3.5.1 from central in [default]
[2024-05-18T23:08:52.300+0000] {spark_submit.py:571} INFO - org.apache.spark#spark-token-provider-kafka-0-10_2.12;3.5.1 from central in [default]
[2024-05-18T23:08:52.301+0000] {spark_submit.py:571} INFO - org.hdrhistogram#HdrHistogram;2.1.12 from central in [default]
[2024-05-18T23:08:52.303+0000] {spark_submit.py:571} INFO - org.lz4#lz4-java;1.8.0 from central in [default]
[2024-05-18T23:08:52.304+0000] {spark_submit.py:571} INFO - org.reactivestreams#reactive-streams;1.0.3 from central in [default]
[2024-05-18T23:08:52.304+0000] {spark_submit.py:571} INFO - org.scala-lang#scala-reflect;2.12.11 from central in [default]
[2024-05-18T23:08:52.304+0000] {spark_submit.py:571} INFO - org.scala-lang.modules#scala-collection-compat_2.12;2.11.0 from central in [default]
[2024-05-18T23:08:52.305+0000] {spark_submit.py:571} INFO - org.slf4j#slf4j-api;2.0.7 from central in [default]
[2024-05-18T23:08:52.305+0000] {spark_submit.py:571} INFO - org.xerial.snappy#snappy-java;1.1.10.3 from central in [default]
[2024-05-18T23:08:52.306+0000] {spark_submit.py:571} INFO - :: evicted modules:
[2024-05-18T23:08:52.306+0000] {spark_submit.py:571} INFO - org.apache.kafka#kafka-clients;3.4.1 by [org.apache.kafka#kafka-clients;3.5.1] in [default]
[2024-05-18T23:08:52.306+0000] {spark_submit.py:571} INFO - commons-logging#commons-logging;1.1.3 by [commons-logging#commons-logging;1.2] in [default]
[2024-05-18T23:08:52.306+0000] {spark_submit.py:571} INFO - com.google.code.findbugs#jsr305;3.0.0 by [com.google.code.findbugs#jsr305;3.0.2] in [default]
[2024-05-18T23:08:52.307+0000] {spark_submit.py:571} INFO - org.slf4j#slf4j-api;1.7.26 by [org.slf4j#slf4j-api;2.0.7] in [default]
[2024-05-18T23:08:52.307+0000] {spark_submit.py:571} INFO - org.xerial.snappy#snappy-java;1.1.10.1 by [org.xerial.snappy#snappy-java;1.1.10.3] in [default]
[2024-05-18T23:08:52.308+0000] {spark_submit.py:571} INFO - org.slf4j#slf4j-api;1.7.36 by [org.slf4j#slf4j-api;2.0.7] in [default]
[2024-05-18T23:08:52.308+0000] {spark_submit.py:571} INFO - ---------------------------------------------------------------------
[2024-05-18T23:08:52.309+0000] {spark_submit.py:571} INFO - |                  |            modules            ||   artifacts   |
[2024-05-18T23:08:52.309+0000] {spark_submit.py:571} INFO - |       conf       | number| search|dwnlded|evicted|| number|dwnlded|
[2024-05-18T23:08:52.311+0000] {spark_submit.py:571} INFO - ---------------------------------------------------------------------
[2024-05-18T23:08:52.311+0000] {spark_submit.py:571} INFO - |      default     |   35  |   0   |   0   |   6   ||   29  |   0   |
[2024-05-18T23:08:52.312+0000] {spark_submit.py:571} INFO - ---------------------------------------------------------------------
[2024-05-18T23:08:52.312+0000] {spark_submit.py:571} INFO - :: retrieving :: org.apache.spark#spark-submit-parent-7e1a1ece-3056-4d53-a4a1-791b5c62a178
[2024-05-18T23:08:52.313+0000] {spark_submit.py:571} INFO - confs: [default]
[2024-05-18T23:08:52.313+0000] {spark_submit.py:571} INFO - 0 artifacts copied, 29 already retrieved (0kB/13ms)
[2024-05-18T23:08:52.503+0000] {spark_submit.py:571} INFO - 24/05/18 23:08:52 WARN NativeCodeLoader: Unable to load native-hadoop library for your platform... using builtin-java classes where applicable
[2024-05-18T23:08:54.884+0000] {spark_submit.py:571} INFO - Traceback (most recent call last):
[2024-05-18T23:08:54.887+0000] {spark_submit.py:571} INFO - File "/opt/***/dags/includes/jobs/spark_consumer.py", line 6, in <module>
[2024-05-18T23:08:54.887+0000] {spark_submit.py:571} INFO - from config import configuration
[2024-05-18T23:08:54.887+0000] {spark_submit.py:571} INFO - ModuleNotFoundError: No module named 'config'
[2024-05-18T23:08:55.172+0000] {spark_submit.py:571} INFO - 24/05/18 23:08:55 INFO ShutdownHookManager: Shutdown hook called
[2024-05-18T23:08:55.174+0000] {spark_submit.py:571} INFO - 24/05/18 23:08:55 INFO ShutdownHookManager: Deleting directory /tmp/spark-5e8bf05e-f21f-4088-a4a9-d7b834329295
[2024-05-18T23:08:55.245+0000] {taskinstance.py:441} INFO - ::group::Post task execution logs
[2024-05-18T23:08:55.268+0000] {taskinstance.py:2905} ERROR - Task failed with exception
Traceback (most recent call last):
  File "/home/airflow/.local/lib/python3.11/site-packages/airflow/models/taskinstance.py", line 465, in _execute_task
    result = _execute_callable(context=context, **execute_callable_kwargs)
             ^^^^^^^^^^^^^^^^^^^^^^^^^^^^^^^^^^^^^^^^^^^^^^^^^^^^^^^^^^^^^
  File "/home/airflow/.local/lib/python3.11/site-packages/airflow/models/taskinstance.py", line 432, in _execute_callable
    return execute_callable(context=context, **execute_callable_kwargs)
           ^^^^^^^^^^^^^^^^^^^^^^^^^^^^^^^^^^^^^^^^^^^^^^^^^^^^^^^^^^^^
  File "/home/airflow/.local/lib/python3.11/site-packages/airflow/models/baseoperator.py", line 400, in wrapper
    return func(self, *args, **kwargs)
           ^^^^^^^^^^^^^^^^^^^^^^^^^^^
  File "/home/airflow/.local/lib/python3.11/site-packages/airflow/providers/apache/spark/operators/spark_submit.py", line 174, in execute
    self._hook.submit(self.application)
  File "/home/airflow/.local/lib/python3.11/site-packages/airflow/providers/apache/spark/hooks/spark_submit.py", line 502, in submit
    raise AirflowException(
airflow.exceptions.AirflowException: Cannot execute: spark-submit --master spark://spark-master:7077 --packages org.apache.spark:spark-sql-kafka-0-10_2.12:3.5.1,com.datastax.spark:spark-cassandra-connector_2.12:3.5.0,org.apache.kafka:kafka-clients:3.5.1,commons-logging:commons-logging:1.2 --name arrow-spark --deploy-mode client dags/includes/jobs/spark_consumer.py. Error code is: 1.
[2024-05-18T23:08:55.283+0000] {taskinstance.py:1206} INFO - Marking task as UP_FOR_RETRY. dag_id=Webscrape, task_id=Process_Send_Data, run_id=manual__2024-05-18T23:08:47.237233+00:00, execution_date=20240518T230847, start_date=20240518T230849, end_date=20240518T230855
[2024-05-18T23:08:55.296+0000] {standard_task_runner.py:110} ERROR - Failed to execute job 317 for task Process_Send_Data (Cannot execute: spark-submit --master spark://spark-master:7077 --packages org.apache.spark:spark-sql-kafka-0-10_2.12:3.5.1,com.datastax.spark:spark-cassandra-connector_2.12:3.5.0,org.apache.kafka:kafka-clients:3.5.1,commons-logging:commons-logging:1.2 --name arrow-spark --deploy-mode client dags/includes/jobs/spark_consumer.py. Error code is: 1.; 503)
[2024-05-18T23:08:55.325+0000] {local_task_job_runner.py:240} INFO - Task exited with return code 1
[2024-05-18T23:08:55.343+0000] {taskinstance.py:3498} INFO - 0 downstream tasks scheduled from follow-on schedule check
[2024-05-18T23:08:55.343+0000] {local_task_job_runner.py:222} INFO - ::endgroup::
