[2024-05-19T00:07:19.577+0000] {local_task_job_runner.py:120} INFO - ::group::Pre task execution logs
[2024-05-19T00:07:20.086+0000] {taskinstance.py:2076} INFO - Dependencies all met for dep_context=non-requeueable deps ti=<TaskInstance: Real_Estate_Webscraping_ETL.Process_and_Send_Data_to_DB scheduled__2024-05-17T12:59:00+00:00 [queued]>
[2024-05-19T00:07:20.114+0000] {taskinstance.py:2076} INFO - Dependencies all met for dep_context=requeueable deps ti=<TaskInstance: Real_Estate_Webscraping_ETL.Process_and_Send_Data_to_DB scheduled__2024-05-17T12:59:00+00:00 [queued]>
[2024-05-19T00:07:20.133+0000] {taskinstance.py:2306} INFO - Starting attempt 4 of 6
[2024-05-19T00:07:20.671+0000] {taskinstance.py:2330} INFO - Executing <Task(SparkSubmitOperator): Process_and_Send_Data_to_DB> on 2024-05-17 12:59:00+00:00
[2024-05-19T00:07:21.670+0000] {standard_task_runner.py:63} INFO - Started process 254 to run task
[2024-05-19T00:07:22.759+0000] {standard_task_runner.py:90} INFO - Running: ['***', 'tasks', 'run', 'Real_Estate_Webscraping_ETL', 'Process_and_Send_Data_to_DB', 'scheduled__2024-05-17T12:59:00+00:00', '--job-id', '435', '--raw', '--subdir', 'DAGS_FOLDER/webscrapping.py', '--cfg-path', '/tmp/tmpwjb1zt_4']
[2024-05-19T00:07:23.252+0000] {standard_task_runner.py:91} INFO - Job 435: Subtask Process_and_Send_Data_to_DB
[2024-05-19T00:07:32.072+0000] {task_command.py:426} INFO - Running <TaskInstance: Real_Estate_Webscraping_ETL.Process_and_Send_Data_to_DB scheduled__2024-05-17T12:59:00+00:00 [running]> on host eddd84e36bad
[2024-05-19T00:07:35.088+0000] {taskinstance.py:2648} INFO - Exporting env vars: AIRFLOW_CTX_DAG_OWNER='svc' AIRFLOW_CTX_DAG_ID='Real_Estate_Webscraping_ETL' AIRFLOW_CTX_TASK_ID='Process_and_Send_Data_to_DB' AIRFLOW_CTX_EXECUTION_DATE='2024-05-17T12:59:00+00:00' AIRFLOW_CTX_TRY_NUMBER='4' AIRFLOW_CTX_DAG_RUN_ID='scheduled__2024-05-17T12:59:00+00:00'
[2024-05-19T00:07:35.276+0000] {taskinstance.py:430} INFO - ::endgroup::
[2024-05-19T00:07:37.672+0000] {base.py:84} INFO - Using connection ID 'spark_default' for task execution.
[2024-05-19T00:07:37.834+0000] {spark_submit.py:401} INFO - Spark-Submit cmd: spark-submit --master spark://spark-master:7077 --packages org.apache.spark:spark-sql-kafka-0-10_2.12:3.5.1,com.datastax.spark:spark-cassandra-connector_2.12:3.5.0,org.apache.kafka:kafka-clients:3.5.1,commons-logging:commons-logging:1.2 --name arrow-spark --deploy-mode client dags/includes/jobs/spark_consumer.py
[2024-05-19T00:07:40.551+0000] {spark_submit.py:571} INFO - /home/***/.local/lib/python3.11/site-packages/pyspark/bin/load-spark-env.sh: line 68: ps: command not found
[2024-05-19T00:08:51.662+0000] {spark_submit.py:571} INFO - :: loading settings :: url = jar:file:/home/***/.local/lib/python3.11/site-packages/pyspark/jars/ivy-2.5.1.jar!/org/apache/ivy/core/settings/ivysettings.xml
[2024-05-19T00:08:53.776+0000] {spark_submit.py:571} INFO - Ivy Default Cache set to: /home/***/.ivy2/cache
[2024-05-19T00:08:53.816+0000] {spark_submit.py:571} INFO - The jars for the packages stored in: /home/***/.ivy2/jars
[2024-05-19T00:08:53.909+0000] {spark_submit.py:571} INFO - org.apache.spark#spark-sql-kafka-0-10_2.12 added as a dependency
[2024-05-19T00:08:53.919+0000] {spark_submit.py:571} INFO - com.datastax.spark#spark-cassandra-connector_2.12 added as a dependency
[2024-05-19T00:08:53.924+0000] {spark_submit.py:571} INFO - org.apache.kafka#kafka-clients added as a dependency
[2024-05-19T00:08:53.928+0000] {spark_submit.py:571} INFO - commons-logging#commons-logging added as a dependency
[2024-05-19T00:08:53.928+0000] {spark_submit.py:571} INFO - :: resolving dependencies :: org.apache.spark#spark-submit-parent-5d644c64-d1f9-4876-a3fc-ce7d1b69a000;1.0
[2024-05-19T00:08:53.929+0000] {spark_submit.py:571} INFO - confs: [default]
[2024-05-19T00:09:14.069+0000] {spark_submit.py:571} INFO - found org.apache.spark#spark-sql-kafka-0-10_2.12;3.5.1 in central
[2024-05-19T00:09:18.300+0000] {spark_submit.py:571} INFO - found org.apache.spark#spark-token-provider-kafka-0-10_2.12;3.5.1 in central
[2024-05-19T00:09:21.807+0000] {spark_submit.py:571} INFO - found com.google.code.findbugs#jsr305;3.0.0 in central
[2024-05-19T00:09:24.229+0000] {spark_submit.py:571} INFO - found org.apache.commons#commons-pool2;2.11.1 in central
[2024-05-19T00:09:24.743+0000] {spark_submit.py:571} INFO - found com.datastax.spark#spark-cassandra-connector_2.12;3.5.0 in central
[2024-05-19T00:09:25.726+0000] {spark_submit.py:571} INFO - found com.datastax.spark#spark-cassandra-connector-driver_2.12;3.5.0 in central
[2024-05-19T00:09:26.159+0000] {spark_submit.py:571} INFO - found org.scala-lang.modules#scala-collection-compat_2.12;2.11.0 in central
[2024-05-19T00:09:26.485+0000] {spark_submit.py:571} INFO - found com.datastax.oss#java-driver-core-shaded;4.13.0 in central
[2024-05-19T00:09:27.548+0000] {spark_submit.py:571} INFO - found com.datastax.oss#native-protocol;1.5.0 in central
[2024-05-19T00:09:28.013+0000] {spark_submit.py:571} INFO - found com.datastax.oss#java-driver-shaded-guava;25.1-jre-graal-sub-1 in central
[2024-05-19T00:09:28.062+0000] {spark_submit.py:571} INFO - found com.typesafe#config;1.4.1 in central
[2024-05-19T00:09:28.106+0000] {spark_submit.py:571} INFO - found org.slf4j#slf4j-api;1.7.26 in central
[2024-05-19T00:09:28.148+0000] {spark_submit.py:571} INFO - found io.dropwizard.metrics#metrics-core;4.1.18 in central
[2024-05-19T00:09:28.174+0000] {spark_submit.py:571} INFO - found org.hdrhistogram#HdrHistogram;2.1.12 in central
[2024-05-19T00:09:28.200+0000] {spark_submit.py:571} INFO - found org.reactivestreams#reactive-streams;1.0.3 in central
[2024-05-19T00:09:28.836+0000] {spark_submit.py:571} INFO - found com.github.stephenc.jcip#jcip-annotations;1.0-1 in central
[2024-05-19T00:09:28.940+0000] {spark_submit.py:571} INFO - found com.github.spotbugs#spotbugs-annotations;3.1.12 in central
[2024-05-19T00:09:29.080+0000] {spark_submit.py:571} INFO - found com.google.code.findbugs#jsr305;3.0.2 in central
[2024-05-19T00:09:29.145+0000] {spark_submit.py:571} INFO - found com.datastax.oss#java-driver-mapper-runtime;4.13.0 in central
[2024-05-19T00:09:29.160+0000] {spark_submit.py:571} INFO - found com.datastax.oss#java-driver-query-builder;4.13.0 in central
[2024-05-19T00:09:29.750+0000] {spark_submit.py:571} INFO - found org.apache.commons#commons-lang3;3.10 in central
[2024-05-19T00:09:29.820+0000] {spark_submit.py:571} INFO - found com.thoughtworks.paranamer#paranamer;2.8 in central
[2024-05-19T00:09:29.925+0000] {spark_submit.py:571} INFO - found org.scala-lang#scala-reflect;2.12.11 in central
[2024-05-19T00:09:30.179+0000] {spark_submit.py:571} INFO - found org.apache.kafka#kafka-clients;3.5.1 in central
[2024-05-19T00:09:30.578+0000] {spark_submit.py:571} INFO - found com.github.luben#zstd-jni;1.5.5-1 in spark-list
[2024-05-19T00:09:32.124+0000] {spark_submit.py:571} INFO - found org.lz4#lz4-java;1.8.0 in central
[2024-05-19T00:09:32.647+0000] {spark_submit.py:571} INFO - found org.xerial.snappy#snappy-java;1.1.10.1 in central
[2024-05-19T00:09:34.442+0000] {spark_submit.py:571} INFO - found org.slf4j#slf4j-api;1.7.36 in central
[2024-05-19T00:09:37.898+0000] {spark_submit.py:571} INFO - found commons-logging#commons-logging;1.2 in central
[2024-05-19T00:09:39.628+0000] {spark_submit.py:571} INFO - downloading https://repo1.maven.org/maven2/org/apache/kafka/kafka-clients/3.5.1/kafka-clients-3.5.1.jar ...
[2024-05-19T00:09:52.256+0000] {spark_submit.py:571} INFO - downloading https://repo1.maven.org/maven2/com/thoughtworks/paranamer/paranamer/2.8/paranamer-2.8.jar ...
[2024-05-19T00:09:52.817+0000] {spark_submit.py:571} INFO - [SUCCESSFUL ] com.thoughtworks.paranamer#paranamer;2.8!paranamer.jar(bundle) (1095ms)
[2024-05-19T00:09:53.782+0000] {spark_submit.py:571} INFO - downloading https://repo1.maven.org/maven2/org/scala-lang/scala-reflect/2.12.11/scala-reflect-2.12.11.jar ...
[2024-05-19T00:10:12.206+0000] {spark_submit.py:571} INFO - downloading https://repo1.maven.org/maven2/org/xerial/snappy/snappy-java/1.1.10.1/snappy-java-1.1.10.1.jar ...
[2024-05-19T00:10:13.288+0000] {spark_submit.py:571} INFO - :: resolution report :: resolve 45440ms :: artifacts dl 33869ms
[2024-05-19T00:10:13.312+0000] {spark_submit.py:571} INFO - :: modules in use:
[2024-05-19T00:10:13.435+0000] {spark_submit.py:571} INFO - com.datastax.oss#java-driver-core-shaded;4.13.0 from central in [default]
[2024-05-19T00:10:13.480+0000] {spark_submit.py:571} INFO - com.datastax.oss#java-driver-mapper-runtime;4.13.0 from central in [default]
[2024-05-19T00:10:13.486+0000] {spark_submit.py:571} INFO - com.datastax.oss#java-driver-query-builder;4.13.0 from central in [default]
[2024-05-19T00:10:13.490+0000] {spark_submit.py:571} INFO - com.datastax.oss#java-driver-shaded-guava;25.1-jre-graal-sub-1 from central in [default]
[2024-05-19T00:10:13.492+0000] {spark_submit.py:571} INFO - com.datastax.oss#native-protocol;1.5.0 from central in [default]
[2024-05-19T00:10:13.492+0000] {spark_submit.py:571} INFO - com.datastax.spark#spark-cassandra-connector-driver_2.12;3.5.0 from central in [default]
[2024-05-19T00:10:13.493+0000] {spark_submit.py:571} INFO - com.datastax.spark#spark-cassandra-connector_2.12;3.5.0 from central in [default]
[2024-05-19T00:10:13.493+0000] {spark_submit.py:571} INFO - com.github.luben#zstd-jni;1.5.5-1 from spark-list in [default]
[2024-05-19T00:10:13.493+0000] {spark_submit.py:571} INFO - com.github.spotbugs#spotbugs-annotations;3.1.12 from central in [default]
[2024-05-19T00:10:13.496+0000] {spark_submit.py:571} INFO - com.github.stephenc.jcip#jcip-annotations;1.0-1 from central in [default]
[2024-05-19T00:10:13.507+0000] {spark_submit.py:571} INFO - com.google.code.findbugs#jsr305;3.0.2 from central in [default]
[2024-05-19T00:10:13.567+0000] {spark_submit.py:571} INFO - com.thoughtworks.paranamer#paranamer;2.8 from central in [default]
[2024-05-19T00:10:13.574+0000] {spark_submit.py:571} INFO - com.typesafe#config;1.4.1 from central in [default]
[2024-05-19T00:10:13.581+0000] {spark_submit.py:571} INFO - commons-logging#commons-logging;1.2 from central in [default]
[2024-05-19T00:10:13.600+0000] {spark_submit.py:571} INFO - io.dropwizard.metrics#metrics-core;4.1.18 from central in [default]
[2024-05-19T00:10:13.602+0000] {spark_submit.py:571} INFO - org.apache.commons#commons-lang3;3.10 from central in [default]
[2024-05-19T00:10:13.608+0000] {spark_submit.py:571} INFO - org.apache.commons#commons-pool2;2.11.1 from central in [default]
[2024-05-19T00:10:13.613+0000] {spark_submit.py:571} INFO - org.apache.kafka#kafka-clients;3.5.1 from central in [default]
[2024-05-19T00:10:13.622+0000] {spark_submit.py:571} INFO - org.apache.spark#spark-sql-kafka-0-10_2.12;3.5.1 from central in [default]
[2024-05-19T00:10:13.635+0000] {spark_submit.py:571} INFO - org.apache.spark#spark-token-provider-kafka-0-10_2.12;3.5.1 from central in [default]
[2024-05-19T00:10:13.655+0000] {spark_submit.py:571} INFO - org.hdrhistogram#HdrHistogram;2.1.12 from central in [default]
[2024-05-19T00:10:13.664+0000] {spark_submit.py:571} INFO - org.lz4#lz4-java;1.8.0 from central in [default]
[2024-05-19T00:10:13.681+0000] {spark_submit.py:571} INFO - org.reactivestreams#reactive-streams;1.0.3 from central in [default]
[2024-05-19T00:10:13.708+0000] {spark_submit.py:571} INFO - org.scala-lang#scala-reflect;2.12.11 from central in [default]
[2024-05-19T00:10:13.709+0000] {spark_submit.py:571} INFO - org.scala-lang.modules#scala-collection-compat_2.12;2.11.0 from central in [default]
[2024-05-19T00:10:13.718+0000] {spark_submit.py:571} INFO - org.slf4j#slf4j-api;1.7.36 from central in [default]
[2024-05-19T00:10:13.728+0000] {spark_submit.py:571} INFO - org.xerial.snappy#snappy-java;1.1.10.1 from central in [default]
[2024-05-19T00:10:13.741+0000] {spark_submit.py:571} INFO - :: evicted modules:
[2024-05-19T00:10:13.757+0000] {spark_submit.py:571} INFO - org.apache.kafka#kafka-clients;3.4.1 by [org.apache.kafka#kafka-clients;3.5.1] in [default]
[2024-05-19T00:10:13.763+0000] {spark_submit.py:571} INFO - com.google.code.findbugs#jsr305;3.0.0 by [com.google.code.findbugs#jsr305;3.0.2] in [default]
[2024-05-19T00:10:13.778+0000] {spark_submit.py:571} INFO - org.slf4j#slf4j-api;1.7.26 by [org.slf4j#slf4j-api;1.7.36] in [default]
[2024-05-19T00:10:13.809+0000] {spark_submit.py:571} INFO - ---------------------------------------------------------------------
[2024-05-19T00:10:13.844+0000] {spark_submit.py:571} INFO - |                  |            modules            ||   artifacts   |
[2024-05-19T00:10:13.853+0000] {spark_submit.py:571} INFO - |       conf       | number| search|dwnlded|evicted|| number|dwnlded|
[2024-05-19T00:10:13.894+0000] {spark_submit.py:571} INFO - ---------------------------------------------------------------------
[2024-05-19T00:10:13.918+0000] {spark_submit.py:571} INFO - |      default     |   31  |   8   |   8   |   3   ||   27  |   1   |
[2024-05-19T00:10:13.935+0000] {spark_submit.py:571} INFO - ---------------------------------------------------------------------
[2024-05-19T00:10:15.487+0000] {spark_submit.py:571} INFO - 
[2024-05-19T00:10:15.514+0000] {spark_submit.py:571} INFO - :: problems summary ::
[2024-05-19T00:10:15.515+0000] {spark_submit.py:571} INFO - :::: WARNINGS
[2024-05-19T00:10:15.519+0000] {spark_submit.py:571} INFO - impossible to put metadata file in cache: https://repo1.maven.org/maven2/org/apache/apache/18/apache-18.pom (18) (java.io.FileNotFoundException: /home/***/.ivy2/cache/org.apache/apache/ivy-18.xml.original (No such file or directory))
[2024-05-19T00:10:15.552+0000] {spark_submit.py:571} INFO - 
[2024-05-19T00:10:15.566+0000] {spark_submit.py:571} INFO - problem while downloading module descriptor: https://repo1.maven.org/maven2/org/apache/hadoop/hadoop-project/3.3.4/hadoop-project-3.3.4.pom: Downloaded file size (0) doesn't match expected Content Length (93822) for https://repo1.maven.org/maven2/org/apache/hadoop/hadoop-project/3.3.4/hadoop-project-3.3.4.pom. Please retry. (176ms)
[2024-05-19T00:10:15.572+0000] {spark_submit.py:571} INFO - 
[2024-05-19T00:10:15.596+0000] {spark_submit.py:571} INFO - io problem while parsing ivy file: https://repo1.maven.org/maven2/org/apache/hadoop/hadoop-client-runtime/3.3.4/hadoop-client-runtime-3.3.4.pom (java.io.IOException: Impossible to load parent for file:/home/***/.ivy2/cache/org.apache.hadoop/hadoop-client-runtime/ivy-3.3.4.xml.original. Parent=org.apache.hadoop#hadoop-project;3.3.4)
[2024-05-19T00:10:15.618+0000] {spark_submit.py:571} INFO - 
[2024-05-19T00:10:15.618+0000] {spark_submit.py:571} INFO - module not found: org.apache.hadoop#hadoop-client-runtime;3.3.4
[2024-05-19T00:10:15.619+0000] {spark_submit.py:571} INFO - 
[2024-05-19T00:10:15.623+0000] {spark_submit.py:571} INFO - ==== local-m2-cache: tried
[2024-05-19T00:10:15.630+0000] {spark_submit.py:571} INFO - 
[2024-05-19T00:10:15.631+0000] {spark_submit.py:571} INFO - file:/home/***/.m2/repository/org/apache/hadoop/hadoop-project/3.3.4/hadoop-project-3.3.4.pom
[2024-05-19T00:10:15.649+0000] {spark_submit.py:571} INFO - 
[2024-05-19T00:10:15.652+0000] {spark_submit.py:571} INFO - -- artifact org.apache.hadoop#hadoop-project;3.3.4!hadoop-project.jar:
[2024-05-19T00:10:15.657+0000] {spark_submit.py:571} INFO - 
[2024-05-19T00:10:15.670+0000] {spark_submit.py:571} INFO - file:/home/***/.m2/repository/org/apache/hadoop/hadoop-project/3.3.4/hadoop-project-3.3.4.jar
[2024-05-19T00:10:15.674+0000] {spark_submit.py:571} INFO - 
[2024-05-19T00:10:15.677+0000] {spark_submit.py:571} INFO - ==== local-ivy-cache: tried
[2024-05-19T00:10:15.679+0000] {spark_submit.py:571} INFO - 
[2024-05-19T00:10:15.683+0000] {spark_submit.py:571} INFO - /home/***/.ivy2/local/org.apache.hadoop/hadoop-project/3.3.4/ivys/ivy.xml
[2024-05-19T00:10:15.704+0000] {spark_submit.py:571} INFO - 
[2024-05-19T00:10:15.721+0000] {spark_submit.py:571} INFO - -- artifact org.apache.hadoop#hadoop-project;3.3.4!hadoop-project.jar:
[2024-05-19T00:10:15.728+0000] {spark_submit.py:571} INFO - 
[2024-05-19T00:10:15.729+0000] {spark_submit.py:571} INFO - /home/***/.ivy2/local/org.apache.hadoop/hadoop-project/3.3.4/jars/hadoop-project.jar
[2024-05-19T00:10:15.733+0000] {spark_submit.py:571} INFO - 
[2024-05-19T00:10:15.744+0000] {spark_submit.py:571} INFO - ==== central: tried
[2024-05-19T00:10:15.755+0000] {spark_submit.py:571} INFO - 
[2024-05-19T00:10:15.756+0000] {spark_submit.py:571} INFO - https://repo1.maven.org/maven2/org/apache/hadoop/hadoop-project/3.3.4/hadoop-project-3.3.4.pom
[2024-05-19T00:10:15.757+0000] {spark_submit.py:571} INFO - 
[2024-05-19T00:10:15.757+0000] {spark_submit.py:571} INFO - ==== spark-packages: tried
[2024-05-19T00:10:15.764+0000] {spark_submit.py:571} INFO - 
[2024-05-19T00:10:15.766+0000] {spark_submit.py:571} INFO - https://repos.spark-packages.org/org/apache/hadoop/hadoop-client-runtime/3.3.4/hadoop-client-runtime-3.3.4.pom
[2024-05-19T00:10:15.768+0000] {spark_submit.py:571} INFO - 
[2024-05-19T00:10:15.771+0000] {spark_submit.py:571} INFO - -- artifact org.apache.hadoop#hadoop-client-runtime;3.3.4!hadoop-client-runtime.jar:
[2024-05-19T00:10:15.773+0000] {spark_submit.py:571} INFO - 
[2024-05-19T00:10:15.773+0000] {spark_submit.py:571} INFO - https://repos.spark-packages.org/org/apache/hadoop/hadoop-client-runtime/3.3.4/hadoop-client-runtime-3.3.4.jar
[2024-05-19T00:10:15.773+0000] {spark_submit.py:571} INFO - 
[2024-05-19T00:10:15.774+0000] {spark_submit.py:571} INFO - [FAILED     ] org.apache.kafka#kafka-clients;3.5.1!kafka-clients.jar: Downloaded file size (0) doesn't match expected Content Length (5246932) for https://repo1.maven.org/maven2/org/apache/kafka/kafka-clients/3.5.1/kafka-clients-3.5.1.jar. Please retry. (10762ms)
[2024-05-19T00:10:15.775+0000] {spark_submit.py:571} INFO - 
[2024-05-19T00:10:15.781+0000] {spark_submit.py:571} INFO - [FAILED     ] org.apache.kafka#kafka-clients;3.5.1!kafka-clients.jar: Downloaded file size (0) doesn't match expected Content Length (5246932) for https://repo1.maven.org/maven2/org/apache/kafka/kafka-clients/3.5.1/kafka-clients-3.5.1.jar. Please retry. (10762ms)
[2024-05-19T00:10:15.793+0000] {spark_submit.py:571} INFO - 
[2024-05-19T00:10:15.797+0000] {spark_submit.py:571} INFO - ==== central: tried
[2024-05-19T00:10:15.804+0000] {spark_submit.py:571} INFO - 
[2024-05-19T00:10:15.822+0000] {spark_submit.py:571} INFO - https://repo1.maven.org/maven2/org/apache/kafka/kafka-clients/3.5.1/kafka-clients-3.5.1.jar
[2024-05-19T00:10:15.828+0000] {spark_submit.py:571} INFO - 
[2024-05-19T00:10:15.837+0000] {spark_submit.py:571} INFO - [FAILED     ] org.scala-lang#scala-reflect;2.12.11!scala-reflect.jar: Downloaded file size (0) doesn't match expected Content Length (3681570) for https://repo1.maven.org/maven2/org/scala-lang/scala-reflect/2.12.11/scala-reflect-2.12.11.jar. Please retry. (17851ms)
[2024-05-19T00:10:15.841+0000] {spark_submit.py:571} INFO - 
[2024-05-19T00:10:15.847+0000] {spark_submit.py:571} INFO - [FAILED     ] org.scala-lang#scala-reflect;2.12.11!scala-reflect.jar: Downloaded file size (0) doesn't match expected Content Length (3681570) for https://repo1.maven.org/maven2/org/scala-lang/scala-reflect/2.12.11/scala-reflect-2.12.11.jar. Please retry. (17851ms)
[2024-05-19T00:10:15.851+0000] {spark_submit.py:571} INFO - 
[2024-05-19T00:10:15.854+0000] {spark_submit.py:571} INFO - ==== central: tried
[2024-05-19T00:10:15.861+0000] {spark_submit.py:571} INFO - 
[2024-05-19T00:10:15.871+0000] {spark_submit.py:571} INFO - https://repo1.maven.org/maven2/org/scala-lang/scala-reflect/2.12.11/scala-reflect-2.12.11.jar
[2024-05-19T00:10:15.877+0000] {spark_submit.py:571} INFO - 
[2024-05-19T00:10:15.885+0000] {spark_submit.py:571} INFO - [FAILED     ] org.xerial.snappy#snappy-java;1.1.10.1!snappy-java.jar(bundle): Downloaded file size (0) doesn't match expected Content Length (1773713) for https://repo1.maven.org/maven2/org/xerial/snappy/snappy-java/1.1.10.1/snappy-java-1.1.10.1.jar. Please retry. (1152ms)
[2024-05-19T00:10:15.888+0000] {spark_submit.py:571} INFO - 
[2024-05-19T00:10:15.891+0000] {spark_submit.py:571} INFO - [FAILED     ] org.xerial.snappy#snappy-java;1.1.10.1!snappy-java.jar(bundle): Downloaded file size (0) doesn't match expected Content Length (1773713) for https://repo1.maven.org/maven2/org/xerial/snappy/snappy-java/1.1.10.1/snappy-java-1.1.10.1.jar. Please retry. (1152ms)
[2024-05-19T00:10:15.898+0000] {spark_submit.py:571} INFO - 
[2024-05-19T00:10:15.905+0000] {spark_submit.py:571} INFO - ==== central: tried
[2024-05-19T00:10:15.929+0000] {spark_submit.py:571} INFO - 
[2024-05-19T00:10:15.938+0000] {spark_submit.py:571} INFO - https://repo1.maven.org/maven2/org/xerial/snappy/snappy-java/1.1.10.1/snappy-java-1.1.10.1.jar
[2024-05-19T00:10:15.944+0000] {spark_submit.py:571} INFO - 
[2024-05-19T00:10:15.951+0000] {spark_submit.py:571} INFO - ::::::::::::::::::::::::::::::::::::::::::::::
[2024-05-19T00:10:15.954+0000] {spark_submit.py:571} INFO - 
[2024-05-19T00:10:15.960+0000] {spark_submit.py:571} INFO - ::          UNRESOLVED DEPENDENCIES         ::
[2024-05-19T00:10:15.962+0000] {spark_submit.py:571} INFO - 
[2024-05-19T00:10:15.963+0000] {spark_submit.py:571} INFO - ::::::::::::::::::::::::::::::::::::::::::::::
[2024-05-19T00:10:15.964+0000] {spark_submit.py:571} INFO - 
[2024-05-19T00:10:15.967+0000] {spark_submit.py:571} INFO - :: org.apache.hadoop#hadoop-client-runtime;3.3.4: not found
[2024-05-19T00:10:15.991+0000] {spark_submit.py:571} INFO - 
[2024-05-19T00:10:15.997+0000] {spark_submit.py:571} INFO - ::::::::::::::::::::::::::::::::::::::::::::::
[2024-05-19T00:10:16.010+0000] {spark_submit.py:571} INFO - 
[2024-05-19T00:10:16.015+0000] {spark_submit.py:571} INFO - 
[2024-05-19T00:10:16.017+0000] {spark_submit.py:571} INFO - ::::::::::::::::::::::::::::::::::::::::::::::
[2024-05-19T00:10:16.033+0000] {spark_submit.py:571} INFO - 
[2024-05-19T00:10:16.046+0000] {spark_submit.py:571} INFO - ::              FAILED DOWNLOADS            ::
[2024-05-19T00:10:16.054+0000] {spark_submit.py:571} INFO - 
[2024-05-19T00:10:16.065+0000] {spark_submit.py:571} INFO - :: ^ see resolution messages for details  ^ ::
[2024-05-19T00:10:16.070+0000] {spark_submit.py:571} INFO - 
[2024-05-19T00:10:16.077+0000] {spark_submit.py:571} INFO - ::::::::::::::::::::::::::::::::::::::::::::::
[2024-05-19T00:10:16.080+0000] {spark_submit.py:571} INFO - 
[2024-05-19T00:10:16.086+0000] {spark_submit.py:571} INFO - :: org.scala-lang#scala-reflect;2.12.11!scala-reflect.jar
[2024-05-19T00:10:16.092+0000] {spark_submit.py:571} INFO - 
[2024-05-19T00:10:16.117+0000] {spark_submit.py:571} INFO - :: org.apache.kafka#kafka-clients;3.5.1!kafka-clients.jar
[2024-05-19T00:10:16.125+0000] {spark_submit.py:571} INFO - 
[2024-05-19T00:10:16.132+0000] {spark_submit.py:571} INFO - :: org.xerial.snappy#snappy-java;1.1.10.1!snappy-java.jar(bundle)
[2024-05-19T00:10:16.139+0000] {spark_submit.py:571} INFO - 
[2024-05-19T00:10:16.140+0000] {spark_submit.py:571} INFO - ::::::::::::::::::::::::::::::::::::::::::::::
[2024-05-19T00:10:16.141+0000] {spark_submit.py:571} INFO - 
[2024-05-19T00:10:16.142+0000] {spark_submit.py:571} INFO - 
[2024-05-19T00:10:16.143+0000] {spark_submit.py:571} INFO - 
[2024-05-19T00:10:16.145+0000] {spark_submit.py:571} INFO - :: USE VERBOSE OR DEBUG MESSAGE LEVEL FOR MORE DETAILS
[2024-05-19T00:10:16.152+0000] {spark_submit.py:571} INFO - Exception in thread "main" java.lang.RuntimeException: [unresolved dependency: org.apache.hadoop#hadoop-client-runtime;3.3.4: not found, download failed: org.scala-lang#scala-reflect;2.12.11!scala-reflect.jar, download failed: org.apache.kafka#kafka-clients;3.5.1!kafka-clients.jar, download failed: org.xerial.snappy#snappy-java;1.1.10.1!snappy-java.jar(bundle)]
[2024-05-19T00:10:16.163+0000] {spark_submit.py:571} INFO - at org.apache.spark.deploy.SparkSubmitUtils$.resolveMavenCoordinates(SparkSubmit.scala:1608)
[2024-05-19T00:10:16.167+0000] {spark_submit.py:571} INFO - at org.apache.spark.util.DependencyUtils$.resolveMavenDependencies(DependencyUtils.scala:185)
[2024-05-19T00:10:16.190+0000] {spark_submit.py:571} INFO - at org.apache.spark.deploy.SparkSubmit.prepareSubmitEnvironment(SparkSubmit.scala:334)
[2024-05-19T00:10:16.194+0000] {spark_submit.py:571} INFO - at org.apache.spark.deploy.SparkSubmit.org$apache$spark$deploy$SparkSubmit$$runMain(SparkSubmit.scala:964)
[2024-05-19T00:10:16.201+0000] {spark_submit.py:571} INFO - at org.apache.spark.deploy.SparkSubmit.doRunMain$1(SparkSubmit.scala:194)
[2024-05-19T00:10:16.208+0000] {spark_submit.py:571} INFO - at org.apache.spark.deploy.SparkSubmit.submit(SparkSubmit.scala:217)
[2024-05-19T00:10:16.210+0000] {spark_submit.py:571} INFO - at org.apache.spark.deploy.SparkSubmit.doSubmit(SparkSubmit.scala:91)
[2024-05-19T00:10:16.214+0000] {spark_submit.py:571} INFO - at org.apache.spark.deploy.SparkSubmit$$anon$2.doSubmit(SparkSubmit.scala:1120)
[2024-05-19T00:10:16.223+0000] {spark_submit.py:571} INFO - at org.apache.spark.deploy.SparkSubmit$.main(SparkSubmit.scala:1129)
[2024-05-19T00:10:16.230+0000] {spark_submit.py:571} INFO - at org.apache.spark.deploy.SparkSubmit.main(SparkSubmit.scala)
[2024-05-19T00:10:16.846+0000] {taskinstance.py:441} INFO - ::group::Post task execution logs
[2024-05-19T00:10:22.242+0000] {taskinstance.py:2905} ERROR - Task failed with exception
Traceback (most recent call last):
  File "/home/airflow/.local/lib/python3.11/site-packages/airflow/models/taskinstance.py", line 465, in _execute_task
    result = _execute_callable(context=context, **execute_callable_kwargs)
             ^^^^^^^^^^^^^^^^^^^^^^^^^^^^^^^^^^^^^^^^^^^^^^^^^^^^^^^^^^^^^
  File "/home/airflow/.local/lib/python3.11/site-packages/airflow/models/taskinstance.py", line 432, in _execute_callable
    return execute_callable(context=context, **execute_callable_kwargs)
           ^^^^^^^^^^^^^^^^^^^^^^^^^^^^^^^^^^^^^^^^^^^^^^^^^^^^^^^^^^^^
  File "/home/airflow/.local/lib/python3.11/site-packages/airflow/models/baseoperator.py", line 400, in wrapper
    return func(self, *args, **kwargs)
           ^^^^^^^^^^^^^^^^^^^^^^^^^^^
  File "/home/airflow/.local/lib/python3.11/site-packages/airflow/providers/apache/spark/operators/spark_submit.py", line 174, in execute
    self._hook.submit(self.application)
  File "/home/airflow/.local/lib/python3.11/site-packages/airflow/providers/apache/spark/hooks/spark_submit.py", line 502, in submit
    raise AirflowException(
airflow.exceptions.AirflowException: Cannot execute: spark-submit --master spark://spark-master:7077 --packages org.apache.spark:spark-sql-kafka-0-10_2.12:3.5.1,com.datastax.spark:spark-cassandra-connector_2.12:3.5.0,org.apache.kafka:kafka-clients:3.5.1,commons-logging:commons-logging:1.2 --name arrow-spark --deploy-mode client dags/includes/jobs/spark_consumer.py. Error code is: 1.
[2024-05-19T00:10:22.559+0000] {taskinstance.py:1206} INFO - Marking task as UP_FOR_RETRY. dag_id=Real_Estate_Webscraping_ETL, task_id=Process_and_Send_Data_to_DB, run_id=scheduled__2024-05-17T12:59:00+00:00, execution_date=20240517T125900, start_date=20240519T000720, end_date=20240519T001022
[2024-05-19T00:10:22.973+0000] {standard_task_runner.py:110} ERROR - Failed to execute job 435 for task Process_and_Send_Data_to_DB (Cannot execute: spark-submit --master spark://spark-master:7077 --packages org.apache.spark:spark-sql-kafka-0-10_2.12:3.5.1,com.datastax.spark:spark-cassandra-connector_2.12:3.5.0,org.apache.kafka:kafka-clients:3.5.1,commons-logging:commons-logging:1.2 --name arrow-spark --deploy-mode client dags/includes/jobs/spark_consumer.py. Error code is: 1.; 254)
[2024-05-19T00:10:23.204+0000] {local_task_job_runner.py:240} INFO - Task exited with return code 1
[2024-05-19T00:10:23.907+0000] {taskinstance.py:3498} INFO - 0 downstream tasks scheduled from follow-on schedule check
[2024-05-19T00:10:23.912+0000] {local_task_job_runner.py:222} INFO - ::endgroup::
