[2024-05-18T23:42:29.367+0000] {local_task_job_runner.py:120} INFO - ::group::Pre task execution logs
[2024-05-18T23:42:31.343+0000] {taskinstance.py:2076} INFO - Dependencies all met for dep_context=non-requeueable deps ti=<TaskInstance: Real_Estate_Webscraping_ETL.Process_and_Send_Data_to_DB scheduled__2024-05-17T12:59:00+00:00 [queued]>
[2024-05-18T23:42:31.504+0000] {taskinstance.py:2076} INFO - Dependencies all met for dep_context=requeueable deps ti=<TaskInstance: Real_Estate_Webscraping_ETL.Process_and_Send_Data_to_DB scheduled__2024-05-17T12:59:00+00:00 [queued]>
[2024-05-18T23:42:31.507+0000] {taskinstance.py:2306} INFO - Starting attempt 1 of 6
[2024-05-18T23:42:31.789+0000] {taskinstance.py:2330} INFO - Executing <Task(SparkSubmitOperator): Process_and_Send_Data_to_DB> on 2024-05-17 12:59:00+00:00
[2024-05-18T23:42:32.139+0000] {standard_task_runner.py:63} INFO - Started process 2743 to run task
[2024-05-18T23:42:32.771+0000] {standard_task_runner.py:90} INFO - Running: ['***', 'tasks', 'run', 'Real_Estate_Webscraping_ETL', 'Process_and_Send_Data_to_DB', 'scheduled__2024-05-17T12:59:00+00:00', '--job-id', '369', '--raw', '--subdir', 'DAGS_FOLDER/webscrapping.py', '--cfg-path', '/tmp/tmpo4qzu5ld']
[2024-05-18T23:42:35.150+0000] {standard_task_runner.py:91} INFO - Job 369: Subtask Process_and_Send_Data_to_DB
[2024-05-18T23:42:49.547+0000] {task_command.py:426} INFO - Running <TaskInstance: Real_Estate_Webscraping_ETL.Process_and_Send_Data_to_DB scheduled__2024-05-17T12:59:00+00:00 [running]> on host c0373bd0174c
[2024-05-18T23:42:50.554+0000] {taskinstance.py:2648} INFO - Exporting env vars: AIRFLOW_CTX_DAG_OWNER='svc' AIRFLOW_CTX_DAG_ID='Real_Estate_Webscraping_ETL' AIRFLOW_CTX_TASK_ID='Process_and_Send_Data_to_DB' AIRFLOW_CTX_EXECUTION_DATE='2024-05-17T12:59:00+00:00' AIRFLOW_CTX_TRY_NUMBER='1' AIRFLOW_CTX_DAG_RUN_ID='scheduled__2024-05-17T12:59:00+00:00'
[2024-05-18T23:42:50.610+0000] {taskinstance.py:430} INFO - ::endgroup::
[2024-05-18T23:42:51.719+0000] {base.py:84} INFO - Using connection ID 'spark_default' for task execution.
[2024-05-18T23:42:51.784+0000] {spark_submit.py:401} INFO - Spark-Submit cmd: spark-submit --master spark://spark-master:7077 --packages org.apache.spark:spark-sql-kafka-0-10_2.12:3.5.1,com.datastax.spark:spark-cassandra-connector_2.12:3.5.0,org.apache.kafka:kafka-clients:3.5.1,commons-logging:commons-logging:1.2 --name arrow-spark --deploy-mode client dags/includes/jobs/spark_consumer.py
[2024-05-18T23:42:56.077+0000] {spark_submit.py:571} INFO - /home/***/.local/lib/python3.11/site-packages/pyspark/bin/load-spark-env.sh: line 68: ps: command not found
[2024-05-18T23:45:29.377+0000] {spark_submit.py:571} INFO - :: loading settings :: url = jar:file:/home/***/.local/lib/python3.11/site-packages/pyspark/jars/ivy-2.5.1.jar!/org/apache/ivy/core/settings/ivysettings.xml
[2024-05-18T23:45:41.425+0000] {spark_submit.py:571} INFO - Ivy Default Cache set to: /home/***/.ivy2/cache
[2024-05-18T23:45:42.178+0000] {spark_submit.py:571} INFO - The jars for the packages stored in: /home/***/.ivy2/jars
[2024-05-18T23:45:42.344+0000] {spark_submit.py:571} INFO - org.apache.spark#spark-sql-kafka-0-10_2.12 added as a dependency
[2024-05-18T23:45:42.399+0000] {spark_submit.py:571} INFO - com.datastax.spark#spark-cassandra-connector_2.12 added as a dependency
[2024-05-18T23:45:42.441+0000] {spark_submit.py:571} INFO - org.apache.kafka#kafka-clients added as a dependency
[2024-05-18T23:45:42.446+0000] {spark_submit.py:571} INFO - commons-logging#commons-logging added as a dependency
[2024-05-18T23:45:42.500+0000] {spark_submit.py:571} INFO - :: resolving dependencies :: org.apache.spark#spark-submit-parent-504a606b-7292-4558-811a-24c2f0fe96da;1.0
[2024-05-18T23:45:42.546+0000] {spark_submit.py:571} INFO - confs: [default]
[2024-05-18T23:46:08.822+0000] {spark_submit.py:571} INFO - found org.apache.spark#spark-sql-kafka-0-10_2.12;3.5.1 in spark-list
[2024-05-18T23:46:11.211+0000] {spark_submit.py:571} INFO - found org.apache.spark#spark-token-provider-kafka-0-10_2.12;3.5.1 in central
[2024-05-18T23:46:12.334+0000] {spark_submit.py:571} INFO - found org.apache.hadoop#hadoop-client-runtime;3.3.4 in central
[2024-05-18T23:46:13.317+0000] {spark_submit.py:571} INFO - found org.apache.hadoop#hadoop-client-api;3.3.4 in central
[2024-05-18T23:46:13.407+0000] {spark_submit.py:571} INFO - found org.xerial.snappy#snappy-java;1.1.10.3 in central
[2024-05-18T23:46:13.498+0000] {spark_submit.py:571} INFO - found org.slf4j#slf4j-api;2.0.7 in central
[2024-05-18T23:46:13.590+0000] {spark_submit.py:571} INFO - found com.google.code.findbugs#jsr305;3.0.0 in central
[2024-05-18T23:46:13.642+0000] {spark_submit.py:571} INFO - found org.apache.commons#commons-pool2;2.11.1 in central
[2024-05-18T23:46:14.122+0000] {spark_submit.py:571} INFO - found com.datastax.spark#spark-cassandra-connector_2.12;3.5.0 in central
[2024-05-18T23:46:14.302+0000] {spark_submit.py:571} INFO - found com.datastax.spark#spark-cassandra-connector-driver_2.12;3.5.0 in central
[2024-05-18T23:46:14.400+0000] {spark_submit.py:571} INFO - found org.scala-lang.modules#scala-collection-compat_2.12;2.11.0 in central
[2024-05-18T23:46:14.619+0000] {spark_submit.py:571} INFO - found com.datastax.oss#java-driver-core-shaded;4.13.0 in central
[2024-05-18T23:46:15.050+0000] {spark_submit.py:571} INFO - found com.datastax.oss#native-protocol;1.5.0 in central
[2024-05-18T23:46:15.207+0000] {spark_submit.py:571} INFO - found com.datastax.oss#java-driver-shaded-guava;25.1-jre-graal-sub-1 in central
[2024-05-18T23:46:15.504+0000] {spark_submit.py:571} INFO - found com.typesafe#config;1.4.1 in central
[2024-05-18T23:46:15.891+0000] {spark_submit.py:571} INFO - found io.dropwizard.metrics#metrics-core;4.1.18 in central
[2024-05-18T23:46:16.053+0000] {spark_submit.py:571} INFO - found org.hdrhistogram#HdrHistogram;2.1.12 in central
[2024-05-18T23:46:16.190+0000] {spark_submit.py:571} INFO - found org.reactivestreams#reactive-streams;1.0.3 in central
[2024-05-18T23:46:16.294+0000] {spark_submit.py:571} INFO - found com.github.stephenc.jcip#jcip-annotations;1.0-1 in central
[2024-05-18T23:46:16.816+0000] {spark_submit.py:571} INFO - found com.github.spotbugs#spotbugs-annotations;3.1.12 in central
[2024-05-18T23:46:17.115+0000] {spark_submit.py:571} INFO - found com.google.code.findbugs#jsr305;3.0.2 in central
[2024-05-18T23:46:17.474+0000] {spark_submit.py:571} INFO - found com.datastax.oss#java-driver-mapper-runtime;4.13.0 in central
[2024-05-18T23:46:17.612+0000] {spark_submit.py:571} INFO - found com.datastax.oss#java-driver-query-builder;4.13.0 in central
[2024-05-18T23:46:18.079+0000] {spark_submit.py:571} INFO - found org.apache.commons#commons-lang3;3.10 in central
[2024-05-18T23:46:18.140+0000] {spark_submit.py:571} INFO - found com.thoughtworks.paranamer#paranamer;2.8 in central
[2024-05-18T23:46:18.190+0000] {spark_submit.py:571} INFO - found org.scala-lang#scala-reflect;2.12.11 in central
[2024-05-18T23:46:18.382+0000] {spark_submit.py:571} INFO - found org.apache.kafka#kafka-clients;3.5.1 in central
[2024-05-18T23:46:18.552+0000] {spark_submit.py:571} INFO - found com.github.luben#zstd-jni;1.5.5-1 in central
[2024-05-18T23:46:18.613+0000] {spark_submit.py:571} INFO - found org.lz4#lz4-java;1.8.0 in central
[2024-05-18T23:46:18.907+0000] {spark_submit.py:571} INFO - found commons-logging#commons-logging;1.2 in central
[2024-05-18T23:46:19.511+0000] {spark_submit.py:571} INFO - :: resolution report :: resolve 36863ms :: artifacts dl 232ms
[2024-05-18T23:46:19.563+0000] {spark_submit.py:571} INFO - :: modules in use:
[2024-05-18T23:46:19.569+0000] {spark_submit.py:571} INFO - com.datastax.oss#java-driver-core-shaded;4.13.0 from central in [default]
[2024-05-18T23:46:19.574+0000] {spark_submit.py:571} INFO - com.datastax.oss#java-driver-mapper-runtime;4.13.0 from central in [default]
[2024-05-18T23:46:19.575+0000] {spark_submit.py:571} INFO - com.datastax.oss#java-driver-query-builder;4.13.0 from central in [default]
[2024-05-18T23:46:19.576+0000] {spark_submit.py:571} INFO - com.datastax.oss#java-driver-shaded-guava;25.1-jre-graal-sub-1 from central in [default]
[2024-05-18T23:46:19.590+0000] {spark_submit.py:571} INFO - com.datastax.oss#native-protocol;1.5.0 from central in [default]
[2024-05-18T23:46:19.591+0000] {spark_submit.py:571} INFO - com.datastax.spark#spark-cassandra-connector-driver_2.12;3.5.0 from central in [default]
[2024-05-18T23:46:19.592+0000] {spark_submit.py:571} INFO - com.datastax.spark#spark-cassandra-connector_2.12;3.5.0 from central in [default]
[2024-05-18T23:46:19.592+0000] {spark_submit.py:571} INFO - com.github.luben#zstd-jni;1.5.5-1 from central in [default]
[2024-05-18T23:46:19.596+0000] {spark_submit.py:571} INFO - com.github.spotbugs#spotbugs-annotations;3.1.12 from central in [default]
[2024-05-18T23:46:19.601+0000] {spark_submit.py:571} INFO - com.github.stephenc.jcip#jcip-annotations;1.0-1 from central in [default]
[2024-05-18T23:46:19.602+0000] {spark_submit.py:571} INFO - com.google.code.findbugs#jsr305;3.0.2 from central in [default]
[2024-05-18T23:46:19.602+0000] {spark_submit.py:571} INFO - com.thoughtworks.paranamer#paranamer;2.8 from central in [default]
[2024-05-18T23:46:19.603+0000] {spark_submit.py:571} INFO - com.typesafe#config;1.4.1 from central in [default]
[2024-05-18T23:46:19.603+0000] {spark_submit.py:571} INFO - commons-logging#commons-logging;1.2 from central in [default]
[2024-05-18T23:46:19.606+0000] {spark_submit.py:571} INFO - io.dropwizard.metrics#metrics-core;4.1.18 from central in [default]
[2024-05-18T23:46:19.609+0000] {spark_submit.py:571} INFO - org.apache.commons#commons-lang3;3.10 from central in [default]
[2024-05-18T23:46:19.609+0000] {spark_submit.py:571} INFO - org.apache.commons#commons-pool2;2.11.1 from central in [default]
[2024-05-18T23:46:19.612+0000] {spark_submit.py:571} INFO - org.apache.hadoop#hadoop-client-api;3.3.4 from central in [default]
[2024-05-18T23:46:19.612+0000] {spark_submit.py:571} INFO - org.apache.hadoop#hadoop-client-runtime;3.3.4 from central in [default]
[2024-05-18T23:46:19.612+0000] {spark_submit.py:571} INFO - org.apache.kafka#kafka-clients;3.5.1 from central in [default]
[2024-05-18T23:46:19.614+0000] {spark_submit.py:571} INFO - org.apache.spark#spark-sql-kafka-0-10_2.12;3.5.1 from spark-list in [default]
[2024-05-18T23:46:19.614+0000] {spark_submit.py:571} INFO - org.apache.spark#spark-token-provider-kafka-0-10_2.12;3.5.1 from central in [default]
[2024-05-18T23:46:19.616+0000] {spark_submit.py:571} INFO - org.hdrhistogram#HdrHistogram;2.1.12 from central in [default]
[2024-05-18T23:46:19.618+0000] {spark_submit.py:571} INFO - org.lz4#lz4-java;1.8.0 from central in [default]
[2024-05-18T23:46:19.619+0000] {spark_submit.py:571} INFO - org.reactivestreams#reactive-streams;1.0.3 from central in [default]
[2024-05-18T23:46:19.626+0000] {spark_submit.py:571} INFO - org.scala-lang#scala-reflect;2.12.11 from central in [default]
[2024-05-18T23:46:19.628+0000] {spark_submit.py:571} INFO - org.scala-lang.modules#scala-collection-compat_2.12;2.11.0 from central in [default]
[2024-05-18T23:46:19.640+0000] {spark_submit.py:571} INFO - org.slf4j#slf4j-api;2.0.7 from central in [default]
[2024-05-18T23:46:19.640+0000] {spark_submit.py:571} INFO - org.xerial.snappy#snappy-java;1.1.10.3 from central in [default]
[2024-05-18T23:46:19.641+0000] {spark_submit.py:571} INFO - :: evicted modules:
[2024-05-18T23:46:19.641+0000] {spark_submit.py:571} INFO - org.apache.kafka#kafka-clients;3.4.1 by [org.apache.kafka#kafka-clients;3.5.1] in [default]
[2024-05-18T23:46:19.641+0000] {spark_submit.py:571} INFO - commons-logging#commons-logging;1.1.3 by [commons-logging#commons-logging;1.2] in [default]
[2024-05-18T23:46:19.642+0000] {spark_submit.py:571} INFO - com.google.code.findbugs#jsr305;3.0.0 by [com.google.code.findbugs#jsr305;3.0.2] in [default]
[2024-05-18T23:46:19.642+0000] {spark_submit.py:571} INFO - org.slf4j#slf4j-api;1.7.26 by [org.slf4j#slf4j-api;2.0.7] in [default]
[2024-05-18T23:46:19.642+0000] {spark_submit.py:571} INFO - org.xerial.snappy#snappy-java;1.1.10.1 by [org.xerial.snappy#snappy-java;1.1.10.3] in [default]
[2024-05-18T23:46:19.642+0000] {spark_submit.py:571} INFO - org.slf4j#slf4j-api;1.7.36 by [org.slf4j#slf4j-api;2.0.7] in [default]
[2024-05-18T23:46:19.654+0000] {spark_submit.py:571} INFO - ---------------------------------------------------------------------
[2024-05-18T23:46:19.657+0000] {spark_submit.py:571} INFO - |                  |            modules            ||   artifacts   |
[2024-05-18T23:46:19.659+0000] {spark_submit.py:571} INFO - |       conf       | number| search|dwnlded|evicted|| number|dwnlded|
[2024-05-18T23:46:19.678+0000] {spark_submit.py:571} INFO - ---------------------------------------------------------------------
[2024-05-18T23:46:19.678+0000] {spark_submit.py:571} INFO - |      default     |   35  |   0   |   0   |   6   ||   29  |   0   |
[2024-05-18T23:46:19.679+0000] {spark_submit.py:571} INFO - ---------------------------------------------------------------------
[2024-05-18T23:46:19.679+0000] {spark_submit.py:571} INFO - :: retrieving :: org.apache.spark#spark-submit-parent-504a606b-7292-4558-811a-24c2f0fe96da
[2024-05-18T23:46:19.679+0000] {spark_submit.py:571} INFO - confs: [default]
[2024-05-18T23:46:19.829+0000] {spark_submit.py:571} INFO - 0 artifacts copied, 29 already retrieved (0kB/176ms)
[2024-05-18T23:46:26.399+0000] {spark_submit.py:571} INFO - 24/05/18 23:46:26 WARN NativeCodeLoader: Unable to load native-hadoop library for your platform... using builtin-java classes where applicable
[2024-05-18T23:47:26.607+0000] {spark_submit.py:571} INFO - 24/05/18 23:47:26 INFO SparkContext: Running Spark version 3.5.1
[2024-05-18T23:47:27.232+0000] {spark_submit.py:571} INFO - 24/05/18 23:47:26 INFO SparkContext: OS info Linux, 6.6.26-linuxkit, aarch64
[2024-05-18T23:47:27.656+0000] {spark_submit.py:571} INFO - 24/05/18 23:47:26 INFO SparkContext: Java version 11.0.23
[2024-05-18T23:47:30.056+0000] {spark_submit.py:571} INFO - 24/05/18 23:47:29 INFO ResourceUtils: ==============================================================
[2024-05-18T23:47:30.155+0000] {spark_submit.py:571} INFO - 24/05/18 23:47:30 INFO ResourceUtils: No custom resources configured for spark.driver.
[2024-05-18T23:47:30.159+0000] {spark_submit.py:571} INFO - 24/05/18 23:47:30 INFO ResourceUtils: ==============================================================
[2024-05-18T23:47:30.161+0000] {spark_submit.py:571} INFO - 24/05/18 23:47:30 INFO SparkContext: Submitted application: Redfin_Properties_Consumer
[2024-05-18T23:47:30.912+0000] {spark_submit.py:571} INFO - 24/05/18 23:47:30 INFO ResourceProfile: Default ResourceProfile created, executor resources: Map(memory -> name: memory, amount: 1024, script: , vendor: , offHeap -> name: offHeap, amount: 0, script: , vendor: ), task resources: Map(cpus -> name: cpus, amount: 1.0)
[2024-05-18T23:47:31.069+0000] {spark_submit.py:571} INFO - 24/05/18 23:47:31 INFO ResourceProfile: Limiting resource is cpu
[2024-05-18T23:47:31.077+0000] {spark_submit.py:571} INFO - 24/05/18 23:47:31 INFO ResourceProfileManager: Added ResourceProfile id: 0
[2024-05-18T23:47:33.651+0000] {spark_submit.py:571} INFO - 24/05/18 23:47:33 INFO SecurityManager: Changing view acls to: ***
[2024-05-18T23:47:33.728+0000] {spark_submit.py:571} INFO - 24/05/18 23:47:33 INFO SecurityManager: Changing modify acls to: ***
[2024-05-18T23:47:33.730+0000] {spark_submit.py:571} INFO - 24/05/18 23:47:33 INFO SecurityManager: Changing view acls groups to:
[2024-05-18T23:47:33.733+0000] {spark_submit.py:571} INFO - 24/05/18 23:47:33 INFO SecurityManager: Changing modify acls groups to:
[2024-05-18T23:47:33.735+0000] {spark_submit.py:571} INFO - 24/05/18 23:47:33 INFO SecurityManager: SecurityManager: authentication disabled; ui acls disabled; users with view permissions: ***; groups with view permissions: EMPTY; users with modify permissions: ***; groups with modify permissions: EMPTY
[2024-05-18T23:47:40.501+0000] {spark_submit.py:571} INFO - 24/05/18 23:47:40 INFO Utils: Successfully started service 'sparkDriver' on port 46863.
[2024-05-18T23:47:40.993+0000] {spark_submit.py:571} INFO - 24/05/18 23:47:40 INFO SparkEnv: Registering MapOutputTracker
[2024-05-18T23:47:41.614+0000] {spark_submit.py:571} INFO - 24/05/18 23:47:41 INFO SparkEnv: Registering BlockManagerMaster
[2024-05-18T23:47:41.894+0000] {spark_submit.py:571} INFO - 24/05/18 23:47:41 INFO BlockManagerMasterEndpoint: Using org.apache.spark.storage.DefaultTopologyMapper for getting topology information
[2024-05-18T23:47:41.947+0000] {spark_submit.py:571} INFO - 24/05/18 23:47:41 INFO BlockManagerMasterEndpoint: BlockManagerMasterEndpoint up
[2024-05-18T23:47:42.005+0000] {spark_submit.py:571} INFO - 24/05/18 23:47:42 INFO SparkEnv: Registering BlockManagerMasterHeartbeat
[2024-05-18T23:47:42.685+0000] {spark_submit.py:571} INFO - 24/05/18 23:47:42 INFO DiskBlockManager: Created local directory at /tmp/blockmgr-7490d1ba-58ab-4c98-afef-b3b3f3e3218b
[2024-05-18T23:47:43.046+0000] {spark_submit.py:571} INFO - 24/05/18 23:47:43 INFO MemoryStore: MemoryStore started with capacity 434.4 MiB
[2024-05-18T23:47:43.902+0000] {spark_submit.py:571} INFO - 24/05/18 23:47:43 INFO SparkEnv: Registering OutputCommitCoordinator
[2024-05-18T23:47:45.595+0000] {spark_submit.py:571} INFO - 24/05/18 23:47:45 INFO JettyUtils: Start Jetty 0.0.0.0:4040 for SparkUI
[2024-05-18T23:47:46.730+0000] {spark_submit.py:571} INFO - 24/05/18 23:47:46 WARN Utils: Service 'SparkUI' could not bind on port 4040. Attempting port 4041.
[2024-05-18T23:47:46.823+0000] {spark_submit.py:571} INFO - 24/05/18 23:47:46 WARN Utils: Service 'SparkUI' could not bind on port 4041. Attempting port 4042.
[2024-05-18T23:47:46.826+0000] {spark_submit.py:571} INFO - 24/05/18 23:47:46 WARN Utils: Service 'SparkUI' could not bind on port 4042. Attempting port 4043.
[2024-05-18T23:47:46.871+0000] {spark_submit.py:571} INFO - 24/05/18 23:47:46 INFO Utils: Successfully started service 'SparkUI' on port 4043.
[2024-05-18T23:47:47.433+0000] {spark_submit.py:571} INFO - 24/05/18 23:47:47 INFO SparkContext: Added JAR file:///home/***/.ivy2/jars/org.apache.spark_spark-sql-kafka-0-10_2.12-3.5.1.jar at spark://c0373bd0174c:46863/jars/org.apache.spark_spark-sql-kafka-0-10_2.12-3.5.1.jar with timestamp 1716076045779
[2024-05-18T23:47:47.450+0000] {spark_submit.py:571} INFO - 24/05/18 23:47:47 INFO SparkContext: Added JAR file:///home/***/.ivy2/jars/com.datastax.spark_spark-cassandra-connector_2.12-3.5.0.jar at spark://c0373bd0174c:46863/jars/com.datastax.spark_spark-cassandra-connector_2.12-3.5.0.jar with timestamp 1716076045779
[2024-05-18T23:47:47.457+0000] {spark_submit.py:571} INFO - 24/05/18 23:47:47 INFO SparkContext: Added JAR file:///home/***/.ivy2/jars/org.apache.kafka_kafka-clients-3.5.1.jar at spark://c0373bd0174c:46863/jars/org.apache.kafka_kafka-clients-3.5.1.jar with timestamp 1716076045779
[2024-05-18T23:47:47.463+0000] {spark_submit.py:571} INFO - 24/05/18 23:47:47 INFO SparkContext: Added JAR file:///home/***/.ivy2/jars/commons-logging_commons-logging-1.2.jar at spark://c0373bd0174c:46863/jars/commons-logging_commons-logging-1.2.jar with timestamp 1716076045779
[2024-05-18T23:47:47.465+0000] {spark_submit.py:571} INFO - 24/05/18 23:47:47 INFO SparkContext: Added JAR file:///home/***/.ivy2/jars/org.apache.spark_spark-token-provider-kafka-0-10_2.12-3.5.1.jar at spark://c0373bd0174c:46863/jars/org.apache.spark_spark-token-provider-kafka-0-10_2.12-3.5.1.jar with timestamp 1716076045779
[2024-05-18T23:47:47.467+0000] {spark_submit.py:571} INFO - 24/05/18 23:47:47 INFO SparkContext: Added JAR file:///home/***/.ivy2/jars/org.apache.commons_commons-pool2-2.11.1.jar at spark://c0373bd0174c:46863/jars/org.apache.commons_commons-pool2-2.11.1.jar with timestamp 1716076045779
[2024-05-18T23:47:47.468+0000] {spark_submit.py:571} INFO - 24/05/18 23:47:47 INFO SparkContext: Added JAR file:///home/***/.ivy2/jars/org.apache.hadoop_hadoop-client-runtime-3.3.4.jar at spark://c0373bd0174c:46863/jars/org.apache.hadoop_hadoop-client-runtime-3.3.4.jar with timestamp 1716076045779
[2024-05-18T23:47:47.471+0000] {spark_submit.py:571} INFO - 24/05/18 23:47:47 INFO SparkContext: Added JAR file:///home/***/.ivy2/jars/org.apache.hadoop_hadoop-client-api-3.3.4.jar at spark://c0373bd0174c:46863/jars/org.apache.hadoop_hadoop-client-api-3.3.4.jar with timestamp 1716076045779
[2024-05-18T23:47:47.483+0000] {spark_submit.py:571} INFO - 24/05/18 23:47:47 INFO SparkContext: Added JAR file:///home/***/.ivy2/jars/org.xerial.snappy_snappy-java-1.1.10.3.jar at spark://c0373bd0174c:46863/jars/org.xerial.snappy_snappy-java-1.1.10.3.jar with timestamp 1716076045779
[2024-05-18T23:47:47.485+0000] {spark_submit.py:571} INFO - 24/05/18 23:47:47 INFO SparkContext: Added JAR file:///home/***/.ivy2/jars/org.slf4j_slf4j-api-2.0.7.jar at spark://c0373bd0174c:46863/jars/org.slf4j_slf4j-api-2.0.7.jar with timestamp 1716076045779
[2024-05-18T23:47:47.485+0000] {spark_submit.py:571} INFO - 24/05/18 23:47:47 INFO SparkContext: Added JAR file:///home/***/.ivy2/jars/com.datastax.spark_spark-cassandra-connector-driver_2.12-3.5.0.jar at spark://c0373bd0174c:46863/jars/com.datastax.spark_spark-cassandra-connector-driver_2.12-3.5.0.jar with timestamp 1716076045779
[2024-05-18T23:47:47.486+0000] {spark_submit.py:571} INFO - 24/05/18 23:47:47 INFO SparkContext: Added JAR file:///home/***/.ivy2/jars/org.scala-lang.modules_scala-collection-compat_2.12-2.11.0.jar at spark://c0373bd0174c:46863/jars/org.scala-lang.modules_scala-collection-compat_2.12-2.11.0.jar with timestamp 1716076045779
[2024-05-18T23:47:47.486+0000] {spark_submit.py:571} INFO - 24/05/18 23:47:47 INFO SparkContext: Added JAR file:///home/***/.ivy2/jars/com.datastax.oss_java-driver-core-shaded-4.13.0.jar at spark://c0373bd0174c:46863/jars/com.datastax.oss_java-driver-core-shaded-4.13.0.jar with timestamp 1716076045779
[2024-05-18T23:47:47.489+0000] {spark_submit.py:571} INFO - 24/05/18 23:47:47 INFO SparkContext: Added JAR file:///home/***/.ivy2/jars/com.datastax.oss_java-driver-mapper-runtime-4.13.0.jar at spark://c0373bd0174c:46863/jars/com.datastax.oss_java-driver-mapper-runtime-4.13.0.jar with timestamp 1716076045779
[2024-05-18T23:47:47.490+0000] {spark_submit.py:571} INFO - 24/05/18 23:47:47 INFO SparkContext: Added JAR file:///home/***/.ivy2/jars/org.apache.commons_commons-lang3-3.10.jar at spark://c0373bd0174c:46863/jars/org.apache.commons_commons-lang3-3.10.jar with timestamp 1716076045779
[2024-05-18T23:47:47.497+0000] {spark_submit.py:571} INFO - 24/05/18 23:47:47 INFO SparkContext: Added JAR file:///home/***/.ivy2/jars/com.thoughtworks.paranamer_paranamer-2.8.jar at spark://c0373bd0174c:46863/jars/com.thoughtworks.paranamer_paranamer-2.8.jar with timestamp 1716076045779
[2024-05-18T23:47:47.501+0000] {spark_submit.py:571} INFO - 24/05/18 23:47:47 INFO SparkContext: Added JAR file:///home/***/.ivy2/jars/org.scala-lang_scala-reflect-2.12.11.jar at spark://c0373bd0174c:46863/jars/org.scala-lang_scala-reflect-2.12.11.jar with timestamp 1716076045779
[2024-05-18T23:47:47.506+0000] {spark_submit.py:571} INFO - 24/05/18 23:47:47 INFO SparkContext: Added JAR file:///home/***/.ivy2/jars/com.datastax.oss_native-protocol-1.5.0.jar at spark://c0373bd0174c:46863/jars/com.datastax.oss_native-protocol-1.5.0.jar with timestamp 1716076045779
[2024-05-18T23:47:47.515+0000] {spark_submit.py:571} INFO - 24/05/18 23:47:47 INFO SparkContext: Added JAR file:///home/***/.ivy2/jars/com.datastax.oss_java-driver-shaded-guava-25.1-jre-graal-sub-1.jar at spark://c0373bd0174c:46863/jars/com.datastax.oss_java-driver-shaded-guava-25.1-jre-graal-sub-1.jar with timestamp 1716076045779
[2024-05-18T23:47:47.553+0000] {spark_submit.py:571} INFO - 24/05/18 23:47:47 INFO SparkContext: Added JAR file:///home/***/.ivy2/jars/com.typesafe_config-1.4.1.jar at spark://c0373bd0174c:46863/jars/com.typesafe_config-1.4.1.jar with timestamp 1716076045779
[2024-05-18T23:47:47.559+0000] {spark_submit.py:571} INFO - 24/05/18 23:47:47 INFO SparkContext: Added JAR file:///home/***/.ivy2/jars/io.dropwizard.metrics_metrics-core-4.1.18.jar at spark://c0373bd0174c:46863/jars/io.dropwizard.metrics_metrics-core-4.1.18.jar with timestamp 1716076045779
[2024-05-18T23:47:47.563+0000] {spark_submit.py:571} INFO - 24/05/18 23:47:47 INFO SparkContext: Added JAR file:///home/***/.ivy2/jars/org.hdrhistogram_HdrHistogram-2.1.12.jar at spark://c0373bd0174c:46863/jars/org.hdrhistogram_HdrHistogram-2.1.12.jar with timestamp 1716076045779
[2024-05-18T23:47:47.573+0000] {spark_submit.py:571} INFO - 24/05/18 23:47:47 INFO SparkContext: Added JAR file:///home/***/.ivy2/jars/org.reactivestreams_reactive-streams-1.0.3.jar at spark://c0373bd0174c:46863/jars/org.reactivestreams_reactive-streams-1.0.3.jar with timestamp 1716076045779
[2024-05-18T23:47:47.579+0000] {spark_submit.py:571} INFO - 24/05/18 23:47:47 INFO SparkContext: Added JAR file:///home/***/.ivy2/jars/com.github.stephenc.jcip_jcip-annotations-1.0-1.jar at spark://c0373bd0174c:46863/jars/com.github.stephenc.jcip_jcip-annotations-1.0-1.jar with timestamp 1716076045779
[2024-05-18T23:47:47.586+0000] {spark_submit.py:571} INFO - 24/05/18 23:47:47 INFO SparkContext: Added JAR file:///home/***/.ivy2/jars/com.github.spotbugs_spotbugs-annotations-3.1.12.jar at spark://c0373bd0174c:46863/jars/com.github.spotbugs_spotbugs-annotations-3.1.12.jar with timestamp 1716076045779
[2024-05-18T23:47:47.588+0000] {spark_submit.py:571} INFO - 24/05/18 23:47:47 INFO SparkContext: Added JAR file:///home/***/.ivy2/jars/com.google.code.findbugs_jsr305-3.0.2.jar at spark://c0373bd0174c:46863/jars/com.google.code.findbugs_jsr305-3.0.2.jar with timestamp 1716076045779
[2024-05-18T23:47:47.590+0000] {spark_submit.py:571} INFO - 24/05/18 23:47:47 INFO SparkContext: Added JAR file:///home/***/.ivy2/jars/com.datastax.oss_java-driver-query-builder-4.13.0.jar at spark://c0373bd0174c:46863/jars/com.datastax.oss_java-driver-query-builder-4.13.0.jar with timestamp 1716076045779
[2024-05-18T23:47:47.591+0000] {spark_submit.py:571} INFO - 24/05/18 23:47:47 INFO SparkContext: Added JAR file:///home/***/.ivy2/jars/com.github.luben_zstd-jni-1.5.5-1.jar at spark://c0373bd0174c:46863/jars/com.github.luben_zstd-jni-1.5.5-1.jar with timestamp 1716076045779
[2024-05-18T23:47:47.600+0000] {spark_submit.py:571} INFO - 24/05/18 23:47:47 INFO SparkContext: Added JAR file:///home/***/.ivy2/jars/org.lz4_lz4-java-1.8.0.jar at spark://c0373bd0174c:46863/jars/org.lz4_lz4-java-1.8.0.jar with timestamp 1716076045779
[2024-05-18T23:47:47.603+0000] {spark_submit.py:571} INFO - 24/05/18 23:47:47 INFO SparkContext: Added file file:///home/***/.ivy2/jars/org.apache.spark_spark-sql-kafka-0-10_2.12-3.5.1.jar at spark://c0373bd0174c:46863/files/org.apache.spark_spark-sql-kafka-0-10_2.12-3.5.1.jar with timestamp 1716076045779
[2024-05-18T23:47:47.610+0000] {spark_submit.py:571} INFO - 24/05/18 23:47:47 INFO Utils: Copying /home/***/.ivy2/jars/org.apache.spark_spark-sql-kafka-0-10_2.12-3.5.1.jar to /tmp/spark-87b24343-3c62-4f94-ad6d-39ea85ca4146/userFiles-5e8b7f72-e8ec-4221-9d57-7948eb49ea2a/org.apache.spark_spark-sql-kafka-0-10_2.12-3.5.1.jar
[2024-05-18T23:47:47.925+0000] {spark_submit.py:571} INFO - 24/05/18 23:47:47 INFO SparkContext: Added file file:///home/***/.ivy2/jars/com.datastax.spark_spark-cassandra-connector_2.12-3.5.0.jar at spark://c0373bd0174c:46863/files/com.datastax.spark_spark-cassandra-connector_2.12-3.5.0.jar with timestamp 1716076045779
[2024-05-18T23:47:47.933+0000] {spark_submit.py:571} INFO - 24/05/18 23:47:47 INFO Utils: Copying /home/***/.ivy2/jars/com.datastax.spark_spark-cassandra-connector_2.12-3.5.0.jar to /tmp/spark-87b24343-3c62-4f94-ad6d-39ea85ca4146/userFiles-5e8b7f72-e8ec-4221-9d57-7948eb49ea2a/com.datastax.spark_spark-cassandra-connector_2.12-3.5.0.jar
[2024-05-18T23:47:48.132+0000] {spark_submit.py:571} INFO - 24/05/18 23:47:48 INFO SparkContext: Added file file:///home/***/.ivy2/jars/org.apache.kafka_kafka-clients-3.5.1.jar at spark://c0373bd0174c:46863/files/org.apache.kafka_kafka-clients-3.5.1.jar with timestamp 1716076045779
[2024-05-18T23:47:48.169+0000] {spark_submit.py:571} INFO - 24/05/18 23:47:48 INFO Utils: Copying /home/***/.ivy2/jars/org.apache.kafka_kafka-clients-3.5.1.jar to /tmp/spark-87b24343-3c62-4f94-ad6d-39ea85ca4146/userFiles-5e8b7f72-e8ec-4221-9d57-7948eb49ea2a/org.apache.kafka_kafka-clients-3.5.1.jar
[2024-05-18T23:47:51.354+0000] {spark_submit.py:571} INFO - 24/05/18 23:47:51 INFO SparkContext: Added file file:///home/***/.ivy2/jars/commons-logging_commons-logging-1.2.jar at spark://c0373bd0174c:46863/files/commons-logging_commons-logging-1.2.jar with timestamp 1716076045779
[2024-05-18T23:47:51.390+0000] {spark_submit.py:571} INFO - 24/05/18 23:47:51 INFO Utils: Copying /home/***/.ivy2/jars/commons-logging_commons-logging-1.2.jar to /tmp/spark-87b24343-3c62-4f94-ad6d-39ea85ca4146/userFiles-5e8b7f72-e8ec-4221-9d57-7948eb49ea2a/commons-logging_commons-logging-1.2.jar
[2024-05-18T23:47:51.523+0000] {spark_submit.py:571} INFO - 24/05/18 23:47:51 INFO SparkContext: Added file file:///home/***/.ivy2/jars/org.apache.spark_spark-token-provider-kafka-0-10_2.12-3.5.1.jar at spark://c0373bd0174c:46863/files/org.apache.spark_spark-token-provider-kafka-0-10_2.12-3.5.1.jar with timestamp 1716076045779
[2024-05-18T23:47:51.528+0000] {spark_submit.py:571} INFO - 24/05/18 23:47:51 INFO Utils: Copying /home/***/.ivy2/jars/org.apache.spark_spark-token-provider-kafka-0-10_2.12-3.5.1.jar to /tmp/spark-87b24343-3c62-4f94-ad6d-39ea85ca4146/userFiles-5e8b7f72-e8ec-4221-9d57-7948eb49ea2a/org.apache.spark_spark-token-provider-kafka-0-10_2.12-3.5.1.jar
[2024-05-18T23:47:51.564+0000] {spark_submit.py:571} INFO - 24/05/18 23:47:51 INFO SparkContext: Added file file:///home/***/.ivy2/jars/org.apache.commons_commons-pool2-2.11.1.jar at spark://c0373bd0174c:46863/files/org.apache.commons_commons-pool2-2.11.1.jar with timestamp 1716076045779
[2024-05-18T23:47:51.572+0000] {spark_submit.py:571} INFO - 24/05/18 23:47:51 INFO Utils: Copying /home/***/.ivy2/jars/org.apache.commons_commons-pool2-2.11.1.jar to /tmp/spark-87b24343-3c62-4f94-ad6d-39ea85ca4146/userFiles-5e8b7f72-e8ec-4221-9d57-7948eb49ea2a/org.apache.commons_commons-pool2-2.11.1.jar
[2024-05-18T23:47:51.586+0000] {spark_submit.py:571} INFO - 24/05/18 23:47:51 INFO SparkContext: Added file file:///home/***/.ivy2/jars/org.apache.hadoop_hadoop-client-runtime-3.3.4.jar at spark://c0373bd0174c:46863/files/org.apache.hadoop_hadoop-client-runtime-3.3.4.jar with timestamp 1716076045779
[2024-05-18T23:47:51.592+0000] {spark_submit.py:571} INFO - 24/05/18 23:47:51 INFO Utils: Copying /home/***/.ivy2/jars/org.apache.hadoop_hadoop-client-runtime-3.3.4.jar to /tmp/spark-87b24343-3c62-4f94-ad6d-39ea85ca4146/userFiles-5e8b7f72-e8ec-4221-9d57-7948eb49ea2a/org.apache.hadoop_hadoop-client-runtime-3.3.4.jar
[2024-05-18T23:47:55.092+0000] {spark_submit.py:571} INFO - 24/05/18 23:47:55 INFO SparkContext: Added file file:///home/***/.ivy2/jars/org.apache.hadoop_hadoop-client-api-3.3.4.jar at spark://c0373bd0174c:46863/files/org.apache.hadoop_hadoop-client-api-3.3.4.jar with timestamp 1716076045779
[2024-05-18T23:47:55.135+0000] {spark_submit.py:571} INFO - 24/05/18 23:47:55 INFO Utils: Copying /home/***/.ivy2/jars/org.apache.hadoop_hadoop-client-api-3.3.4.jar to /tmp/spark-87b24343-3c62-4f94-ad6d-39ea85ca4146/userFiles-5e8b7f72-e8ec-4221-9d57-7948eb49ea2a/org.apache.hadoop_hadoop-client-api-3.3.4.jar
[2024-05-18T23:48:03.992+0000] {spark_submit.py:571} INFO - 24/05/18 23:48:03 INFO SparkContext: Added file file:///home/***/.ivy2/jars/org.xerial.snappy_snappy-java-1.1.10.3.jar at spark://c0373bd0174c:46863/files/org.xerial.snappy_snappy-java-1.1.10.3.jar with timestamp 1716076045779
[2024-05-18T23:48:04.000+0000] {spark_submit.py:571} INFO - 24/05/18 23:48:03 INFO Utils: Copying /home/***/.ivy2/jars/org.xerial.snappy_snappy-java-1.1.10.3.jar to /tmp/spark-87b24343-3c62-4f94-ad6d-39ea85ca4146/userFiles-5e8b7f72-e8ec-4221-9d57-7948eb49ea2a/org.xerial.snappy_snappy-java-1.1.10.3.jar
[2024-05-18T23:48:04.539+0000] {spark_submit.py:571} INFO - 24/05/18 23:48:04 INFO SparkContext: Added file file:///home/***/.ivy2/jars/org.slf4j_slf4j-api-2.0.7.jar at spark://c0373bd0174c:46863/files/org.slf4j_slf4j-api-2.0.7.jar with timestamp 1716076045779
[2024-05-18T23:48:04.563+0000] {spark_submit.py:571} INFO - 24/05/18 23:48:04 INFO Utils: Copying /home/***/.ivy2/jars/org.slf4j_slf4j-api-2.0.7.jar to /tmp/spark-87b24343-3c62-4f94-ad6d-39ea85ca4146/userFiles-5e8b7f72-e8ec-4221-9d57-7948eb49ea2a/org.slf4j_slf4j-api-2.0.7.jar
[2024-05-18T23:48:05.641+0000] {spark_submit.py:571} INFO - 24/05/18 23:48:05 INFO SparkContext: Added file file:///home/***/.ivy2/jars/com.datastax.spark_spark-cassandra-connector-driver_2.12-3.5.0.jar at spark://c0373bd0174c:46863/files/com.datastax.spark_spark-cassandra-connector-driver_2.12-3.5.0.jar with timestamp 1716076045779
[2024-05-18T23:48:05.668+0000] {spark_submit.py:571} INFO - 24/05/18 23:48:05 INFO Utils: Copying /home/***/.ivy2/jars/com.datastax.spark_spark-cassandra-connector-driver_2.12-3.5.0.jar to /tmp/spark-87b24343-3c62-4f94-ad6d-39ea85ca4146/userFiles-5e8b7f72-e8ec-4221-9d57-7948eb49ea2a/com.datastax.spark_spark-cassandra-connector-driver_2.12-3.5.0.jar
[2024-05-18T23:48:05.909+0000] {spark_submit.py:571} INFO - 24/05/18 23:48:05 INFO SparkContext: Added file file:///home/***/.ivy2/jars/org.scala-lang.modules_scala-collection-compat_2.12-2.11.0.jar at spark://c0373bd0174c:46863/files/org.scala-lang.modules_scala-collection-compat_2.12-2.11.0.jar with timestamp 1716076045779
[2024-05-18T23:48:05.911+0000] {spark_submit.py:571} INFO - 24/05/18 23:48:05 INFO Utils: Copying /home/***/.ivy2/jars/org.scala-lang.modules_scala-collection-compat_2.12-2.11.0.jar to /tmp/spark-87b24343-3c62-4f94-ad6d-39ea85ca4146/userFiles-5e8b7f72-e8ec-4221-9d57-7948eb49ea2a/org.scala-lang.modules_scala-collection-compat_2.12-2.11.0.jar
[2024-05-18T23:48:05.961+0000] {spark_submit.py:571} INFO - 24/05/18 23:48:05 INFO SparkContext: Added file file:///home/***/.ivy2/jars/com.datastax.oss_java-driver-core-shaded-4.13.0.jar at spark://c0373bd0174c:46863/files/com.datastax.oss_java-driver-core-shaded-4.13.0.jar with timestamp 1716076045779
[2024-05-18T23:48:05.962+0000] {spark_submit.py:571} INFO - 24/05/18 23:48:05 INFO Utils: Copying /home/***/.ivy2/jars/com.datastax.oss_java-driver-core-shaded-4.13.0.jar to /tmp/spark-87b24343-3c62-4f94-ad6d-39ea85ca4146/userFiles-5e8b7f72-e8ec-4221-9d57-7948eb49ea2a/com.datastax.oss_java-driver-core-shaded-4.13.0.jar
[2024-05-18T23:48:06.681+0000] {spark_submit.py:571} INFO - 24/05/18 23:48:06 INFO SparkContext: Added file file:///home/***/.ivy2/jars/com.datastax.oss_java-driver-mapper-runtime-4.13.0.jar at spark://c0373bd0174c:46863/files/com.datastax.oss_java-driver-mapper-runtime-4.13.0.jar with timestamp 1716076045779
[2024-05-18T23:48:06.736+0000] {spark_submit.py:571} INFO - 24/05/18 23:48:06 INFO Utils: Copying /home/***/.ivy2/jars/com.datastax.oss_java-driver-mapper-runtime-4.13.0.jar to /tmp/spark-87b24343-3c62-4f94-ad6d-39ea85ca4146/userFiles-5e8b7f72-e8ec-4221-9d57-7948eb49ea2a/com.datastax.oss_java-driver-mapper-runtime-4.13.0.jar
[2024-05-18T23:48:06.908+0000] {spark_submit.py:571} INFO - 24/05/18 23:48:06 INFO SparkContext: Added file file:///home/***/.ivy2/jars/org.apache.commons_commons-lang3-3.10.jar at spark://c0373bd0174c:46863/files/org.apache.commons_commons-lang3-3.10.jar with timestamp 1716076045779
[2024-05-18T23:48:07.071+0000] {spark_submit.py:571} INFO - 24/05/18 23:48:06 INFO Utils: Copying /home/***/.ivy2/jars/org.apache.commons_commons-lang3-3.10.jar to /tmp/spark-87b24343-3c62-4f94-ad6d-39ea85ca4146/userFiles-5e8b7f72-e8ec-4221-9d57-7948eb49ea2a/org.apache.commons_commons-lang3-3.10.jar
[2024-05-18T23:48:07.075+0000] {spark_submit.py:571} INFO - 24/05/18 23:48:06 INFO SparkContext: Added file file:///home/***/.ivy2/jars/com.thoughtworks.paranamer_paranamer-2.8.jar at spark://c0373bd0174c:46863/files/com.thoughtworks.paranamer_paranamer-2.8.jar with timestamp 1716076045779
[2024-05-18T23:48:07.075+0000] {spark_submit.py:571} INFO - 24/05/18 23:48:06 INFO Utils: Copying /home/***/.ivy2/jars/com.thoughtworks.paranamer_paranamer-2.8.jar to /tmp/spark-87b24343-3c62-4f94-ad6d-39ea85ca4146/userFiles-5e8b7f72-e8ec-4221-9d57-7948eb49ea2a/com.thoughtworks.paranamer_paranamer-2.8.jar
[2024-05-18T23:48:08.690+0000] {spark_submit.py:571} INFO - 24/05/18 23:48:08 INFO SparkContext: Added file file:///home/***/.ivy2/jars/org.scala-lang_scala-reflect-2.12.11.jar at spark://c0373bd0174c:46863/files/org.scala-lang_scala-reflect-2.12.11.jar with timestamp 1716076045779
[2024-05-18T23:48:08.730+0000] {spark_submit.py:571} INFO - 24/05/18 23:48:08 INFO Utils: Copying /home/***/.ivy2/jars/org.scala-lang_scala-reflect-2.12.11.jar to /tmp/spark-87b24343-3c62-4f94-ad6d-39ea85ca4146/userFiles-5e8b7f72-e8ec-4221-9d57-7948eb49ea2a/org.scala-lang_scala-reflect-2.12.11.jar
[2024-05-18T23:48:09.327+0000] {spark_submit.py:571} INFO - 24/05/18 23:48:09 INFO SparkContext: Added file file:///home/***/.ivy2/jars/com.datastax.oss_native-protocol-1.5.0.jar at spark://c0373bd0174c:46863/files/com.datastax.oss_native-protocol-1.5.0.jar with timestamp 1716076045779
[2024-05-18T23:48:09.329+0000] {spark_submit.py:571} INFO - 24/05/18 23:48:09 INFO Utils: Copying /home/***/.ivy2/jars/com.datastax.oss_native-protocol-1.5.0.jar to /tmp/spark-87b24343-3c62-4f94-ad6d-39ea85ca4146/userFiles-5e8b7f72-e8ec-4221-9d57-7948eb49ea2a/com.datastax.oss_native-protocol-1.5.0.jar
[2024-05-18T23:48:09.433+0000] {spark_submit.py:571} INFO - 24/05/18 23:48:09 INFO SparkContext: Added file file:///home/***/.ivy2/jars/com.datastax.oss_java-driver-shaded-guava-25.1-jre-graal-sub-1.jar at spark://c0373bd0174c:46863/files/com.datastax.oss_java-driver-shaded-guava-25.1-jre-graal-sub-1.jar with timestamp 1716076045779
[2024-05-18T23:48:09.436+0000] {spark_submit.py:571} INFO - 24/05/18 23:48:09 INFO Utils: Copying /home/***/.ivy2/jars/com.datastax.oss_java-driver-shaded-guava-25.1-jre-graal-sub-1.jar to /tmp/spark-87b24343-3c62-4f94-ad6d-39ea85ca4146/userFiles-5e8b7f72-e8ec-4221-9d57-7948eb49ea2a/com.datastax.oss_java-driver-shaded-guava-25.1-jre-graal-sub-1.jar
[2024-05-18T23:48:09.531+0000] {spark_submit.py:571} INFO - 24/05/18 23:48:09 INFO SparkContext: Added file file:///home/***/.ivy2/jars/com.typesafe_config-1.4.1.jar at spark://c0373bd0174c:46863/files/com.typesafe_config-1.4.1.jar with timestamp 1716076045779
[2024-05-18T23:48:09.539+0000] {spark_submit.py:571} INFO - 24/05/18 23:48:09 INFO Utils: Copying /home/***/.ivy2/jars/com.typesafe_config-1.4.1.jar to /tmp/spark-87b24343-3c62-4f94-ad6d-39ea85ca4146/userFiles-5e8b7f72-e8ec-4221-9d57-7948eb49ea2a/com.typesafe_config-1.4.1.jar
[2024-05-18T23:48:09.579+0000] {spark_submit.py:571} INFO - 24/05/18 23:48:09 INFO SparkContext: Added file file:///home/***/.ivy2/jars/io.dropwizard.metrics_metrics-core-4.1.18.jar at spark://c0373bd0174c:46863/files/io.dropwizard.metrics_metrics-core-4.1.18.jar with timestamp 1716076045779
[2024-05-18T23:48:09.580+0000] {spark_submit.py:571} INFO - 24/05/18 23:48:09 INFO Utils: Copying /home/***/.ivy2/jars/io.dropwizard.metrics_metrics-core-4.1.18.jar to /tmp/spark-87b24343-3c62-4f94-ad6d-39ea85ca4146/userFiles-5e8b7f72-e8ec-4221-9d57-7948eb49ea2a/io.dropwizard.metrics_metrics-core-4.1.18.jar
[2024-05-18T23:48:09.654+0000] {spark_submit.py:571} INFO - 24/05/18 23:48:09 INFO SparkContext: Added file file:///home/***/.ivy2/jars/org.hdrhistogram_HdrHistogram-2.1.12.jar at spark://c0373bd0174c:46863/files/org.hdrhistogram_HdrHistogram-2.1.12.jar with timestamp 1716076045779
[2024-05-18T23:48:09.660+0000] {spark_submit.py:571} INFO - 24/05/18 23:48:09 INFO Utils: Copying /home/***/.ivy2/jars/org.hdrhistogram_HdrHistogram-2.1.12.jar to /tmp/spark-87b24343-3c62-4f94-ad6d-39ea85ca4146/userFiles-5e8b7f72-e8ec-4221-9d57-7948eb49ea2a/org.hdrhistogram_HdrHistogram-2.1.12.jar
[2024-05-18T23:48:09.686+0000] {spark_submit.py:571} INFO - 24/05/18 23:48:09 INFO SparkContext: Added file file:///home/***/.ivy2/jars/org.reactivestreams_reactive-streams-1.0.3.jar at spark://c0373bd0174c:46863/files/org.reactivestreams_reactive-streams-1.0.3.jar with timestamp 1716076045779
[2024-05-18T23:48:09.692+0000] {spark_submit.py:571} INFO - 24/05/18 23:48:09 INFO Utils: Copying /home/***/.ivy2/jars/org.reactivestreams_reactive-streams-1.0.3.jar to /tmp/spark-87b24343-3c62-4f94-ad6d-39ea85ca4146/userFiles-5e8b7f72-e8ec-4221-9d57-7948eb49ea2a/org.reactivestreams_reactive-streams-1.0.3.jar
[2024-05-18T23:48:09.735+0000] {spark_submit.py:571} INFO - 24/05/18 23:48:09 INFO SparkContext: Added file file:///home/***/.ivy2/jars/com.github.stephenc.jcip_jcip-annotations-1.0-1.jar at spark://c0373bd0174c:46863/files/com.github.stephenc.jcip_jcip-annotations-1.0-1.jar with timestamp 1716076045779
[2024-05-18T23:48:09.741+0000] {spark_submit.py:571} INFO - 24/05/18 23:48:09 INFO Utils: Copying /home/***/.ivy2/jars/com.github.stephenc.jcip_jcip-annotations-1.0-1.jar to /tmp/spark-87b24343-3c62-4f94-ad6d-39ea85ca4146/userFiles-5e8b7f72-e8ec-4221-9d57-7948eb49ea2a/com.github.stephenc.jcip_jcip-annotations-1.0-1.jar
[2024-05-18T23:48:09.774+0000] {spark_submit.py:571} INFO - 24/05/18 23:48:09 INFO SparkContext: Added file file:///home/***/.ivy2/jars/com.github.spotbugs_spotbugs-annotations-3.1.12.jar at spark://c0373bd0174c:46863/files/com.github.spotbugs_spotbugs-annotations-3.1.12.jar with timestamp 1716076045779
[2024-05-18T23:48:09.774+0000] {spark_submit.py:571} INFO - 24/05/18 23:48:09 INFO Utils: Copying /home/***/.ivy2/jars/com.github.spotbugs_spotbugs-annotations-3.1.12.jar to /tmp/spark-87b24343-3c62-4f94-ad6d-39ea85ca4146/userFiles-5e8b7f72-e8ec-4221-9d57-7948eb49ea2a/com.github.spotbugs_spotbugs-annotations-3.1.12.jar
[2024-05-18T23:48:09.825+0000] {spark_submit.py:571} INFO - 24/05/18 23:48:09 INFO SparkContext: Added file file:///home/***/.ivy2/jars/com.google.code.findbugs_jsr305-3.0.2.jar at spark://c0373bd0174c:46863/files/com.google.code.findbugs_jsr305-3.0.2.jar with timestamp 1716076045779
[2024-05-18T23:48:09.829+0000] {spark_submit.py:571} INFO - 24/05/18 23:48:09 INFO Utils: Copying /home/***/.ivy2/jars/com.google.code.findbugs_jsr305-3.0.2.jar to /tmp/spark-87b24343-3c62-4f94-ad6d-39ea85ca4146/userFiles-5e8b7f72-e8ec-4221-9d57-7948eb49ea2a/com.google.code.findbugs_jsr305-3.0.2.jar
[2024-05-18T23:48:09.862+0000] {spark_submit.py:571} INFO - 24/05/18 23:48:09 INFO SparkContext: Added file file:///home/***/.ivy2/jars/com.datastax.oss_java-driver-query-builder-4.13.0.jar at spark://c0373bd0174c:46863/files/com.datastax.oss_java-driver-query-builder-4.13.0.jar with timestamp 1716076045779
[2024-05-18T23:48:09.869+0000] {spark_submit.py:571} INFO - 24/05/18 23:48:09 INFO Utils: Copying /home/***/.ivy2/jars/com.datastax.oss_java-driver-query-builder-4.13.0.jar to /tmp/spark-87b24343-3c62-4f94-ad6d-39ea85ca4146/userFiles-5e8b7f72-e8ec-4221-9d57-7948eb49ea2a/com.datastax.oss_java-driver-query-builder-4.13.0.jar
[2024-05-18T23:48:09.895+0000] {spark_submit.py:571} INFO - 24/05/18 23:48:09 INFO SparkContext: Added file file:///home/***/.ivy2/jars/com.github.luben_zstd-jni-1.5.5-1.jar at spark://c0373bd0174c:46863/files/com.github.luben_zstd-jni-1.5.5-1.jar with timestamp 1716076045779
[2024-05-18T23:48:09.906+0000] {spark_submit.py:571} INFO - 24/05/18 23:48:09 INFO Utils: Copying /home/***/.ivy2/jars/com.github.luben_zstd-jni-1.5.5-1.jar to /tmp/spark-87b24343-3c62-4f94-ad6d-39ea85ca4146/userFiles-5e8b7f72-e8ec-4221-9d57-7948eb49ea2a/com.github.luben_zstd-jni-1.5.5-1.jar
[2024-05-18T23:48:10.402+0000] {spark_submit.py:571} INFO - 24/05/18 23:48:10 INFO SparkContext: Added file file:///home/***/.ivy2/jars/org.lz4_lz4-java-1.8.0.jar at spark://c0373bd0174c:46863/files/org.lz4_lz4-java-1.8.0.jar with timestamp 1716076045779
[2024-05-18T23:48:10.426+0000] {spark_submit.py:571} INFO - 24/05/18 23:48:10 INFO Utils: Copying /home/***/.ivy2/jars/org.lz4_lz4-java-1.8.0.jar to /tmp/spark-87b24343-3c62-4f94-ad6d-39ea85ca4146/userFiles-5e8b7f72-e8ec-4221-9d57-7948eb49ea2a/org.lz4_lz4-java-1.8.0.jar
[2024-05-18T23:48:28.633+0000] {spark_submit.py:571} INFO - 24/05/18 23:48:28 INFO StandaloneAppClient$ClientEndpoint: Connecting to master spark://spark-master:7077...
[2024-05-18T23:48:38.172+0000] {spark_submit.py:571} INFO - 24/05/18 23:48:38 INFO TransportClientFactory: Successfully created connection to spark-master/192.168.16.3:7077 after 7074 ms (0 ms spent in bootstraps)
[2024-05-18T23:48:49.664+0000] {spark_submit.py:571} INFO - 24/05/18 23:48:49 INFO StandaloneAppClient$ClientEndpoint: Connecting to master spark://spark-master:7077...
[2024-05-18T23:49:04.085+0000] {spark_submit.py:571} INFO - 24/05/18 23:49:03 INFO StandaloneSchedulerBackend: Connected to Spark cluster with app ID app-20240518234851-0004
[2024-05-18T23:49:04.573+0000] {spark_submit.py:571} INFO - 24/05/18 23:49:04 INFO StandaloneAppClient$ClientEndpoint: Executor added: app-20240518234851-0004/0 on worker-20240518231723-192.168.16.6-34535 (192.168.16.6:34535) with 1 core(s)
[2024-05-18T23:49:02.590+0000] {local_task_job_runner.py:124} ERROR - Received SIGTERM. Terminating subprocesses
[2024-05-18T23:49:05.639+0000] {spark_submit.py:571} INFO - 24/05/18 23:49:05 INFO StandaloneSchedulerBackend: Granted executor ID app-20240518234851-0004/0 on hostPort 192.168.16.6:34535 with 1 core(s), 1024.0 MiB RAM
[2024-05-18T23:49:07.380+0000] {spark_submit.py:571} INFO - 24/05/18 23:49:05 INFO StandaloneSchedulerBackend: Connected to Spark cluster with app ID app-20240518234904-0010
[2024-05-18T23:49:09.272+0000] {process_utils.py:132} INFO - Sending 15 to group 2743. PIDs of all processes in the group: [2922, 2946, 3230, 2743]
[2024-05-18T23:49:10.473+0000] {process_utils.py:87} INFO - Sending the signal 15 to group 2743
[2024-05-18T23:49:12.011+0000] {taskinstance.py:2611} ERROR - Received SIGTERM. Terminating subprocesses.
