[2024-05-19T00:07:13.326+0000] {local_task_job_runner.py:120} INFO - ::group::Pre task execution logs
[2024-05-19T00:07:14.444+0000] {taskinstance.py:2076} INFO - Dependencies all met for dep_context=non-requeueable deps ti=<TaskInstance: Real_Estate_Webscraping_ETL.Process_and_Send_Data_to_DB scheduled__2024-05-18T12:06:00+00:00 [queued]>
[2024-05-19T00:07:14.581+0000] {taskinstance.py:2076} INFO - Dependencies all met for dep_context=requeueable deps ti=<TaskInstance: Real_Estate_Webscraping_ETL.Process_and_Send_Data_to_DB scheduled__2024-05-18T12:06:00+00:00 [queued]>
[2024-05-19T00:07:14.598+0000] {taskinstance.py:2306} INFO - Starting attempt 4 of 6
[2024-05-19T00:07:14.870+0000] {taskinstance.py:2330} INFO - Executing <Task(SparkSubmitOperator): Process_and_Send_Data_to_DB> on 2024-05-18 12:06:00+00:00
[2024-05-19T00:07:14.960+0000] {standard_task_runner.py:63} INFO - Started process 197 to run task
[2024-05-19T00:07:15.125+0000] {standard_task_runner.py:90} INFO - Running: ['***', 'tasks', 'run', 'Real_Estate_Webscraping_ETL', 'Process_and_Send_Data_to_DB', 'scheduled__2024-05-18T12:06:00+00:00', '--job-id', '428', '--raw', '--subdir', 'DAGS_FOLDER/webscrapping.py', '--cfg-path', '/tmp/tmp6n9gri2_']
[2024-05-19T00:07:15.293+0000] {standard_task_runner.py:91} INFO - Job 428: Subtask Process_and_Send_Data_to_DB
[2024-05-19T00:07:17.615+0000] {task_command.py:426} INFO - Running <TaskInstance: Real_Estate_Webscraping_ETL.Process_and_Send_Data_to_DB scheduled__2024-05-18T12:06:00+00:00 [running]> on host eddd84e36bad
[2024-05-19T00:07:21.245+0000] {taskinstance.py:2648} INFO - Exporting env vars: AIRFLOW_CTX_DAG_OWNER='svc' AIRFLOW_CTX_DAG_ID='Real_Estate_Webscraping_ETL' AIRFLOW_CTX_TASK_ID='Process_and_Send_Data_to_DB' AIRFLOW_CTX_EXECUTION_DATE='2024-05-18T12:06:00+00:00' AIRFLOW_CTX_TRY_NUMBER='4' AIRFLOW_CTX_DAG_RUN_ID='scheduled__2024-05-18T12:06:00+00:00'
[2024-05-19T00:07:21.292+0000] {taskinstance.py:430} INFO - ::endgroup::
[2024-05-19T00:07:22.521+0000] {base.py:84} INFO - Using connection ID 'spark_default' for task execution.
[2024-05-19T00:07:22.553+0000] {spark_submit.py:401} INFO - Spark-Submit cmd: spark-submit --master spark://spark-master:7077 --packages org.apache.spark:spark-sql-kafka-0-10_2.12:3.5.1,com.datastax.spark:spark-cassandra-connector_2.12:3.5.0,org.apache.kafka:kafka-clients:3.5.1,commons-logging:commons-logging:1.2 --name arrow-spark --deploy-mode client dags/includes/jobs/spark_consumer.py
[2024-05-19T00:07:30.056+0000] {spark_submit.py:571} INFO - /home/***/.local/lib/python3.11/site-packages/pyspark/bin/load-spark-env.sh: line 68: ps: command not found
[2024-05-19T00:08:49.111+0000] {spark_submit.py:571} INFO - :: loading settings :: url = jar:file:/home/***/.local/lib/python3.11/site-packages/pyspark/jars/ivy-2.5.1.jar!/org/apache/ivy/core/settings/ivysettings.xml
[2024-05-19T00:08:54.925+0000] {spark_submit.py:571} INFO - Ivy Default Cache set to: /home/***/.ivy2/cache
[2024-05-19T00:08:55.050+0000] {spark_submit.py:571} INFO - The jars for the packages stored in: /home/***/.ivy2/jars
[2024-05-19T00:08:55.087+0000] {spark_submit.py:571} INFO - org.apache.spark#spark-sql-kafka-0-10_2.12 added as a dependency
[2024-05-19T00:08:55.099+0000] {spark_submit.py:571} INFO - com.datastax.spark#spark-cassandra-connector_2.12 added as a dependency
[2024-05-19T00:08:55.172+0000] {spark_submit.py:571} INFO - org.apache.kafka#kafka-clients added as a dependency
[2024-05-19T00:08:55.187+0000] {spark_submit.py:571} INFO - commons-logging#commons-logging added as a dependency
[2024-05-19T00:08:55.200+0000] {spark_submit.py:571} INFO - :: resolving dependencies :: org.apache.spark#spark-submit-parent-3d7cdcf3-c9dc-441a-ae46-816916963a33;1.0
[2024-05-19T00:08:55.201+0000] {spark_submit.py:571} INFO - confs: [default]
[2024-05-19T00:09:15.108+0000] {spark_submit.py:571} INFO - found com.datastax.spark#spark-cassandra-connector_2.12;3.5.0 in central
[2024-05-19T00:09:15.294+0000] {spark_submit.py:571} INFO - found com.datastax.spark#spark-cassandra-connector-driver_2.12;3.5.0 in central
[2024-05-19T00:09:16.779+0000] {spark_submit.py:571} INFO - found org.scala-lang.modules#scala-collection-compat_2.12;2.11.0 in central
[2024-05-19T00:09:17.826+0000] {spark_submit.py:571} INFO - found com.datastax.oss#java-driver-core-shaded;4.13.0 in central
[2024-05-19T00:09:18.397+0000] {spark_submit.py:571} INFO - found com.datastax.oss#native-protocol;1.5.0 in central
[2024-05-19T00:09:19.351+0000] {spark_submit.py:571} INFO - found com.datastax.oss#java-driver-shaded-guava;25.1-jre-graal-sub-1 in central
[2024-05-19T00:09:21.669+0000] {spark_submit.py:571} INFO - found org.slf4j#slf4j-api;1.7.26 in central
[2024-05-19T00:09:22.689+0000] {spark_submit.py:571} INFO - found io.dropwizard.metrics#metrics-core;4.1.18 in central
[2024-05-19T00:09:23.364+0000] {spark_submit.py:571} INFO - found org.hdrhistogram#HdrHistogram;2.1.12 in central
[2024-05-19T00:09:23.757+0000] {spark_submit.py:571} INFO - found org.reactivestreams#reactive-streams;1.0.3 in central
[2024-05-19T00:09:23.853+0000] {spark_submit.py:571} INFO - found com.github.stephenc.jcip#jcip-annotations;1.0-1 in central
[2024-05-19T00:09:23.981+0000] {spark_submit.py:571} INFO - found com.github.spotbugs#spotbugs-annotations;3.1.12 in central
[2024-05-19T00:09:24.319+0000] {spark_submit.py:571} INFO - found com.google.code.findbugs#jsr305;3.0.2 in central
[2024-05-19T00:09:24.447+0000] {spark_submit.py:571} INFO - found com.datastax.oss#java-driver-mapper-runtime;4.13.0 in central
[2024-05-19T00:09:24.758+0000] {spark_submit.py:571} INFO - found com.datastax.oss#java-driver-query-builder;4.13.0 in central
[2024-05-19T00:09:25.710+0000] {spark_submit.py:571} INFO - found org.apache.commons#commons-lang3;3.10 in central
[2024-05-19T00:09:27.376+0000] {spark_submit.py:571} INFO - found com.thoughtworks.paranamer#paranamer;2.8 in central
[2024-05-19T00:09:27.749+0000] {spark_submit.py:571} INFO - found org.scala-lang#scala-reflect;2.12.11 in central
[2024-05-19T00:09:28.318+0000] {spark_submit.py:571} INFO - found org.apache.kafka#kafka-clients;3.5.1 in central
[2024-05-19T00:09:29.922+0000] {spark_submit.py:571} INFO - found com.github.luben#zstd-jni;1.5.5-1 in central
[2024-05-19T00:09:32.422+0000] {spark_submit.py:571} INFO - found org.xerial.snappy#snappy-java;1.1.10.1 in central
[2024-05-19T00:09:34.085+0000] {spark_submit.py:571} INFO - found org.slf4j#slf4j-api;1.7.36 in central
[2024-05-19T00:09:38.174+0000] {spark_submit.py:571} INFO - found commons-logging#commons-logging;1.2 in central
[2024-05-19T00:09:38.978+0000] {spark_submit.py:571} INFO - downloading https://repo1.maven.org/maven2/org/apache/kafka/kafka-clients/3.5.1/kafka-clients-3.5.1.jar ...
[2024-05-19T00:09:51.827+0000] {spark_submit.py:571} INFO - downloading https://repo1.maven.org/maven2/commons-logging/commons-logging/1.2/commons-logging-1.2.jar ...
[2024-05-19T00:09:52.853+0000] {spark_submit.py:571} INFO - [SUCCESSFUL ] commons-logging#commons-logging;1.2!commons-logging.jar (4357ms)
[2024-05-19T00:09:53.779+0000] {spark_submit.py:571} INFO - downloading https://repo1.maven.org/maven2/org/scala-lang/scala-reflect/2.12.11/scala-reflect-2.12.11.jar ...
[2024-05-19T00:10:13.042+0000] {spark_submit.py:571} INFO - :: resolution report :: resolve 43480ms :: artifacts dl 34368ms
[2024-05-19T00:10:13.196+0000] {spark_submit.py:571} INFO - :: modules in use:
[2024-05-19T00:10:13.202+0000] {spark_submit.py:571} INFO - com.datastax.oss#java-driver-core-shaded;4.13.0 from central in [default]
[2024-05-19T00:10:13.206+0000] {spark_submit.py:571} INFO - com.datastax.oss#java-driver-mapper-runtime;4.13.0 from central in [default]
[2024-05-19T00:10:13.213+0000] {spark_submit.py:571} INFO - com.datastax.oss#java-driver-query-builder;4.13.0 from central in [default]
[2024-05-19T00:10:13.214+0000] {spark_submit.py:571} INFO - com.datastax.oss#java-driver-shaded-guava;25.1-jre-graal-sub-1 from central in [default]
[2024-05-19T00:10:13.214+0000] {spark_submit.py:571} INFO - com.datastax.oss#native-protocol;1.5.0 from central in [default]
[2024-05-19T00:10:13.215+0000] {spark_submit.py:571} INFO - com.datastax.spark#spark-cassandra-connector-driver_2.12;3.5.0 from central in [default]
[2024-05-19T00:10:13.215+0000] {spark_submit.py:571} INFO - com.datastax.spark#spark-cassandra-connector_2.12;3.5.0 from central in [default]
[2024-05-19T00:10:13.218+0000] {spark_submit.py:571} INFO - com.github.luben#zstd-jni;1.5.5-1 from central in [default]
[2024-05-19T00:10:13.218+0000] {spark_submit.py:571} INFO - com.github.spotbugs#spotbugs-annotations;3.1.12 from central in [default]
[2024-05-19T00:10:13.219+0000] {spark_submit.py:571} INFO - com.github.stephenc.jcip#jcip-annotations;1.0-1 from central in [default]
[2024-05-19T00:10:13.245+0000] {spark_submit.py:571} INFO - com.google.code.findbugs#jsr305;3.0.2 from central in [default]
[2024-05-19T00:10:13.278+0000] {spark_submit.py:571} INFO - com.thoughtworks.paranamer#paranamer;2.8 from central in [default]
[2024-05-19T00:10:13.289+0000] {spark_submit.py:571} INFO - commons-logging#commons-logging;1.2 from central in [default]
[2024-05-19T00:10:13.295+0000] {spark_submit.py:571} INFO - io.dropwizard.metrics#metrics-core;4.1.18 from central in [default]
[2024-05-19T00:10:13.302+0000] {spark_submit.py:571} INFO - org.apache.commons#commons-lang3;3.10 from central in [default]
[2024-05-19T00:10:13.311+0000] {spark_submit.py:571} INFO - org.apache.kafka#kafka-clients;3.5.1 from central in [default]
[2024-05-19T00:10:13.313+0000] {spark_submit.py:571} INFO - org.hdrhistogram#HdrHistogram;2.1.12 from central in [default]
[2024-05-19T00:10:13.313+0000] {spark_submit.py:571} INFO - org.reactivestreams#reactive-streams;1.0.3 from central in [default]
[2024-05-19T00:10:13.313+0000] {spark_submit.py:571} INFO - org.scala-lang#scala-reflect;2.12.11 from central in [default]
[2024-05-19T00:10:13.313+0000] {spark_submit.py:571} INFO - org.scala-lang.modules#scala-collection-compat_2.12;2.11.0 from central in [default]
[2024-05-19T00:10:13.313+0000] {spark_submit.py:571} INFO - org.slf4j#slf4j-api;1.7.36 from central in [default]
[2024-05-19T00:10:13.313+0000] {spark_submit.py:571} INFO - org.xerial.snappy#snappy-java;1.1.10.1 from central in [default]
[2024-05-19T00:10:13.314+0000] {spark_submit.py:571} INFO - :: evicted modules:
[2024-05-19T00:10:13.314+0000] {spark_submit.py:571} INFO - org.slf4j#slf4j-api;1.7.26 by [org.slf4j#slf4j-api;1.7.36] in [default]
[2024-05-19T00:10:13.314+0000] {spark_submit.py:571} INFO - ---------------------------------------------------------------------
[2024-05-19T00:10:13.316+0000] {spark_submit.py:571} INFO - |                  |            modules            ||   artifacts   |
[2024-05-19T00:10:13.334+0000] {spark_submit.py:571} INFO - |       conf       | number| search|dwnlded|evicted|| number|dwnlded|
[2024-05-19T00:10:13.383+0000] {spark_submit.py:571} INFO - ---------------------------------------------------------------------
[2024-05-19T00:10:13.398+0000] {spark_submit.py:571} INFO - |      default     |   26  |   13  |   12  |   1   ||   22  |   1   |
[2024-05-19T00:10:13.418+0000] {spark_submit.py:571} INFO - ---------------------------------------------------------------------
[2024-05-19T00:10:15.406+0000] {spark_submit.py:571} INFO - 
[2024-05-19T00:10:15.479+0000] {spark_submit.py:571} INFO - :: problems summary ::
[2024-05-19T00:10:15.483+0000] {spark_submit.py:571} INFO - :::: WARNINGS
[2024-05-19T00:10:15.500+0000] {spark_submit.py:571} INFO - problem while downloading module descriptor: https://repo1.maven.org/maven2/org/apache/spark/spark-parent_2.12/3.5.1/spark-parent_2.12-3.5.1.pom: Downloaded file size (0) doesn't match expected Content Length (136483) for https://repo1.maven.org/maven2/org/apache/spark/spark-parent_2.12/3.5.1/spark-parent_2.12-3.5.1.pom. Please retry. (337ms)
[2024-05-19T00:10:15.530+0000] {spark_submit.py:571} INFO - 
[2024-05-19T00:10:15.540+0000] {spark_submit.py:571} INFO - io problem while parsing ivy file: https://repo1.maven.org/maven2/org/apache/spark/spark-sql-kafka-0-10_2.12/3.5.1/spark-sql-kafka-0-10_2.12-3.5.1.pom (java.io.IOException: Impossible to load parent for file:/home/***/.ivy2/cache/org.apache.spark/spark-sql-kafka-0-10_2.12/ivy-3.5.1.xml.original. Parent=org.apache.spark#spark-parent_2.12;3.5.1)
[2024-05-19T00:10:15.702+0000] {spark_submit.py:571} INFO - 
[2024-05-19T00:10:15.710+0000] {spark_submit.py:571} INFO - module not found: org.apache.spark#spark-sql-kafka-0-10_2.12;3.5.1
[2024-05-19T00:10:15.721+0000] {spark_submit.py:571} INFO - 
[2024-05-19T00:10:15.734+0000] {spark_submit.py:571} INFO - ==== local-m2-cache: tried
[2024-05-19T00:10:15.738+0000] {spark_submit.py:571} INFO - 
[2024-05-19T00:10:15.741+0000] {spark_submit.py:571} INFO - file:/home/***/.m2/repository/org/apache/spark/spark-parent_2.12/3.5.1/spark-parent_2.12-3.5.1.pom
[2024-05-19T00:10:15.772+0000] {spark_submit.py:571} INFO - 
[2024-05-19T00:10:15.780+0000] {spark_submit.py:571} INFO - -- artifact org.apache.spark#spark-parent_2.12;3.5.1!spark-parent_2.12.jar:
[2024-05-19T00:10:15.785+0000] {spark_submit.py:571} INFO - 
[2024-05-19T00:10:15.793+0000] {spark_submit.py:571} INFO - file:/home/***/.m2/repository/org/apache/spark/spark-parent_2.12/3.5.1/spark-parent_2.12-3.5.1.jar
[2024-05-19T00:10:15.825+0000] {spark_submit.py:571} INFO - 
[2024-05-19T00:10:15.869+0000] {spark_submit.py:571} INFO - ==== local-ivy-cache: tried
[2024-05-19T00:10:15.888+0000] {spark_submit.py:571} INFO - 
[2024-05-19T00:10:15.892+0000] {spark_submit.py:571} INFO - /home/***/.ivy2/local/org.apache.spark/spark-parent_2.12/3.5.1/ivys/ivy.xml
[2024-05-19T00:10:15.900+0000] {spark_submit.py:571} INFO - 
[2024-05-19T00:10:15.905+0000] {spark_submit.py:571} INFO - -- artifact org.apache.spark#spark-parent_2.12;3.5.1!spark-parent_2.12.jar:
[2024-05-19T00:10:15.909+0000] {spark_submit.py:571} INFO - 
[2024-05-19T00:10:15.931+0000] {spark_submit.py:571} INFO - /home/***/.ivy2/local/org.apache.spark/spark-parent_2.12/3.5.1/jars/spark-parent_2.12.jar
[2024-05-19T00:10:15.937+0000] {spark_submit.py:571} INFO - 
[2024-05-19T00:10:15.946+0000] {spark_submit.py:571} INFO - ==== central: tried
[2024-05-19T00:10:15.949+0000] {spark_submit.py:571} INFO - 
[2024-05-19T00:10:15.953+0000] {spark_submit.py:571} INFO - https://repo1.maven.org/maven2/org/apache/spark/spark-parent_2.12/3.5.1/spark-parent_2.12-3.5.1.pom
[2024-05-19T00:10:15.959+0000] {spark_submit.py:571} INFO - 
[2024-05-19T00:10:15.963+0000] {spark_submit.py:571} INFO - ==== spark-packages: tried
[2024-05-19T00:10:15.985+0000] {spark_submit.py:571} INFO - 
[2024-05-19T00:10:15.991+0000] {spark_submit.py:571} INFO - https://repos.spark-packages.org/org/apache/spark/spark-sql-kafka-0-10_2.12/3.5.1/spark-sql-kafka-0-10_2.12-3.5.1.pom
[2024-05-19T00:10:16.001+0000] {spark_submit.py:571} INFO - 
[2024-05-19T00:10:16.015+0000] {spark_submit.py:571} INFO - -- artifact org.apache.spark#spark-sql-kafka-0-10_2.12;3.5.1!spark-sql-kafka-0-10_2.12.jar:
[2024-05-19T00:10:16.027+0000] {spark_submit.py:571} INFO - 
[2024-05-19T00:10:16.043+0000] {spark_submit.py:571} INFO - https://repos.spark-packages.org/org/apache/spark/spark-sql-kafka-0-10_2.12/3.5.1/spark-sql-kafka-0-10_2.12-3.5.1.jar
[2024-05-19T00:10:16.078+0000] {spark_submit.py:571} INFO - 
[2024-05-19T00:10:16.081+0000] {spark_submit.py:571} INFO - impossible to put metadata file in cache: https://repo1.maven.org/maven2/com/datastax/oss/native-protocol/1.5.0/native-protocol-1.5.0.pom (1.5.0) (java.io.FileNotFoundException: /home/***/.ivy2/cache/com.datastax.oss/native-protocol/ivy-1.5.0.xml.original (No such file or directory))
[2024-05-19T00:10:16.105+0000] {spark_submit.py:571} INFO - 
[2024-05-19T00:10:16.123+0000] {spark_submit.py:571} INFO - impossible to put metadata file in cache: https://repo1.maven.org/maven2/com/datastax/oss/java-driver-shaded-guava/25.1-jre-graal-sub-1/java-driver-shaded-guava-25.1-jre-graal-sub-1.pom (25.1-jre-graal-sub-1) (java.io.FileNotFoundException: /home/***/.ivy2/cache/com.datastax.oss/java-driver-shaded-guava/ivy-25.1-jre-graal-sub-1.xml.original (No such file or directory))
[2024-05-19T00:10:16.140+0000] {spark_submit.py:571} INFO - 
[2024-05-19T00:10:16.141+0000] {spark_submit.py:571} INFO - problem while downloading module descriptor: https://repo1.maven.org/maven2/com/typesafe/config/1.4.1/config-1.4.1.pom: impossible to move part file to definitive one: /home/***/.ivy2/cache/com.typesafe/config/ivy-1.4.1.xml.original.part -> /home/***/.ivy2/cache/com.typesafe/config/ivy-1.4.1.xml.original (155ms)
[2024-05-19T00:10:16.142+0000] {spark_submit.py:571} INFO - 
[2024-05-19T00:10:16.143+0000] {spark_submit.py:571} INFO - module not found: com.typesafe#config;1.4.1
[2024-05-19T00:10:16.144+0000] {spark_submit.py:571} INFO - 
[2024-05-19T00:10:16.147+0000] {spark_submit.py:571} INFO - ==== local-m2-cache: tried
[2024-05-19T00:10:16.150+0000] {spark_submit.py:571} INFO - 
[2024-05-19T00:10:16.157+0000] {spark_submit.py:571} INFO - file:/home/***/.m2/repository/com/typesafe/config/1.4.1/config-1.4.1.pom
[2024-05-19T00:10:16.163+0000] {spark_submit.py:571} INFO - 
[2024-05-19T00:10:16.164+0000] {spark_submit.py:571} INFO - -- artifact com.typesafe#config;1.4.1!config.jar:
[2024-05-19T00:10:16.168+0000] {spark_submit.py:571} INFO - 
[2024-05-19T00:10:16.173+0000] {spark_submit.py:571} INFO - file:/home/***/.m2/repository/com/typesafe/config/1.4.1/config-1.4.1.jar
[2024-05-19T00:10:16.177+0000] {spark_submit.py:571} INFO - 
[2024-05-19T00:10:16.182+0000] {spark_submit.py:571} INFO - ==== local-ivy-cache: tried
[2024-05-19T00:10:16.185+0000] {spark_submit.py:571} INFO - 
[2024-05-19T00:10:16.192+0000] {spark_submit.py:571} INFO - /home/***/.ivy2/local/com.typesafe/config/1.4.1/ivys/ivy.xml
[2024-05-19T00:10:16.201+0000] {spark_submit.py:571} INFO - 
[2024-05-19T00:10:16.201+0000] {spark_submit.py:571} INFO - -- artifact com.typesafe#config;1.4.1!config.jar:
[2024-05-19T00:10:16.202+0000] {spark_submit.py:571} INFO - 
[2024-05-19T00:10:16.203+0000] {spark_submit.py:571} INFO - /home/***/.ivy2/local/com.typesafe/config/1.4.1/jars/config.jar
[2024-05-19T00:10:16.211+0000] {spark_submit.py:571} INFO - 
[2024-05-19T00:10:16.214+0000] {spark_submit.py:571} INFO - ==== central: tried
[2024-05-19T00:10:16.218+0000] {spark_submit.py:571} INFO - 
[2024-05-19T00:10:16.234+0000] {spark_submit.py:571} INFO - https://repo1.maven.org/maven2/com/typesafe/config/1.4.1/config-1.4.1.pom
[2024-05-19T00:10:16.240+0000] {spark_submit.py:571} INFO - 
[2024-05-19T00:10:16.263+0000] {spark_submit.py:571} INFO - ==== spark-packages: tried
[2024-05-19T00:10:16.271+0000] {spark_submit.py:571} INFO - 
[2024-05-19T00:10:16.275+0000] {spark_submit.py:571} INFO - https://repos.spark-packages.org/com/typesafe/config/1.4.1/config-1.4.1.pom
[2024-05-19T00:10:16.279+0000] {spark_submit.py:571} INFO - 
[2024-05-19T00:10:16.294+0000] {spark_submit.py:571} INFO - -- artifact com.typesafe#config;1.4.1!config.jar:
[2024-05-19T00:10:16.298+0000] {spark_submit.py:571} INFO - 
[2024-05-19T00:10:16.305+0000] {spark_submit.py:571} INFO - https://repos.spark-packages.org/com/typesafe/config/1.4.1/config-1.4.1.jar
[2024-05-19T00:10:16.312+0000] {spark_submit.py:571} INFO - 
[2024-05-19T00:10:16.313+0000] {spark_submit.py:571} INFO - impossible to put metadata file in cache: https://repo1.maven.org/maven2/org/scala-lang/scala-reflect/2.12.11/scala-reflect-2.12.11.pom (2.12.11) (java.io.FileNotFoundException: /home/***/.ivy2/cache/org.scala-lang/scala-reflect/ivy-2.12.11.xml.original (No such file or directory))
[2024-05-19T00:10:16.313+0000] {spark_submit.py:571} INFO - 
[2024-05-19T00:10:16.313+0000] {spark_submit.py:571} INFO - io problem while parsing ivy file: https://repo1.maven.org/maven2/org/lz4/lz4-java/1.8.0/lz4-java-1.8.0.pom (java.io.FileNotFoundException: /home/***/.ivy2/cache/org.lz4/lz4-java/ivy-1.8.0.xml.original (No such file or directory))
[2024-05-19T00:10:16.314+0000] {spark_submit.py:571} INFO - 
[2024-05-19T00:10:16.315+0000] {spark_submit.py:571} INFO - module not found: org.lz4#lz4-java;1.8.0
[2024-05-19T00:10:16.320+0000] {spark_submit.py:571} INFO - 
[2024-05-19T00:10:16.329+0000] {spark_submit.py:571} INFO - ==== local-m2-cache: tried
[2024-05-19T00:10:16.351+0000] {spark_submit.py:571} INFO - 
[2024-05-19T00:10:16.359+0000] {spark_submit.py:571} INFO - file:/home/***/.m2/repository/org/lz4/lz4-java/1.8.0/lz4-java-1.8.0.pom
[2024-05-19T00:10:16.364+0000] {spark_submit.py:571} INFO - 
[2024-05-19T00:10:16.370+0000] {spark_submit.py:571} INFO - -- artifact org.lz4#lz4-java;1.8.0!lz4-java.jar:
[2024-05-19T00:10:16.372+0000] {spark_submit.py:571} INFO - 
[2024-05-19T00:10:16.381+0000] {spark_submit.py:571} INFO - file:/home/***/.m2/repository/org/lz4/lz4-java/1.8.0/lz4-java-1.8.0.jar
[2024-05-19T00:10:16.393+0000] {spark_submit.py:571} INFO - 
[2024-05-19T00:10:16.398+0000] {spark_submit.py:571} INFO - ==== local-ivy-cache: tried
[2024-05-19T00:10:16.422+0000] {spark_submit.py:571} INFO - 
[2024-05-19T00:10:16.425+0000] {spark_submit.py:571} INFO - /home/***/.ivy2/local/org.lz4/lz4-java/1.8.0/ivys/ivy.xml
[2024-05-19T00:10:16.432+0000] {spark_submit.py:571} INFO - 
[2024-05-19T00:10:16.439+0000] {spark_submit.py:571} INFO - -- artifact org.lz4#lz4-java;1.8.0!lz4-java.jar:
[2024-05-19T00:10:16.447+0000] {spark_submit.py:571} INFO - 
[2024-05-19T00:10:16.456+0000] {spark_submit.py:571} INFO - /home/***/.ivy2/local/org.lz4/lz4-java/1.8.0/jars/lz4-java.jar
[2024-05-19T00:10:16.460+0000] {spark_submit.py:571} INFO - 
[2024-05-19T00:10:16.468+0000] {spark_submit.py:571} INFO - ==== central: tried
[2024-05-19T00:10:16.483+0000] {spark_submit.py:571} INFO - 
[2024-05-19T00:10:16.508+0000] {spark_submit.py:571} INFO - https://repo1.maven.org/maven2/org/lz4/lz4-java/1.8.0/lz4-java-1.8.0.pom
[2024-05-19T00:10:16.525+0000] {spark_submit.py:571} INFO - 
[2024-05-19T00:10:16.538+0000] {spark_submit.py:571} INFO - ==== spark-packages: tried
[2024-05-19T00:10:16.538+0000] {spark_submit.py:571} INFO - 
[2024-05-19T00:10:16.538+0000] {spark_submit.py:571} INFO - https://repos.spark-packages.org/org/lz4/lz4-java/1.8.0/lz4-java-1.8.0.pom
[2024-05-19T00:10:16.539+0000] {spark_submit.py:571} INFO - 
[2024-05-19T00:10:16.551+0000] {spark_submit.py:571} INFO - -- artifact org.lz4#lz4-java;1.8.0!lz4-java.jar:
[2024-05-19T00:10:16.552+0000] {spark_submit.py:571} INFO - 
[2024-05-19T00:10:16.552+0000] {spark_submit.py:571} INFO - https://repos.spark-packages.org/org/lz4/lz4-java/1.8.0/lz4-java-1.8.0.jar
[2024-05-19T00:10:16.552+0000] {spark_submit.py:571} INFO - 
[2024-05-19T00:10:16.552+0000] {spark_submit.py:571} INFO - impossible to put metadata file in cache: https://repo1.maven.org/maven2/org/xerial/snappy/snappy-java/1.1.10.1/snappy-java-1.1.10.1.pom (1.1.10.1) (java.io.FileNotFoundException: /home/***/.ivy2/cache/org.xerial.snappy/snappy-java/ivy-1.1.10.1.xml.original (No such file or directory))
[2024-05-19T00:10:16.552+0000] {spark_submit.py:571} INFO - 
[2024-05-19T00:10:16.552+0000] {spark_submit.py:571} INFO - [FAILED     ] org.apache.kafka#kafka-clients;3.5.1!kafka-clients.jar: Downloaded file size (3301376) doesn't match expected Content Length (5246932) for https://repo1.maven.org/maven2/org/apache/kafka/kafka-clients/3.5.1/kafka-clients-3.5.1.jar. Please retry. (9431ms)
[2024-05-19T00:10:16.568+0000] {spark_submit.py:571} INFO - 
[2024-05-19T00:10:16.568+0000] {spark_submit.py:571} INFO - [FAILED     ] org.apache.kafka#kafka-clients;3.5.1!kafka-clients.jar: Downloaded file size (3301376) doesn't match expected Content Length (5246932) for https://repo1.maven.org/maven2/org/apache/kafka/kafka-clients/3.5.1/kafka-clients-3.5.1.jar. Please retry. (9431ms)
[2024-05-19T00:10:16.584+0000] {spark_submit.py:571} INFO - 
[2024-05-19T00:10:16.603+0000] {spark_submit.py:571} INFO - ==== central: tried
[2024-05-19T00:10:16.618+0000] {spark_submit.py:571} INFO - 
[2024-05-19T00:10:16.620+0000] {spark_submit.py:571} INFO - https://repo1.maven.org/maven2/org/apache/kafka/kafka-clients/3.5.1/kafka-clients-3.5.1.jar
[2024-05-19T00:10:16.624+0000] {spark_submit.py:571} INFO - 
[2024-05-19T00:10:16.628+0000] {spark_submit.py:571} INFO - [FAILED     ] org.scala-lang#scala-reflect;2.12.11!scala-reflect.jar: Downloaded file size (0) doesn't match expected Content Length (3681570) for https://repo1.maven.org/maven2/org/scala-lang/scala-reflect/2.12.11/scala-reflect-2.12.11.jar. Please retry. (17472ms)
[2024-05-19T00:10:16.644+0000] {spark_submit.py:571} INFO - 
[2024-05-19T00:10:16.653+0000] {spark_submit.py:571} INFO - [FAILED     ] org.scala-lang#scala-reflect;2.12.11!scala-reflect.jar: Downloaded file size (0) doesn't match expected Content Length (3681570) for https://repo1.maven.org/maven2/org/scala-lang/scala-reflect/2.12.11/scala-reflect-2.12.11.jar. Please retry. (17472ms)
[2024-05-19T00:10:16.659+0000] {spark_submit.py:571} INFO - 
[2024-05-19T00:10:16.665+0000] {spark_submit.py:571} INFO - ==== central: tried
[2024-05-19T00:10:16.673+0000] {spark_submit.py:571} INFO - 
[2024-05-19T00:10:16.682+0000] {spark_submit.py:571} INFO - https://repo1.maven.org/maven2/org/scala-lang/scala-reflect/2.12.11/scala-reflect-2.12.11.jar
[2024-05-19T00:10:16.683+0000] {spark_submit.py:571} INFO - 
[2024-05-19T00:10:16.683+0000] {spark_submit.py:571} INFO - ::::::::::::::::::::::::::::::::::::::::::::::
[2024-05-19T00:10:16.683+0000] {spark_submit.py:571} INFO - 
[2024-05-19T00:10:16.683+0000] {spark_submit.py:571} INFO - ::          UNRESOLVED DEPENDENCIES         ::
[2024-05-19T00:10:16.683+0000] {spark_submit.py:571} INFO - 
[2024-05-19T00:10:16.683+0000] {spark_submit.py:571} INFO - ::::::::::::::::::::::::::::::::::::::::::::::
[2024-05-19T00:10:16.684+0000] {spark_submit.py:571} INFO - 
[2024-05-19T00:10:16.684+0000] {spark_submit.py:571} INFO - :: org.apache.spark#spark-sql-kafka-0-10_2.12;3.5.1: not found
[2024-05-19T00:10:16.684+0000] {spark_submit.py:571} INFO - 
[2024-05-19T00:10:16.684+0000] {spark_submit.py:571} INFO - :: com.typesafe#config;1.4.1: not found
[2024-05-19T00:10:16.684+0000] {spark_submit.py:571} INFO - 
[2024-05-19T00:10:16.684+0000] {spark_submit.py:571} INFO - :: org.lz4#lz4-java;1.8.0: not found
[2024-05-19T00:10:16.684+0000] {spark_submit.py:571} INFO - 
[2024-05-19T00:10:16.684+0000] {spark_submit.py:571} INFO - ::::::::::::::::::::::::::::::::::::::::::::::
[2024-05-19T00:10:16.685+0000] {spark_submit.py:571} INFO - 
[2024-05-19T00:10:16.685+0000] {spark_submit.py:571} INFO - 
[2024-05-19T00:10:16.685+0000] {spark_submit.py:571} INFO - ::::::::::::::::::::::::::::::::::::::::::::::
[2024-05-19T00:10:16.685+0000] {spark_submit.py:571} INFO - 
[2024-05-19T00:10:16.685+0000] {spark_submit.py:571} INFO - ::              FAILED DOWNLOADS            ::
[2024-05-19T00:10:16.685+0000] {spark_submit.py:571} INFO - 
[2024-05-19T00:10:16.685+0000] {spark_submit.py:571} INFO - :: ^ see resolution messages for details  ^ ::
[2024-05-19T00:10:16.685+0000] {spark_submit.py:571} INFO - 
[2024-05-19T00:10:16.686+0000] {spark_submit.py:571} INFO - ::::::::::::::::::::::::::::::::::::::::::::::
[2024-05-19T00:10:16.686+0000] {spark_submit.py:571} INFO - 
[2024-05-19T00:10:16.686+0000] {spark_submit.py:571} INFO - :: org.scala-lang#scala-reflect;2.12.11!scala-reflect.jar
[2024-05-19T00:10:16.686+0000] {spark_submit.py:571} INFO - 
[2024-05-19T00:10:16.686+0000] {spark_submit.py:571} INFO - :: org.apache.kafka#kafka-clients;3.5.1!kafka-clients.jar
[2024-05-19T00:10:16.686+0000] {spark_submit.py:571} INFO - 
[2024-05-19T00:10:16.686+0000] {spark_submit.py:571} INFO - ::::::::::::::::::::::::::::::::::::::::::::::
[2024-05-19T00:10:16.687+0000] {spark_submit.py:571} INFO - 
[2024-05-19T00:10:16.687+0000] {spark_submit.py:571} INFO - 
[2024-05-19T00:10:16.687+0000] {spark_submit.py:571} INFO - 
[2024-05-19T00:10:16.687+0000] {spark_submit.py:571} INFO - :: USE VERBOSE OR DEBUG MESSAGE LEVEL FOR MORE DETAILS
[2024-05-19T00:10:16.687+0000] {spark_submit.py:571} INFO - Exception in thread "main" java.lang.RuntimeException: [unresolved dependency: org.apache.spark#spark-sql-kafka-0-10_2.12;3.5.1: not found, unresolved dependency: com.typesafe#config;1.4.1: not found, unresolved dependency: org.lz4#lz4-java;1.8.0: not found, download failed: org.scala-lang#scala-reflect;2.12.11!scala-reflect.jar, download failed: org.apache.kafka#kafka-clients;3.5.1!kafka-clients.jar]
[2024-05-19T00:10:16.687+0000] {spark_submit.py:571} INFO - at org.apache.spark.deploy.SparkSubmitUtils$.resolveMavenCoordinates(SparkSubmit.scala:1608)
[2024-05-19T00:10:16.687+0000] {spark_submit.py:571} INFO - at org.apache.spark.util.DependencyUtils$.resolveMavenDependencies(DependencyUtils.scala:185)
[2024-05-19T00:10:16.688+0000] {spark_submit.py:571} INFO - at org.apache.spark.deploy.SparkSubmit.prepareSubmitEnvironment(SparkSubmit.scala:334)
[2024-05-19T00:10:16.688+0000] {spark_submit.py:571} INFO - at org.apache.spark.deploy.SparkSubmit.org$apache$spark$deploy$SparkSubmit$$runMain(SparkSubmit.scala:964)
[2024-05-19T00:10:16.688+0000] {spark_submit.py:571} INFO - at org.apache.spark.deploy.SparkSubmit.doRunMain$1(SparkSubmit.scala:194)
[2024-05-19T00:10:16.688+0000] {spark_submit.py:571} INFO - at org.apache.spark.deploy.SparkSubmit.submit(SparkSubmit.scala:217)
[2024-05-19T00:10:16.688+0000] {spark_submit.py:571} INFO - at org.apache.spark.deploy.SparkSubmit.doSubmit(SparkSubmit.scala:91)
[2024-05-19T00:10:16.688+0000] {spark_submit.py:571} INFO - at org.apache.spark.deploy.SparkSubmit$$anon$2.doSubmit(SparkSubmit.scala:1120)
[2024-05-19T00:10:16.688+0000] {spark_submit.py:571} INFO - at org.apache.spark.deploy.SparkSubmit$.main(SparkSubmit.scala:1129)
[2024-05-19T00:10:16.688+0000] {spark_submit.py:571} INFO - at org.apache.spark.deploy.SparkSubmit.main(SparkSubmit.scala)
[2024-05-19T00:10:17.166+0000] {taskinstance.py:441} INFO - ::group::Post task execution logs
[2024-05-19T00:10:22.221+0000] {taskinstance.py:2905} ERROR - Task failed with exception
Traceback (most recent call last):
  File "/home/airflow/.local/lib/python3.11/site-packages/airflow/models/taskinstance.py", line 465, in _execute_task
    result = _execute_callable(context=context, **execute_callable_kwargs)
             ^^^^^^^^^^^^^^^^^^^^^^^^^^^^^^^^^^^^^^^^^^^^^^^^^^^^^^^^^^^^^
  File "/home/airflow/.local/lib/python3.11/site-packages/airflow/models/taskinstance.py", line 432, in _execute_callable
    return execute_callable(context=context, **execute_callable_kwargs)
           ^^^^^^^^^^^^^^^^^^^^^^^^^^^^^^^^^^^^^^^^^^^^^^^^^^^^^^^^^^^^
  File "/home/airflow/.local/lib/python3.11/site-packages/airflow/models/baseoperator.py", line 400, in wrapper
    return func(self, *args, **kwargs)
           ^^^^^^^^^^^^^^^^^^^^^^^^^^^
  File "/home/airflow/.local/lib/python3.11/site-packages/airflow/providers/apache/spark/operators/spark_submit.py", line 174, in execute
    self._hook.submit(self.application)
  File "/home/airflow/.local/lib/python3.11/site-packages/airflow/providers/apache/spark/hooks/spark_submit.py", line 502, in submit
    raise AirflowException(
airflow.exceptions.AirflowException: Cannot execute: spark-submit --master spark://spark-master:7077 --packages org.apache.spark:spark-sql-kafka-0-10_2.12:3.5.1,com.datastax.spark:spark-cassandra-connector_2.12:3.5.0,org.apache.kafka:kafka-clients:3.5.1,commons-logging:commons-logging:1.2 --name arrow-spark --deploy-mode client dags/includes/jobs/spark_consumer.py. Error code is: 1.
[2024-05-19T00:10:22.517+0000] {taskinstance.py:1206} INFO - Marking task as UP_FOR_RETRY. dag_id=Real_Estate_Webscraping_ETL, task_id=Process_and_Send_Data_to_DB, run_id=scheduled__2024-05-18T12:06:00+00:00, execution_date=20240518T120600, start_date=20240519T000714, end_date=20240519T001022
[2024-05-19T00:10:22.913+0000] {standard_task_runner.py:110} ERROR - Failed to execute job 428 for task Process_and_Send_Data_to_DB (Cannot execute: spark-submit --master spark://spark-master:7077 --packages org.apache.spark:spark-sql-kafka-0-10_2.12:3.5.1,com.datastax.spark:spark-cassandra-connector_2.12:3.5.0,org.apache.kafka:kafka-clients:3.5.1,commons-logging:commons-logging:1.2 --name arrow-spark --deploy-mode client dags/includes/jobs/spark_consumer.py. Error code is: 1.; 197)
[2024-05-19T00:10:23.039+0000] {local_task_job_runner.py:240} INFO - Task exited with return code 1
[2024-05-19T00:10:23.469+0000] {taskinstance.py:3498} INFO - 0 downstream tasks scheduled from follow-on schedule check
[2024-05-19T00:10:23.474+0000] {local_task_job_runner.py:222} INFO - ::endgroup::
