[2024-05-18T23:42:17.823+0000] {local_task_job_runner.py:120} INFO - ::group::Pre task execution logs
[2024-05-18T23:42:19.230+0000] {taskinstance.py:2076} INFO - Dependencies all met for dep_context=non-requeueable deps ti=<TaskInstance: Real_Estate_Webscraping_ETL.Process_and_Send_Data_to_DB scheduled__2024-05-18T12:06:00+00:00 [queued]>
[2024-05-18T23:42:19.342+0000] {taskinstance.py:2076} INFO - Dependencies all met for dep_context=requeueable deps ti=<TaskInstance: Real_Estate_Webscraping_ETL.Process_and_Send_Data_to_DB scheduled__2024-05-18T12:06:00+00:00 [queued]>
[2024-05-18T23:42:19.352+0000] {taskinstance.py:2306} INFO - Starting attempt 1 of 6
[2024-05-18T23:42:19.794+0000] {taskinstance.py:2330} INFO - Executing <Task(SparkSubmitOperator): Process_and_Send_Data_to_DB> on 2024-05-18 12:06:00+00:00
[2024-05-18T23:42:20.003+0000] {standard_task_runner.py:63} INFO - Started process 2588 to run task
[2024-05-18T23:42:20.111+0000] {standard_task_runner.py:90} INFO - Running: ['***', 'tasks', 'run', 'Real_Estate_Webscraping_ETL', 'Process_and_Send_Data_to_DB', 'scheduled__2024-05-18T12:06:00+00:00', '--job-id', '366', '--raw', '--subdir', 'DAGS_FOLDER/webscrapping.py', '--cfg-path', '/tmp/tmpggtdkhxg']
[2024-05-18T23:42:20.141+0000] {standard_task_runner.py:91} INFO - Job 366: Subtask Process_and_Send_Data_to_DB
[2024-05-18T23:42:22.681+0000] {task_command.py:426} INFO - Running <TaskInstance: Real_Estate_Webscraping_ETL.Process_and_Send_Data_to_DB scheduled__2024-05-18T12:06:00+00:00 [running]> on host c0373bd0174c
[2024-05-18T23:42:29.420+0000] {taskinstance.py:2648} INFO - Exporting env vars: AIRFLOW_CTX_DAG_OWNER='svc' AIRFLOW_CTX_DAG_ID='Real_Estate_Webscraping_ETL' AIRFLOW_CTX_TASK_ID='Process_and_Send_Data_to_DB' AIRFLOW_CTX_EXECUTION_DATE='2024-05-18T12:06:00+00:00' AIRFLOW_CTX_TRY_NUMBER='1' AIRFLOW_CTX_DAG_RUN_ID='scheduled__2024-05-18T12:06:00+00:00'
[2024-05-18T23:42:29.533+0000] {taskinstance.py:430} INFO - ::endgroup::
[2024-05-18T23:42:31.162+0000] {base.py:84} INFO - Using connection ID 'spark_default' for task execution.
[2024-05-18T23:42:31.248+0000] {spark_submit.py:401} INFO - Spark-Submit cmd: spark-submit --master spark://spark-master:7077 --packages org.apache.spark:spark-sql-kafka-0-10_2.12:3.5.1,com.datastax.spark:spark-cassandra-connector_2.12:3.5.0,org.apache.kafka:kafka-clients:3.5.1,commons-logging:commons-logging:1.2 --name arrow-spark --deploy-mode client dags/includes/jobs/spark_consumer.py
[2024-05-18T23:42:35.998+0000] {spark_submit.py:571} INFO - /home/***/.local/lib/python3.11/site-packages/pyspark/bin/load-spark-env.sh: line 68: ps: command not found
[2024-05-18T23:45:19.125+0000] {spark_submit.py:571} INFO - :: loading settings :: url = jar:file:/home/***/.local/lib/python3.11/site-packages/pyspark/jars/ivy-2.5.1.jar!/org/apache/ivy/core/settings/ivysettings.xml
[2024-05-18T23:45:20.765+0000] {spark_submit.py:571} INFO - Ivy Default Cache set to: /home/***/.ivy2/cache
[2024-05-18T23:45:20.792+0000] {spark_submit.py:571} INFO - The jars for the packages stored in: /home/***/.ivy2/jars
[2024-05-18T23:45:20.957+0000] {spark_submit.py:571} INFO - org.apache.spark#spark-sql-kafka-0-10_2.12 added as a dependency
[2024-05-18T23:45:21.000+0000] {spark_submit.py:571} INFO - com.datastax.spark#spark-cassandra-connector_2.12 added as a dependency
[2024-05-18T23:45:21.001+0000] {spark_submit.py:571} INFO - org.apache.kafka#kafka-clients added as a dependency
[2024-05-18T23:45:21.001+0000] {spark_submit.py:571} INFO - commons-logging#commons-logging added as a dependency
[2024-05-18T23:45:21.001+0000] {spark_submit.py:571} INFO - :: resolving dependencies :: org.apache.spark#spark-submit-parent-60f580cd-25c7-4a3a-9c31-bc80cb6feb5d;1.0
[2024-05-18T23:45:21.001+0000] {spark_submit.py:571} INFO - confs: [default]
[2024-05-18T23:45:23.527+0000] {spark_submit.py:571} INFO - found org.apache.spark#spark-sql-kafka-0-10_2.12;3.5.1 in spark-list
[2024-05-18T23:45:24.288+0000] {spark_submit.py:571} INFO - found org.apache.spark#spark-token-provider-kafka-0-10_2.12;3.5.1 in central
[2024-05-18T23:45:24.587+0000] {spark_submit.py:571} INFO - found org.apache.hadoop#hadoop-client-runtime;3.3.4 in central
[2024-05-18T23:45:24.997+0000] {spark_submit.py:571} INFO - found org.apache.hadoop#hadoop-client-api;3.3.4 in central
[2024-05-18T23:45:25.329+0000] {spark_submit.py:571} INFO - found org.xerial.snappy#snappy-java;1.1.10.3 in central
[2024-05-18T23:45:25.544+0000] {spark_submit.py:571} INFO - found org.slf4j#slf4j-api;2.0.7 in central
[2024-05-18T23:45:26.181+0000] {spark_submit.py:571} INFO - found com.google.code.findbugs#jsr305;3.0.0 in central
[2024-05-18T23:45:26.458+0000] {spark_submit.py:571} INFO - found org.apache.commons#commons-pool2;2.11.1 in central
[2024-05-18T23:45:26.843+0000] {spark_submit.py:571} INFO - found com.datastax.spark#spark-cassandra-connector_2.12;3.5.0 in central
[2024-05-18T23:45:27.258+0000] {spark_submit.py:571} INFO - found com.datastax.spark#spark-cassandra-connector-driver_2.12;3.5.0 in central
[2024-05-18T23:45:27.764+0000] {spark_submit.py:571} INFO - found org.scala-lang.modules#scala-collection-compat_2.12;2.11.0 in central
[2024-05-18T23:45:28.311+0000] {spark_submit.py:571} INFO - found com.datastax.oss#java-driver-core-shaded;4.13.0 in central
[2024-05-18T23:45:28.989+0000] {spark_submit.py:571} INFO - found com.datastax.oss#native-protocol;1.5.0 in central
[2024-05-18T23:45:29.450+0000] {spark_submit.py:571} INFO - found com.datastax.oss#java-driver-shaded-guava;25.1-jre-graal-sub-1 in central
[2024-05-18T23:45:29.738+0000] {spark_submit.py:571} INFO - found com.typesafe#config;1.4.1 in central
[2024-05-18T23:45:30.582+0000] {spark_submit.py:571} INFO - found io.dropwizard.metrics#metrics-core;4.1.18 in central
[2024-05-18T23:45:35.434+0000] {spark_submit.py:571} INFO - found org.hdrhistogram#HdrHistogram;2.1.12 in central
[2024-05-18T23:45:39.133+0000] {spark_submit.py:571} INFO - found org.reactivestreams#reactive-streams;1.0.3 in central
[2024-05-18T23:45:41.336+0000] {spark_submit.py:571} INFO - found com.github.stephenc.jcip#jcip-annotations;1.0-1 in central
[2024-05-18T23:45:42.495+0000] {spark_submit.py:571} INFO - found com.github.spotbugs#spotbugs-annotations;3.1.12 in central
[2024-05-18T23:45:43.403+0000] {spark_submit.py:571} INFO - found com.google.code.findbugs#jsr305;3.0.2 in central
[2024-05-18T23:45:43.729+0000] {spark_submit.py:571} INFO - found com.datastax.oss#java-driver-mapper-runtime;4.13.0 in central
[2024-05-18T23:45:44.908+0000] {spark_submit.py:571} INFO - found com.datastax.oss#java-driver-query-builder;4.13.0 in central
[2024-05-18T23:45:45.398+0000] {spark_submit.py:571} INFO - found org.apache.commons#commons-lang3;3.10 in central
[2024-05-18T23:45:46.440+0000] {spark_submit.py:571} INFO - found com.thoughtworks.paranamer#paranamer;2.8 in central
[2024-05-18T23:45:50.281+0000] {spark_submit.py:571} INFO - found org.scala-lang#scala-reflect;2.12.11 in central
[2024-05-18T23:45:50.773+0000] {spark_submit.py:571} INFO - found org.apache.kafka#kafka-clients;3.5.1 in central
[2024-05-18T23:45:50.927+0000] {spark_submit.py:571} INFO - found com.github.luben#zstd-jni;1.5.5-1 in central
[2024-05-18T23:45:51.207+0000] {spark_submit.py:571} INFO - found org.lz4#lz4-java;1.8.0 in central
[2024-05-18T23:45:51.515+0000] {spark_submit.py:571} INFO - found commons-logging#commons-logging;1.2 in central
[2024-05-18T23:45:54.739+0000] {spark_submit.py:571} INFO - :: resolution report :: resolve 33110ms :: artifacts dl 638ms
[2024-05-18T23:45:54.822+0000] {spark_submit.py:571} INFO - :: modules in use:
[2024-05-18T23:45:54.824+0000] {spark_submit.py:571} INFO - com.datastax.oss#java-driver-core-shaded;4.13.0 from central in [default]
[2024-05-18T23:45:54.828+0000] {spark_submit.py:571} INFO - com.datastax.oss#java-driver-mapper-runtime;4.13.0 from central in [default]
[2024-05-18T23:45:54.830+0000] {spark_submit.py:571} INFO - com.datastax.oss#java-driver-query-builder;4.13.0 from central in [default]
[2024-05-18T23:45:54.832+0000] {spark_submit.py:571} INFO - com.datastax.oss#java-driver-shaded-guava;25.1-jre-graal-sub-1 from central in [default]
[2024-05-18T23:45:54.833+0000] {spark_submit.py:571} INFO - com.datastax.oss#native-protocol;1.5.0 from central in [default]
[2024-05-18T23:45:54.838+0000] {spark_submit.py:571} INFO - com.datastax.spark#spark-cassandra-connector-driver_2.12;3.5.0 from central in [default]
[2024-05-18T23:45:54.842+0000] {spark_submit.py:571} INFO - com.datastax.spark#spark-cassandra-connector_2.12;3.5.0 from central in [default]
[2024-05-18T23:45:54.845+0000] {spark_submit.py:571} INFO - com.github.luben#zstd-jni;1.5.5-1 from central in [default]
[2024-05-18T23:45:54.846+0000] {spark_submit.py:571} INFO - com.github.spotbugs#spotbugs-annotations;3.1.12 from central in [default]
[2024-05-18T23:45:54.847+0000] {spark_submit.py:571} INFO - com.github.stephenc.jcip#jcip-annotations;1.0-1 from central in [default]
[2024-05-18T23:45:54.847+0000] {spark_submit.py:571} INFO - com.google.code.findbugs#jsr305;3.0.2 from central in [default]
[2024-05-18T23:45:54.849+0000] {spark_submit.py:571} INFO - com.thoughtworks.paranamer#paranamer;2.8 from central in [default]
[2024-05-18T23:45:54.860+0000] {spark_submit.py:571} INFO - com.typesafe#config;1.4.1 from central in [default]
[2024-05-18T23:45:54.863+0000] {spark_submit.py:571} INFO - commons-logging#commons-logging;1.2 from central in [default]
[2024-05-18T23:45:54.868+0000] {spark_submit.py:571} INFO - io.dropwizard.metrics#metrics-core;4.1.18 from central in [default]
[2024-05-18T23:45:54.875+0000] {spark_submit.py:571} INFO - org.apache.commons#commons-lang3;3.10 from central in [default]
[2024-05-18T23:45:54.879+0000] {spark_submit.py:571} INFO - org.apache.commons#commons-pool2;2.11.1 from central in [default]
[2024-05-18T23:45:54.881+0000] {spark_submit.py:571} INFO - org.apache.hadoop#hadoop-client-api;3.3.4 from central in [default]
[2024-05-18T23:45:54.883+0000] {spark_submit.py:571} INFO - org.apache.hadoop#hadoop-client-runtime;3.3.4 from central in [default]
[2024-05-18T23:45:54.884+0000] {spark_submit.py:571} INFO - org.apache.kafka#kafka-clients;3.5.1 from central in [default]
[2024-05-18T23:45:54.885+0000] {spark_submit.py:571} INFO - org.apache.spark#spark-sql-kafka-0-10_2.12;3.5.1 from spark-list in [default]
[2024-05-18T23:45:54.886+0000] {spark_submit.py:571} INFO - org.apache.spark#spark-token-provider-kafka-0-10_2.12;3.5.1 from central in [default]
[2024-05-18T23:45:54.887+0000] {spark_submit.py:571} INFO - org.hdrhistogram#HdrHistogram;2.1.12 from central in [default]
[2024-05-18T23:45:54.887+0000] {spark_submit.py:571} INFO - org.lz4#lz4-java;1.8.0 from central in [default]
[2024-05-18T23:45:54.888+0000] {spark_submit.py:571} INFO - org.reactivestreams#reactive-streams;1.0.3 from central in [default]
[2024-05-18T23:45:54.889+0000] {spark_submit.py:571} INFO - org.scala-lang#scala-reflect;2.12.11 from central in [default]
[2024-05-18T23:45:54.889+0000] {spark_submit.py:571} INFO - org.scala-lang.modules#scala-collection-compat_2.12;2.11.0 from central in [default]
[2024-05-18T23:45:54.889+0000] {spark_submit.py:571} INFO - org.slf4j#slf4j-api;2.0.7 from central in [default]
[2024-05-18T23:45:54.890+0000] {spark_submit.py:571} INFO - org.xerial.snappy#snappy-java;1.1.10.3 from central in [default]
[2024-05-18T23:45:54.897+0000] {spark_submit.py:571} INFO - :: evicted modules:
[2024-05-18T23:45:54.903+0000] {spark_submit.py:571} INFO - org.apache.kafka#kafka-clients;3.4.1 by [org.apache.kafka#kafka-clients;3.5.1] in [default]
[2024-05-18T23:45:54.905+0000] {spark_submit.py:571} INFO - commons-logging#commons-logging;1.1.3 by [commons-logging#commons-logging;1.2] in [default]
[2024-05-18T23:45:54.908+0000] {spark_submit.py:571} INFO - com.google.code.findbugs#jsr305;3.0.0 by [com.google.code.findbugs#jsr305;3.0.2] in [default]
[2024-05-18T23:45:54.910+0000] {spark_submit.py:571} INFO - org.slf4j#slf4j-api;1.7.26 by [org.slf4j#slf4j-api;2.0.7] in [default]
[2024-05-18T23:45:54.910+0000] {spark_submit.py:571} INFO - org.xerial.snappy#snappy-java;1.1.10.1 by [org.xerial.snappy#snappy-java;1.1.10.3] in [default]
[2024-05-18T23:45:54.913+0000] {spark_submit.py:571} INFO - org.slf4j#slf4j-api;1.7.36 by [org.slf4j#slf4j-api;2.0.7] in [default]
[2024-05-18T23:45:54.917+0000] {spark_submit.py:571} INFO - ---------------------------------------------------------------------
[2024-05-18T23:45:54.917+0000] {spark_submit.py:571} INFO - |                  |            modules            ||   artifacts   |
[2024-05-18T23:45:54.917+0000] {spark_submit.py:571} INFO - |       conf       | number| search|dwnlded|evicted|| number|dwnlded|
[2024-05-18T23:45:54.952+0000] {spark_submit.py:571} INFO - ---------------------------------------------------------------------
[2024-05-18T23:45:54.954+0000] {spark_submit.py:571} INFO - |      default     |   35  |   0   |   0   |   6   ||   29  |   0   |
[2024-05-18T23:45:54.954+0000] {spark_submit.py:571} INFO - ---------------------------------------------------------------------
[2024-05-18T23:45:55.245+0000] {spark_submit.py:571} INFO - 
[2024-05-18T23:45:55.277+0000] {spark_submit.py:571} INFO - :: problems summary ::
[2024-05-18T23:45:55.285+0000] {spark_submit.py:571} INFO - :::: ERRORS
[2024-05-18T23:45:55.296+0000] {spark_submit.py:571} INFO - unknown resolver null
[2024-05-18T23:45:55.302+0000] {spark_submit.py:571} INFO - 
[2024-05-18T23:45:55.310+0000] {spark_submit.py:571} INFO - unknown resolver null
[2024-05-18T23:45:55.315+0000] {spark_submit.py:571} INFO - 
[2024-05-18T23:45:55.315+0000] {spark_submit.py:571} INFO - 
[2024-05-18T23:45:55.316+0000] {spark_submit.py:571} INFO - :: USE VERBOSE OR DEBUG MESSAGE LEVEL FOR MORE DETAILS
[2024-05-18T23:45:55.316+0000] {spark_submit.py:571} INFO - :: retrieving :: org.apache.spark#spark-submit-parent-60f580cd-25c7-4a3a-9c31-bc80cb6feb5d
[2024-05-18T23:45:55.321+0000] {spark_submit.py:571} INFO - confs: [default]
[2024-05-18T23:45:56.229+0000] {spark_submit.py:571} INFO - 0 artifacts copied, 29 already retrieved (0kB/817ms)
[2024-05-18T23:46:16.214+0000] {spark_submit.py:571} INFO - 24/05/18 23:46:16 WARN NativeCodeLoader: Unable to load native-hadoop library for your platform... using builtin-java classes where applicable
[2024-05-18T23:47:28.091+0000] {spark_submit.py:571} INFO - 24/05/18 23:47:27 INFO SparkContext: Running Spark version 3.5.1
[2024-05-18T23:47:28.555+0000] {spark_submit.py:571} INFO - 24/05/18 23:47:28 INFO SparkContext: OS info Linux, 6.6.26-linuxkit, aarch64
[2024-05-18T23:47:28.559+0000] {spark_submit.py:571} INFO - 24/05/18 23:47:28 INFO SparkContext: Java version 11.0.23
[2024-05-18T23:47:29.098+0000] {spark_submit.py:571} INFO - 24/05/18 23:47:29 INFO ResourceUtils: ==============================================================
[2024-05-18T23:47:29.207+0000] {spark_submit.py:571} INFO - 24/05/18 23:47:29 INFO ResourceUtils: No custom resources configured for spark.driver.
[2024-05-18T23:47:29.220+0000] {spark_submit.py:571} INFO - 24/05/18 23:47:29 INFO ResourceUtils: ==============================================================
[2024-05-18T23:47:29.255+0000] {spark_submit.py:571} INFO - 24/05/18 23:47:29 INFO SparkContext: Submitted application: Redfin_Properties_Consumer
[2024-05-18T23:47:30.916+0000] {spark_submit.py:571} INFO - 24/05/18 23:47:30 INFO ResourceProfile: Default ResourceProfile created, executor resources: Map(memory -> name: memory, amount: 1024, script: , vendor: , offHeap -> name: offHeap, amount: 0, script: , vendor: ), task resources: Map(cpus -> name: cpus, amount: 1.0)
[2024-05-18T23:47:31.612+0000] {spark_submit.py:571} INFO - 24/05/18 23:47:31 INFO ResourceProfile: Limiting resource is cpu
[2024-05-18T23:47:31.616+0000] {spark_submit.py:571} INFO - 24/05/18 23:47:31 INFO ResourceProfileManager: Added ResourceProfile id: 0
[2024-05-18T23:47:33.874+0000] {spark_submit.py:571} INFO - 24/05/18 23:47:33 INFO SecurityManager: Changing view acls to: ***
[2024-05-18T23:47:34.259+0000] {spark_submit.py:571} INFO - 24/05/18 23:47:33 INFO SecurityManager: Changing modify acls to: ***
[2024-05-18T23:47:34.263+0000] {spark_submit.py:571} INFO - 24/05/18 23:47:33 INFO SecurityManager: Changing view acls groups to:
[2024-05-18T23:47:34.268+0000] {spark_submit.py:571} INFO - 24/05/18 23:47:33 INFO SecurityManager: Changing modify acls groups to:
[2024-05-18T23:47:34.290+0000] {spark_submit.py:571} INFO - 24/05/18 23:47:33 INFO SecurityManager: SecurityManager: authentication disabled; ui acls disabled; users with view permissions: ***; groups with view permissions: EMPTY; users with modify permissions: ***; groups with modify permissions: EMPTY
[2024-05-18T23:47:40.398+0000] {spark_submit.py:571} INFO - 24/05/18 23:47:40 INFO Utils: Successfully started service 'sparkDriver' on port 41473.
[2024-05-18T23:47:40.984+0000] {spark_submit.py:571} INFO - 24/05/18 23:47:40 INFO SparkEnv: Registering MapOutputTracker
[2024-05-18T23:47:41.759+0000] {spark_submit.py:571} INFO - 24/05/18 23:47:41 INFO SparkEnv: Registering BlockManagerMaster
[2024-05-18T23:47:42.430+0000] {spark_submit.py:571} INFO - 24/05/18 23:47:42 INFO BlockManagerMasterEndpoint: Using org.apache.spark.storage.DefaultTopologyMapper for getting topology information
[2024-05-18T23:47:42.450+0000] {spark_submit.py:571} INFO - 24/05/18 23:47:42 INFO BlockManagerMasterEndpoint: BlockManagerMasterEndpoint up
[2024-05-18T23:47:42.492+0000] {spark_submit.py:571} INFO - 24/05/18 23:47:42 INFO SparkEnv: Registering BlockManagerMasterHeartbeat
[2024-05-18T23:47:42.793+0000] {spark_submit.py:571} INFO - 24/05/18 23:47:42 INFO DiskBlockManager: Created local directory at /tmp/blockmgr-4028688d-0a17-4f0b-8833-2fb544b7ad9e
[2024-05-18T23:47:43.039+0000] {spark_submit.py:571} INFO - 24/05/18 23:47:43 INFO MemoryStore: MemoryStore started with capacity 434.4 MiB
[2024-05-18T23:47:43.427+0000] {spark_submit.py:571} INFO - 24/05/18 23:47:43 INFO SparkEnv: Registering OutputCommitCoordinator
[2024-05-18T23:47:45.699+0000] {spark_submit.py:571} INFO - 24/05/18 23:47:45 INFO JettyUtils: Start Jetty 0.0.0.0:4040 for SparkUI
[2024-05-18T23:47:46.738+0000] {spark_submit.py:571} INFO - 24/05/18 23:47:46 WARN Utils: Service 'SparkUI' could not bind on port 4040. Attempting port 4041.
[2024-05-18T23:47:46.801+0000] {spark_submit.py:571} INFO - 24/05/18 23:47:46 WARN Utils: Service 'SparkUI' could not bind on port 4041. Attempting port 4042.
[2024-05-18T23:47:46.804+0000] {spark_submit.py:571} INFO - 24/05/18 23:47:46 WARN Utils: Service 'SparkUI' could not bind on port 4042. Attempting port 4043.
[2024-05-18T23:47:46.805+0000] {spark_submit.py:571} INFO - 24/05/18 23:47:46 WARN Utils: Service 'SparkUI' could not bind on port 4043. Attempting port 4044.
[2024-05-18T23:47:46.807+0000] {spark_submit.py:571} INFO - 24/05/18 23:47:46 WARN Utils: Service 'SparkUI' could not bind on port 4044. Attempting port 4045.
[2024-05-18T23:47:46.889+0000] {spark_submit.py:571} INFO - 24/05/18 23:47:46 INFO Utils: Successfully started service 'SparkUI' on port 4045.
[2024-05-18T23:47:47.324+0000] {spark_submit.py:571} INFO - 24/05/18 23:47:47 INFO SparkContext: Added JAR file:///home/***/.ivy2/jars/org.apache.spark_spark-sql-kafka-0-10_2.12-3.5.1.jar at spark://c0373bd0174c:41473/jars/org.apache.spark_spark-sql-kafka-0-10_2.12-3.5.1.jar with timestamp 1716076047277
[2024-05-18T23:47:47.380+0000] {spark_submit.py:571} INFO - 24/05/18 23:47:47 INFO SparkContext: Added JAR file:///home/***/.ivy2/jars/com.datastax.spark_spark-cassandra-connector_2.12-3.5.0.jar at spark://c0373bd0174c:41473/jars/com.datastax.spark_spark-cassandra-connector_2.12-3.5.0.jar with timestamp 1716076047277
[2024-05-18T23:47:47.384+0000] {spark_submit.py:571} INFO - 24/05/18 23:47:47 INFO SparkContext: Added JAR file:///home/***/.ivy2/jars/org.apache.kafka_kafka-clients-3.5.1.jar at spark://c0373bd0174c:41473/jars/org.apache.kafka_kafka-clients-3.5.1.jar with timestamp 1716076047277
[2024-05-18T23:47:47.386+0000] {spark_submit.py:571} INFO - 24/05/18 23:47:47 INFO SparkContext: Added JAR file:///home/***/.ivy2/jars/commons-logging_commons-logging-1.2.jar at spark://c0373bd0174c:41473/jars/commons-logging_commons-logging-1.2.jar with timestamp 1716076047277
[2024-05-18T23:47:47.388+0000] {spark_submit.py:571} INFO - 24/05/18 23:47:47 INFO SparkContext: Added JAR file:///home/***/.ivy2/jars/org.apache.spark_spark-token-provider-kafka-0-10_2.12-3.5.1.jar at spark://c0373bd0174c:41473/jars/org.apache.spark_spark-token-provider-kafka-0-10_2.12-3.5.1.jar with timestamp 1716076047277
[2024-05-18T23:47:47.409+0000] {spark_submit.py:571} INFO - 24/05/18 23:47:47 INFO SparkContext: Added JAR file:///home/***/.ivy2/jars/org.apache.commons_commons-pool2-2.11.1.jar at spark://c0373bd0174c:41473/jars/org.apache.commons_commons-pool2-2.11.1.jar with timestamp 1716076047277
[2024-05-18T23:47:47.414+0000] {spark_submit.py:571} INFO - 24/05/18 23:47:47 INFO SparkContext: Added JAR file:///home/***/.ivy2/jars/org.apache.hadoop_hadoop-client-runtime-3.3.4.jar at spark://c0373bd0174c:41473/jars/org.apache.hadoop_hadoop-client-runtime-3.3.4.jar with timestamp 1716076047277
[2024-05-18T23:47:47.420+0000] {spark_submit.py:571} INFO - 24/05/18 23:47:47 INFO SparkContext: Added JAR file:///home/***/.ivy2/jars/org.apache.hadoop_hadoop-client-api-3.3.4.jar at spark://c0373bd0174c:41473/jars/org.apache.hadoop_hadoop-client-api-3.3.4.jar with timestamp 1716076047277
[2024-05-18T23:47:47.421+0000] {spark_submit.py:571} INFO - 24/05/18 23:47:47 INFO SparkContext: Added JAR file:///home/***/.ivy2/jars/org.xerial.snappy_snappy-java-1.1.10.3.jar at spark://c0373bd0174c:41473/jars/org.xerial.snappy_snappy-java-1.1.10.3.jar with timestamp 1716076047277
[2024-05-18T23:47:47.427+0000] {spark_submit.py:571} INFO - 24/05/18 23:47:47 INFO SparkContext: Added JAR file:///home/***/.ivy2/jars/org.slf4j_slf4j-api-2.0.7.jar at spark://c0373bd0174c:41473/jars/org.slf4j_slf4j-api-2.0.7.jar with timestamp 1716076047277
[2024-05-18T23:47:47.435+0000] {spark_submit.py:571} INFO - 24/05/18 23:47:47 INFO SparkContext: Added JAR file:///home/***/.ivy2/jars/com.datastax.spark_spark-cassandra-connector-driver_2.12-3.5.0.jar at spark://c0373bd0174c:41473/jars/com.datastax.spark_spark-cassandra-connector-driver_2.12-3.5.0.jar with timestamp 1716076047277
[2024-05-18T23:47:47.437+0000] {spark_submit.py:571} INFO - 24/05/18 23:47:47 INFO SparkContext: Added JAR file:///home/***/.ivy2/jars/org.scala-lang.modules_scala-collection-compat_2.12-2.11.0.jar at spark://c0373bd0174c:41473/jars/org.scala-lang.modules_scala-collection-compat_2.12-2.11.0.jar with timestamp 1716076047277
[2024-05-18T23:47:47.439+0000] {spark_submit.py:571} INFO - 24/05/18 23:47:47 INFO SparkContext: Added JAR file:///home/***/.ivy2/jars/com.datastax.oss_java-driver-core-shaded-4.13.0.jar at spark://c0373bd0174c:41473/jars/com.datastax.oss_java-driver-core-shaded-4.13.0.jar with timestamp 1716076047277
[2024-05-18T23:47:47.446+0000] {spark_submit.py:571} INFO - 24/05/18 23:47:47 INFO SparkContext: Added JAR file:///home/***/.ivy2/jars/com.datastax.oss_java-driver-mapper-runtime-4.13.0.jar at spark://c0373bd0174c:41473/jars/com.datastax.oss_java-driver-mapper-runtime-4.13.0.jar with timestamp 1716076047277
[2024-05-18T23:47:47.449+0000] {spark_submit.py:571} INFO - 24/05/18 23:47:47 INFO SparkContext: Added JAR file:///home/***/.ivy2/jars/org.apache.commons_commons-lang3-3.10.jar at spark://c0373bd0174c:41473/jars/org.apache.commons_commons-lang3-3.10.jar with timestamp 1716076047277
[2024-05-18T23:47:47.457+0000] {spark_submit.py:571} INFO - 24/05/18 23:47:47 INFO SparkContext: Added JAR file:///home/***/.ivy2/jars/com.thoughtworks.paranamer_paranamer-2.8.jar at spark://c0373bd0174c:41473/jars/com.thoughtworks.paranamer_paranamer-2.8.jar with timestamp 1716076047277
[2024-05-18T23:47:47.475+0000] {spark_submit.py:571} INFO - 24/05/18 23:47:47 INFO SparkContext: Added JAR file:///home/***/.ivy2/jars/org.scala-lang_scala-reflect-2.12.11.jar at spark://c0373bd0174c:41473/jars/org.scala-lang_scala-reflect-2.12.11.jar with timestamp 1716076047277
[2024-05-18T23:47:47.481+0000] {spark_submit.py:571} INFO - 24/05/18 23:47:47 INFO SparkContext: Added JAR file:///home/***/.ivy2/jars/com.datastax.oss_native-protocol-1.5.0.jar at spark://c0373bd0174c:41473/jars/com.datastax.oss_native-protocol-1.5.0.jar with timestamp 1716076047277
[2024-05-18T23:47:47.484+0000] {spark_submit.py:571} INFO - 24/05/18 23:47:47 INFO SparkContext: Added JAR file:///home/***/.ivy2/jars/com.datastax.oss_java-driver-shaded-guava-25.1-jre-graal-sub-1.jar at spark://c0373bd0174c:41473/jars/com.datastax.oss_java-driver-shaded-guava-25.1-jre-graal-sub-1.jar with timestamp 1716076047277
[2024-05-18T23:47:47.487+0000] {spark_submit.py:571} INFO - 24/05/18 23:47:47 INFO SparkContext: Added JAR file:///home/***/.ivy2/jars/com.typesafe_config-1.4.1.jar at spark://c0373bd0174c:41473/jars/com.typesafe_config-1.4.1.jar with timestamp 1716076047277
[2024-05-18T23:47:47.488+0000] {spark_submit.py:571} INFO - 24/05/18 23:47:47 INFO SparkContext: Added JAR file:///home/***/.ivy2/jars/io.dropwizard.metrics_metrics-core-4.1.18.jar at spark://c0373bd0174c:41473/jars/io.dropwizard.metrics_metrics-core-4.1.18.jar with timestamp 1716076047277
[2024-05-18T23:47:47.490+0000] {spark_submit.py:571} INFO - 24/05/18 23:47:47 INFO SparkContext: Added JAR file:///home/***/.ivy2/jars/org.hdrhistogram_HdrHistogram-2.1.12.jar at spark://c0373bd0174c:41473/jars/org.hdrhistogram_HdrHistogram-2.1.12.jar with timestamp 1716076047277
[2024-05-18T23:47:47.499+0000] {spark_submit.py:571} INFO - 24/05/18 23:47:47 INFO SparkContext: Added JAR file:///home/***/.ivy2/jars/org.reactivestreams_reactive-streams-1.0.3.jar at spark://c0373bd0174c:41473/jars/org.reactivestreams_reactive-streams-1.0.3.jar with timestamp 1716076047277
[2024-05-18T23:47:47.503+0000] {spark_submit.py:571} INFO - 24/05/18 23:47:47 INFO SparkContext: Added JAR file:///home/***/.ivy2/jars/com.github.stephenc.jcip_jcip-annotations-1.0-1.jar at spark://c0373bd0174c:41473/jars/com.github.stephenc.jcip_jcip-annotations-1.0-1.jar with timestamp 1716076047277
[2024-05-18T23:47:47.514+0000] {spark_submit.py:571} INFO - 24/05/18 23:47:47 INFO SparkContext: Added JAR file:///home/***/.ivy2/jars/com.github.spotbugs_spotbugs-annotations-3.1.12.jar at spark://c0373bd0174c:41473/jars/com.github.spotbugs_spotbugs-annotations-3.1.12.jar with timestamp 1716076047277
[2024-05-18T23:47:47.530+0000] {spark_submit.py:571} INFO - 24/05/18 23:47:47 INFO SparkContext: Added JAR file:///home/***/.ivy2/jars/com.google.code.findbugs_jsr305-3.0.2.jar at spark://c0373bd0174c:41473/jars/com.google.code.findbugs_jsr305-3.0.2.jar with timestamp 1716076047277
[2024-05-18T23:47:47.552+0000] {spark_submit.py:571} INFO - 24/05/18 23:47:47 INFO SparkContext: Added JAR file:///home/***/.ivy2/jars/com.datastax.oss_java-driver-query-builder-4.13.0.jar at spark://c0373bd0174c:41473/jars/com.datastax.oss_java-driver-query-builder-4.13.0.jar with timestamp 1716076047277
[2024-05-18T23:47:47.559+0000] {spark_submit.py:571} INFO - 24/05/18 23:47:47 INFO SparkContext: Added JAR file:///home/***/.ivy2/jars/com.github.luben_zstd-jni-1.5.5-1.jar at spark://c0373bd0174c:41473/jars/com.github.luben_zstd-jni-1.5.5-1.jar with timestamp 1716076047277
[2024-05-18T23:47:47.565+0000] {spark_submit.py:571} INFO - 24/05/18 23:47:47 INFO SparkContext: Added JAR file:///home/***/.ivy2/jars/org.lz4_lz4-java-1.8.0.jar at spark://c0373bd0174c:41473/jars/org.lz4_lz4-java-1.8.0.jar with timestamp 1716076047277
[2024-05-18T23:47:47.569+0000] {spark_submit.py:571} INFO - 24/05/18 23:47:47 INFO SparkContext: Added file file:///home/***/.ivy2/jars/org.apache.spark_spark-sql-kafka-0-10_2.12-3.5.1.jar at spark://c0373bd0174c:41473/files/org.apache.spark_spark-sql-kafka-0-10_2.12-3.5.1.jar with timestamp 1716076047277
[2024-05-18T23:47:47.596+0000] {spark_submit.py:571} INFO - 24/05/18 23:47:47 INFO Utils: Copying /home/***/.ivy2/jars/org.apache.spark_spark-sql-kafka-0-10_2.12-3.5.1.jar to /tmp/spark-f6a11e76-7596-4d17-ae7d-b75882e435de/userFiles-f3d46f77-e052-4e81-8514-d04a9f77ff78/org.apache.spark_spark-sql-kafka-0-10_2.12-3.5.1.jar
[2024-05-18T23:47:48.017+0000] {spark_submit.py:571} INFO - 24/05/18 23:47:48 INFO SparkContext: Added file file:///home/***/.ivy2/jars/com.datastax.spark_spark-cassandra-connector_2.12-3.5.0.jar at spark://c0373bd0174c:41473/files/com.datastax.spark_spark-cassandra-connector_2.12-3.5.0.jar with timestamp 1716076047277
[2024-05-18T23:47:48.037+0000] {spark_submit.py:571} INFO - 24/05/18 23:47:48 INFO Utils: Copying /home/***/.ivy2/jars/com.datastax.spark_spark-cassandra-connector_2.12-3.5.0.jar to /tmp/spark-f6a11e76-7596-4d17-ae7d-b75882e435de/userFiles-f3d46f77-e052-4e81-8514-d04a9f77ff78/com.datastax.spark_spark-cassandra-connector_2.12-3.5.0.jar
[2024-05-18T23:47:48.106+0000] {spark_submit.py:571} INFO - 24/05/18 23:47:48 INFO SparkContext: Added file file:///home/***/.ivy2/jars/org.apache.kafka_kafka-clients-3.5.1.jar at spark://c0373bd0174c:41473/files/org.apache.kafka_kafka-clients-3.5.1.jar with timestamp 1716076047277
[2024-05-18T23:47:48.110+0000] {spark_submit.py:571} INFO - 24/05/18 23:47:48 INFO Utils: Copying /home/***/.ivy2/jars/org.apache.kafka_kafka-clients-3.5.1.jar to /tmp/spark-f6a11e76-7596-4d17-ae7d-b75882e435de/userFiles-f3d46f77-e052-4e81-8514-d04a9f77ff78/org.apache.kafka_kafka-clients-3.5.1.jar
[2024-05-18T23:47:51.314+0000] {spark_submit.py:571} INFO - 24/05/18 23:47:51 INFO SparkContext: Added file file:///home/***/.ivy2/jars/commons-logging_commons-logging-1.2.jar at spark://c0373bd0174c:41473/files/commons-logging_commons-logging-1.2.jar with timestamp 1716076047277
[2024-05-18T23:47:51.384+0000] {spark_submit.py:571} INFO - 24/05/18 23:47:51 INFO Utils: Copying /home/***/.ivy2/jars/commons-logging_commons-logging-1.2.jar to /tmp/spark-f6a11e76-7596-4d17-ae7d-b75882e435de/userFiles-f3d46f77-e052-4e81-8514-d04a9f77ff78/commons-logging_commons-logging-1.2.jar
[2024-05-18T23:47:51.447+0000] {spark_submit.py:571} INFO - 24/05/18 23:47:51 INFO SparkContext: Added file file:///home/***/.ivy2/jars/org.apache.spark_spark-token-provider-kafka-0-10_2.12-3.5.1.jar at spark://c0373bd0174c:41473/files/org.apache.spark_spark-token-provider-kafka-0-10_2.12-3.5.1.jar with timestamp 1716076047277
[2024-05-18T23:47:51.459+0000] {spark_submit.py:571} INFO - 24/05/18 23:47:51 INFO Utils: Copying /home/***/.ivy2/jars/org.apache.spark_spark-token-provider-kafka-0-10_2.12-3.5.1.jar to /tmp/spark-f6a11e76-7596-4d17-ae7d-b75882e435de/userFiles-f3d46f77-e052-4e81-8514-d04a9f77ff78/org.apache.spark_spark-token-provider-kafka-0-10_2.12-3.5.1.jar
[2024-05-18T23:47:51.506+0000] {spark_submit.py:571} INFO - 24/05/18 23:47:51 INFO SparkContext: Added file file:///home/***/.ivy2/jars/org.apache.commons_commons-pool2-2.11.1.jar at spark://c0373bd0174c:41473/files/org.apache.commons_commons-pool2-2.11.1.jar with timestamp 1716076047277
[2024-05-18T23:47:51.510+0000] {spark_submit.py:571} INFO - 24/05/18 23:47:51 INFO Utils: Copying /home/***/.ivy2/jars/org.apache.commons_commons-pool2-2.11.1.jar to /tmp/spark-f6a11e76-7596-4d17-ae7d-b75882e435de/userFiles-f3d46f77-e052-4e81-8514-d04a9f77ff78/org.apache.commons_commons-pool2-2.11.1.jar
[2024-05-18T23:47:51.572+0000] {spark_submit.py:571} INFO - 24/05/18 23:47:51 INFO SparkContext: Added file file:///home/***/.ivy2/jars/org.apache.hadoop_hadoop-client-runtime-3.3.4.jar at spark://c0373bd0174c:41473/files/org.apache.hadoop_hadoop-client-runtime-3.3.4.jar with timestamp 1716076047277
[2024-05-18T23:47:51.572+0000] {spark_submit.py:571} INFO - 24/05/18 23:47:51 INFO Utils: Copying /home/***/.ivy2/jars/org.apache.hadoop_hadoop-client-runtime-3.3.4.jar to /tmp/spark-f6a11e76-7596-4d17-ae7d-b75882e435de/userFiles-f3d46f77-e052-4e81-8514-d04a9f77ff78/org.apache.hadoop_hadoop-client-runtime-3.3.4.jar
[2024-05-18T23:47:55.086+0000] {spark_submit.py:571} INFO - 24/05/18 23:47:55 INFO SparkContext: Added file file:///home/***/.ivy2/jars/org.apache.hadoop_hadoop-client-api-3.3.4.jar at spark://c0373bd0174c:41473/files/org.apache.hadoop_hadoop-client-api-3.3.4.jar with timestamp 1716076047277
[2024-05-18T23:47:55.104+0000] {spark_submit.py:571} INFO - 24/05/18 23:47:55 INFO Utils: Copying /home/***/.ivy2/jars/org.apache.hadoop_hadoop-client-api-3.3.4.jar to /tmp/spark-f6a11e76-7596-4d17-ae7d-b75882e435de/userFiles-f3d46f77-e052-4e81-8514-d04a9f77ff78/org.apache.hadoop_hadoop-client-api-3.3.4.jar
[2024-05-18T23:48:03.894+0000] {spark_submit.py:571} INFO - 24/05/18 23:48:03 INFO SparkContext: Added file file:///home/***/.ivy2/jars/org.xerial.snappy_snappy-java-1.1.10.3.jar at spark://c0373bd0174c:41473/files/org.xerial.snappy_snappy-java-1.1.10.3.jar with timestamp 1716076047277
[2024-05-18T23:48:03.944+0000] {spark_submit.py:571} INFO - 24/05/18 23:48:03 INFO Utils: Copying /home/***/.ivy2/jars/org.xerial.snappy_snappy-java-1.1.10.3.jar to /tmp/spark-f6a11e76-7596-4d17-ae7d-b75882e435de/userFiles-f3d46f77-e052-4e81-8514-d04a9f77ff78/org.xerial.snappy_snappy-java-1.1.10.3.jar
[2024-05-18T23:48:04.586+0000] {spark_submit.py:571} INFO - 24/05/18 23:48:04 INFO SparkContext: Added file file:///home/***/.ivy2/jars/org.slf4j_slf4j-api-2.0.7.jar at spark://c0373bd0174c:41473/files/org.slf4j_slf4j-api-2.0.7.jar with timestamp 1716076047277
[2024-05-18T23:48:04.611+0000] {spark_submit.py:571} INFO - 24/05/18 23:48:04 INFO Utils: Copying /home/***/.ivy2/jars/org.slf4j_slf4j-api-2.0.7.jar to /tmp/spark-f6a11e76-7596-4d17-ae7d-b75882e435de/userFiles-f3d46f77-e052-4e81-8514-d04a9f77ff78/org.slf4j_slf4j-api-2.0.7.jar
[2024-05-18T23:48:05.510+0000] {spark_submit.py:571} INFO - 24/05/18 23:48:05 INFO SparkContext: Added file file:///home/***/.ivy2/jars/com.datastax.spark_spark-cassandra-connector-driver_2.12-3.5.0.jar at spark://c0373bd0174c:41473/files/com.datastax.spark_spark-cassandra-connector-driver_2.12-3.5.0.jar with timestamp 1716076047277
[2024-05-18T23:48:05.526+0000] {spark_submit.py:571} INFO - 24/05/18 23:48:05 INFO Utils: Copying /home/***/.ivy2/jars/com.datastax.spark_spark-cassandra-connector-driver_2.12-3.5.0.jar to /tmp/spark-f6a11e76-7596-4d17-ae7d-b75882e435de/userFiles-f3d46f77-e052-4e81-8514-d04a9f77ff78/com.datastax.spark_spark-cassandra-connector-driver_2.12-3.5.0.jar
[2024-05-18T23:48:05.916+0000] {spark_submit.py:571} INFO - 24/05/18 23:48:05 INFO SparkContext: Added file file:///home/***/.ivy2/jars/org.scala-lang.modules_scala-collection-compat_2.12-2.11.0.jar at spark://c0373bd0174c:41473/files/org.scala-lang.modules_scala-collection-compat_2.12-2.11.0.jar with timestamp 1716076047277
[2024-05-18T23:48:05.926+0000] {spark_submit.py:571} INFO - 24/05/18 23:48:05 INFO Utils: Copying /home/***/.ivy2/jars/org.scala-lang.modules_scala-collection-compat_2.12-2.11.0.jar to /tmp/spark-f6a11e76-7596-4d17-ae7d-b75882e435de/userFiles-f3d46f77-e052-4e81-8514-d04a9f77ff78/org.scala-lang.modules_scala-collection-compat_2.12-2.11.0.jar
[2024-05-18T23:48:06.018+0000] {spark_submit.py:571} INFO - 24/05/18 23:48:06 INFO SparkContext: Added file file:///home/***/.ivy2/jars/com.datastax.oss_java-driver-core-shaded-4.13.0.jar at spark://c0373bd0174c:41473/files/com.datastax.oss_java-driver-core-shaded-4.13.0.jar with timestamp 1716076047277
[2024-05-18T23:48:06.020+0000] {spark_submit.py:571} INFO - 24/05/18 23:48:06 INFO Utils: Copying /home/***/.ivy2/jars/com.datastax.oss_java-driver-core-shaded-4.13.0.jar to /tmp/spark-f6a11e76-7596-4d17-ae7d-b75882e435de/userFiles-f3d46f77-e052-4e81-8514-d04a9f77ff78/com.datastax.oss_java-driver-core-shaded-4.13.0.jar
[2024-05-18T23:48:06.683+0000] {spark_submit.py:571} INFO - 24/05/18 23:48:06 INFO SparkContext: Added file file:///home/***/.ivy2/jars/com.datastax.oss_java-driver-mapper-runtime-4.13.0.jar at spark://c0373bd0174c:41473/files/com.datastax.oss_java-driver-mapper-runtime-4.13.0.jar with timestamp 1716076047277
[2024-05-18T23:48:06.722+0000] {spark_submit.py:571} INFO - 24/05/18 23:48:06 INFO Utils: Copying /home/***/.ivy2/jars/com.datastax.oss_java-driver-mapper-runtime-4.13.0.jar to /tmp/spark-f6a11e76-7596-4d17-ae7d-b75882e435de/userFiles-f3d46f77-e052-4e81-8514-d04a9f77ff78/com.datastax.oss_java-driver-mapper-runtime-4.13.0.jar
[2024-05-18T23:48:06.764+0000] {spark_submit.py:571} INFO - 24/05/18 23:48:06 INFO SparkContext: Added file file:///home/***/.ivy2/jars/org.apache.commons_commons-lang3-3.10.jar at spark://c0373bd0174c:41473/files/org.apache.commons_commons-lang3-3.10.jar with timestamp 1716076047277
[2024-05-18T23:48:06.780+0000] {spark_submit.py:571} INFO - 24/05/18 23:48:06 INFO Utils: Copying /home/***/.ivy2/jars/org.apache.commons_commons-lang3-3.10.jar to /tmp/spark-f6a11e76-7596-4d17-ae7d-b75882e435de/userFiles-f3d46f77-e052-4e81-8514-d04a9f77ff78/org.apache.commons_commons-lang3-3.10.jar
[2024-05-18T23:48:06.886+0000] {spark_submit.py:571} INFO - 24/05/18 23:48:06 INFO SparkContext: Added file file:///home/***/.ivy2/jars/com.thoughtworks.paranamer_paranamer-2.8.jar at spark://c0373bd0174c:41473/files/com.thoughtworks.paranamer_paranamer-2.8.jar with timestamp 1716076047277
[2024-05-18T23:48:06.891+0000] {spark_submit.py:571} INFO - 24/05/18 23:48:06 INFO Utils: Copying /home/***/.ivy2/jars/com.thoughtworks.paranamer_paranamer-2.8.jar to /tmp/spark-f6a11e76-7596-4d17-ae7d-b75882e435de/userFiles-f3d46f77-e052-4e81-8514-d04a9f77ff78/com.thoughtworks.paranamer_paranamer-2.8.jar
[2024-05-18T23:48:08.560+0000] {spark_submit.py:571} INFO - 24/05/18 23:48:08 INFO SparkContext: Added file file:///home/***/.ivy2/jars/org.scala-lang_scala-reflect-2.12.11.jar at spark://c0373bd0174c:41473/files/org.scala-lang_scala-reflect-2.12.11.jar with timestamp 1716076047277
[2024-05-18T23:48:08.581+0000] {spark_submit.py:571} INFO - 24/05/18 23:48:08 INFO Utils: Copying /home/***/.ivy2/jars/org.scala-lang_scala-reflect-2.12.11.jar to /tmp/spark-f6a11e76-7596-4d17-ae7d-b75882e435de/userFiles-f3d46f77-e052-4e81-8514-d04a9f77ff78/org.scala-lang_scala-reflect-2.12.11.jar
[2024-05-18T23:48:09.325+0000] {spark_submit.py:571} INFO - 24/05/18 23:48:09 INFO SparkContext: Added file file:///home/***/.ivy2/jars/com.datastax.oss_native-protocol-1.5.0.jar at spark://c0373bd0174c:41473/files/com.datastax.oss_native-protocol-1.5.0.jar with timestamp 1716076047277
[2024-05-18T23:48:09.328+0000] {spark_submit.py:571} INFO - 24/05/18 23:48:09 INFO Utils: Copying /home/***/.ivy2/jars/com.datastax.oss_native-protocol-1.5.0.jar to /tmp/spark-f6a11e76-7596-4d17-ae7d-b75882e435de/userFiles-f3d46f77-e052-4e81-8514-d04a9f77ff78/com.datastax.oss_native-protocol-1.5.0.jar
[2024-05-18T23:48:09.431+0000] {spark_submit.py:571} INFO - 24/05/18 23:48:09 INFO SparkContext: Added file file:///home/***/.ivy2/jars/com.datastax.oss_java-driver-shaded-guava-25.1-jre-graal-sub-1.jar at spark://c0373bd0174c:41473/files/com.datastax.oss_java-driver-shaded-guava-25.1-jre-graal-sub-1.jar with timestamp 1716076047277
[2024-05-18T23:48:09.438+0000] {spark_submit.py:571} INFO - 24/05/18 23:48:09 INFO Utils: Copying /home/***/.ivy2/jars/com.datastax.oss_java-driver-shaded-guava-25.1-jre-graal-sub-1.jar to /tmp/spark-f6a11e76-7596-4d17-ae7d-b75882e435de/userFiles-f3d46f77-e052-4e81-8514-d04a9f77ff78/com.datastax.oss_java-driver-shaded-guava-25.1-jre-graal-sub-1.jar
[2024-05-18T23:48:09.564+0000] {spark_submit.py:571} INFO - 24/05/18 23:48:09 INFO SparkContext: Added file file:///home/***/.ivy2/jars/com.typesafe_config-1.4.1.jar at spark://c0373bd0174c:41473/files/com.typesafe_config-1.4.1.jar with timestamp 1716076047277
[2024-05-18T23:48:09.564+0000] {spark_submit.py:571} INFO - 24/05/18 23:48:09 INFO Utils: Copying /home/***/.ivy2/jars/com.typesafe_config-1.4.1.jar to /tmp/spark-f6a11e76-7596-4d17-ae7d-b75882e435de/userFiles-f3d46f77-e052-4e81-8514-d04a9f77ff78/com.typesafe_config-1.4.1.jar
[2024-05-18T23:48:09.585+0000] {spark_submit.py:571} INFO - 24/05/18 23:48:09 INFO SparkContext: Added file file:///home/***/.ivy2/jars/io.dropwizard.metrics_metrics-core-4.1.18.jar at spark://c0373bd0174c:41473/files/io.dropwizard.metrics_metrics-core-4.1.18.jar with timestamp 1716076047277
[2024-05-18T23:48:09.586+0000] {spark_submit.py:571} INFO - 24/05/18 23:48:09 INFO Utils: Copying /home/***/.ivy2/jars/io.dropwizard.metrics_metrics-core-4.1.18.jar to /tmp/spark-f6a11e76-7596-4d17-ae7d-b75882e435de/userFiles-f3d46f77-e052-4e81-8514-d04a9f77ff78/io.dropwizard.metrics_metrics-core-4.1.18.jar
[2024-05-18T23:48:09.632+0000] {spark_submit.py:571} INFO - 24/05/18 23:48:09 INFO SparkContext: Added file file:///home/***/.ivy2/jars/org.hdrhistogram_HdrHistogram-2.1.12.jar at spark://c0373bd0174c:41473/files/org.hdrhistogram_HdrHistogram-2.1.12.jar with timestamp 1716076047277
[2024-05-18T23:48:09.634+0000] {spark_submit.py:571} INFO - 24/05/18 23:48:09 INFO Utils: Copying /home/***/.ivy2/jars/org.hdrhistogram_HdrHistogram-2.1.12.jar to /tmp/spark-f6a11e76-7596-4d17-ae7d-b75882e435de/userFiles-f3d46f77-e052-4e81-8514-d04a9f77ff78/org.hdrhistogram_HdrHistogram-2.1.12.jar
[2024-05-18T23:48:09.687+0000] {spark_submit.py:571} INFO - 24/05/18 23:48:09 INFO SparkContext: Added file file:///home/***/.ivy2/jars/org.reactivestreams_reactive-streams-1.0.3.jar at spark://c0373bd0174c:41473/files/org.reactivestreams_reactive-streams-1.0.3.jar with timestamp 1716076047277
[2024-05-18T23:48:09.690+0000] {spark_submit.py:571} INFO - 24/05/18 23:48:09 INFO Utils: Copying /home/***/.ivy2/jars/org.reactivestreams_reactive-streams-1.0.3.jar to /tmp/spark-f6a11e76-7596-4d17-ae7d-b75882e435de/userFiles-f3d46f77-e052-4e81-8514-d04a9f77ff78/org.reactivestreams_reactive-streams-1.0.3.jar
[2024-05-18T23:48:09.733+0000] {spark_submit.py:571} INFO - 24/05/18 23:48:09 INFO SparkContext: Added file file:///home/***/.ivy2/jars/com.github.stephenc.jcip_jcip-annotations-1.0-1.jar at spark://c0373bd0174c:41473/files/com.github.stephenc.jcip_jcip-annotations-1.0-1.jar with timestamp 1716076047277
[2024-05-18T23:48:09.739+0000] {spark_submit.py:571} INFO - 24/05/18 23:48:09 INFO Utils: Copying /home/***/.ivy2/jars/com.github.stephenc.jcip_jcip-annotations-1.0-1.jar to /tmp/spark-f6a11e76-7596-4d17-ae7d-b75882e435de/userFiles-f3d46f77-e052-4e81-8514-d04a9f77ff78/com.github.stephenc.jcip_jcip-annotations-1.0-1.jar
[2024-05-18T23:48:09.756+0000] {spark_submit.py:571} INFO - 24/05/18 23:48:09 INFO SparkContext: Added file file:///home/***/.ivy2/jars/com.github.spotbugs_spotbugs-annotations-3.1.12.jar at spark://c0373bd0174c:41473/files/com.github.spotbugs_spotbugs-annotations-3.1.12.jar with timestamp 1716076047277
[2024-05-18T23:48:09.758+0000] {spark_submit.py:571} INFO - 24/05/18 23:48:09 INFO Utils: Copying /home/***/.ivy2/jars/com.github.spotbugs_spotbugs-annotations-3.1.12.jar to /tmp/spark-f6a11e76-7596-4d17-ae7d-b75882e435de/userFiles-f3d46f77-e052-4e81-8514-d04a9f77ff78/com.github.spotbugs_spotbugs-annotations-3.1.12.jar
[2024-05-18T23:48:09.818+0000] {spark_submit.py:571} INFO - 24/05/18 23:48:09 INFO SparkContext: Added file file:///home/***/.ivy2/jars/com.google.code.findbugs_jsr305-3.0.2.jar at spark://c0373bd0174c:41473/files/com.google.code.findbugs_jsr305-3.0.2.jar with timestamp 1716076047277
[2024-05-18T23:48:09.819+0000] {spark_submit.py:571} INFO - 24/05/18 23:48:09 INFO Utils: Copying /home/***/.ivy2/jars/com.google.code.findbugs_jsr305-3.0.2.jar to /tmp/spark-f6a11e76-7596-4d17-ae7d-b75882e435de/userFiles-f3d46f77-e052-4e81-8514-d04a9f77ff78/com.google.code.findbugs_jsr305-3.0.2.jar
[2024-05-18T23:48:09.874+0000] {spark_submit.py:571} INFO - 24/05/18 23:48:09 INFO SparkContext: Added file file:///home/***/.ivy2/jars/com.datastax.oss_java-driver-query-builder-4.13.0.jar at spark://c0373bd0174c:41473/files/com.datastax.oss_java-driver-query-builder-4.13.0.jar with timestamp 1716076047277
[2024-05-18T23:48:09.877+0000] {spark_submit.py:571} INFO - 24/05/18 23:48:09 INFO Utils: Copying /home/***/.ivy2/jars/com.datastax.oss_java-driver-query-builder-4.13.0.jar to /tmp/spark-f6a11e76-7596-4d17-ae7d-b75882e435de/userFiles-f3d46f77-e052-4e81-8514-d04a9f77ff78/com.datastax.oss_java-driver-query-builder-4.13.0.jar
[2024-05-18T23:48:09.902+0000] {spark_submit.py:571} INFO - 24/05/18 23:48:09 INFO SparkContext: Added file file:///home/***/.ivy2/jars/com.github.luben_zstd-jni-1.5.5-1.jar at spark://c0373bd0174c:41473/files/com.github.luben_zstd-jni-1.5.5-1.jar with timestamp 1716076047277
[2024-05-18T23:48:09.908+0000] {spark_submit.py:571} INFO - 24/05/18 23:48:09 INFO Utils: Copying /home/***/.ivy2/jars/com.github.luben_zstd-jni-1.5.5-1.jar to /tmp/spark-f6a11e76-7596-4d17-ae7d-b75882e435de/userFiles-f3d46f77-e052-4e81-8514-d04a9f77ff78/com.github.luben_zstd-jni-1.5.5-1.jar
[2024-05-18T23:48:10.414+0000] {spark_submit.py:571} INFO - 24/05/18 23:48:10 INFO SparkContext: Added file file:///home/***/.ivy2/jars/org.lz4_lz4-java-1.8.0.jar at spark://c0373bd0174c:41473/files/org.lz4_lz4-java-1.8.0.jar with timestamp 1716076047277
[2024-05-18T23:48:10.470+0000] {spark_submit.py:571} INFO - 24/05/18 23:48:10 INFO Utils: Copying /home/***/.ivy2/jars/org.lz4_lz4-java-1.8.0.jar to /tmp/spark-f6a11e76-7596-4d17-ae7d-b75882e435de/userFiles-f3d46f77-e052-4e81-8514-d04a9f77ff78/org.lz4_lz4-java-1.8.0.jar
[2024-05-18T23:48:28.203+0000] {spark_submit.py:571} INFO - 24/05/18 23:48:28 INFO StandaloneAppClient$ClientEndpoint: Connecting to master spark://spark-master:7077...
[2024-05-18T23:48:39.463+0000] {spark_submit.py:571} INFO - 24/05/18 23:48:38 INFO TransportClientFactory: Successfully created connection to spark-master/192.168.16.3:7077 after 8531 ms (9 ms spent in bootstraps)
[2024-05-18T23:48:56.519+0000] {spark_submit.py:571} INFO - 24/05/18 23:48:56 INFO StandaloneAppClient$ClientEndpoint: Connecting to master spark://spark-master:7077...
[2024-05-18T23:49:01.496+0000] {spark_submit.py:571} INFO - 24/05/18 23:49:00 INFO StandaloneSchedulerBackend: Connected to Spark cluster with app ID app-20240518234856-0007
[2024-05-18T23:49:02.443+0000] {local_task_job_runner.py:124} ERROR - Received SIGTERM. Terminating subprocesses
[2024-05-18T23:49:07.834+0000] {process_utils.py:132} INFO - Sending 15 to group 2588. PIDs of all processes in the group: [2722, 2756, 3205, 2588]
[2024-05-18T23:49:08.183+0000] {process_utils.py:87} INFO - Sending the signal 15 to group 2588
[2024-05-18T23:49:09.235+0000] {taskinstance.py:2611} ERROR - Received SIGTERM. Terminating subprocesses.
