[2024-05-19T00:15:25.275+0000] {local_task_job_runner.py:120} INFO - ::group::Pre task execution logs
[2024-05-19T00:15:25.717+0000] {taskinstance.py:2076} INFO - Dependencies all met for dep_context=non-requeueable deps ti=<TaskInstance: Redfin_Webscraping_ETL.Process_and_Send_Data_to_DB scheduled__2024-05-15T00:00:00+00:00 [queued]>
[2024-05-19T00:15:25.749+0000] {taskinstance.py:2076} INFO - Dependencies all met for dep_context=requeueable deps ti=<TaskInstance: Redfin_Webscraping_ETL.Process_and_Send_Data_to_DB scheduled__2024-05-15T00:00:00+00:00 [queued]>
[2024-05-19T00:15:25.750+0000] {taskinstance.py:2306} INFO - Starting attempt 1 of 6
[2024-05-19T00:15:25.858+0000] {taskinstance.py:2330} INFO - Executing <Task(SparkSubmitOperator): Process_and_Send_Data_to_DB> on 2024-05-15 00:00:00+00:00
[2024-05-19T00:15:25.935+0000] {standard_task_runner.py:63} INFO - Started process 1731 to run task
[2024-05-19T00:15:25.988+0000] {standard_task_runner.py:90} INFO - Running: ['***', 'tasks', 'run', 'Redfin_Webscraping_ETL', 'Process_and_Send_Data_to_DB', 'scheduled__2024-05-15T00:00:00+00:00', '--job-id', '447', '--raw', '--subdir', 'DAGS_FOLDER/webscrapping.py', '--cfg-path', '/tmp/tmpy3qgoxgr']
[2024-05-19T00:15:26.125+0000] {standard_task_runner.py:91} INFO - Job 447: Subtask Process_and_Send_Data_to_DB
[2024-05-19T00:15:26.537+0000] {task_command.py:426} INFO - Running <TaskInstance: Redfin_Webscraping_ETL.Process_and_Send_Data_to_DB scheduled__2024-05-15T00:00:00+00:00 [running]> on host eddd84e36bad
[2024-05-19T00:15:27.954+0000] {taskinstance.py:2648} INFO - Exporting env vars: AIRFLOW_CTX_DAG_OWNER='svc' AIRFLOW_CTX_DAG_ID='Redfin_Webscraping_ETL' AIRFLOW_CTX_TASK_ID='Process_and_Send_Data_to_DB' AIRFLOW_CTX_EXECUTION_DATE='2024-05-15T00:00:00+00:00' AIRFLOW_CTX_TRY_NUMBER='1' AIRFLOW_CTX_DAG_RUN_ID='scheduled__2024-05-15T00:00:00+00:00'
[2024-05-19T00:15:28.015+0000] {taskinstance.py:430} INFO - ::endgroup::
[2024-05-19T00:15:28.354+0000] {base.py:84} INFO - Using connection ID 'spark_default' for task execution.
[2024-05-19T00:15:28.369+0000] {spark_submit.py:401} INFO - Spark-Submit cmd: spark-submit --master spark://spark-master:7077 --packages org.apache.spark:spark-sql-kafka-0-10_2.12:3.5.1,com.datastax.spark:spark-cassandra-connector_2.12:3.5.0,org.apache.kafka:kafka-clients:3.5.1,commons-logging:commons-logging:1.2 --name arrow-spark --deploy-mode client dags/includes/jobs/spark_consumer.py
[2024-05-19T00:15:29.389+0000] {spark_submit.py:571} INFO - /home/***/.local/lib/python3.11/site-packages/pyspark/bin/load-spark-env.sh: line 68: ps: command not found
[2024-05-19T00:15:35.062+0000] {spark_submit.py:571} INFO - :: loading settings :: url = jar:file:/home/***/.local/lib/python3.11/site-packages/pyspark/jars/ivy-2.5.1.jar!/org/apache/ivy/core/settings/ivysettings.xml
[2024-05-19T00:15:35.158+0000] {spark_submit.py:571} INFO - Ivy Default Cache set to: /home/***/.ivy2/cache
[2024-05-19T00:15:35.162+0000] {spark_submit.py:571} INFO - The jars for the packages stored in: /home/***/.ivy2/jars
[2024-05-19T00:15:35.163+0000] {spark_submit.py:571} INFO - org.apache.spark#spark-sql-kafka-0-10_2.12 added as a dependency
[2024-05-19T00:15:35.165+0000] {spark_submit.py:571} INFO - com.datastax.spark#spark-cassandra-connector_2.12 added as a dependency
[2024-05-19T00:15:35.166+0000] {spark_submit.py:571} INFO - org.apache.kafka#kafka-clients added as a dependency
[2024-05-19T00:15:35.166+0000] {spark_submit.py:571} INFO - commons-logging#commons-logging added as a dependency
[2024-05-19T00:15:35.167+0000] {spark_submit.py:571} INFO - :: resolving dependencies :: org.apache.spark#spark-submit-parent-10c30dfd-9901-4b8a-80e1-028f353516af;1.0
[2024-05-19T00:15:35.167+0000] {spark_submit.py:571} INFO - confs: [default]
[2024-05-19T00:15:35.351+0000] {spark_submit.py:571} INFO - found org.apache.spark#spark-sql-kafka-0-10_2.12;3.5.1 in central
[2024-05-19T00:15:35.431+0000] {spark_submit.py:571} INFO - found org.apache.spark#spark-token-provider-kafka-0-10_2.12;3.5.1 in central
[2024-05-19T00:15:35.531+0000] {spark_submit.py:571} INFO - found org.apache.hadoop#hadoop-client-runtime;3.3.4 in central
[2024-05-19T00:15:35.562+0000] {spark_submit.py:571} INFO - found org.apache.hadoop#hadoop-client-api;3.3.4 in central
[2024-05-19T00:15:35.577+0000] {spark_submit.py:571} INFO - found org.xerial.snappy#snappy-java;1.1.10.3 in central
[2024-05-19T00:15:35.594+0000] {spark_submit.py:571} INFO - found org.slf4j#slf4j-api;2.0.7 in central
[2024-05-19T00:15:35.623+0000] {spark_submit.py:571} INFO - found com.google.code.findbugs#jsr305;3.0.0 in central
[2024-05-19T00:15:35.636+0000] {spark_submit.py:571} INFO - found org.apache.commons#commons-pool2;2.11.1 in central
[2024-05-19T00:15:35.648+0000] {spark_submit.py:571} INFO - found com.datastax.spark#spark-cassandra-connector_2.12;3.5.0 in central
[2024-05-19T00:15:35.660+0000] {spark_submit.py:571} INFO - found com.datastax.spark#spark-cassandra-connector-driver_2.12;3.5.0 in central
[2024-05-19T00:15:35.684+0000] {spark_submit.py:571} INFO - found org.scala-lang.modules#scala-collection-compat_2.12;2.11.0 in central
[2024-05-19T00:15:35.698+0000] {spark_submit.py:571} INFO - found com.datastax.oss#java-driver-core-shaded;4.13.0 in central
[2024-05-19T00:15:35.710+0000] {spark_submit.py:571} INFO - found com.datastax.oss#native-protocol;1.5.0 in central
[2024-05-19T00:15:35.726+0000] {spark_submit.py:571} INFO - found com.datastax.oss#java-driver-shaded-guava;25.1-jre-graal-sub-1 in central
[2024-05-19T00:15:35.737+0000] {spark_submit.py:571} INFO - found com.typesafe#config;1.4.1 in central
[2024-05-19T00:15:35.748+0000] {spark_submit.py:571} INFO - found io.dropwizard.metrics#metrics-core;4.1.18 in central
[2024-05-19T00:15:35.759+0000] {spark_submit.py:571} INFO - found org.hdrhistogram#HdrHistogram;2.1.12 in central
[2024-05-19T00:15:35.766+0000] {spark_submit.py:571} INFO - found org.reactivestreams#reactive-streams;1.0.3 in central
[2024-05-19T00:15:35.773+0000] {spark_submit.py:571} INFO - found com.github.stephenc.jcip#jcip-annotations;1.0-1 in central
[2024-05-19T00:15:35.796+0000] {spark_submit.py:571} INFO - found com.github.spotbugs#spotbugs-annotations;3.1.12 in central
[2024-05-19T00:15:35.814+0000] {spark_submit.py:571} INFO - found com.google.code.findbugs#jsr305;3.0.2 in central
[2024-05-19T00:15:35.833+0000] {spark_submit.py:571} INFO - found com.datastax.oss#java-driver-mapper-runtime;4.13.0 in central
[2024-05-19T00:15:35.861+0000] {spark_submit.py:571} INFO - found com.datastax.oss#java-driver-query-builder;4.13.0 in central
[2024-05-19T00:15:35.925+0000] {spark_submit.py:571} INFO - found org.apache.commons#commons-lang3;3.10 in central
[2024-05-19T00:15:35.942+0000] {spark_submit.py:571} INFO - found com.thoughtworks.paranamer#paranamer;2.8 in central
[2024-05-19T00:15:35.956+0000] {spark_submit.py:571} INFO - found org.scala-lang#scala-reflect;2.12.11 in central
[2024-05-19T00:15:35.982+0000] {spark_submit.py:571} INFO - found org.apache.kafka#kafka-clients;3.5.1 in central
[2024-05-19T00:15:36.042+0000] {spark_submit.py:571} INFO - found com.github.luben#zstd-jni;1.5.5-1 in spark-list
[2024-05-19T00:15:36.067+0000] {spark_submit.py:571} INFO - found org.lz4#lz4-java;1.8.0 in central
[2024-05-19T00:15:36.082+0000] {spark_submit.py:571} INFO - found commons-logging#commons-logging;1.2 in central
[2024-05-19T00:15:36.138+0000] {spark_submit.py:571} INFO - :: resolution report :: resolve 945ms :: artifacts dl 27ms
[2024-05-19T00:15:36.139+0000] {spark_submit.py:571} INFO - :: modules in use:
[2024-05-19T00:15:36.139+0000] {spark_submit.py:571} INFO - com.datastax.oss#java-driver-core-shaded;4.13.0 from central in [default]
[2024-05-19T00:15:36.140+0000] {spark_submit.py:571} INFO - com.datastax.oss#java-driver-mapper-runtime;4.13.0 from central in [default]
[2024-05-19T00:15:36.141+0000] {spark_submit.py:571} INFO - com.datastax.oss#java-driver-query-builder;4.13.0 from central in [default]
[2024-05-19T00:15:36.141+0000] {spark_submit.py:571} INFO - com.datastax.oss#java-driver-shaded-guava;25.1-jre-graal-sub-1 from central in [default]
[2024-05-19T00:15:36.142+0000] {spark_submit.py:571} INFO - com.datastax.oss#native-protocol;1.5.0 from central in [default]
[2024-05-19T00:15:36.142+0000] {spark_submit.py:571} INFO - com.datastax.spark#spark-cassandra-connector-driver_2.12;3.5.0 from central in [default]
[2024-05-19T00:15:36.143+0000] {spark_submit.py:571} INFO - com.datastax.spark#spark-cassandra-connector_2.12;3.5.0 from central in [default]
[2024-05-19T00:15:36.143+0000] {spark_submit.py:571} INFO - com.github.luben#zstd-jni;1.5.5-1 from spark-list in [default]
[2024-05-19T00:15:36.145+0000] {spark_submit.py:571} INFO - com.github.spotbugs#spotbugs-annotations;3.1.12 from central in [default]
[2024-05-19T00:15:36.147+0000] {spark_submit.py:571} INFO - com.github.stephenc.jcip#jcip-annotations;1.0-1 from central in [default]
[2024-05-19T00:15:36.151+0000] {spark_submit.py:571} INFO - com.google.code.findbugs#jsr305;3.0.2 from central in [default]
[2024-05-19T00:15:36.165+0000] {spark_submit.py:571} INFO - com.thoughtworks.paranamer#paranamer;2.8 from central in [default]
[2024-05-19T00:15:36.168+0000] {spark_submit.py:571} INFO - com.typesafe#config;1.4.1 from central in [default]
[2024-05-19T00:15:36.171+0000] {spark_submit.py:571} INFO - commons-logging#commons-logging;1.2 from central in [default]
[2024-05-19T00:15:36.174+0000] {spark_submit.py:571} INFO - io.dropwizard.metrics#metrics-core;4.1.18 from central in [default]
[2024-05-19T00:15:36.175+0000] {spark_submit.py:571} INFO - org.apache.commons#commons-lang3;3.10 from central in [default]
[2024-05-19T00:15:36.175+0000] {spark_submit.py:571} INFO - org.apache.commons#commons-pool2;2.11.1 from central in [default]
[2024-05-19T00:15:36.176+0000] {spark_submit.py:571} INFO - org.apache.hadoop#hadoop-client-api;3.3.4 from central in [default]
[2024-05-19T00:15:36.176+0000] {spark_submit.py:571} INFO - org.apache.hadoop#hadoop-client-runtime;3.3.4 from central in [default]
[2024-05-19T00:15:36.177+0000] {spark_submit.py:571} INFO - org.apache.kafka#kafka-clients;3.5.1 from central in [default]
[2024-05-19T00:15:36.177+0000] {spark_submit.py:571} INFO - org.apache.spark#spark-sql-kafka-0-10_2.12;3.5.1 from central in [default]
[2024-05-19T00:15:36.177+0000] {spark_submit.py:571} INFO - org.apache.spark#spark-token-provider-kafka-0-10_2.12;3.5.1 from central in [default]
[2024-05-19T00:15:36.178+0000] {spark_submit.py:571} INFO - org.hdrhistogram#HdrHistogram;2.1.12 from central in [default]
[2024-05-19T00:15:36.178+0000] {spark_submit.py:571} INFO - org.lz4#lz4-java;1.8.0 from central in [default]
[2024-05-19T00:15:36.178+0000] {spark_submit.py:571} INFO - org.reactivestreams#reactive-streams;1.0.3 from central in [default]
[2024-05-19T00:15:36.179+0000] {spark_submit.py:571} INFO - org.scala-lang#scala-reflect;2.12.11 from central in [default]
[2024-05-19T00:15:36.179+0000] {spark_submit.py:571} INFO - org.scala-lang.modules#scala-collection-compat_2.12;2.11.0 from central in [default]
[2024-05-19T00:15:36.180+0000] {spark_submit.py:571} INFO - org.slf4j#slf4j-api;2.0.7 from central in [default]
[2024-05-19T00:15:36.180+0000] {spark_submit.py:571} INFO - org.xerial.snappy#snappy-java;1.1.10.3 from central in [default]
[2024-05-19T00:15:36.181+0000] {spark_submit.py:571} INFO - :: evicted modules:
[2024-05-19T00:15:36.181+0000] {spark_submit.py:571} INFO - org.apache.kafka#kafka-clients;3.4.1 by [org.apache.kafka#kafka-clients;3.5.1] in [default]
[2024-05-19T00:15:36.182+0000] {spark_submit.py:571} INFO - commons-logging#commons-logging;1.1.3 by [commons-logging#commons-logging;1.2] in [default]
[2024-05-19T00:15:36.182+0000] {spark_submit.py:571} INFO - com.google.code.findbugs#jsr305;3.0.0 by [com.google.code.findbugs#jsr305;3.0.2] in [default]
[2024-05-19T00:15:36.182+0000] {spark_submit.py:571} INFO - org.slf4j#slf4j-api;1.7.26 by [org.slf4j#slf4j-api;2.0.7] in [default]
[2024-05-19T00:15:36.183+0000] {spark_submit.py:571} INFO - org.xerial.snappy#snappy-java;1.1.10.1 by [org.xerial.snappy#snappy-java;1.1.10.3] in [default]
[2024-05-19T00:15:36.183+0000] {spark_submit.py:571} INFO - org.slf4j#slf4j-api;1.7.36 by [org.slf4j#slf4j-api;2.0.7] in [default]
[2024-05-19T00:15:36.184+0000] {spark_submit.py:571} INFO - ---------------------------------------------------------------------
[2024-05-19T00:15:36.184+0000] {spark_submit.py:571} INFO - |                  |            modules            ||   artifacts   |
[2024-05-19T00:15:36.184+0000] {spark_submit.py:571} INFO - |       conf       | number| search|dwnlded|evicted|| number|dwnlded|
[2024-05-19T00:15:36.185+0000] {spark_submit.py:571} INFO - ---------------------------------------------------------------------
[2024-05-19T00:15:36.185+0000] {spark_submit.py:571} INFO - |      default     |   35  |   0   |   0   |   6   ||   29  |   0   |
[2024-05-19T00:15:36.187+0000] {spark_submit.py:571} INFO - ---------------------------------------------------------------------
[2024-05-19T00:15:36.187+0000] {spark_submit.py:571} INFO - :: retrieving :: org.apache.spark#spark-submit-parent-10c30dfd-9901-4b8a-80e1-028f353516af
[2024-05-19T00:15:36.188+0000] {spark_submit.py:571} INFO - confs: [default]
[2024-05-19T00:15:36.189+0000] {spark_submit.py:571} INFO - 0 artifacts copied, 29 already retrieved (0kB/14ms)
[2024-05-19T00:15:36.799+0000] {spark_submit.py:571} INFO - 24/05/19 00:15:36 WARN NativeCodeLoader: Unable to load native-hadoop library for your platform... using builtin-java classes where applicable
[2024-05-19T00:15:41.599+0000] {spark_submit.py:571} INFO - 24/05/19 00:15:41 INFO SparkContext: Running Spark version 3.5.1
[2024-05-19T00:15:41.609+0000] {spark_submit.py:571} INFO - 24/05/19 00:15:41 INFO SparkContext: OS info Linux, 6.6.26-linuxkit, aarch64
[2024-05-19T00:15:41.609+0000] {spark_submit.py:571} INFO - 24/05/19 00:15:41 INFO SparkContext: Java version 11.0.23
[2024-05-19T00:15:41.640+0000] {spark_submit.py:571} INFO - 24/05/19 00:15:41 INFO ResourceUtils: ==============================================================
[2024-05-19T00:15:41.641+0000] {spark_submit.py:571} INFO - 24/05/19 00:15:41 INFO ResourceUtils: No custom resources configured for spark.driver.
[2024-05-19T00:15:41.641+0000] {spark_submit.py:571} INFO - 24/05/19 00:15:41 INFO ResourceUtils: ==============================================================
[2024-05-19T00:15:41.642+0000] {spark_submit.py:571} INFO - 24/05/19 00:15:41 INFO SparkContext: Submitted application: Redfin_Properties_Consumer
[2024-05-19T00:15:41.666+0000] {spark_submit.py:571} INFO - 24/05/19 00:15:41 INFO ResourceProfile: Default ResourceProfile created, executor resources: Map(memory -> name: memory, amount: 1024, script: , vendor: , offHeap -> name: offHeap, amount: 0, script: , vendor: ), task resources: Map(cpus -> name: cpus, amount: 1.0)
[2024-05-19T00:15:41.680+0000] {spark_submit.py:571} INFO - 24/05/19 00:15:41 INFO ResourceProfile: Limiting resource is cpu
[2024-05-19T00:15:41.680+0000] {spark_submit.py:571} INFO - 24/05/19 00:15:41 INFO ResourceProfileManager: Added ResourceProfile id: 0
[2024-05-19T00:15:41.766+0000] {spark_submit.py:571} INFO - 24/05/19 00:15:41 INFO SecurityManager: Changing view acls to: ***
[2024-05-19T00:15:41.767+0000] {spark_submit.py:571} INFO - 24/05/19 00:15:41 INFO SecurityManager: Changing modify acls to: ***
[2024-05-19T00:15:41.767+0000] {spark_submit.py:571} INFO - 24/05/19 00:15:41 INFO SecurityManager: Changing view acls groups to:
[2024-05-19T00:15:41.768+0000] {spark_submit.py:571} INFO - 24/05/19 00:15:41 INFO SecurityManager: Changing modify acls groups to:
[2024-05-19T00:15:41.768+0000] {spark_submit.py:571} INFO - 24/05/19 00:15:41 INFO SecurityManager: SecurityManager: authentication disabled; ui acls disabled; users with view permissions: ***; groups with view permissions: EMPTY; users with modify permissions: ***; groups with modify permissions: EMPTY
[2024-05-19T00:15:42.116+0000] {spark_submit.py:571} INFO - 24/05/19 00:15:42 INFO Utils: Successfully started service 'sparkDriver' on port 39645.
[2024-05-19T00:15:42.156+0000] {spark_submit.py:571} INFO - 24/05/19 00:15:42 INFO SparkEnv: Registering MapOutputTracker
[2024-05-19T00:15:42.190+0000] {spark_submit.py:571} INFO - 24/05/19 00:15:42 INFO SparkEnv: Registering BlockManagerMaster
[2024-05-19T00:15:42.232+0000] {spark_submit.py:571} INFO - 24/05/19 00:15:42 INFO BlockManagerMasterEndpoint: Using org.apache.spark.storage.DefaultTopologyMapper for getting topology information
[2024-05-19T00:15:42.233+0000] {spark_submit.py:571} INFO - 24/05/19 00:15:42 INFO BlockManagerMasterEndpoint: BlockManagerMasterEndpoint up
[2024-05-19T00:15:42.237+0000] {spark_submit.py:571} INFO - 24/05/19 00:15:42 INFO SparkEnv: Registering BlockManagerMasterHeartbeat
[2024-05-19T00:15:42.261+0000] {spark_submit.py:571} INFO - 24/05/19 00:15:42 INFO DiskBlockManager: Created local directory at /tmp/blockmgr-86a68545-14f2-4cf9-884d-972dbd2576b7
[2024-05-19T00:15:42.273+0000] {spark_submit.py:571} INFO - 24/05/19 00:15:42 INFO MemoryStore: MemoryStore started with capacity 434.4 MiB
[2024-05-19T00:15:42.285+0000] {spark_submit.py:571} INFO - 24/05/19 00:15:42 INFO SparkEnv: Registering OutputCommitCoordinator
[2024-05-19T00:15:42.544+0000] {spark_submit.py:571} INFO - 24/05/19 00:15:42 INFO JettyUtils: Start Jetty 0.0.0.0:4040 for SparkUI
[2024-05-19T00:15:42.629+0000] {spark_submit.py:571} INFO - 24/05/19 00:15:42 INFO Utils: Successfully started service 'SparkUI' on port 4040.
[2024-05-19T00:15:42.702+0000] {spark_submit.py:571} INFO - 24/05/19 00:15:42 INFO SparkContext: Added JAR file:///home/***/.ivy2/jars/org.apache.spark_spark-sql-kafka-0-10_2.12-3.5.1.jar at spark://eddd84e36bad:39645/jars/org.apache.spark_spark-sql-kafka-0-10_2.12-3.5.1.jar with timestamp 1716077741584
[2024-05-19T00:15:42.704+0000] {spark_submit.py:571} INFO - 24/05/19 00:15:42 INFO SparkContext: Added JAR file:///home/***/.ivy2/jars/com.datastax.spark_spark-cassandra-connector_2.12-3.5.0.jar at spark://eddd84e36bad:39645/jars/com.datastax.spark_spark-cassandra-connector_2.12-3.5.0.jar with timestamp 1716077741584
[2024-05-19T00:15:42.704+0000] {spark_submit.py:571} INFO - 24/05/19 00:15:42 INFO SparkContext: Added JAR file:///home/***/.ivy2/jars/org.apache.kafka_kafka-clients-3.5.1.jar at spark://eddd84e36bad:39645/jars/org.apache.kafka_kafka-clients-3.5.1.jar with timestamp 1716077741584
[2024-05-19T00:15:42.706+0000] {spark_submit.py:571} INFO - 24/05/19 00:15:42 INFO SparkContext: Added JAR file:///home/***/.ivy2/jars/commons-logging_commons-logging-1.2.jar at spark://eddd84e36bad:39645/jars/commons-logging_commons-logging-1.2.jar with timestamp 1716077741584
[2024-05-19T00:15:42.707+0000] {spark_submit.py:571} INFO - 24/05/19 00:15:42 INFO SparkContext: Added JAR file:///home/***/.ivy2/jars/org.apache.spark_spark-token-provider-kafka-0-10_2.12-3.5.1.jar at spark://eddd84e36bad:39645/jars/org.apache.spark_spark-token-provider-kafka-0-10_2.12-3.5.1.jar with timestamp 1716077741584
[2024-05-19T00:15:42.707+0000] {spark_submit.py:571} INFO - 24/05/19 00:15:42 INFO SparkContext: Added JAR file:///home/***/.ivy2/jars/org.apache.commons_commons-pool2-2.11.1.jar at spark://eddd84e36bad:39645/jars/org.apache.commons_commons-pool2-2.11.1.jar with timestamp 1716077741584
[2024-05-19T00:15:42.708+0000] {spark_submit.py:571} INFO - 24/05/19 00:15:42 INFO SparkContext: Added JAR file:///home/***/.ivy2/jars/org.apache.hadoop_hadoop-client-runtime-3.3.4.jar at spark://eddd84e36bad:39645/jars/org.apache.hadoop_hadoop-client-runtime-3.3.4.jar with timestamp 1716077741584
[2024-05-19T00:15:42.709+0000] {spark_submit.py:571} INFO - 24/05/19 00:15:42 INFO SparkContext: Added JAR file:///home/***/.ivy2/jars/org.apache.hadoop_hadoop-client-api-3.3.4.jar at spark://eddd84e36bad:39645/jars/org.apache.hadoop_hadoop-client-api-3.3.4.jar with timestamp 1716077741584
[2024-05-19T00:15:42.709+0000] {spark_submit.py:571} INFO - 24/05/19 00:15:42 INFO SparkContext: Added JAR file:///home/***/.ivy2/jars/org.xerial.snappy_snappy-java-1.1.10.3.jar at spark://eddd84e36bad:39645/jars/org.xerial.snappy_snappy-java-1.1.10.3.jar with timestamp 1716077741584
[2024-05-19T00:15:42.710+0000] {spark_submit.py:571} INFO - 24/05/19 00:15:42 INFO SparkContext: Added JAR file:///home/***/.ivy2/jars/org.slf4j_slf4j-api-2.0.7.jar at spark://eddd84e36bad:39645/jars/org.slf4j_slf4j-api-2.0.7.jar with timestamp 1716077741584
[2024-05-19T00:15:42.713+0000] {spark_submit.py:571} INFO - 24/05/19 00:15:42 INFO SparkContext: Added JAR file:///home/***/.ivy2/jars/com.datastax.spark_spark-cassandra-connector-driver_2.12-3.5.0.jar at spark://eddd84e36bad:39645/jars/com.datastax.spark_spark-cassandra-connector-driver_2.12-3.5.0.jar with timestamp 1716077741584
[2024-05-19T00:15:42.718+0000] {spark_submit.py:571} INFO - 24/05/19 00:15:42 INFO SparkContext: Added JAR file:///home/***/.ivy2/jars/org.scala-lang.modules_scala-collection-compat_2.12-2.11.0.jar at spark://eddd84e36bad:39645/jars/org.scala-lang.modules_scala-collection-compat_2.12-2.11.0.jar with timestamp 1716077741584
[2024-05-19T00:15:42.720+0000] {spark_submit.py:571} INFO - 24/05/19 00:15:42 INFO SparkContext: Added JAR file:///home/***/.ivy2/jars/com.datastax.oss_java-driver-core-shaded-4.13.0.jar at spark://eddd84e36bad:39645/jars/com.datastax.oss_java-driver-core-shaded-4.13.0.jar with timestamp 1716077741584
[2024-05-19T00:15:42.723+0000] {spark_submit.py:571} INFO - 24/05/19 00:15:42 INFO SparkContext: Added JAR file:///home/***/.ivy2/jars/com.datastax.oss_java-driver-mapper-runtime-4.13.0.jar at spark://eddd84e36bad:39645/jars/com.datastax.oss_java-driver-mapper-runtime-4.13.0.jar with timestamp 1716077741584
[2024-05-19T00:15:42.724+0000] {spark_submit.py:571} INFO - 24/05/19 00:15:42 INFO SparkContext: Added JAR file:///home/***/.ivy2/jars/org.apache.commons_commons-lang3-3.10.jar at spark://eddd84e36bad:39645/jars/org.apache.commons_commons-lang3-3.10.jar with timestamp 1716077741584
[2024-05-19T00:15:42.732+0000] {spark_submit.py:571} INFO - 24/05/19 00:15:42 INFO SparkContext: Added JAR file:///home/***/.ivy2/jars/com.thoughtworks.paranamer_paranamer-2.8.jar at spark://eddd84e36bad:39645/jars/com.thoughtworks.paranamer_paranamer-2.8.jar with timestamp 1716077741584
[2024-05-19T00:15:42.732+0000] {spark_submit.py:571} INFO - 24/05/19 00:15:42 INFO SparkContext: Added JAR file:///home/***/.ivy2/jars/org.scala-lang_scala-reflect-2.12.11.jar at spark://eddd84e36bad:39645/jars/org.scala-lang_scala-reflect-2.12.11.jar with timestamp 1716077741584
[2024-05-19T00:15:42.733+0000] {spark_submit.py:571} INFO - 24/05/19 00:15:42 INFO SparkContext: Added JAR file:///home/***/.ivy2/jars/com.datastax.oss_native-protocol-1.5.0.jar at spark://eddd84e36bad:39645/jars/com.datastax.oss_native-protocol-1.5.0.jar with timestamp 1716077741584
[2024-05-19T00:15:42.733+0000] {spark_submit.py:571} INFO - 24/05/19 00:15:42 INFO SparkContext: Added JAR file:///home/***/.ivy2/jars/com.datastax.oss_java-driver-shaded-guava-25.1-jre-graal-sub-1.jar at spark://eddd84e36bad:39645/jars/com.datastax.oss_java-driver-shaded-guava-25.1-jre-graal-sub-1.jar with timestamp 1716077741584
[2024-05-19T00:15:42.733+0000] {spark_submit.py:571} INFO - 24/05/19 00:15:42 INFO SparkContext: Added JAR file:///home/***/.ivy2/jars/com.typesafe_config-1.4.1.jar at spark://eddd84e36bad:39645/jars/com.typesafe_config-1.4.1.jar with timestamp 1716077741584
[2024-05-19T00:15:42.734+0000] {spark_submit.py:571} INFO - 24/05/19 00:15:42 INFO SparkContext: Added JAR file:///home/***/.ivy2/jars/io.dropwizard.metrics_metrics-core-4.1.18.jar at spark://eddd84e36bad:39645/jars/io.dropwizard.metrics_metrics-core-4.1.18.jar with timestamp 1716077741584
[2024-05-19T00:15:42.735+0000] {spark_submit.py:571} INFO - 24/05/19 00:15:42 INFO SparkContext: Added JAR file:///home/***/.ivy2/jars/org.hdrhistogram_HdrHistogram-2.1.12.jar at spark://eddd84e36bad:39645/jars/org.hdrhistogram_HdrHistogram-2.1.12.jar with timestamp 1716077741584
[2024-05-19T00:15:42.735+0000] {spark_submit.py:571} INFO - 24/05/19 00:15:42 INFO SparkContext: Added JAR file:///home/***/.ivy2/jars/org.reactivestreams_reactive-streams-1.0.3.jar at spark://eddd84e36bad:39645/jars/org.reactivestreams_reactive-streams-1.0.3.jar with timestamp 1716077741584
[2024-05-19T00:15:42.738+0000] {spark_submit.py:571} INFO - 24/05/19 00:15:42 INFO SparkContext: Added JAR file:///home/***/.ivy2/jars/com.github.stephenc.jcip_jcip-annotations-1.0-1.jar at spark://eddd84e36bad:39645/jars/com.github.stephenc.jcip_jcip-annotations-1.0-1.jar with timestamp 1716077741584
[2024-05-19T00:15:42.739+0000] {spark_submit.py:571} INFO - 24/05/19 00:15:42 INFO SparkContext: Added JAR file:///home/***/.ivy2/jars/com.github.spotbugs_spotbugs-annotations-3.1.12.jar at spark://eddd84e36bad:39645/jars/com.github.spotbugs_spotbugs-annotations-3.1.12.jar with timestamp 1716077741584
[2024-05-19T00:15:42.739+0000] {spark_submit.py:571} INFO - 24/05/19 00:15:42 INFO SparkContext: Added JAR file:///home/***/.ivy2/jars/com.google.code.findbugs_jsr305-3.0.2.jar at spark://eddd84e36bad:39645/jars/com.google.code.findbugs_jsr305-3.0.2.jar with timestamp 1716077741584
[2024-05-19T00:15:42.739+0000] {spark_submit.py:571} INFO - 24/05/19 00:15:42 INFO SparkContext: Added JAR file:///home/***/.ivy2/jars/com.datastax.oss_java-driver-query-builder-4.13.0.jar at spark://eddd84e36bad:39645/jars/com.datastax.oss_java-driver-query-builder-4.13.0.jar with timestamp 1716077741584
[2024-05-19T00:15:42.740+0000] {spark_submit.py:571} INFO - 24/05/19 00:15:42 INFO SparkContext: Added JAR file:///home/***/.ivy2/jars/com.github.luben_zstd-jni-1.5.5-1.jar at spark://eddd84e36bad:39645/jars/com.github.luben_zstd-jni-1.5.5-1.jar with timestamp 1716077741584
[2024-05-19T00:15:42.741+0000] {spark_submit.py:571} INFO - 24/05/19 00:15:42 INFO SparkContext: Added JAR file:///home/***/.ivy2/jars/org.lz4_lz4-java-1.8.0.jar at spark://eddd84e36bad:39645/jars/org.lz4_lz4-java-1.8.0.jar with timestamp 1716077741584
[2024-05-19T00:15:42.742+0000] {spark_submit.py:571} INFO - 24/05/19 00:15:42 INFO SparkContext: Added file file:///home/***/.ivy2/jars/org.apache.spark_spark-sql-kafka-0-10_2.12-3.5.1.jar at spark://eddd84e36bad:39645/files/org.apache.spark_spark-sql-kafka-0-10_2.12-3.5.1.jar with timestamp 1716077741584
[2024-05-19T00:15:42.743+0000] {spark_submit.py:571} INFO - 24/05/19 00:15:42 INFO Utils: Copying /home/***/.ivy2/jars/org.apache.spark_spark-sql-kafka-0-10_2.12-3.5.1.jar to /tmp/spark-379242f4-9158-4819-a193-7dc6b25ae06e/userFiles-2da8ee05-8b05-44a4-8fcc-e1158c921f84/org.apache.spark_spark-sql-kafka-0-10_2.12-3.5.1.jar
[2024-05-19T00:15:42.831+0000] {spark_submit.py:571} INFO - 24/05/19 00:15:42 INFO SparkContext: Added file file:///home/***/.ivy2/jars/com.datastax.spark_spark-cassandra-connector_2.12-3.5.0.jar at spark://eddd84e36bad:39645/files/com.datastax.spark_spark-cassandra-connector_2.12-3.5.0.jar with timestamp 1716077741584
[2024-05-19T00:15:42.834+0000] {spark_submit.py:571} INFO - 24/05/19 00:15:42 INFO Utils: Copying /home/***/.ivy2/jars/com.datastax.spark_spark-cassandra-connector_2.12-3.5.0.jar to /tmp/spark-379242f4-9158-4819-a193-7dc6b25ae06e/userFiles-2da8ee05-8b05-44a4-8fcc-e1158c921f84/com.datastax.spark_spark-cassandra-connector_2.12-3.5.0.jar
[2024-05-19T00:15:42.881+0000] {spark_submit.py:571} INFO - 24/05/19 00:15:42 INFO SparkContext: Added file file:///home/***/.ivy2/jars/org.apache.kafka_kafka-clients-3.5.1.jar at spark://eddd84e36bad:39645/files/org.apache.kafka_kafka-clients-3.5.1.jar with timestamp 1716077741584
[2024-05-19T00:15:42.881+0000] {spark_submit.py:571} INFO - 24/05/19 00:15:42 INFO Utils: Copying /home/***/.ivy2/jars/org.apache.kafka_kafka-clients-3.5.1.jar to /tmp/spark-379242f4-9158-4819-a193-7dc6b25ae06e/userFiles-2da8ee05-8b05-44a4-8fcc-e1158c921f84/org.apache.kafka_kafka-clients-3.5.1.jar
[2024-05-19T00:15:42.960+0000] {spark_submit.py:571} INFO - 24/05/19 00:15:42 INFO SparkContext: Added file file:///home/***/.ivy2/jars/commons-logging_commons-logging-1.2.jar at spark://eddd84e36bad:39645/files/commons-logging_commons-logging-1.2.jar with timestamp 1716077741584
[2024-05-19T00:15:42.962+0000] {spark_submit.py:571} INFO - 24/05/19 00:15:42 INFO Utils: Copying /home/***/.ivy2/jars/commons-logging_commons-logging-1.2.jar to /tmp/spark-379242f4-9158-4819-a193-7dc6b25ae06e/userFiles-2da8ee05-8b05-44a4-8fcc-e1158c921f84/commons-logging_commons-logging-1.2.jar
[2024-05-19T00:15:42.983+0000] {spark_submit.py:571} INFO - 24/05/19 00:15:42 INFO SparkContext: Added file file:///home/***/.ivy2/jars/org.apache.spark_spark-token-provider-kafka-0-10_2.12-3.5.1.jar at spark://eddd84e36bad:39645/files/org.apache.spark_spark-token-provider-kafka-0-10_2.12-3.5.1.jar with timestamp 1716077741584
[2024-05-19T00:15:42.984+0000] {spark_submit.py:571} INFO - 24/05/19 00:15:42 INFO Utils: Copying /home/***/.ivy2/jars/org.apache.spark_spark-token-provider-kafka-0-10_2.12-3.5.1.jar to /tmp/spark-379242f4-9158-4819-a193-7dc6b25ae06e/userFiles-2da8ee05-8b05-44a4-8fcc-e1158c921f84/org.apache.spark_spark-token-provider-kafka-0-10_2.12-3.5.1.jar
[2024-05-19T00:15:43.008+0000] {spark_submit.py:571} INFO - 24/05/19 00:15:43 INFO SparkContext: Added file file:///home/***/.ivy2/jars/org.apache.commons_commons-pool2-2.11.1.jar at spark://eddd84e36bad:39645/files/org.apache.commons_commons-pool2-2.11.1.jar with timestamp 1716077741584
[2024-05-19T00:15:43.009+0000] {spark_submit.py:571} INFO - 24/05/19 00:15:43 INFO Utils: Copying /home/***/.ivy2/jars/org.apache.commons_commons-pool2-2.11.1.jar to /tmp/spark-379242f4-9158-4819-a193-7dc6b25ae06e/userFiles-2da8ee05-8b05-44a4-8fcc-e1158c921f84/org.apache.commons_commons-pool2-2.11.1.jar
[2024-05-19T00:15:43.015+0000] {spark_submit.py:571} INFO - 24/05/19 00:15:43 INFO SparkContext: Added file file:///home/***/.ivy2/jars/org.apache.hadoop_hadoop-client-runtime-3.3.4.jar at spark://eddd84e36bad:39645/files/org.apache.hadoop_hadoop-client-runtime-3.3.4.jar with timestamp 1716077741584
[2024-05-19T00:15:43.016+0000] {spark_submit.py:571} INFO - 24/05/19 00:15:43 INFO Utils: Copying /home/***/.ivy2/jars/org.apache.hadoop_hadoop-client-runtime-3.3.4.jar to /tmp/spark-379242f4-9158-4819-a193-7dc6b25ae06e/userFiles-2da8ee05-8b05-44a4-8fcc-e1158c921f84/org.apache.hadoop_hadoop-client-runtime-3.3.4.jar
[2024-05-19T00:15:43.412+0000] {spark_submit.py:571} INFO - 24/05/19 00:15:43 INFO SparkContext: Added file file:///home/***/.ivy2/jars/org.apache.hadoop_hadoop-client-api-3.3.4.jar at spark://eddd84e36bad:39645/files/org.apache.hadoop_hadoop-client-api-3.3.4.jar with timestamp 1716077741584
[2024-05-19T00:15:43.415+0000] {spark_submit.py:571} INFO - 24/05/19 00:15:43 INFO Utils: Copying /home/***/.ivy2/jars/org.apache.hadoop_hadoop-client-api-3.3.4.jar to /tmp/spark-379242f4-9158-4819-a193-7dc6b25ae06e/userFiles-2da8ee05-8b05-44a4-8fcc-e1158c921f84/org.apache.hadoop_hadoop-client-api-3.3.4.jar
[2024-05-19T00:15:43.642+0000] {spark_submit.py:571} INFO - 24/05/19 00:15:43 INFO SparkContext: Added file file:///home/***/.ivy2/jars/org.xerial.snappy_snappy-java-1.1.10.3.jar at spark://eddd84e36bad:39645/files/org.xerial.snappy_snappy-java-1.1.10.3.jar with timestamp 1716077741584
[2024-05-19T00:15:43.643+0000] {spark_submit.py:571} INFO - 24/05/19 00:15:43 INFO Utils: Copying /home/***/.ivy2/jars/org.xerial.snappy_snappy-java-1.1.10.3.jar to /tmp/spark-379242f4-9158-4819-a193-7dc6b25ae06e/userFiles-2da8ee05-8b05-44a4-8fcc-e1158c921f84/org.xerial.snappy_snappy-java-1.1.10.3.jar
[2024-05-19T00:15:43.688+0000] {spark_submit.py:571} INFO - 24/05/19 00:15:43 INFO SparkContext: Added file file:///home/***/.ivy2/jars/org.slf4j_slf4j-api-2.0.7.jar at spark://eddd84e36bad:39645/files/org.slf4j_slf4j-api-2.0.7.jar with timestamp 1716077741584
[2024-05-19T00:15:43.689+0000] {spark_submit.py:571} INFO - 24/05/19 00:15:43 INFO Utils: Copying /home/***/.ivy2/jars/org.slf4j_slf4j-api-2.0.7.jar to /tmp/spark-379242f4-9158-4819-a193-7dc6b25ae06e/userFiles-2da8ee05-8b05-44a4-8fcc-e1158c921f84/org.slf4j_slf4j-api-2.0.7.jar
[2024-05-19T00:15:43.696+0000] {spark_submit.py:571} INFO - 24/05/19 00:15:43 INFO SparkContext: Added file file:///home/***/.ivy2/jars/com.datastax.spark_spark-cassandra-connector-driver_2.12-3.5.0.jar at spark://eddd84e36bad:39645/files/com.datastax.spark_spark-cassandra-connector-driver_2.12-3.5.0.jar with timestamp 1716077741584
[2024-05-19T00:15:43.696+0000] {spark_submit.py:571} INFO - 24/05/19 00:15:43 INFO Utils: Copying /home/***/.ivy2/jars/com.datastax.spark_spark-cassandra-connector-driver_2.12-3.5.0.jar to /tmp/spark-379242f4-9158-4819-a193-7dc6b25ae06e/userFiles-2da8ee05-8b05-44a4-8fcc-e1158c921f84/com.datastax.spark_spark-cassandra-connector-driver_2.12-3.5.0.jar
[2024-05-19T00:15:43.709+0000] {spark_submit.py:571} INFO - 24/05/19 00:15:43 INFO SparkContext: Added file file:///home/***/.ivy2/jars/org.scala-lang.modules_scala-collection-compat_2.12-2.11.0.jar at spark://eddd84e36bad:39645/files/org.scala-lang.modules_scala-collection-compat_2.12-2.11.0.jar with timestamp 1716077741584
[2024-05-19T00:15:43.709+0000] {spark_submit.py:571} INFO - 24/05/19 00:15:43 INFO Utils: Copying /home/***/.ivy2/jars/org.scala-lang.modules_scala-collection-compat_2.12-2.11.0.jar to /tmp/spark-379242f4-9158-4819-a193-7dc6b25ae06e/userFiles-2da8ee05-8b05-44a4-8fcc-e1158c921f84/org.scala-lang.modules_scala-collection-compat_2.12-2.11.0.jar
[2024-05-19T00:15:43.715+0000] {spark_submit.py:571} INFO - 24/05/19 00:15:43 INFO SparkContext: Added file file:///home/***/.ivy2/jars/com.datastax.oss_java-driver-core-shaded-4.13.0.jar at spark://eddd84e36bad:39645/files/com.datastax.oss_java-driver-core-shaded-4.13.0.jar with timestamp 1716077741584
[2024-05-19T00:15:43.716+0000] {spark_submit.py:571} INFO - 24/05/19 00:15:43 INFO Utils: Copying /home/***/.ivy2/jars/com.datastax.oss_java-driver-core-shaded-4.13.0.jar to /tmp/spark-379242f4-9158-4819-a193-7dc6b25ae06e/userFiles-2da8ee05-8b05-44a4-8fcc-e1158c921f84/com.datastax.oss_java-driver-core-shaded-4.13.0.jar
[2024-05-19T00:15:43.762+0000] {spark_submit.py:571} INFO - 24/05/19 00:15:43 INFO SparkContext: Added file file:///home/***/.ivy2/jars/com.datastax.oss_java-driver-mapper-runtime-4.13.0.jar at spark://eddd84e36bad:39645/files/com.datastax.oss_java-driver-mapper-runtime-4.13.0.jar with timestamp 1716077741584
[2024-05-19T00:15:43.763+0000] {spark_submit.py:571} INFO - 24/05/19 00:15:43 INFO Utils: Copying /home/***/.ivy2/jars/com.datastax.oss_java-driver-mapper-runtime-4.13.0.jar to /tmp/spark-379242f4-9158-4819-a193-7dc6b25ae06e/userFiles-2da8ee05-8b05-44a4-8fcc-e1158c921f84/com.datastax.oss_java-driver-mapper-runtime-4.13.0.jar
[2024-05-19T00:15:43.771+0000] {spark_submit.py:571} INFO - 24/05/19 00:15:43 INFO SparkContext: Added file file:///home/***/.ivy2/jars/org.apache.commons_commons-lang3-3.10.jar at spark://eddd84e36bad:39645/files/org.apache.commons_commons-lang3-3.10.jar with timestamp 1716077741584
[2024-05-19T00:15:43.772+0000] {spark_submit.py:571} INFO - 24/05/19 00:15:43 INFO Utils: Copying /home/***/.ivy2/jars/org.apache.commons_commons-lang3-3.10.jar to /tmp/spark-379242f4-9158-4819-a193-7dc6b25ae06e/userFiles-2da8ee05-8b05-44a4-8fcc-e1158c921f84/org.apache.commons_commons-lang3-3.10.jar
[2024-05-19T00:15:43.800+0000] {spark_submit.py:571} INFO - 24/05/19 00:15:43 INFO SparkContext: Added file file:///home/***/.ivy2/jars/com.thoughtworks.paranamer_paranamer-2.8.jar at spark://eddd84e36bad:39645/files/com.thoughtworks.paranamer_paranamer-2.8.jar with timestamp 1716077741584
[2024-05-19T00:15:43.801+0000] {spark_submit.py:571} INFO - 24/05/19 00:15:43 INFO Utils: Copying /home/***/.ivy2/jars/com.thoughtworks.paranamer_paranamer-2.8.jar to /tmp/spark-379242f4-9158-4819-a193-7dc6b25ae06e/userFiles-2da8ee05-8b05-44a4-8fcc-e1158c921f84/com.thoughtworks.paranamer_paranamer-2.8.jar
[2024-05-19T00:15:43.805+0000] {spark_submit.py:571} INFO - 24/05/19 00:15:43 INFO SparkContext: Added file file:///home/***/.ivy2/jars/org.scala-lang_scala-reflect-2.12.11.jar at spark://eddd84e36bad:39645/files/org.scala-lang_scala-reflect-2.12.11.jar with timestamp 1716077741584
[2024-05-19T00:15:43.806+0000] {spark_submit.py:571} INFO - 24/05/19 00:15:43 INFO Utils: Copying /home/***/.ivy2/jars/org.scala-lang_scala-reflect-2.12.11.jar to /tmp/spark-379242f4-9158-4819-a193-7dc6b25ae06e/userFiles-2da8ee05-8b05-44a4-8fcc-e1158c921f84/org.scala-lang_scala-reflect-2.12.11.jar
[2024-05-19T00:15:43.834+0000] {spark_submit.py:571} INFO - 24/05/19 00:15:43 INFO SparkContext: Added file file:///home/***/.ivy2/jars/com.datastax.oss_native-protocol-1.5.0.jar at spark://eddd84e36bad:39645/files/com.datastax.oss_native-protocol-1.5.0.jar with timestamp 1716077741584
[2024-05-19T00:15:43.834+0000] {spark_submit.py:571} INFO - 24/05/19 00:15:43 INFO Utils: Copying /home/***/.ivy2/jars/com.datastax.oss_native-protocol-1.5.0.jar to /tmp/spark-379242f4-9158-4819-a193-7dc6b25ae06e/userFiles-2da8ee05-8b05-44a4-8fcc-e1158c921f84/com.datastax.oss_native-protocol-1.5.0.jar
[2024-05-19T00:15:43.839+0000] {spark_submit.py:571} INFO - 24/05/19 00:15:43 INFO SparkContext: Added file file:///home/***/.ivy2/jars/com.datastax.oss_java-driver-shaded-guava-25.1-jre-graal-sub-1.jar at spark://eddd84e36bad:39645/files/com.datastax.oss_java-driver-shaded-guava-25.1-jre-graal-sub-1.jar with timestamp 1716077741584
[2024-05-19T00:15:43.839+0000] {spark_submit.py:571} INFO - 24/05/19 00:15:43 INFO Utils: Copying /home/***/.ivy2/jars/com.datastax.oss_java-driver-shaded-guava-25.1-jre-graal-sub-1.jar to /tmp/spark-379242f4-9158-4819-a193-7dc6b25ae06e/userFiles-2da8ee05-8b05-44a4-8fcc-e1158c921f84/com.datastax.oss_java-driver-shaded-guava-25.1-jre-graal-sub-1.jar
[2024-05-19T00:15:43.859+0000] {spark_submit.py:571} INFO - 24/05/19 00:15:43 INFO SparkContext: Added file file:///home/***/.ivy2/jars/com.typesafe_config-1.4.1.jar at spark://eddd84e36bad:39645/files/com.typesafe_config-1.4.1.jar with timestamp 1716077741584
[2024-05-19T00:15:43.860+0000] {spark_submit.py:571} INFO - 24/05/19 00:15:43 INFO Utils: Copying /home/***/.ivy2/jars/com.typesafe_config-1.4.1.jar to /tmp/spark-379242f4-9158-4819-a193-7dc6b25ae06e/userFiles-2da8ee05-8b05-44a4-8fcc-e1158c921f84/com.typesafe_config-1.4.1.jar
[2024-05-19T00:15:43.865+0000] {spark_submit.py:571} INFO - 24/05/19 00:15:43 INFO SparkContext: Added file file:///home/***/.ivy2/jars/io.dropwizard.metrics_metrics-core-4.1.18.jar at spark://eddd84e36bad:39645/files/io.dropwizard.metrics_metrics-core-4.1.18.jar with timestamp 1716077741584
[2024-05-19T00:15:43.866+0000] {spark_submit.py:571} INFO - 24/05/19 00:15:43 INFO Utils: Copying /home/***/.ivy2/jars/io.dropwizard.metrics_metrics-core-4.1.18.jar to /tmp/spark-379242f4-9158-4819-a193-7dc6b25ae06e/userFiles-2da8ee05-8b05-44a4-8fcc-e1158c921f84/io.dropwizard.metrics_metrics-core-4.1.18.jar
[2024-05-19T00:15:43.917+0000] {spark_submit.py:571} INFO - 24/05/19 00:15:43 INFO SparkContext: Added file file:///home/***/.ivy2/jars/org.hdrhistogram_HdrHistogram-2.1.12.jar at spark://eddd84e36bad:39645/files/org.hdrhistogram_HdrHistogram-2.1.12.jar with timestamp 1716077741584
[2024-05-19T00:15:43.918+0000] {spark_submit.py:571} INFO - 24/05/19 00:15:43 INFO Utils: Copying /home/***/.ivy2/jars/org.hdrhistogram_HdrHistogram-2.1.12.jar to /tmp/spark-379242f4-9158-4819-a193-7dc6b25ae06e/userFiles-2da8ee05-8b05-44a4-8fcc-e1158c921f84/org.hdrhistogram_HdrHistogram-2.1.12.jar
[2024-05-19T00:15:43.953+0000] {spark_submit.py:571} INFO - 24/05/19 00:15:43 INFO SparkContext: Added file file:///home/***/.ivy2/jars/org.reactivestreams_reactive-streams-1.0.3.jar at spark://eddd84e36bad:39645/files/org.reactivestreams_reactive-streams-1.0.3.jar with timestamp 1716077741584
[2024-05-19T00:15:43.954+0000] {spark_submit.py:571} INFO - 24/05/19 00:15:43 INFO Utils: Copying /home/***/.ivy2/jars/org.reactivestreams_reactive-streams-1.0.3.jar to /tmp/spark-379242f4-9158-4819-a193-7dc6b25ae06e/userFiles-2da8ee05-8b05-44a4-8fcc-e1158c921f84/org.reactivestreams_reactive-streams-1.0.3.jar
[2024-05-19T00:15:43.974+0000] {spark_submit.py:571} INFO - 24/05/19 00:15:43 INFO SparkContext: Added file file:///home/***/.ivy2/jars/com.github.stephenc.jcip_jcip-annotations-1.0-1.jar at spark://eddd84e36bad:39645/files/com.github.stephenc.jcip_jcip-annotations-1.0-1.jar with timestamp 1716077741584
[2024-05-19T00:15:43.975+0000] {spark_submit.py:571} INFO - 24/05/19 00:15:43 INFO Utils: Copying /home/***/.ivy2/jars/com.github.stephenc.jcip_jcip-annotations-1.0-1.jar to /tmp/spark-379242f4-9158-4819-a193-7dc6b25ae06e/userFiles-2da8ee05-8b05-44a4-8fcc-e1158c921f84/com.github.stephenc.jcip_jcip-annotations-1.0-1.jar
[2024-05-19T00:15:43.986+0000] {spark_submit.py:571} INFO - 24/05/19 00:15:43 INFO SparkContext: Added file file:///home/***/.ivy2/jars/com.github.spotbugs_spotbugs-annotations-3.1.12.jar at spark://eddd84e36bad:39645/files/com.github.spotbugs_spotbugs-annotations-3.1.12.jar with timestamp 1716077741584
[2024-05-19T00:15:43.987+0000] {spark_submit.py:571} INFO - 24/05/19 00:15:43 INFO Utils: Copying /home/***/.ivy2/jars/com.github.spotbugs_spotbugs-annotations-3.1.12.jar to /tmp/spark-379242f4-9158-4819-a193-7dc6b25ae06e/userFiles-2da8ee05-8b05-44a4-8fcc-e1158c921f84/com.github.spotbugs_spotbugs-annotations-3.1.12.jar
[2024-05-19T00:15:43.996+0000] {spark_submit.py:571} INFO - 24/05/19 00:15:43 INFO SparkContext: Added file file:///home/***/.ivy2/jars/com.google.code.findbugs_jsr305-3.0.2.jar at spark://eddd84e36bad:39645/files/com.google.code.findbugs_jsr305-3.0.2.jar with timestamp 1716077741584
[2024-05-19T00:15:43.997+0000] {spark_submit.py:571} INFO - 24/05/19 00:15:43 INFO Utils: Copying /home/***/.ivy2/jars/com.google.code.findbugs_jsr305-3.0.2.jar to /tmp/spark-379242f4-9158-4819-a193-7dc6b25ae06e/userFiles-2da8ee05-8b05-44a4-8fcc-e1158c921f84/com.google.code.findbugs_jsr305-3.0.2.jar
[2024-05-19T00:15:44.005+0000] {spark_submit.py:571} INFO - 24/05/19 00:15:44 INFO SparkContext: Added file file:///home/***/.ivy2/jars/com.datastax.oss_java-driver-query-builder-4.13.0.jar at spark://eddd84e36bad:39645/files/com.datastax.oss_java-driver-query-builder-4.13.0.jar with timestamp 1716077741584
[2024-05-19T00:15:44.005+0000] {spark_submit.py:571} INFO - 24/05/19 00:15:44 INFO Utils: Copying /home/***/.ivy2/jars/com.datastax.oss_java-driver-query-builder-4.13.0.jar to /tmp/spark-379242f4-9158-4819-a193-7dc6b25ae06e/userFiles-2da8ee05-8b05-44a4-8fcc-e1158c921f84/com.datastax.oss_java-driver-query-builder-4.13.0.jar
[2024-05-19T00:15:44.030+0000] {spark_submit.py:571} INFO - 24/05/19 00:15:44 INFO SparkContext: Added file file:///home/***/.ivy2/jars/com.github.luben_zstd-jni-1.5.5-1.jar at spark://eddd84e36bad:39645/files/com.github.luben_zstd-jni-1.5.5-1.jar with timestamp 1716077741584
[2024-05-19T00:15:44.031+0000] {spark_submit.py:571} INFO - 24/05/19 00:15:44 INFO Utils: Copying /home/***/.ivy2/jars/com.github.luben_zstd-jni-1.5.5-1.jar to /tmp/spark-379242f4-9158-4819-a193-7dc6b25ae06e/userFiles-2da8ee05-8b05-44a4-8fcc-e1158c921f84/com.github.luben_zstd-jni-1.5.5-1.jar
[2024-05-19T00:15:44.138+0000] {spark_submit.py:571} INFO - 24/05/19 00:15:44 INFO SparkContext: Added file file:///home/***/.ivy2/jars/org.lz4_lz4-java-1.8.0.jar at spark://eddd84e36bad:39645/files/org.lz4_lz4-java-1.8.0.jar with timestamp 1716077741584
[2024-05-19T00:15:44.139+0000] {spark_submit.py:571} INFO - 24/05/19 00:15:44 INFO Utils: Copying /home/***/.ivy2/jars/org.lz4_lz4-java-1.8.0.jar to /tmp/spark-379242f4-9158-4819-a193-7dc6b25ae06e/userFiles-2da8ee05-8b05-44a4-8fcc-e1158c921f84/org.lz4_lz4-java-1.8.0.jar
[2024-05-19T00:15:44.320+0000] {spark_submit.py:571} INFO - 24/05/19 00:15:44 INFO StandaloneAppClient$ClientEndpoint: Connecting to master spark://spark-master:7077...
[2024-05-19T00:15:44.415+0000] {spark_submit.py:571} INFO - 24/05/19 00:15:44 INFO TransportClientFactory: Successfully created connection to spark-master/192.168.96.3:7077 after 57 ms (0 ms spent in bootstraps)
[2024-05-19T00:15:44.604+0000] {spark_submit.py:571} INFO - 24/05/19 00:15:44 INFO StandaloneSchedulerBackend: Connected to Spark cluster with app ID app-20240519001544-0003
[2024-05-19T00:15:44.612+0000] {spark_submit.py:571} INFO - 24/05/19 00:15:44 INFO StandaloneAppClient$ClientEndpoint: Executor added: app-20240519001544-0003/0 on worker-20240519000616-192.168.96.6-36477 (192.168.96.6:36477) with 1 core(s)
[2024-05-19T00:15:44.617+0000] {spark_submit.py:571} INFO - 24/05/19 00:15:44 INFO StandaloneSchedulerBackend: Granted executor ID app-20240519001544-0003/0 on hostPort 192.168.96.6:36477 with 1 core(s), 1024.0 MiB RAM
[2024-05-19T00:15:44.623+0000] {spark_submit.py:571} INFO - 24/05/19 00:15:44 INFO Utils: Successfully started service 'org.apache.spark.network.netty.NettyBlockTransferService' on port 37867.
[2024-05-19T00:15:44.624+0000] {spark_submit.py:571} INFO - 24/05/19 00:15:44 INFO NettyBlockTransferService: Server created on eddd84e36bad:37867
[2024-05-19T00:15:44.626+0000] {spark_submit.py:571} INFO - 24/05/19 00:15:44 INFO BlockManager: Using org.apache.spark.storage.RandomBlockReplicationPolicy for block replication policy
[2024-05-19T00:15:44.635+0000] {spark_submit.py:571} INFO - 24/05/19 00:15:44 INFO BlockManagerMaster: Registering BlockManager BlockManagerId(driver, eddd84e36bad, 37867, None)
[2024-05-19T00:15:44.641+0000] {spark_submit.py:571} INFO - 24/05/19 00:15:44 INFO BlockManagerMasterEndpoint: Registering block manager eddd84e36bad:37867 with 434.4 MiB RAM, BlockManagerId(driver, eddd84e36bad, 37867, None)
[2024-05-19T00:15:44.645+0000] {spark_submit.py:571} INFO - 24/05/19 00:15:44 INFO BlockManagerMaster: Registered BlockManager BlockManagerId(driver, eddd84e36bad, 37867, None)
[2024-05-19T00:15:44.647+0000] {spark_submit.py:571} INFO - 24/05/19 00:15:44 INFO BlockManager: Initialized BlockManager: BlockManagerId(driver, eddd84e36bad, 37867, None)
[2024-05-19T00:15:45.432+0000] {spark_submit.py:571} INFO - 24/05/19 00:15:45 INFO StandaloneAppClient$ClientEndpoint: Executor updated: app-20240519001544-0003/0 is now RUNNING
[2024-05-19T00:15:45.651+0000] {spark_submit.py:571} INFO - 24/05/19 00:15:45 INFO StandaloneSchedulerBackend: SchedulerBackend is ready for scheduling beginning after reached minRegisteredResourcesRatio: 0.0
[2024-05-19T00:15:46.251+0000] {spark_submit.py:571} INFO - 24/05/19 00:15:46 INFO SharedState: Setting hive.metastore.warehouse.dir ('null') to the value of spark.sql.warehouse.dir.
[2024-05-19T00:15:46.256+0000] {spark_submit.py:571} INFO - 24/05/19 00:15:46 INFO SharedState: Warehouse path is 'file:/opt/***/spark-warehouse'.
[2024-05-19T00:15:52.578+0000] {spark_submit.py:571} INFO - INFO:py4j.java_gateway:Callback Server Starting
[2024-05-19T00:15:52.613+0000] {spark_submit.py:571} INFO - INFO:py4j.java_gateway:Socket listening on ('127.0.0.1', 38425)
[2024-05-19T00:15:52.641+0000] {spark_submit.py:571} INFO - 24/05/19 00:15:52 INFO StateStoreCoordinatorRef: Registered StateStoreCoordinator endpoint
[2024-05-19T00:15:52.887+0000] {spark_submit.py:571} INFO - 24/05/19 00:15:52 INFO StandaloneSchedulerBackend$StandaloneDriverEndpoint: Registered executor NettyRpcEndpointRef(spark-client://Executor) (192.168.96.6:38274) with ID 0,  ResourceProfileId 0
[2024-05-19T00:15:53.038+0000] {spark_submit.py:571} INFO - 24/05/19 00:15:53 WARN ResolveWriteToStream: Temporary checkpoint location created which is deleted normally when the query didn't fail: /tmp/temporary-b1a7f9d4-895d-44d2-b724-6d5d59e30f30. If it's required to delete it under any circumstances, please set spark.sql.streaming.forceDeleteTempCheckpointLocation to true. Important to know deleting temp checkpoint folder is best effort.
[2024-05-19T00:15:53.161+0000] {spark_submit.py:571} INFO - 24/05/19 00:15:53 INFO ResolveWriteToStream: Checkpoint root file:///tmp/temporary-b1a7f9d4-895d-44d2-b724-6d5d59e30f30 resolved to file:/tmp/temporary-b1a7f9d4-895d-44d2-b724-6d5d59e30f30.
[2024-05-19T00:15:53.162+0000] {spark_submit.py:571} INFO - 24/05/19 00:15:53 WARN ResolveWriteToStream: spark.sql.adaptive.enabled is not supported in streaming DataFrames/Datasets and will be disabled.
[2024-05-19T00:15:53.171+0000] {spark_submit.py:571} INFO - 24/05/19 00:15:53 INFO BlockManagerMasterEndpoint: Registering block manager 192.168.96.6:42961 with 434.4 MiB RAM, BlockManagerId(0, 192.168.96.6, 42961, None)
[2024-05-19T00:15:53.432+0000] {spark_submit.py:571} INFO - 24/05/19 00:15:53 INFO CheckpointFileManager: Writing atomically to file:/tmp/temporary-b1a7f9d4-895d-44d2-b724-6d5d59e30f30/metadata using temp file file:/tmp/temporary-b1a7f9d4-895d-44d2-b724-6d5d59e30f30/.metadata.8ec29ecb-b1e1-44a2-95f0-c4446310a9a2.tmp
[2024-05-19T00:15:53.635+0000] {spark_submit.py:571} INFO - 24/05/19 00:15:53 INFO CheckpointFileManager: Renamed temp file file:/tmp/temporary-b1a7f9d4-895d-44d2-b724-6d5d59e30f30/.metadata.8ec29ecb-b1e1-44a2-95f0-c4446310a9a2.tmp to file:/tmp/temporary-b1a7f9d4-895d-44d2-b724-6d5d59e30f30/metadata
[2024-05-19T00:15:53.727+0000] {spark_submit.py:571} INFO - 24/05/19 00:15:53 INFO MicroBatchExecution: Starting [id = 1a863b8b-0bf2-4dc3-8069-6dfd3eee6599, runId = b928efa7-ce6b-4c2c-b8d7-a39bb7ac4039]. Use file:/tmp/temporary-b1a7f9d4-895d-44d2-b724-6d5d59e30f30 to store the query checkpoint.
[2024-05-19T00:15:53.795+0000] {spark_submit.py:571} INFO - 24/05/19 00:15:53 INFO MicroBatchExecution: Reading table [org.apache.spark.sql.kafka010.KafkaSourceProvider$KafkaTable@65c07b80] from DataSourceV2 named 'kafka' [org.apache.spark.sql.kafka010.KafkaSourceProvider@39b5a240]
[2024-05-19T00:15:53.872+0000] {spark_submit.py:571} INFO - 24/05/19 00:15:53 INFO OffsetSeqLog: BatchIds found from listing:
[2024-05-19T00:15:53.874+0000] {spark_submit.py:571} INFO - 24/05/19 00:15:53 INFO OffsetSeqLog: BatchIds found from listing:
[2024-05-19T00:15:53.875+0000] {spark_submit.py:571} INFO - 24/05/19 00:15:53 INFO MicroBatchExecution: Starting new streaming query.
[2024-05-19T00:15:53.878+0000] {spark_submit.py:571} INFO - 24/05/19 00:15:53 INFO MicroBatchExecution: Stream started from {}
[2024-05-19T00:15:55.759+0000] {spark_submit.py:571} INFO - 24/05/19 00:15:55 INFO AdminClientConfig: AdminClientConfig values:
[2024-05-19T00:15:55.770+0000] {spark_submit.py:571} INFO - auto.include.jmx.reporter = true
[2024-05-19T00:15:55.771+0000] {spark_submit.py:571} INFO - bootstrap.servers = [kafka:9092]
[2024-05-19T00:15:55.772+0000] {spark_submit.py:571} INFO - client.dns.lookup = use_all_dns_ips
[2024-05-19T00:15:55.772+0000] {spark_submit.py:571} INFO - client.id =
[2024-05-19T00:15:55.773+0000] {spark_submit.py:571} INFO - connections.max.idle.ms = 300000
[2024-05-19T00:15:55.774+0000] {spark_submit.py:571} INFO - default.api.timeout.ms = 60000
[2024-05-19T00:15:55.775+0000] {spark_submit.py:571} INFO - metadata.max.age.ms = 300000
[2024-05-19T00:15:55.776+0000] {spark_submit.py:571} INFO - metric.reporters = []
[2024-05-19T00:15:55.777+0000] {spark_submit.py:571} INFO - metrics.num.samples = 2
[2024-05-19T00:15:55.779+0000] {spark_submit.py:571} INFO - metrics.recording.level = INFO
[2024-05-19T00:15:55.780+0000] {spark_submit.py:571} INFO - metrics.sample.window.ms = 30000
[2024-05-19T00:15:55.781+0000] {spark_submit.py:571} INFO - receive.buffer.bytes = 65536
[2024-05-19T00:15:55.782+0000] {spark_submit.py:571} INFO - reconnect.backoff.max.ms = 1000
[2024-05-19T00:15:55.783+0000] {spark_submit.py:571} INFO - reconnect.backoff.ms = 50
[2024-05-19T00:15:55.786+0000] {spark_submit.py:571} INFO - request.timeout.ms = 30000
[2024-05-19T00:15:55.786+0000] {spark_submit.py:571} INFO - retries = 2147483647
[2024-05-19T00:15:55.786+0000] {spark_submit.py:571} INFO - retry.backoff.ms = 100
[2024-05-19T00:15:55.787+0000] {spark_submit.py:571} INFO - sasl.client.callback.handler.class = null
[2024-05-19T00:15:55.788+0000] {spark_submit.py:571} INFO - sasl.jaas.config = null
[2024-05-19T00:15:55.789+0000] {spark_submit.py:571} INFO - sasl.kerberos.kinit.cmd = /usr/bin/kinit
[2024-05-19T00:15:55.790+0000] {spark_submit.py:571} INFO - sasl.kerberos.min.time.before.relogin = 60000
[2024-05-19T00:15:55.791+0000] {spark_submit.py:571} INFO - sasl.kerberos.service.name = null
[2024-05-19T00:15:55.791+0000] {spark_submit.py:571} INFO - sasl.kerberos.ticket.renew.jitter = 0.05
[2024-05-19T00:15:55.792+0000] {spark_submit.py:571} INFO - sasl.kerberos.ticket.renew.window.factor = 0.8
[2024-05-19T00:15:55.792+0000] {spark_submit.py:571} INFO - sasl.login.callback.handler.class = null
[2024-05-19T00:15:55.793+0000] {spark_submit.py:571} INFO - sasl.login.class = null
[2024-05-19T00:15:55.795+0000] {spark_submit.py:571} INFO - sasl.login.connect.timeout.ms = null
[2024-05-19T00:15:55.795+0000] {spark_submit.py:571} INFO - sasl.login.read.timeout.ms = null
[2024-05-19T00:15:55.795+0000] {spark_submit.py:571} INFO - sasl.login.refresh.buffer.seconds = 300
[2024-05-19T00:15:55.795+0000] {spark_submit.py:571} INFO - sasl.login.refresh.min.period.seconds = 60
[2024-05-19T00:15:55.795+0000] {spark_submit.py:571} INFO - sasl.login.refresh.window.factor = 0.8
[2024-05-19T00:15:55.795+0000] {spark_submit.py:571} INFO - sasl.login.refresh.window.jitter = 0.05
[2024-05-19T00:15:55.796+0000] {spark_submit.py:571} INFO - sasl.login.retry.backoff.max.ms = 10000
[2024-05-19T00:15:55.796+0000] {spark_submit.py:571} INFO - sasl.login.retry.backoff.ms = 100
[2024-05-19T00:15:55.796+0000] {spark_submit.py:571} INFO - sasl.mechanism = GSSAPI
[2024-05-19T00:15:55.796+0000] {spark_submit.py:571} INFO - sasl.oauthbearer.clock.skew.seconds = 30
[2024-05-19T00:15:55.797+0000] {spark_submit.py:571} INFO - sasl.oauthbearer.expected.audience = null
[2024-05-19T00:15:55.797+0000] {spark_submit.py:571} INFO - sasl.oauthbearer.expected.issuer = null
[2024-05-19T00:15:55.798+0000] {spark_submit.py:571} INFO - sasl.oauthbearer.jwks.endpoint.refresh.ms = 3600000
[2024-05-19T00:15:55.799+0000] {spark_submit.py:571} INFO - sasl.oauthbearer.jwks.endpoint.retry.backoff.max.ms = 10000
[2024-05-19T00:15:55.799+0000] {spark_submit.py:571} INFO - sasl.oauthbearer.jwks.endpoint.retry.backoff.ms = 100
[2024-05-19T00:15:55.803+0000] {spark_submit.py:571} INFO - sasl.oauthbearer.jwks.endpoint.url = null
[2024-05-19T00:15:55.804+0000] {spark_submit.py:571} INFO - sasl.oauthbearer.scope.claim.name = scope
[2024-05-19T00:15:55.806+0000] {spark_submit.py:571} INFO - sasl.oauthbearer.sub.claim.name = sub
[2024-05-19T00:15:55.808+0000] {spark_submit.py:571} INFO - sasl.oauthbearer.token.endpoint.url = null
[2024-05-19T00:15:55.809+0000] {spark_submit.py:571} INFO - security.protocol = PLAINTEXT
[2024-05-19T00:15:55.809+0000] {spark_submit.py:571} INFO - security.providers = null
[2024-05-19T00:15:55.809+0000] {spark_submit.py:571} INFO - send.buffer.bytes = 131072
[2024-05-19T00:15:55.810+0000] {spark_submit.py:571} INFO - socket.connection.setup.timeout.max.ms = 30000
[2024-05-19T00:15:55.810+0000] {spark_submit.py:571} INFO - socket.connection.setup.timeout.ms = 10000
[2024-05-19T00:15:55.810+0000] {spark_submit.py:571} INFO - ssl.cipher.suites = null
[2024-05-19T00:15:55.811+0000] {spark_submit.py:571} INFO - ssl.enabled.protocols = [TLSv1.2, TLSv1.3]
[2024-05-19T00:15:55.812+0000] {spark_submit.py:571} INFO - ssl.endpoint.identification.algorithm = https
[2024-05-19T00:15:55.812+0000] {spark_submit.py:571} INFO - ssl.engine.factory.class = null
[2024-05-19T00:15:55.813+0000] {spark_submit.py:571} INFO - ssl.key.password = null
[2024-05-19T00:15:55.813+0000] {spark_submit.py:571} INFO - ssl.keymanager.algorithm = SunX509
[2024-05-19T00:15:55.814+0000] {spark_submit.py:571} INFO - ssl.keystore.certificate.chain = null
[2024-05-19T00:15:55.815+0000] {spark_submit.py:571} INFO - ssl.keystore.key = null
[2024-05-19T00:15:55.815+0000] {spark_submit.py:571} INFO - ssl.keystore.location = null
[2024-05-19T00:15:55.815+0000] {spark_submit.py:571} INFO - ssl.keystore.password = null
[2024-05-19T00:15:55.816+0000] {spark_submit.py:571} INFO - ssl.keystore.type = JKS
[2024-05-19T00:15:55.816+0000] {spark_submit.py:571} INFO - ssl.protocol = TLSv1.3
[2024-05-19T00:15:55.816+0000] {spark_submit.py:571} INFO - ssl.provider = null
[2024-05-19T00:15:55.817+0000] {spark_submit.py:571} INFO - ssl.secure.random.implementation = null
[2024-05-19T00:15:55.817+0000] {spark_submit.py:571} INFO - ssl.trustmanager.algorithm = PKIX
[2024-05-19T00:15:55.817+0000] {spark_submit.py:571} INFO - ssl.truststore.certificates = null
[2024-05-19T00:15:55.817+0000] {spark_submit.py:571} INFO - ssl.truststore.location = null
[2024-05-19T00:15:55.818+0000] {spark_submit.py:571} INFO - ssl.truststore.password = null
[2024-05-19T00:15:55.818+0000] {spark_submit.py:571} INFO - ssl.truststore.type = JKS
[2024-05-19T00:15:55.819+0000] {spark_submit.py:571} INFO - 
[2024-05-19T00:15:56.123+0000] {spark_submit.py:571} INFO - 24/05/19 00:15:56 INFO AdminClientConfig: These configurations '[key.deserializer, value.deserializer, enable.auto.commit, max.poll.records, auto.offset.reset]' were supplied but are not used yet.
[2024-05-19T00:15:56.145+0000] {spark_submit.py:571} INFO - 24/05/19 00:15:56 INFO AppInfoParser: Kafka version: 3.5.1
[2024-05-19T00:15:56.148+0000] {spark_submit.py:571} INFO - 24/05/19 00:15:56 INFO AppInfoParser: Kafka commitId: 2c6fb6c54472e90a
[2024-05-19T00:15:56.154+0000] {spark_submit.py:571} INFO - 24/05/19 00:15:56 INFO AppInfoParser: Kafka startTimeMs: 1716077756122
[2024-05-19T00:15:57.451+0000] {spark_submit.py:571} INFO - 24/05/19 00:15:57 INFO CheckpointFileManager: Writing atomically to file:/tmp/temporary-b1a7f9d4-895d-44d2-b724-6d5d59e30f30/sources/0/0 using temp file file:/tmp/temporary-b1a7f9d4-895d-44d2-b724-6d5d59e30f30/sources/0/.0.e4d9c4dd-64e6-4352-8161-4c2b6cb90528.tmp
[2024-05-19T00:15:57.550+0000] {spark_submit.py:571} INFO - 24/05/19 00:15:57 INFO CheckpointFileManager: Renamed temp file file:/tmp/temporary-b1a7f9d4-895d-44d2-b724-6d5d59e30f30/sources/0/.0.e4d9c4dd-64e6-4352-8161-4c2b6cb90528.tmp to file:/tmp/temporary-b1a7f9d4-895d-44d2-b724-6d5d59e30f30/sources/0/0
[2024-05-19T00:15:57.551+0000] {spark_submit.py:571} INFO - 24/05/19 00:15:57 INFO KafkaMicroBatchStream: Initial offsets: {"redfin_properties":{"0":0}}
[2024-05-19T00:15:57.863+0000] {spark_submit.py:571} INFO - 24/05/19 00:15:57 INFO CheckpointFileManager: Writing atomically to file:/tmp/temporary-b1a7f9d4-895d-44d2-b724-6d5d59e30f30/offsets/0 using temp file file:/tmp/temporary-b1a7f9d4-895d-44d2-b724-6d5d59e30f30/offsets/.0.6ce15582-52c9-420f-81bd-f58946e8439d.tmp
[2024-05-19T00:15:58.126+0000] {spark_submit.py:571} INFO - 24/05/19 00:15:58 INFO CheckpointFileManager: Renamed temp file file:/tmp/temporary-b1a7f9d4-895d-44d2-b724-6d5d59e30f30/offsets/.0.6ce15582-52c9-420f-81bd-f58946e8439d.tmp to file:/tmp/temporary-b1a7f9d4-895d-44d2-b724-6d5d59e30f30/offsets/0
[2024-05-19T00:15:58.134+0000] {spark_submit.py:571} INFO - 24/05/19 00:15:58 INFO MicroBatchExecution: Committed offsets for batch 0. Metadata OffsetSeqMetadata(0,1716077757759,Map(spark.sql.streaming.stateStore.providerClass -> org.apache.spark.sql.execution.streaming.state.HDFSBackedStateStoreProvider, spark.sql.streaming.join.stateFormatVersion -> 2, spark.sql.streaming.stateStore.compression.codec -> lz4, spark.sql.streaming.stateStore.rocksdb.formatVersion -> 5, spark.sql.streaming.statefulOperator.useStrictDistribution -> true, spark.sql.streaming.flatMapGroupsWithState.stateFormatVersion -> 2, spark.sql.streaming.multipleWatermarkPolicy -> min, spark.sql.streaming.aggregation.stateFormatVersion -> 2, spark.sql.shuffle.partitions -> 200))
[2024-05-19T00:16:00.413+0000] {spark_submit.py:571} INFO - 24/05/19 00:16:00 INFO KafkaOffsetReaderAdmin: Partitions added: Map()
[2024-05-19T00:16:00.674+0000] {spark_submit.py:571} INFO - 24/05/19 00:16:00 INFO KafkaOffsetReaderAdmin: Partitions added: Map()
[2024-05-19T00:16:00.829+0000] {spark_submit.py:571} INFO - 24/05/19 00:16:00 INFO KafkaOffsetReaderAdmin: Partitions added: Map()
[2024-05-19T00:16:00.831+0000] {spark_submit.py:571} INFO - 24/05/19 00:16:00 INFO KafkaOffsetReaderAdmin: Partitions added: Map()
[2024-05-19T00:16:01.793+0000] {spark_submit.py:571} INFO - 24/05/19 00:16:01 INFO CodeGenerator: Code generated in 501.157292 ms
[2024-05-19T00:16:02.227+0000] {spark_submit.py:571} INFO - INFO:py4j.clientserver:Python Server ready to receive messages
[2024-05-19T00:16:02.228+0000] {spark_submit.py:571} INFO - INFO:py4j.clientserver:Received command c on object id p0
[2024-05-19T00:16:02.318+0000] {spark_submit.py:571} INFO - 24/05/19 00:16:02 INFO CodeGenerator: Code generated in 53.050833 ms
[2024-05-19T00:16:02.717+0000] {spark_submit.py:571} INFO - 24/05/19 00:16:02 INFO SparkContext: Starting job: call at /home/***/.local/lib/python3.11/site-packages/pyspark/python/lib/py4j-0.10.9.7-src.zip/py4j/clientserver.py:617
[2024-05-19T00:16:02.731+0000] {spark_submit.py:571} INFO - 24/05/19 00:16:02 INFO DAGScheduler: Job 0 finished: call at /home/***/.local/lib/python3.11/site-packages/pyspark/python/lib/py4j-0.10.9.7-src.zip/py4j/clientserver.py:617, took 0.012096 s
[2024-05-19T00:16:02.828+0000] {spark_submit.py:571} INFO - 24/05/19 00:16:02 INFO CheckpointFileManager: Writing atomically to file:/tmp/temporary-b1a7f9d4-895d-44d2-b724-6d5d59e30f30/commits/0 using temp file file:/tmp/temporary-b1a7f9d4-895d-44d2-b724-6d5d59e30f30/commits/.0.db0a9a69-1a9b-4cb7-b2e6-6784dfa94fd4.tmp
[2024-05-19T00:16:02.879+0000] {spark_submit.py:571} INFO - 24/05/19 00:16:02 INFO CheckpointFileManager: Renamed temp file file:/tmp/temporary-b1a7f9d4-895d-44d2-b724-6d5d59e30f30/commits/.0.db0a9a69-1a9b-4cb7-b2e6-6784dfa94fd4.tmp to file:/tmp/temporary-b1a7f9d4-895d-44d2-b724-6d5d59e30f30/commits/0
[2024-05-19T00:16:02.976+0000] {spark_submit.py:571} INFO - 24/05/19 00:16:02 INFO MicroBatchExecution: Streaming query made progress: {
[2024-05-19T00:16:02.980+0000] {spark_submit.py:571} INFO - "id" : "1a863b8b-0bf2-4dc3-8069-6dfd3eee6599",
[2024-05-19T00:16:02.980+0000] {spark_submit.py:571} INFO - "runId" : "b928efa7-ce6b-4c2c-b8d7-a39bb7ac4039",
[2024-05-19T00:16:02.980+0000] {spark_submit.py:571} INFO - "name" : null,
[2024-05-19T00:16:02.981+0000] {spark_submit.py:571} INFO - "timestamp" : "2024-05-19T00:15:53.860Z",
[2024-05-19T00:16:02.981+0000] {spark_submit.py:571} INFO - "batchId" : 0,
[2024-05-19T00:16:02.981+0000] {spark_submit.py:571} INFO - "numInputRows" : 0,
[2024-05-19T00:16:02.982+0000] {spark_submit.py:571} INFO - "inputRowsPerSecond" : 0.0,
[2024-05-19T00:16:02.982+0000] {spark_submit.py:571} INFO - "processedRowsPerSecond" : 0.0,
[2024-05-19T00:16:02.982+0000] {spark_submit.py:571} INFO - "durationMs" : {
[2024-05-19T00:16:02.982+0000] {spark_submit.py:571} INFO - "addBatch" : 2049,
[2024-05-19T00:16:02.983+0000] {spark_submit.py:571} INFO - "commitOffsets" : 88,
[2024-05-19T00:16:02.983+0000] {spark_submit.py:571} INFO - "getBatch" : 264,
[2024-05-19T00:16:02.983+0000] {spark_submit.py:571} INFO - "latestOffset" : 3869,
[2024-05-19T00:16:02.983+0000] {spark_submit.py:571} INFO - "queryPlanning" : 2291,
[2024-05-19T00:16:02.984+0000] {spark_submit.py:571} INFO - "triggerExecution" : 9019,
[2024-05-19T00:16:02.988+0000] {spark_submit.py:571} INFO - "walCommit" : 362
[2024-05-19T00:16:02.990+0000] {spark_submit.py:571} INFO - },
[2024-05-19T00:16:02.990+0000] {spark_submit.py:571} INFO - "stateOperators" : [ ],
[2024-05-19T00:16:02.991+0000] {spark_submit.py:571} INFO - "sources" : [ {
[2024-05-19T00:16:02.992+0000] {spark_submit.py:571} INFO - "description" : "KafkaV2[Subscribe[redfin_properties]]",
[2024-05-19T00:16:02.993+0000] {spark_submit.py:571} INFO - "startOffset" : null,
[2024-05-19T00:16:02.993+0000] {spark_submit.py:571} INFO - "endOffset" : {
[2024-05-19T00:16:02.994+0000] {spark_submit.py:571} INFO - "redfin_properties" : {
[2024-05-19T00:16:02.994+0000] {spark_submit.py:571} INFO - "0" : 0
[2024-05-19T00:16:02.996+0000] {spark_submit.py:571} INFO - }
[2024-05-19T00:16:02.997+0000] {spark_submit.py:571} INFO - },
[2024-05-19T00:16:03.001+0000] {spark_submit.py:571} INFO - "latestOffset" : {
[2024-05-19T00:16:03.007+0000] {spark_submit.py:571} INFO - "redfin_properties" : {
[2024-05-19T00:16:03.009+0000] {spark_submit.py:571} INFO - "0" : 0
[2024-05-19T00:16:03.009+0000] {spark_submit.py:571} INFO - }
[2024-05-19T00:16:03.011+0000] {spark_submit.py:571} INFO - },
[2024-05-19T00:16:03.011+0000] {spark_submit.py:571} INFO - "numInputRows" : 0,
[2024-05-19T00:16:03.012+0000] {spark_submit.py:571} INFO - "inputRowsPerSecond" : 0.0,
[2024-05-19T00:16:03.012+0000] {spark_submit.py:571} INFO - "processedRowsPerSecond" : 0.0,
[2024-05-19T00:16:03.013+0000] {spark_submit.py:571} INFO - "metrics" : {
[2024-05-19T00:16:03.013+0000] {spark_submit.py:571} INFO - "avgOffsetsBehindLatest" : "0.0",
[2024-05-19T00:16:03.013+0000] {spark_submit.py:571} INFO - "maxOffsetsBehindLatest" : "0",
[2024-05-19T00:16:03.014+0000] {spark_submit.py:571} INFO - "minOffsetsBehindLatest" : "0"
[2024-05-19T00:16:03.014+0000] {spark_submit.py:571} INFO - }
[2024-05-19T00:16:03.014+0000] {spark_submit.py:571} INFO - } ],
[2024-05-19T00:16:03.014+0000] {spark_submit.py:571} INFO - "sink" : {
[2024-05-19T00:16:03.015+0000] {spark_submit.py:571} INFO - "description" : "ForeachBatchSink",
[2024-05-19T00:16:03.021+0000] {spark_submit.py:571} INFO - "numOutputRows" : -1
[2024-05-19T00:16:03.027+0000] {spark_submit.py:571} INFO - }
[2024-05-19T00:16:03.032+0000] {spark_submit.py:571} INFO - }
[2024-05-19T00:16:12.965+0000] {spark_submit.py:571} INFO - 24/05/19 00:16:12 INFO MicroBatchExecution: Streaming query has been idle and waiting for new data more than 10000 ms.
[2024-05-19T00:16:22.953+0000] {spark_submit.py:571} INFO - 24/05/19 00:16:22 INFO MicroBatchExecution: Streaming query has been idle and waiting for new data more than 10000 ms.
[2024-05-19T00:16:32.960+0000] {spark_submit.py:571} INFO - 24/05/19 00:16:32 INFO MicroBatchExecution: Streaming query has been idle and waiting for new data more than 10000 ms.
[2024-05-19T00:16:42.963+0000] {spark_submit.py:571} INFO - 24/05/19 00:16:42 INFO MicroBatchExecution: Streaming query has been idle and waiting for new data more than 10000 ms.
[2024-05-19T00:16:52.964+0000] {spark_submit.py:571} INFO - 24/05/19 00:16:52 INFO MicroBatchExecution: Streaming query has been idle and waiting for new data more than 10000 ms.
[2024-05-19T00:17:02.970+0000] {spark_submit.py:571} INFO - 24/05/19 00:17:02 INFO MicroBatchExecution: Streaming query has been idle and waiting for new data more than 10000 ms.
[2024-05-19T00:17:12.977+0000] {spark_submit.py:571} INFO - 24/05/19 00:17:12 INFO MicroBatchExecution: Streaming query has been idle and waiting for new data more than 10000 ms.
[2024-05-19T00:17:22.994+0000] {spark_submit.py:571} INFO - 24/05/19 00:17:22 INFO MicroBatchExecution: Streaming query has been idle and waiting for new data more than 10000 ms.
[2024-05-19T00:17:32.998+0000] {spark_submit.py:571} INFO - 24/05/19 00:17:32 INFO MicroBatchExecution: Streaming query has been idle and waiting for new data more than 10000 ms.
[2024-05-19T00:17:40.363+0000] {local_task_job_runner.py:310} WARNING - State of this instance has been externally set to None. Terminating instance.
[2024-05-19T00:17:40.400+0000] {local_task_job_runner.py:222} INFO - ::endgroup::
[2024-05-19T00:17:40.410+0000] {process_utils.py:132} INFO - Sending 15 to group 1731. PIDs of all processes in the group: [1736, 1809, 1731]
[2024-05-19T00:17:40.412+0000] {process_utils.py:87} INFO - Sending the signal 15 to group 1731
[2024-05-19T00:17:40.420+0000] {taskinstance.py:2611} ERROR - Received SIGTERM. Terminating subprocesses.
[2024-05-19T00:17:40.435+0000] {spark_submit.py:697} INFO - Sending kill signal to spark-submit
[2024-05-19T00:17:40.443+0000] {taskinstance.py:441} INFO - ::group::Post task execution logs
[2024-05-19T00:17:40.551+0000] {process_utils.py:80} INFO - Process psutil.Process(pid=1809, status='terminated', started='00:15:37') (1809) terminated with exit code None
[2024-05-19T00:17:40.666+0000] {taskinstance.py:2905} ERROR - Task failed with exception
Traceback (most recent call last):
  File "/home/airflow/.local/lib/python3.11/site-packages/airflow/models/taskinstance.py", line 465, in _execute_task
    result = _execute_callable(context=context, **execute_callable_kwargs)
             ^^^^^^^^^^^^^^^^^^^^^^^^^^^^^^^^^^^^^^^^^^^^^^^^^^^^^^^^^^^^^
  File "/home/airflow/.local/lib/python3.11/site-packages/airflow/models/taskinstance.py", line 432, in _execute_callable
    return execute_callable(context=context, **execute_callable_kwargs)
           ^^^^^^^^^^^^^^^^^^^^^^^^^^^^^^^^^^^^^^^^^^^^^^^^^^^^^^^^^^^^
  File "/home/airflow/.local/lib/python3.11/site-packages/airflow/models/baseoperator.py", line 400, in wrapper
    return func(self, *args, **kwargs)
           ^^^^^^^^^^^^^^^^^^^^^^^^^^^
  File "/home/airflow/.local/lib/python3.11/site-packages/airflow/providers/apache/spark/operators/spark_submit.py", line 174, in execute
    self._hook.submit(self.application)
  File "/home/airflow/.local/lib/python3.11/site-packages/airflow/providers/apache/spark/hooks/spark_submit.py", line 490, in submit
    self._process_spark_submit_log(iter(self._submit_sp.stdout))  # type: ignore
    ^^^^^^^^^^^^^^^^^^^^^^^^^^^^^^^^^^^^^^^^^^^^^^^^^^^^^^^^^^^^
  File "/home/airflow/.local/lib/python3.11/site-packages/airflow/providers/apache/spark/hooks/spark_submit.py", line 539, in _process_spark_submit_log
    for line in itr:
  File "/home/airflow/.local/lib/python3.11/site-packages/airflow/models/taskinstance.py", line 2613, in signal_handler
    raise AirflowTaskTerminated("Task received SIGTERM signal")
airflow.exceptions.AirflowTaskTerminated: Task received SIGTERM signal
[2024-05-19T00:17:40.742+0000] {taskinstance.py:1206} INFO - Marking task as UP_FOR_RETRY. dag_id=Redfin_Webscraping_ETL, task_id=Process_and_Send_Data_to_DB, run_id=scheduled__2024-05-15T00:00:00+00:00, execution_date=20240515T000000, start_date=20240519T001525, end_date=20240519T001740
[2024-05-19T00:17:40.908+0000] {standard_task_runner.py:110} ERROR - Failed to execute job 447 for task Process_and_Send_Data_to_DB ((psycopg2.errors.ForeignKeyViolation) insert or update on table "task_fail" violates foreign key constraint "task_fail_ti_fkey"
DETAIL:  Key (dag_id, task_id, run_id, map_index)=(Redfin_Webscraping_ETL, Process_and_Send_Data_to_DB, scheduled__2024-05-15T00:00:00+00:00, -1) is not present in table "task_instance".

[SQL: INSERT INTO task_fail (task_id, dag_id, run_id, map_index, start_date, end_date, duration) VALUES (%(task_id)s, %(dag_id)s, %(run_id)s, %(map_index)s, %(start_date)s, %(end_date)s, %(duration)s) RETURNING task_fail.id]
[parameters: {'task_id': 'Process_and_Send_Data_to_DB', 'dag_id': 'Redfin_Webscraping_ETL', 'run_id': 'scheduled__2024-05-15T00:00:00+00:00', 'map_index': -1, 'start_date': datetime.datetime(2024, 5, 19, 0, 15, 25, 722056, tzinfo=Timezone('UTC')), 'end_date': datetime.datetime(2024, 5, 19, 0, 17, 40, 718785, tzinfo=Timezone('UTC')), 'duration': 134}]
(Background on this error at: https://sqlalche.me/e/14/gkpj); 1731)
[2024-05-19T00:17:40.948+0000] {process_utils.py:80} INFO - Process psutil.Process(pid=1736, status='terminated', started='00:15:27') (1736) terminated with exit code None
[2024-05-19T00:17:40.950+0000] {process_utils.py:80} INFO - Process psutil.Process(pid=1731, status='terminated', exitcode=1, started='00:15:25') (1731) terminated with exit code 1
