[2024-05-17T21:51:59.454+0000] {local_task_job_runner.py:120} INFO - ::group::Pre task execution logs
[2024-05-17T21:51:59.928+0000] {taskinstance.py:2076} INFO - Dependencies all met for dep_context=non-requeueable deps ti=<TaskInstance: Webscrape.Ingest_Data manual__2024-05-17T21:51:54.739610+00:00 [queued]>
[2024-05-17T21:51:59.972+0000] {taskinstance.py:2076} INFO - Dependencies all met for dep_context=requeueable deps ti=<TaskInstance: Webscrape.Ingest_Data manual__2024-05-17T21:51:54.739610+00:00 [queued]>
[2024-05-17T21:51:59.973+0000] {taskinstance.py:2306} INFO - Starting attempt 1 of 6
[2024-05-17T21:52:00.031+0000] {taskinstance.py:2330} INFO - Executing <Task(PythonOperator): Ingest_Data> on 2024-05-17 21:51:54.739610+00:00
[2024-05-17T21:52:00.063+0000] {standard_task_runner.py:63} INFO - Started process 13438 to run task
[2024-05-17T21:52:00.080+0000] {standard_task_runner.py:90} INFO - Running: ['***', 'tasks', 'run', 'Webscrape', 'Ingest_Data', 'manual__2024-05-17T21:51:54.739610+00:00', '--job-id', '257', '--raw', '--subdir', 'DAGS_FOLDER/webscrapping.py', '--cfg-path', '/tmp/tmpi42wd9kw']
[2024-05-17T21:52:00.115+0000] {standard_task_runner.py:91} INFO - Job 257: Subtask Ingest_Data
[2024-05-17T21:52:00.491+0000] {task_command.py:426} INFO - Running <TaskInstance: Webscrape.Ingest_Data manual__2024-05-17T21:51:54.739610+00:00 [running]> on host 3e429f118033
[2024-05-17T21:52:01.599+0000] {taskinstance.py:2648} INFO - Exporting env vars: AIRFLOW_CTX_DAG_OWNER='svc' AIRFLOW_CTX_DAG_ID='Webscrape' AIRFLOW_CTX_TASK_ID='Ingest_Data' AIRFLOW_CTX_EXECUTION_DATE='2024-05-17T21:51:54.739610+00:00' AIRFLOW_CTX_TRY_NUMBER='1' AIRFLOW_CTX_DAG_RUN_ID='manual__2024-05-17T21:51:54.739610+00:00'
[2024-05-17T21:52:01.636+0000] {taskinstance.py:430} INFO - ::endgroup::
[2024-05-17T21:52:02.319+0000] {conn.py:362} INFO - <BrokerConnection node_id=bootstrap-0 host=kafka:9092 <connecting> [IPv4 ('172.24.0.6', 9092)]>: connecting to kafka:9092 [('172.24.0.6', 9092) IPv4]
[2024-05-17T21:52:02.360+0000] {conn.py:957} INFO - Probing node bootstrap-0 broker version
[2024-05-17T21:52:02.368+0000] {conn.py:393} INFO - <BrokerConnection node_id=bootstrap-0 host=kafka:9092 <connecting> [IPv4 ('172.24.0.6', 9092)]>: Connection complete.
[2024-05-17T21:52:02.508+0000] {conn.py:1019} INFO - Broker version identified as 2.6.0
[2024-05-17T21:52:02.509+0000] {conn.py:1020} INFO - Set configuration api_version=(2, 6, 0) to skip auto check_version requests on startup
[2024-05-17T21:52:09.917+0000] {logging_mixin.py:188} INFO - Connecting to Scraping Browser...
[2024-05-17T21:52:13.974+0000] {logging_mixin.py:188} INFO - Connected! Navigating to https://www.redfin.com...
[2024-05-17T21:52:22.215+0000] {logging_mixin.py:188} INFO - Searching...
[2024-05-17T21:52:27.317+0000] {logging_mixin.py:188} INFO - --------
[2024-05-17T21:52:27.359+0000] {logging_mixin.py:188} INFO - 1
[2024-05-17T21:52:27.367+0000] {logging_mixin.py:188} INFO - Navigating to Listing page: https://www.redfin.com/CA/San-Francisco/1458-Hudson-Ave-94124/home/748039
[2024-05-17T21:52:41.068+0000] {logging_mixin.py:188} INFO - Extracting Pictures
[2024-05-17T21:52:43.043+0000] {logging_mixin.py:188} INFO - Extracting Key Details
[2024-05-17T21:52:44.665+0000] {logging_mixin.py:188} INFO - Extracting Listing Agent Details
[2024-05-17T21:52:45.452+0000] {logging_mixin.py:188} INFO - Extracting Redfin Agent Details
[2024-05-17T21:52:46.028+0000] {logging_mixin.py:188} INFO - Extracting Property Details
[2024-05-17T21:52:47.861+0000] {logging_mixin.py:188} INFO - {
  "address": "1458 Hudson Ave San Francisco CA 94124",
  "price": "1467000",
  "beds": "3",
  "baths": "2",
  "link": "https://www.redfin.com/CA/San-Francisco/1458-Hudson-Ave-94124/home/748039",
  "photos": [
    "https://ssl.cdn-redfin.com/system_files/media/919744_JPG/item_10.jpg",
    "https://ssl.cdn-redfin.com/system_files/media/919744_JPG/genLdpUgcMediaBrowserUrl/item_1.jpg",
    "https://my.matterport.com/api/v2/player/models/FY2mXyHjhmb/thumb",
    "https://ssl.cdn-redfin.com/system_files/media/919744_JPG/genLdpUgcMediaBrowserUrl/item_11.jpg",
    "https://ssl.cdn-redfin.com/system_files/media/919744_JPG/genLdpUgcMediaBrowserUrl/item_8.jpg",
    "https://ssl.cdn-redfin.com/system_files/media/919744_JPG/item_2.jpg",
    "https://ssl.cdn-redfin.com/system_files/media/919744_JPG/item_4.jpg",
    "https://ssl.cdn-redfin.com/system_files/media/919744_JPG/item_15.jpg",
    "https://ssl.cdn-redfin.com/system_files/media/919744_JPG/item_16.jpg",
    "https://ssl.cdn-redfin.com/system_files/media/919744_JPG/item_28.jpg",
    "https://ssl.cdn-redfin.com/system_files/media/919744_JPG/item_32.jpg",
    "https://ssl.cdn-redfin.com/system_files/media/919744_JPG/item_29.jpg",
    "https://ssl.cdn-redfin.com/system_files/media/919744_JPG/item_48.jpg",
    "https://ssl.cdn-redfin.com/system_files/media/919744_JPG/item_51.jpg",
    "https://ssl.cdn-redfin.com/system_files/media/919744_JPG/item_58.jpg",
    "https://ssl.cdn-redfin.com/system_files/media/919744_JPG/item_63.jpg"
  ],
  "hoa_fee": "",
  "buyers_agent_fee": "2",
  "listing_agent_name": "Michael Sommers",
  "listing_agent_contact": "",
  "redfin_agent_name": "Michael Sommers",
  "finished_sqft": "",
  "unfinished_sqft": "",
  "total_sqft": "1162",
  "stories": "1",
  "style": "Single Family Residential",
  "year_built": "1941",
  "year_renovated": "",
  "county": "San Francisco County",
  "APN": "5255009"
}
[2024-05-17T21:52:47.866+0000] {logging_mixin.py:188} INFO - Sending Data to Kafka
[2024-05-17T21:52:47.969+0000] {conn.py:362} INFO - <BrokerConnection node_id=1 host=kafka:9092 <connecting> [IPv4 ('172.24.0.6', 9092)]>: connecting to kafka:9092 [('172.24.0.6', 9092) IPv4]
[2024-05-17T21:52:47.973+0000] {conn.py:393} INFO - <BrokerConnection node_id=1 host=kafka:9092 <connecting> [IPv4 ('172.24.0.6', 9092)]>: Connection complete.
[2024-05-17T21:52:47.981+0000] {conn.py:673} INFO - <BrokerConnection node_id=bootstrap-0 host=kafka:9092 <connected> [IPv4 ('172.24.0.6', 9092)]>: Closing connection. 
[2024-05-17T21:52:50.990+0000] {logging_mixin.py:188} INFO - --------
[2024-05-17T21:52:50.992+0000] {logging_mixin.py:188} INFO - 2
[2024-05-17T21:52:51.007+0000] {logging_mixin.py:188} INFO - Navigating to Listing page: https://www.redfin.com/CA/San-Francisco/492-Bartlett-St-94110/home/1843033
[2024-05-17T21:53:09.375+0000] {logging_mixin.py:188} INFO - Extracting Pictures
[2024-05-17T21:53:18.602+0000] {logging_mixin.py:188} INFO - Extracting Key Details
[2024-05-17T21:53:19.939+0000] {logging_mixin.py:188} INFO - Extracting Listing Agent Details
[2024-05-17T21:53:20.607+0000] {logging_mixin.py:188} INFO - Extracting Redfin Agent Details
[2024-05-17T21:53:21.444+0000] {logging_mixin.py:188} INFO - Extracting Property Details
[2024-05-17T21:53:22.948+0000] {logging_mixin.py:188} INFO - {
  "address": "492 Bartlett St San Francisco CA 94110",
  "price": "1369900",
  "beds": "0",
  "baths": "\u2014",
  "link": "https://www.redfin.com/CA/San-Francisco/492-Bartlett-St-94110/home/1843033",
  "photos": [
    "https://ssl.cdn-redfin.com/photo/9/bigphoto/154/424034154_0.jpg",
    "https://ssl.cdn-redfin.com/photo/9/mbpaddedwide/154/genMid.424034154_1_0.jpg",
    "https://ssl.cdn-redfin.com/photo/9/mbpaddedwide/154/genMid.424034154_4_0.jpg",
    "https://ssl.cdn-redfin.com/photo/9/mbpaddedwide/154/genMid.424034154_3_0.jpg",
    "https://ssl.cdn-redfin.com/photo/9/mbpaddedwide/154/genMid.424034154_4_0.jpg",
    "https://ssl.cdn-redfin.com/photo/9/bigphoto/154/424034154_2_0.jpg",
    "https://ssl.cdn-redfin.com/photo/9/bigphoto/154/424034154_8_0.jpg",
    "https://ssl.cdn-redfin.com/photo/9/bigphoto/154/424034154_14_0.jpg",
    "https://ssl.cdn-redfin.com/photo/9/bigphoto/154/424034154_20_0.jpg",
    "https://ssl.cdn-redfin.com/photo/9/bigphoto/154/424034154_26_0.jpg"
  ],
  "hoa_fee": "",
  "buyers_agent_fee": "",
  "listing_agent_name": "Anh Pham",
  "listing_agent_contact": "",
  "redfin_agent_name": "Anthony Torres",
  "finished_sqft": "",
  "unfinished_sqft": "",
  "total_sqft": "2552",
  "stories": "2",
  "style": "Multi-Family (2-4 Unit)",
  "year_built": "1900",
  "year_renovated": "",
  "county": "San Francisco County",
  "APN": "6530011"
}
[2024-05-17T21:53:22.952+0000] {logging_mixin.py:188} INFO - Sending Data to Kafka
[2024-05-17T21:53:23.327+0000] {logging_mixin.py:188} INFO - --------
[2024-05-17T21:53:23.328+0000] {logging_mixin.py:188} INFO - 3
[2024-05-17T21:53:23.339+0000] {logging_mixin.py:188} INFO - Navigating to Listing page: https://www.redfin.com/CA/San-Francisco/403-Main-St-94105/unit-409N/home/1950222
[2024-05-17T21:53:40.711+0000] {logging_mixin.py:188} INFO - Extracting Pictures
[2024-05-17T21:53:43.994+0000] {logging_mixin.py:188} INFO - Extracting Key Details
[2024-05-17T21:53:45.147+0000] {logging_mixin.py:188} INFO - Extracting Listing Agent Details
[2024-05-17T21:53:45.901+0000] {logging_mixin.py:188} INFO - Extracting Redfin Agent Details
[2024-05-17T21:53:46.681+0000] {logging_mixin.py:188} INFO - Extracting Property Details
[2024-05-17T21:53:49.708+0000] {logging_mixin.py:188} INFO - {
  "address": "403 Main St Unit 409N San Francisco CA 94105",
  "price": "815000",
  "beds": "1",
  "baths": "1",
  "link": "https://www.redfin.com/CA/San-Francisco/403-Main-St-94105/unit-409N/home/1950222",
  "photos": [
    "https://ssl.cdn-redfin.com/photo/77/bigphoto/031/424034031_0.jpg",
    "https://ssl.cdn-redfin.com/photo/77/mbpaddedwide/031/genMid.424034031_1_0.jpg",
    "https://ssl.cdn-redfin.com/photo/77/mbpaddedwide/031/genMid.424034031_2_0.jpg",
    "https://ssl.cdn-redfin.com/photo/77/mbpaddedwide/031/genMid.424034031_4_0.jpg",
    "https://ssl.cdn-redfin.com/photo/77/mbpaddedwide/031/genMid.424034031_5_0.jpg",
    "https://ssl.cdn-redfin.com/photo/77/bigphoto/031/424034031_3_0.jpg",
    "https://ssl.cdn-redfin.com/photo/77/bigphoto/031/424034031_9_0.jpg",
    "https://ssl.cdn-redfin.com/photo/77/bigphoto/031/424034031_15_0.jpg"
  ],
  "hoa_fee": "847",
  "buyers_agent_fee": "2.5",
  "listing_agent_name": "Donny Piwowarski",
  "listing_agent_contact": "",
  "redfin_agent_name": "Anthony Torres",
  "finished_sqft": "",
  "unfinished_sqft": "",
  "total_sqft": "814",
  "stories": "1",
  "style": "Condo/Co-op",
  "year_built": "1997",
  "year_renovated": "",
  "county": "San Francisco County",
  "APN": "3768205"
}
[2024-05-17T21:53:49.710+0000] {logging_mixin.py:188} INFO - Sending Data to Kafka
[2024-05-17T21:53:49.935+0000] {logging_mixin.py:188} INFO - --------
[2024-05-17T21:53:49.936+0000] {logging_mixin.py:188} INFO - 4
[2024-05-17T21:53:49.943+0000] {logging_mixin.py:188} INFO - Navigating to Listing page: https://www.redfin.com/CA/San-Francisco/194-196-27th-St-94110/home/190850559
[2024-05-17T21:53:54.662+0000] {local_task_job_runner.py:310} WARNING - State of this instance has been externally set to failed. Terminating instance.
[2024-05-17T21:53:54.704+0000] {local_task_job_runner.py:222} INFO - ::endgroup::
[2024-05-17T21:53:54.714+0000] {process_utils.py:132} INFO - Sending 15 to group 13438. PIDs of all processes in the group: [13445, 13438]
[2024-05-17T21:53:54.716+0000] {process_utils.py:87} INFO - Sending the signal 15 to group 13438
[2024-05-17T21:53:54.717+0000] {taskinstance.py:2611} ERROR - Received SIGTERM. Terminating subprocesses.
[2024-05-17T21:53:55.225+0000] {process_utils.py:80} INFO - Process psutil.Process(pid=13445, status='terminated', started='21:52:01') (13445) terminated with exit code None
[2024-05-17T21:54:54.739+0000] {process_utils.py:150} WARNING - process psutil.Process(pid=13438, name='airflow task ru', status='sleeping', started='21:51:59') did not respond to SIGTERM. Trying SIGKILL
[2024-05-17T21:54:54.817+0000] {process_utils.py:87} INFO - Sending the signal 9 to group 13438
[2024-05-17T21:54:54.881+0000] {process_utils.py:80} INFO - Process psutil.Process(pid=13438, name='airflow task ru', status='terminated', exitcode=<Negsignal.SIGKILL: -9>, started='21:51:59') (13438) terminated with exit code -9
[2024-05-17T21:54:54.890+0000] {standard_task_runner.py:178} ERROR - Job 257 was killed before it finished (likely due to running out of memory)
