[2024-05-17T21:05:44.156+0000] {local_task_job_runner.py:120} INFO - ::group::Pre task execution logs
[2024-05-17T21:05:44.242+0000] {taskinstance.py:2076} INFO - Dependencies all met for dep_context=non-requeueable deps ti=<TaskInstance: Webscrape.Process_Send_Data manual__2024-05-17T21:05:40.347102+00:00 [queued]>
[2024-05-17T21:05:44.260+0000] {taskinstance.py:2076} INFO - Dependencies all met for dep_context=requeueable deps ti=<TaskInstance: Webscrape.Process_Send_Data manual__2024-05-17T21:05:40.347102+00:00 [queued]>
[2024-05-17T21:05:44.261+0000] {taskinstance.py:2306} INFO - Starting attempt 1 of 6
[2024-05-17T21:05:44.371+0000] {taskinstance.py:2330} INFO - Executing <Task(SparkSubmitOperator): Process_Send_Data> on 2024-05-17 21:05:40.347102+00:00
[2024-05-17T21:05:44.412+0000] {standard_task_runner.py:63} INFO - Started process 10477 to run task
[2024-05-17T21:05:44.443+0000] {standard_task_runner.py:90} INFO - Running: ['***', 'tasks', 'run', 'Webscrape', 'Process_Send_Data', 'manual__2024-05-17T21:05:40.347102+00:00', '--job-id', '238', '--raw', '--subdir', 'DAGS_FOLDER/webscrapping.py', '--cfg-path', '/tmp/tmpry2ap8_j']
[2024-05-17T21:05:44.510+0000] {standard_task_runner.py:91} INFO - Job 238: Subtask Process_Send_Data
[2024-05-17T21:05:45.581+0000] {task_command.py:426} INFO - Running <TaskInstance: Webscrape.Process_Send_Data manual__2024-05-17T21:05:40.347102+00:00 [running]> on host 3e429f118033
[2024-05-17T21:05:46.870+0000] {taskinstance.py:2648} INFO - Exporting env vars: AIRFLOW_CTX_DAG_OWNER='svc' AIRFLOW_CTX_DAG_ID='Webscrape' AIRFLOW_CTX_TASK_ID='Process_Send_Data' AIRFLOW_CTX_EXECUTION_DATE='2024-05-17T21:05:40.347102+00:00' AIRFLOW_CTX_TRY_NUMBER='1' AIRFLOW_CTX_DAG_RUN_ID='manual__2024-05-17T21:05:40.347102+00:00'
[2024-05-17T21:05:46.916+0000] {taskinstance.py:430} INFO - ::endgroup::
[2024-05-17T21:05:47.433+0000] {base.py:84} INFO - Using connection ID 'spark_default' for task execution.
[2024-05-17T21:05:47.453+0000] {spark_submit.py:401} INFO - Spark-Submit cmd: spark-submit --master spark://spark-master:7077 --packages org.apache.spark:spark-sql-kafka-0-10_2.12:3.5.1,com.datastax.spark:spark-cassandra-connector_2.12:3.5.0,org.apache.kafka:kafka-clients:3.4.1,commons-logging:commons-logging:1.2 --name arrow-spark --deploy-mode client dags/includes/jobs/spark_consumer.py
[2024-05-17T21:05:48.193+0000] {spark_submit.py:571} INFO - /home/***/.local/lib/python3.11/site-packages/pyspark/bin/load-spark-env.sh: line 68: ps: command not found
[2024-05-17T21:05:52.678+0000] {spark_submit.py:571} INFO - :: loading settings :: url = jar:file:/home/***/.local/lib/python3.11/site-packages/pyspark/jars/ivy-2.5.1.jar!/org/apache/ivy/core/settings/ivysettings.xml
[2024-05-17T21:05:52.765+0000] {spark_submit.py:571} INFO - Ivy Default Cache set to: /home/***/.ivy2/cache
[2024-05-17T21:05:52.766+0000] {spark_submit.py:571} INFO - The jars for the packages stored in: /home/***/.ivy2/jars
[2024-05-17T21:05:52.770+0000] {spark_submit.py:571} INFO - org.apache.spark#spark-sql-kafka-0-10_2.12 added as a dependency
[2024-05-17T21:05:52.772+0000] {spark_submit.py:571} INFO - com.datastax.spark#spark-cassandra-connector_2.12 added as a dependency
[2024-05-17T21:05:52.772+0000] {spark_submit.py:571} INFO - org.apache.kafka#kafka-clients added as a dependency
[2024-05-17T21:05:52.773+0000] {spark_submit.py:571} INFO - commons-logging#commons-logging added as a dependency
[2024-05-17T21:05:52.773+0000] {spark_submit.py:571} INFO - :: resolving dependencies :: org.apache.spark#spark-submit-parent-46f4a1ce-0640-437d-a7ba-bd2d2cda5396;1.0
[2024-05-17T21:05:52.773+0000] {spark_submit.py:571} INFO - confs: [default]
[2024-05-17T21:05:52.899+0000] {spark_submit.py:571} INFO - found org.apache.spark#spark-sql-kafka-0-10_2.12;3.5.1 in central
[2024-05-17T21:05:52.963+0000] {spark_submit.py:571} INFO - found org.apache.spark#spark-token-provider-kafka-0-10_2.12;3.5.1 in central
[2024-05-17T21:05:52.986+0000] {spark_submit.py:571} INFO - found org.apache.kafka#kafka-clients;3.4.1 in central
[2024-05-17T21:05:53.012+0000] {spark_submit.py:571} INFO - found com.github.luben#zstd-jni;1.5.5-4 in central
[2024-05-17T21:05:53.153+0000] {spark_submit.py:571} INFO - found org.lz4#lz4-java;1.8.0 in central
[2024-05-17T21:05:53.169+0000] {spark_submit.py:571} INFO - found org.xerial.snappy#snappy-java;1.1.10.3 in central
[2024-05-17T21:05:53.191+0000] {spark_submit.py:571} INFO - found org.slf4j#slf4j-api;2.0.7 in central
[2024-05-17T21:05:53.224+0000] {spark_submit.py:571} INFO - found org.apache.hadoop#hadoop-client-runtime;3.3.4 in central
[2024-05-17T21:05:53.241+0000] {spark_submit.py:571} INFO - found org.apache.hadoop#hadoop-client-api;3.3.4 in central
[2024-05-17T21:05:53.260+0000] {spark_submit.py:571} INFO - found com.google.code.findbugs#jsr305;3.0.0 in central
[2024-05-17T21:05:53.269+0000] {spark_submit.py:571} INFO - found org.apache.commons#commons-pool2;2.11.1 in central
[2024-05-17T21:05:53.280+0000] {spark_submit.py:571} INFO - found com.datastax.spark#spark-cassandra-connector_2.12;3.5.0 in central
[2024-05-17T21:05:53.289+0000] {spark_submit.py:571} INFO - found com.datastax.spark#spark-cassandra-connector-driver_2.12;3.5.0 in central
[2024-05-17T21:05:53.299+0000] {spark_submit.py:571} INFO - found org.scala-lang.modules#scala-collection-compat_2.12;2.11.0 in central
[2024-05-17T21:05:53.308+0000] {spark_submit.py:571} INFO - found com.datastax.oss#java-driver-core-shaded;4.13.0 in central
[2024-05-17T21:05:53.319+0000] {spark_submit.py:571} INFO - found com.datastax.oss#native-protocol;1.5.0 in central
[2024-05-17T21:05:53.335+0000] {spark_submit.py:571} INFO - found com.datastax.oss#java-driver-shaded-guava;25.1-jre-graal-sub-1 in central
[2024-05-17T21:05:53.362+0000] {spark_submit.py:571} INFO - found com.typesafe#config;1.4.1 in central
[2024-05-17T21:05:53.386+0000] {spark_submit.py:571} INFO - found io.dropwizard.metrics#metrics-core;4.1.18 in central
[2024-05-17T21:05:53.395+0000] {spark_submit.py:571} INFO - found org.hdrhistogram#HdrHistogram;2.1.12 in central
[2024-05-17T21:05:53.402+0000] {spark_submit.py:571} INFO - found org.reactivestreams#reactive-streams;1.0.3 in central
[2024-05-17T21:05:53.410+0000] {spark_submit.py:571} INFO - found com.github.stephenc.jcip#jcip-annotations;1.0-1 in central
[2024-05-17T21:05:53.423+0000] {spark_submit.py:571} INFO - found com.github.spotbugs#spotbugs-annotations;3.1.12 in central
[2024-05-17T21:05:53.443+0000] {spark_submit.py:571} INFO - found com.google.code.findbugs#jsr305;3.0.2 in central
[2024-05-17T21:05:53.457+0000] {spark_submit.py:571} INFO - found com.datastax.oss#java-driver-mapper-runtime;4.13.0 in central
[2024-05-17T21:05:53.465+0000] {spark_submit.py:571} INFO - found com.datastax.oss#java-driver-query-builder;4.13.0 in central
[2024-05-17T21:05:53.488+0000] {spark_submit.py:571} INFO - found org.apache.commons#commons-lang3;3.10 in central
[2024-05-17T21:05:53.497+0000] {spark_submit.py:571} INFO - found com.thoughtworks.paranamer#paranamer;2.8 in central
[2024-05-17T21:05:53.505+0000] {spark_submit.py:571} INFO - found org.scala-lang#scala-reflect;2.12.11 in central
[2024-05-17T21:05:53.525+0000] {spark_submit.py:571} INFO - found commons-logging#commons-logging;1.2 in central
[2024-05-17T21:05:53.569+0000] {spark_submit.py:571} INFO - :: resolution report :: resolve 770ms :: artifacts dl 27ms
[2024-05-17T21:05:53.570+0000] {spark_submit.py:571} INFO - :: modules in use:
[2024-05-17T21:05:53.570+0000] {spark_submit.py:571} INFO - com.datastax.oss#java-driver-core-shaded;4.13.0 from central in [default]
[2024-05-17T21:05:53.571+0000] {spark_submit.py:571} INFO - com.datastax.oss#java-driver-mapper-runtime;4.13.0 from central in [default]
[2024-05-17T21:05:53.571+0000] {spark_submit.py:571} INFO - com.datastax.oss#java-driver-query-builder;4.13.0 from central in [default]
[2024-05-17T21:05:53.572+0000] {spark_submit.py:571} INFO - com.datastax.oss#java-driver-shaded-guava;25.1-jre-graal-sub-1 from central in [default]
[2024-05-17T21:05:53.572+0000] {spark_submit.py:571} INFO - com.datastax.oss#native-protocol;1.5.0 from central in [default]
[2024-05-17T21:05:53.573+0000] {spark_submit.py:571} INFO - com.datastax.spark#spark-cassandra-connector-driver_2.12;3.5.0 from central in [default]
[2024-05-17T21:05:53.573+0000] {spark_submit.py:571} INFO - com.datastax.spark#spark-cassandra-connector_2.12;3.5.0 from central in [default]
[2024-05-17T21:05:53.574+0000] {spark_submit.py:571} INFO - com.github.luben#zstd-jni;1.5.5-4 from central in [default]
[2024-05-17T21:05:53.574+0000] {spark_submit.py:571} INFO - com.github.spotbugs#spotbugs-annotations;3.1.12 from central in [default]
[2024-05-17T21:05:53.575+0000] {spark_submit.py:571} INFO - com.github.stephenc.jcip#jcip-annotations;1.0-1 from central in [default]
[2024-05-17T21:05:53.575+0000] {spark_submit.py:571} INFO - com.google.code.findbugs#jsr305;3.0.2 from central in [default]
[2024-05-17T21:05:53.576+0000] {spark_submit.py:571} INFO - com.thoughtworks.paranamer#paranamer;2.8 from central in [default]
[2024-05-17T21:05:53.577+0000] {spark_submit.py:571} INFO - com.typesafe#config;1.4.1 from central in [default]
[2024-05-17T21:05:53.577+0000] {spark_submit.py:571} INFO - commons-logging#commons-logging;1.2 from central in [default]
[2024-05-17T21:05:53.578+0000] {spark_submit.py:571} INFO - io.dropwizard.metrics#metrics-core;4.1.18 from central in [default]
[2024-05-17T21:05:53.578+0000] {spark_submit.py:571} INFO - org.apache.commons#commons-lang3;3.10 from central in [default]
[2024-05-17T21:05:53.579+0000] {spark_submit.py:571} INFO - org.apache.commons#commons-pool2;2.11.1 from central in [default]
[2024-05-17T21:05:53.580+0000] {spark_submit.py:571} INFO - org.apache.hadoop#hadoop-client-api;3.3.4 from central in [default]
[2024-05-17T21:05:53.580+0000] {spark_submit.py:571} INFO - org.apache.hadoop#hadoop-client-runtime;3.3.4 from central in [default]
[2024-05-17T21:05:53.581+0000] {spark_submit.py:571} INFO - org.apache.kafka#kafka-clients;3.4.1 from central in [default]
[2024-05-17T21:05:53.581+0000] {spark_submit.py:571} INFO - org.apache.spark#spark-sql-kafka-0-10_2.12;3.5.1 from central in [default]
[2024-05-17T21:05:53.582+0000] {spark_submit.py:571} INFO - org.apache.spark#spark-token-provider-kafka-0-10_2.12;3.5.1 from central in [default]
[2024-05-17T21:05:53.583+0000] {spark_submit.py:571} INFO - org.hdrhistogram#HdrHistogram;2.1.12 from central in [default]
[2024-05-17T21:05:53.583+0000] {spark_submit.py:571} INFO - org.lz4#lz4-java;1.8.0 from central in [default]
[2024-05-17T21:05:53.585+0000] {spark_submit.py:571} INFO - org.reactivestreams#reactive-streams;1.0.3 from central in [default]
[2024-05-17T21:05:53.587+0000] {spark_submit.py:571} INFO - org.scala-lang#scala-reflect;2.12.11 from central in [default]
[2024-05-17T21:05:53.588+0000] {spark_submit.py:571} INFO - org.scala-lang.modules#scala-collection-compat_2.12;2.11.0 from central in [default]
[2024-05-17T21:05:53.589+0000] {spark_submit.py:571} INFO - org.slf4j#slf4j-api;2.0.7 from central in [default]
[2024-05-17T21:05:53.589+0000] {spark_submit.py:571} INFO - org.xerial.snappy#snappy-java;1.1.10.3 from central in [default]
[2024-05-17T21:05:53.590+0000] {spark_submit.py:571} INFO - :: evicted modules:
[2024-05-17T21:05:53.591+0000] {spark_submit.py:571} INFO - commons-logging#commons-logging;1.1.3 by [commons-logging#commons-logging;1.2] in [default]
[2024-05-17T21:05:53.591+0000] {spark_submit.py:571} INFO - com.google.code.findbugs#jsr305;3.0.0 by [com.google.code.findbugs#jsr305;3.0.2] in [default]
[2024-05-17T21:05:53.593+0000] {spark_submit.py:571} INFO - org.slf4j#slf4j-api;1.7.26 by [org.slf4j#slf4j-api;2.0.7] in [default]
[2024-05-17T21:05:53.594+0000] {spark_submit.py:571} INFO - ---------------------------------------------------------------------
[2024-05-17T21:05:53.595+0000] {spark_submit.py:571} INFO - |                  |            modules            ||   artifacts   |
[2024-05-17T21:05:53.595+0000] {spark_submit.py:571} INFO - |       conf       | number| search|dwnlded|evicted|| number|dwnlded|
[2024-05-17T21:05:53.596+0000] {spark_submit.py:571} INFO - ---------------------------------------------------------------------
[2024-05-17T21:05:53.597+0000] {spark_submit.py:571} INFO - |      default     |   32  |   0   |   0   |   3   ||   29  |   0   |
[2024-05-17T21:05:53.597+0000] {spark_submit.py:571} INFO - ---------------------------------------------------------------------
[2024-05-17T21:05:53.598+0000] {spark_submit.py:571} INFO - :: retrieving :: org.apache.spark#spark-submit-parent-46f4a1ce-0640-437d-a7ba-bd2d2cda5396
[2024-05-17T21:05:53.599+0000] {spark_submit.py:571} INFO - confs: [default]
[2024-05-17T21:05:53.600+0000] {spark_submit.py:571} INFO - 0 artifacts copied, 29 already retrieved (0kB/17ms)
[2024-05-17T21:05:53.875+0000] {spark_submit.py:571} INFO - 24/05/17 21:05:53 WARN NativeCodeLoader: Unable to load native-hadoop library for your platform... using builtin-java classes where applicable
[2024-05-17T21:05:56.783+0000] {spark_submit.py:571} INFO - 24/05/17 21:05:56 INFO SparkContext: Running Spark version 3.5.1
[2024-05-17T21:05:56.795+0000] {spark_submit.py:571} INFO - 24/05/17 21:05:56 INFO SparkContext: OS info Linux, 6.6.26-linuxkit, aarch64
[2024-05-17T21:05:56.796+0000] {spark_submit.py:571} INFO - 24/05/17 21:05:56 INFO SparkContext: Java version 11.0.23
[2024-05-17T21:05:56.833+0000] {spark_submit.py:571} INFO - 24/05/17 21:05:56 INFO ResourceUtils: ==============================================================
[2024-05-17T21:05:56.834+0000] {spark_submit.py:571} INFO - 24/05/17 21:05:56 INFO ResourceUtils: No custom resources configured for spark.driver.
[2024-05-17T21:05:56.835+0000] {spark_submit.py:571} INFO - 24/05/17 21:05:56 INFO ResourceUtils: ==============================================================
[2024-05-17T21:05:56.837+0000] {spark_submit.py:571} INFO - 24/05/17 21:05:56 INFO SparkContext: Submitted application: Redfin_Properties_Consumer
[2024-05-17T21:05:56.887+0000] {spark_submit.py:571} INFO - 24/05/17 21:05:56 INFO ResourceProfile: Default ResourceProfile created, executor resources: Map(memory -> name: memory, amount: 1024, script: , vendor: , offHeap -> name: offHeap, amount: 0, script: , vendor: ), task resources: Map(cpus -> name: cpus, amount: 1.0)
[2024-05-17T21:05:56.909+0000] {spark_submit.py:571} INFO - 24/05/17 21:05:56 INFO ResourceProfile: Limiting resource is cpu
[2024-05-17T21:05:56.910+0000] {spark_submit.py:571} INFO - 24/05/17 21:05:56 INFO ResourceProfileManager: Added ResourceProfile id: 0
[2024-05-17T21:05:57.095+0000] {spark_submit.py:571} INFO - 24/05/17 21:05:57 INFO SecurityManager: Changing view acls to: ***
[2024-05-17T21:05:57.097+0000] {spark_submit.py:571} INFO - 24/05/17 21:05:57 INFO SecurityManager: Changing modify acls to: ***
[2024-05-17T21:05:57.098+0000] {spark_submit.py:571} INFO - 24/05/17 21:05:57 INFO SecurityManager: Changing view acls groups to:
[2024-05-17T21:05:57.100+0000] {spark_submit.py:571} INFO - 24/05/17 21:05:57 INFO SecurityManager: Changing modify acls groups to:
[2024-05-17T21:05:57.100+0000] {spark_submit.py:571} INFO - 24/05/17 21:05:57 INFO SecurityManager: SecurityManager: authentication disabled; ui acls disabled; users with view permissions: ***; groups with view permissions: EMPTY; users with modify permissions: ***; groups with modify permissions: EMPTY
[2024-05-17T21:05:57.571+0000] {spark_submit.py:571} INFO - 24/05/17 21:05:57 INFO Utils: Successfully started service 'sparkDriver' on port 43185.
[2024-05-17T21:05:57.705+0000] {spark_submit.py:571} INFO - 24/05/17 21:05:57 INFO SparkEnv: Registering MapOutputTracker
[2024-05-17T21:05:57.766+0000] {spark_submit.py:571} INFO - 24/05/17 21:05:57 INFO SparkEnv: Registering BlockManagerMaster
[2024-05-17T21:05:57.823+0000] {spark_submit.py:571} INFO - 24/05/17 21:05:57 INFO BlockManagerMasterEndpoint: Using org.apache.spark.storage.DefaultTopologyMapper for getting topology information
[2024-05-17T21:05:57.851+0000] {spark_submit.py:571} INFO - 24/05/17 21:05:57 INFO BlockManagerMasterEndpoint: BlockManagerMasterEndpoint up
[2024-05-17T21:05:57.852+0000] {spark_submit.py:571} INFO - 24/05/17 21:05:57 INFO SparkEnv: Registering BlockManagerMasterHeartbeat
[2024-05-17T21:05:57.941+0000] {spark_submit.py:571} INFO - 24/05/17 21:05:57 INFO DiskBlockManager: Created local directory at /tmp/blockmgr-59f145b1-6b41-4f98-b107-62a78c4f493c
[2024-05-17T21:05:57.959+0000] {spark_submit.py:571} INFO - 24/05/17 21:05:57 INFO MemoryStore: MemoryStore started with capacity 434.4 MiB
[2024-05-17T21:05:57.984+0000] {spark_submit.py:571} INFO - 24/05/17 21:05:57 INFO SparkEnv: Registering OutputCommitCoordinator
[2024-05-17T21:05:58.212+0000] {spark_submit.py:571} INFO - 24/05/17 21:05:58 INFO JettyUtils: Start Jetty 0.0.0.0:4040 for SparkUI
[2024-05-17T21:05:58.342+0000] {spark_submit.py:571} INFO - 24/05/17 21:05:58 INFO Utils: Successfully started service 'SparkUI' on port 4040.
[2024-05-17T21:05:58.406+0000] {spark_submit.py:571} INFO - 24/05/17 21:05:58 INFO SparkContext: Added JAR file:///home/***/.ivy2/jars/org.apache.spark_spark-sql-kafka-0-10_2.12-3.5.1.jar at spark://3e429f118033:43185/jars/org.apache.spark_spark-sql-kafka-0-10_2.12-3.5.1.jar with timestamp 1715979956756
[2024-05-17T21:05:58.411+0000] {spark_submit.py:571} INFO - 24/05/17 21:05:58 INFO SparkContext: Added JAR file:///home/***/.ivy2/jars/com.datastax.spark_spark-cassandra-connector_2.12-3.5.0.jar at spark://3e429f118033:43185/jars/com.datastax.spark_spark-cassandra-connector_2.12-3.5.0.jar with timestamp 1715979956756
[2024-05-17T21:05:58.411+0000] {spark_submit.py:571} INFO - 24/05/17 21:05:58 INFO SparkContext: Added JAR file:///home/***/.ivy2/jars/org.apache.kafka_kafka-clients-3.4.1.jar at spark://3e429f118033:43185/jars/org.apache.kafka_kafka-clients-3.4.1.jar with timestamp 1715979956756
[2024-05-17T21:05:58.412+0000] {spark_submit.py:571} INFO - 24/05/17 21:05:58 INFO SparkContext: Added JAR file:///home/***/.ivy2/jars/commons-logging_commons-logging-1.2.jar at spark://3e429f118033:43185/jars/commons-logging_commons-logging-1.2.jar with timestamp 1715979956756
[2024-05-17T21:05:58.412+0000] {spark_submit.py:571} INFO - 24/05/17 21:05:58 INFO SparkContext: Added JAR file:///home/***/.ivy2/jars/org.apache.spark_spark-token-provider-kafka-0-10_2.12-3.5.1.jar at spark://3e429f118033:43185/jars/org.apache.spark_spark-token-provider-kafka-0-10_2.12-3.5.1.jar with timestamp 1715979956756
[2024-05-17T21:05:58.413+0000] {spark_submit.py:571} INFO - 24/05/17 21:05:58 INFO SparkContext: Added JAR file:///home/***/.ivy2/jars/org.apache.commons_commons-pool2-2.11.1.jar at spark://3e429f118033:43185/jars/org.apache.commons_commons-pool2-2.11.1.jar with timestamp 1715979956756
[2024-05-17T21:05:58.414+0000] {spark_submit.py:571} INFO - 24/05/17 21:05:58 INFO SparkContext: Added JAR file:///home/***/.ivy2/jars/org.apache.hadoop_hadoop-client-runtime-3.3.4.jar at spark://3e429f118033:43185/jars/org.apache.hadoop_hadoop-client-runtime-3.3.4.jar with timestamp 1715979956756
[2024-05-17T21:05:58.414+0000] {spark_submit.py:571} INFO - 24/05/17 21:05:58 INFO SparkContext: Added JAR file:///home/***/.ivy2/jars/com.github.luben_zstd-jni-1.5.5-4.jar at spark://3e429f118033:43185/jars/com.github.luben_zstd-jni-1.5.5-4.jar with timestamp 1715979956756
[2024-05-17T21:05:58.416+0000] {spark_submit.py:571} INFO - 24/05/17 21:05:58 INFO SparkContext: Added JAR file:///home/***/.ivy2/jars/org.lz4_lz4-java-1.8.0.jar at spark://3e429f118033:43185/jars/org.lz4_lz4-java-1.8.0.jar with timestamp 1715979956756
[2024-05-17T21:05:58.417+0000] {spark_submit.py:571} INFO - 24/05/17 21:05:58 INFO SparkContext: Added JAR file:///home/***/.ivy2/jars/org.xerial.snappy_snappy-java-1.1.10.3.jar at spark://3e429f118033:43185/jars/org.xerial.snappy_snappy-java-1.1.10.3.jar with timestamp 1715979956756
[2024-05-17T21:05:58.418+0000] {spark_submit.py:571} INFO - 24/05/17 21:05:58 INFO SparkContext: Added JAR file:///home/***/.ivy2/jars/org.slf4j_slf4j-api-2.0.7.jar at spark://3e429f118033:43185/jars/org.slf4j_slf4j-api-2.0.7.jar with timestamp 1715979956756
[2024-05-17T21:05:58.418+0000] {spark_submit.py:571} INFO - 24/05/17 21:05:58 INFO SparkContext: Added JAR file:///home/***/.ivy2/jars/org.apache.hadoop_hadoop-client-api-3.3.4.jar at spark://3e429f118033:43185/jars/org.apache.hadoop_hadoop-client-api-3.3.4.jar with timestamp 1715979956756
[2024-05-17T21:05:58.419+0000] {spark_submit.py:571} INFO - 24/05/17 21:05:58 INFO SparkContext: Added JAR file:///home/***/.ivy2/jars/com.datastax.spark_spark-cassandra-connector-driver_2.12-3.5.0.jar at spark://3e429f118033:43185/jars/com.datastax.spark_spark-cassandra-connector-driver_2.12-3.5.0.jar with timestamp 1715979956756
[2024-05-17T21:05:58.420+0000] {spark_submit.py:571} INFO - 24/05/17 21:05:58 INFO SparkContext: Added JAR file:///home/***/.ivy2/jars/org.scala-lang.modules_scala-collection-compat_2.12-2.11.0.jar at spark://3e429f118033:43185/jars/org.scala-lang.modules_scala-collection-compat_2.12-2.11.0.jar with timestamp 1715979956756
[2024-05-17T21:05:58.420+0000] {spark_submit.py:571} INFO - 24/05/17 21:05:58 INFO SparkContext: Added JAR file:///home/***/.ivy2/jars/com.datastax.oss_java-driver-core-shaded-4.13.0.jar at spark://3e429f118033:43185/jars/com.datastax.oss_java-driver-core-shaded-4.13.0.jar with timestamp 1715979956756
[2024-05-17T21:05:58.421+0000] {spark_submit.py:571} INFO - 24/05/17 21:05:58 INFO SparkContext: Added JAR file:///home/***/.ivy2/jars/com.datastax.oss_java-driver-mapper-runtime-4.13.0.jar at spark://3e429f118033:43185/jars/com.datastax.oss_java-driver-mapper-runtime-4.13.0.jar with timestamp 1715979956756
[2024-05-17T21:05:58.421+0000] {spark_submit.py:571} INFO - 24/05/17 21:05:58 INFO SparkContext: Added JAR file:///home/***/.ivy2/jars/org.apache.commons_commons-lang3-3.10.jar at spark://3e429f118033:43185/jars/org.apache.commons_commons-lang3-3.10.jar with timestamp 1715979956756
[2024-05-17T21:05:58.421+0000] {spark_submit.py:571} INFO - 24/05/17 21:05:58 INFO SparkContext: Added JAR file:///home/***/.ivy2/jars/com.thoughtworks.paranamer_paranamer-2.8.jar at spark://3e429f118033:43185/jars/com.thoughtworks.paranamer_paranamer-2.8.jar with timestamp 1715979956756
[2024-05-17T21:05:58.422+0000] {spark_submit.py:571} INFO - 24/05/17 21:05:58 INFO SparkContext: Added JAR file:///home/***/.ivy2/jars/org.scala-lang_scala-reflect-2.12.11.jar at spark://3e429f118033:43185/jars/org.scala-lang_scala-reflect-2.12.11.jar with timestamp 1715979956756
[2024-05-17T21:05:58.423+0000] {spark_submit.py:571} INFO - 24/05/17 21:05:58 INFO SparkContext: Added JAR file:///home/***/.ivy2/jars/com.datastax.oss_native-protocol-1.5.0.jar at spark://3e429f118033:43185/jars/com.datastax.oss_native-protocol-1.5.0.jar with timestamp 1715979956756
[2024-05-17T21:05:58.423+0000] {spark_submit.py:571} INFO - 24/05/17 21:05:58 INFO SparkContext: Added JAR file:///home/***/.ivy2/jars/com.datastax.oss_java-driver-shaded-guava-25.1-jre-graal-sub-1.jar at spark://3e429f118033:43185/jars/com.datastax.oss_java-driver-shaded-guava-25.1-jre-graal-sub-1.jar with timestamp 1715979956756
[2024-05-17T21:05:58.424+0000] {spark_submit.py:571} INFO - 24/05/17 21:05:58 INFO SparkContext: Added JAR file:///home/***/.ivy2/jars/com.typesafe_config-1.4.1.jar at spark://3e429f118033:43185/jars/com.typesafe_config-1.4.1.jar with timestamp 1715979956756
[2024-05-17T21:05:58.425+0000] {spark_submit.py:571} INFO - 24/05/17 21:05:58 INFO SparkContext: Added JAR file:///home/***/.ivy2/jars/io.dropwizard.metrics_metrics-core-4.1.18.jar at spark://3e429f118033:43185/jars/io.dropwizard.metrics_metrics-core-4.1.18.jar with timestamp 1715979956756
[2024-05-17T21:05:58.425+0000] {spark_submit.py:571} INFO - 24/05/17 21:05:58 INFO SparkContext: Added JAR file:///home/***/.ivy2/jars/org.hdrhistogram_HdrHistogram-2.1.12.jar at spark://3e429f118033:43185/jars/org.hdrhistogram_HdrHistogram-2.1.12.jar with timestamp 1715979956756
[2024-05-17T21:05:58.426+0000] {spark_submit.py:571} INFO - 24/05/17 21:05:58 INFO SparkContext: Added JAR file:///home/***/.ivy2/jars/org.reactivestreams_reactive-streams-1.0.3.jar at spark://3e429f118033:43185/jars/org.reactivestreams_reactive-streams-1.0.3.jar with timestamp 1715979956756
[2024-05-17T21:05:58.429+0000] {spark_submit.py:571} INFO - 24/05/17 21:05:58 INFO SparkContext: Added JAR file:///home/***/.ivy2/jars/com.github.stephenc.jcip_jcip-annotations-1.0-1.jar at spark://3e429f118033:43185/jars/com.github.stephenc.jcip_jcip-annotations-1.0-1.jar with timestamp 1715979956756
[2024-05-17T21:05:58.429+0000] {spark_submit.py:571} INFO - 24/05/17 21:05:58 INFO SparkContext: Added JAR file:///home/***/.ivy2/jars/com.github.spotbugs_spotbugs-annotations-3.1.12.jar at spark://3e429f118033:43185/jars/com.github.spotbugs_spotbugs-annotations-3.1.12.jar with timestamp 1715979956756
[2024-05-17T21:05:58.430+0000] {spark_submit.py:571} INFO - 24/05/17 21:05:58 INFO SparkContext: Added JAR file:///home/***/.ivy2/jars/com.google.code.findbugs_jsr305-3.0.2.jar at spark://3e429f118033:43185/jars/com.google.code.findbugs_jsr305-3.0.2.jar with timestamp 1715979956756
[2024-05-17T21:05:58.430+0000] {spark_submit.py:571} INFO - 24/05/17 21:05:58 INFO SparkContext: Added JAR file:///home/***/.ivy2/jars/com.datastax.oss_java-driver-query-builder-4.13.0.jar at spark://3e429f118033:43185/jars/com.datastax.oss_java-driver-query-builder-4.13.0.jar with timestamp 1715979956756
[2024-05-17T21:05:58.431+0000] {spark_submit.py:571} INFO - 24/05/17 21:05:58 INFO SparkContext: Added file file:///home/***/.ivy2/jars/org.apache.spark_spark-sql-kafka-0-10_2.12-3.5.1.jar at spark://3e429f118033:43185/files/org.apache.spark_spark-sql-kafka-0-10_2.12-3.5.1.jar with timestamp 1715979956756
[2024-05-17T21:05:58.434+0000] {spark_submit.py:571} INFO - 24/05/17 21:05:58 INFO Utils: Copying /home/***/.ivy2/jars/org.apache.spark_spark-sql-kafka-0-10_2.12-3.5.1.jar to /tmp/spark-ba4b68d5-feb5-4605-9950-0b0d6101231f/userFiles-f537b630-a80b-483b-9ca4-56f06aa96700/org.apache.spark_spark-sql-kafka-0-10_2.12-3.5.1.jar
[2024-05-17T21:05:58.476+0000] {spark_submit.py:571} INFO - 24/05/17 21:05:58 INFO SparkContext: Added file file:///home/***/.ivy2/jars/com.datastax.spark_spark-cassandra-connector_2.12-3.5.0.jar at spark://3e429f118033:43185/files/com.datastax.spark_spark-cassandra-connector_2.12-3.5.0.jar with timestamp 1715979956756
[2024-05-17T21:05:58.477+0000] {spark_submit.py:571} INFO - 24/05/17 21:05:58 INFO Utils: Copying /home/***/.ivy2/jars/com.datastax.spark_spark-cassandra-connector_2.12-3.5.0.jar to /tmp/spark-ba4b68d5-feb5-4605-9950-0b0d6101231f/userFiles-f537b630-a80b-483b-9ca4-56f06aa96700/com.datastax.spark_spark-cassandra-connector_2.12-3.5.0.jar
[2024-05-17T21:05:58.495+0000] {spark_submit.py:571} INFO - 24/05/17 21:05:58 INFO SparkContext: Added file file:///home/***/.ivy2/jars/org.apache.kafka_kafka-clients-3.4.1.jar at spark://3e429f118033:43185/files/org.apache.kafka_kafka-clients-3.4.1.jar with timestamp 1715979956756
[2024-05-17T21:05:58.496+0000] {spark_submit.py:571} INFO - 24/05/17 21:05:58 INFO Utils: Copying /home/***/.ivy2/jars/org.apache.kafka_kafka-clients-3.4.1.jar to /tmp/spark-ba4b68d5-feb5-4605-9950-0b0d6101231f/userFiles-f537b630-a80b-483b-9ca4-56f06aa96700/org.apache.kafka_kafka-clients-3.4.1.jar
[2024-05-17T21:05:58.657+0000] {spark_submit.py:571} INFO - 24/05/17 21:05:58 INFO SparkContext: Added file file:///home/***/.ivy2/jars/commons-logging_commons-logging-1.2.jar at spark://3e429f118033:43185/files/commons-logging_commons-logging-1.2.jar with timestamp 1715979956756
[2024-05-17T21:05:58.660+0000] {spark_submit.py:571} INFO - 24/05/17 21:05:58 INFO Utils: Copying /home/***/.ivy2/jars/commons-logging_commons-logging-1.2.jar to /tmp/spark-ba4b68d5-feb5-4605-9950-0b0d6101231f/userFiles-f537b630-a80b-483b-9ca4-56f06aa96700/commons-logging_commons-logging-1.2.jar
[2024-05-17T21:05:58.677+0000] {spark_submit.py:571} INFO - 24/05/17 21:05:58 INFO SparkContext: Added file file:///home/***/.ivy2/jars/org.apache.spark_spark-token-provider-kafka-0-10_2.12-3.5.1.jar at spark://3e429f118033:43185/files/org.apache.spark_spark-token-provider-kafka-0-10_2.12-3.5.1.jar with timestamp 1715979956756
[2024-05-17T21:05:58.679+0000] {spark_submit.py:571} INFO - 24/05/17 21:05:58 INFO Utils: Copying /home/***/.ivy2/jars/org.apache.spark_spark-token-provider-kafka-0-10_2.12-3.5.1.jar to /tmp/spark-ba4b68d5-feb5-4605-9950-0b0d6101231f/userFiles-f537b630-a80b-483b-9ca4-56f06aa96700/org.apache.spark_spark-token-provider-kafka-0-10_2.12-3.5.1.jar
[2024-05-17T21:05:58.685+0000] {spark_submit.py:571} INFO - 24/05/17 21:05:58 INFO SparkContext: Added file file:///home/***/.ivy2/jars/org.apache.commons_commons-pool2-2.11.1.jar at spark://3e429f118033:43185/files/org.apache.commons_commons-pool2-2.11.1.jar with timestamp 1715979956756
[2024-05-17T21:05:58.686+0000] {spark_submit.py:571} INFO - 24/05/17 21:05:58 INFO Utils: Copying /home/***/.ivy2/jars/org.apache.commons_commons-pool2-2.11.1.jar to /tmp/spark-ba4b68d5-feb5-4605-9950-0b0d6101231f/userFiles-f537b630-a80b-483b-9ca4-56f06aa96700/org.apache.commons_commons-pool2-2.11.1.jar
[2024-05-17T21:05:58.692+0000] {spark_submit.py:571} INFO - 24/05/17 21:05:58 INFO SparkContext: Added file file:///home/***/.ivy2/jars/org.apache.hadoop_hadoop-client-runtime-3.3.4.jar at spark://3e429f118033:43185/files/org.apache.hadoop_hadoop-client-runtime-3.3.4.jar with timestamp 1715979956756
[2024-05-17T21:05:58.696+0000] {spark_submit.py:571} INFO - 24/05/17 21:05:58 INFO Utils: Copying /home/***/.ivy2/jars/org.apache.hadoop_hadoop-client-runtime-3.3.4.jar to /tmp/spark-ba4b68d5-feb5-4605-9950-0b0d6101231f/userFiles-f537b630-a80b-483b-9ca4-56f06aa96700/org.apache.hadoop_hadoop-client-runtime-3.3.4.jar
[2024-05-17T21:05:59.117+0000] {spark_submit.py:571} INFO - 24/05/17 21:05:59 INFO SparkContext: Added file file:///home/***/.ivy2/jars/com.github.luben_zstd-jni-1.5.5-4.jar at spark://3e429f118033:43185/files/com.github.luben_zstd-jni-1.5.5-4.jar with timestamp 1715979956756
[2024-05-17T21:05:59.119+0000] {spark_submit.py:571} INFO - 24/05/17 21:05:59 INFO Utils: Copying /home/***/.ivy2/jars/com.github.luben_zstd-jni-1.5.5-4.jar to /tmp/spark-ba4b68d5-feb5-4605-9950-0b0d6101231f/userFiles-f537b630-a80b-483b-9ca4-56f06aa96700/com.github.luben_zstd-jni-1.5.5-4.jar
[2024-05-17T21:05:59.183+0000] {spark_submit.py:571} INFO - 24/05/17 21:05:59 INFO SparkContext: Added file file:///home/***/.ivy2/jars/org.lz4_lz4-java-1.8.0.jar at spark://3e429f118033:43185/files/org.lz4_lz4-java-1.8.0.jar with timestamp 1715979956756
[2024-05-17T21:05:59.183+0000] {spark_submit.py:571} INFO - 24/05/17 21:05:59 INFO Utils: Copying /home/***/.ivy2/jars/org.lz4_lz4-java-1.8.0.jar to /tmp/spark-ba4b68d5-feb5-4605-9950-0b0d6101231f/userFiles-f537b630-a80b-483b-9ca4-56f06aa96700/org.lz4_lz4-java-1.8.0.jar
[2024-05-17T21:05:59.193+0000] {spark_submit.py:571} INFO - 24/05/17 21:05:59 INFO SparkContext: Added file file:///home/***/.ivy2/jars/org.xerial.snappy_snappy-java-1.1.10.3.jar at spark://3e429f118033:43185/files/org.xerial.snappy_snappy-java-1.1.10.3.jar with timestamp 1715979956756
[2024-05-17T21:05:59.194+0000] {spark_submit.py:571} INFO - 24/05/17 21:05:59 INFO Utils: Copying /home/***/.ivy2/jars/org.xerial.snappy_snappy-java-1.1.10.3.jar to /tmp/spark-ba4b68d5-feb5-4605-9950-0b0d6101231f/userFiles-f537b630-a80b-483b-9ca4-56f06aa96700/org.xerial.snappy_snappy-java-1.1.10.3.jar
[2024-05-17T21:05:59.223+0000] {spark_submit.py:571} INFO - 24/05/17 21:05:59 INFO SparkContext: Added file file:///home/***/.ivy2/jars/org.slf4j_slf4j-api-2.0.7.jar at spark://3e429f118033:43185/files/org.slf4j_slf4j-api-2.0.7.jar with timestamp 1715979956756
[2024-05-17T21:05:59.223+0000] {spark_submit.py:571} INFO - 24/05/17 21:05:59 INFO Utils: Copying /home/***/.ivy2/jars/org.slf4j_slf4j-api-2.0.7.jar to /tmp/spark-ba4b68d5-feb5-4605-9950-0b0d6101231f/userFiles-f537b630-a80b-483b-9ca4-56f06aa96700/org.slf4j_slf4j-api-2.0.7.jar
[2024-05-17T21:05:59.228+0000] {spark_submit.py:571} INFO - 24/05/17 21:05:59 INFO SparkContext: Added file file:///home/***/.ivy2/jars/org.apache.hadoop_hadoop-client-api-3.3.4.jar at spark://3e429f118033:43185/files/org.apache.hadoop_hadoop-client-api-3.3.4.jar with timestamp 1715979956756
[2024-05-17T21:05:59.231+0000] {spark_submit.py:571} INFO - 24/05/17 21:05:59 INFO Utils: Copying /home/***/.ivy2/jars/org.apache.hadoop_hadoop-client-api-3.3.4.jar to /tmp/spark-ba4b68d5-feb5-4605-9950-0b0d6101231f/userFiles-f537b630-a80b-483b-9ca4-56f06aa96700/org.apache.hadoop_hadoop-client-api-3.3.4.jar
[2024-05-17T21:05:59.411+0000] {spark_submit.py:571} INFO - 24/05/17 21:05:59 INFO SparkContext: Added file file:///home/***/.ivy2/jars/com.datastax.spark_spark-cassandra-connector-driver_2.12-3.5.0.jar at spark://3e429f118033:43185/files/com.datastax.spark_spark-cassandra-connector-driver_2.12-3.5.0.jar with timestamp 1715979956756
[2024-05-17T21:05:59.412+0000] {spark_submit.py:571} INFO - 24/05/17 21:05:59 INFO Utils: Copying /home/***/.ivy2/jars/com.datastax.spark_spark-cassandra-connector-driver_2.12-3.5.0.jar to /tmp/spark-ba4b68d5-feb5-4605-9950-0b0d6101231f/userFiles-f537b630-a80b-483b-9ca4-56f06aa96700/com.datastax.spark_spark-cassandra-connector-driver_2.12-3.5.0.jar
[2024-05-17T21:05:59.423+0000] {spark_submit.py:571} INFO - 24/05/17 21:05:59 INFO SparkContext: Added file file:///home/***/.ivy2/jars/org.scala-lang.modules_scala-collection-compat_2.12-2.11.0.jar at spark://3e429f118033:43185/files/org.scala-lang.modules_scala-collection-compat_2.12-2.11.0.jar with timestamp 1715979956756
[2024-05-17T21:05:59.424+0000] {spark_submit.py:571} INFO - 24/05/17 21:05:59 INFO Utils: Copying /home/***/.ivy2/jars/org.scala-lang.modules_scala-collection-compat_2.12-2.11.0.jar to /tmp/spark-ba4b68d5-feb5-4605-9950-0b0d6101231f/userFiles-f537b630-a80b-483b-9ca4-56f06aa96700/org.scala-lang.modules_scala-collection-compat_2.12-2.11.0.jar
[2024-05-17T21:05:59.429+0000] {spark_submit.py:571} INFO - 24/05/17 21:05:59 INFO SparkContext: Added file file:///home/***/.ivy2/jars/com.datastax.oss_java-driver-core-shaded-4.13.0.jar at spark://3e429f118033:43185/files/com.datastax.oss_java-driver-core-shaded-4.13.0.jar with timestamp 1715979956756
[2024-05-17T21:05:59.429+0000] {spark_submit.py:571} INFO - 24/05/17 21:05:59 INFO Utils: Copying /home/***/.ivy2/jars/com.datastax.oss_java-driver-core-shaded-4.13.0.jar to /tmp/spark-ba4b68d5-feb5-4605-9950-0b0d6101231f/userFiles-f537b630-a80b-483b-9ca4-56f06aa96700/com.datastax.oss_java-driver-core-shaded-4.13.0.jar
[2024-05-17T21:05:59.510+0000] {spark_submit.py:571} INFO - 24/05/17 21:05:59 INFO SparkContext: Added file file:///home/***/.ivy2/jars/com.datastax.oss_java-driver-mapper-runtime-4.13.0.jar at spark://3e429f118033:43185/files/com.datastax.oss_java-driver-mapper-runtime-4.13.0.jar with timestamp 1715979956756
[2024-05-17T21:05:59.510+0000] {spark_submit.py:571} INFO - 24/05/17 21:05:59 INFO Utils: Copying /home/***/.ivy2/jars/com.datastax.oss_java-driver-mapper-runtime-4.13.0.jar to /tmp/spark-ba4b68d5-feb5-4605-9950-0b0d6101231f/userFiles-f537b630-a80b-483b-9ca4-56f06aa96700/com.datastax.oss_java-driver-mapper-runtime-4.13.0.jar
[2024-05-17T21:05:59.516+0000] {spark_submit.py:571} INFO - 24/05/17 21:05:59 INFO SparkContext: Added file file:///home/***/.ivy2/jars/org.apache.commons_commons-lang3-3.10.jar at spark://3e429f118033:43185/files/org.apache.commons_commons-lang3-3.10.jar with timestamp 1715979956756
[2024-05-17T21:05:59.516+0000] {spark_submit.py:571} INFO - 24/05/17 21:05:59 INFO Utils: Copying /home/***/.ivy2/jars/org.apache.commons_commons-lang3-3.10.jar to /tmp/spark-ba4b68d5-feb5-4605-9950-0b0d6101231f/userFiles-f537b630-a80b-483b-9ca4-56f06aa96700/org.apache.commons_commons-lang3-3.10.jar
[2024-05-17T21:05:59.524+0000] {spark_submit.py:571} INFO - 24/05/17 21:05:59 INFO SparkContext: Added file file:///home/***/.ivy2/jars/com.thoughtworks.paranamer_paranamer-2.8.jar at spark://3e429f118033:43185/files/com.thoughtworks.paranamer_paranamer-2.8.jar with timestamp 1715979956756
[2024-05-17T21:05:59.524+0000] {spark_submit.py:571} INFO - 24/05/17 21:05:59 INFO Utils: Copying /home/***/.ivy2/jars/com.thoughtworks.paranamer_paranamer-2.8.jar to /tmp/spark-ba4b68d5-feb5-4605-9950-0b0d6101231f/userFiles-f537b630-a80b-483b-9ca4-56f06aa96700/com.thoughtworks.paranamer_paranamer-2.8.jar
[2024-05-17T21:05:59.529+0000] {spark_submit.py:571} INFO - 24/05/17 21:05:59 INFO SparkContext: Added file file:///home/***/.ivy2/jars/org.scala-lang_scala-reflect-2.12.11.jar at spark://3e429f118033:43185/files/org.scala-lang_scala-reflect-2.12.11.jar with timestamp 1715979956756
[2024-05-17T21:05:59.531+0000] {spark_submit.py:571} INFO - 24/05/17 21:05:59 INFO Utils: Copying /home/***/.ivy2/jars/org.scala-lang_scala-reflect-2.12.11.jar to /tmp/spark-ba4b68d5-feb5-4605-9950-0b0d6101231f/userFiles-f537b630-a80b-483b-9ca4-56f06aa96700/org.scala-lang_scala-reflect-2.12.11.jar
[2024-05-17T21:05:59.553+0000] {spark_submit.py:571} INFO - 24/05/17 21:05:59 INFO SparkContext: Added file file:///home/***/.ivy2/jars/com.datastax.oss_native-protocol-1.5.0.jar at spark://3e429f118033:43185/files/com.datastax.oss_native-protocol-1.5.0.jar with timestamp 1715979956756
[2024-05-17T21:05:59.554+0000] {spark_submit.py:571} INFO - 24/05/17 21:05:59 INFO Utils: Copying /home/***/.ivy2/jars/com.datastax.oss_native-protocol-1.5.0.jar to /tmp/spark-ba4b68d5-feb5-4605-9950-0b0d6101231f/userFiles-f537b630-a80b-483b-9ca4-56f06aa96700/com.datastax.oss_native-protocol-1.5.0.jar
[2024-05-17T21:05:59.560+0000] {spark_submit.py:571} INFO - 24/05/17 21:05:59 INFO SparkContext: Added file file:///home/***/.ivy2/jars/com.datastax.oss_java-driver-shaded-guava-25.1-jre-graal-sub-1.jar at spark://3e429f118033:43185/files/com.datastax.oss_java-driver-shaded-guava-25.1-jre-graal-sub-1.jar with timestamp 1715979956756
[2024-05-17T21:05:59.561+0000] {spark_submit.py:571} INFO - 24/05/17 21:05:59 INFO Utils: Copying /home/***/.ivy2/jars/com.datastax.oss_java-driver-shaded-guava-25.1-jre-graal-sub-1.jar to /tmp/spark-ba4b68d5-feb5-4605-9950-0b0d6101231f/userFiles-f537b630-a80b-483b-9ca4-56f06aa96700/com.datastax.oss_java-driver-shaded-guava-25.1-jre-graal-sub-1.jar
[2024-05-17T21:05:59.581+0000] {spark_submit.py:571} INFO - 24/05/17 21:05:59 INFO SparkContext: Added file file:///home/***/.ivy2/jars/com.typesafe_config-1.4.1.jar at spark://3e429f118033:43185/files/com.typesafe_config-1.4.1.jar with timestamp 1715979956756
[2024-05-17T21:05:59.581+0000] {spark_submit.py:571} INFO - 24/05/17 21:05:59 INFO Utils: Copying /home/***/.ivy2/jars/com.typesafe_config-1.4.1.jar to /tmp/spark-ba4b68d5-feb5-4605-9950-0b0d6101231f/userFiles-f537b630-a80b-483b-9ca4-56f06aa96700/com.typesafe_config-1.4.1.jar
[2024-05-17T21:05:59.587+0000] {spark_submit.py:571} INFO - 24/05/17 21:05:59 INFO SparkContext: Added file file:///home/***/.ivy2/jars/io.dropwizard.metrics_metrics-core-4.1.18.jar at spark://3e429f118033:43185/files/io.dropwizard.metrics_metrics-core-4.1.18.jar with timestamp 1715979956756
[2024-05-17T21:05:59.589+0000] {spark_submit.py:571} INFO - 24/05/17 21:05:59 INFO Utils: Copying /home/***/.ivy2/jars/io.dropwizard.metrics_metrics-core-4.1.18.jar to /tmp/spark-ba4b68d5-feb5-4605-9950-0b0d6101231f/userFiles-f537b630-a80b-483b-9ca4-56f06aa96700/io.dropwizard.metrics_metrics-core-4.1.18.jar
[2024-05-17T21:05:59.606+0000] {spark_submit.py:571} INFO - 24/05/17 21:05:59 INFO SparkContext: Added file file:///home/***/.ivy2/jars/org.hdrhistogram_HdrHistogram-2.1.12.jar at spark://3e429f118033:43185/files/org.hdrhistogram_HdrHistogram-2.1.12.jar with timestamp 1715979956756
[2024-05-17T21:05:59.609+0000] {spark_submit.py:571} INFO - 24/05/17 21:05:59 INFO Utils: Copying /home/***/.ivy2/jars/org.hdrhistogram_HdrHistogram-2.1.12.jar to /tmp/spark-ba4b68d5-feb5-4605-9950-0b0d6101231f/userFiles-f537b630-a80b-483b-9ca4-56f06aa96700/org.hdrhistogram_HdrHistogram-2.1.12.jar
[2024-05-17T21:05:59.614+0000] {spark_submit.py:571} INFO - 24/05/17 21:05:59 INFO SparkContext: Added file file:///home/***/.ivy2/jars/org.reactivestreams_reactive-streams-1.0.3.jar at spark://3e429f118033:43185/files/org.reactivestreams_reactive-streams-1.0.3.jar with timestamp 1715979956756
[2024-05-17T21:05:59.617+0000] {spark_submit.py:571} INFO - 24/05/17 21:05:59 INFO Utils: Copying /home/***/.ivy2/jars/org.reactivestreams_reactive-streams-1.0.3.jar to /tmp/spark-ba4b68d5-feb5-4605-9950-0b0d6101231f/userFiles-f537b630-a80b-483b-9ca4-56f06aa96700/org.reactivestreams_reactive-streams-1.0.3.jar
[2024-05-17T21:05:59.618+0000] {spark_submit.py:571} INFO - 24/05/17 21:05:59 INFO SparkContext: Added file file:///home/***/.ivy2/jars/com.github.stephenc.jcip_jcip-annotations-1.0-1.jar at spark://3e429f118033:43185/files/com.github.stephenc.jcip_jcip-annotations-1.0-1.jar with timestamp 1715979956756
[2024-05-17T21:05:59.619+0000] {spark_submit.py:571} INFO - 24/05/17 21:05:59 INFO Utils: Copying /home/***/.ivy2/jars/com.github.stephenc.jcip_jcip-annotations-1.0-1.jar to /tmp/spark-ba4b68d5-feb5-4605-9950-0b0d6101231f/userFiles-f537b630-a80b-483b-9ca4-56f06aa96700/com.github.stephenc.jcip_jcip-annotations-1.0-1.jar
[2024-05-17T21:05:59.622+0000] {spark_submit.py:571} INFO - 24/05/17 21:05:59 INFO SparkContext: Added file file:///home/***/.ivy2/jars/com.github.spotbugs_spotbugs-annotations-3.1.12.jar at spark://3e429f118033:43185/files/com.github.spotbugs_spotbugs-annotations-3.1.12.jar with timestamp 1715979956756
[2024-05-17T21:05:59.623+0000] {spark_submit.py:571} INFO - 24/05/17 21:05:59 INFO Utils: Copying /home/***/.ivy2/jars/com.github.spotbugs_spotbugs-annotations-3.1.12.jar to /tmp/spark-ba4b68d5-feb5-4605-9950-0b0d6101231f/userFiles-f537b630-a80b-483b-9ca4-56f06aa96700/com.github.spotbugs_spotbugs-annotations-3.1.12.jar
[2024-05-17T21:05:59.628+0000] {spark_submit.py:571} INFO - 24/05/17 21:05:59 INFO SparkContext: Added file file:///home/***/.ivy2/jars/com.google.code.findbugs_jsr305-3.0.2.jar at spark://3e429f118033:43185/files/com.google.code.findbugs_jsr305-3.0.2.jar with timestamp 1715979956756
[2024-05-17T21:05:59.628+0000] {spark_submit.py:571} INFO - 24/05/17 21:05:59 INFO Utils: Copying /home/***/.ivy2/jars/com.google.code.findbugs_jsr305-3.0.2.jar to /tmp/spark-ba4b68d5-feb5-4605-9950-0b0d6101231f/userFiles-f537b630-a80b-483b-9ca4-56f06aa96700/com.google.code.findbugs_jsr305-3.0.2.jar
[2024-05-17T21:05:59.632+0000] {spark_submit.py:571} INFO - 24/05/17 21:05:59 INFO SparkContext: Added file file:///home/***/.ivy2/jars/com.datastax.oss_java-driver-query-builder-4.13.0.jar at spark://3e429f118033:43185/files/com.datastax.oss_java-driver-query-builder-4.13.0.jar with timestamp 1715979956756
[2024-05-17T21:05:59.633+0000] {spark_submit.py:571} INFO - 24/05/17 21:05:59 INFO Utils: Copying /home/***/.ivy2/jars/com.datastax.oss_java-driver-query-builder-4.13.0.jar to /tmp/spark-ba4b68d5-feb5-4605-9950-0b0d6101231f/userFiles-f537b630-a80b-483b-9ca4-56f06aa96700/com.datastax.oss_java-driver-query-builder-4.13.0.jar
[2024-05-17T21:05:59.822+0000] {spark_submit.py:571} INFO - 24/05/17 21:05:59 INFO StandaloneAppClient$ClientEndpoint: Connecting to master spark://spark-master:7077...
[2024-05-17T21:06:00.027+0000] {spark_submit.py:571} INFO - 24/05/17 21:06:00 INFO TransportClientFactory: Successfully created connection to spark-master/172.24.0.4:7077 after 108 ms (0 ms spent in bootstraps)
[2024-05-17T21:06:00.048+0000] {local_task_job_runner.py:310} WARNING - State of this instance has been externally set to failed. Terminating instance.
[2024-05-17T21:06:00.092+0000] {local_task_job_runner.py:222} INFO - ::endgroup::
[2024-05-17T21:06:00.111+0000] {process_utils.py:132} INFO - Sending 15 to group 10477. PIDs of all processes in the group: [10481, 10549, 10477]
[2024-05-17T21:06:00.112+0000] {process_utils.py:87} INFO - Sending the signal 15 to group 10477
[2024-05-17T21:06:00.115+0000] {taskinstance.py:2611} ERROR - Received SIGTERM. Terminating subprocesses.
[2024-05-17T21:06:00.118+0000] {spark_submit.py:697} INFO - Sending kill signal to spark-submit
[2024-05-17T21:06:00.122+0000] {taskinstance.py:441} INFO - ::group::Post task execution logs
[2024-05-17T21:06:00.214+0000] {process_utils.py:80} INFO - Process psutil.Process(pid=10549, status='terminated', started='21:05:53') (10549) terminated with exit code None
[2024-05-17T21:06:00.440+0000] {process_utils.py:80} INFO - Process psutil.Process(pid=10477, status='terminated', exitcode=0, started='21:05:43') (10477) terminated with exit code 0
[2024-05-17T21:06:00.441+0000] {process_utils.py:80} INFO - Process psutil.Process(pid=10481, status='terminated', started='21:05:46') (10481) terminated with exit code None
