[2024-05-21T11:49:56.138+0000] {local_task_job_runner.py:120} INFO - ::group::Pre task execution logs
[2024-05-21T11:49:56.180+0000] {taskinstance.py:2076} INFO - Dependencies all met for dep_context=non-requeueable deps ti=<TaskInstance: Redfin_Webscraping_ETL.Process_and_Send_Data_to_DB scheduled__2024-05-20T00:00:00+00:00 [queued]>
[2024-05-21T11:49:56.187+0000] {taskinstance.py:2076} INFO - Dependencies all met for dep_context=requeueable deps ti=<TaskInstance: Redfin_Webscraping_ETL.Process_and_Send_Data_to_DB scheduled__2024-05-20T00:00:00+00:00 [queued]>
[2024-05-21T11:49:56.187+0000] {taskinstance.py:2306} INFO - Starting attempt 5 of 6
[2024-05-21T11:49:56.196+0000] {taskinstance.py:2330} INFO - Executing <Task(SparkSubmitOperator): Process_and_Send_Data_to_DB> on 2024-05-20 00:00:00+00:00
[2024-05-21T11:49:56.204+0000] {standard_task_runner.py:63} INFO - Started process 8815 to run task
[2024-05-21T11:49:56.211+0000] {standard_task_runner.py:90} INFO - Running: ['***', 'tasks', 'run', 'Redfin_Webscraping_ETL', 'Process_and_Send_Data_to_DB', 'scheduled__2024-05-20T00:00:00+00:00', '--job-id', '480', '--raw', '--subdir', 'DAGS_FOLDER/webscrapping.py', '--cfg-path', '/tmp/tmpe_gc3uz2']
[2024-05-21T11:49:56.223+0000] {standard_task_runner.py:91} INFO - Job 480: Subtask Process_and_Send_Data_to_DB
[2024-05-21T11:49:56.382+0000] {task_command.py:426} INFO - Running <TaskInstance: Redfin_Webscraping_ETL.Process_and_Send_Data_to_DB scheduled__2024-05-20T00:00:00+00:00 [running]> on host f39758f400c5
[2024-05-21T11:49:56.541+0000] {taskinstance.py:2648} INFO - Exporting env vars: AIRFLOW_CTX_DAG_OWNER='svc' AIRFLOW_CTX_DAG_ID='Redfin_Webscraping_ETL' AIRFLOW_CTX_TASK_ID='Process_and_Send_Data_to_DB' AIRFLOW_CTX_EXECUTION_DATE='2024-05-20T00:00:00+00:00' AIRFLOW_CTX_TRY_NUMBER='5' AIRFLOW_CTX_DAG_RUN_ID='scheduled__2024-05-20T00:00:00+00:00'
[2024-05-21T11:49:56.542+0000] {taskinstance.py:430} INFO - ::endgroup::
[2024-05-21T11:49:56.570+0000] {base.py:84} INFO - Using connection ID 'spark_default' for task execution.
[2024-05-21T11:49:56.572+0000] {spark_submit.py:401} INFO - Spark-Submit cmd: spark-submit --master spark://spark-master:7077 --packages org.apache.spark:spark-sql-kafka-0-10_2.12:3.5.1,com.datastax.spark:spark-cassandra-connector_2.12:3.5.0,org.apache.kafka:kafka-clients:3.5.1,commons-logging:commons-logging:1.2 --name arrow-spark --deploy-mode client dags/includes/jobs/spark_consumer.py
[2024-05-21T11:49:56.717+0000] {spark_submit.py:571} INFO - /home/***/.local/lib/python3.11/site-packages/pyspark/bin/load-spark-env.sh: line 68: ps: command not found
[2024-05-21T11:49:58.770+0000] {spark_submit.py:571} INFO - :: loading settings :: url = jar:file:/home/***/.local/lib/python3.11/site-packages/pyspark/jars/ivy-2.5.1.jar!/org/apache/ivy/core/settings/ivysettings.xml
[2024-05-21T11:49:58.830+0000] {spark_submit.py:571} INFO - Ivy Default Cache set to: /home/***/.ivy2/cache
[2024-05-21T11:49:58.830+0000] {spark_submit.py:571} INFO - The jars for the packages stored in: /home/***/.ivy2/jars
[2024-05-21T11:49:58.833+0000] {spark_submit.py:571} INFO - org.apache.spark#spark-sql-kafka-0-10_2.12 added as a dependency
[2024-05-21T11:49:58.834+0000] {spark_submit.py:571} INFO - com.datastax.spark#spark-cassandra-connector_2.12 added as a dependency
[2024-05-21T11:49:58.834+0000] {spark_submit.py:571} INFO - org.apache.kafka#kafka-clients added as a dependency
[2024-05-21T11:49:58.834+0000] {spark_submit.py:571} INFO - commons-logging#commons-logging added as a dependency
[2024-05-21T11:49:58.835+0000] {spark_submit.py:571} INFO - :: resolving dependencies :: org.apache.spark#spark-submit-parent-b3f44bbe-cb77-49f2-b92b-fe807b8ed74a;1.0
[2024-05-21T11:49:58.835+0000] {spark_submit.py:571} INFO - confs: [default]
[2024-05-21T11:49:58.984+0000] {spark_submit.py:571} INFO - found org.apache.spark#spark-sql-kafka-0-10_2.12;3.5.1 in central
[2024-05-21T11:49:59.047+0000] {spark_submit.py:571} INFO - found org.apache.spark#spark-token-provider-kafka-0-10_2.12;3.5.1 in central
[2024-05-21T11:49:59.097+0000] {spark_submit.py:571} INFO - found org.apache.hadoop#hadoop-client-runtime;3.3.4 in central
[2024-05-21T11:49:59.258+0000] {spark_submit.py:571} INFO - found org.apache.hadoop#hadoop-client-api;3.3.4 in central
[2024-05-21T11:49:59.270+0000] {spark_submit.py:571} INFO - found org.xerial.snappy#snappy-java;1.1.10.3 in central
[2024-05-21T11:49:59.281+0000] {spark_submit.py:571} INFO - found org.slf4j#slf4j-api;2.0.7 in central
[2024-05-21T11:49:59.292+0000] {spark_submit.py:571} INFO - found com.google.code.findbugs#jsr305;3.0.0 in central
[2024-05-21T11:49:59.322+0000] {spark_submit.py:571} INFO - found org.apache.commons#commons-pool2;2.11.1 in central
[2024-05-21T11:49:59.332+0000] {spark_submit.py:571} INFO - found com.datastax.spark#spark-cassandra-connector_2.12;3.5.0 in central
[2024-05-21T11:49:59.346+0000] {spark_submit.py:571} INFO - found com.datastax.spark#spark-cassandra-connector-driver_2.12;3.5.0 in central
[2024-05-21T11:49:59.355+0000] {spark_submit.py:571} INFO - found org.scala-lang.modules#scala-collection-compat_2.12;2.11.0 in central
[2024-05-21T11:49:59.362+0000] {spark_submit.py:571} INFO - found com.datastax.oss#java-driver-core-shaded;4.13.0 in central
[2024-05-21T11:49:59.371+0000] {spark_submit.py:571} INFO - found com.datastax.oss#native-protocol;1.5.0 in central
[2024-05-21T11:49:59.380+0000] {spark_submit.py:571} INFO - found com.datastax.oss#java-driver-shaded-guava;25.1-jre-graal-sub-1 in central
[2024-05-21T11:49:59.386+0000] {spark_submit.py:571} INFO - found com.typesafe#config;1.4.1 in central
[2024-05-21T11:49:59.401+0000] {spark_submit.py:571} INFO - found io.dropwizard.metrics#metrics-core;4.1.18 in central
[2024-05-21T11:49:59.420+0000] {spark_submit.py:571} INFO - found org.hdrhistogram#HdrHistogram;2.1.12 in central
[2024-05-21T11:49:59.440+0000] {spark_submit.py:571} INFO - found org.reactivestreams#reactive-streams;1.0.3 in central
[2024-05-21T11:49:59.453+0000] {spark_submit.py:571} INFO - found com.github.stephenc.jcip#jcip-annotations;1.0-1 in central
[2024-05-21T11:49:59.459+0000] {spark_submit.py:571} INFO - found com.github.spotbugs#spotbugs-annotations;3.1.12 in central
[2024-05-21T11:49:59.469+0000] {spark_submit.py:571} INFO - found com.google.code.findbugs#jsr305;3.0.2 in central
[2024-05-21T11:49:59.493+0000] {spark_submit.py:571} INFO - found com.datastax.oss#java-driver-mapper-runtime;4.13.0 in central
[2024-05-21T11:49:59.507+0000] {spark_submit.py:571} INFO - found com.datastax.oss#java-driver-query-builder;4.13.0 in central
[2024-05-21T11:49:59.523+0000] {spark_submit.py:571} INFO - found org.apache.commons#commons-lang3;3.10 in central
[2024-05-21T11:49:59.528+0000] {spark_submit.py:571} INFO - found com.thoughtworks.paranamer#paranamer;2.8 in central
[2024-05-21T11:49:59.534+0000] {spark_submit.py:571} INFO - found org.scala-lang#scala-reflect;2.12.11 in central
[2024-05-21T11:49:59.543+0000] {spark_submit.py:571} INFO - found org.apache.kafka#kafka-clients;3.5.1 in central
[2024-05-21T11:49:59.549+0000] {spark_submit.py:571} INFO - found com.github.luben#zstd-jni;1.5.5-1 in central
[2024-05-21T11:49:59.554+0000] {spark_submit.py:571} INFO - found org.lz4#lz4-java;1.8.0 in central
[2024-05-21T11:49:59.571+0000] {spark_submit.py:571} INFO - found commons-logging#commons-logging;1.2 in central
[2024-05-21T11:49:59.608+0000] {spark_submit.py:571} INFO - :: resolution report :: resolve 751ms :: artifacts dl 22ms
[2024-05-21T11:49:59.609+0000] {spark_submit.py:571} INFO - :: modules in use:
[2024-05-21T11:49:59.610+0000] {spark_submit.py:571} INFO - com.datastax.oss#java-driver-core-shaded;4.13.0 from central in [default]
[2024-05-21T11:49:59.611+0000] {spark_submit.py:571} INFO - com.datastax.oss#java-driver-mapper-runtime;4.13.0 from central in [default]
[2024-05-21T11:49:59.612+0000] {spark_submit.py:571} INFO - com.datastax.oss#java-driver-query-builder;4.13.0 from central in [default]
[2024-05-21T11:49:59.613+0000] {spark_submit.py:571} INFO - com.datastax.oss#java-driver-shaded-guava;25.1-jre-graal-sub-1 from central in [default]
[2024-05-21T11:49:59.615+0000] {spark_submit.py:571} INFO - com.datastax.oss#native-protocol;1.5.0 from central in [default]
[2024-05-21T11:49:59.615+0000] {spark_submit.py:571} INFO - com.datastax.spark#spark-cassandra-connector-driver_2.12;3.5.0 from central in [default]
[2024-05-21T11:49:59.616+0000] {spark_submit.py:571} INFO - com.datastax.spark#spark-cassandra-connector_2.12;3.5.0 from central in [default]
[2024-05-21T11:49:59.617+0000] {spark_submit.py:571} INFO - com.github.luben#zstd-jni;1.5.5-1 from central in [default]
[2024-05-21T11:49:59.618+0000] {spark_submit.py:571} INFO - com.github.spotbugs#spotbugs-annotations;3.1.12 from central in [default]
[2024-05-21T11:49:59.618+0000] {spark_submit.py:571} INFO - com.github.stephenc.jcip#jcip-annotations;1.0-1 from central in [default]
[2024-05-21T11:49:59.619+0000] {spark_submit.py:571} INFO - com.google.code.findbugs#jsr305;3.0.2 from central in [default]
[2024-05-21T11:49:59.619+0000] {spark_submit.py:571} INFO - com.thoughtworks.paranamer#paranamer;2.8 from central in [default]
[2024-05-21T11:49:59.620+0000] {spark_submit.py:571} INFO - com.typesafe#config;1.4.1 from central in [default]
[2024-05-21T11:49:59.620+0000] {spark_submit.py:571} INFO - commons-logging#commons-logging;1.2 from central in [default]
[2024-05-21T11:49:59.621+0000] {spark_submit.py:571} INFO - io.dropwizard.metrics#metrics-core;4.1.18 from central in [default]
[2024-05-21T11:49:59.621+0000] {spark_submit.py:571} INFO - org.apache.commons#commons-lang3;3.10 from central in [default]
[2024-05-21T11:49:59.622+0000] {spark_submit.py:571} INFO - org.apache.commons#commons-pool2;2.11.1 from central in [default]
[2024-05-21T11:49:59.623+0000] {spark_submit.py:571} INFO - org.apache.hadoop#hadoop-client-api;3.3.4 from central in [default]
[2024-05-21T11:49:59.623+0000] {spark_submit.py:571} INFO - org.apache.hadoop#hadoop-client-runtime;3.3.4 from central in [default]
[2024-05-21T11:49:59.624+0000] {spark_submit.py:571} INFO - org.apache.kafka#kafka-clients;3.5.1 from central in [default]
[2024-05-21T11:49:59.624+0000] {spark_submit.py:571} INFO - org.apache.spark#spark-sql-kafka-0-10_2.12;3.5.1 from central in [default]
[2024-05-21T11:49:59.624+0000] {spark_submit.py:571} INFO - org.apache.spark#spark-token-provider-kafka-0-10_2.12;3.5.1 from central in [default]
[2024-05-21T11:49:59.625+0000] {spark_submit.py:571} INFO - org.hdrhistogram#HdrHistogram;2.1.12 from central in [default]
[2024-05-21T11:49:59.625+0000] {spark_submit.py:571} INFO - org.lz4#lz4-java;1.8.0 from central in [default]
[2024-05-21T11:49:59.626+0000] {spark_submit.py:571} INFO - org.reactivestreams#reactive-streams;1.0.3 from central in [default]
[2024-05-21T11:49:59.626+0000] {spark_submit.py:571} INFO - org.scala-lang#scala-reflect;2.12.11 from central in [default]
[2024-05-21T11:49:59.627+0000] {spark_submit.py:571} INFO - org.scala-lang.modules#scala-collection-compat_2.12;2.11.0 from central in [default]
[2024-05-21T11:49:59.627+0000] {spark_submit.py:571} INFO - org.slf4j#slf4j-api;2.0.7 from central in [default]
[2024-05-21T11:49:59.628+0000] {spark_submit.py:571} INFO - org.xerial.snappy#snappy-java;1.1.10.3 from central in [default]
[2024-05-21T11:49:59.628+0000] {spark_submit.py:571} INFO - :: evicted modules:
[2024-05-21T11:49:59.629+0000] {spark_submit.py:571} INFO - org.apache.kafka#kafka-clients;3.4.1 by [org.apache.kafka#kafka-clients;3.5.1] in [default]
[2024-05-21T11:49:59.629+0000] {spark_submit.py:571} INFO - commons-logging#commons-logging;1.1.3 by [commons-logging#commons-logging;1.2] in [default]
[2024-05-21T11:49:59.629+0000] {spark_submit.py:571} INFO - com.google.code.findbugs#jsr305;3.0.0 by [com.google.code.findbugs#jsr305;3.0.2] in [default]
[2024-05-21T11:49:59.630+0000] {spark_submit.py:571} INFO - org.slf4j#slf4j-api;1.7.26 by [org.slf4j#slf4j-api;2.0.7] in [default]
[2024-05-21T11:49:59.630+0000] {spark_submit.py:571} INFO - org.xerial.snappy#snappy-java;1.1.10.1 by [org.xerial.snappy#snappy-java;1.1.10.3] in [default]
[2024-05-21T11:49:59.631+0000] {spark_submit.py:571} INFO - org.slf4j#slf4j-api;1.7.36 by [org.slf4j#slf4j-api;2.0.7] in [default]
[2024-05-21T11:49:59.631+0000] {spark_submit.py:571} INFO - ---------------------------------------------------------------------
[2024-05-21T11:49:59.632+0000] {spark_submit.py:571} INFO - |                  |            modules            ||   artifacts   |
[2024-05-21T11:49:59.632+0000] {spark_submit.py:571} INFO - |       conf       | number| search|dwnlded|evicted|| number|dwnlded|
[2024-05-21T11:49:59.633+0000] {spark_submit.py:571} INFO - ---------------------------------------------------------------------
[2024-05-21T11:49:59.633+0000] {spark_submit.py:571} INFO - |      default     |   35  |   0   |   0   |   6   ||   29  |   0   |
[2024-05-21T11:49:59.633+0000] {spark_submit.py:571} INFO - ---------------------------------------------------------------------
[2024-05-21T11:49:59.633+0000] {spark_submit.py:571} INFO - :: retrieving :: org.apache.spark#spark-submit-parent-b3f44bbe-cb77-49f2-b92b-fe807b8ed74a
[2024-05-21T11:49:59.634+0000] {spark_submit.py:571} INFO - confs: [default]
[2024-05-21T11:49:59.634+0000] {spark_submit.py:571} INFO - 0 artifacts copied, 29 already retrieved (0kB/8ms)
[2024-05-21T11:49:59.869+0000] {spark_submit.py:571} INFO - 24/05/21 11:49:59 WARN NativeCodeLoader: Unable to load native-hadoop library for your platform... using builtin-java classes where applicable
[2024-05-21T11:50:01.995+0000] {spark_submit.py:571} INFO - 24/05/21 11:50:01 INFO SparkContext: Running Spark version 3.5.1
[2024-05-21T11:50:01.999+0000] {spark_submit.py:571} INFO - 24/05/21 11:50:01 INFO SparkContext: OS info Linux, 6.6.26-linuxkit, aarch64
[2024-05-21T11:50:02.000+0000] {spark_submit.py:571} INFO - 24/05/21 11:50:01 INFO SparkContext: Java version 11.0.23
[2024-05-21T11:50:02.019+0000] {spark_submit.py:571} INFO - 24/05/21 11:50:02 INFO ResourceUtils: ==============================================================
[2024-05-21T11:50:02.022+0000] {spark_submit.py:571} INFO - 24/05/21 11:50:02 INFO ResourceUtils: No custom resources configured for spark.driver.
[2024-05-21T11:50:02.023+0000] {spark_submit.py:571} INFO - 24/05/21 11:50:02 INFO ResourceUtils: ==============================================================
[2024-05-21T11:50:02.025+0000] {spark_submit.py:571} INFO - 24/05/21 11:50:02 INFO SparkContext: Submitted application: Redfin_Properties_Consumer
[2024-05-21T11:50:02.066+0000] {spark_submit.py:571} INFO - 24/05/21 11:50:02 INFO ResourceProfile: Default ResourceProfile created, executor resources: Map(memory -> name: memory, amount: 1024, script: , vendor: , offHeap -> name: offHeap, amount: 0, script: , vendor: ), task resources: Map(cpus -> name: cpus, amount: 1.0)
[2024-05-21T11:50:02.110+0000] {spark_submit.py:571} INFO - 24/05/21 11:50:02 INFO ResourceProfile: Limiting resource is cpu
[2024-05-21T11:50:02.114+0000] {spark_submit.py:571} INFO - 24/05/21 11:50:02 INFO ResourceProfileManager: Added ResourceProfile id: 0
[2024-05-21T11:50:02.182+0000] {spark_submit.py:571} INFO - 24/05/21 11:50:02 INFO SecurityManager: Changing view acls to: ***
[2024-05-21T11:50:02.182+0000] {spark_submit.py:571} INFO - 24/05/21 11:50:02 INFO SecurityManager: Changing modify acls to: ***
[2024-05-21T11:50:02.183+0000] {spark_submit.py:571} INFO - 24/05/21 11:50:02 INFO SecurityManager: Changing view acls groups to:
[2024-05-21T11:50:02.183+0000] {spark_submit.py:571} INFO - 24/05/21 11:50:02 INFO SecurityManager: Changing modify acls groups to:
[2024-05-21T11:50:02.183+0000] {spark_submit.py:571} INFO - 24/05/21 11:50:02 INFO SecurityManager: SecurityManager: authentication disabled; ui acls disabled; users with view permissions: ***; groups with view permissions: EMPTY; users with modify permissions: ***; groups with modify permissions: EMPTY
[2024-05-21T11:50:02.453+0000] {spark_submit.py:571} INFO - 24/05/21 11:50:02 INFO Utils: Successfully started service 'sparkDriver' on port 34453.
[2024-05-21T11:50:02.516+0000] {spark_submit.py:571} INFO - 24/05/21 11:50:02 INFO SparkEnv: Registering MapOutputTracker
[2024-05-21T11:50:02.549+0000] {spark_submit.py:571} INFO - 24/05/21 11:50:02 INFO SparkEnv: Registering BlockManagerMaster
[2024-05-21T11:50:02.570+0000] {spark_submit.py:571} INFO - 24/05/21 11:50:02 INFO BlockManagerMasterEndpoint: Using org.apache.spark.storage.DefaultTopologyMapper for getting topology information
[2024-05-21T11:50:02.571+0000] {spark_submit.py:571} INFO - 24/05/21 11:50:02 INFO BlockManagerMasterEndpoint: BlockManagerMasterEndpoint up
[2024-05-21T11:50:02.573+0000] {spark_submit.py:571} INFO - 24/05/21 11:50:02 INFO SparkEnv: Registering BlockManagerMasterHeartbeat
[2024-05-21T11:50:02.597+0000] {spark_submit.py:571} INFO - 24/05/21 11:50:02 INFO DiskBlockManager: Created local directory at /tmp/blockmgr-ec3cad02-5ff7-457c-a7eb-eb515c121a2b
[2024-05-21T11:50:02.621+0000] {spark_submit.py:571} INFO - 24/05/21 11:50:02 INFO MemoryStore: MemoryStore started with capacity 434.4 MiB
[2024-05-21T11:50:02.636+0000] {spark_submit.py:571} INFO - 24/05/21 11:50:02 INFO SparkEnv: Registering OutputCommitCoordinator
[2024-05-21T11:50:02.764+0000] {spark_submit.py:571} INFO - 24/05/21 11:50:02 INFO JettyUtils: Start Jetty 0.0.0.0:4040 for SparkUI
[2024-05-21T11:50:02.840+0000] {spark_submit.py:571} INFO - 24/05/21 11:50:02 INFO Utils: Successfully started service 'SparkUI' on port 4040.
[2024-05-21T11:50:02.881+0000] {spark_submit.py:571} INFO - 24/05/21 11:50:02 INFO SparkContext: Added JAR file:///home/***/.ivy2/jars/org.apache.spark_spark-sql-kafka-0-10_2.12-3.5.1.jar at spark://f39758f400c5:34453/jars/org.apache.spark_spark-sql-kafka-0-10_2.12-3.5.1.jar with timestamp 1716292201985
[2024-05-21T11:50:02.882+0000] {spark_submit.py:571} INFO - 24/05/21 11:50:02 INFO SparkContext: Added JAR file:///home/***/.ivy2/jars/com.datastax.spark_spark-cassandra-connector_2.12-3.5.0.jar at spark://f39758f400c5:34453/jars/com.datastax.spark_spark-cassandra-connector_2.12-3.5.0.jar with timestamp 1716292201985
[2024-05-21T11:50:02.883+0000] {spark_submit.py:571} INFO - 24/05/21 11:50:02 INFO SparkContext: Added JAR file:///home/***/.ivy2/jars/org.apache.kafka_kafka-clients-3.5.1.jar at spark://f39758f400c5:34453/jars/org.apache.kafka_kafka-clients-3.5.1.jar with timestamp 1716292201985
[2024-05-21T11:50:02.883+0000] {spark_submit.py:571} INFO - 24/05/21 11:50:02 INFO SparkContext: Added JAR file:///home/***/.ivy2/jars/commons-logging_commons-logging-1.2.jar at spark://f39758f400c5:34453/jars/commons-logging_commons-logging-1.2.jar with timestamp 1716292201985
[2024-05-21T11:50:02.883+0000] {spark_submit.py:571} INFO - 24/05/21 11:50:02 INFO SparkContext: Added JAR file:///home/***/.ivy2/jars/org.apache.spark_spark-token-provider-kafka-0-10_2.12-3.5.1.jar at spark://f39758f400c5:34453/jars/org.apache.spark_spark-token-provider-kafka-0-10_2.12-3.5.1.jar with timestamp 1716292201985
[2024-05-21T11:50:02.884+0000] {spark_submit.py:571} INFO - 24/05/21 11:50:02 INFO SparkContext: Added JAR file:///home/***/.ivy2/jars/org.apache.commons_commons-pool2-2.11.1.jar at spark://f39758f400c5:34453/jars/org.apache.commons_commons-pool2-2.11.1.jar with timestamp 1716292201985
[2024-05-21T11:50:02.884+0000] {spark_submit.py:571} INFO - 24/05/21 11:50:02 INFO SparkContext: Added JAR file:///home/***/.ivy2/jars/org.apache.hadoop_hadoop-client-runtime-3.3.4.jar at spark://f39758f400c5:34453/jars/org.apache.hadoop_hadoop-client-runtime-3.3.4.jar with timestamp 1716292201985
[2024-05-21T11:50:02.884+0000] {spark_submit.py:571} INFO - 24/05/21 11:50:02 INFO SparkContext: Added JAR file:///home/***/.ivy2/jars/org.apache.hadoop_hadoop-client-api-3.3.4.jar at spark://f39758f400c5:34453/jars/org.apache.hadoop_hadoop-client-api-3.3.4.jar with timestamp 1716292201985
[2024-05-21T11:50:02.885+0000] {spark_submit.py:571} INFO - 24/05/21 11:50:02 INFO SparkContext: Added JAR file:///home/***/.ivy2/jars/org.xerial.snappy_snappy-java-1.1.10.3.jar at spark://f39758f400c5:34453/jars/org.xerial.snappy_snappy-java-1.1.10.3.jar with timestamp 1716292201985
[2024-05-21T11:50:02.886+0000] {spark_submit.py:571} INFO - 24/05/21 11:50:02 INFO SparkContext: Added JAR file:///home/***/.ivy2/jars/org.slf4j_slf4j-api-2.0.7.jar at spark://f39758f400c5:34453/jars/org.slf4j_slf4j-api-2.0.7.jar with timestamp 1716292201985
[2024-05-21T11:50:02.886+0000] {spark_submit.py:571} INFO - 24/05/21 11:50:02 INFO SparkContext: Added JAR file:///home/***/.ivy2/jars/com.datastax.spark_spark-cassandra-connector-driver_2.12-3.5.0.jar at spark://f39758f400c5:34453/jars/com.datastax.spark_spark-cassandra-connector-driver_2.12-3.5.0.jar with timestamp 1716292201985
[2024-05-21T11:50:02.887+0000] {spark_submit.py:571} INFO - 24/05/21 11:50:02 INFO SparkContext: Added JAR file:///home/***/.ivy2/jars/org.scala-lang.modules_scala-collection-compat_2.12-2.11.0.jar at spark://f39758f400c5:34453/jars/org.scala-lang.modules_scala-collection-compat_2.12-2.11.0.jar with timestamp 1716292201985
[2024-05-21T11:50:02.887+0000] {spark_submit.py:571} INFO - 24/05/21 11:50:02 INFO SparkContext: Added JAR file:///home/***/.ivy2/jars/com.datastax.oss_java-driver-core-shaded-4.13.0.jar at spark://f39758f400c5:34453/jars/com.datastax.oss_java-driver-core-shaded-4.13.0.jar with timestamp 1716292201985
[2024-05-21T11:50:02.887+0000] {spark_submit.py:571} INFO - 24/05/21 11:50:02 INFO SparkContext: Added JAR file:///home/***/.ivy2/jars/com.datastax.oss_java-driver-mapper-runtime-4.13.0.jar at spark://f39758f400c5:34453/jars/com.datastax.oss_java-driver-mapper-runtime-4.13.0.jar with timestamp 1716292201985
[2024-05-21T11:50:02.887+0000] {spark_submit.py:571} INFO - 24/05/21 11:50:02 INFO SparkContext: Added JAR file:///home/***/.ivy2/jars/org.apache.commons_commons-lang3-3.10.jar at spark://f39758f400c5:34453/jars/org.apache.commons_commons-lang3-3.10.jar with timestamp 1716292201985
[2024-05-21T11:50:02.887+0000] {spark_submit.py:571} INFO - 24/05/21 11:50:02 INFO SparkContext: Added JAR file:///home/***/.ivy2/jars/com.thoughtworks.paranamer_paranamer-2.8.jar at spark://f39758f400c5:34453/jars/com.thoughtworks.paranamer_paranamer-2.8.jar with timestamp 1716292201985
[2024-05-21T11:50:02.888+0000] {spark_submit.py:571} INFO - 24/05/21 11:50:02 INFO SparkContext: Added JAR file:///home/***/.ivy2/jars/org.scala-lang_scala-reflect-2.12.11.jar at spark://f39758f400c5:34453/jars/org.scala-lang_scala-reflect-2.12.11.jar with timestamp 1716292201985
[2024-05-21T11:50:02.888+0000] {spark_submit.py:571} INFO - 24/05/21 11:50:02 INFO SparkContext: Added JAR file:///home/***/.ivy2/jars/com.datastax.oss_native-protocol-1.5.0.jar at spark://f39758f400c5:34453/jars/com.datastax.oss_native-protocol-1.5.0.jar with timestamp 1716292201985
[2024-05-21T11:50:02.888+0000] {spark_submit.py:571} INFO - 24/05/21 11:50:02 INFO SparkContext: Added JAR file:///home/***/.ivy2/jars/com.datastax.oss_java-driver-shaded-guava-25.1-jre-graal-sub-1.jar at spark://f39758f400c5:34453/jars/com.datastax.oss_java-driver-shaded-guava-25.1-jre-graal-sub-1.jar with timestamp 1716292201985
[2024-05-21T11:50:02.888+0000] {spark_submit.py:571} INFO - 24/05/21 11:50:02 INFO SparkContext: Added JAR file:///home/***/.ivy2/jars/com.typesafe_config-1.4.1.jar at spark://f39758f400c5:34453/jars/com.typesafe_config-1.4.1.jar with timestamp 1716292201985
[2024-05-21T11:50:02.888+0000] {spark_submit.py:571} INFO - 24/05/21 11:50:02 INFO SparkContext: Added JAR file:///home/***/.ivy2/jars/io.dropwizard.metrics_metrics-core-4.1.18.jar at spark://f39758f400c5:34453/jars/io.dropwizard.metrics_metrics-core-4.1.18.jar with timestamp 1716292201985
[2024-05-21T11:50:02.888+0000] {spark_submit.py:571} INFO - 24/05/21 11:50:02 INFO SparkContext: Added JAR file:///home/***/.ivy2/jars/org.hdrhistogram_HdrHistogram-2.1.12.jar at spark://f39758f400c5:34453/jars/org.hdrhistogram_HdrHistogram-2.1.12.jar with timestamp 1716292201985
[2024-05-21T11:50:02.889+0000] {spark_submit.py:571} INFO - 24/05/21 11:50:02 INFO SparkContext: Added JAR file:///home/***/.ivy2/jars/org.reactivestreams_reactive-streams-1.0.3.jar at spark://f39758f400c5:34453/jars/org.reactivestreams_reactive-streams-1.0.3.jar with timestamp 1716292201985
[2024-05-21T11:50:02.889+0000] {spark_submit.py:571} INFO - 24/05/21 11:50:02 INFO SparkContext: Added JAR file:///home/***/.ivy2/jars/com.github.stephenc.jcip_jcip-annotations-1.0-1.jar at spark://f39758f400c5:34453/jars/com.github.stephenc.jcip_jcip-annotations-1.0-1.jar with timestamp 1716292201985
[2024-05-21T11:50:02.889+0000] {spark_submit.py:571} INFO - 24/05/21 11:50:02 INFO SparkContext: Added JAR file:///home/***/.ivy2/jars/com.github.spotbugs_spotbugs-annotations-3.1.12.jar at spark://f39758f400c5:34453/jars/com.github.spotbugs_spotbugs-annotations-3.1.12.jar with timestamp 1716292201985
[2024-05-21T11:50:02.889+0000] {spark_submit.py:571} INFO - 24/05/21 11:50:02 INFO SparkContext: Added JAR file:///home/***/.ivy2/jars/com.google.code.findbugs_jsr305-3.0.2.jar at spark://f39758f400c5:34453/jars/com.google.code.findbugs_jsr305-3.0.2.jar with timestamp 1716292201985
[2024-05-21T11:50:02.889+0000] {spark_submit.py:571} INFO - 24/05/21 11:50:02 INFO SparkContext: Added JAR file:///home/***/.ivy2/jars/com.datastax.oss_java-driver-query-builder-4.13.0.jar at spark://f39758f400c5:34453/jars/com.datastax.oss_java-driver-query-builder-4.13.0.jar with timestamp 1716292201985
[2024-05-21T11:50:02.889+0000] {spark_submit.py:571} INFO - 24/05/21 11:50:02 INFO SparkContext: Added JAR file:///home/***/.ivy2/jars/com.github.luben_zstd-jni-1.5.5-1.jar at spark://f39758f400c5:34453/jars/com.github.luben_zstd-jni-1.5.5-1.jar with timestamp 1716292201985
[2024-05-21T11:50:02.890+0000] {spark_submit.py:571} INFO - 24/05/21 11:50:02 INFO SparkContext: Added JAR file:///home/***/.ivy2/jars/org.lz4_lz4-java-1.8.0.jar at spark://f39758f400c5:34453/jars/org.lz4_lz4-java-1.8.0.jar with timestamp 1716292201985
[2024-05-21T11:50:02.890+0000] {spark_submit.py:571} INFO - 24/05/21 11:50:02 INFO SparkContext: Added file file:///home/***/.ivy2/jars/org.apache.spark_spark-sql-kafka-0-10_2.12-3.5.1.jar at spark://f39758f400c5:34453/files/org.apache.spark_spark-sql-kafka-0-10_2.12-3.5.1.jar with timestamp 1716292201985
[2024-05-21T11:50:02.890+0000] {spark_submit.py:571} INFO - 24/05/21 11:50:02 INFO Utils: Copying /home/***/.ivy2/jars/org.apache.spark_spark-sql-kafka-0-10_2.12-3.5.1.jar to /tmp/spark-14e9c654-9b91-454b-a13f-1420b406081e/userFiles-d5d8553f-d75f-420c-abbe-bfdc852a067d/org.apache.spark_spark-sql-kafka-0-10_2.12-3.5.1.jar
[2024-05-21T11:50:02.944+0000] {spark_submit.py:571} INFO - 24/05/21 11:50:02 INFO SparkContext: Added file file:///home/***/.ivy2/jars/com.datastax.spark_spark-cassandra-connector_2.12-3.5.0.jar at spark://f39758f400c5:34453/files/com.datastax.spark_spark-cassandra-connector_2.12-3.5.0.jar with timestamp 1716292201985
[2024-05-21T11:50:02.944+0000] {spark_submit.py:571} INFO - 24/05/21 11:50:02 INFO Utils: Copying /home/***/.ivy2/jars/com.datastax.spark_spark-cassandra-connector_2.12-3.5.0.jar to /tmp/spark-14e9c654-9b91-454b-a13f-1420b406081e/userFiles-d5d8553f-d75f-420c-abbe-bfdc852a067d/com.datastax.spark_spark-cassandra-connector_2.12-3.5.0.jar
[2024-05-21T11:50:02.959+0000] {spark_submit.py:571} INFO - 24/05/21 11:50:02 INFO SparkContext: Added file file:///home/***/.ivy2/jars/org.apache.kafka_kafka-clients-3.5.1.jar at spark://f39758f400c5:34453/files/org.apache.kafka_kafka-clients-3.5.1.jar with timestamp 1716292201985
[2024-05-21T11:50:02.959+0000] {spark_submit.py:571} INFO - 24/05/21 11:50:02 INFO Utils: Copying /home/***/.ivy2/jars/org.apache.kafka_kafka-clients-3.5.1.jar to /tmp/spark-14e9c654-9b91-454b-a13f-1420b406081e/userFiles-d5d8553f-d75f-420c-abbe-bfdc852a067d/org.apache.kafka_kafka-clients-3.5.1.jar
[2024-05-21T11:50:03.017+0000] {spark_submit.py:571} INFO - 24/05/21 11:50:03 INFO SparkContext: Added file file:///home/***/.ivy2/jars/commons-logging_commons-logging-1.2.jar at spark://f39758f400c5:34453/files/commons-logging_commons-logging-1.2.jar with timestamp 1716292201985
[2024-05-21T11:50:03.017+0000] {spark_submit.py:571} INFO - 24/05/21 11:50:03 INFO Utils: Copying /home/***/.ivy2/jars/commons-logging_commons-logging-1.2.jar to /tmp/spark-14e9c654-9b91-454b-a13f-1420b406081e/userFiles-d5d8553f-d75f-420c-abbe-bfdc852a067d/commons-logging_commons-logging-1.2.jar
[2024-05-21T11:50:03.022+0000] {spark_submit.py:571} INFO - 24/05/21 11:50:03 INFO SparkContext: Added file file:///home/***/.ivy2/jars/org.apache.spark_spark-token-provider-kafka-0-10_2.12-3.5.1.jar at spark://f39758f400c5:34453/files/org.apache.spark_spark-token-provider-kafka-0-10_2.12-3.5.1.jar with timestamp 1716292201985
[2024-05-21T11:50:03.022+0000] {spark_submit.py:571} INFO - 24/05/21 11:50:03 INFO Utils: Copying /home/***/.ivy2/jars/org.apache.spark_spark-token-provider-kafka-0-10_2.12-3.5.1.jar to /tmp/spark-14e9c654-9b91-454b-a13f-1420b406081e/userFiles-d5d8553f-d75f-420c-abbe-bfdc852a067d/org.apache.spark_spark-token-provider-kafka-0-10_2.12-3.5.1.jar
[2024-05-21T11:50:03.031+0000] {spark_submit.py:571} INFO - 24/05/21 11:50:03 INFO SparkContext: Added file file:///home/***/.ivy2/jars/org.apache.commons_commons-pool2-2.11.1.jar at spark://f39758f400c5:34453/files/org.apache.commons_commons-pool2-2.11.1.jar with timestamp 1716292201985
[2024-05-21T11:50:03.032+0000] {spark_submit.py:571} INFO - 24/05/21 11:50:03 INFO Utils: Copying /home/***/.ivy2/jars/org.apache.commons_commons-pool2-2.11.1.jar to /tmp/spark-14e9c654-9b91-454b-a13f-1420b406081e/userFiles-d5d8553f-d75f-420c-abbe-bfdc852a067d/org.apache.commons_commons-pool2-2.11.1.jar
[2024-05-21T11:50:03.036+0000] {spark_submit.py:571} INFO - 24/05/21 11:50:03 INFO SparkContext: Added file file:///home/***/.ivy2/jars/org.apache.hadoop_hadoop-client-runtime-3.3.4.jar at spark://f39758f400c5:34453/files/org.apache.hadoop_hadoop-client-runtime-3.3.4.jar with timestamp 1716292201985
[2024-05-21T11:50:03.036+0000] {spark_submit.py:571} INFO - 24/05/21 11:50:03 INFO Utils: Copying /home/***/.ivy2/jars/org.apache.hadoop_hadoop-client-runtime-3.3.4.jar to /tmp/spark-14e9c654-9b91-454b-a13f-1420b406081e/userFiles-d5d8553f-d75f-420c-abbe-bfdc852a067d/org.apache.hadoop_hadoop-client-runtime-3.3.4.jar
[2024-05-21T11:50:03.340+0000] {spark_submit.py:571} INFO - 24/05/21 11:50:03 INFO SparkContext: Added file file:///home/***/.ivy2/jars/org.apache.hadoop_hadoop-client-api-3.3.4.jar at spark://f39758f400c5:34453/files/org.apache.hadoop_hadoop-client-api-3.3.4.jar with timestamp 1716292201985
[2024-05-21T11:50:03.340+0000] {spark_submit.py:571} INFO - 24/05/21 11:50:03 INFO Utils: Copying /home/***/.ivy2/jars/org.apache.hadoop_hadoop-client-api-3.3.4.jar to /tmp/spark-14e9c654-9b91-454b-a13f-1420b406081e/userFiles-d5d8553f-d75f-420c-abbe-bfdc852a067d/org.apache.hadoop_hadoop-client-api-3.3.4.jar
[2024-05-21T11:50:03.563+0000] {spark_submit.py:571} INFO - 24/05/21 11:50:03 INFO SparkContext: Added file file:///home/***/.ivy2/jars/org.xerial.snappy_snappy-java-1.1.10.3.jar at spark://f39758f400c5:34453/files/org.xerial.snappy_snappy-java-1.1.10.3.jar with timestamp 1716292201985
[2024-05-21T11:50:03.564+0000] {spark_submit.py:571} INFO - 24/05/21 11:50:03 INFO Utils: Copying /home/***/.ivy2/jars/org.xerial.snappy_snappy-java-1.1.10.3.jar to /tmp/spark-14e9c654-9b91-454b-a13f-1420b406081e/userFiles-d5d8553f-d75f-420c-abbe-bfdc852a067d/org.xerial.snappy_snappy-java-1.1.10.3.jar
[2024-05-21T11:50:03.586+0000] {spark_submit.py:571} INFO - 24/05/21 11:50:03 INFO SparkContext: Added file file:///home/***/.ivy2/jars/org.slf4j_slf4j-api-2.0.7.jar at spark://f39758f400c5:34453/files/org.slf4j_slf4j-api-2.0.7.jar with timestamp 1716292201985
[2024-05-21T11:50:03.586+0000] {spark_submit.py:571} INFO - 24/05/21 11:50:03 INFO Utils: Copying /home/***/.ivy2/jars/org.slf4j_slf4j-api-2.0.7.jar to /tmp/spark-14e9c654-9b91-454b-a13f-1420b406081e/userFiles-d5d8553f-d75f-420c-abbe-bfdc852a067d/org.slf4j_slf4j-api-2.0.7.jar
[2024-05-21T11:50:03.591+0000] {spark_submit.py:571} INFO - 24/05/21 11:50:03 INFO SparkContext: Added file file:///home/***/.ivy2/jars/com.datastax.spark_spark-cassandra-connector-driver_2.12-3.5.0.jar at spark://f39758f400c5:34453/files/com.datastax.spark_spark-cassandra-connector-driver_2.12-3.5.0.jar with timestamp 1716292201985
[2024-05-21T11:50:03.592+0000] {spark_submit.py:571} INFO - 24/05/21 11:50:03 INFO Utils: Copying /home/***/.ivy2/jars/com.datastax.spark_spark-cassandra-connector-driver_2.12-3.5.0.jar to /tmp/spark-14e9c654-9b91-454b-a13f-1420b406081e/userFiles-d5d8553f-d75f-420c-abbe-bfdc852a067d/com.datastax.spark_spark-cassandra-connector-driver_2.12-3.5.0.jar
[2024-05-21T11:50:03.603+0000] {spark_submit.py:571} INFO - 24/05/21 11:50:03 INFO SparkContext: Added file file:///home/***/.ivy2/jars/org.scala-lang.modules_scala-collection-compat_2.12-2.11.0.jar at spark://f39758f400c5:34453/files/org.scala-lang.modules_scala-collection-compat_2.12-2.11.0.jar with timestamp 1716292201985
[2024-05-21T11:50:03.603+0000] {spark_submit.py:571} INFO - 24/05/21 11:50:03 INFO Utils: Copying /home/***/.ivy2/jars/org.scala-lang.modules_scala-collection-compat_2.12-2.11.0.jar to /tmp/spark-14e9c654-9b91-454b-a13f-1420b406081e/userFiles-d5d8553f-d75f-420c-abbe-bfdc852a067d/org.scala-lang.modules_scala-collection-compat_2.12-2.11.0.jar
[2024-05-21T11:50:03.609+0000] {spark_submit.py:571} INFO - 24/05/21 11:50:03 INFO SparkContext: Added file file:///home/***/.ivy2/jars/com.datastax.oss_java-driver-core-shaded-4.13.0.jar at spark://f39758f400c5:34453/files/com.datastax.oss_java-driver-core-shaded-4.13.0.jar with timestamp 1716292201985
[2024-05-21T11:50:03.609+0000] {spark_submit.py:571} INFO - 24/05/21 11:50:03 INFO Utils: Copying /home/***/.ivy2/jars/com.datastax.oss_java-driver-core-shaded-4.13.0.jar to /tmp/spark-14e9c654-9b91-454b-a13f-1420b406081e/userFiles-d5d8553f-d75f-420c-abbe-bfdc852a067d/com.datastax.oss_java-driver-core-shaded-4.13.0.jar
[2024-05-21T11:50:03.738+0000] {spark_submit.py:571} INFO - 24/05/21 11:50:03 INFO SparkContext: Added file file:///home/***/.ivy2/jars/com.datastax.oss_java-driver-mapper-runtime-4.13.0.jar at spark://f39758f400c5:34453/files/com.datastax.oss_java-driver-mapper-runtime-4.13.0.jar with timestamp 1716292201985
[2024-05-21T11:50:03.738+0000] {spark_submit.py:571} INFO - 24/05/21 11:50:03 INFO Utils: Copying /home/***/.ivy2/jars/com.datastax.oss_java-driver-mapper-runtime-4.13.0.jar to /tmp/spark-14e9c654-9b91-454b-a13f-1420b406081e/userFiles-d5d8553f-d75f-420c-abbe-bfdc852a067d/com.datastax.oss_java-driver-mapper-runtime-4.13.0.jar
[2024-05-21T11:50:03.741+0000] {spark_submit.py:571} INFO - 24/05/21 11:50:03 INFO SparkContext: Added file file:///home/***/.ivy2/jars/org.apache.commons_commons-lang3-3.10.jar at spark://f39758f400c5:34453/files/org.apache.commons_commons-lang3-3.10.jar with timestamp 1716292201985
[2024-05-21T11:50:03.741+0000] {spark_submit.py:571} INFO - 24/05/21 11:50:03 INFO Utils: Copying /home/***/.ivy2/jars/org.apache.commons_commons-lang3-3.10.jar to /tmp/spark-14e9c654-9b91-454b-a13f-1420b406081e/userFiles-d5d8553f-d75f-420c-abbe-bfdc852a067d/org.apache.commons_commons-lang3-3.10.jar
[2024-05-21T11:50:03.753+0000] {spark_submit.py:571} INFO - 24/05/21 11:50:03 INFO SparkContext: Added file file:///home/***/.ivy2/jars/com.thoughtworks.paranamer_paranamer-2.8.jar at spark://f39758f400c5:34453/files/com.thoughtworks.paranamer_paranamer-2.8.jar with timestamp 1716292201985
[2024-05-21T11:50:03.753+0000] {spark_submit.py:571} INFO - 24/05/21 11:50:03 INFO Utils: Copying /home/***/.ivy2/jars/com.thoughtworks.paranamer_paranamer-2.8.jar to /tmp/spark-14e9c654-9b91-454b-a13f-1420b406081e/userFiles-d5d8553f-d75f-420c-abbe-bfdc852a067d/com.thoughtworks.paranamer_paranamer-2.8.jar
[2024-05-21T11:50:03.756+0000] {spark_submit.py:571} INFO - 24/05/21 11:50:03 INFO SparkContext: Added file file:///home/***/.ivy2/jars/org.scala-lang_scala-reflect-2.12.11.jar at spark://f39758f400c5:34453/files/org.scala-lang_scala-reflect-2.12.11.jar with timestamp 1716292201985
[2024-05-21T11:50:03.756+0000] {spark_submit.py:571} INFO - 24/05/21 11:50:03 INFO Utils: Copying /home/***/.ivy2/jars/org.scala-lang_scala-reflect-2.12.11.jar to /tmp/spark-14e9c654-9b91-454b-a13f-1420b406081e/userFiles-d5d8553f-d75f-420c-abbe-bfdc852a067d/org.scala-lang_scala-reflect-2.12.11.jar
[2024-05-21T11:50:03.803+0000] {spark_submit.py:571} INFO - 24/05/21 11:50:03 INFO SparkContext: Added file file:///home/***/.ivy2/jars/com.datastax.oss_native-protocol-1.5.0.jar at spark://f39758f400c5:34453/files/com.datastax.oss_native-protocol-1.5.0.jar with timestamp 1716292201985
[2024-05-21T11:50:03.803+0000] {spark_submit.py:571} INFO - 24/05/21 11:50:03 INFO Utils: Copying /home/***/.ivy2/jars/com.datastax.oss_native-protocol-1.5.0.jar to /tmp/spark-14e9c654-9b91-454b-a13f-1420b406081e/userFiles-d5d8553f-d75f-420c-abbe-bfdc852a067d/com.datastax.oss_native-protocol-1.5.0.jar
[2024-05-21T11:50:03.810+0000] {spark_submit.py:571} INFO - 24/05/21 11:50:03 INFO SparkContext: Added file file:///home/***/.ivy2/jars/com.datastax.oss_java-driver-shaded-guava-25.1-jre-graal-sub-1.jar at spark://f39758f400c5:34453/files/com.datastax.oss_java-driver-shaded-guava-25.1-jre-graal-sub-1.jar with timestamp 1716292201985
[2024-05-21T11:50:03.811+0000] {spark_submit.py:571} INFO - 24/05/21 11:50:03 INFO Utils: Copying /home/***/.ivy2/jars/com.datastax.oss_java-driver-shaded-guava-25.1-jre-graal-sub-1.jar to /tmp/spark-14e9c654-9b91-454b-a13f-1420b406081e/userFiles-d5d8553f-d75f-420c-abbe-bfdc852a067d/com.datastax.oss_java-driver-shaded-guava-25.1-jre-graal-sub-1.jar
[2024-05-21T11:50:03.892+0000] {spark_submit.py:571} INFO - 24/05/21 11:50:03 INFO SparkContext: Added file file:///home/***/.ivy2/jars/com.typesafe_config-1.4.1.jar at spark://f39758f400c5:34453/files/com.typesafe_config-1.4.1.jar with timestamp 1716292201985
[2024-05-21T11:50:03.892+0000] {spark_submit.py:571} INFO - 24/05/21 11:50:03 INFO Utils: Copying /home/***/.ivy2/jars/com.typesafe_config-1.4.1.jar to /tmp/spark-14e9c654-9b91-454b-a13f-1420b406081e/userFiles-d5d8553f-d75f-420c-abbe-bfdc852a067d/com.typesafe_config-1.4.1.jar
[2024-05-21T11:50:03.905+0000] {spark_submit.py:571} INFO - 24/05/21 11:50:03 INFO SparkContext: Added file file:///home/***/.ivy2/jars/io.dropwizard.metrics_metrics-core-4.1.18.jar at spark://f39758f400c5:34453/files/io.dropwizard.metrics_metrics-core-4.1.18.jar with timestamp 1716292201985
[2024-05-21T11:50:03.906+0000] {spark_submit.py:571} INFO - 24/05/21 11:50:03 INFO Utils: Copying /home/***/.ivy2/jars/io.dropwizard.metrics_metrics-core-4.1.18.jar to /tmp/spark-14e9c654-9b91-454b-a13f-1420b406081e/userFiles-d5d8553f-d75f-420c-abbe-bfdc852a067d/io.dropwizard.metrics_metrics-core-4.1.18.jar
[2024-05-21T11:50:03.911+0000] {spark_submit.py:571} INFO - 24/05/21 11:50:03 INFO SparkContext: Added file file:///home/***/.ivy2/jars/org.hdrhistogram_HdrHistogram-2.1.12.jar at spark://f39758f400c5:34453/files/org.hdrhistogram_HdrHistogram-2.1.12.jar with timestamp 1716292201985
[2024-05-21T11:50:03.911+0000] {spark_submit.py:571} INFO - 24/05/21 11:50:03 INFO Utils: Copying /home/***/.ivy2/jars/org.hdrhistogram_HdrHistogram-2.1.12.jar to /tmp/spark-14e9c654-9b91-454b-a13f-1420b406081e/userFiles-d5d8553f-d75f-420c-abbe-bfdc852a067d/org.hdrhistogram_HdrHistogram-2.1.12.jar
[2024-05-21T11:50:03.916+0000] {spark_submit.py:571} INFO - 24/05/21 11:50:03 INFO SparkContext: Added file file:///home/***/.ivy2/jars/org.reactivestreams_reactive-streams-1.0.3.jar at spark://f39758f400c5:34453/files/org.reactivestreams_reactive-streams-1.0.3.jar with timestamp 1716292201985
[2024-05-21T11:50:03.917+0000] {spark_submit.py:571} INFO - 24/05/21 11:50:03 INFO Utils: Copying /home/***/.ivy2/jars/org.reactivestreams_reactive-streams-1.0.3.jar to /tmp/spark-14e9c654-9b91-454b-a13f-1420b406081e/userFiles-d5d8553f-d75f-420c-abbe-bfdc852a067d/org.reactivestreams_reactive-streams-1.0.3.jar
[2024-05-21T11:50:03.920+0000] {spark_submit.py:571} INFO - 24/05/21 11:50:03 INFO SparkContext: Added file file:///home/***/.ivy2/jars/com.github.stephenc.jcip_jcip-annotations-1.0-1.jar at spark://f39758f400c5:34453/files/com.github.stephenc.jcip_jcip-annotations-1.0-1.jar with timestamp 1716292201985
[2024-05-21T11:50:03.920+0000] {spark_submit.py:571} INFO - 24/05/21 11:50:03 INFO Utils: Copying /home/***/.ivy2/jars/com.github.stephenc.jcip_jcip-annotations-1.0-1.jar to /tmp/spark-14e9c654-9b91-454b-a13f-1420b406081e/userFiles-d5d8553f-d75f-420c-abbe-bfdc852a067d/com.github.stephenc.jcip_jcip-annotations-1.0-1.jar
[2024-05-21T11:50:03.929+0000] {spark_submit.py:571} INFO - 24/05/21 11:50:03 INFO SparkContext: Added file file:///home/***/.ivy2/jars/com.github.spotbugs_spotbugs-annotations-3.1.12.jar at spark://f39758f400c5:34453/files/com.github.spotbugs_spotbugs-annotations-3.1.12.jar with timestamp 1716292201985
[2024-05-21T11:50:03.929+0000] {spark_submit.py:571} INFO - 24/05/21 11:50:03 INFO Utils: Copying /home/***/.ivy2/jars/com.github.spotbugs_spotbugs-annotations-3.1.12.jar to /tmp/spark-14e9c654-9b91-454b-a13f-1420b406081e/userFiles-d5d8553f-d75f-420c-abbe-bfdc852a067d/com.github.spotbugs_spotbugs-annotations-3.1.12.jar
[2024-05-21T11:50:03.932+0000] {spark_submit.py:571} INFO - 24/05/21 11:50:03 INFO SparkContext: Added file file:///home/***/.ivy2/jars/com.google.code.findbugs_jsr305-3.0.2.jar at spark://f39758f400c5:34453/files/com.google.code.findbugs_jsr305-3.0.2.jar with timestamp 1716292201985
[2024-05-21T11:50:03.933+0000] {spark_submit.py:571} INFO - 24/05/21 11:50:03 INFO Utils: Copying /home/***/.ivy2/jars/com.google.code.findbugs_jsr305-3.0.2.jar to /tmp/spark-14e9c654-9b91-454b-a13f-1420b406081e/userFiles-d5d8553f-d75f-420c-abbe-bfdc852a067d/com.google.code.findbugs_jsr305-3.0.2.jar
[2024-05-21T11:50:03.935+0000] {spark_submit.py:571} INFO - 24/05/21 11:50:03 INFO SparkContext: Added file file:///home/***/.ivy2/jars/com.datastax.oss_java-driver-query-builder-4.13.0.jar at spark://f39758f400c5:34453/files/com.datastax.oss_java-driver-query-builder-4.13.0.jar with timestamp 1716292201985
[2024-05-21T11:50:03.938+0000] {spark_submit.py:571} INFO - 24/05/21 11:50:03 INFO Utils: Copying /home/***/.ivy2/jars/com.datastax.oss_java-driver-query-builder-4.13.0.jar to /tmp/spark-14e9c654-9b91-454b-a13f-1420b406081e/userFiles-d5d8553f-d75f-420c-abbe-bfdc852a067d/com.datastax.oss_java-driver-query-builder-4.13.0.jar
[2024-05-21T11:50:03.942+0000] {spark_submit.py:571} INFO - 24/05/21 11:50:03 INFO SparkContext: Added file file:///home/***/.ivy2/jars/com.github.luben_zstd-jni-1.5.5-1.jar at spark://f39758f400c5:34453/files/com.github.luben_zstd-jni-1.5.5-1.jar with timestamp 1716292201985
[2024-05-21T11:50:03.942+0000] {spark_submit.py:571} INFO - 24/05/21 11:50:03 INFO Utils: Copying /home/***/.ivy2/jars/com.github.luben_zstd-jni-1.5.5-1.jar to /tmp/spark-14e9c654-9b91-454b-a13f-1420b406081e/userFiles-d5d8553f-d75f-420c-abbe-bfdc852a067d/com.github.luben_zstd-jni-1.5.5-1.jar
[2024-05-21T11:50:04.009+0000] {spark_submit.py:571} INFO - 24/05/21 11:50:04 INFO SparkContext: Added file file:///home/***/.ivy2/jars/org.lz4_lz4-java-1.8.0.jar at spark://f39758f400c5:34453/files/org.lz4_lz4-java-1.8.0.jar with timestamp 1716292201985
[2024-05-21T11:50:04.009+0000] {spark_submit.py:571} INFO - 24/05/21 11:50:04 INFO Utils: Copying /home/***/.ivy2/jars/org.lz4_lz4-java-1.8.0.jar to /tmp/spark-14e9c654-9b91-454b-a13f-1420b406081e/userFiles-d5d8553f-d75f-420c-abbe-bfdc852a067d/org.lz4_lz4-java-1.8.0.jar
[2024-05-21T11:50:04.209+0000] {spark_submit.py:571} INFO - 24/05/21 11:50:04 INFO StandaloneAppClient$ClientEndpoint: Connecting to master spark://spark-master:7077...
[2024-05-21T11:50:04.261+0000] {spark_submit.py:571} INFO - 24/05/21 11:50:04 INFO TransportClientFactory: Successfully created connection to spark-master/172.25.0.3:7077 after 20 ms (0 ms spent in bootstraps)
[2024-05-21T11:50:04.491+0000] {spark_submit.py:571} INFO - 24/05/21 11:50:04 INFO StandaloneSchedulerBackend: Connected to Spark cluster with app ID app-20240521115004-0005
[2024-05-21T11:50:04.503+0000] {spark_submit.py:571} INFO - 24/05/21 11:50:04 INFO Utils: Successfully started service 'org.apache.spark.network.netty.NettyBlockTransferService' on port 39417.
[2024-05-21T11:50:04.504+0000] {spark_submit.py:571} INFO - 24/05/21 11:50:04 INFO NettyBlockTransferService: Server created on f39758f400c5:39417
[2024-05-21T11:50:04.526+0000] {spark_submit.py:571} INFO - 24/05/21 11:50:04 INFO BlockManager: Using org.apache.spark.storage.RandomBlockReplicationPolicy for block replication policy
[2024-05-21T11:50:04.534+0000] {spark_submit.py:571} INFO - 24/05/21 11:50:04 INFO BlockManagerMaster: Registering BlockManager BlockManagerId(driver, f39758f400c5, 39417, None)
[2024-05-21T11:50:04.535+0000] {spark_submit.py:571} INFO - 24/05/21 11:50:04 INFO StandaloneAppClient$ClientEndpoint: Executor added: app-20240521115004-0005/0 on worker-20240520151450-172.25.0.7-33931 (172.25.0.7:33931) with 1 core(s)
[2024-05-21T11:50:04.536+0000] {spark_submit.py:571} INFO - 24/05/21 11:50:04 INFO StandaloneSchedulerBackend: Granted executor ID app-20240521115004-0005/0 on hostPort 172.25.0.7:33931 with 1 core(s), 1024.0 MiB RAM
[2024-05-21T11:50:04.538+0000] {spark_submit.py:571} INFO - 24/05/21 11:50:04 INFO BlockManagerMasterEndpoint: Registering block manager f39758f400c5:39417 with 434.4 MiB RAM, BlockManagerId(driver, f39758f400c5, 39417, None)
[2024-05-21T11:50:04.541+0000] {spark_submit.py:571} INFO - 24/05/21 11:50:04 INFO BlockManagerMaster: Registered BlockManager BlockManagerId(driver, f39758f400c5, 39417, None)
[2024-05-21T11:50:04.541+0000] {spark_submit.py:571} INFO - 24/05/21 11:50:04 INFO BlockManager: Initialized BlockManager: BlockManagerId(driver, f39758f400c5, 39417, None)
[2024-05-21T11:50:04.814+0000] {spark_submit.py:571} INFO - 24/05/21 11:50:04 INFO StandaloneAppClient$ClientEndpoint: Executor updated: app-20240521115004-0005/0 is now RUNNING
[2024-05-21T11:50:04.840+0000] {spark_submit.py:571} INFO - 24/05/21 11:50:04 INFO StandaloneSchedulerBackend: SchedulerBackend is ready for scheduling beginning after reached minRegisteredResourcesRatio: 0.0
[2024-05-21T11:50:05.090+0000] {spark_submit.py:571} INFO - 24/05/21 11:50:05 INFO SharedState: Setting hive.metastore.warehouse.dir ('null') to the value of spark.sql.warehouse.dir.
[2024-05-21T11:50:05.093+0000] {spark_submit.py:571} INFO - 24/05/21 11:50:05 INFO SharedState: Warehouse path is 'file:/opt/***/spark-warehouse'.
[2024-05-21T11:50:07.227+0000] {spark_submit.py:571} INFO - INFO:py4j.java_gateway:Callback Server Starting
[2024-05-21T11:50:07.235+0000] {spark_submit.py:571} INFO - INFO:py4j.java_gateway:Socket listening on ('127.0.0.1', 36901)
[2024-05-21T11:50:07.256+0000] {spark_submit.py:571} INFO - 24/05/21 11:50:07 INFO StateStoreCoordinatorRef: Registered StateStoreCoordinator endpoint
[2024-05-21T11:50:07.318+0000] {spark_submit.py:571} INFO - 24/05/21 11:50:07 WARN ResolveWriteToStream: Temporary checkpoint location created which is deleted normally when the query didn't fail: /tmp/temporary-94666e64-466d-4cac-a81a-ad5807deed0f. If it's required to delete it under any circumstances, please set spark.sql.streaming.forceDeleteTempCheckpointLocation to true. Important to know deleting temp checkpoint folder is best effort.
[2024-05-21T11:50:07.358+0000] {spark_submit.py:571} INFO - 24/05/21 11:50:07 INFO ResolveWriteToStream: Checkpoint root file:///tmp/temporary-94666e64-466d-4cac-a81a-ad5807deed0f resolved to file:/tmp/temporary-94666e64-466d-4cac-a81a-ad5807deed0f.
[2024-05-21T11:50:07.362+0000] {spark_submit.py:571} INFO - 24/05/21 11:50:07 WARN ResolveWriteToStream: spark.sql.adaptive.enabled is not supported in streaming DataFrames/Datasets and will be disabled.
[2024-05-21T11:50:07.441+0000] {spark_submit.py:571} INFO - 24/05/21 11:50:07 INFO CheckpointFileManager: Writing atomically to file:/tmp/temporary-94666e64-466d-4cac-a81a-ad5807deed0f/metadata using temp file file:/tmp/temporary-94666e64-466d-4cac-a81a-ad5807deed0f/.metadata.8c116fe5-def3-4c74-8f26-1606a3cb3cea.tmp
[2024-05-21T11:50:07.545+0000] {spark_submit.py:571} INFO - 24/05/21 11:50:07 INFO CheckpointFileManager: Renamed temp file file:/tmp/temporary-94666e64-466d-4cac-a81a-ad5807deed0f/.metadata.8c116fe5-def3-4c74-8f26-1606a3cb3cea.tmp to file:/tmp/temporary-94666e64-466d-4cac-a81a-ad5807deed0f/metadata
[2024-05-21T11:50:07.594+0000] {spark_submit.py:571} INFO - 24/05/21 11:50:07 INFO MicroBatchExecution: Starting [id = 327d9d52-9398-4edb-99d4-ff0ef065e493, runId = e6dbda72-06b2-42b8-9871-a1d3b8764d72]. Use file:/tmp/temporary-94666e64-466d-4cac-a81a-ad5807deed0f to store the query checkpoint.
[2024-05-21T11:50:07.699+0000] {spark_submit.py:571} INFO - 24/05/21 11:50:07 INFO MicroBatchExecution: Reading table [org.apache.spark.sql.kafka010.KafkaSourceProvider$KafkaTable@7e5eebcf] from DataSourceV2 named 'kafka' [org.apache.spark.sql.kafka010.KafkaSourceProvider@71cdb275]
[2024-05-21T11:50:07.733+0000] {spark_submit.py:571} INFO - 24/05/21 11:50:07 INFO OffsetSeqLog: BatchIds found from listing:
[2024-05-21T11:50:07.735+0000] {spark_submit.py:571} INFO - 24/05/21 11:50:07 INFO OffsetSeqLog: BatchIds found from listing:
[2024-05-21T11:50:07.735+0000] {spark_submit.py:571} INFO - 24/05/21 11:50:07 INFO MicroBatchExecution: Starting new streaming query.
[2024-05-21T11:50:07.737+0000] {spark_submit.py:571} INFO - 24/05/21 11:50:07 INFO MicroBatchExecution: Stream started from {}
[2024-05-21T11:50:08.257+0000] {spark_submit.py:571} INFO - 24/05/21 11:50:08 INFO AdminClientConfig: AdminClientConfig values:
[2024-05-21T11:50:08.259+0000] {spark_submit.py:571} INFO - auto.include.jmx.reporter = true
[2024-05-21T11:50:08.260+0000] {spark_submit.py:571} INFO - bootstrap.servers = [kafka:9092]
[2024-05-21T11:50:08.260+0000] {spark_submit.py:571} INFO - client.dns.lookup = use_all_dns_ips
[2024-05-21T11:50:08.260+0000] {spark_submit.py:571} INFO - client.id =
[2024-05-21T11:50:08.260+0000] {spark_submit.py:571} INFO - connections.max.idle.ms = 300000
[2024-05-21T11:50:08.261+0000] {spark_submit.py:571} INFO - default.api.timeout.ms = 60000
[2024-05-21T11:50:08.261+0000] {spark_submit.py:571} INFO - metadata.max.age.ms = 300000
[2024-05-21T11:50:08.261+0000] {spark_submit.py:571} INFO - metric.reporters = []
[2024-05-21T11:50:08.261+0000] {spark_submit.py:571} INFO - metrics.num.samples = 2
[2024-05-21T11:50:08.261+0000] {spark_submit.py:571} INFO - metrics.recording.level = INFO
[2024-05-21T11:50:08.261+0000] {spark_submit.py:571} INFO - metrics.sample.window.ms = 30000
[2024-05-21T11:50:08.262+0000] {spark_submit.py:571} INFO - receive.buffer.bytes = 65536
[2024-05-21T11:50:08.262+0000] {spark_submit.py:571} INFO - reconnect.backoff.max.ms = 1000
[2024-05-21T11:50:08.262+0000] {spark_submit.py:571} INFO - reconnect.backoff.ms = 50
[2024-05-21T11:50:08.262+0000] {spark_submit.py:571} INFO - request.timeout.ms = 30000
[2024-05-21T11:50:08.262+0000] {spark_submit.py:571} INFO - retries = 2147483647
[2024-05-21T11:50:08.263+0000] {spark_submit.py:571} INFO - retry.backoff.ms = 100
[2024-05-21T11:50:08.263+0000] {spark_submit.py:571} INFO - sasl.client.callback.handler.class = null
[2024-05-21T11:50:08.263+0000] {spark_submit.py:571} INFO - sasl.jaas.config = null
[2024-05-21T11:50:08.263+0000] {spark_submit.py:571} INFO - sasl.kerberos.kinit.cmd = /usr/bin/kinit
[2024-05-21T11:50:08.263+0000] {spark_submit.py:571} INFO - sasl.kerberos.min.time.before.relogin = 60000
[2024-05-21T11:50:08.263+0000] {spark_submit.py:571} INFO - sasl.kerberos.service.name = null
[2024-05-21T11:50:08.264+0000] {spark_submit.py:571} INFO - sasl.kerberos.ticket.renew.jitter = 0.05
[2024-05-21T11:50:08.264+0000] {spark_submit.py:571} INFO - sasl.kerberos.ticket.renew.window.factor = 0.8
[2024-05-21T11:50:08.265+0000] {spark_submit.py:571} INFO - sasl.login.callback.handler.class = null
[2024-05-21T11:50:08.265+0000] {spark_submit.py:571} INFO - sasl.login.class = null
[2024-05-21T11:50:08.265+0000] {spark_submit.py:571} INFO - sasl.login.connect.timeout.ms = null
[2024-05-21T11:50:08.266+0000] {spark_submit.py:571} INFO - sasl.login.read.timeout.ms = null
[2024-05-21T11:50:08.266+0000] {spark_submit.py:571} INFO - sasl.login.refresh.buffer.seconds = 300
[2024-05-21T11:50:08.266+0000] {spark_submit.py:571} INFO - sasl.login.refresh.min.period.seconds = 60
[2024-05-21T11:50:08.267+0000] {spark_submit.py:571} INFO - sasl.login.refresh.window.factor = 0.8
[2024-05-21T11:50:08.267+0000] {spark_submit.py:571} INFO - sasl.login.refresh.window.jitter = 0.05
[2024-05-21T11:50:08.267+0000] {spark_submit.py:571} INFO - sasl.login.retry.backoff.max.ms = 10000
[2024-05-21T11:50:08.267+0000] {spark_submit.py:571} INFO - sasl.login.retry.backoff.ms = 100
[2024-05-21T11:50:08.268+0000] {spark_submit.py:571} INFO - sasl.mechanism = GSSAPI
[2024-05-21T11:50:08.268+0000] {spark_submit.py:571} INFO - sasl.oauthbearer.clock.skew.seconds = 30
[2024-05-21T11:50:08.268+0000] {spark_submit.py:571} INFO - sasl.oauthbearer.expected.audience = null
[2024-05-21T11:50:08.268+0000] {spark_submit.py:571} INFO - sasl.oauthbearer.expected.issuer = null
[2024-05-21T11:50:08.269+0000] {spark_submit.py:571} INFO - sasl.oauthbearer.jwks.endpoint.refresh.ms = 3600000
[2024-05-21T11:50:08.269+0000] {spark_submit.py:571} INFO - sasl.oauthbearer.jwks.endpoint.retry.backoff.max.ms = 10000
[2024-05-21T11:50:08.269+0000] {spark_submit.py:571} INFO - sasl.oauthbearer.jwks.endpoint.retry.backoff.ms = 100
[2024-05-21T11:50:08.269+0000] {spark_submit.py:571} INFO - sasl.oauthbearer.jwks.endpoint.url = null
[2024-05-21T11:50:08.270+0000] {spark_submit.py:571} INFO - sasl.oauthbearer.scope.claim.name = scope
[2024-05-21T11:50:08.270+0000] {spark_submit.py:571} INFO - sasl.oauthbearer.sub.claim.name = sub
[2024-05-21T11:50:08.270+0000] {spark_submit.py:571} INFO - sasl.oauthbearer.token.endpoint.url = null
[2024-05-21T11:50:08.270+0000] {spark_submit.py:571} INFO - security.protocol = PLAINTEXT
[2024-05-21T11:50:08.270+0000] {spark_submit.py:571} INFO - security.providers = null
[2024-05-21T11:50:08.270+0000] {spark_submit.py:571} INFO - send.buffer.bytes = 131072
[2024-05-21T11:50:08.271+0000] {spark_submit.py:571} INFO - socket.connection.setup.timeout.max.ms = 30000
[2024-05-21T11:50:08.271+0000] {spark_submit.py:571} INFO - socket.connection.setup.timeout.ms = 10000
[2024-05-21T11:50:08.271+0000] {spark_submit.py:571} INFO - ssl.cipher.suites = null
[2024-05-21T11:50:08.271+0000] {spark_submit.py:571} INFO - ssl.enabled.protocols = [TLSv1.2, TLSv1.3]
[2024-05-21T11:50:08.271+0000] {spark_submit.py:571} INFO - ssl.endpoint.identification.algorithm = https
[2024-05-21T11:50:08.272+0000] {spark_submit.py:571} INFO - ssl.engine.factory.class = null
[2024-05-21T11:50:08.272+0000] {spark_submit.py:571} INFO - ssl.key.password = null
[2024-05-21T11:50:08.272+0000] {spark_submit.py:571} INFO - ssl.keymanager.algorithm = SunX509
[2024-05-21T11:50:08.272+0000] {spark_submit.py:571} INFO - ssl.keystore.certificate.chain = null
[2024-05-21T11:50:08.272+0000] {spark_submit.py:571} INFO - ssl.keystore.key = null
[2024-05-21T11:50:08.273+0000] {spark_submit.py:571} INFO - ssl.keystore.location = null
[2024-05-21T11:50:08.273+0000] {spark_submit.py:571} INFO - ssl.keystore.password = null
[2024-05-21T11:50:08.273+0000] {spark_submit.py:571} INFO - ssl.keystore.type = JKS
[2024-05-21T11:50:08.273+0000] {spark_submit.py:571} INFO - ssl.protocol = TLSv1.3
[2024-05-21T11:50:08.273+0000] {spark_submit.py:571} INFO - ssl.provider = null
[2024-05-21T11:50:08.274+0000] {spark_submit.py:571} INFO - ssl.secure.random.implementation = null
[2024-05-21T11:50:08.274+0000] {spark_submit.py:571} INFO - ssl.trustmanager.algorithm = PKIX
[2024-05-21T11:50:08.274+0000] {spark_submit.py:571} INFO - ssl.truststore.certificates = null
[2024-05-21T11:50:08.274+0000] {spark_submit.py:571} INFO - ssl.truststore.location = null
[2024-05-21T11:50:08.274+0000] {spark_submit.py:571} INFO - ssl.truststore.password = null
[2024-05-21T11:50:08.275+0000] {spark_submit.py:571} INFO - ssl.truststore.type = JKS
[2024-05-21T11:50:08.275+0000] {spark_submit.py:571} INFO - 
[2024-05-21T11:50:08.332+0000] {spark_submit.py:571} INFO - 24/05/21 11:50:08 INFO AdminClientConfig: These configurations '[key.deserializer, value.deserializer, enable.auto.commit, max.poll.records, auto.offset.reset]' were supplied but are not used yet.
[2024-05-21T11:50:08.334+0000] {spark_submit.py:571} INFO - 24/05/21 11:50:08 INFO AppInfoParser: Kafka version: 3.5.1
[2024-05-21T11:50:08.334+0000] {spark_submit.py:571} INFO - 24/05/21 11:50:08 INFO AppInfoParser: Kafka commitId: 2c6fb6c54472e90a
[2024-05-21T11:50:08.334+0000] {spark_submit.py:571} INFO - 24/05/21 11:50:08 INFO AppInfoParser: Kafka startTimeMs: 1716292208332
[2024-05-21T11:50:08.558+0000] {spark_submit.py:571} INFO - 24/05/21 11:50:08 INFO StandaloneSchedulerBackend$StandaloneDriverEndpoint: Registered executor NettyRpcEndpointRef(spark-client://Executor) (172.25.0.7:44076) with ID 0,  ResourceProfileId 0
[2024-05-21T11:50:08.630+0000] {spark_submit.py:571} INFO - 24/05/21 11:50:08 INFO BlockManagerMasterEndpoint: Registering block manager 172.25.0.7:46679 with 434.4 MiB RAM, BlockManagerId(0, 172.25.0.7, 46679, None)
[2024-05-21T11:50:08.732+0000] {spark_submit.py:571} INFO - 24/05/21 11:50:08 INFO CheckpointFileManager: Writing atomically to file:/tmp/temporary-94666e64-466d-4cac-a81a-ad5807deed0f/sources/0/0 using temp file file:/tmp/temporary-94666e64-466d-4cac-a81a-ad5807deed0f/sources/0/.0.b3a83036-bbde-400a-b2cc-2a901f1f0155.tmp
[2024-05-21T11:50:08.757+0000] {spark_submit.py:571} INFO - 24/05/21 11:50:08 INFO CheckpointFileManager: Renamed temp file file:/tmp/temporary-94666e64-466d-4cac-a81a-ad5807deed0f/sources/0/.0.b3a83036-bbde-400a-b2cc-2a901f1f0155.tmp to file:/tmp/temporary-94666e64-466d-4cac-a81a-ad5807deed0f/sources/0/0
[2024-05-21T11:50:08.758+0000] {spark_submit.py:571} INFO - 24/05/21 11:50:08 INFO KafkaMicroBatchStream: Initial offsets: {"redfin_properties":{"0":0}}
[2024-05-21T11:50:08.776+0000] {spark_submit.py:571} INFO - 24/05/21 11:50:08 INFO CheckpointFileManager: Writing atomically to file:/tmp/temporary-94666e64-466d-4cac-a81a-ad5807deed0f/offsets/0 using temp file file:/tmp/temporary-94666e64-466d-4cac-a81a-ad5807deed0f/offsets/.0.74d22539-fcbe-40f7-bebe-e1607b71ad0a.tmp
[2024-05-21T11:50:08.824+0000] {spark_submit.py:571} INFO - 24/05/21 11:50:08 INFO CheckpointFileManager: Renamed temp file file:/tmp/temporary-94666e64-466d-4cac-a81a-ad5807deed0f/offsets/.0.74d22539-fcbe-40f7-bebe-e1607b71ad0a.tmp to file:/tmp/temporary-94666e64-466d-4cac-a81a-ad5807deed0f/offsets/0
[2024-05-21T11:50:08.827+0000] {spark_submit.py:571} INFO - 24/05/21 11:50:08 INFO MicroBatchExecution: Committed offsets for batch 0. Metadata OffsetSeqMetadata(0,1716292208768,Map(spark.sql.streaming.stateStore.providerClass -> org.apache.spark.sql.execution.streaming.state.HDFSBackedStateStoreProvider, spark.sql.streaming.join.stateFormatVersion -> 2, spark.sql.streaming.stateStore.compression.codec -> lz4, spark.sql.streaming.stateStore.rocksdb.formatVersion -> 5, spark.sql.streaming.statefulOperator.useStrictDistribution -> true, spark.sql.streaming.flatMapGroupsWithState.stateFormatVersion -> 2, spark.sql.streaming.multipleWatermarkPolicy -> min, spark.sql.streaming.aggregation.stateFormatVersion -> 2, spark.sql.shuffle.partitions -> 200))
[2024-05-21T11:50:09.418+0000] {spark_submit.py:571} INFO - 24/05/21 11:50:09 INFO KafkaOffsetReaderAdmin: Partitions added: Map()
[2024-05-21T11:50:09.484+0000] {spark_submit.py:571} INFO - 24/05/21 11:50:09 INFO KafkaOffsetReaderAdmin: Partitions added: Map()
[2024-05-21T11:50:09.601+0000] {spark_submit.py:571} INFO - 24/05/21 11:50:09 INFO KafkaOffsetReaderAdmin: Partitions added: Map()
[2024-05-21T11:50:09.610+0000] {spark_submit.py:571} INFO - 24/05/21 11:50:09 INFO KafkaOffsetReaderAdmin: Partitions added: Map()
[2024-05-21T11:50:10.245+0000] {spark_submit.py:571} INFO - 24/05/21 11:50:10 INFO CodeGenerator: Code generated in 406.282167 ms
[2024-05-21T11:50:10.365+0000] {spark_submit.py:571} INFO - INFO:py4j.clientserver:Python Server ready to receive messages
[2024-05-21T11:50:10.366+0000] {spark_submit.py:571} INFO - INFO:py4j.clientserver:Received command c on object id p0
[2024-05-21T11:50:10.421+0000] {spark_submit.py:571} INFO - 24/05/21 11:50:10 INFO CodeGenerator: Code generated in 34.240334 ms
[2024-05-21T12:00:29.616+0000] {spark_submit.py:571} INFO - 24/05/21 12:00:29 INFO SparkContext: Starting job: call at /home/***/.local/lib/python3.11/site-packages/pyspark/python/lib/py4j-0.10.9.7-src.zip/py4j/clientserver.py:617
[2024-05-21T12:00:29.635+0000] {spark_submit.py:571} INFO - 24/05/21 12:00:29 INFO DAGScheduler: Got job 0 (call at /home/***/.local/lib/python3.11/site-packages/pyspark/python/lib/py4j-0.10.9.7-src.zip/py4j/clientserver.py:617) with 1 output partitions
[2024-05-21T12:00:29.636+0000] {spark_submit.py:571} INFO - 24/05/21 12:00:29 INFO DAGScheduler: Final stage: ResultStage 0 (call at /home/***/.local/lib/python3.11/site-packages/pyspark/python/lib/py4j-0.10.9.7-src.zip/py4j/clientserver.py:617)
[2024-05-21T12:00:29.637+0000] {spark_submit.py:571} INFO - 24/05/21 12:00:29 INFO DAGScheduler: Parents of final stage: List()
[2024-05-21T12:00:29.638+0000] {spark_submit.py:571} INFO - 24/05/21 12:00:29 INFO DAGScheduler: Missing parents: List()
[2024-05-21T12:00:29.642+0000] {spark_submit.py:571} INFO - 24/05/21 12:00:29 INFO DAGScheduler: Submitting ResultStage 0 (PythonRDD[9] at call at /home/***/.local/lib/python3.11/site-packages/pyspark/python/lib/py4j-0.10.9.7-src.zip/py4j/clientserver.py:617), which has no missing parents
[2024-05-21T12:00:29.767+0000] {spark_submit.py:571} INFO - 24/05/21 12:00:29 INFO MemoryStore: Block broadcast_0 stored as values in memory (estimated size 69.8 KiB, free 434.3 MiB)
[2024-05-21T12:00:29.909+0000] {spark_submit.py:571} INFO - 24/05/21 12:00:29 INFO MemoryStore: Block broadcast_0_piece0 stored as bytes in memory (estimated size 25.5 KiB, free 434.3 MiB)
[2024-05-21T12:00:29.916+0000] {spark_submit.py:571} INFO - 24/05/21 12:00:29 INFO BlockManagerInfo: Added broadcast_0_piece0 in memory on f39758f400c5:39417 (size: 25.5 KiB, free: 434.4 MiB)
[2024-05-21T12:00:29.933+0000] {spark_submit.py:571} INFO - 24/05/21 12:00:29 INFO SparkContext: Created broadcast 0 from broadcast at DAGScheduler.scala:1585
[2024-05-21T12:00:29.973+0000] {spark_submit.py:571} INFO - 24/05/21 12:00:29 INFO DAGScheduler: Submitting 1 missing tasks from ResultStage 0 (PythonRDD[9] at call at /home/***/.local/lib/python3.11/site-packages/pyspark/python/lib/py4j-0.10.9.7-src.zip/py4j/clientserver.py:617) (first 15 tasks are for partitions Vector(0))
[2024-05-21T12:00:29.975+0000] {spark_submit.py:571} INFO - 24/05/21 12:00:29 INFO TaskSchedulerImpl: Adding task set 0.0 with 1 tasks resource profile 0
[2024-05-21T12:00:30.024+0000] {spark_submit.py:571} INFO - 24/05/21 12:00:30 INFO TaskSetManager: Starting task 0.0 in stage 0.0 (TID 0) (172.25.0.7, executor 0, partition 0, PROCESS_LOCAL, 14269 bytes)
[2024-05-21T12:00:30.860+0000] {spark_submit.py:571} INFO - 24/05/21 12:00:30 INFO BlockManagerInfo: Added broadcast_0_piece0 in memory on 172.25.0.7:46679 (size: 25.5 KiB, free: 434.4 MiB)
[2024-05-21T12:00:39.377+0000] {spark_submit.py:571} INFO - 24/05/21 12:00:39 INFO TaskSetManager: Finished task 0.0 in stage 0.0 (TID 0) in 9371 ms on 172.25.0.7 (executor 0) (1/1)
[2024-05-21T12:00:39.403+0000] {spark_submit.py:571} INFO - 24/05/21 12:00:39 INFO TaskSchedulerImpl: Removed TaskSet 0.0, whose tasks have all completed, from pool
[2024-05-21T12:00:39.408+0000] {spark_submit.py:571} INFO - 24/05/21 12:00:39 INFO PythonAccumulatorV2: Connected to AccumulatorServer at host: 127.0.0.1 port: 49139
[2024-05-21T12:00:39.418+0000] {spark_submit.py:571} INFO - 24/05/21 12:00:39 INFO DAGScheduler: ResultStage 0 (call at /home/***/.local/lib/python3.11/site-packages/pyspark/python/lib/py4j-0.10.9.7-src.zip/py4j/clientserver.py:617) finished in 9.763 s
[2024-05-21T12:00:39.422+0000] {spark_submit.py:571} INFO - 24/05/21 12:00:39 INFO DAGScheduler: Job 0 is finished. Cancelling potential speculative or zombie tasks for this job
[2024-05-21T12:00:39.423+0000] {spark_submit.py:571} INFO - 24/05/21 12:00:39 INFO TaskSchedulerImpl: Killing all running tasks in stage 0: Stage finished
[2024-05-21T12:00:39.429+0000] {spark_submit.py:571} INFO - 24/05/21 12:00:39 INFO DAGScheduler: Job 0 finished: call at /home/***/.local/lib/python3.11/site-packages/pyspark/python/lib/py4j-0.10.9.7-src.zip/py4j/clientserver.py:617, took 9.812119 s
[2024-05-21T12:00:39.526+0000] {spark_submit.py:571} INFO - 24/05/21 12:00:39 INFO CheckpointFileManager: Writing atomically to file:/tmp/temporary-94666e64-466d-4cac-a81a-ad5807deed0f/commits/0 using temp file file:/tmp/temporary-94666e64-466d-4cac-a81a-ad5807deed0f/commits/.0.9682bb34-73f6-4348-a8b9-e5e21cf2a9d9.tmp
[2024-05-21T12:00:39.592+0000] {spark_submit.py:571} INFO - 24/05/21 12:00:39 INFO CheckpointFileManager: Renamed temp file file:/tmp/temporary-94666e64-466d-4cac-a81a-ad5807deed0f/commits/.0.9682bb34-73f6-4348-a8b9-e5e21cf2a9d9.tmp to file:/tmp/temporary-94666e64-466d-4cac-a81a-ad5807deed0f/commits/0
[2024-05-21T12:00:39.647+0000] {spark_submit.py:571} INFO - 24/05/21 12:00:39 INFO MicroBatchExecution: Streaming query made progress: {
[2024-05-21T12:00:39.648+0000] {spark_submit.py:571} INFO - "id" : "327d9d52-9398-4edb-99d4-ff0ef065e493",
[2024-05-21T12:00:39.648+0000] {spark_submit.py:571} INFO - "runId" : "e6dbda72-06b2-42b8-9871-a1d3b8764d72",
[2024-05-21T12:00:39.648+0000] {spark_submit.py:571} INFO - "name" : null,
[2024-05-21T12:00:39.648+0000] {spark_submit.py:571} INFO - "timestamp" : "2024-05-21T11:50:07.726Z",
[2024-05-21T12:00:39.649+0000] {spark_submit.py:571} INFO - "batchId" : 0,
[2024-05-21T12:00:39.649+0000] {spark_submit.py:571} INFO - "numInputRows" : 22,
[2024-05-21T12:00:39.649+0000] {spark_submit.py:571} INFO - "inputRowsPerSecond" : 0.0,
[2024-05-21T12:00:39.649+0000] {spark_submit.py:571} INFO - "processedRowsPerSecond" : 0.03481745367300397,
[2024-05-21T12:00:39.649+0000] {spark_submit.py:571} INFO - "durationMs" : {
[2024-05-21T12:00:39.649+0000] {spark_submit.py:571} INFO - "addBatch" : 629953,
[2024-05-21T12:00:39.649+0000] {spark_submit.py:571} INFO - "commitOffsets" : 102,
[2024-05-21T12:00:39.650+0000] {spark_submit.py:571} INFO - "getBatch" : 16,
[2024-05-21T12:00:39.650+0000] {spark_submit.py:571} INFO - "latestOffset" : 1028,
[2024-05-21T12:00:39.650+0000] {spark_submit.py:571} INFO - "queryPlanning" : 677,
[2024-05-21T12:00:39.650+0000] {spark_submit.py:571} INFO - "triggerExecution" : 631867,
[2024-05-21T12:00:39.651+0000] {spark_submit.py:571} INFO - "walCommit" : 54
[2024-05-21T12:00:39.651+0000] {spark_submit.py:571} INFO - },
[2024-05-21T12:00:39.652+0000] {spark_submit.py:571} INFO - "stateOperators" : [ ],
[2024-05-21T12:00:39.652+0000] {spark_submit.py:571} INFO - "sources" : [ {
[2024-05-21T12:00:39.652+0000] {spark_submit.py:571} INFO - "description" : "KafkaV2[Subscribe[redfin_properties]]",
[2024-05-21T12:00:39.652+0000] {spark_submit.py:571} INFO - "startOffset" : null,
[2024-05-21T12:00:39.652+0000] {spark_submit.py:571} INFO - "endOffset" : {
[2024-05-21T12:00:39.653+0000] {spark_submit.py:571} INFO - "redfin_properties" : {
[2024-05-21T12:00:39.653+0000] {spark_submit.py:571} INFO - "0" : 22
[2024-05-21T12:00:39.653+0000] {spark_submit.py:571} INFO - }
[2024-05-21T12:00:39.653+0000] {spark_submit.py:571} INFO - },
[2024-05-21T12:00:39.654+0000] {spark_submit.py:571} INFO - "latestOffset" : {
[2024-05-21T12:00:39.654+0000] {spark_submit.py:571} INFO - "redfin_properties" : {
[2024-05-21T12:00:39.654+0000] {spark_submit.py:571} INFO - "0" : 22
[2024-05-21T12:00:39.654+0000] {spark_submit.py:571} INFO - }
[2024-05-21T12:00:39.654+0000] {spark_submit.py:571} INFO - },
[2024-05-21T12:00:39.655+0000] {spark_submit.py:571} INFO - "numInputRows" : 22,
[2024-05-21T12:00:39.655+0000] {spark_submit.py:571} INFO - "inputRowsPerSecond" : 0.0,
[2024-05-21T12:00:39.655+0000] {spark_submit.py:571} INFO - "processedRowsPerSecond" : 0.03481745367300397,
[2024-05-21T12:00:39.656+0000] {spark_submit.py:571} INFO - "metrics" : {
[2024-05-21T12:00:39.656+0000] {spark_submit.py:571} INFO - "avgOffsetsBehindLatest" : "0.0",
[2024-05-21T12:00:39.656+0000] {spark_submit.py:571} INFO - "maxOffsetsBehindLatest" : "0",
[2024-05-21T12:00:39.657+0000] {spark_submit.py:571} INFO - "minOffsetsBehindLatest" : "0"
[2024-05-21T12:00:39.657+0000] {spark_submit.py:571} INFO - }
[2024-05-21T12:00:39.657+0000] {spark_submit.py:571} INFO - } ],
[2024-05-21T12:00:39.657+0000] {spark_submit.py:571} INFO - "sink" : {
[2024-05-21T12:00:39.658+0000] {spark_submit.py:571} INFO - "description" : "ForeachBatchSink",
[2024-05-21T12:00:39.658+0000] {spark_submit.py:571} INFO - "numOutputRows" : -1
[2024-05-21T12:00:39.658+0000] {spark_submit.py:571} INFO - }
[2024-05-21T12:00:39.659+0000] {spark_submit.py:571} INFO - }
[2024-05-21T12:00:49.643+0000] {spark_submit.py:571} INFO - 24/05/21 12:00:49 INFO MicroBatchExecution: Streaming query has been idle and waiting for new data more than 10000 ms.
[2024-05-21T12:00:59.639+0000] {spark_submit.py:571} INFO - 24/05/21 12:00:59 INFO MicroBatchExecution: Streaming query has been idle and waiting for new data more than 10000 ms.
[2024-05-21T12:01:09.043+0000] {spark_submit.py:571} INFO - 24/05/21 12:01:09 INFO BlockManagerInfo: Removed broadcast_0_piece0 on f39758f400c5:39417 in memory (size: 25.5 KiB, free: 434.4 MiB)
[2024-05-21T12:01:09.102+0000] {spark_submit.py:571} INFO - 24/05/21 12:01:09 INFO BlockManagerInfo: Removed broadcast_0_piece0 on 172.25.0.7:46679 in memory (size: 25.5 KiB, free: 434.4 MiB)
[2024-05-21T12:01:09.636+0000] {spark_submit.py:571} INFO - 24/05/21 12:01:09 INFO MicroBatchExecution: Streaming query has been idle and waiting for new data more than 10000 ms.
[2024-05-21T12:01:19.675+0000] {spark_submit.py:571} INFO - 24/05/21 12:01:19 INFO MicroBatchExecution: Streaming query has been idle and waiting for new data more than 10000 ms.
[2024-05-21T12:14:52.653+0000] {spark_submit.py:571} INFO - 24/05/21 12:14:52 INFO MicroBatchExecution: Streaming query has been idle and waiting for new data more than 10000 ms.
[2024-05-21T12:15:01.082+0000] {local_task_job_runner.py:310} WARNING - State of this instance has been externally set to up_for_retry. Terminating instance.
[2024-05-21T12:15:01.117+0000] {local_task_job_runner.py:222} INFO - ::endgroup::
[2024-05-21T12:15:01.126+0000] {process_utils.py:132} INFO - Sending 15 to group 8815. PIDs of all processes in the group: [8816, 8872, 8815]
[2024-05-21T12:15:01.128+0000] {process_utils.py:87} INFO - Sending the signal 15 to group 8815
[2024-05-21T12:15:01.133+0000] {taskinstance.py:2611} ERROR - Received SIGTERM. Terminating subprocesses.
[2024-05-21T12:15:01.140+0000] {spark_submit.py:697} INFO - Sending kill signal to spark-submit
[2024-05-21T12:15:01.152+0000] {taskinstance.py:441} INFO - ::group::Post task execution logs
[2024-05-21T12:15:01.269+0000] {process_utils.py:80} INFO - Process psutil.Process(pid=8872, status='terminated', started='11:49:59') (8872) terminated with exit code None
[2024-05-21T12:15:01.347+0000] {taskinstance.py:2905} ERROR - Task failed with exception
Traceback (most recent call last):
  File "/home/airflow/.local/lib/python3.11/site-packages/airflow/models/taskinstance.py", line 465, in _execute_task
    result = _execute_callable(context=context, **execute_callable_kwargs)
             ^^^^^^^^^^^^^^^^^^^^^^^^^^^^^^^^^^^^^^^^^^^^^^^^^^^^^^^^^^^^^
  File "/home/airflow/.local/lib/python3.11/site-packages/airflow/models/taskinstance.py", line 432, in _execute_callable
    return execute_callable(context=context, **execute_callable_kwargs)
           ^^^^^^^^^^^^^^^^^^^^^^^^^^^^^^^^^^^^^^^^^^^^^^^^^^^^^^^^^^^^
  File "/home/airflow/.local/lib/python3.11/site-packages/airflow/models/baseoperator.py", line 400, in wrapper
    return func(self, *args, **kwargs)
           ^^^^^^^^^^^^^^^^^^^^^^^^^^^
  File "/home/airflow/.local/lib/python3.11/site-packages/airflow/providers/apache/spark/operators/spark_submit.py", line 174, in execute
    self._hook.submit(self.application)
  File "/home/airflow/.local/lib/python3.11/site-packages/airflow/providers/apache/spark/hooks/spark_submit.py", line 490, in submit
    self._process_spark_submit_log(iter(self._submit_sp.stdout))  # type: ignore
    ^^^^^^^^^^^^^^^^^^^^^^^^^^^^^^^^^^^^^^^^^^^^^^^^^^^^^^^^^^^^
  File "/home/airflow/.local/lib/python3.11/site-packages/airflow/providers/apache/spark/hooks/spark_submit.py", line 539, in _process_spark_submit_log
    for line in itr:
  File "/home/airflow/.local/lib/python3.11/site-packages/airflow/models/taskinstance.py", line 2613, in signal_handler
    raise AirflowTaskTerminated("Task received SIGTERM signal")
airflow.exceptions.AirflowTaskTerminated: Task received SIGTERM signal
[2024-05-21T12:15:01.463+0000] {taskinstance.py:1206} INFO - Marking task as FAILED. dag_id=Redfin_Webscraping_ETL, task_id=Process_and_Send_Data_to_DB, run_id=scheduled__2024-05-20T00:00:00+00:00, execution_date=20240520T000000, start_date=20240521T114956, end_date=20240521T121501
[2024-05-21T12:15:01.654+0000] {process_utils.py:80} INFO - Process psutil.Process(pid=8816, status='terminated', started='11:49:55') (8816) terminated with exit code None
[2024-05-21T12:15:01.655+0000] {process_utils.py:80} INFO - Process psutil.Process(pid=8815, status='terminated', exitcode=2, started='11:49:55') (8815) terminated with exit code 2
