[2024-05-17T17:05:25.590+0000] {local_task_job_runner.py:120} INFO - ::group::Pre task execution logs
[2024-05-17T17:05:25.625+0000] {taskinstance.py:2076} INFO - Dependencies all met for dep_context=non-requeueable deps ti=<TaskInstance: Webscrape.Ingest_Data manual__2024-05-17T17:05:19.254819+00:00 [queued]>
[2024-05-17T17:05:25.631+0000] {taskinstance.py:2076} INFO - Dependencies all met for dep_context=requeueable deps ti=<TaskInstance: Webscrape.Ingest_Data manual__2024-05-17T17:05:19.254819+00:00 [queued]>
[2024-05-17T17:05:25.631+0000] {taskinstance.py:2306} INFO - Starting attempt 1 of 6
[2024-05-17T17:05:25.642+0000] {taskinstance.py:2330} INFO - Executing <Task(PythonOperator): Ingest_Data> on 2024-05-17 17:05:19.254819+00:00
[2024-05-17T17:05:25.668+0000] {standard_task_runner.py:63} INFO - Started process 5152 to run task
[2024-05-17T17:05:25.701+0000] {standard_task_runner.py:90} INFO - Running: ['***', 'tasks', 'run', 'Webscrape', 'Ingest_Data', 'manual__2024-05-17T17:05:19.254819+00:00', '--job-id', '226', '--raw', '--subdir', 'DAGS_FOLDER/webscrapping.py', '--cfg-path', '/tmp/tmpu9bf7r3o']
[2024-05-17T17:05:25.725+0000] {standard_task_runner.py:91} INFO - Job 226: Subtask Ingest_Data
[2024-05-17T17:05:26.513+0000] {task_command.py:426} INFO - Running <TaskInstance: Webscrape.Ingest_Data manual__2024-05-17T17:05:19.254819+00:00 [running]> on host 3e429f118033
[2024-05-17T17:05:26.728+0000] {taskinstance.py:2648} INFO - Exporting env vars: AIRFLOW_CTX_DAG_OWNER='svc' AIRFLOW_CTX_DAG_ID='Webscrape' AIRFLOW_CTX_TASK_ID='Ingest_Data' AIRFLOW_CTX_EXECUTION_DATE='2024-05-17T17:05:19.254819+00:00' AIRFLOW_CTX_TRY_NUMBER='1' AIRFLOW_CTX_DAG_RUN_ID='manual__2024-05-17T17:05:19.254819+00:00'
[2024-05-17T17:05:26.732+0000] {taskinstance.py:430} INFO - ::endgroup::
[2024-05-17T17:05:26.786+0000] {conn.py:362} INFO - <BrokerConnection node_id=bootstrap-0 host=kafka:9092 <connecting> [IPv4 ('172.24.0.6', 9092)]>: connecting to kafka:9092 [('172.24.0.6', 9092) IPv4]
[2024-05-17T17:05:26.788+0000] {conn.py:957} INFO - Probing node bootstrap-0 broker version
[2024-05-17T17:05:26.790+0000] {conn.py:393} INFO - <BrokerConnection node_id=bootstrap-0 host=kafka:9092 <connecting> [IPv4 ('172.24.0.6', 9092)]>: Connection complete.
[2024-05-17T17:05:26.914+0000] {conn.py:1019} INFO - Broker version identified as 2.6.0
[2024-05-17T17:05:26.919+0000] {conn.py:1020} INFO - Set configuration api_version=(2, 6, 0) to skip auto check_version requests on startup
[2024-05-17T17:05:29.197+0000] {logging_mixin.py:188} INFO - Connecting to Scraping Browser...
[2024-05-17T17:05:31.809+0000] {logging_mixin.py:188} INFO - Connected! Navigating to https://www.redfin.com...
[2024-05-17T17:05:45.172+0000] {logging_mixin.py:188} INFO - Searching...
[2024-05-17T17:05:48.692+0000] {logging_mixin.py:188} INFO - --------
[2024-05-17T17:05:48.700+0000] {logging_mixin.py:188} INFO - 1
[2024-05-17T17:05:48.703+0000] {logging_mixin.py:188} INFO - Navigating to Listing page: https://www.redfin.com/NC/Charlotte/17113-Soho-Dr-28204/home/170607944
[2024-05-17T17:06:10.292+0000] {logging_mixin.py:188} INFO - Extracting Pictures
[2024-05-17T17:06:12.918+0000] {logging_mixin.py:188} INFO - Extracting Key Details
[2024-05-17T17:06:14.612+0000] {logging_mixin.py:188} INFO - Extracting Listing Agent Details
[2024-05-17T17:06:15.687+0000] {logging_mixin.py:188} INFO - Extracting Redfin Agent Details
[2024-05-17T17:06:16.591+0000] {logging_mixin.py:188} INFO - Extracting Property Details
[2024-05-17T17:06:19.006+0000] {logging_mixin.py:188} INFO - {
  "address": "17113 Soho Dr Charlotte NC 28204",
  "price": "760000",
  "beds": "3",
  "baths": "4.5",
  "link": "https://www.redfin.com/NC/Charlotte/17113-Soho-Dr-28204/home/170607944",
  "photos": [
    "https://ssl.cdn-redfin.com/system_files/media/922567_JPG/item_9.jpg",
    "https://ssl.cdn-redfin.com/system_files/media/922567_JPG/genLdpUgcMediaBrowserUrl/item_11.jpg",
    "https://my.matterport.com/api/v2/player/models/ED3A7ghRwH6/thumb",
    "https://ssl.cdn-redfin.com/system_files/media/922567_JPG/genLdpUgcMediaBrowserUrl/item_13.jpg",
    "https://ssl.cdn-redfin.com/system_files/media/922567_JPG/genLdpUgcMediaBrowserUrl/item_14.jpg",
    "https://ssl.cdn-redfin.com/system_files/media/922567_JPG/item_12.jpg",
    "https://ssl.cdn-redfin.com/system_files/media/922567_JPG/item_18.jpg",
    "https://ssl.cdn-redfin.com/system_files/media/922567_JPG/item_24.jpg",
    "https://ssl.cdn-redfin.com/system_files/media/922567_JPG/item_30.jpg",
    "https://ssl.cdn-redfin.com/system_files/media/922567_JPG/item_36.jpg",
    "https://ssl.cdn-redfin.com/system_files/media/922567_JPG/item_43.jpg",
    "https://ssl.cdn-redfin.com/system_files/media/922567_JPG/item_51.jpg"
  ],
  "hoa_fee": "236",
  "buyers_agent_fee": "2.5",
  "listing_agent_name": "Jon Bartholomew",
  "listing_agent_contact": "jonathan.bartholomew@redfin.com",
  "redfin_agent_name": "Stephen Passarelli",
  "finished_sqft": "",
  "unfinished_sqft": "",
  "total_sqft": "",
  "stories": "4",
  "style": "Townhouse",
  "year_built": "2020",
  "year_renovated": "",
  "county": "Mecklenburg County",
  "APN": "08111612"
}
[2024-05-17T17:06:19.011+0000] {logging_mixin.py:188} INFO - Sending Data to Kafka
[2024-05-17T17:06:19.033+0000] {conn.py:362} INFO - <BrokerConnection node_id=1 host=kafka:9092 <connecting> [IPv4 ('172.24.0.6', 9092)]>: connecting to kafka:9092 [('172.24.0.6', 9092) IPv4]
[2024-05-17T17:06:19.036+0000] {conn.py:393} INFO - <BrokerConnection node_id=1 host=kafka:9092 <connecting> [IPv4 ('172.24.0.6', 9092)]>: Connection complete.
[2024-05-17T17:06:19.037+0000] {conn.py:673} INFO - <BrokerConnection node_id=bootstrap-0 host=kafka:9092 <connected> [IPv4 ('172.24.0.6', 9092)]>: Closing connection. 
[2024-05-17T17:06:19.231+0000] {logging_mixin.py:188} INFO - --------
[2024-05-17T17:06:19.231+0000] {logging_mixin.py:188} INFO - 2
[2024-05-17T17:06:19.237+0000] {logging_mixin.py:188} INFO - Navigating to Listing page: https://www.redfin.com/NC/Charlotte/3200-Dunaire-Dr-28205/home/43938459
[2024-05-17T17:06:41.910+0000] {logging_mixin.py:188} INFO - Extracting Pictures
[2024-05-17T17:06:47.867+0000] {logging_mixin.py:188} INFO - Extracting Key Details
[2024-05-17T17:06:49.018+0000] {logging_mixin.py:188} INFO - Extracting Listing Agent Details
[2024-05-17T17:06:50.056+0000] {logging_mixin.py:188} INFO - Extracting Redfin Agent Details
[2024-05-17T17:06:50.682+0000] {logging_mixin.py:188} INFO - Extracting Property Details
[2024-05-17T17:06:52.605+0000] {logging_mixin.py:188} INFO - {
  "address": "3200 Dunaire Dr Charlotte NC 28205",
  "price": "475000",
  "beds": "3",
  "baths": "2",
  "link": "https://www.redfin.com/NC/Charlotte/3200-Dunaire-Dr-28205/home/43938459",
  "photos": [
    "https://ssl.cdn-redfin.com/system_files/media/919050_JPG/item_1.jpg",
    "https://ssl.cdn-redfin.com/system_files/media/919050_JPG/genLdpUgcMediaBrowserUrl/item_2.jpg",
    "https://my.matterport.com/api/v2/player/models/EL5PrvVRLoz/thumb",
    "https://ssl.cdn-redfin.com/system_files/media/919050_JPG/genLdpUgcMediaBrowserUrl/item_4.jpg",
    "https://ssl.cdn-redfin.com/system_files/media/919050_JPG/genLdpUgcMediaBrowserUrl/item_5.jpg",
    "https://ssl.cdn-redfin.com/system_files/media/919050_JPG/item_3.jpg",
    "https://ssl.cdn-redfin.com/system_files/media/919050_JPG/item_11.jpg",
    "https://ssl.cdn-redfin.com/system_files/media/919050_JPG/item_15.jpg",
    "https://ssl.cdn-redfin.com/system_files/media/919050_JPG/item_21.jpg",
    "https://ssl.cdn-redfin.com/system_files/media/919050_JPG/item_27.jpg",
    "https://ssl.cdn-redfin.com/system_files/media/919050_JPG/item_33.jpg",
    "https://ssl.cdn-redfin.com/system_files/media/919050_JPG/item_39.jpg",
    "https://ssl.cdn-redfin.com/system_files/media/919050_JPG/item_45.jpg"
  ],
  "hoa_fee": "",
  "buyers_agent_fee": "2",
  "listing_agent_name": "Lilliah Moseley",
  "listing_agent_contact": "lilliah.moseley@redfin.com",
  "redfin_agent_name": "Stephen Passarelli",
  "finished_sqft": "1442",
  "unfinished_sqft": "",
  "total_sqft": "1442",
  "stories": "1",
  "style": "Single Family Residential",
  "year_built": "1959",
  "year_renovated": "1970",
  "county": "Mecklenburg County",
  "APN": "10112504"
}
[2024-05-17T17:06:52.606+0000] {logging_mixin.py:188} INFO - Sending Data to Kafka
[2024-05-17T17:06:52.767+0000] {logging_mixin.py:188} INFO - --------
[2024-05-17T17:06:52.768+0000] {logging_mixin.py:188} INFO - 3
[2024-05-17T17:06:52.771+0000] {logging_mixin.py:188} INFO - Navigating to Listing page: https://www.redfin.com/NC/Charlotte/2739-Grand-Union-Way-28209/home/148598761
[2024-05-17T17:07:12.309+0000] {logging_mixin.py:188} INFO - Extracting Pictures
[2024-05-17T17:07:15.643+0000] {logging_mixin.py:188} INFO - Extracting Key Details
[2024-05-17T17:07:17.151+0000] {logging_mixin.py:188} INFO - Extracting Listing Agent Details
[2024-05-17T17:07:18.254+0000] {logging_mixin.py:188} INFO - Extracting Redfin Agent Details
[2024-05-17T17:07:18.817+0000] {logging_mixin.py:188} INFO - Extracting Property Details
[2024-05-17T17:07:21.097+0000] {logging_mixin.py:188} INFO - {
  "address": "2739 Grand Union Way Charlotte NC 28209",
  "price": "649900",
  "beds": "3",
  "baths": "3.5",
  "link": "https://www.redfin.com/NC/Charlotte/2739-Grand-Union-Way-28209/home/148598761",
  "photos": [
    "https://ssl.cdn-redfin.com/system_files/media/919615_JPG/item_22.jpg",
    "https://ssl.cdn-redfin.com/system_files/media/919615_JPG/genLdpUgcMediaBrowserUrl/item_38.jpg",
    "https://my.matterport.com/api/v2/player/models/cVZCU4kuhtR/thumb",
    "https://ssl.cdn-redfin.com/system_files/media/919615_JPG/genLdpUgcMediaBrowserUrl/item_30.jpg",
    "https://ssl.cdn-redfin.com/system_files/media/919615_JPG/genLdpUgcMediaBrowserUrl/item_45.jpg",
    "https://ssl.cdn-redfin.com/system_files/media/919615_JPG/item_46.jpg",
    "https://ssl.cdn-redfin.com/system_files/media/919615_JPG/item_1.jpg",
    "https://ssl.cdn-redfin.com/system_files/media/919615_JPG/item_5.jpg",
    "https://ssl.cdn-redfin.com/system_files/media/919615_JPG/item_10.jpg",
    "https://ssl.cdn-redfin.com/system_files/media/919615_JPG/item_18.jpg"
  ],
  "hoa_fee": "262",
  "buyers_agent_fee": "2",
  "listing_agent_name": "Jill Moyer",
  "listing_agent_contact": "jill.moyer@redfin.com",
  "redfin_agent_name": "Stephen Passarelli",
  "finished_sqft": "",
  "unfinished_sqft": "",
  "total_sqft": "",
  "stories": "4",
  "style": "Townhouse",
  "year_built": "2019",
  "year_renovated": "",
  "county": "Mecklenburg County",
  "APN": "14901360"
}
[2024-05-17T17:07:21.099+0000] {logging_mixin.py:188} INFO - Sending Data to Kafka
[2024-05-17T17:07:21.396+0000] {logging_mixin.py:188} INFO - --------
[2024-05-17T17:07:21.398+0000] {logging_mixin.py:188} INFO - 4
[2024-05-17T17:07:21.403+0000] {logging_mixin.py:188} INFO - Navigating to Listing page: https://www.redfin.com/NC/Charlotte/7120-Somerset-Springs-Dr-28262/unit-B/home/44188433
[2024-05-17T17:07:47.170+0000] {logging_mixin.py:188} INFO - Extracting Pictures
[2024-05-17T17:07:50.426+0000] {logging_mixin.py:188} INFO - Extracting Key Details
[2024-05-17T17:07:51.617+0000] {logging_mixin.py:188} INFO - Extracting Listing Agent Details
[2024-05-17T17:07:52.591+0000] {logging_mixin.py:188} INFO - Extracting Redfin Agent Details
[2024-05-17T17:07:53.337+0000] {logging_mixin.py:188} INFO - Extracting Property Details
[2024-05-17T17:07:56.135+0000] {logging_mixin.py:188} INFO - {
  "address": "7120 Somerset Springs Dr Unit B Charlotte NC 28262",
  "price": "230000",
  "beds": "2",
  "baths": "2",
  "link": "https://www.redfin.com/NC/Charlotte/7120-Somerset-Springs-Dr-28262/unit-B/home/44188433",
  "photos": [
    "https://ssl.cdn-redfin.com/photo/103/bigphoto/436/4141436_0.jpg",
    "https://ssl.cdn-redfin.com/photo/103/mbpaddedwide/436/genMid.4141436_1_0.jpg",
    "https://ssl.cdn-redfin.com/photo/103/mbpaddedwide/436/genMid.4141436_2_0.jpg",
    "https://ssl.cdn-redfin.com/photo/103/mbpaddedwide/436/genMid.4141436_4_0.jpg",
    "https://ssl.cdn-redfin.com/photo/103/mbpaddedwide/436/genMid.4141436_5_0.jpg",
    "https://ssl.cdn-redfin.com/photo/103/bigphoto/436/4141436_3_0.jpg",
    "https://ssl.cdn-redfin.com/photo/103/bigphoto/436/4141436_9_0.jpg"
  ],
  "hoa_fee": "236",
  "buyers_agent_fee": "2",
  "listing_agent_name": "Mary Howard",
  "listing_agent_contact": "RBR@ThereIsNoPlaceLikeHomeNC.com",
  "redfin_agent_name": "Scarlett Property Group",
  "finished_sqft": "1262",
  "unfinished_sqft": "",
  "total_sqft": "1262",
  "stories": "1",
  "style": "Condo/Co-op",
  "year_built": "2008",
  "year_renovated": "",
  "county": "Mecklenburg County",
  "APN": "04703336"
}
[2024-05-17T17:07:56.137+0000] {logging_mixin.py:188} INFO - Sending Data to Kafka
[2024-05-17T17:07:56.329+0000] {logging_mixin.py:188} INFO - --------
[2024-05-17T17:07:56.330+0000] {logging_mixin.py:188} INFO - 5
[2024-05-17T17:07:56.338+0000] {logging_mixin.py:188} INFO - Navigating to Listing page: https://www.redfin.com/NC/Charlotte/412-W-Kingston-Ave-28203/home/43952675
[2024-05-17T17:08:14.035+0000] {logging_mixin.py:188} INFO - Extracting Pictures
[2024-05-17T17:08:17.195+0000] {logging_mixin.py:188} INFO - Extracting Key Details
[2024-05-17T17:08:18.448+0000] {logging_mixin.py:188} INFO - Extracting Listing Agent Details
[2024-05-17T17:08:19.201+0000] {logging_mixin.py:188} INFO - Extracting Redfin Agent Details
[2024-05-17T17:08:19.853+0000] {logging_mixin.py:188} INFO - Extracting Property Details
[2024-05-17T17:08:22.176+0000] {logging_mixin.py:188} INFO - {
  "address": "412 W Kingston Ave Charlotte NC 28203",
  "price": "775000",
  "beds": "3",
  "baths": "2",
  "link": "https://www.redfin.com/NC/Charlotte/412-W-Kingston-Ave-28203/home/43952675",
  "photos": [
    "https://ssl.cdn-redfin.com/photo/103/bigphoto/891/4140891_3.jpg",
    "https://ssl.cdn-redfin.com/photo/103/mbpaddedwide/891/genMid.4140891_1_3.jpg",
    "https://ssl.cdn-redfin.com/photo/103/mbpaddedwide/891/genMid.4140891_2_4.jpg",
    "https://ssl.cdn-redfin.com/photo/103/mbpaddedwide/891/genMid.4140891_4_3.jpg",
    "https://ssl.cdn-redfin.com/photo/103/mbpaddedwide/891/genMid.4140891_5_1.jpg",
    "https://ssl.cdn-redfin.com/photo/103/bigphoto/891/4140891_3_3.jpg",
    "https://ssl.cdn-redfin.com/photo/103/bigphoto/891/4140891_9_0.jpg",
    "https://ssl.cdn-redfin.com/photo/103/bigphoto/891/4140891_15_0.jpg",
    "https://ssl.cdn-redfin.com/photo/103/bigphoto/891/4140891_21_0.jpg",
    "https://ssl.cdn-redfin.com/photo/103/bigphoto/891/4140891_27_0.jpg",
    "https://ssl.cdn-redfin.com/photo/103/bigphoto/891/4140891_33_0.jpg",
    "https://ssl.cdn-redfin.com/photo/103/bigphoto/891/4140891_39_0.jpg"
  ],
  "hoa_fee": "",
  "buyers_agent_fee": "2.5",
  "listing_agent_name": "Rita Goforth",
  "listing_agent_contact": "",
  "redfin_agent_name": "Stephen Passarelli",
  "finished_sqft": "1462",
  "unfinished_sqft": "",
  "total_sqft": "1462",
  "stories": "1",
  "style": "Single Family Residential",
  "year_built": "1946",
  "year_renovated": "1965",
  "county": "Mecklenburg County",
  "APN": "11908507"
}
[2024-05-17T17:08:22.178+0000] {logging_mixin.py:188} INFO - Sending Data to Kafka
[2024-05-17T17:08:22.356+0000] {logging_mixin.py:188} INFO - --------
[2024-05-17T17:08:22.356+0000] {logging_mixin.py:188} INFO - 6
[2024-05-17T17:08:22.358+0000] {logging_mixin.py:188} INFO - Navigating to Listing page: https://www.redfin.com/NC/Charlotte/3264-Barons-Court-Rd-28213/home/44113430
[2024-05-17T17:08:41.343+0000] {logging_mixin.py:188} INFO - Extracting Pictures
[2024-05-17T17:08:45.862+0000] {logging_mixin.py:188} INFO - Extracting Key Details
[2024-05-17T17:08:46.739+0000] {logging_mixin.py:188} INFO - Extracting Listing Agent Details
[2024-05-17T17:08:47.524+0000] {logging_mixin.py:188} INFO - Extracting Redfin Agent Details
[2024-05-17T17:08:48.305+0000] {logging_mixin.py:188} INFO - Extracting Property Details
[2024-05-17T17:08:50.507+0000] {logging_mixin.py:188} INFO - {
  "address": "3264 Barons Court Rd Charlotte NC 28213",
  "price": "270000",
  "beds": "3",
  "baths": "2.5",
  "link": "https://www.redfin.com/NC/Charlotte/3264-Barons-Court-Rd-28213/home/44113430",
  "photos": [
    "https://ssl.cdn-redfin.com/photo/103/bigphoto/951/4141951_0.jpg",
    "https://ssl.cdn-redfin.com/photo/103/mbpaddedwide/951/genMid.4141951_1_0.jpg",
    "https://ssl.cdn-redfin.com/photo/103/mbpaddedwide/951/genMid.4141951_2_0.jpg",
    "https://ssl.cdn-redfin.com/photo/103/mbpaddedwide/951/genMid.4141951_4_0.jpg",
    "https://ssl.cdn-redfin.com/photo/103/mbpaddedwide/951/genMid.4141951_5_0.jpg",
    "https://ssl.cdn-redfin.com/photo/103/bigphoto/951/4141951_3_0.jpg"
  ],
  "hoa_fee": "",
  "buyers_agent_fee": "",
  "listing_agent_name": "Deanna Smith",
  "listing_agent_contact": "",
  "redfin_agent_name": "Scarlett Property Group",
  "finished_sqft": "1625",
  "unfinished_sqft": "",
  "total_sqft": "1625",
  "stories": "2",
  "style": "Townhouse",
  "year_built": "2004",
  "year_renovated": "",
  "county": "Mecklenburg County",
  "APN": "05149101"
}
[2024-05-17T17:08:50.509+0000] {logging_mixin.py:188} INFO - Sending Data to Kafka
[2024-05-17T17:08:50.669+0000] {logging_mixin.py:188} INFO - --------
[2024-05-17T17:08:50.671+0000] {logging_mixin.py:188} INFO - 7
[2024-05-17T17:08:50.677+0000] {logging_mixin.py:188} INFO - Navigating to Listing page: https://www.redfin.com/NC/Charlotte/9819-Avenal-Ln-28270/home/113404883
[2024-05-17T17:09:14.771+0000] {logging_mixin.py:188} INFO - Extracting Pictures
[2024-05-17T17:09:26.639+0000] {logging_mixin.py:188} INFO - Extracting Key Details
[2024-05-17T17:09:27.937+0000] {logging_mixin.py:188} INFO - Extracting Listing Agent Details
[2024-05-17T17:09:28.847+0000] {logging_mixin.py:188} INFO - Extracting Redfin Agent Details
[2024-05-17T17:09:29.717+0000] {logging_mixin.py:188} INFO - Extracting Property Details
[2024-05-17T17:09:31.803+0000] {logging_mixin.py:188} INFO - {
  "address": "9819 Avenal Ln Charlotte NC 28270",
  "price": "1300000",
  "beds": "5",
  "baths": "5",
  "link": "https://www.redfin.com/NC/Charlotte/9819-Avenal-Ln-28270/home/113404883",
  "photos": [
    "https://ssl.cdn-redfin.com/photo/103/bigphoto/468/4141468_0.jpg",
    "https://ssl.cdn-redfin.com/photo/103/mbpaddedwide/468/genMid.4141468_1_0.jpg",
    "https://ssl.cdn-redfin.com/photo/103/mbpaddedwide/468/genMid.4141468_2_0.jpg",
    "https://ssl.cdn-redfin.com/photo/103/mbpaddedwide/468/genMid.4141468_4_0.jpg",
    "https://ssl.cdn-redfin.com/photo/103/mbpaddedwide/468/genMid.4141468_5_0.jpg",
    "https://ssl.cdn-redfin.com/photo/103/bigphoto/468/4141468_3_0.jpg",
    "https://ssl.cdn-redfin.com/photo/103/bigphoto/468/4141468_9_0.jpg",
    "https://ssl.cdn-redfin.com/photo/103/bigphoto/468/4141468_15_0.jpg",
    "https://ssl.cdn-redfin.com/photo/103/bigphoto/468/4141468_21_0.jpg",
    "https://ssl.cdn-redfin.com/photo/103/bigphoto/468/4141468_27_0.jpg",
    "https://ssl.cdn-redfin.com/photo/103/bigphoto/468/4141468_33_0.jpg",
    "https://ssl.cdn-redfin.com/photo/103/bigphoto/468/4141468_39_0.jpg"
  ],
  "hoa_fee": "142",
  "buyers_agent_fee": "2.5",
  "listing_agent_name": "Lane Jones",
  "listing_agent_contact": "lane@groupjonesrealty.com",
  "redfin_agent_name": "Jon Bartholomew",
  "finished_sqft": "",
  "unfinished_sqft": "",
  "total_sqft": "",
  "stories": "2",
  "style": "Single Family Residential",
  "year_built": "2017",
  "year_renovated": "",
  "county": "Mecklenburg County",
  "APN": "23102315"
}
[2024-05-17T17:09:31.808+0000] {logging_mixin.py:188} INFO - Sending Data to Kafka
[2024-05-17T17:09:31.999+0000] {logging_mixin.py:188} INFO - --------
[2024-05-17T17:09:32.000+0000] {logging_mixin.py:188} INFO - 8
[2024-05-17T17:09:32.004+0000] {logging_mixin.py:188} INFO - Navigating to Listing page: https://www.redfin.com/NC/Charlotte/13403-Willow-Falls-Rd-28215/home/44186943
[2024-05-17T17:11:11.850+0000] {logging_mixin.py:188} INFO - Traceback (most recent call last):
  File "/opt/***/dags/includes/main.py", line 138, in run
    await page2.click("div[id='photoPreviewButton']", timeout=90000)
  File "/home/***/.local/lib/python3.11/site-packages/playwright/async_api/_generated.py", line 9444, in click
    await self._impl_obj.click(
  File "/home/***/.local/lib/python3.11/site-packages/playwright/_impl/_page.py", line 753, in click
    return await self._main_frame.click(**locals_to_params(locals()))
           ^^^^^^^^^^^^^^^^^^^^^^^^^^^^^^^^^^^^^^^^^^^^^^^^^^^^^^^^^^
  File "/home/***/.local/lib/python3.11/site-packages/playwright/_impl/_frame.py", line 488, in click
    await self._channel.send("click", locals_to_params(locals()))
  File "/home/***/.local/lib/python3.11/site-packages/playwright/_impl/_connection.py", line 59, in send
    return await self._connection.wrap_api_call(
           ^^^^^^^^^^^^^^^^^^^^^^^^^^^^^^^^^^^^^
  File "/home/***/.local/lib/python3.11/site-packages/playwright/_impl/_connection.py", line 513, in wrap_api_call
    raise rewrite_error(error, f"{parsed_st['apiName']}: {error}") from None
playwright._impl._errors.TimeoutError: Page.click: Timeout 90000ms exceeded.
Call log:
waiting for locator("div[id='photoPreviewButton']")
[2024-05-17T17:11:12.145+0000] {python.py:237} INFO - Done. Returned value was: None
[2024-05-17T17:11:12.200+0000] {taskinstance.py:441} INFO - ::group::Post task execution logs
[2024-05-17T17:11:12.301+0000] {taskinstance.py:1206} INFO - Marking task as SUCCESS. dag_id=Webscrape, task_id=Ingest_Data, run_id=manual__2024-05-17T17:05:19.254819+00:00, execution_date=20240517T170519, start_date=20240517T170525, end_date=20240517T171112
[2024-05-17T17:11:12.387+0000] {local_task_job_runner.py:240} INFO - Task exited with return code 0
[2024-05-17T17:11:12.482+0000] {taskinstance.py:3498} INFO - 0 downstream tasks scheduled from follow-on schedule check
[2024-05-17T17:11:12.484+0000] {local_task_job_runner.py:222} INFO - ::endgroup::
