[2024-05-15T23:18:00.102+0000] {local_task_job_runner.py:120} INFO - ::group::Pre task execution logs
[2024-05-15T23:18:00.131+0000] {taskinstance.py:2076} INFO - Dependencies all met for dep_context=non-requeueable deps ti=<TaskInstance: Webscrape.Process_Send_Data manual__2024-05-15T23:17:57.791303+00:00 [queued]>
[2024-05-15T23:18:00.138+0000] {taskinstance.py:2076} INFO - Dependencies all met for dep_context=requeueable deps ti=<TaskInstance: Webscrape.Process_Send_Data manual__2024-05-15T23:17:57.791303+00:00 [queued]>
[2024-05-15T23:18:00.138+0000] {taskinstance.py:2306} INFO - Starting attempt 1 of 6
[2024-05-15T23:18:00.147+0000] {taskinstance.py:2330} INFO - Executing <Task(SparkSubmitOperator): Process_Send_Data> on 2024-05-15 23:17:57.791303+00:00
[2024-05-15T23:18:00.177+0000] {standard_task_runner.py:90} INFO - Running: ['***', 'tasks', 'run', 'Webscrape', 'Process_Send_Data', 'manual__2024-05-15T23:17:57.791303+00:00', '--job-id', '145', '--raw', '--subdir', 'DAGS_FOLDER/webscrapping.py', '--cfg-path', '/tmp/tmpkhq534wj']
[2024-05-15T23:18:00.181+0000] {logging_mixin.py:188} WARNING - /home/***/.local/lib/python3.12/site-packages/***/task/task_runner/standard_task_runner.py:61 DeprecationWarning: This process (pid=453) is multi-threaded, use of fork() may lead to deadlocks in the child.
[2024-05-15T23:18:00.182+0000] {standard_task_runner.py:91} INFO - Job 145: Subtask Process_Send_Data
[2024-05-15T23:18:00.182+0000] {standard_task_runner.py:63} INFO - Started process 454 to run task
[2024-05-15T23:18:00.213+0000] {task_command.py:426} INFO - Running <TaskInstance: Webscrape.Process_Send_Data manual__2024-05-15T23:17:57.791303+00:00 [running]> on host fb6491796190
[2024-05-15T23:18:00.269+0000] {taskinstance.py:2648} INFO - Exporting env vars: AIRFLOW_CTX_DAG_OWNER='svc' AIRFLOW_CTX_DAG_ID='Webscrape' AIRFLOW_CTX_TASK_ID='Process_Send_Data' AIRFLOW_CTX_EXECUTION_DATE='2024-05-15T23:17:57.791303+00:00' AIRFLOW_CTX_TRY_NUMBER='1' AIRFLOW_CTX_DAG_RUN_ID='manual__2024-05-15T23:17:57.791303+00:00'
[2024-05-15T23:18:00.270+0000] {taskinstance.py:430} INFO - ::endgroup::
[2024-05-15T23:18:00.287+0000] {base.py:84} INFO - Using connection ID 'spark_default' for task execution.
[2024-05-15T23:18:00.288+0000] {spark_submit.py:401} INFO - Spark-Submit cmd: spark-submit --master spark://spark-master:7077 --num-executors 1 --total-executor-cores 1 --executor-cores 1 --executor-memory 2g --driver-memory 2g --name arrow-spark --deploy-mode client dags/includes/jobs/spark_consumer.py
[2024-05-15T23:18:03.780+0000] {spark_submit.py:571} INFO - 24/05/15 23:18:03 INFO ShutdownHookManager: Shutdown hook called
[2024-05-15T23:18:03.790+0000] {spark_submit.py:571} INFO - 24/05/15 23:18:03 INFO ShutdownHookManager: Deleting directory /tmp/spark-c89ec877-4e49-4988-a09c-c60c88996402
[2024-05-15T23:18:03.834+0000] {taskinstance.py:441} INFO - ::group::Post task execution logs
[2024-05-15T23:18:03.869+0000] {taskinstance.py:1206} INFO - Marking task as SUCCESS. dag_id=Webscrape, task_id=Process_Send_Data, run_id=manual__2024-05-15T23:17:57.791303+00:00, execution_date=20240515T231757, start_date=20240515T231800, end_date=20240515T231803
[2024-05-15T23:18:03.921+0000] {local_task_job_runner.py:240} INFO - Task exited with return code 0
[2024-05-15T23:18:03.959+0000] {taskinstance.py:3498} INFO - 0 downstream tasks scheduled from follow-on schedule check
[2024-05-15T23:18:03.960+0000] {local_task_job_runner.py:222} INFO - ::endgroup::
