[2024-05-18T20:29:23.282+0000] {local_task_job_runner.py:120} INFO - ::group::Pre task execution logs
[2024-05-18T20:29:23.344+0000] {taskinstance.py:2076} INFO - Dependencies all met for dep_context=non-requeueable deps ti=<TaskInstance: Webscrape.Process_Send_Data manual__2024-05-18T20:29:18.054546+00:00 [queued]>
[2024-05-18T20:29:23.353+0000] {taskinstance.py:2076} INFO - Dependencies all met for dep_context=requeueable deps ti=<TaskInstance: Webscrape.Process_Send_Data manual__2024-05-18T20:29:18.054546+00:00 [queued]>
[2024-05-18T20:29:23.354+0000] {taskinstance.py:2306} INFO - Starting attempt 1 of 6
[2024-05-18T20:29:23.372+0000] {taskinstance.py:2330} INFO - Executing <Task(SparkSubmitOperator): Process_Send_Data> on 2024-05-18 20:29:18.054546+00:00
[2024-05-18T20:29:23.385+0000] {standard_task_runner.py:63} INFO - Started process 1243 to run task
[2024-05-18T20:29:23.391+0000] {standard_task_runner.py:90} INFO - Running: ['***', 'tasks', 'run', 'Webscrape', 'Process_Send_Data', 'manual__2024-05-18T20:29:18.054546+00:00', '--job-id', '274', '--raw', '--subdir', 'DAGS_FOLDER/webscrapping.py', '--cfg-path', '/tmp/tmpyup7hj_h']
[2024-05-18T20:29:23.401+0000] {standard_task_runner.py:91} INFO - Job 274: Subtask Process_Send_Data
[2024-05-18T20:29:23.499+0000] {task_command.py:426} INFO - Running <TaskInstance: Webscrape.Process_Send_Data manual__2024-05-18T20:29:18.054546+00:00 [running]> on host f3c105d69d83
[2024-05-18T20:29:23.599+0000] {taskinstance.py:2648} INFO - Exporting env vars: AIRFLOW_CTX_DAG_OWNER='svc' AIRFLOW_CTX_DAG_ID='Webscrape' AIRFLOW_CTX_TASK_ID='Process_Send_Data' AIRFLOW_CTX_EXECUTION_DATE='2024-05-18T20:29:18.054546+00:00' AIRFLOW_CTX_TRY_NUMBER='1' AIRFLOW_CTX_DAG_RUN_ID='manual__2024-05-18T20:29:18.054546+00:00'
[2024-05-18T20:29:23.601+0000] {taskinstance.py:430} INFO - ::endgroup::
[2024-05-18T20:29:23.626+0000] {base.py:84} INFO - Using connection ID 'spark_default' for task execution.
[2024-05-18T20:29:23.628+0000] {spark_submit.py:401} INFO - Spark-Submit cmd: spark-submit --master spark://spark-master:7077 --packages org.apache.spark:spark-sql-kafka-0-10_2.12:3.5.1,com.datastax.spark:spark-cassandra-connector_2.12:3.5.0,org.apache.kafka:kafka-clients:3.5.1,commons-logging:commons-logging:1.2 --name arrow-spark --deploy-mode client dags/includes/jobs/spark_consumer.py
[2024-05-18T20:29:23.945+0000] {spark_submit.py:571} INFO - /home/***/.local/lib/python3.11/site-packages/pyspark/bin/load-spark-env.sh: line 68: ps: command not found
[2024-05-18T20:29:26.256+0000] {spark_submit.py:571} INFO - :: loading settings :: url = jar:file:/home/***/.local/lib/python3.11/site-packages/pyspark/jars/ivy-2.5.1.jar!/org/apache/ivy/core/settings/ivysettings.xml
[2024-05-18T20:29:26.396+0000] {spark_submit.py:571} INFO - Ivy Default Cache set to: /home/***/.ivy2/cache
[2024-05-18T20:29:26.397+0000] {spark_submit.py:571} INFO - The jars for the packages stored in: /home/***/.ivy2/jars
[2024-05-18T20:29:26.412+0000] {spark_submit.py:571} INFO - org.apache.spark#spark-sql-kafka-0-10_2.12 added as a dependency
[2024-05-18T20:29:26.426+0000] {spark_submit.py:571} INFO - com.datastax.spark#spark-cassandra-connector_2.12 added as a dependency
[2024-05-18T20:29:26.428+0000] {spark_submit.py:571} INFO - org.apache.kafka#kafka-clients added as a dependency
[2024-05-18T20:29:26.433+0000] {spark_submit.py:571} INFO - commons-logging#commons-logging added as a dependency
[2024-05-18T20:29:26.436+0000] {spark_submit.py:571} INFO - :: resolving dependencies :: org.apache.spark#spark-submit-parent-af333dc6-84c1-4a4a-b317-9eca9d1933cf;1.0
[2024-05-18T20:29:26.438+0000] {spark_submit.py:571} INFO - confs: [default]
[2024-05-18T20:29:26.659+0000] {spark_submit.py:571} INFO - found org.apache.spark#spark-sql-kafka-0-10_2.12;3.5.1 in central
[2024-05-18T20:29:26.809+0000] {spark_submit.py:571} INFO - found org.apache.spark#spark-token-provider-kafka-0-10_2.12;3.5.1 in central
[2024-05-18T20:29:26.868+0000] {spark_submit.py:571} INFO - found org.apache.hadoop#hadoop-client-runtime;3.3.4 in central
[2024-05-18T20:29:26.903+0000] {spark_submit.py:571} INFO - found org.apache.hadoop#hadoop-client-api;3.3.4 in central
[2024-05-18T20:29:26.934+0000] {spark_submit.py:571} INFO - found org.xerial.snappy#snappy-java;1.1.10.3 in central
[2024-05-18T20:29:26.960+0000] {spark_submit.py:571} INFO - found org.slf4j#slf4j-api;2.0.7 in central
[2024-05-18T20:29:26.981+0000] {spark_submit.py:571} INFO - found com.google.code.findbugs#jsr305;3.0.0 in central
[2024-05-18T20:29:27.012+0000] {spark_submit.py:571} INFO - found org.apache.commons#commons-pool2;2.11.1 in central
[2024-05-18T20:29:27.024+0000] {spark_submit.py:571} INFO - found com.datastax.spark#spark-cassandra-connector_2.12;3.5.0 in central
[2024-05-18T20:29:27.037+0000] {spark_submit.py:571} INFO - found com.datastax.spark#spark-cassandra-connector-driver_2.12;3.5.0 in central
[2024-05-18T20:29:27.047+0000] {spark_submit.py:571} INFO - found org.scala-lang.modules#scala-collection-compat_2.12;2.11.0 in central
[2024-05-18T20:29:27.060+0000] {spark_submit.py:571} INFO - found com.datastax.oss#java-driver-core-shaded;4.13.0 in central
[2024-05-18T20:29:27.070+0000] {spark_submit.py:571} INFO - found com.datastax.oss#native-protocol;1.5.0 in central
[2024-05-18T20:29:27.082+0000] {spark_submit.py:571} INFO - found com.datastax.oss#java-driver-shaded-guava;25.1-jre-graal-sub-1 in central
[2024-05-18T20:29:27.091+0000] {spark_submit.py:571} INFO - found com.typesafe#config;1.4.1 in central
[2024-05-18T20:29:27.104+0000] {spark_submit.py:571} INFO - found io.dropwizard.metrics#metrics-core;4.1.18 in central
[2024-05-18T20:29:27.113+0000] {spark_submit.py:571} INFO - found org.hdrhistogram#HdrHistogram;2.1.12 in central
[2024-05-18T20:29:27.124+0000] {spark_submit.py:571} INFO - found org.reactivestreams#reactive-streams;1.0.3 in central
[2024-05-18T20:29:27.134+0000] {spark_submit.py:571} INFO - found com.github.stephenc.jcip#jcip-annotations;1.0-1 in central
[2024-05-18T20:29:27.140+0000] {spark_submit.py:571} INFO - found com.github.spotbugs#spotbugs-annotations;3.1.12 in central
[2024-05-18T20:29:27.149+0000] {spark_submit.py:571} INFO - found com.google.code.findbugs#jsr305;3.0.2 in central
[2024-05-18T20:29:27.157+0000] {spark_submit.py:571} INFO - found com.datastax.oss#java-driver-mapper-runtime;4.13.0 in central
[2024-05-18T20:29:27.170+0000] {spark_submit.py:571} INFO - found com.datastax.oss#java-driver-query-builder;4.13.0 in central
[2024-05-18T20:29:27.181+0000] {spark_submit.py:571} INFO - found org.apache.commons#commons-lang3;3.10 in central
[2024-05-18T20:29:27.221+0000] {spark_submit.py:571} INFO - found com.thoughtworks.paranamer#paranamer;2.8 in central
[2024-05-18T20:29:27.233+0000] {spark_submit.py:571} INFO - found org.scala-lang#scala-reflect;2.12.11 in central
[2024-05-18T20:29:27.243+0000] {spark_submit.py:571} INFO - found org.apache.kafka#kafka-clients;3.5.1 in central
[2024-05-18T20:29:27.252+0000] {spark_submit.py:571} INFO - found com.github.luben#zstd-jni;1.5.5-1 in central
[2024-05-18T20:29:27.257+0000] {spark_submit.py:571} INFO - found org.lz4#lz4-java;1.8.0 in central
[2024-05-18T20:29:27.265+0000] {spark_submit.py:571} INFO - found commons-logging#commons-logging;1.2 in central
[2024-05-18T20:29:27.300+0000] {spark_submit.py:571} INFO - :: resolution report :: resolve 858ms :: artifacts dl 23ms
[2024-05-18T20:29:27.301+0000] {spark_submit.py:571} INFO - :: modules in use:
[2024-05-18T20:29:27.302+0000] {spark_submit.py:571} INFO - com.datastax.oss#java-driver-core-shaded;4.13.0 from central in [default]
[2024-05-18T20:29:27.302+0000] {spark_submit.py:571} INFO - com.datastax.oss#java-driver-mapper-runtime;4.13.0 from central in [default]
[2024-05-18T20:29:27.303+0000] {spark_submit.py:571} INFO - com.datastax.oss#java-driver-query-builder;4.13.0 from central in [default]
[2024-05-18T20:29:27.303+0000] {spark_submit.py:571} INFO - com.datastax.oss#java-driver-shaded-guava;25.1-jre-graal-sub-1 from central in [default]
[2024-05-18T20:29:27.304+0000] {spark_submit.py:571} INFO - com.datastax.oss#native-protocol;1.5.0 from central in [default]
[2024-05-18T20:29:27.305+0000] {spark_submit.py:571} INFO - com.datastax.spark#spark-cassandra-connector-driver_2.12;3.5.0 from central in [default]
[2024-05-18T20:29:27.307+0000] {spark_submit.py:571} INFO - com.datastax.spark#spark-cassandra-connector_2.12;3.5.0 from central in [default]
[2024-05-18T20:29:27.308+0000] {spark_submit.py:571} INFO - com.github.luben#zstd-jni;1.5.5-1 from central in [default]
[2024-05-18T20:29:27.308+0000] {spark_submit.py:571} INFO - com.github.spotbugs#spotbugs-annotations;3.1.12 from central in [default]
[2024-05-18T20:29:27.308+0000] {spark_submit.py:571} INFO - com.github.stephenc.jcip#jcip-annotations;1.0-1 from central in [default]
[2024-05-18T20:29:27.309+0000] {spark_submit.py:571} INFO - com.google.code.findbugs#jsr305;3.0.2 from central in [default]
[2024-05-18T20:29:27.309+0000] {spark_submit.py:571} INFO - com.thoughtworks.paranamer#paranamer;2.8 from central in [default]
[2024-05-18T20:29:27.309+0000] {spark_submit.py:571} INFO - com.typesafe#config;1.4.1 from central in [default]
[2024-05-18T20:29:27.310+0000] {spark_submit.py:571} INFO - commons-logging#commons-logging;1.2 from central in [default]
[2024-05-18T20:29:27.310+0000] {spark_submit.py:571} INFO - io.dropwizard.metrics#metrics-core;4.1.18 from central in [default]
[2024-05-18T20:29:27.311+0000] {spark_submit.py:571} INFO - org.apache.commons#commons-lang3;3.10 from central in [default]
[2024-05-18T20:29:27.311+0000] {spark_submit.py:571} INFO - org.apache.commons#commons-pool2;2.11.1 from central in [default]
[2024-05-18T20:29:27.311+0000] {spark_submit.py:571} INFO - org.apache.hadoop#hadoop-client-api;3.3.4 from central in [default]
[2024-05-18T20:29:27.312+0000] {spark_submit.py:571} INFO - org.apache.hadoop#hadoop-client-runtime;3.3.4 from central in [default]
[2024-05-18T20:29:27.312+0000] {spark_submit.py:571} INFO - org.apache.kafka#kafka-clients;3.5.1 from central in [default]
[2024-05-18T20:29:27.313+0000] {spark_submit.py:571} INFO - org.apache.spark#spark-sql-kafka-0-10_2.12;3.5.1 from central in [default]
[2024-05-18T20:29:27.313+0000] {spark_submit.py:571} INFO - org.apache.spark#spark-token-provider-kafka-0-10_2.12;3.5.1 from central in [default]
[2024-05-18T20:29:27.314+0000] {spark_submit.py:571} INFO - org.hdrhistogram#HdrHistogram;2.1.12 from central in [default]
[2024-05-18T20:29:27.314+0000] {spark_submit.py:571} INFO - org.lz4#lz4-java;1.8.0 from central in [default]
[2024-05-18T20:29:27.314+0000] {spark_submit.py:571} INFO - org.reactivestreams#reactive-streams;1.0.3 from central in [default]
[2024-05-18T20:29:27.314+0000] {spark_submit.py:571} INFO - org.scala-lang#scala-reflect;2.12.11 from central in [default]
[2024-05-18T20:29:27.315+0000] {spark_submit.py:571} INFO - org.scala-lang.modules#scala-collection-compat_2.12;2.11.0 from central in [default]
[2024-05-18T20:29:27.315+0000] {spark_submit.py:571} INFO - org.slf4j#slf4j-api;2.0.7 from central in [default]
[2024-05-18T20:29:27.315+0000] {spark_submit.py:571} INFO - org.xerial.snappy#snappy-java;1.1.10.3 from central in [default]
[2024-05-18T20:29:27.316+0000] {spark_submit.py:571} INFO - :: evicted modules:
[2024-05-18T20:29:27.316+0000] {spark_submit.py:571} INFO - org.apache.kafka#kafka-clients;3.4.1 by [org.apache.kafka#kafka-clients;3.5.1] in [default]
[2024-05-18T20:29:27.317+0000] {spark_submit.py:571} INFO - commons-logging#commons-logging;1.1.3 by [commons-logging#commons-logging;1.2] in [default]
[2024-05-18T20:29:27.317+0000] {spark_submit.py:571} INFO - com.google.code.findbugs#jsr305;3.0.0 by [com.google.code.findbugs#jsr305;3.0.2] in [default]
[2024-05-18T20:29:27.318+0000] {spark_submit.py:571} INFO - org.slf4j#slf4j-api;1.7.26 by [org.slf4j#slf4j-api;2.0.7] in [default]
[2024-05-18T20:29:27.318+0000] {spark_submit.py:571} INFO - org.xerial.snappy#snappy-java;1.1.10.1 by [org.xerial.snappy#snappy-java;1.1.10.3] in [default]
[2024-05-18T20:29:27.318+0000] {spark_submit.py:571} INFO - org.slf4j#slf4j-api;1.7.36 by [org.slf4j#slf4j-api;2.0.7] in [default]
[2024-05-18T20:29:27.319+0000] {spark_submit.py:571} INFO - ---------------------------------------------------------------------
[2024-05-18T20:29:27.319+0000] {spark_submit.py:571} INFO - |                  |            modules            ||   artifacts   |
[2024-05-18T20:29:27.320+0000] {spark_submit.py:571} INFO - |       conf       | number| search|dwnlded|evicted|| number|dwnlded|
[2024-05-18T20:29:27.321+0000] {spark_submit.py:571} INFO - ---------------------------------------------------------------------
[2024-05-18T20:29:27.321+0000] {spark_submit.py:571} INFO - |      default     |   35  |   0   |   0   |   6   ||   29  |   0   |
[2024-05-18T20:29:27.321+0000] {spark_submit.py:571} INFO - ---------------------------------------------------------------------
[2024-05-18T20:29:27.322+0000] {spark_submit.py:571} INFO - :: retrieving :: org.apache.spark#spark-submit-parent-af333dc6-84c1-4a4a-b317-9eca9d1933cf
[2024-05-18T20:29:27.322+0000] {spark_submit.py:571} INFO - confs: [default]
[2024-05-18T20:29:27.324+0000] {spark_submit.py:571} INFO - 0 artifacts copied, 29 already retrieved (0kB/12ms)
[2024-05-18T20:29:27.550+0000] {spark_submit.py:571} INFO - 24/05/18 20:29:27 WARN NativeCodeLoader: Unable to load native-hadoop library for your platform... using builtin-java classes where applicable
[2024-05-18T20:29:29.782+0000] {spark_submit.py:571} INFO - 24/05/18 20:29:29 INFO SparkContext: Running Spark version 3.5.1
[2024-05-18T20:29:29.787+0000] {spark_submit.py:571} INFO - 24/05/18 20:29:29 INFO SparkContext: OS info Linux, 6.6.26-linuxkit, aarch64
[2024-05-18T20:29:29.787+0000] {spark_submit.py:571} INFO - 24/05/18 20:29:29 INFO SparkContext: Java version 11.0.23
[2024-05-18T20:29:29.828+0000] {spark_submit.py:571} INFO - 24/05/18 20:29:29 INFO ResourceUtils: ==============================================================
[2024-05-18T20:29:29.833+0000] {spark_submit.py:571} INFO - 24/05/18 20:29:29 INFO ResourceUtils: No custom resources configured for spark.driver.
[2024-05-18T20:29:29.834+0000] {spark_submit.py:571} INFO - 24/05/18 20:29:29 INFO ResourceUtils: ==============================================================
[2024-05-18T20:29:29.834+0000] {spark_submit.py:571} INFO - 24/05/18 20:29:29 INFO SparkContext: Submitted application: Redfin_Properties_Consumer
[2024-05-18T20:29:29.895+0000] {spark_submit.py:571} INFO - 24/05/18 20:29:29 INFO ResourceProfile: Default ResourceProfile created, executor resources: Map(memory -> name: memory, amount: 1024, script: , vendor: , offHeap -> name: offHeap, amount: 0, script: , vendor: ), task resources: Map(cpus -> name: cpus, amount: 1.0)
[2024-05-18T20:29:29.944+0000] {spark_submit.py:571} INFO - 24/05/18 20:29:29 INFO ResourceProfile: Limiting resource is cpu
[2024-05-18T20:29:29.946+0000] {spark_submit.py:571} INFO - 24/05/18 20:29:29 INFO ResourceProfileManager: Added ResourceProfile id: 0
[2024-05-18T20:29:30.079+0000] {spark_submit.py:571} INFO - 24/05/18 20:29:30 INFO SecurityManager: Changing view acls to: ***
[2024-05-18T20:29:30.080+0000] {spark_submit.py:571} INFO - 24/05/18 20:29:30 INFO SecurityManager: Changing modify acls to: ***
[2024-05-18T20:29:30.081+0000] {spark_submit.py:571} INFO - 24/05/18 20:29:30 INFO SecurityManager: Changing view acls groups to:
[2024-05-18T20:29:30.081+0000] {spark_submit.py:571} INFO - 24/05/18 20:29:30 INFO SecurityManager: Changing modify acls groups to:
[2024-05-18T20:29:30.081+0000] {spark_submit.py:571} INFO - 24/05/18 20:29:30 INFO SecurityManager: SecurityManager: authentication disabled; ui acls disabled; users with view permissions: ***; groups with view permissions: EMPTY; users with modify permissions: ***; groups with modify permissions: EMPTY
[2024-05-18T20:29:30.325+0000] {spark_submit.py:571} INFO - 24/05/18 20:29:30 INFO Utils: Successfully started service 'sparkDriver' on port 45827.
[2024-05-18T20:29:30.364+0000] {spark_submit.py:571} INFO - 24/05/18 20:29:30 INFO SparkEnv: Registering MapOutputTracker
[2024-05-18T20:29:30.443+0000] {spark_submit.py:571} INFO - 24/05/18 20:29:30 INFO SparkEnv: Registering BlockManagerMaster
[2024-05-18T20:29:30.461+0000] {spark_submit.py:571} INFO - 24/05/18 20:29:30 INFO BlockManagerMasterEndpoint: Using org.apache.spark.storage.DefaultTopologyMapper for getting topology information
[2024-05-18T20:29:30.461+0000] {spark_submit.py:571} INFO - 24/05/18 20:29:30 INFO BlockManagerMasterEndpoint: BlockManagerMasterEndpoint up
[2024-05-18T20:29:30.464+0000] {spark_submit.py:571} INFO - 24/05/18 20:29:30 INFO SparkEnv: Registering BlockManagerMasterHeartbeat
[2024-05-18T20:29:30.490+0000] {spark_submit.py:571} INFO - 24/05/18 20:29:30 INFO DiskBlockManager: Created local directory at /tmp/blockmgr-c623b7ac-332e-43b1-93f4-5182d8f9a28b
[2024-05-18T20:29:30.515+0000] {spark_submit.py:571} INFO - 24/05/18 20:29:30 INFO MemoryStore: MemoryStore started with capacity 434.4 MiB
[2024-05-18T20:29:30.550+0000] {spark_submit.py:571} INFO - 24/05/18 20:29:30 INFO SparkEnv: Registering OutputCommitCoordinator
[2024-05-18T20:29:30.677+0000] {spark_submit.py:571} INFO - 24/05/18 20:29:30 INFO JettyUtils: Start Jetty 0.0.0.0:4040 for SparkUI
[2024-05-18T20:29:30.751+0000] {spark_submit.py:571} INFO - 24/05/18 20:29:30 INFO Utils: Successfully started service 'SparkUI' on port 4040.
[2024-05-18T20:29:30.803+0000] {spark_submit.py:571} INFO - 24/05/18 20:29:30 INFO SparkContext: Added JAR file:///home/***/.ivy2/jars/org.apache.spark_spark-sql-kafka-0-10_2.12-3.5.1.jar at spark://f3c105d69d83:45827/jars/org.apache.spark_spark-sql-kafka-0-10_2.12-3.5.1.jar with timestamp 1716064169766
[2024-05-18T20:29:30.803+0000] {spark_submit.py:571} INFO - 24/05/18 20:29:30 INFO SparkContext: Added JAR file:///home/***/.ivy2/jars/com.datastax.spark_spark-cassandra-connector_2.12-3.5.0.jar at spark://f3c105d69d83:45827/jars/com.datastax.spark_spark-cassandra-connector_2.12-3.5.0.jar with timestamp 1716064169766
[2024-05-18T20:29:30.803+0000] {spark_submit.py:571} INFO - 24/05/18 20:29:30 INFO SparkContext: Added JAR file:///home/***/.ivy2/jars/org.apache.kafka_kafka-clients-3.5.1.jar at spark://f3c105d69d83:45827/jars/org.apache.kafka_kafka-clients-3.5.1.jar with timestamp 1716064169766
[2024-05-18T20:29:30.804+0000] {spark_submit.py:571} INFO - 24/05/18 20:29:30 INFO SparkContext: Added JAR file:///home/***/.ivy2/jars/commons-logging_commons-logging-1.2.jar at spark://f3c105d69d83:45827/jars/commons-logging_commons-logging-1.2.jar with timestamp 1716064169766
[2024-05-18T20:29:30.804+0000] {spark_submit.py:571} INFO - 24/05/18 20:29:30 INFO SparkContext: Added JAR file:///home/***/.ivy2/jars/org.apache.spark_spark-token-provider-kafka-0-10_2.12-3.5.1.jar at spark://f3c105d69d83:45827/jars/org.apache.spark_spark-token-provider-kafka-0-10_2.12-3.5.1.jar with timestamp 1716064169766
[2024-05-18T20:29:30.804+0000] {spark_submit.py:571} INFO - 24/05/18 20:29:30 INFO SparkContext: Added JAR file:///home/***/.ivy2/jars/org.apache.commons_commons-pool2-2.11.1.jar at spark://f3c105d69d83:45827/jars/org.apache.commons_commons-pool2-2.11.1.jar with timestamp 1716064169766
[2024-05-18T20:29:30.805+0000] {spark_submit.py:571} INFO - 24/05/18 20:29:30 INFO SparkContext: Added JAR file:///home/***/.ivy2/jars/org.apache.hadoop_hadoop-client-runtime-3.3.4.jar at spark://f3c105d69d83:45827/jars/org.apache.hadoop_hadoop-client-runtime-3.3.4.jar with timestamp 1716064169766
[2024-05-18T20:29:30.805+0000] {spark_submit.py:571} INFO - 24/05/18 20:29:30 INFO SparkContext: Added JAR file:///home/***/.ivy2/jars/org.apache.hadoop_hadoop-client-api-3.3.4.jar at spark://f3c105d69d83:45827/jars/org.apache.hadoop_hadoop-client-api-3.3.4.jar with timestamp 1716064169766
[2024-05-18T20:29:30.806+0000] {spark_submit.py:571} INFO - 24/05/18 20:29:30 INFO SparkContext: Added JAR file:///home/***/.ivy2/jars/org.xerial.snappy_snappy-java-1.1.10.3.jar at spark://f3c105d69d83:45827/jars/org.xerial.snappy_snappy-java-1.1.10.3.jar with timestamp 1716064169766
[2024-05-18T20:29:30.810+0000] {spark_submit.py:571} INFO - 24/05/18 20:29:30 INFO SparkContext: Added JAR file:///home/***/.ivy2/jars/org.slf4j_slf4j-api-2.0.7.jar at spark://f3c105d69d83:45827/jars/org.slf4j_slf4j-api-2.0.7.jar with timestamp 1716064169766
[2024-05-18T20:29:30.811+0000] {spark_submit.py:571} INFO - 24/05/18 20:29:30 INFO SparkContext: Added JAR file:///home/***/.ivy2/jars/com.datastax.spark_spark-cassandra-connector-driver_2.12-3.5.0.jar at spark://f3c105d69d83:45827/jars/com.datastax.spark_spark-cassandra-connector-driver_2.12-3.5.0.jar with timestamp 1716064169766
[2024-05-18T20:29:30.812+0000] {spark_submit.py:571} INFO - 24/05/18 20:29:30 INFO SparkContext: Added JAR file:///home/***/.ivy2/jars/org.scala-lang.modules_scala-collection-compat_2.12-2.11.0.jar at spark://f3c105d69d83:45827/jars/org.scala-lang.modules_scala-collection-compat_2.12-2.11.0.jar with timestamp 1716064169766
[2024-05-18T20:29:30.812+0000] {spark_submit.py:571} INFO - 24/05/18 20:29:30 INFO SparkContext: Added JAR file:///home/***/.ivy2/jars/com.datastax.oss_java-driver-core-shaded-4.13.0.jar at spark://f3c105d69d83:45827/jars/com.datastax.oss_java-driver-core-shaded-4.13.0.jar with timestamp 1716064169766
[2024-05-18T20:29:30.813+0000] {spark_submit.py:571} INFO - 24/05/18 20:29:30 INFO SparkContext: Added JAR file:///home/***/.ivy2/jars/com.datastax.oss_java-driver-mapper-runtime-4.13.0.jar at spark://f3c105d69d83:45827/jars/com.datastax.oss_java-driver-mapper-runtime-4.13.0.jar with timestamp 1716064169766
[2024-05-18T20:29:30.813+0000] {spark_submit.py:571} INFO - 24/05/18 20:29:30 INFO SparkContext: Added JAR file:///home/***/.ivy2/jars/org.apache.commons_commons-lang3-3.10.jar at spark://f3c105d69d83:45827/jars/org.apache.commons_commons-lang3-3.10.jar with timestamp 1716064169766
[2024-05-18T20:29:30.814+0000] {spark_submit.py:571} INFO - 24/05/18 20:29:30 INFO SparkContext: Added JAR file:///home/***/.ivy2/jars/com.thoughtworks.paranamer_paranamer-2.8.jar at spark://f3c105d69d83:45827/jars/com.thoughtworks.paranamer_paranamer-2.8.jar with timestamp 1716064169766
[2024-05-18T20:29:30.814+0000] {spark_submit.py:571} INFO - 24/05/18 20:29:30 INFO SparkContext: Added JAR file:///home/***/.ivy2/jars/org.scala-lang_scala-reflect-2.12.11.jar at spark://f3c105d69d83:45827/jars/org.scala-lang_scala-reflect-2.12.11.jar with timestamp 1716064169766
[2024-05-18T20:29:30.815+0000] {spark_submit.py:571} INFO - 24/05/18 20:29:30 INFO SparkContext: Added JAR file:///home/***/.ivy2/jars/com.datastax.oss_native-protocol-1.5.0.jar at spark://f3c105d69d83:45827/jars/com.datastax.oss_native-protocol-1.5.0.jar with timestamp 1716064169766
[2024-05-18T20:29:30.815+0000] {spark_submit.py:571} INFO - 24/05/18 20:29:30 INFO SparkContext: Added JAR file:///home/***/.ivy2/jars/com.datastax.oss_java-driver-shaded-guava-25.1-jre-graal-sub-1.jar at spark://f3c105d69d83:45827/jars/com.datastax.oss_java-driver-shaded-guava-25.1-jre-graal-sub-1.jar with timestamp 1716064169766
[2024-05-18T20:29:30.816+0000] {spark_submit.py:571} INFO - 24/05/18 20:29:30 INFO SparkContext: Added JAR file:///home/***/.ivy2/jars/com.typesafe_config-1.4.1.jar at spark://f3c105d69d83:45827/jars/com.typesafe_config-1.4.1.jar with timestamp 1716064169766
[2024-05-18T20:29:30.817+0000] {spark_submit.py:571} INFO - 24/05/18 20:29:30 INFO SparkContext: Added JAR file:///home/***/.ivy2/jars/io.dropwizard.metrics_metrics-core-4.1.18.jar at spark://f3c105d69d83:45827/jars/io.dropwizard.metrics_metrics-core-4.1.18.jar with timestamp 1716064169766
[2024-05-18T20:29:30.817+0000] {spark_submit.py:571} INFO - 24/05/18 20:29:30 INFO SparkContext: Added JAR file:///home/***/.ivy2/jars/org.hdrhistogram_HdrHistogram-2.1.12.jar at spark://f3c105d69d83:45827/jars/org.hdrhistogram_HdrHistogram-2.1.12.jar with timestamp 1716064169766
[2024-05-18T20:29:30.818+0000] {spark_submit.py:571} INFO - 24/05/18 20:29:30 INFO SparkContext: Added JAR file:///home/***/.ivy2/jars/org.reactivestreams_reactive-streams-1.0.3.jar at spark://f3c105d69d83:45827/jars/org.reactivestreams_reactive-streams-1.0.3.jar with timestamp 1716064169766
[2024-05-18T20:29:30.819+0000] {spark_submit.py:571} INFO - 24/05/18 20:29:30 INFO SparkContext: Added JAR file:///home/***/.ivy2/jars/com.github.stephenc.jcip_jcip-annotations-1.0-1.jar at spark://f3c105d69d83:45827/jars/com.github.stephenc.jcip_jcip-annotations-1.0-1.jar with timestamp 1716064169766
[2024-05-18T20:29:30.819+0000] {spark_submit.py:571} INFO - 24/05/18 20:29:30 INFO SparkContext: Added JAR file:///home/***/.ivy2/jars/com.github.spotbugs_spotbugs-annotations-3.1.12.jar at spark://f3c105d69d83:45827/jars/com.github.spotbugs_spotbugs-annotations-3.1.12.jar with timestamp 1716064169766
[2024-05-18T20:29:30.820+0000] {spark_submit.py:571} INFO - 24/05/18 20:29:30 INFO SparkContext: Added JAR file:///home/***/.ivy2/jars/com.google.code.findbugs_jsr305-3.0.2.jar at spark://f3c105d69d83:45827/jars/com.google.code.findbugs_jsr305-3.0.2.jar with timestamp 1716064169766
[2024-05-18T20:29:30.820+0000] {spark_submit.py:571} INFO - 24/05/18 20:29:30 INFO SparkContext: Added JAR file:///home/***/.ivy2/jars/com.datastax.oss_java-driver-query-builder-4.13.0.jar at spark://f3c105d69d83:45827/jars/com.datastax.oss_java-driver-query-builder-4.13.0.jar with timestamp 1716064169766
[2024-05-18T20:29:30.821+0000] {spark_submit.py:571} INFO - 24/05/18 20:29:30 INFO SparkContext: Added JAR file:///home/***/.ivy2/jars/com.github.luben_zstd-jni-1.5.5-1.jar at spark://f3c105d69d83:45827/jars/com.github.luben_zstd-jni-1.5.5-1.jar with timestamp 1716064169766
[2024-05-18T20:29:30.821+0000] {spark_submit.py:571} INFO - 24/05/18 20:29:30 INFO SparkContext: Added JAR file:///home/***/.ivy2/jars/org.lz4_lz4-java-1.8.0.jar at spark://f3c105d69d83:45827/jars/org.lz4_lz4-java-1.8.0.jar with timestamp 1716064169766
[2024-05-18T20:29:30.821+0000] {spark_submit.py:571} INFO - 24/05/18 20:29:30 INFO SparkContext: Added file file:///home/***/.ivy2/jars/org.apache.spark_spark-sql-kafka-0-10_2.12-3.5.1.jar at spark://f3c105d69d83:45827/files/org.apache.spark_spark-sql-kafka-0-10_2.12-3.5.1.jar with timestamp 1716064169766
[2024-05-18T20:29:30.822+0000] {spark_submit.py:571} INFO - 24/05/18 20:29:30 INFO Utils: Copying /home/***/.ivy2/jars/org.apache.spark_spark-sql-kafka-0-10_2.12-3.5.1.jar to /tmp/spark-fba074bd-f41a-484b-9a19-281ff6f482b3/userFiles-babf0853-0f95-4686-9fce-58cf4d9f1781/org.apache.spark_spark-sql-kafka-0-10_2.12-3.5.1.jar
[2024-05-18T20:29:30.839+0000] {spark_submit.py:571} INFO - 24/05/18 20:29:30 INFO SparkContext: Added file file:///home/***/.ivy2/jars/com.datastax.spark_spark-cassandra-connector_2.12-3.5.0.jar at spark://f3c105d69d83:45827/files/com.datastax.spark_spark-cassandra-connector_2.12-3.5.0.jar with timestamp 1716064169766
[2024-05-18T20:29:30.842+0000] {spark_submit.py:571} INFO - 24/05/18 20:29:30 INFO Utils: Copying /home/***/.ivy2/jars/com.datastax.spark_spark-cassandra-connector_2.12-3.5.0.jar to /tmp/spark-fba074bd-f41a-484b-9a19-281ff6f482b3/userFiles-babf0853-0f95-4686-9fce-58cf4d9f1781/com.datastax.spark_spark-cassandra-connector_2.12-3.5.0.jar
[2024-05-18T20:29:30.856+0000] {spark_submit.py:571} INFO - 24/05/18 20:29:30 INFO SparkContext: Added file file:///home/***/.ivy2/jars/org.apache.kafka_kafka-clients-3.5.1.jar at spark://f3c105d69d83:45827/files/org.apache.kafka_kafka-clients-3.5.1.jar with timestamp 1716064169766
[2024-05-18T20:29:30.857+0000] {spark_submit.py:571} INFO - 24/05/18 20:29:30 INFO Utils: Copying /home/***/.ivy2/jars/org.apache.kafka_kafka-clients-3.5.1.jar to /tmp/spark-fba074bd-f41a-484b-9a19-281ff6f482b3/userFiles-babf0853-0f95-4686-9fce-58cf4d9f1781/org.apache.kafka_kafka-clients-3.5.1.jar
[2024-05-18T20:29:30.951+0000] {spark_submit.py:571} INFO - 24/05/18 20:29:30 INFO SparkContext: Added file file:///home/***/.ivy2/jars/commons-logging_commons-logging-1.2.jar at spark://f3c105d69d83:45827/files/commons-logging_commons-logging-1.2.jar with timestamp 1716064169766
[2024-05-18T20:29:30.953+0000] {spark_submit.py:571} INFO - 24/05/18 20:29:30 INFO Utils: Copying /home/***/.ivy2/jars/commons-logging_commons-logging-1.2.jar to /tmp/spark-fba074bd-f41a-484b-9a19-281ff6f482b3/userFiles-babf0853-0f95-4686-9fce-58cf4d9f1781/commons-logging_commons-logging-1.2.jar
[2024-05-18T20:29:30.958+0000] {spark_submit.py:571} INFO - 24/05/18 20:29:30 INFO SparkContext: Added file file:///home/***/.ivy2/jars/org.apache.spark_spark-token-provider-kafka-0-10_2.12-3.5.1.jar at spark://f3c105d69d83:45827/files/org.apache.spark_spark-token-provider-kafka-0-10_2.12-3.5.1.jar with timestamp 1716064169766
[2024-05-18T20:29:30.958+0000] {spark_submit.py:571} INFO - 24/05/18 20:29:30 INFO Utils: Copying /home/***/.ivy2/jars/org.apache.spark_spark-token-provider-kafka-0-10_2.12-3.5.1.jar to /tmp/spark-fba074bd-f41a-484b-9a19-281ff6f482b3/userFiles-babf0853-0f95-4686-9fce-58cf4d9f1781/org.apache.spark_spark-token-provider-kafka-0-10_2.12-3.5.1.jar
[2024-05-18T20:29:30.966+0000] {spark_submit.py:571} INFO - 24/05/18 20:29:30 INFO SparkContext: Added file file:///home/***/.ivy2/jars/org.apache.commons_commons-pool2-2.11.1.jar at spark://f3c105d69d83:45827/files/org.apache.commons_commons-pool2-2.11.1.jar with timestamp 1716064169766
[2024-05-18T20:29:30.968+0000] {spark_submit.py:571} INFO - 24/05/18 20:29:30 INFO Utils: Copying /home/***/.ivy2/jars/org.apache.commons_commons-pool2-2.11.1.jar to /tmp/spark-fba074bd-f41a-484b-9a19-281ff6f482b3/userFiles-babf0853-0f95-4686-9fce-58cf4d9f1781/org.apache.commons_commons-pool2-2.11.1.jar
[2024-05-18T20:29:30.989+0000] {spark_submit.py:571} INFO - 24/05/18 20:29:30 INFO SparkContext: Added file file:///home/***/.ivy2/jars/org.apache.hadoop_hadoop-client-runtime-3.3.4.jar at spark://f3c105d69d83:45827/files/org.apache.hadoop_hadoop-client-runtime-3.3.4.jar with timestamp 1716064169766
[2024-05-18T20:29:30.990+0000] {spark_submit.py:571} INFO - 24/05/18 20:29:30 INFO Utils: Copying /home/***/.ivy2/jars/org.apache.hadoop_hadoop-client-runtime-3.3.4.jar to /tmp/spark-fba074bd-f41a-484b-9a19-281ff6f482b3/userFiles-babf0853-0f95-4686-9fce-58cf4d9f1781/org.apache.hadoop_hadoop-client-runtime-3.3.4.jar
[2024-05-18T20:29:31.373+0000] {spark_submit.py:571} INFO - 24/05/18 20:29:31 INFO SparkContext: Added file file:///home/***/.ivy2/jars/org.apache.hadoop_hadoop-client-api-3.3.4.jar at spark://f3c105d69d83:45827/files/org.apache.hadoop_hadoop-client-api-3.3.4.jar with timestamp 1716064169766
[2024-05-18T20:29:31.377+0000] {spark_submit.py:571} INFO - 24/05/18 20:29:31 INFO Utils: Copying /home/***/.ivy2/jars/org.apache.hadoop_hadoop-client-api-3.3.4.jar to /tmp/spark-fba074bd-f41a-484b-9a19-281ff6f482b3/userFiles-babf0853-0f95-4686-9fce-58cf4d9f1781/org.apache.hadoop_hadoop-client-api-3.3.4.jar
[2024-05-18T20:29:31.640+0000] {spark_submit.py:571} INFO - 24/05/18 20:29:31 INFO SparkContext: Added file file:///home/***/.ivy2/jars/org.xerial.snappy_snappy-java-1.1.10.3.jar at spark://f3c105d69d83:45827/files/org.xerial.snappy_snappy-java-1.1.10.3.jar with timestamp 1716064169766
[2024-05-18T20:29:31.641+0000] {spark_submit.py:571} INFO - 24/05/18 20:29:31 INFO Utils: Copying /home/***/.ivy2/jars/org.xerial.snappy_snappy-java-1.1.10.3.jar to /tmp/spark-fba074bd-f41a-484b-9a19-281ff6f482b3/userFiles-babf0853-0f95-4686-9fce-58cf4d9f1781/org.xerial.snappy_snappy-java-1.1.10.3.jar
[2024-05-18T20:29:31.665+0000] {spark_submit.py:571} INFO - 24/05/18 20:29:31 INFO SparkContext: Added file file:///home/***/.ivy2/jars/org.slf4j_slf4j-api-2.0.7.jar at spark://f3c105d69d83:45827/files/org.slf4j_slf4j-api-2.0.7.jar with timestamp 1716064169766
[2024-05-18T20:29:31.666+0000] {spark_submit.py:571} INFO - 24/05/18 20:29:31 INFO Utils: Copying /home/***/.ivy2/jars/org.slf4j_slf4j-api-2.0.7.jar to /tmp/spark-fba074bd-f41a-484b-9a19-281ff6f482b3/userFiles-babf0853-0f95-4686-9fce-58cf4d9f1781/org.slf4j_slf4j-api-2.0.7.jar
[2024-05-18T20:29:31.671+0000] {spark_submit.py:571} INFO - 24/05/18 20:29:31 INFO SparkContext: Added file file:///home/***/.ivy2/jars/com.datastax.spark_spark-cassandra-connector-driver_2.12-3.5.0.jar at spark://f3c105d69d83:45827/files/com.datastax.spark_spark-cassandra-connector-driver_2.12-3.5.0.jar with timestamp 1716064169766
[2024-05-18T20:29:31.672+0000] {spark_submit.py:571} INFO - 24/05/18 20:29:31 INFO Utils: Copying /home/***/.ivy2/jars/com.datastax.spark_spark-cassandra-connector-driver_2.12-3.5.0.jar to /tmp/spark-fba074bd-f41a-484b-9a19-281ff6f482b3/userFiles-babf0853-0f95-4686-9fce-58cf4d9f1781/com.datastax.spark_spark-cassandra-connector-driver_2.12-3.5.0.jar
[2024-05-18T20:29:31.683+0000] {spark_submit.py:571} INFO - 24/05/18 20:29:31 INFO SparkContext: Added file file:///home/***/.ivy2/jars/org.scala-lang.modules_scala-collection-compat_2.12-2.11.0.jar at spark://f3c105d69d83:45827/files/org.scala-lang.modules_scala-collection-compat_2.12-2.11.0.jar with timestamp 1716064169766
[2024-05-18T20:29:31.683+0000] {spark_submit.py:571} INFO - 24/05/18 20:29:31 INFO Utils: Copying /home/***/.ivy2/jars/org.scala-lang.modules_scala-collection-compat_2.12-2.11.0.jar to /tmp/spark-fba074bd-f41a-484b-9a19-281ff6f482b3/userFiles-babf0853-0f95-4686-9fce-58cf4d9f1781/org.scala-lang.modules_scala-collection-compat_2.12-2.11.0.jar
[2024-05-18T20:29:31.690+0000] {spark_submit.py:571} INFO - 24/05/18 20:29:31 INFO SparkContext: Added file file:///home/***/.ivy2/jars/com.datastax.oss_java-driver-core-shaded-4.13.0.jar at spark://f3c105d69d83:45827/files/com.datastax.oss_java-driver-core-shaded-4.13.0.jar with timestamp 1716064169766
[2024-05-18T20:29:31.691+0000] {spark_submit.py:571} INFO - 24/05/18 20:29:31 INFO Utils: Copying /home/***/.ivy2/jars/com.datastax.oss_java-driver-core-shaded-4.13.0.jar to /tmp/spark-fba074bd-f41a-484b-9a19-281ff6f482b3/userFiles-babf0853-0f95-4686-9fce-58cf4d9f1781/com.datastax.oss_java-driver-core-shaded-4.13.0.jar
[2024-05-18T20:29:31.775+0000] {spark_submit.py:571} INFO - 24/05/18 20:29:31 INFO SparkContext: Added file file:///home/***/.ivy2/jars/com.datastax.oss_java-driver-mapper-runtime-4.13.0.jar at spark://f3c105d69d83:45827/files/com.datastax.oss_java-driver-mapper-runtime-4.13.0.jar with timestamp 1716064169766
[2024-05-18T20:29:31.776+0000] {spark_submit.py:571} INFO - 24/05/18 20:29:31 INFO Utils: Copying /home/***/.ivy2/jars/com.datastax.oss_java-driver-mapper-runtime-4.13.0.jar to /tmp/spark-fba074bd-f41a-484b-9a19-281ff6f482b3/userFiles-babf0853-0f95-4686-9fce-58cf4d9f1781/com.datastax.oss_java-driver-mapper-runtime-4.13.0.jar
[2024-05-18T20:29:31.779+0000] {spark_submit.py:571} INFO - 24/05/18 20:29:31 INFO SparkContext: Added file file:///home/***/.ivy2/jars/org.apache.commons_commons-lang3-3.10.jar at spark://f3c105d69d83:45827/files/org.apache.commons_commons-lang3-3.10.jar with timestamp 1716064169766
[2024-05-18T20:29:31.780+0000] {spark_submit.py:571} INFO - 24/05/18 20:29:31 INFO Utils: Copying /home/***/.ivy2/jars/org.apache.commons_commons-lang3-3.10.jar to /tmp/spark-fba074bd-f41a-484b-9a19-281ff6f482b3/userFiles-babf0853-0f95-4686-9fce-58cf4d9f1781/org.apache.commons_commons-lang3-3.10.jar
[2024-05-18T20:29:31.787+0000] {spark_submit.py:571} INFO - 24/05/18 20:29:31 INFO SparkContext: Added file file:///home/***/.ivy2/jars/com.thoughtworks.paranamer_paranamer-2.8.jar at spark://f3c105d69d83:45827/files/com.thoughtworks.paranamer_paranamer-2.8.jar with timestamp 1716064169766
[2024-05-18T20:29:31.787+0000] {spark_submit.py:571} INFO - 24/05/18 20:29:31 INFO Utils: Copying /home/***/.ivy2/jars/com.thoughtworks.paranamer_paranamer-2.8.jar to /tmp/spark-fba074bd-f41a-484b-9a19-281ff6f482b3/userFiles-babf0853-0f95-4686-9fce-58cf4d9f1781/com.thoughtworks.paranamer_paranamer-2.8.jar
[2024-05-18T20:29:31.790+0000] {spark_submit.py:571} INFO - 24/05/18 20:29:31 INFO SparkContext: Added file file:///home/***/.ivy2/jars/org.scala-lang_scala-reflect-2.12.11.jar at spark://f3c105d69d83:45827/files/org.scala-lang_scala-reflect-2.12.11.jar with timestamp 1716064169766
[2024-05-18T20:29:31.790+0000] {spark_submit.py:571} INFO - 24/05/18 20:29:31 INFO Utils: Copying /home/***/.ivy2/jars/org.scala-lang_scala-reflect-2.12.11.jar to /tmp/spark-fba074bd-f41a-484b-9a19-281ff6f482b3/userFiles-babf0853-0f95-4686-9fce-58cf4d9f1781/org.scala-lang_scala-reflect-2.12.11.jar
[2024-05-18T20:29:31.819+0000] {spark_submit.py:571} INFO - 24/05/18 20:29:31 INFO SparkContext: Added file file:///home/***/.ivy2/jars/com.datastax.oss_native-protocol-1.5.0.jar at spark://f3c105d69d83:45827/files/com.datastax.oss_native-protocol-1.5.0.jar with timestamp 1716064169766
[2024-05-18T20:29:31.819+0000] {spark_submit.py:571} INFO - 24/05/18 20:29:31 INFO Utils: Copying /home/***/.ivy2/jars/com.datastax.oss_native-protocol-1.5.0.jar to /tmp/spark-fba074bd-f41a-484b-9a19-281ff6f482b3/userFiles-babf0853-0f95-4686-9fce-58cf4d9f1781/com.datastax.oss_native-protocol-1.5.0.jar
[2024-05-18T20:29:31.824+0000] {spark_submit.py:571} INFO - 24/05/18 20:29:31 INFO SparkContext: Added file file:///home/***/.ivy2/jars/com.datastax.oss_java-driver-shaded-guava-25.1-jre-graal-sub-1.jar at spark://f3c105d69d83:45827/files/com.datastax.oss_java-driver-shaded-guava-25.1-jre-graal-sub-1.jar with timestamp 1716064169766
[2024-05-18T20:29:31.824+0000] {spark_submit.py:571} INFO - 24/05/18 20:29:31 INFO Utils: Copying /home/***/.ivy2/jars/com.datastax.oss_java-driver-shaded-guava-25.1-jre-graal-sub-1.jar to /tmp/spark-fba074bd-f41a-484b-9a19-281ff6f482b3/userFiles-babf0853-0f95-4686-9fce-58cf4d9f1781/com.datastax.oss_java-driver-shaded-guava-25.1-jre-graal-sub-1.jar
[2024-05-18T20:29:31.843+0000] {spark_submit.py:571} INFO - 24/05/18 20:29:31 INFO SparkContext: Added file file:///home/***/.ivy2/jars/com.typesafe_config-1.4.1.jar at spark://f3c105d69d83:45827/files/com.typesafe_config-1.4.1.jar with timestamp 1716064169766
[2024-05-18T20:29:31.845+0000] {spark_submit.py:571} INFO - 24/05/18 20:29:31 INFO Utils: Copying /home/***/.ivy2/jars/com.typesafe_config-1.4.1.jar to /tmp/spark-fba074bd-f41a-484b-9a19-281ff6f482b3/userFiles-babf0853-0f95-4686-9fce-58cf4d9f1781/com.typesafe_config-1.4.1.jar
[2024-05-18T20:29:31.858+0000] {spark_submit.py:571} INFO - 24/05/18 20:29:31 INFO SparkContext: Added file file:///home/***/.ivy2/jars/io.dropwizard.metrics_metrics-core-4.1.18.jar at spark://f3c105d69d83:45827/files/io.dropwizard.metrics_metrics-core-4.1.18.jar with timestamp 1716064169766
[2024-05-18T20:29:31.860+0000] {spark_submit.py:571} INFO - 24/05/18 20:29:31 INFO Utils: Copying /home/***/.ivy2/jars/io.dropwizard.metrics_metrics-core-4.1.18.jar to /tmp/spark-fba074bd-f41a-484b-9a19-281ff6f482b3/userFiles-babf0853-0f95-4686-9fce-58cf4d9f1781/io.dropwizard.metrics_metrics-core-4.1.18.jar
[2024-05-18T20:29:31.865+0000] {spark_submit.py:571} INFO - 24/05/18 20:29:31 INFO SparkContext: Added file file:///home/***/.ivy2/jars/org.hdrhistogram_HdrHistogram-2.1.12.jar at spark://f3c105d69d83:45827/files/org.hdrhistogram_HdrHistogram-2.1.12.jar with timestamp 1716064169766
[2024-05-18T20:29:31.865+0000] {spark_submit.py:571} INFO - 24/05/18 20:29:31 INFO Utils: Copying /home/***/.ivy2/jars/org.hdrhistogram_HdrHistogram-2.1.12.jar to /tmp/spark-fba074bd-f41a-484b-9a19-281ff6f482b3/userFiles-babf0853-0f95-4686-9fce-58cf4d9f1781/org.hdrhistogram_HdrHistogram-2.1.12.jar
[2024-05-18T20:29:31.870+0000] {spark_submit.py:571} INFO - 24/05/18 20:29:31 INFO SparkContext: Added file file:///home/***/.ivy2/jars/org.reactivestreams_reactive-streams-1.0.3.jar at spark://f3c105d69d83:45827/files/org.reactivestreams_reactive-streams-1.0.3.jar with timestamp 1716064169766
[2024-05-18T20:29:31.871+0000] {spark_submit.py:571} INFO - 24/05/18 20:29:31 INFO Utils: Copying /home/***/.ivy2/jars/org.reactivestreams_reactive-streams-1.0.3.jar to /tmp/spark-fba074bd-f41a-484b-9a19-281ff6f482b3/userFiles-babf0853-0f95-4686-9fce-58cf4d9f1781/org.reactivestreams_reactive-streams-1.0.3.jar
[2024-05-18T20:29:31.875+0000] {spark_submit.py:571} INFO - 24/05/18 20:29:31 INFO SparkContext: Added file file:///home/***/.ivy2/jars/com.github.stephenc.jcip_jcip-annotations-1.0-1.jar at spark://f3c105d69d83:45827/files/com.github.stephenc.jcip_jcip-annotations-1.0-1.jar with timestamp 1716064169766
[2024-05-18T20:29:31.875+0000] {spark_submit.py:571} INFO - 24/05/18 20:29:31 INFO Utils: Copying /home/***/.ivy2/jars/com.github.stephenc.jcip_jcip-annotations-1.0-1.jar to /tmp/spark-fba074bd-f41a-484b-9a19-281ff6f482b3/userFiles-babf0853-0f95-4686-9fce-58cf4d9f1781/com.github.stephenc.jcip_jcip-annotations-1.0-1.jar
[2024-05-18T20:29:31.878+0000] {spark_submit.py:571} INFO - 24/05/18 20:29:31 INFO SparkContext: Added file file:///home/***/.ivy2/jars/com.github.spotbugs_spotbugs-annotations-3.1.12.jar at spark://f3c105d69d83:45827/files/com.github.spotbugs_spotbugs-annotations-3.1.12.jar with timestamp 1716064169766
[2024-05-18T20:29:31.879+0000] {spark_submit.py:571} INFO - 24/05/18 20:29:31 INFO Utils: Copying /home/***/.ivy2/jars/com.github.spotbugs_spotbugs-annotations-3.1.12.jar to /tmp/spark-fba074bd-f41a-484b-9a19-281ff6f482b3/userFiles-babf0853-0f95-4686-9fce-58cf4d9f1781/com.github.spotbugs_spotbugs-annotations-3.1.12.jar
[2024-05-18T20:29:31.884+0000] {spark_submit.py:571} INFO - 24/05/18 20:29:31 INFO SparkContext: Added file file:///home/***/.ivy2/jars/com.google.code.findbugs_jsr305-3.0.2.jar at spark://f3c105d69d83:45827/files/com.google.code.findbugs_jsr305-3.0.2.jar with timestamp 1716064169766
[2024-05-18T20:29:31.885+0000] {spark_submit.py:571} INFO - 24/05/18 20:29:31 INFO Utils: Copying /home/***/.ivy2/jars/com.google.code.findbugs_jsr305-3.0.2.jar to /tmp/spark-fba074bd-f41a-484b-9a19-281ff6f482b3/userFiles-babf0853-0f95-4686-9fce-58cf4d9f1781/com.google.code.findbugs_jsr305-3.0.2.jar
[2024-05-18T20:29:31.888+0000] {spark_submit.py:571} INFO - 24/05/18 20:29:31 INFO SparkContext: Added file file:///home/***/.ivy2/jars/com.datastax.oss_java-driver-query-builder-4.13.0.jar at spark://f3c105d69d83:45827/files/com.datastax.oss_java-driver-query-builder-4.13.0.jar with timestamp 1716064169766
[2024-05-18T20:29:31.891+0000] {spark_submit.py:571} INFO - 24/05/18 20:29:31 INFO Utils: Copying /home/***/.ivy2/jars/com.datastax.oss_java-driver-query-builder-4.13.0.jar to /tmp/spark-fba074bd-f41a-484b-9a19-281ff6f482b3/userFiles-babf0853-0f95-4686-9fce-58cf4d9f1781/com.datastax.oss_java-driver-query-builder-4.13.0.jar
[2024-05-18T20:29:31.895+0000] {spark_submit.py:571} INFO - 24/05/18 20:29:31 INFO SparkContext: Added file file:///home/***/.ivy2/jars/com.github.luben_zstd-jni-1.5.5-1.jar at spark://f3c105d69d83:45827/files/com.github.luben_zstd-jni-1.5.5-1.jar with timestamp 1716064169766
[2024-05-18T20:29:31.895+0000] {spark_submit.py:571} INFO - 24/05/18 20:29:31 INFO Utils: Copying /home/***/.ivy2/jars/com.github.luben_zstd-jni-1.5.5-1.jar to /tmp/spark-fba074bd-f41a-484b-9a19-281ff6f482b3/userFiles-babf0853-0f95-4686-9fce-58cf4d9f1781/com.github.luben_zstd-jni-1.5.5-1.jar
[2024-05-18T20:29:31.938+0000] {spark_submit.py:571} INFO - 24/05/18 20:29:31 INFO SparkContext: Added file file:///home/***/.ivy2/jars/org.lz4_lz4-java-1.8.0.jar at spark://f3c105d69d83:45827/files/org.lz4_lz4-java-1.8.0.jar with timestamp 1716064169766
[2024-05-18T20:29:31.938+0000] {spark_submit.py:571} INFO - 24/05/18 20:29:31 INFO Utils: Copying /home/***/.ivy2/jars/org.lz4_lz4-java-1.8.0.jar to /tmp/spark-fba074bd-f41a-484b-9a19-281ff6f482b3/userFiles-babf0853-0f95-4686-9fce-58cf4d9f1781/org.lz4_lz4-java-1.8.0.jar
[2024-05-18T20:29:32.046+0000] {spark_submit.py:571} INFO - 24/05/18 20:29:32 INFO StandaloneAppClient$ClientEndpoint: Connecting to master spark://spark-master:7077...
[2024-05-18T20:29:32.105+0000] {spark_submit.py:571} INFO - 24/05/18 20:29:32 INFO TransportClientFactory: Successfully created connection to spark-master/172.25.0.4:7077 after 30 ms (0 ms spent in bootstraps)
[2024-05-18T20:29:32.311+0000] {spark_submit.py:571} INFO - 24/05/18 20:29:32 INFO StandaloneSchedulerBackend: Connected to Spark cluster with app ID app-20240518202932-0003
[2024-05-18T20:29:32.321+0000] {spark_submit.py:571} INFO - 24/05/18 20:29:32 INFO Utils: Successfully started service 'org.apache.spark.network.netty.NettyBlockTransferService' on port 41315.
[2024-05-18T20:29:32.322+0000] {spark_submit.py:571} INFO - 24/05/18 20:29:32 INFO NettyBlockTransferService: Server created on f3c105d69d83:41315
[2024-05-18T20:29:32.324+0000] {spark_submit.py:571} INFO - 24/05/18 20:29:32 INFO BlockManager: Using org.apache.spark.storage.RandomBlockReplicationPolicy for block replication policy
[2024-05-18T20:29:32.326+0000] {spark_submit.py:571} INFO - 24/05/18 20:29:32 INFO StandaloneAppClient$ClientEndpoint: Executor added: app-20240518202932-0003/0 on worker-20240518201224-172.25.0.6-33123 (172.25.0.6:33123) with 1 core(s)
[2024-05-18T20:29:32.329+0000] {spark_submit.py:571} INFO - 24/05/18 20:29:32 INFO StandaloneSchedulerBackend: Granted executor ID app-20240518202932-0003/0 on hostPort 172.25.0.6:33123 with 1 core(s), 1024.0 MiB RAM
[2024-05-18T20:29:32.333+0000] {spark_submit.py:571} INFO - 24/05/18 20:29:32 INFO BlockManagerMaster: Registering BlockManager BlockManagerId(driver, f3c105d69d83, 41315, None)
[2024-05-18T20:29:32.336+0000] {spark_submit.py:571} INFO - 24/05/18 20:29:32 INFO BlockManagerMasterEndpoint: Registering block manager f3c105d69d83:41315 with 434.4 MiB RAM, BlockManagerId(driver, f3c105d69d83, 41315, None)
[2024-05-18T20:29:32.338+0000] {spark_submit.py:571} INFO - 24/05/18 20:29:32 INFO BlockManagerMaster: Registered BlockManager BlockManagerId(driver, f3c105d69d83, 41315, None)
[2024-05-18T20:29:32.339+0000] {spark_submit.py:571} INFO - 24/05/18 20:29:32 INFO BlockManager: Initialized BlockManager: BlockManagerId(driver, f3c105d69d83, 41315, None)
[2024-05-18T20:29:32.650+0000] {spark_submit.py:571} INFO - 24/05/18 20:29:32 INFO StandaloneAppClient$ClientEndpoint: Executor updated: app-20240518202932-0003/0 is now RUNNING
[2024-05-18T20:29:32.697+0000] {spark_submit.py:571} INFO - 24/05/18 20:29:32 INFO StandaloneSchedulerBackend: SchedulerBackend is ready for scheduling beginning after reached minRegisteredResourcesRatio: 0.0
[2024-05-18T20:29:33.212+0000] {spark_submit.py:571} INFO - 24/05/18 20:29:33 INFO SharedState: Setting hive.metastore.warehouse.dir ('null') to the value of spark.sql.warehouse.dir.
[2024-05-18T20:29:33.215+0000] {spark_submit.py:571} INFO - 24/05/18 20:29:33 INFO SharedState: Warehouse path is 'file:/opt/***/spark-warehouse'.
[2024-05-18T20:29:36.468+0000] {spark_submit.py:571} INFO - INFO:py4j.java_gateway:Callback Server Starting
[2024-05-18T20:29:36.473+0000] {spark_submit.py:571} INFO - INFO:py4j.java_gateway:Socket listening on ('127.0.0.1', 38603)
[2024-05-18T20:29:36.491+0000] {spark_submit.py:571} INFO - 24/05/18 20:29:36 INFO StateStoreCoordinatorRef: Registered StateStoreCoordinator endpoint
[2024-05-18T20:29:36.565+0000] {spark_submit.py:571} INFO - 24/05/18 20:29:36 WARN ResolveWriteToStream: Temporary checkpoint location created which is deleted normally when the query didn't fail: /tmp/temporary-c8538f30-59ef-40ff-83c8-a4e9588afe06. If it's required to delete it under any circumstances, please set spark.sql.streaming.forceDeleteTempCheckpointLocation to true. Important to know deleting temp checkpoint folder is best effort.
[2024-05-18T20:29:36.652+0000] {spark_submit.py:571} INFO - 24/05/18 20:29:36 INFO ResolveWriteToStream: Checkpoint root file:///tmp/temporary-c8538f30-59ef-40ff-83c8-a4e9588afe06 resolved to file:/tmp/temporary-c8538f30-59ef-40ff-83c8-a4e9588afe06.
[2024-05-18T20:29:36.653+0000] {spark_submit.py:571} INFO - 24/05/18 20:29:36 WARN ResolveWriteToStream: spark.sql.adaptive.enabled is not supported in streaming DataFrames/Datasets and will be disabled.
[2024-05-18T20:29:36.777+0000] {spark_submit.py:571} INFO - 24/05/18 20:29:36 INFO StandaloneSchedulerBackend$StandaloneDriverEndpoint: Registered executor NettyRpcEndpointRef(spark-client://Executor) (172.25.0.6:53910) with ID 0,  ResourceProfileId 0
[2024-05-18T20:29:36.992+0000] {spark_submit.py:571} INFO - 24/05/18 20:29:36 INFO BlockManagerMasterEndpoint: Registering block manager 172.25.0.6:34263 with 434.4 MiB RAM, BlockManagerId(0, 172.25.0.6, 34263, None)
[2024-05-18T20:29:36.998+0000] {spark_submit.py:571} INFO - 24/05/18 20:29:36 INFO CheckpointFileManager: Writing atomically to file:/tmp/temporary-c8538f30-59ef-40ff-83c8-a4e9588afe06/metadata using temp file file:/tmp/temporary-c8538f30-59ef-40ff-83c8-a4e9588afe06/.metadata.39037b9b-43e0-4fbf-8984-1d137c0ca9bf.tmp
[2024-05-18T20:29:37.174+0000] {spark_submit.py:571} INFO - 24/05/18 20:29:37 INFO CheckpointFileManager: Renamed temp file file:/tmp/temporary-c8538f30-59ef-40ff-83c8-a4e9588afe06/.metadata.39037b9b-43e0-4fbf-8984-1d137c0ca9bf.tmp to file:/tmp/temporary-c8538f30-59ef-40ff-83c8-a4e9588afe06/metadata
[2024-05-18T20:29:37.226+0000] {spark_submit.py:571} INFO - 24/05/18 20:29:37 INFO MicroBatchExecution: Starting [id = 95f0d220-b26c-48d4-9ba4-5d9c08e741b7, runId = 0d88a21c-c251-4188-a1cd-8bf2e94c270d]. Use file:/tmp/temporary-c8538f30-59ef-40ff-83c8-a4e9588afe06 to store the query checkpoint.
[2024-05-18T20:29:37.266+0000] {spark_submit.py:571} INFO - 24/05/18 20:29:37 INFO MicroBatchExecution: Reading table [org.apache.spark.sql.kafka010.KafkaSourceProvider$KafkaTable@73c1b0b] from DataSourceV2 named 'kafka' [org.apache.spark.sql.kafka010.KafkaSourceProvider@7342f280]
[2024-05-18T20:29:37.317+0000] {spark_submit.py:571} INFO - 24/05/18 20:29:37 INFO OffsetSeqLog: BatchIds found from listing:
[2024-05-18T20:29:37.319+0000] {spark_submit.py:571} INFO - 24/05/18 20:29:37 INFO OffsetSeqLog: BatchIds found from listing:
[2024-05-18T20:29:37.319+0000] {spark_submit.py:571} INFO - 24/05/18 20:29:37 INFO MicroBatchExecution: Starting new streaming query.
[2024-05-18T20:29:37.322+0000] {spark_submit.py:571} INFO - 24/05/18 20:29:37 INFO MicroBatchExecution: Stream started from {}
[2024-05-18T20:29:37.948+0000] {spark_submit.py:571} INFO - 24/05/18 20:29:37 INFO AdminClientConfig: AdminClientConfig values:
[2024-05-18T20:29:37.950+0000] {spark_submit.py:571} INFO - auto.include.jmx.reporter = true
[2024-05-18T20:29:37.951+0000] {spark_submit.py:571} INFO - bootstrap.servers = [kafka:9092]
[2024-05-18T20:29:37.951+0000] {spark_submit.py:571} INFO - client.dns.lookup = use_all_dns_ips
[2024-05-18T20:29:37.951+0000] {spark_submit.py:571} INFO - client.id =
[2024-05-18T20:29:37.951+0000] {spark_submit.py:571} INFO - connections.max.idle.ms = 300000
[2024-05-18T20:29:37.951+0000] {spark_submit.py:571} INFO - default.api.timeout.ms = 60000
[2024-05-18T20:29:37.952+0000] {spark_submit.py:571} INFO - metadata.max.age.ms = 300000
[2024-05-18T20:29:37.952+0000] {spark_submit.py:571} INFO - metric.reporters = []
[2024-05-18T20:29:37.952+0000] {spark_submit.py:571} INFO - metrics.num.samples = 2
[2024-05-18T20:29:37.952+0000] {spark_submit.py:571} INFO - metrics.recording.level = INFO
[2024-05-18T20:29:37.953+0000] {spark_submit.py:571} INFO - metrics.sample.window.ms = 30000
[2024-05-18T20:29:37.953+0000] {spark_submit.py:571} INFO - receive.buffer.bytes = 65536
[2024-05-18T20:29:37.953+0000] {spark_submit.py:571} INFO - reconnect.backoff.max.ms = 1000
[2024-05-18T20:29:37.954+0000] {spark_submit.py:571} INFO - reconnect.backoff.ms = 50
[2024-05-18T20:29:37.954+0000] {spark_submit.py:571} INFO - request.timeout.ms = 30000
[2024-05-18T20:29:37.954+0000] {spark_submit.py:571} INFO - retries = 2147483647
[2024-05-18T20:29:37.954+0000] {spark_submit.py:571} INFO - retry.backoff.ms = 100
[2024-05-18T20:29:37.955+0000] {spark_submit.py:571} INFO - sasl.client.callback.handler.class = null
[2024-05-18T20:29:37.955+0000] {spark_submit.py:571} INFO - sasl.jaas.config = null
[2024-05-18T20:29:37.955+0000] {spark_submit.py:571} INFO - sasl.kerberos.kinit.cmd = /usr/bin/kinit
[2024-05-18T20:29:37.955+0000] {spark_submit.py:571} INFO - sasl.kerberos.min.time.before.relogin = 60000
[2024-05-18T20:29:37.956+0000] {spark_submit.py:571} INFO - sasl.kerberos.service.name = null
[2024-05-18T20:29:37.956+0000] {spark_submit.py:571} INFO - sasl.kerberos.ticket.renew.jitter = 0.05
[2024-05-18T20:29:37.956+0000] {spark_submit.py:571} INFO - sasl.kerberos.ticket.renew.window.factor = 0.8
[2024-05-18T20:29:37.957+0000] {spark_submit.py:571} INFO - sasl.login.callback.handler.class = null
[2024-05-18T20:29:37.957+0000] {spark_submit.py:571} INFO - sasl.login.class = null
[2024-05-18T20:29:37.958+0000] {spark_submit.py:571} INFO - sasl.login.connect.timeout.ms = null
[2024-05-18T20:29:37.958+0000] {spark_submit.py:571} INFO - sasl.login.read.timeout.ms = null
[2024-05-18T20:29:37.958+0000] {spark_submit.py:571} INFO - sasl.login.refresh.buffer.seconds = 300
[2024-05-18T20:29:37.958+0000] {spark_submit.py:571} INFO - sasl.login.refresh.min.period.seconds = 60
[2024-05-18T20:29:37.958+0000] {spark_submit.py:571} INFO - sasl.login.refresh.window.factor = 0.8
[2024-05-18T20:29:37.958+0000] {spark_submit.py:571} INFO - sasl.login.refresh.window.jitter = 0.05
[2024-05-18T20:29:37.959+0000] {spark_submit.py:571} INFO - sasl.login.retry.backoff.max.ms = 10000
[2024-05-18T20:29:37.959+0000] {spark_submit.py:571} INFO - sasl.login.retry.backoff.ms = 100
[2024-05-18T20:29:37.960+0000] {spark_submit.py:571} INFO - sasl.mechanism = GSSAPI
[2024-05-18T20:29:37.960+0000] {spark_submit.py:571} INFO - sasl.oauthbearer.clock.skew.seconds = 30
[2024-05-18T20:29:37.960+0000] {spark_submit.py:571} INFO - sasl.oauthbearer.expected.audience = null
[2024-05-18T20:29:37.961+0000] {spark_submit.py:571} INFO - sasl.oauthbearer.expected.issuer = null
[2024-05-18T20:29:37.961+0000] {spark_submit.py:571} INFO - sasl.oauthbearer.jwks.endpoint.refresh.ms = 3600000
[2024-05-18T20:29:37.961+0000] {spark_submit.py:571} INFO - sasl.oauthbearer.jwks.endpoint.retry.backoff.max.ms = 10000
[2024-05-18T20:29:37.961+0000] {spark_submit.py:571} INFO - sasl.oauthbearer.jwks.endpoint.retry.backoff.ms = 100
[2024-05-18T20:29:37.961+0000] {spark_submit.py:571} INFO - sasl.oauthbearer.jwks.endpoint.url = null
[2024-05-18T20:29:37.962+0000] {spark_submit.py:571} INFO - sasl.oauthbearer.scope.claim.name = scope
[2024-05-18T20:29:37.962+0000] {spark_submit.py:571} INFO - sasl.oauthbearer.sub.claim.name = sub
[2024-05-18T20:29:37.962+0000] {spark_submit.py:571} INFO - sasl.oauthbearer.token.endpoint.url = null
[2024-05-18T20:29:37.962+0000] {spark_submit.py:571} INFO - security.protocol = PLAINTEXT
[2024-05-18T20:29:37.962+0000] {spark_submit.py:571} INFO - security.providers = null
[2024-05-18T20:29:37.963+0000] {spark_submit.py:571} INFO - send.buffer.bytes = 131072
[2024-05-18T20:29:37.963+0000] {spark_submit.py:571} INFO - socket.connection.setup.timeout.max.ms = 30000
[2024-05-18T20:29:37.963+0000] {spark_submit.py:571} INFO - socket.connection.setup.timeout.ms = 10000
[2024-05-18T20:29:37.963+0000] {spark_submit.py:571} INFO - ssl.cipher.suites = null
[2024-05-18T20:29:37.964+0000] {spark_submit.py:571} INFO - ssl.enabled.protocols = [TLSv1.2, TLSv1.3]
[2024-05-18T20:29:37.964+0000] {spark_submit.py:571} INFO - ssl.endpoint.identification.algorithm = https
[2024-05-18T20:29:37.964+0000] {spark_submit.py:571} INFO - ssl.engine.factory.class = null
[2024-05-18T20:29:37.964+0000] {spark_submit.py:571} INFO - ssl.key.password = null
[2024-05-18T20:29:37.965+0000] {spark_submit.py:571} INFO - ssl.keymanager.algorithm = SunX509
[2024-05-18T20:29:37.965+0000] {spark_submit.py:571} INFO - ssl.keystore.certificate.chain = null
[2024-05-18T20:29:37.965+0000] {spark_submit.py:571} INFO - ssl.keystore.key = null
[2024-05-18T20:29:37.966+0000] {spark_submit.py:571} INFO - ssl.keystore.location = null
[2024-05-18T20:29:37.966+0000] {spark_submit.py:571} INFO - ssl.keystore.password = null
[2024-05-18T20:29:37.966+0000] {spark_submit.py:571} INFO - ssl.keystore.type = JKS
[2024-05-18T20:29:37.966+0000] {spark_submit.py:571} INFO - ssl.protocol = TLSv1.3
[2024-05-18T20:29:37.967+0000] {spark_submit.py:571} INFO - ssl.provider = null
[2024-05-18T20:29:37.967+0000] {spark_submit.py:571} INFO - ssl.secure.random.implementation = null
[2024-05-18T20:29:37.967+0000] {spark_submit.py:571} INFO - ssl.trustmanager.algorithm = PKIX
[2024-05-18T20:29:37.968+0000] {spark_submit.py:571} INFO - ssl.truststore.certificates = null
[2024-05-18T20:29:37.968+0000] {spark_submit.py:571} INFO - ssl.truststore.location = null
[2024-05-18T20:29:37.968+0000] {spark_submit.py:571} INFO - ssl.truststore.password = null
[2024-05-18T20:29:37.968+0000] {spark_submit.py:571} INFO - ssl.truststore.type = JKS
[2024-05-18T20:29:37.969+0000] {spark_submit.py:571} INFO - 
[2024-05-18T20:29:38.070+0000] {spark_submit.py:571} INFO - 24/05/18 20:29:38 INFO AdminClientConfig: These configurations '[key.deserializer, value.deserializer, enable.auto.commit, max.poll.records, auto.offset.reset]' were supplied but are not used yet.
[2024-05-18T20:29:38.073+0000] {spark_submit.py:571} INFO - 24/05/18 20:29:38 INFO AppInfoParser: Kafka version: 3.5.1
[2024-05-18T20:29:38.073+0000] {spark_submit.py:571} INFO - 24/05/18 20:29:38 INFO AppInfoParser: Kafka commitId: 2c6fb6c54472e90a
[2024-05-18T20:29:38.074+0000] {spark_submit.py:571} INFO - 24/05/18 20:29:38 INFO AppInfoParser: Kafka startTimeMs: 1716064178070
[2024-05-18T20:29:38.732+0000] {spark_submit.py:571} INFO - 24/05/18 20:29:38 INFO CheckpointFileManager: Writing atomically to file:/tmp/temporary-c8538f30-59ef-40ff-83c8-a4e9588afe06/sources/0/0 using temp file file:/tmp/temporary-c8538f30-59ef-40ff-83c8-a4e9588afe06/sources/0/.0.bc8a7366-b952-45b0-ab21-ce4f36b58064.tmp
[2024-05-18T20:29:38.806+0000] {spark_submit.py:571} INFO - 24/05/18 20:29:38 INFO CheckpointFileManager: Renamed temp file file:/tmp/temporary-c8538f30-59ef-40ff-83c8-a4e9588afe06/sources/0/.0.bc8a7366-b952-45b0-ab21-ce4f36b58064.tmp to file:/tmp/temporary-c8538f30-59ef-40ff-83c8-a4e9588afe06/sources/0/0
[2024-05-18T20:29:38.813+0000] {spark_submit.py:571} INFO - 24/05/18 20:29:38 INFO KafkaMicroBatchStream: Initial offsets: {"properties":{"0":0}}
[2024-05-18T20:29:38.855+0000] {spark_submit.py:571} INFO - 24/05/18 20:29:38 INFO CheckpointFileManager: Writing atomically to file:/tmp/temporary-c8538f30-59ef-40ff-83c8-a4e9588afe06/offsets/0 using temp file file:/tmp/temporary-c8538f30-59ef-40ff-83c8-a4e9588afe06/offsets/.0.7704c70e-f112-4782-9861-e24addd2c2e4.tmp
[2024-05-18T20:29:39.118+0000] {spark_submit.py:571} INFO - 24/05/18 20:29:39 INFO CheckpointFileManager: Renamed temp file file:/tmp/temporary-c8538f30-59ef-40ff-83c8-a4e9588afe06/offsets/.0.7704c70e-f112-4782-9861-e24addd2c2e4.tmp to file:/tmp/temporary-c8538f30-59ef-40ff-83c8-a4e9588afe06/offsets/0
[2024-05-18T20:29:39.123+0000] {spark_submit.py:571} INFO - 24/05/18 20:29:39 INFO MicroBatchExecution: Committed offsets for batch 0. Metadata OffsetSeqMetadata(0,1716064178834,Map(spark.sql.streaming.stateStore.providerClass -> org.apache.spark.sql.execution.streaming.state.HDFSBackedStateStoreProvider, spark.sql.streaming.join.stateFormatVersion -> 2, spark.sql.streaming.stateStore.compression.codec -> lz4, spark.sql.streaming.stateStore.rocksdb.formatVersion -> 5, spark.sql.streaming.statefulOperator.useStrictDistribution -> true, spark.sql.streaming.flatMapGroupsWithState.stateFormatVersion -> 2, spark.sql.streaming.multipleWatermarkPolicy -> min, spark.sql.streaming.aggregation.stateFormatVersion -> 2, spark.sql.shuffle.partitions -> 200))
[2024-05-18T20:29:41.095+0000] {spark_submit.py:571} INFO - 24/05/18 20:29:41 INFO KafkaOffsetReaderAdmin: Partitions added: Map()
[2024-05-18T20:29:41.261+0000] {spark_submit.py:571} INFO - 24/05/18 20:29:41 INFO KafkaOffsetReaderAdmin: Partitions added: Map()
[2024-05-18T20:29:41.362+0000] {spark_submit.py:571} INFO - 24/05/18 20:29:41 INFO KafkaOffsetReaderAdmin: Partitions added: Map()
[2024-05-18T20:29:41.363+0000] {spark_submit.py:571} INFO - 24/05/18 20:29:41 INFO KafkaOffsetReaderAdmin: Partitions added: Map()
[2024-05-18T20:29:41.876+0000] {spark_submit.py:571} INFO - 24/05/18 20:29:41 INFO CodeGenerator: Code generated in 331.61275 ms
[2024-05-18T20:29:41.980+0000] {spark_submit.py:571} INFO - INFO:py4j.clientserver:Python Server ready to receive messages
[2024-05-18T20:29:41.983+0000] {spark_submit.py:571} INFO - INFO:py4j.clientserver:Received command c on object id p0
[2024-05-18T20:29:42.019+0000] {spark_submit.py:571} INFO - 24/05/18 20:29:42 INFO CodeGenerator: Code generated in 17.660125 ms
[2024-05-18T20:29:42.226+0000] {spark_submit.py:571} INFO - 24/05/18 20:29:42 INFO SparkContext: Starting job: call at /home/***/.local/lib/python3.11/site-packages/pyspark/python/lib/py4j-0.10.9.7-src.zip/py4j/clientserver.py:617
[2024-05-18T20:29:42.232+0000] {spark_submit.py:571} INFO - 24/05/18 20:29:42 INFO DAGScheduler: Job 0 finished: call at /home/***/.local/lib/python3.11/site-packages/pyspark/python/lib/py4j-0.10.9.7-src.zip/py4j/clientserver.py:617, took 0.005227 s
[2024-05-18T20:29:42.292+0000] {spark_submit.py:571} INFO - 24/05/18 20:29:42 INFO CheckpointFileManager: Writing atomically to file:/tmp/temporary-c8538f30-59ef-40ff-83c8-a4e9588afe06/commits/0 using temp file file:/tmp/temporary-c8538f30-59ef-40ff-83c8-a4e9588afe06/commits/.0.8734a16f-4ef4-4763-80c3-f6287ef1c649.tmp
[2024-05-18T20:29:42.366+0000] {spark_submit.py:571} INFO - 24/05/18 20:29:42 INFO CheckpointFileManager: Renamed temp file file:/tmp/temporary-c8538f30-59ef-40ff-83c8-a4e9588afe06/commits/.0.8734a16f-4ef4-4763-80c3-f6287ef1c649.tmp to file:/tmp/temporary-c8538f30-59ef-40ff-83c8-a4e9588afe06/commits/0
[2024-05-18T20:29:42.399+0000] {spark_submit.py:571} INFO - 24/05/18 20:29:42 INFO MicroBatchExecution: Streaming query made progress: {
[2024-05-18T20:29:42.401+0000] {spark_submit.py:571} INFO - "id" : "95f0d220-b26c-48d4-9ba4-5d9c08e741b7",
[2024-05-18T20:29:42.401+0000] {spark_submit.py:571} INFO - "runId" : "0d88a21c-c251-4188-a1cd-8bf2e94c270d",
[2024-05-18T20:29:42.401+0000] {spark_submit.py:571} INFO - "name" : null,
[2024-05-18T20:29:42.401+0000] {spark_submit.py:571} INFO - "timestamp" : "2024-05-18T20:29:37.301Z",
[2024-05-18T20:29:42.401+0000] {spark_submit.py:571} INFO - "batchId" : 0,
[2024-05-18T20:29:42.402+0000] {spark_submit.py:571} INFO - "numInputRows" : 0,
[2024-05-18T20:29:42.402+0000] {spark_submit.py:571} INFO - "inputRowsPerSecond" : 0.0,
[2024-05-18T20:29:42.402+0000] {spark_submit.py:571} INFO - "processedRowsPerSecond" : 0.0,
[2024-05-18T20:29:42.402+0000] {spark_submit.py:571} INFO - "durationMs" : {
[2024-05-18T20:29:42.402+0000] {spark_submit.py:571} INFO - "addBatch" : 938,
[2024-05-18T20:29:42.402+0000] {spark_submit.py:571} INFO - "commitOffsets" : 115,
[2024-05-18T20:29:42.402+0000] {spark_submit.py:571} INFO - "getBatch" : 33,
[2024-05-18T20:29:42.403+0000] {spark_submit.py:571} INFO - "latestOffset" : 1506,
[2024-05-18T20:29:42.403+0000] {spark_submit.py:571} INFO - "queryPlanning" : 2135,
[2024-05-18T20:29:42.403+0000] {spark_submit.py:571} INFO - "triggerExecution" : 5065,
[2024-05-18T20:29:42.403+0000] {spark_submit.py:571} INFO - "walCommit" : 283
[2024-05-18T20:29:42.403+0000] {spark_submit.py:571} INFO - },
[2024-05-18T20:29:42.403+0000] {spark_submit.py:571} INFO - "stateOperators" : [ ],
[2024-05-18T20:29:42.404+0000] {spark_submit.py:571} INFO - "sources" : [ {
[2024-05-18T20:29:42.404+0000] {spark_submit.py:571} INFO - "description" : "KafkaV2[Subscribe[properties]]",
[2024-05-18T20:29:42.404+0000] {spark_submit.py:571} INFO - "startOffset" : null,
[2024-05-18T20:29:42.404+0000] {spark_submit.py:571} INFO - "endOffset" : {
[2024-05-18T20:29:42.405+0000] {spark_submit.py:571} INFO - "properties" : {
[2024-05-18T20:29:42.405+0000] {spark_submit.py:571} INFO - "0" : 0
[2024-05-18T20:29:42.405+0000] {spark_submit.py:571} INFO - }
[2024-05-18T20:29:42.405+0000] {spark_submit.py:571} INFO - },
[2024-05-18T20:29:42.405+0000] {spark_submit.py:571} INFO - "latestOffset" : {
[2024-05-18T20:29:42.405+0000] {spark_submit.py:571} INFO - "properties" : {
[2024-05-18T20:29:42.406+0000] {spark_submit.py:571} INFO - "0" : 0
[2024-05-18T20:29:42.406+0000] {spark_submit.py:571} INFO - }
[2024-05-18T20:29:42.406+0000] {spark_submit.py:571} INFO - },
[2024-05-18T20:29:42.406+0000] {spark_submit.py:571} INFO - "numInputRows" : 0,
[2024-05-18T20:29:42.406+0000] {spark_submit.py:571} INFO - "inputRowsPerSecond" : 0.0,
[2024-05-18T20:29:42.406+0000] {spark_submit.py:571} INFO - "processedRowsPerSecond" : 0.0,
[2024-05-18T20:29:42.406+0000] {spark_submit.py:571} INFO - "metrics" : {
[2024-05-18T20:29:42.406+0000] {spark_submit.py:571} INFO - "avgOffsetsBehindLatest" : "0.0",
[2024-05-18T20:29:42.406+0000] {spark_submit.py:571} INFO - "maxOffsetsBehindLatest" : "0",
[2024-05-18T20:29:42.407+0000] {spark_submit.py:571} INFO - "minOffsetsBehindLatest" : "0"
[2024-05-18T20:29:42.407+0000] {spark_submit.py:571} INFO - }
[2024-05-18T20:29:42.407+0000] {spark_submit.py:571} INFO - } ],
[2024-05-18T20:29:42.407+0000] {spark_submit.py:571} INFO - "sink" : {
[2024-05-18T20:29:42.407+0000] {spark_submit.py:571} INFO - "description" : "ForeachBatchSink",
[2024-05-18T20:29:42.407+0000] {spark_submit.py:571} INFO - "numOutputRows" : -1
[2024-05-18T20:29:42.407+0000] {spark_submit.py:571} INFO - }
[2024-05-18T20:29:42.407+0000] {spark_submit.py:571} INFO - }
[2024-05-18T20:29:52.405+0000] {spark_submit.py:571} INFO - 24/05/18 20:29:52 INFO MicroBatchExecution: Streaming query has been idle and waiting for new data more than 10000 ms.
[2024-05-18T20:30:02.410+0000] {spark_submit.py:571} INFO - 24/05/18 20:30:02 INFO MicroBatchExecution: Streaming query has been idle and waiting for new data more than 10000 ms.
[2024-05-18T20:30:10.694+0000] {spark_submit.py:571} INFO - 24/05/18 20:30:10 INFO CheckpointFileManager: Writing atomically to file:/tmp/temporary-c8538f30-59ef-40ff-83c8-a4e9588afe06/offsets/1 using temp file file:/tmp/temporary-c8538f30-59ef-40ff-83c8-a4e9588afe06/offsets/.1.e77bd825-f334-4763-b2e3-094154a2e1c9.tmp
[2024-05-18T20:30:10.734+0000] {spark_submit.py:571} INFO - 24/05/18 20:30:10 INFO CheckpointFileManager: Renamed temp file file:/tmp/temporary-c8538f30-59ef-40ff-83c8-a4e9588afe06/offsets/.1.e77bd825-f334-4763-b2e3-094154a2e1c9.tmp to file:/tmp/temporary-c8538f30-59ef-40ff-83c8-a4e9588afe06/offsets/1
[2024-05-18T20:30:10.735+0000] {spark_submit.py:571} INFO - 24/05/18 20:30:10 INFO MicroBatchExecution: Committed offsets for batch 1. Metadata OffsetSeqMetadata(0,1716064210651,Map(spark.sql.streaming.stateStore.providerClass -> org.apache.spark.sql.execution.streaming.state.HDFSBackedStateStoreProvider, spark.sql.streaming.join.stateFormatVersion -> 2, spark.sql.streaming.stateStore.compression.codec -> lz4, spark.sql.streaming.stateStore.rocksdb.formatVersion -> 5, spark.sql.streaming.statefulOperator.useStrictDistribution -> true, spark.sql.streaming.flatMapGroupsWithState.stateFormatVersion -> 2, spark.sql.streaming.multipleWatermarkPolicy -> min, spark.sql.streaming.aggregation.stateFormatVersion -> 2, spark.sql.shuffle.partitions -> 200))
[2024-05-18T20:30:10.895+0000] {spark_submit.py:571} INFO - 24/05/18 20:30:10 INFO KafkaOffsetReaderAdmin: Partitions added: Map()
[2024-05-18T20:30:10.907+0000] {spark_submit.py:571} INFO - 24/05/18 20:30:10 INFO KafkaOffsetReaderAdmin: Partitions added: Map()
[2024-05-18T20:30:11.001+0000] {spark_submit.py:571} INFO - 24/05/18 20:30:11 INFO KafkaOffsetReaderAdmin: Partitions added: Map()
[2024-05-18T20:30:11.004+0000] {spark_submit.py:571} INFO - 24/05/18 20:30:11 INFO KafkaOffsetReaderAdmin: Partitions added: Map()
[2024-05-18T20:30:11.064+0000] {spark_submit.py:571} INFO - INFO:py4j.clientserver:Received command c on object id p0
[2024-05-18T20:30:11.133+0000] {spark_submit.py:571} INFO - 24/05/18 20:30:11 INFO SparkContext: Starting job: call at /home/***/.local/lib/python3.11/site-packages/pyspark/python/lib/py4j-0.10.9.7-src.zip/py4j/clientserver.py:617
[2024-05-18T20:30:11.178+0000] {spark_submit.py:571} INFO - 24/05/18 20:30:11 INFO DAGScheduler: Got job 1 (call at /home/***/.local/lib/python3.11/site-packages/pyspark/python/lib/py4j-0.10.9.7-src.zip/py4j/clientserver.py:617) with 1 output partitions
[2024-05-18T20:30:11.179+0000] {spark_submit.py:571} INFO - 24/05/18 20:30:11 INFO DAGScheduler: Final stage: ResultStage 0 (call at /home/***/.local/lib/python3.11/site-packages/pyspark/python/lib/py4j-0.10.9.7-src.zip/py4j/clientserver.py:617)
[2024-05-18T20:30:11.179+0000] {spark_submit.py:571} INFO - 24/05/18 20:30:11 INFO DAGScheduler: Parents of final stage: List()
[2024-05-18T20:30:11.180+0000] {spark_submit.py:571} INFO - 24/05/18 20:30:11 INFO DAGScheduler: Missing parents: List()
[2024-05-18T20:30:11.187+0000] {spark_submit.py:571} INFO - 24/05/18 20:30:11 INFO DAGScheduler: Submitting ResultStage 0 (PythonRDD[19] at call at /home/***/.local/lib/python3.11/site-packages/pyspark/python/lib/py4j-0.10.9.7-src.zip/py4j/clientserver.py:617), which has no missing parents
[2024-05-18T20:30:11.276+0000] {spark_submit.py:571} INFO - 24/05/18 20:30:11 INFO MemoryStore: Block broadcast_0 stored as values in memory (estimated size 76.5 KiB, free 434.3 MiB)
[2024-05-18T20:30:11.316+0000] {spark_submit.py:571} INFO - 24/05/18 20:30:11 INFO MemoryStore: Block broadcast_0_piece0 stored as bytes in memory (estimated size 26.9 KiB, free 434.3 MiB)
[2024-05-18T20:30:11.317+0000] {spark_submit.py:571} INFO - 24/05/18 20:30:11 INFO BlockManagerInfo: Added broadcast_0_piece0 in memory on f3c105d69d83:41315 (size: 26.9 KiB, free: 434.4 MiB)
[2024-05-18T20:30:11.320+0000] {spark_submit.py:571} INFO - 24/05/18 20:30:11 INFO SparkContext: Created broadcast 0 from broadcast at DAGScheduler.scala:1585
[2024-05-18T20:30:11.333+0000] {spark_submit.py:571} INFO - 24/05/18 20:30:11 INFO DAGScheduler: Submitting 1 missing tasks from ResultStage 0 (PythonRDD[19] at call at /home/***/.local/lib/python3.11/site-packages/pyspark/python/lib/py4j-0.10.9.7-src.zip/py4j/clientserver.py:617) (first 15 tasks are for partitions Vector(0))
[2024-05-18T20:30:11.334+0000] {spark_submit.py:571} INFO - 24/05/18 20:30:11 INFO TaskSchedulerImpl: Adding task set 0.0 with 1 tasks resource profile 0
[2024-05-18T20:30:11.369+0000] {spark_submit.py:571} INFO - 24/05/18 20:30:11 INFO TaskSetManager: Starting task 0.0 in stage 0.0 (TID 0) (172.25.0.6, executor 0, partition 0, PROCESS_LOCAL, 14262 bytes)
[2024-05-18T20:30:11.770+0000] {spark_submit.py:571} INFO - 24/05/18 20:30:11 INFO BlockManagerInfo: Added broadcast_0_piece0 in memory on 172.25.0.6:34263 (size: 26.9 KiB, free: 434.4 MiB)
[2024-05-18T20:30:15.986+0000] {spark_submit.py:571} INFO - 24/05/18 20:30:15 INFO TaskSetManager: Finished task 0.0 in stage 0.0 (TID 0) in 4618 ms on 172.25.0.6 (executor 0) (1/1)
[2024-05-18T20:30:15.993+0000] {spark_submit.py:571} INFO - 24/05/18 20:30:15 INFO TaskSchedulerImpl: Removed TaskSet 0.0, whose tasks have all completed, from pool
[2024-05-18T20:30:16.002+0000] {spark_submit.py:571} INFO - 24/05/18 20:30:16 INFO PythonAccumulatorV2: Connected to AccumulatorServer at host: 127.0.0.1 port: 56641
[2024-05-18T20:30:16.028+0000] {spark_submit.py:571} INFO - 24/05/18 20:30:16 INFO DAGScheduler: ResultStage 0 (call at /home/***/.local/lib/python3.11/site-packages/pyspark/python/lib/py4j-0.10.9.7-src.zip/py4j/clientserver.py:617) finished in 4.822 s
[2024-05-18T20:30:16.033+0000] {spark_submit.py:571} INFO - 24/05/18 20:30:16 INFO DAGScheduler: Job 1 is finished. Cancelling potential speculative or zombie tasks for this job
[2024-05-18T20:30:16.037+0000] {spark_submit.py:571} INFO - 24/05/18 20:30:16 INFO TaskSchedulerImpl: Killing all running tasks in stage 0: Stage finished
[2024-05-18T20:30:16.042+0000] {spark_submit.py:571} INFO - 24/05/18 20:30:16 INFO DAGScheduler: Job 1 finished: call at /home/***/.local/lib/python3.11/site-packages/pyspark/python/lib/py4j-0.10.9.7-src.zip/py4j/clientserver.py:617, took 4.906161 s
[2024-05-18T20:30:16.120+0000] {spark_submit.py:571} INFO - 24/05/18 20:30:16 INFO CheckpointFileManager: Writing atomically to file:/tmp/temporary-c8538f30-59ef-40ff-83c8-a4e9588afe06/commits/1 using temp file file:/tmp/temporary-c8538f30-59ef-40ff-83c8-a4e9588afe06/commits/.1.793fd970-2197-4d28-bf5a-b14f459d9a92.tmp
[2024-05-18T20:30:16.196+0000] {spark_submit.py:571} INFO - 24/05/18 20:30:16 INFO CheckpointFileManager: Renamed temp file file:/tmp/temporary-c8538f30-59ef-40ff-83c8-a4e9588afe06/commits/.1.793fd970-2197-4d28-bf5a-b14f459d9a92.tmp to file:/tmp/temporary-c8538f30-59ef-40ff-83c8-a4e9588afe06/commits/1
[2024-05-18T20:30:16.218+0000] {spark_submit.py:571} INFO - 24/05/18 20:30:16 INFO MicroBatchExecution: Streaming query made progress: {
[2024-05-18T20:30:16.221+0000] {spark_submit.py:571} INFO - "id" : "95f0d220-b26c-48d4-9ba4-5d9c08e741b7",
[2024-05-18T20:30:16.224+0000] {spark_submit.py:571} INFO - "runId" : "0d88a21c-c251-4188-a1cd-8bf2e94c270d",
[2024-05-18T20:30:16.225+0000] {spark_submit.py:571} INFO - "name" : null,
[2024-05-18T20:30:16.225+0000] {spark_submit.py:571} INFO - "timestamp" : "2024-05-18T20:30:10.648Z",
[2024-05-18T20:30:16.225+0000] {spark_submit.py:571} INFO - "batchId" : 1,
[2024-05-18T20:30:16.227+0000] {spark_submit.py:571} INFO - "numInputRows" : 1,
[2024-05-18T20:30:16.227+0000] {spark_submit.py:571} INFO - "inputRowsPerSecond" : 66.66666666666667,
[2024-05-18T20:30:16.228+0000] {spark_submit.py:571} INFO - "processedRowsPerSecond" : 0.1801801801801802,
[2024-05-18T20:30:16.229+0000] {spark_submit.py:571} INFO - "durationMs" : {
[2024-05-18T20:30:16.229+0000] {spark_submit.py:571} INFO - "addBatch" : 5150,
[2024-05-18T20:30:16.231+0000] {spark_submit.py:571} INFO - "commitOffsets" : 126,
[2024-05-18T20:30:16.231+0000] {spark_submit.py:571} INFO - "getBatch" : 0,
[2024-05-18T20:30:16.232+0000] {spark_submit.py:571} INFO - "latestOffset" : 2,
[2024-05-18T20:30:16.232+0000] {spark_submit.py:571} INFO - "queryPlanning" : 168,
[2024-05-18T20:30:16.232+0000] {spark_submit.py:571} INFO - "triggerExecution" : 5550,
[2024-05-18T20:30:16.232+0000] {spark_submit.py:571} INFO - "walCommit" : 88
[2024-05-18T20:30:16.232+0000] {spark_submit.py:571} INFO - },
[2024-05-18T20:30:16.232+0000] {spark_submit.py:571} INFO - "stateOperators" : [ ],
[2024-05-18T20:30:16.233+0000] {spark_submit.py:571} INFO - "sources" : [ {
[2024-05-18T20:30:16.233+0000] {spark_submit.py:571} INFO - "description" : "KafkaV2[Subscribe[properties]]",
[2024-05-18T20:30:16.233+0000] {spark_submit.py:571} INFO - "startOffset" : {
[2024-05-18T20:30:16.233+0000] {spark_submit.py:571} INFO - "properties" : {
[2024-05-18T20:30:16.233+0000] {spark_submit.py:571} INFO - "0" : 0
[2024-05-18T20:30:16.233+0000] {spark_submit.py:571} INFO - }
[2024-05-18T20:30:16.234+0000] {spark_submit.py:571} INFO - },
[2024-05-18T20:30:16.234+0000] {spark_submit.py:571} INFO - "endOffset" : {
[2024-05-18T20:30:16.234+0000] {spark_submit.py:571} INFO - "properties" : {
[2024-05-18T20:30:16.235+0000] {spark_submit.py:571} INFO - "0" : 1
[2024-05-18T20:30:16.235+0000] {spark_submit.py:571} INFO - }
[2024-05-18T20:30:16.236+0000] {spark_submit.py:571} INFO - },
[2024-05-18T20:30:16.237+0000] {spark_submit.py:571} INFO - "latestOffset" : {
[2024-05-18T20:30:16.237+0000] {spark_submit.py:571} INFO - "properties" : {
[2024-05-18T20:30:16.237+0000] {spark_submit.py:571} INFO - "0" : 1
[2024-05-18T20:30:16.237+0000] {spark_submit.py:571} INFO - }
[2024-05-18T20:30:16.238+0000] {spark_submit.py:571} INFO - },
[2024-05-18T20:30:16.238+0000] {spark_submit.py:571} INFO - "numInputRows" : 1,
[2024-05-18T20:30:16.238+0000] {spark_submit.py:571} INFO - "inputRowsPerSecond" : 66.66666666666667,
[2024-05-18T20:30:16.238+0000] {spark_submit.py:571} INFO - "processedRowsPerSecond" : 0.1801801801801802,
[2024-05-18T20:30:16.239+0000] {spark_submit.py:571} INFO - "metrics" : {
[2024-05-18T20:30:16.239+0000] {spark_submit.py:571} INFO - "avgOffsetsBehindLatest" : "0.0",
[2024-05-18T20:30:16.239+0000] {spark_submit.py:571} INFO - "maxOffsetsBehindLatest" : "0",
[2024-05-18T20:30:16.239+0000] {spark_submit.py:571} INFO - "minOffsetsBehindLatest" : "0"
[2024-05-18T20:30:16.239+0000] {spark_submit.py:571} INFO - }
[2024-05-18T20:30:16.240+0000] {spark_submit.py:571} INFO - } ],
[2024-05-18T20:30:16.240+0000] {spark_submit.py:571} INFO - "sink" : {
[2024-05-18T20:30:16.241+0000] {spark_submit.py:571} INFO - "description" : "ForeachBatchSink",
[2024-05-18T20:30:16.242+0000] {spark_submit.py:571} INFO - "numOutputRows" : -1
[2024-05-18T20:30:16.242+0000] {spark_submit.py:571} INFO - }
[2024-05-18T20:30:16.242+0000] {spark_submit.py:571} INFO - }
[2024-05-18T20:30:26.250+0000] {spark_submit.py:571} INFO - 24/05/18 20:30:26 INFO MicroBatchExecution: Streaming query has been idle and waiting for new data more than 10000 ms.
[2024-05-18T20:30:36.252+0000] {spark_submit.py:571} INFO - 24/05/18 20:30:36 INFO MicroBatchExecution: Streaming query has been idle and waiting for new data more than 10000 ms.
[2024-05-18T20:30:40.449+0000] {spark_submit.py:571} INFO - 24/05/18 20:30:40 INFO BlockManagerInfo: Removed broadcast_0_piece0 on f3c105d69d83:41315 in memory (size: 26.9 KiB, free: 434.4 MiB)
[2024-05-18T20:30:40.546+0000] {spark_submit.py:571} INFO - 24/05/18 20:30:40 INFO BlockManagerInfo: Removed broadcast_0_piece0 on 172.25.0.6:34263 in memory (size: 26.9 KiB, free: 434.4 MiB)
[2024-05-18T20:30:41.424+0000] {spark_submit.py:571} INFO - 24/05/18 20:30:41 INFO CheckpointFileManager: Writing atomically to file:/tmp/temporary-c8538f30-59ef-40ff-83c8-a4e9588afe06/offsets/2 using temp file file:/tmp/temporary-c8538f30-59ef-40ff-83c8-a4e9588afe06/offsets/.2.82c55002-e805-4fb9-97f2-9eb01033db9c.tmp
[2024-05-18T20:30:41.475+0000] {spark_submit.py:571} INFO - 24/05/18 20:30:41 INFO CheckpointFileManager: Renamed temp file file:/tmp/temporary-c8538f30-59ef-40ff-83c8-a4e9588afe06/offsets/.2.82c55002-e805-4fb9-97f2-9eb01033db9c.tmp to file:/tmp/temporary-c8538f30-59ef-40ff-83c8-a4e9588afe06/offsets/2
[2024-05-18T20:30:41.476+0000] {spark_submit.py:571} INFO - 24/05/18 20:30:41 INFO MicroBatchExecution: Committed offsets for batch 2. Metadata OffsetSeqMetadata(0,1716064241375,Map(spark.sql.streaming.stateStore.providerClass -> org.apache.spark.sql.execution.streaming.state.HDFSBackedStateStoreProvider, spark.sql.streaming.join.stateFormatVersion -> 2, spark.sql.streaming.stateStore.compression.codec -> lz4, spark.sql.streaming.stateStore.rocksdb.formatVersion -> 5, spark.sql.streaming.statefulOperator.useStrictDistribution -> true, spark.sql.streaming.flatMapGroupsWithState.stateFormatVersion -> 2, spark.sql.streaming.multipleWatermarkPolicy -> min, spark.sql.streaming.aggregation.stateFormatVersion -> 2, spark.sql.shuffle.partitions -> 200))
[2024-05-18T20:30:41.591+0000] {spark_submit.py:571} INFO - 24/05/18 20:30:41 INFO KafkaOffsetReaderAdmin: Partitions added: Map()
[2024-05-18T20:30:41.595+0000] {spark_submit.py:571} INFO - 24/05/18 20:30:41 INFO KafkaOffsetReaderAdmin: Partitions added: Map()
[2024-05-18T20:30:41.657+0000] {spark_submit.py:571} INFO - 24/05/18 20:30:41 INFO KafkaOffsetReaderAdmin: Partitions added: Map()
[2024-05-18T20:30:41.658+0000] {spark_submit.py:571} INFO - 24/05/18 20:30:41 INFO KafkaOffsetReaderAdmin: Partitions added: Map()
[2024-05-18T20:30:41.738+0000] {spark_submit.py:571} INFO - INFO:py4j.clientserver:Received command c on object id p0
[2024-05-18T20:30:41.873+0000] {spark_submit.py:571} INFO - 24/05/18 20:30:41 INFO SparkContext: Starting job: call at /home/***/.local/lib/python3.11/site-packages/pyspark/python/lib/py4j-0.10.9.7-src.zip/py4j/clientserver.py:617
[2024-05-18T20:30:41.876+0000] {spark_submit.py:571} INFO - 24/05/18 20:30:41 INFO DAGScheduler: Got job 2 (call at /home/***/.local/lib/python3.11/site-packages/pyspark/python/lib/py4j-0.10.9.7-src.zip/py4j/clientserver.py:617) with 1 output partitions
[2024-05-18T20:30:41.877+0000] {spark_submit.py:571} INFO - 24/05/18 20:30:41 INFO DAGScheduler: Final stage: ResultStage 1 (call at /home/***/.local/lib/python3.11/site-packages/pyspark/python/lib/py4j-0.10.9.7-src.zip/py4j/clientserver.py:617)
[2024-05-18T20:30:41.878+0000] {spark_submit.py:571} INFO - 24/05/18 20:30:41 INFO DAGScheduler: Parents of final stage: List()
[2024-05-18T20:30:41.879+0000] {spark_submit.py:571} INFO - 24/05/18 20:30:41 INFO DAGScheduler: Missing parents: List()
[2024-05-18T20:30:41.886+0000] {spark_submit.py:571} INFO - 24/05/18 20:30:41 INFO DAGScheduler: Submitting ResultStage 1 (PythonRDD[29] at call at /home/***/.local/lib/python3.11/site-packages/pyspark/python/lib/py4j-0.10.9.7-src.zip/py4j/clientserver.py:617), which has no missing parents
[2024-05-18T20:30:41.890+0000] {spark_submit.py:571} INFO - 24/05/18 20:30:41 INFO MemoryStore: Block broadcast_1 stored as values in memory (estimated size 76.5 KiB, free 434.3 MiB)
[2024-05-18T20:30:41.895+0000] {spark_submit.py:571} INFO - 24/05/18 20:30:41 INFO MemoryStore: Block broadcast_1_piece0 stored as bytes in memory (estimated size 26.9 KiB, free 434.3 MiB)
[2024-05-18T20:30:41.897+0000] {spark_submit.py:571} INFO - 24/05/18 20:30:41 INFO BlockManagerInfo: Added broadcast_1_piece0 in memory on f3c105d69d83:41315 (size: 26.9 KiB, free: 434.4 MiB)
[2024-05-18T20:30:41.898+0000] {spark_submit.py:571} INFO - 24/05/18 20:30:41 INFO SparkContext: Created broadcast 1 from broadcast at DAGScheduler.scala:1585
[2024-05-18T20:30:41.899+0000] {spark_submit.py:571} INFO - 24/05/18 20:30:41 INFO DAGScheduler: Submitting 1 missing tasks from ResultStage 1 (PythonRDD[29] at call at /home/***/.local/lib/python3.11/site-packages/pyspark/python/lib/py4j-0.10.9.7-src.zip/py4j/clientserver.py:617) (first 15 tasks are for partitions Vector(0))
[2024-05-18T20:30:41.900+0000] {spark_submit.py:571} INFO - 24/05/18 20:30:41 INFO TaskSchedulerImpl: Adding task set 1.0 with 1 tasks resource profile 0
[2024-05-18T20:30:41.917+0000] {spark_submit.py:571} INFO - 24/05/18 20:30:41 INFO TaskSetManager: Starting task 0.0 in stage 1.0 (TID 1) (172.25.0.6, executor 0, partition 0, PROCESS_LOCAL, 14262 bytes)
[2024-05-18T20:30:42.012+0000] {spark_submit.py:571} INFO - 24/05/18 20:30:42 INFO BlockManagerInfo: Added broadcast_1_piece0 in memory on 172.25.0.6:34263 (size: 26.9 KiB, free: 434.4 MiB)
[2024-05-18T20:30:42.866+0000] {spark_submit.py:571} INFO - 24/05/18 20:30:42 INFO TaskSetManager: Finished task 0.0 in stage 1.0 (TID 1) in 948 ms on 172.25.0.6 (executor 0) (1/1)
[2024-05-18T20:30:42.871+0000] {spark_submit.py:571} INFO - 24/05/18 20:30:42 INFO TaskSchedulerImpl: Removed TaskSet 1.0, whose tasks have all completed, from pool
[2024-05-18T20:30:42.875+0000] {spark_submit.py:571} INFO - 24/05/18 20:30:42 INFO DAGScheduler: ResultStage 1 (call at /home/***/.local/lib/python3.11/site-packages/pyspark/python/lib/py4j-0.10.9.7-src.zip/py4j/clientserver.py:617) finished in 0.986 s
[2024-05-18T20:30:42.876+0000] {spark_submit.py:571} INFO - 24/05/18 20:30:42 INFO DAGScheduler: Job 2 is finished. Cancelling potential speculative or zombie tasks for this job
[2024-05-18T20:30:42.877+0000] {spark_submit.py:571} INFO - 24/05/18 20:30:42 INFO TaskSchedulerImpl: Killing all running tasks in stage 1: Stage finished
[2024-05-18T20:30:42.878+0000] {spark_submit.py:571} INFO - 24/05/18 20:30:42 INFO DAGScheduler: Job 2 finished: call at /home/***/.local/lib/python3.11/site-packages/pyspark/python/lib/py4j-0.10.9.7-src.zip/py4j/clientserver.py:617, took 0.998452 s
[2024-05-18T20:30:42.916+0000] {spark_submit.py:571} INFO - 24/05/18 20:30:42 INFO CheckpointFileManager: Writing atomically to file:/tmp/temporary-c8538f30-59ef-40ff-83c8-a4e9588afe06/commits/2 using temp file file:/tmp/temporary-c8538f30-59ef-40ff-83c8-a4e9588afe06/commits/.2.08ef8bc9-f1f6-40fa-ad57-e5fafae56a3f.tmp
[2024-05-18T20:30:42.945+0000] {spark_submit.py:571} INFO - 24/05/18 20:30:42 INFO CheckpointFileManager: Renamed temp file file:/tmp/temporary-c8538f30-59ef-40ff-83c8-a4e9588afe06/commits/.2.08ef8bc9-f1f6-40fa-ad57-e5fafae56a3f.tmp to file:/tmp/temporary-c8538f30-59ef-40ff-83c8-a4e9588afe06/commits/2
[2024-05-18T20:30:42.952+0000] {spark_submit.py:571} INFO - 24/05/18 20:30:42 INFO MicroBatchExecution: Streaming query made progress: {
[2024-05-18T20:30:42.953+0000] {spark_submit.py:571} INFO - "id" : "95f0d220-b26c-48d4-9ba4-5d9c08e741b7",
[2024-05-18T20:30:42.954+0000] {spark_submit.py:571} INFO - "runId" : "0d88a21c-c251-4188-a1cd-8bf2e94c270d",
[2024-05-18T20:30:42.954+0000] {spark_submit.py:571} INFO - "name" : null,
[2024-05-18T20:30:42.955+0000] {spark_submit.py:571} INFO - "timestamp" : "2024-05-18T20:30:41.372Z",
[2024-05-18T20:30:42.955+0000] {spark_submit.py:571} INFO - "batchId" : 2,
[2024-05-18T20:30:42.955+0000] {spark_submit.py:571} INFO - "numInputRows" : 1,
[2024-05-18T20:30:42.955+0000] {spark_submit.py:571} INFO - "inputRowsPerSecond" : 76.92307692307692,
[2024-05-18T20:30:42.956+0000] {spark_submit.py:571} INFO - "processedRowsPerSecond" : 0.6357279084551812,
[2024-05-18T20:30:42.956+0000] {spark_submit.py:571} INFO - "durationMs" : {
[2024-05-18T20:30:42.956+0000] {spark_submit.py:571} INFO - "addBatch" : 1272,
[2024-05-18T20:30:42.956+0000] {spark_submit.py:571} INFO - "commitOffsets" : 62,
[2024-05-18T20:30:42.956+0000] {spark_submit.py:571} INFO - "getBatch" : 1,
[2024-05-18T20:30:42.957+0000] {spark_submit.py:571} INFO - "latestOffset" : 3,
[2024-05-18T20:30:42.957+0000] {spark_submit.py:571} INFO - "queryPlanning" : 123,
[2024-05-18T20:30:42.957+0000] {spark_submit.py:571} INFO - "triggerExecution" : 1573,
[2024-05-18T20:30:42.957+0000] {spark_submit.py:571} INFO - "walCommit" : 101
[2024-05-18T20:30:42.957+0000] {spark_submit.py:571} INFO - },
[2024-05-18T20:30:42.958+0000] {spark_submit.py:571} INFO - "stateOperators" : [ ],
[2024-05-18T20:30:42.958+0000] {spark_submit.py:571} INFO - "sources" : [ {
[2024-05-18T20:30:42.958+0000] {spark_submit.py:571} INFO - "description" : "KafkaV2[Subscribe[properties]]",
[2024-05-18T20:30:42.959+0000] {spark_submit.py:571} INFO - "startOffset" : {
[2024-05-18T20:30:42.959+0000] {spark_submit.py:571} INFO - "properties" : {
[2024-05-18T20:30:42.959+0000] {spark_submit.py:571} INFO - "0" : 1
[2024-05-18T20:30:42.959+0000] {spark_submit.py:571} INFO - }
[2024-05-18T20:30:42.959+0000] {spark_submit.py:571} INFO - },
[2024-05-18T20:30:42.960+0000] {spark_submit.py:571} INFO - "endOffset" : {
[2024-05-18T20:30:42.960+0000] {spark_submit.py:571} INFO - "properties" : {
[2024-05-18T20:30:42.960+0000] {spark_submit.py:571} INFO - "0" : 2
[2024-05-18T20:30:42.960+0000] {spark_submit.py:571} INFO - }
[2024-05-18T20:30:42.960+0000] {spark_submit.py:571} INFO - },
[2024-05-18T20:30:42.960+0000] {spark_submit.py:571} INFO - "latestOffset" : {
[2024-05-18T20:30:42.960+0000] {spark_submit.py:571} INFO - "properties" : {
[2024-05-18T20:30:42.961+0000] {spark_submit.py:571} INFO - "0" : 2
[2024-05-18T20:30:42.961+0000] {spark_submit.py:571} INFO - }
[2024-05-18T20:30:42.961+0000] {spark_submit.py:571} INFO - },
[2024-05-18T20:30:42.961+0000] {spark_submit.py:571} INFO - "numInputRows" : 1,
[2024-05-18T20:30:42.961+0000] {spark_submit.py:571} INFO - "inputRowsPerSecond" : 76.92307692307692,
[2024-05-18T20:30:42.961+0000] {spark_submit.py:571} INFO - "processedRowsPerSecond" : 0.6357279084551812,
[2024-05-18T20:30:42.961+0000] {spark_submit.py:571} INFO - "metrics" : {
[2024-05-18T20:30:42.961+0000] {spark_submit.py:571} INFO - "avgOffsetsBehindLatest" : "0.0",
[2024-05-18T20:30:42.962+0000] {spark_submit.py:571} INFO - "maxOffsetsBehindLatest" : "0",
[2024-05-18T20:30:42.962+0000] {spark_submit.py:571} INFO - "minOffsetsBehindLatest" : "0"
[2024-05-18T20:30:42.962+0000] {spark_submit.py:571} INFO - }
[2024-05-18T20:30:42.962+0000] {spark_submit.py:571} INFO - } ],
[2024-05-18T20:30:42.962+0000] {spark_submit.py:571} INFO - "sink" : {
[2024-05-18T20:30:42.962+0000] {spark_submit.py:571} INFO - "description" : "ForeachBatchSink",
[2024-05-18T20:30:42.962+0000] {spark_submit.py:571} INFO - "numOutputRows" : -1
[2024-05-18T20:30:42.962+0000] {spark_submit.py:571} INFO - }
[2024-05-18T20:30:42.963+0000] {spark_submit.py:571} INFO - }
[2024-05-18T20:30:52.969+0000] {spark_submit.py:571} INFO - 24/05/18 20:30:52 INFO MicroBatchExecution: Streaming query has been idle and waiting for new data more than 10000 ms.
[2024-05-18T20:31:02.977+0000] {spark_submit.py:571} INFO - 24/05/18 20:31:02 INFO MicroBatchExecution: Streaming query has been idle and waiting for new data more than 10000 ms.
[2024-05-18T20:31:07.829+0000] {spark_submit.py:571} INFO - 24/05/18 20:31:07 INFO BlockManagerInfo: Removed broadcast_1_piece0 on f3c105d69d83:41315 in memory (size: 26.9 KiB, free: 434.4 MiB)
[2024-05-18T20:31:07.879+0000] {spark_submit.py:571} INFO - 24/05/18 20:31:07 INFO BlockManagerInfo: Removed broadcast_1_piece0 on 172.25.0.6:34263 in memory (size: 26.9 KiB, free: 434.4 MiB)
[2024-05-18T20:31:13.013+0000] {spark_submit.py:571} INFO - 24/05/18 20:31:12 INFO MicroBatchExecution: Streaming query has been idle and waiting for new data more than 10000 ms.
[2024-05-18T20:31:22.996+0000] {spark_submit.py:571} INFO - 24/05/18 20:31:22 INFO MicroBatchExecution: Streaming query has been idle and waiting for new data more than 10000 ms.
[2024-05-18T20:31:26.981+0000] {local_task_job_runner.py:310} WARNING - State of this instance has been externally set to failed. Terminating instance.
[2024-05-18T20:31:27.147+0000] {local_task_job_runner.py:222} INFO - ::endgroup::
[2024-05-18T20:31:27.189+0000] {process_utils.py:132} INFO - Sending 15 to group 1243. PIDs of all processes in the group: [1245, 1314, 1243]
[2024-05-18T20:31:27.196+0000] {process_utils.py:87} INFO - Sending the signal 15 to group 1243
[2024-05-18T20:31:27.223+0000] {taskinstance.py:2611} ERROR - Received SIGTERM. Terminating subprocesses.
[2024-05-18T20:31:27.241+0000] {spark_submit.py:697} INFO - Sending kill signal to spark-submit
[2024-05-18T20:31:27.267+0000] {taskinstance.py:441} INFO - ::group::Post task execution logs
[2024-05-18T20:31:28.195+0000] {process_utils.py:80} INFO - Process psutil.Process(pid=1243, status='terminated', exitcode=0, started='20:29:22') (1243) terminated with exit code 0
[2024-05-18T20:31:28.264+0000] {process_utils.py:80} INFO - Process psutil.Process(pid=1245, status='terminated', started='20:29:23') (1245) terminated with exit code None
[2024-05-18T20:31:28.285+0000] {process_utils.py:80} INFO - Process psutil.Process(pid=1314, status='terminated', started='20:29:27') (1314) terminated with exit code None
