[2024-05-18T20:15:06.672+0000] {local_task_job_runner.py:120} INFO - ::group::Pre task execution logs
[2024-05-18T20:15:06.743+0000] {taskinstance.py:2076} INFO - Dependencies all met for dep_context=non-requeueable deps ti=<TaskInstance: Webscrape.Ingest_Data scheduled__2024-05-17T00:00:00+00:00 [queued]>
[2024-05-18T20:15:06.761+0000] {taskinstance.py:2076} INFO - Dependencies all met for dep_context=requeueable deps ti=<TaskInstance: Webscrape.Ingest_Data scheduled__2024-05-17T00:00:00+00:00 [queued]>
[2024-05-18T20:15:06.762+0000] {taskinstance.py:2306} INFO - Starting attempt 1 of 6
[2024-05-18T20:15:06.775+0000] {taskinstance.py:2330} INFO - Executing <Task(PythonOperator): Ingest_Data> on 2024-05-17 00:00:00+00:00
[2024-05-18T20:15:06.824+0000] {standard_task_runner.py:63} INFO - Started process 176 to run task
[2024-05-18T20:15:06.906+0000] {standard_task_runner.py:90} INFO - Running: ['***', 'tasks', 'run', 'Webscrape', 'Ingest_Data', 'scheduled__2024-05-17T00:00:00+00:00', '--job-id', '269', '--raw', '--subdir', 'DAGS_FOLDER/webscrapping.py', '--cfg-path', '/tmp/tmp644tveb0']
[2024-05-18T20:15:06.950+0000] {standard_task_runner.py:91} INFO - Job 269: Subtask Ingest_Data
[2024-05-18T20:15:07.373+0000] {task_command.py:426} INFO - Running <TaskInstance: Webscrape.Ingest_Data scheduled__2024-05-17T00:00:00+00:00 [running]> on host f3c105d69d83
[2024-05-18T20:15:07.834+0000] {taskinstance.py:2648} INFO - Exporting env vars: AIRFLOW_CTX_DAG_OWNER='svc' AIRFLOW_CTX_DAG_ID='Webscrape' AIRFLOW_CTX_TASK_ID='Ingest_Data' AIRFLOW_CTX_EXECUTION_DATE='2024-05-17T00:00:00+00:00' AIRFLOW_CTX_TRY_NUMBER='1' AIRFLOW_CTX_DAG_RUN_ID='scheduled__2024-05-17T00:00:00+00:00'
[2024-05-18T20:15:07.854+0000] {taskinstance.py:430} INFO - ::endgroup::
[2024-05-18T20:15:08.023+0000] {conn.py:362} INFO - <BrokerConnection node_id=bootstrap-0 host=kafka:9092 <connecting> [IPv4 ('172.25.0.7', 9092)]>: connecting to kafka:9092 [('172.25.0.7', 9092) IPv4]
[2024-05-18T20:15:08.042+0000] {conn.py:957} INFO - Probing node bootstrap-0 broker version
[2024-05-18T20:15:08.048+0000] {conn.py:393} INFO - <BrokerConnection node_id=bootstrap-0 host=kafka:9092 <connecting> [IPv4 ('172.25.0.7', 9092)]>: Connection complete.
[2024-05-18T20:15:08.238+0000] {conn.py:1019} INFO - Broker version identified as 2.6.0
[2024-05-18T20:15:08.293+0000] {conn.py:1020} INFO - Set configuration api_version=(2, 6, 0) to skip auto check_version requests on startup
[2024-05-18T20:15:10.525+0000] {logging_mixin.py:188} INFO - Connecting to Scraping Browser...
[2024-05-18T20:15:12.306+0000] {logging_mixin.py:188} INFO - Connected! Navigating to https://www.redfin.com...
[2024-05-18T20:15:23.454+0000] {logging_mixin.py:188} INFO - Searching...
[2024-05-18T20:15:27.373+0000] {logging_mixin.py:188} INFO - --------
[2024-05-18T20:15:27.404+0000] {logging_mixin.py:188} INFO - 1
[2024-05-18T20:15:27.415+0000] {logging_mixin.py:188} INFO - Navigating to Listing page: https://www.redfin.com/CA/San-Francisco/5853-Mission-St-94112/unit-2/home/795540
[2024-05-18T20:15:59.499+0000] {logging_mixin.py:188} INFO - Extracting Pictures
[2024-05-18T20:16:10.458+0000] {logging_mixin.py:188} INFO - Extracting Key Details
[2024-05-18T20:16:15.030+0000] {logging_mixin.py:188} INFO - Extracting Listing Agent Details
[2024-05-18T20:16:15.734+0000] {logging_mixin.py:188} INFO - Extracting Redfin Agent Details
[2024-05-18T20:16:16.332+0000] {logging_mixin.py:188} INFO - Extracting Property Details
[2024-05-18T20:16:18.013+0000] {logging_mixin.py:188} INFO - {
  "address": "5853 Mission St #2 San Francisco CA 94112",
  "price": "525000",
  "beds": "1",
  "baths": "1",
  "link": "https://www.redfin.com/CA/San-Francisco/5853-Mission-St-94112/unit-2/home/795540",
  "photos": [
    "https://ssl.cdn-redfin.com/system_files/media/922079_JPG/item_1.jpg",
    "https://ssl.cdn-redfin.com/system_files/media/922079_JPG/genLdpUgcMediaBrowserUrl/item_2.jpg",
    "https://my.matterport.com/api/v2/player/models/dfuTSuYsHx2/thumb",
    "https://ssl.cdn-redfin.com/system_files/media/922079_JPG/genLdpUgcMediaBrowserUrl/item_4.jpg",
    "https://ssl.cdn-redfin.com/system_files/media/922079_JPG/genLdpUgcMediaBrowserUrl/item_5.jpg",
    "https://ssl.cdn-redfin.com/system_files/media/922079_JPG/item_3.jpg",
    "https://ssl.cdn-redfin.com/system_files/media/922079_JPG/item_9.jpg",
    "https://ssl.cdn-redfin.com/system_files/media/922079_JPG/item_15.jpg",
    "https://ssl.cdn-redfin.com/system_files/media/922079_JPG/item_21.jpg",
    "https://ssl.cdn-redfin.com/system_files/media/922079_JPG/item_27.jpg"
  ],
  "hoa_fee": "400",
  "buyers_agent_fee": "",
  "listing_agent_name": "Cleveland Motley",
  "listing_agent_contact": "",
  "redfin_agent_name": "Cleveland Motley",
  "finished_sqft": "",
  "unfinished_sqft": "",
  "total_sqft": "708",
  "stories": "1",
  "style": "Condo/Co-op",
  "year_built": "1980",
  "year_renovated": "",
  "county": "San Francisco County",
  "APN": "6472032"
}
[2024-05-18T20:16:18.014+0000] {logging_mixin.py:188} INFO - Sending Data to Kafka
[2024-05-18T20:16:18.056+0000] {conn.py:362} INFO - <BrokerConnection node_id=1 host=kafka:9092 <connecting> [IPv4 ('172.25.0.7', 9092)]>: connecting to kafka:9092 [('172.25.0.7', 9092) IPv4]
[2024-05-18T20:16:18.076+0000] {conn.py:393} INFO - <BrokerConnection node_id=1 host=kafka:9092 <connecting> [IPv4 ('172.25.0.7', 9092)]>: Connection complete.
[2024-05-18T20:16:18.080+0000] {conn.py:673} INFO - <BrokerConnection node_id=bootstrap-0 host=kafka:9092 <connected> [IPv4 ('172.25.0.7', 9092)]>: Closing connection. 
[2024-05-18T20:16:19.719+0000] {logging_mixin.py:188} INFO - --------
[2024-05-18T20:16:19.724+0000] {logging_mixin.py:188} INFO - 2
[2024-05-18T20:16:19.731+0000] {logging_mixin.py:188} INFO - Navigating to Listing page: https://www.redfin.com/CA/San-Francisco/88-Cameo-Way-94131/home/840418
[2024-05-18T20:16:38.934+0000] {logging_mixin.py:188} INFO - Extracting Pictures
[2024-05-18T20:16:42.790+0000] {logging_mixin.py:188} INFO - Extracting Key Details
[2024-05-18T20:16:44.870+0000] {logging_mixin.py:188} INFO - Extracting Listing Agent Details
[2024-05-18T20:16:45.763+0000] {logging_mixin.py:188} INFO - Extracting Redfin Agent Details
[2024-05-18T20:16:46.355+0000] {logging_mixin.py:188} INFO - Extracting Property Details
[2024-05-18T20:16:47.747+0000] {logging_mixin.py:188} INFO - {
  "address": "88 Cameo Way San Francisco CA 94131",
  "price": "2295000",
  "beds": "4",
  "baths": "2.5",
  "link": "https://www.redfin.com/CA/San-Francisco/88-Cameo-Way-94131/home/840418",
  "photos": [
    "https://ssl.cdn-redfin.com/photo/27/bigphoto/928/424031928_0.jpg",
    "https://ssl.cdn-redfin.com/photo/27/mbpaddedwide/928/genMid.424031928_1_0.jpg",
    "https://ssl.cdn-redfin.com/photo/27/mbpaddedwide/928/genMid.424031928_2_0.jpg",
    "https://ssl.cdn-redfin.com/photo/27/mbpaddedwide/928/genMid.424031928_4_0.jpg",
    "https://ssl.cdn-redfin.com/photo/27/mbpaddedwide/928/genMid.424031928_5_0.jpg",
    "https://ssl.cdn-redfin.com/photo/27/bigphoto/928/424031928_3_0.jpg",
    "https://ssl.cdn-redfin.com/photo/27/bigphoto/928/424031928_9_0.jpg",
    "https://ssl.cdn-redfin.com/photo/27/bigphoto/928/424031928_15_0.jpg",
    "https://ssl.cdn-redfin.com/photo/27/bigphoto/928/424031928_21_0.jpg",
    "https://ssl.cdn-redfin.com/photo/27/bigphoto/928/424031928_27_0.jpg",
    "https://ssl.cdn-redfin.com/photo/27/bigphoto/928/424031928_33_0.jpg"
  ],
  "hoa_fee": "",
  "buyers_agent_fee": "2.5",
  "listing_agent_name": "Gary Chang",
  "listing_agent_contact": "",
  "redfin_agent_name": "Anthony Torres",
  "finished_sqft": "",
  "unfinished_sqft": "",
  "total_sqft": "2007",
  "stories": "1",
  "style": "Single Family Residential",
  "year_built": "1965",
  "year_renovated": "",
  "county": "San Francisco County",
  "APN": "7513045"
}
[2024-05-18T20:16:47.751+0000] {logging_mixin.py:188} INFO - Sending Data to Kafka
[2024-05-18T20:16:48.755+0000] {logging_mixin.py:188} INFO - --------
[2024-05-18T20:16:48.761+0000] {logging_mixin.py:188} INFO - 3
[2024-05-18T20:16:48.775+0000] {logging_mixin.py:188} INFO - Navigating to Listing page: https://www.redfin.com/CA/San-Francisco/1-Bristol-Ct-94130/unit-208/home/187610447
[2024-05-18T20:18:46.787+0000] {logging_mixin.py:188} INFO - No Pictures
[2024-05-18T20:19:18.194+0000] {logging_mixin.py:188} INFO - Traceback (most recent call last):
  File "/opt/***/dags/includes/main.py", line 152, in run
    redfin_agent_content = await page2.inner_html("div[id='askAnAgent-collapsible']")
                           ^^^^^^^^^^^^^^^^^^^^^^^^^^^^^^^^^^^^^^^^^^^^^^^^^^^^^^^^^^
  File "/home/***/.local/lib/python3.11/site-packages/playwright/async_api/_generated.py", line 10338, in inner_html
    await self._impl_obj.inner_html(
  File "/home/***/.local/lib/python3.11/site-packages/playwright/_impl/_page.py", line 885, in inner_html
    return await self._main_frame.inner_html(**locals_to_params(locals()))
           ^^^^^^^^^^^^^^^^^^^^^^^^^^^^^^^^^^^^^^^^^^^^^^^^^^^^^^^^^^^^^^^
  File "/home/***/.local/lib/python3.11/site-packages/playwright/_impl/_frame.py", line 623, in inner_html
    return await self._channel.send("innerHTML", locals_to_params(locals()))
           ^^^^^^^^^^^^^^^^^^^^^^^^^^^^^^^^^^^^^^^^^^^^^^^^^^^^^^^^^^^^^^^^^
  File "/home/***/.local/lib/python3.11/site-packages/playwright/_impl/_connection.py", line 59, in send
    return await self._connection.wrap_api_call(
           ^^^^^^^^^^^^^^^^^^^^^^^^^^^^^^^^^^^^^
  File "/home/***/.local/lib/python3.11/site-packages/playwright/_impl/_connection.py", line 513, in wrap_api_call
    raise rewrite_error(error, f"{parsed_st['apiName']}: {error}") from None
playwright._impl._errors.TimeoutError: Page.inner_html: Timeout 30000ms exceeded.
Call log:
waiting for locator("div[id='askAnAgent-collapsible']")
[2024-05-18T20:19:18.450+0000] {python.py:237} INFO - Done. Returned value was: None
[2024-05-18T20:19:18.467+0000] {taskinstance.py:441} INFO - ::group::Post task execution logs
[2024-05-18T20:19:18.610+0000] {taskinstance.py:1206} INFO - Marking task as SUCCESS. dag_id=Webscrape, task_id=Ingest_Data, run_id=scheduled__2024-05-17T00:00:00+00:00, execution_date=20240517T000000, start_date=20240518T201506, end_date=20240518T201918
[2024-05-18T20:19:18.696+0000] {local_task_job_runner.py:240} INFO - Task exited with return code 0
[2024-05-18T20:19:18.748+0000] {taskinstance.py:3498} INFO - 0 downstream tasks scheduled from follow-on schedule check
[2024-05-18T20:19:18.749+0000] {local_task_job_runner.py:222} INFO - ::endgroup::
