[2024-05-17T20:47:52.652+0000] {local_task_job_runner.py:120} INFO - ::group::Pre task execution logs
[2024-05-17T20:47:52.728+0000] {taskinstance.py:2076} INFO - Dependencies all met for dep_context=non-requeueable deps ti=<TaskInstance: Webscrape.Process_Send_Data manual__2024-05-17T20:47:47.198627+00:00 [queued]>
[2024-05-17T20:47:52.740+0000] {taskinstance.py:2076} INFO - Dependencies all met for dep_context=requeueable deps ti=<TaskInstance: Webscrape.Process_Send_Data manual__2024-05-17T20:47:47.198627+00:00 [queued]>
[2024-05-17T20:47:52.741+0000] {taskinstance.py:2306} INFO - Starting attempt 1 of 6
[2024-05-17T20:47:52.755+0000] {taskinstance.py:2330} INFO - Executing <Task(SparkSubmitOperator): Process_Send_Data> on 2024-05-17 20:47:47.198627+00:00
[2024-05-17T20:47:52.785+0000] {standard_task_runner.py:63} INFO - Started process 9561 to run task
[2024-05-17T20:47:52.812+0000] {standard_task_runner.py:90} INFO - Running: ['***', 'tasks', 'run', 'Webscrape', 'Process_Send_Data', 'manual__2024-05-17T20:47:47.198627+00:00', '--job-id', '233', '--raw', '--subdir', 'DAGS_FOLDER/webscrapping.py', '--cfg-path', '/tmp/tmp1vjev6cv']
[2024-05-17T20:47:52.848+0000] {standard_task_runner.py:91} INFO - Job 233: Subtask Process_Send_Data
[2024-05-17T20:47:53.318+0000] {task_command.py:426} INFO - Running <TaskInstance: Webscrape.Process_Send_Data manual__2024-05-17T20:47:47.198627+00:00 [running]> on host 3e429f118033
[2024-05-17T20:47:53.681+0000] {taskinstance.py:2648} INFO - Exporting env vars: AIRFLOW_CTX_DAG_OWNER='svc' AIRFLOW_CTX_DAG_ID='Webscrape' AIRFLOW_CTX_TASK_ID='Process_Send_Data' AIRFLOW_CTX_EXECUTION_DATE='2024-05-17T20:47:47.198627+00:00' AIRFLOW_CTX_TRY_NUMBER='1' AIRFLOW_CTX_DAG_RUN_ID='manual__2024-05-17T20:47:47.198627+00:00'
[2024-05-17T20:47:53.684+0000] {taskinstance.py:430} INFO - ::endgroup::
[2024-05-17T20:47:53.748+0000] {base.py:84} INFO - Using connection ID 'spark_default' for task execution.
[2024-05-17T20:47:53.749+0000] {spark_submit.py:401} INFO - Spark-Submit cmd: spark-submit --master spark://spark-master:7077 --packages org.apache.spark:spark-sql-kafka-0-10_2.12:3.5.1,com.datastax.spark:spark-cassandra-connector_2.12:3.5.0,org.apache.kafka:kafka-clients:3.4.1,commons-logging:commons-logging:1.2 --name arrow-spark --deploy-mode client dags/includes/jobs/spark_consumer.py
[2024-05-17T20:47:54.050+0000] {spark_submit.py:571} INFO - /home/***/.local/lib/python3.11/site-packages/pyspark/bin/load-spark-env.sh: line 68: ps: command not found
[2024-05-17T20:48:03.471+0000] {spark_submit.py:571} INFO - :: loading settings :: url = jar:file:/home/***/.local/lib/python3.11/site-packages/pyspark/jars/ivy-2.5.1.jar!/org/apache/ivy/core/settings/ivysettings.xml
[2024-05-17T20:48:03.805+0000] {spark_submit.py:571} INFO - Ivy Default Cache set to: /home/***/.ivy2/cache
[2024-05-17T20:48:03.807+0000] {spark_submit.py:571} INFO - The jars for the packages stored in: /home/***/.ivy2/jars
[2024-05-17T20:48:03.888+0000] {spark_submit.py:571} INFO - org.apache.spark#spark-sql-kafka-0-10_2.12 added as a dependency
[2024-05-17T20:48:03.889+0000] {spark_submit.py:571} INFO - com.datastax.spark#spark-cassandra-connector_2.12 added as a dependency
[2024-05-17T20:48:03.889+0000] {spark_submit.py:571} INFO - org.apache.kafka#kafka-clients added as a dependency
[2024-05-17T20:48:03.889+0000] {spark_submit.py:571} INFO - commons-logging#commons-logging added as a dependency
[2024-05-17T20:48:03.890+0000] {spark_submit.py:571} INFO - :: resolving dependencies :: org.apache.spark#spark-submit-parent-6b206cf5-314d-493b-a2a2-6ee67156decc;1.0
[2024-05-17T20:48:03.890+0000] {spark_submit.py:571} INFO - confs: [default]
[2024-05-17T20:48:04.103+0000] {spark_submit.py:571} INFO - found org.apache.spark#spark-sql-kafka-0-10_2.12;3.5.1 in central
[2024-05-17T20:48:04.150+0000] {spark_submit.py:571} INFO - found org.apache.spark#spark-token-provider-kafka-0-10_2.12;3.5.1 in central
[2024-05-17T20:48:04.166+0000] {spark_submit.py:571} INFO - found org.apache.kafka#kafka-clients;3.4.1 in central
[2024-05-17T20:48:04.179+0000] {spark_submit.py:571} INFO - found com.github.luben#zstd-jni;1.5.5-4 in central
[2024-05-17T20:48:04.191+0000] {spark_submit.py:571} INFO - found org.lz4#lz4-java;1.8.0 in central
[2024-05-17T20:48:04.202+0000] {spark_submit.py:571} INFO - found org.xerial.snappy#snappy-java;1.1.10.3 in central
[2024-05-17T20:48:04.215+0000] {spark_submit.py:571} INFO - found org.slf4j#slf4j-api;2.0.7 in central
[2024-05-17T20:48:04.230+0000] {spark_submit.py:571} INFO - found org.apache.hadoop#hadoop-client-runtime;3.3.4 in central
[2024-05-17T20:48:04.244+0000] {spark_submit.py:571} INFO - found org.apache.hadoop#hadoop-client-api;3.3.4 in central
[2024-05-17T20:48:04.272+0000] {spark_submit.py:571} INFO - found com.google.code.findbugs#jsr305;3.0.0 in central
[2024-05-17T20:48:04.292+0000] {spark_submit.py:571} INFO - found org.apache.commons#commons-pool2;2.11.1 in central
[2024-05-17T20:48:04.302+0000] {spark_submit.py:571} INFO - found com.datastax.spark#spark-cassandra-connector_2.12;3.5.0 in central
[2024-05-17T20:48:04.311+0000] {spark_submit.py:571} INFO - found com.datastax.spark#spark-cassandra-connector-driver_2.12;3.5.0 in central
[2024-05-17T20:48:04.395+0000] {spark_submit.py:571} INFO - found org.scala-lang.modules#scala-collection-compat_2.12;2.11.0 in central
[2024-05-17T20:48:04.412+0000] {spark_submit.py:571} INFO - found com.datastax.oss#java-driver-core-shaded;4.13.0 in central
[2024-05-17T20:48:04.421+0000] {spark_submit.py:571} INFO - found com.datastax.oss#native-protocol;1.5.0 in central
[2024-05-17T20:48:04.433+0000] {spark_submit.py:571} INFO - found com.datastax.oss#java-driver-shaded-guava;25.1-jre-graal-sub-1 in central
[2024-05-17T20:48:04.449+0000] {spark_submit.py:571} INFO - found com.typesafe#config;1.4.1 in central
[2024-05-17T20:48:04.458+0000] {spark_submit.py:571} INFO - found io.dropwizard.metrics#metrics-core;4.1.18 in central
[2024-05-17T20:48:04.466+0000] {spark_submit.py:571} INFO - found org.hdrhistogram#HdrHistogram;2.1.12 in central
[2024-05-17T20:48:04.473+0000] {spark_submit.py:571} INFO - found org.reactivestreams#reactive-streams;1.0.3 in central
[2024-05-17T20:48:04.480+0000] {spark_submit.py:571} INFO - found com.github.stephenc.jcip#jcip-annotations;1.0-1 in central
[2024-05-17T20:48:04.488+0000] {spark_submit.py:571} INFO - found com.github.spotbugs#spotbugs-annotations;3.1.12 in central
[2024-05-17T20:48:04.497+0000] {spark_submit.py:571} INFO - found com.google.code.findbugs#jsr305;3.0.2 in central
[2024-05-17T20:48:04.509+0000] {spark_submit.py:571} INFO - found com.datastax.oss#java-driver-mapper-runtime;4.13.0 in central
[2024-05-17T20:48:04.521+0000] {spark_submit.py:571} INFO - found com.datastax.oss#java-driver-query-builder;4.13.0 in central
[2024-05-17T20:48:04.533+0000] {spark_submit.py:571} INFO - found org.apache.commons#commons-lang3;3.10 in central
[2024-05-17T20:48:04.540+0000] {spark_submit.py:571} INFO - found com.thoughtworks.paranamer#paranamer;2.8 in central
[2024-05-17T20:48:04.547+0000] {spark_submit.py:571} INFO - found org.scala-lang#scala-reflect;2.12.11 in central
[2024-05-17T20:48:04.557+0000] {spark_submit.py:571} INFO - found commons-logging#commons-logging;1.2 in central
[2024-05-17T20:48:04.583+0000] {spark_submit.py:571} INFO - :: resolution report :: resolve 679ms :: artifacts dl 14ms
[2024-05-17T20:48:04.583+0000] {spark_submit.py:571} INFO - :: modules in use:
[2024-05-17T20:48:04.584+0000] {spark_submit.py:571} INFO - com.datastax.oss#java-driver-core-shaded;4.13.0 from central in [default]
[2024-05-17T20:48:04.584+0000] {spark_submit.py:571} INFO - com.datastax.oss#java-driver-mapper-runtime;4.13.0 from central in [default]
[2024-05-17T20:48:04.584+0000] {spark_submit.py:571} INFO - com.datastax.oss#java-driver-query-builder;4.13.0 from central in [default]
[2024-05-17T20:48:04.585+0000] {spark_submit.py:571} INFO - com.datastax.oss#java-driver-shaded-guava;25.1-jre-graal-sub-1 from central in [default]
[2024-05-17T20:48:04.585+0000] {spark_submit.py:571} INFO - com.datastax.oss#native-protocol;1.5.0 from central in [default]
[2024-05-17T20:48:04.585+0000] {spark_submit.py:571} INFO - com.datastax.spark#spark-cassandra-connector-driver_2.12;3.5.0 from central in [default]
[2024-05-17T20:48:04.585+0000] {spark_submit.py:571} INFO - com.datastax.spark#spark-cassandra-connector_2.12;3.5.0 from central in [default]
[2024-05-17T20:48:04.586+0000] {spark_submit.py:571} INFO - com.github.luben#zstd-jni;1.5.5-4 from central in [default]
[2024-05-17T20:48:04.586+0000] {spark_submit.py:571} INFO - com.github.spotbugs#spotbugs-annotations;3.1.12 from central in [default]
[2024-05-17T20:48:04.586+0000] {spark_submit.py:571} INFO - com.github.stephenc.jcip#jcip-annotations;1.0-1 from central in [default]
[2024-05-17T20:48:04.586+0000] {spark_submit.py:571} INFO - com.google.code.findbugs#jsr305;3.0.2 from central in [default]
[2024-05-17T20:48:04.586+0000] {spark_submit.py:571} INFO - com.thoughtworks.paranamer#paranamer;2.8 from central in [default]
[2024-05-17T20:48:04.586+0000] {spark_submit.py:571} INFO - com.typesafe#config;1.4.1 from central in [default]
[2024-05-17T20:48:04.586+0000] {spark_submit.py:571} INFO - commons-logging#commons-logging;1.2 from central in [default]
[2024-05-17T20:48:04.587+0000] {spark_submit.py:571} INFO - io.dropwizard.metrics#metrics-core;4.1.18 from central in [default]
[2024-05-17T20:48:04.587+0000] {spark_submit.py:571} INFO - org.apache.commons#commons-lang3;3.10 from central in [default]
[2024-05-17T20:48:04.587+0000] {spark_submit.py:571} INFO - org.apache.commons#commons-pool2;2.11.1 from central in [default]
[2024-05-17T20:48:04.587+0000] {spark_submit.py:571} INFO - org.apache.hadoop#hadoop-client-api;3.3.4 from central in [default]
[2024-05-17T20:48:04.587+0000] {spark_submit.py:571} INFO - org.apache.hadoop#hadoop-client-runtime;3.3.4 from central in [default]
[2024-05-17T20:48:04.587+0000] {spark_submit.py:571} INFO - org.apache.kafka#kafka-clients;3.4.1 from central in [default]
[2024-05-17T20:48:04.588+0000] {spark_submit.py:571} INFO - org.apache.spark#spark-sql-kafka-0-10_2.12;3.5.1 from central in [default]
[2024-05-17T20:48:04.588+0000] {spark_submit.py:571} INFO - org.apache.spark#spark-token-provider-kafka-0-10_2.12;3.5.1 from central in [default]
[2024-05-17T20:48:04.588+0000] {spark_submit.py:571} INFO - org.hdrhistogram#HdrHistogram;2.1.12 from central in [default]
[2024-05-17T20:48:04.588+0000] {spark_submit.py:571} INFO - org.lz4#lz4-java;1.8.0 from central in [default]
[2024-05-17T20:48:04.588+0000] {spark_submit.py:571} INFO - org.reactivestreams#reactive-streams;1.0.3 from central in [default]
[2024-05-17T20:48:04.588+0000] {spark_submit.py:571} INFO - org.scala-lang#scala-reflect;2.12.11 from central in [default]
[2024-05-17T20:48:04.588+0000] {spark_submit.py:571} INFO - org.scala-lang.modules#scala-collection-compat_2.12;2.11.0 from central in [default]
[2024-05-17T20:48:04.589+0000] {spark_submit.py:571} INFO - org.slf4j#slf4j-api;2.0.7 from central in [default]
[2024-05-17T20:48:04.589+0000] {spark_submit.py:571} INFO - org.xerial.snappy#snappy-java;1.1.10.3 from central in [default]
[2024-05-17T20:48:04.589+0000] {spark_submit.py:571} INFO - :: evicted modules:
[2024-05-17T20:48:04.589+0000] {spark_submit.py:571} INFO - commons-logging#commons-logging;1.1.3 by [commons-logging#commons-logging;1.2] in [default]
[2024-05-17T20:48:04.589+0000] {spark_submit.py:571} INFO - com.google.code.findbugs#jsr305;3.0.0 by [com.google.code.findbugs#jsr305;3.0.2] in [default]
[2024-05-17T20:48:04.589+0000] {spark_submit.py:571} INFO - org.slf4j#slf4j-api;1.7.26 by [org.slf4j#slf4j-api;2.0.7] in [default]
[2024-05-17T20:48:04.590+0000] {spark_submit.py:571} INFO - ---------------------------------------------------------------------
[2024-05-17T20:48:04.590+0000] {spark_submit.py:571} INFO - |                  |            modules            ||   artifacts   |
[2024-05-17T20:48:04.590+0000] {spark_submit.py:571} INFO - |       conf       | number| search|dwnlded|evicted|| number|dwnlded|
[2024-05-17T20:48:04.591+0000] {spark_submit.py:571} INFO - ---------------------------------------------------------------------
[2024-05-17T20:48:04.591+0000] {spark_submit.py:571} INFO - |      default     |   32  |   0   |   0   |   3   ||   29  |   0   |
[2024-05-17T20:48:04.591+0000] {spark_submit.py:571} INFO - ---------------------------------------------------------------------
[2024-05-17T20:48:04.670+0000] {spark_submit.py:571} INFO - :: retrieving :: org.apache.spark#spark-submit-parent-6b206cf5-314d-493b-a2a2-6ee67156decc
[2024-05-17T20:48:04.671+0000] {spark_submit.py:571} INFO - confs: [default]
[2024-05-17T20:48:04.685+0000] {spark_submit.py:571} INFO - 0 artifacts copied, 29 already retrieved (0kB/15ms)
[2024-05-17T20:48:05.036+0000] {spark_submit.py:571} INFO - 24/05/17 20:48:05 WARN NativeCodeLoader: Unable to load native-hadoop library for your platform... using builtin-java classes where applicable
[2024-05-17T20:48:10.461+0000] {spark_submit.py:571} INFO - 24/05/17 20:48:10 INFO SparkContext: Running Spark version 3.5.1
[2024-05-17T20:48:10.465+0000] {spark_submit.py:571} INFO - 24/05/17 20:48:10 INFO SparkContext: OS info Linux, 6.6.26-linuxkit, aarch64
[2024-05-17T20:48:10.466+0000] {spark_submit.py:571} INFO - 24/05/17 20:48:10 INFO SparkContext: Java version 11.0.23
[2024-05-17T20:48:10.606+0000] {spark_submit.py:571} INFO - 24/05/17 20:48:10 INFO ResourceUtils: ==============================================================
[2024-05-17T20:48:10.608+0000] {spark_submit.py:571} INFO - 24/05/17 20:48:10 INFO ResourceUtils: No custom resources configured for spark.driver.
[2024-05-17T20:48:10.609+0000] {spark_submit.py:571} INFO - 24/05/17 20:48:10 INFO ResourceUtils: ==============================================================
[2024-05-17T20:48:10.611+0000] {spark_submit.py:571} INFO - 24/05/17 20:48:10 INFO SparkContext: Submitted application: Redfin_Properties_Consumer
[2024-05-17T20:48:10.751+0000] {spark_submit.py:571} INFO - 24/05/17 20:48:10 INFO ResourceProfile: Default ResourceProfile created, executor resources: Map(memory -> name: memory, amount: 1024, script: , vendor: , offHeap -> name: offHeap, amount: 0, script: , vendor: ), task resources: Map(cpus -> name: cpus, amount: 1.0)
[2024-05-17T20:48:10.805+0000] {spark_submit.py:571} INFO - 24/05/17 20:48:10 INFO ResourceProfile: Limiting resource is cpu
[2024-05-17T20:48:10.807+0000] {spark_submit.py:571} INFO - 24/05/17 20:48:10 INFO ResourceProfileManager: Added ResourceProfile id: 0
[2024-05-17T20:48:11.396+0000] {spark_submit.py:571} INFO - 24/05/17 20:48:11 INFO SecurityManager: Changing view acls to: ***
[2024-05-17T20:48:11.404+0000] {spark_submit.py:571} INFO - 24/05/17 20:48:11 INFO SecurityManager: Changing modify acls to: ***
[2024-05-17T20:48:11.406+0000] {spark_submit.py:571} INFO - 24/05/17 20:48:11 INFO SecurityManager: Changing view acls groups to:
[2024-05-17T20:48:11.408+0000] {spark_submit.py:571} INFO - 24/05/17 20:48:11 INFO SecurityManager: Changing modify acls groups to:
[2024-05-17T20:48:11.409+0000] {spark_submit.py:571} INFO - 24/05/17 20:48:11 INFO SecurityManager: SecurityManager: authentication disabled; ui acls disabled; users with view permissions: ***; groups with view permissions: EMPTY; users with modify permissions: ***; groups with modify permissions: EMPTY
[2024-05-17T20:48:12.509+0000] {spark_submit.py:571} INFO - 24/05/17 20:48:12 INFO Utils: Successfully started service 'sparkDriver' on port 45983.
[2024-05-17T20:48:12.551+0000] {spark_submit.py:571} INFO - 24/05/17 20:48:12 INFO SparkEnv: Registering MapOutputTracker
[2024-05-17T20:48:12.625+0000] {spark_submit.py:571} INFO - 24/05/17 20:48:12 INFO SparkEnv: Registering BlockManagerMaster
[2024-05-17T20:48:12.671+0000] {spark_submit.py:571} INFO - 24/05/17 20:48:12 INFO BlockManagerMasterEndpoint: Using org.apache.spark.storage.DefaultTopologyMapper for getting topology information
[2024-05-17T20:48:12.674+0000] {spark_submit.py:571} INFO - 24/05/17 20:48:12 INFO BlockManagerMasterEndpoint: BlockManagerMasterEndpoint up
[2024-05-17T20:48:12.690+0000] {spark_submit.py:571} INFO - 24/05/17 20:48:12 INFO SparkEnv: Registering BlockManagerMasterHeartbeat
[2024-05-17T20:48:12.766+0000] {spark_submit.py:571} INFO - 24/05/17 20:48:12 INFO DiskBlockManager: Created local directory at /tmp/blockmgr-3edcd2c0-0209-4005-b109-12ad62a77e62
[2024-05-17T20:48:12.798+0000] {spark_submit.py:571} INFO - 24/05/17 20:48:12 INFO MemoryStore: MemoryStore started with capacity 434.4 MiB
[2024-05-17T20:48:12.854+0000] {spark_submit.py:571} INFO - 24/05/17 20:48:12 INFO SparkEnv: Registering OutputCommitCoordinator
[2024-05-17T20:48:13.356+0000] {spark_submit.py:571} INFO - 24/05/17 20:48:13 INFO JettyUtils: Start Jetty 0.0.0.0:4040 for SparkUI
[2024-05-17T20:48:13.747+0000] {spark_submit.py:571} INFO - 24/05/17 20:48:13 WARN Utils: Service 'SparkUI' could not bind on port 4040. Attempting port 4041.
[2024-05-17T20:48:13.821+0000] {spark_submit.py:571} INFO - 24/05/17 20:48:13 INFO Utils: Successfully started service 'SparkUI' on port 4041.
[2024-05-17T20:48:14.111+0000] {spark_submit.py:571} INFO - 24/05/17 20:48:14 INFO SparkContext: Added JAR file:///home/***/.ivy2/jars/org.apache.spark_spark-sql-kafka-0-10_2.12-3.5.1.jar at spark://3e429f118033:45983/jars/org.apache.spark_spark-sql-kafka-0-10_2.12-3.5.1.jar with timestamp 1715978890426
[2024-05-17T20:48:14.119+0000] {spark_submit.py:571} INFO - 24/05/17 20:48:14 INFO SparkContext: Added JAR file:///home/***/.ivy2/jars/com.datastax.spark_spark-cassandra-connector_2.12-3.5.0.jar at spark://3e429f118033:45983/jars/com.datastax.spark_spark-cassandra-connector_2.12-3.5.0.jar with timestamp 1715978890426
[2024-05-17T20:48:14.120+0000] {spark_submit.py:571} INFO - 24/05/17 20:48:14 INFO SparkContext: Added JAR file:///home/***/.ivy2/jars/org.apache.kafka_kafka-clients-3.4.1.jar at spark://3e429f118033:45983/jars/org.apache.kafka_kafka-clients-3.4.1.jar with timestamp 1715978890426
[2024-05-17T20:48:14.121+0000] {spark_submit.py:571} INFO - 24/05/17 20:48:14 INFO SparkContext: Added JAR file:///home/***/.ivy2/jars/commons-logging_commons-logging-1.2.jar at spark://3e429f118033:45983/jars/commons-logging_commons-logging-1.2.jar with timestamp 1715978890426
[2024-05-17T20:48:14.121+0000] {spark_submit.py:571} INFO - 24/05/17 20:48:14 INFO SparkContext: Added JAR file:///home/***/.ivy2/jars/org.apache.spark_spark-token-provider-kafka-0-10_2.12-3.5.1.jar at spark://3e429f118033:45983/jars/org.apache.spark_spark-token-provider-kafka-0-10_2.12-3.5.1.jar with timestamp 1715978890426
[2024-05-17T20:48:14.122+0000] {spark_submit.py:571} INFO - 24/05/17 20:48:14 INFO SparkContext: Added JAR file:///home/***/.ivy2/jars/org.apache.commons_commons-pool2-2.11.1.jar at spark://3e429f118033:45983/jars/org.apache.commons_commons-pool2-2.11.1.jar with timestamp 1715978890426
[2024-05-17T20:48:14.122+0000] {spark_submit.py:571} INFO - 24/05/17 20:48:14 INFO SparkContext: Added JAR file:///home/***/.ivy2/jars/org.apache.hadoop_hadoop-client-runtime-3.3.4.jar at spark://3e429f118033:45983/jars/org.apache.hadoop_hadoop-client-runtime-3.3.4.jar with timestamp 1715978890426
[2024-05-17T20:48:14.124+0000] {spark_submit.py:571} INFO - 24/05/17 20:48:14 INFO SparkContext: Added JAR file:///home/***/.ivy2/jars/com.github.luben_zstd-jni-1.5.5-4.jar at spark://3e429f118033:45983/jars/com.github.luben_zstd-jni-1.5.5-4.jar with timestamp 1715978890426
[2024-05-17T20:48:14.129+0000] {spark_submit.py:571} INFO - 24/05/17 20:48:14 INFO SparkContext: Added JAR file:///home/***/.ivy2/jars/org.lz4_lz4-java-1.8.0.jar at spark://3e429f118033:45983/jars/org.lz4_lz4-java-1.8.0.jar with timestamp 1715978890426
[2024-05-17T20:48:14.136+0000] {spark_submit.py:571} INFO - 24/05/17 20:48:14 INFO SparkContext: Added JAR file:///home/***/.ivy2/jars/org.xerial.snappy_snappy-java-1.1.10.3.jar at spark://3e429f118033:45983/jars/org.xerial.snappy_snappy-java-1.1.10.3.jar with timestamp 1715978890426
[2024-05-17T20:48:14.139+0000] {spark_submit.py:571} INFO - 24/05/17 20:48:14 INFO SparkContext: Added JAR file:///home/***/.ivy2/jars/org.slf4j_slf4j-api-2.0.7.jar at spark://3e429f118033:45983/jars/org.slf4j_slf4j-api-2.0.7.jar with timestamp 1715978890426
[2024-05-17T20:48:14.149+0000] {spark_submit.py:571} INFO - 24/05/17 20:48:14 INFO SparkContext: Added JAR file:///home/***/.ivy2/jars/org.apache.hadoop_hadoop-client-api-3.3.4.jar at spark://3e429f118033:45983/jars/org.apache.hadoop_hadoop-client-api-3.3.4.jar with timestamp 1715978890426
[2024-05-17T20:48:14.150+0000] {spark_submit.py:571} INFO - 24/05/17 20:48:14 INFO SparkContext: Added JAR file:///home/***/.ivy2/jars/com.datastax.spark_spark-cassandra-connector-driver_2.12-3.5.0.jar at spark://3e429f118033:45983/jars/com.datastax.spark_spark-cassandra-connector-driver_2.12-3.5.0.jar with timestamp 1715978890426
[2024-05-17T20:48:14.151+0000] {spark_submit.py:571} INFO - 24/05/17 20:48:14 INFO SparkContext: Added JAR file:///home/***/.ivy2/jars/org.scala-lang.modules_scala-collection-compat_2.12-2.11.0.jar at spark://3e429f118033:45983/jars/org.scala-lang.modules_scala-collection-compat_2.12-2.11.0.jar with timestamp 1715978890426
[2024-05-17T20:48:14.152+0000] {spark_submit.py:571} INFO - 24/05/17 20:48:14 INFO SparkContext: Added JAR file:///home/***/.ivy2/jars/com.datastax.oss_java-driver-core-shaded-4.13.0.jar at spark://3e429f118033:45983/jars/com.datastax.oss_java-driver-core-shaded-4.13.0.jar with timestamp 1715978890426
[2024-05-17T20:48:14.153+0000] {spark_submit.py:571} INFO - 24/05/17 20:48:14 INFO SparkContext: Added JAR file:///home/***/.ivy2/jars/com.datastax.oss_java-driver-mapper-runtime-4.13.0.jar at spark://3e429f118033:45983/jars/com.datastax.oss_java-driver-mapper-runtime-4.13.0.jar with timestamp 1715978890426
[2024-05-17T20:48:14.153+0000] {spark_submit.py:571} INFO - 24/05/17 20:48:14 INFO SparkContext: Added JAR file:///home/***/.ivy2/jars/org.apache.commons_commons-lang3-3.10.jar at spark://3e429f118033:45983/jars/org.apache.commons_commons-lang3-3.10.jar with timestamp 1715978890426
[2024-05-17T20:48:14.158+0000] {spark_submit.py:571} INFO - 24/05/17 20:48:14 INFO SparkContext: Added JAR file:///home/***/.ivy2/jars/com.thoughtworks.paranamer_paranamer-2.8.jar at spark://3e429f118033:45983/jars/com.thoughtworks.paranamer_paranamer-2.8.jar with timestamp 1715978890426
[2024-05-17T20:48:14.159+0000] {spark_submit.py:571} INFO - 24/05/17 20:48:14 INFO SparkContext: Added JAR file:///home/***/.ivy2/jars/org.scala-lang_scala-reflect-2.12.11.jar at spark://3e429f118033:45983/jars/org.scala-lang_scala-reflect-2.12.11.jar with timestamp 1715978890426
[2024-05-17T20:48:14.162+0000] {spark_submit.py:571} INFO - 24/05/17 20:48:14 INFO SparkContext: Added JAR file:///home/***/.ivy2/jars/com.datastax.oss_native-protocol-1.5.0.jar at spark://3e429f118033:45983/jars/com.datastax.oss_native-protocol-1.5.0.jar with timestamp 1715978890426
[2024-05-17T20:48:14.163+0000] {spark_submit.py:571} INFO - 24/05/17 20:48:14 INFO SparkContext: Added JAR file:///home/***/.ivy2/jars/com.datastax.oss_java-driver-shaded-guava-25.1-jre-graal-sub-1.jar at spark://3e429f118033:45983/jars/com.datastax.oss_java-driver-shaded-guava-25.1-jre-graal-sub-1.jar with timestamp 1715978890426
[2024-05-17T20:48:14.163+0000] {spark_submit.py:571} INFO - 24/05/17 20:48:14 INFO SparkContext: Added JAR file:///home/***/.ivy2/jars/com.typesafe_config-1.4.1.jar at spark://3e429f118033:45983/jars/com.typesafe_config-1.4.1.jar with timestamp 1715978890426
[2024-05-17T20:48:14.164+0000] {spark_submit.py:571} INFO - 24/05/17 20:48:14 INFO SparkContext: Added JAR file:///home/***/.ivy2/jars/io.dropwizard.metrics_metrics-core-4.1.18.jar at spark://3e429f118033:45983/jars/io.dropwizard.metrics_metrics-core-4.1.18.jar with timestamp 1715978890426
[2024-05-17T20:48:14.164+0000] {spark_submit.py:571} INFO - 24/05/17 20:48:14 INFO SparkContext: Added JAR file:///home/***/.ivy2/jars/org.hdrhistogram_HdrHistogram-2.1.12.jar at spark://3e429f118033:45983/jars/org.hdrhistogram_HdrHistogram-2.1.12.jar with timestamp 1715978890426
[2024-05-17T20:48:14.164+0000] {spark_submit.py:571} INFO - 24/05/17 20:48:14 INFO SparkContext: Added JAR file:///home/***/.ivy2/jars/org.reactivestreams_reactive-streams-1.0.3.jar at spark://3e429f118033:45983/jars/org.reactivestreams_reactive-streams-1.0.3.jar with timestamp 1715978890426
[2024-05-17T20:48:14.166+0000] {spark_submit.py:571} INFO - 24/05/17 20:48:14 INFO SparkContext: Added JAR file:///home/***/.ivy2/jars/com.github.stephenc.jcip_jcip-annotations-1.0-1.jar at spark://3e429f118033:45983/jars/com.github.stephenc.jcip_jcip-annotations-1.0-1.jar with timestamp 1715978890426
[2024-05-17T20:48:14.167+0000] {spark_submit.py:571} INFO - 24/05/17 20:48:14 INFO SparkContext: Added JAR file:///home/***/.ivy2/jars/com.github.spotbugs_spotbugs-annotations-3.1.12.jar at spark://3e429f118033:45983/jars/com.github.spotbugs_spotbugs-annotations-3.1.12.jar with timestamp 1715978890426
[2024-05-17T20:48:14.167+0000] {spark_submit.py:571} INFO - 24/05/17 20:48:14 INFO SparkContext: Added JAR file:///home/***/.ivy2/jars/com.google.code.findbugs_jsr305-3.0.2.jar at spark://3e429f118033:45983/jars/com.google.code.findbugs_jsr305-3.0.2.jar with timestamp 1715978890426
[2024-05-17T20:48:14.167+0000] {spark_submit.py:571} INFO - 24/05/17 20:48:14 INFO SparkContext: Added JAR file:///home/***/.ivy2/jars/com.datastax.oss_java-driver-query-builder-4.13.0.jar at spark://3e429f118033:45983/jars/com.datastax.oss_java-driver-query-builder-4.13.0.jar with timestamp 1715978890426
[2024-05-17T20:48:14.168+0000] {spark_submit.py:571} INFO - 24/05/17 20:48:14 INFO SparkContext: Added file file:///home/***/.ivy2/jars/org.apache.spark_spark-sql-kafka-0-10_2.12-3.5.1.jar at spark://3e429f118033:45983/files/org.apache.spark_spark-sql-kafka-0-10_2.12-3.5.1.jar with timestamp 1715978890426
[2024-05-17T20:48:14.175+0000] {spark_submit.py:571} INFO - 24/05/17 20:48:14 INFO Utils: Copying /home/***/.ivy2/jars/org.apache.spark_spark-sql-kafka-0-10_2.12-3.5.1.jar to /tmp/spark-a2e3e123-c8b1-4d51-bb36-37bc97ee9faf/userFiles-78bbda47-1c2f-4440-9722-7f1b653136a5/org.apache.spark_spark-sql-kafka-0-10_2.12-3.5.1.jar
[2024-05-17T20:48:14.298+0000] {spark_submit.py:571} INFO - 24/05/17 20:48:14 INFO SparkContext: Added file file:///home/***/.ivy2/jars/com.datastax.spark_spark-cassandra-connector_2.12-3.5.0.jar at spark://3e429f118033:45983/files/com.datastax.spark_spark-cassandra-connector_2.12-3.5.0.jar with timestamp 1715978890426
[2024-05-17T20:48:14.300+0000] {spark_submit.py:571} INFO - 24/05/17 20:48:14 INFO Utils: Copying /home/***/.ivy2/jars/com.datastax.spark_spark-cassandra-connector_2.12-3.5.0.jar to /tmp/spark-a2e3e123-c8b1-4d51-bb36-37bc97ee9faf/userFiles-78bbda47-1c2f-4440-9722-7f1b653136a5/com.datastax.spark_spark-cassandra-connector_2.12-3.5.0.jar
[2024-05-17T20:48:14.420+0000] {spark_submit.py:571} INFO - 24/05/17 20:48:14 INFO SparkContext: Added file file:///home/***/.ivy2/jars/org.apache.kafka_kafka-clients-3.4.1.jar at spark://3e429f118033:45983/files/org.apache.kafka_kafka-clients-3.4.1.jar with timestamp 1715978890426
[2024-05-17T20:48:14.422+0000] {spark_submit.py:571} INFO - 24/05/17 20:48:14 INFO Utils: Copying /home/***/.ivy2/jars/org.apache.kafka_kafka-clients-3.4.1.jar to /tmp/spark-a2e3e123-c8b1-4d51-bb36-37bc97ee9faf/userFiles-78bbda47-1c2f-4440-9722-7f1b653136a5/org.apache.kafka_kafka-clients-3.4.1.jar
[2024-05-17T20:48:14.856+0000] {spark_submit.py:571} INFO - 24/05/17 20:48:14 INFO SparkContext: Added file file:///home/***/.ivy2/jars/commons-logging_commons-logging-1.2.jar at spark://3e429f118033:45983/files/commons-logging_commons-logging-1.2.jar with timestamp 1715978890426
[2024-05-17T20:48:14.858+0000] {spark_submit.py:571} INFO - 24/05/17 20:48:14 INFO Utils: Copying /home/***/.ivy2/jars/commons-logging_commons-logging-1.2.jar to /tmp/spark-a2e3e123-c8b1-4d51-bb36-37bc97ee9faf/userFiles-78bbda47-1c2f-4440-9722-7f1b653136a5/commons-logging_commons-logging-1.2.jar
[2024-05-17T20:48:14.884+0000] {spark_submit.py:571} INFO - 24/05/17 20:48:14 INFO SparkContext: Added file file:///home/***/.ivy2/jars/org.apache.spark_spark-token-provider-kafka-0-10_2.12-3.5.1.jar at spark://3e429f118033:45983/files/org.apache.spark_spark-token-provider-kafka-0-10_2.12-3.5.1.jar with timestamp 1715978890426
[2024-05-17T20:48:14.885+0000] {spark_submit.py:571} INFO - 24/05/17 20:48:14 INFO Utils: Copying /home/***/.ivy2/jars/org.apache.spark_spark-token-provider-kafka-0-10_2.12-3.5.1.jar to /tmp/spark-a2e3e123-c8b1-4d51-bb36-37bc97ee9faf/userFiles-78bbda47-1c2f-4440-9722-7f1b653136a5/org.apache.spark_spark-token-provider-kafka-0-10_2.12-3.5.1.jar
[2024-05-17T20:48:14.899+0000] {spark_submit.py:571} INFO - 24/05/17 20:48:14 INFO SparkContext: Added file file:///home/***/.ivy2/jars/org.apache.commons_commons-pool2-2.11.1.jar at spark://3e429f118033:45983/files/org.apache.commons_commons-pool2-2.11.1.jar with timestamp 1715978890426
[2024-05-17T20:48:14.900+0000] {spark_submit.py:571} INFO - 24/05/17 20:48:14 INFO Utils: Copying /home/***/.ivy2/jars/org.apache.commons_commons-pool2-2.11.1.jar to /tmp/spark-a2e3e123-c8b1-4d51-bb36-37bc97ee9faf/userFiles-78bbda47-1c2f-4440-9722-7f1b653136a5/org.apache.commons_commons-pool2-2.11.1.jar
[2024-05-17T20:48:14.932+0000] {spark_submit.py:571} INFO - 24/05/17 20:48:14 INFO SparkContext: Added file file:///home/***/.ivy2/jars/org.apache.hadoop_hadoop-client-runtime-3.3.4.jar at spark://3e429f118033:45983/files/org.apache.hadoop_hadoop-client-runtime-3.3.4.jar with timestamp 1715978890426
[2024-05-17T20:48:14.935+0000] {spark_submit.py:571} INFO - 24/05/17 20:48:14 INFO Utils: Copying /home/***/.ivy2/jars/org.apache.hadoop_hadoop-client-runtime-3.3.4.jar to /tmp/spark-a2e3e123-c8b1-4d51-bb36-37bc97ee9faf/userFiles-78bbda47-1c2f-4440-9722-7f1b653136a5/org.apache.hadoop_hadoop-client-runtime-3.3.4.jar
[2024-05-17T20:48:20.337+0000] {spark_submit.py:571} INFO - 24/05/17 20:48:20 INFO SparkContext: Added file file:///home/***/.ivy2/jars/com.github.luben_zstd-jni-1.5.5-4.jar at spark://3e429f118033:45983/files/com.github.luben_zstd-jni-1.5.5-4.jar with timestamp 1715978890426
[2024-05-17T20:48:20.369+0000] {spark_submit.py:571} INFO - 24/05/17 20:48:20 INFO Utils: Copying /home/***/.ivy2/jars/com.github.luben_zstd-jni-1.5.5-4.jar to /tmp/spark-a2e3e123-c8b1-4d51-bb36-37bc97ee9faf/userFiles-78bbda47-1c2f-4440-9722-7f1b653136a5/com.github.luben_zstd-jni-1.5.5-4.jar
[2024-05-17T20:48:21.295+0000] {spark_submit.py:571} INFO - 24/05/17 20:48:21 INFO SparkContext: Added file file:///home/***/.ivy2/jars/org.lz4_lz4-java-1.8.0.jar at spark://3e429f118033:45983/files/org.lz4_lz4-java-1.8.0.jar with timestamp 1715978890426
[2024-05-17T20:48:21.303+0000] {spark_submit.py:571} INFO - 24/05/17 20:48:21 INFO Utils: Copying /home/***/.ivy2/jars/org.lz4_lz4-java-1.8.0.jar to /tmp/spark-a2e3e123-c8b1-4d51-bb36-37bc97ee9faf/userFiles-78bbda47-1c2f-4440-9722-7f1b653136a5/org.lz4_lz4-java-1.8.0.jar
[2024-05-17T20:48:21.583+0000] {spark_submit.py:571} INFO - 24/05/17 20:48:21 INFO SparkContext: Added file file:///home/***/.ivy2/jars/org.xerial.snappy_snappy-java-1.1.10.3.jar at spark://3e429f118033:45983/files/org.xerial.snappy_snappy-java-1.1.10.3.jar with timestamp 1715978890426
[2024-05-17T20:48:21.584+0000] {spark_submit.py:571} INFO - 24/05/17 20:48:21 INFO Utils: Copying /home/***/.ivy2/jars/org.xerial.snappy_snappy-java-1.1.10.3.jar to /tmp/spark-a2e3e123-c8b1-4d51-bb36-37bc97ee9faf/userFiles-78bbda47-1c2f-4440-9722-7f1b653136a5/org.xerial.snappy_snappy-java-1.1.10.3.jar
[2024-05-17T20:48:22.230+0000] {spark_submit.py:571} INFO - 24/05/17 20:48:22 INFO SparkContext: Added file file:///home/***/.ivy2/jars/org.slf4j_slf4j-api-2.0.7.jar at spark://3e429f118033:45983/files/org.slf4j_slf4j-api-2.0.7.jar with timestamp 1715978890426
[2024-05-17T20:48:22.230+0000] {spark_submit.py:571} INFO - 24/05/17 20:48:22 INFO Utils: Copying /home/***/.ivy2/jars/org.slf4j_slf4j-api-2.0.7.jar to /tmp/spark-a2e3e123-c8b1-4d51-bb36-37bc97ee9faf/userFiles-78bbda47-1c2f-4440-9722-7f1b653136a5/org.slf4j_slf4j-api-2.0.7.jar
[2024-05-17T20:48:22.260+0000] {spark_submit.py:571} INFO - 24/05/17 20:48:22 INFO SparkContext: Added file file:///home/***/.ivy2/jars/org.apache.hadoop_hadoop-client-api-3.3.4.jar at spark://3e429f118033:45983/files/org.apache.hadoop_hadoop-client-api-3.3.4.jar with timestamp 1715978890426
[2024-05-17T20:48:22.260+0000] {spark_submit.py:571} INFO - 24/05/17 20:48:22 INFO Utils: Copying /home/***/.ivy2/jars/org.apache.hadoop_hadoop-client-api-3.3.4.jar to /tmp/spark-a2e3e123-c8b1-4d51-bb36-37bc97ee9faf/userFiles-78bbda47-1c2f-4440-9722-7f1b653136a5/org.apache.hadoop_hadoop-client-api-3.3.4.jar
[2024-05-17T20:48:25.259+0000] {spark_submit.py:571} INFO - 24/05/17 20:48:25 INFO SparkContext: Added file file:///home/***/.ivy2/jars/com.datastax.spark_spark-cassandra-connector-driver_2.12-3.5.0.jar at spark://3e429f118033:45983/files/com.datastax.spark_spark-cassandra-connector-driver_2.12-3.5.0.jar with timestamp 1715978890426
[2024-05-17T20:48:25.263+0000] {spark_submit.py:571} INFO - 24/05/17 20:48:25 INFO Utils: Copying /home/***/.ivy2/jars/com.datastax.spark_spark-cassandra-connector-driver_2.12-3.5.0.jar to /tmp/spark-a2e3e123-c8b1-4d51-bb36-37bc97ee9faf/userFiles-78bbda47-1c2f-4440-9722-7f1b653136a5/com.datastax.spark_spark-cassandra-connector-driver_2.12-3.5.0.jar
[2024-05-17T20:48:25.624+0000] {spark_submit.py:571} INFO - 24/05/17 20:48:25 INFO SparkContext: Added file file:///home/***/.ivy2/jars/org.scala-lang.modules_scala-collection-compat_2.12-2.11.0.jar at spark://3e429f118033:45983/files/org.scala-lang.modules_scala-collection-compat_2.12-2.11.0.jar with timestamp 1715978890426
[2024-05-17T20:48:25.627+0000] {spark_submit.py:571} INFO - 24/05/17 20:48:25 INFO Utils: Copying /home/***/.ivy2/jars/org.scala-lang.modules_scala-collection-compat_2.12-2.11.0.jar to /tmp/spark-a2e3e123-c8b1-4d51-bb36-37bc97ee9faf/userFiles-78bbda47-1c2f-4440-9722-7f1b653136a5/org.scala-lang.modules_scala-collection-compat_2.12-2.11.0.jar
[2024-05-17T20:48:25.739+0000] {spark_submit.py:571} INFO - 24/05/17 20:48:25 INFO SparkContext: Added file file:///home/***/.ivy2/jars/com.datastax.oss_java-driver-core-shaded-4.13.0.jar at spark://3e429f118033:45983/files/com.datastax.oss_java-driver-core-shaded-4.13.0.jar with timestamp 1715978890426
[2024-05-17T20:48:25.745+0000] {spark_submit.py:571} INFO - 24/05/17 20:48:25 INFO Utils: Copying /home/***/.ivy2/jars/com.datastax.oss_java-driver-core-shaded-4.13.0.jar to /tmp/spark-a2e3e123-c8b1-4d51-bb36-37bc97ee9faf/userFiles-78bbda47-1c2f-4440-9722-7f1b653136a5/com.datastax.oss_java-driver-core-shaded-4.13.0.jar
[2024-05-17T20:48:27.977+0000] {spark_submit.py:571} INFO - 24/05/17 20:48:27 INFO SparkContext: Added file file:///home/***/.ivy2/jars/com.datastax.oss_java-driver-mapper-runtime-4.13.0.jar at spark://3e429f118033:45983/files/com.datastax.oss_java-driver-mapper-runtime-4.13.0.jar with timestamp 1715978890426
[2024-05-17T20:48:27.983+0000] {spark_submit.py:571} INFO - 24/05/17 20:48:27 INFO Utils: Copying /home/***/.ivy2/jars/com.datastax.oss_java-driver-mapper-runtime-4.13.0.jar to /tmp/spark-a2e3e123-c8b1-4d51-bb36-37bc97ee9faf/userFiles-78bbda47-1c2f-4440-9722-7f1b653136a5/com.datastax.oss_java-driver-mapper-runtime-4.13.0.jar
[2024-05-17T20:48:28.082+0000] {spark_submit.py:571} INFO - 24/05/17 20:48:28 INFO SparkContext: Added file file:///home/***/.ivy2/jars/org.apache.commons_commons-lang3-3.10.jar at spark://3e429f118033:45983/files/org.apache.commons_commons-lang3-3.10.jar with timestamp 1715978890426
[2024-05-17T20:48:28.083+0000] {spark_submit.py:571} INFO - 24/05/17 20:48:28 INFO Utils: Copying /home/***/.ivy2/jars/org.apache.commons_commons-lang3-3.10.jar to /tmp/spark-a2e3e123-c8b1-4d51-bb36-37bc97ee9faf/userFiles-78bbda47-1c2f-4440-9722-7f1b653136a5/org.apache.commons_commons-lang3-3.10.jar
[2024-05-17T20:48:28.321+0000] {spark_submit.py:571} INFO - 24/05/17 20:48:28 INFO SparkContext: Added file file:///home/***/.ivy2/jars/com.thoughtworks.paranamer_paranamer-2.8.jar at spark://3e429f118033:45983/files/com.thoughtworks.paranamer_paranamer-2.8.jar with timestamp 1715978890426
[2024-05-17T20:48:28.323+0000] {spark_submit.py:571} INFO - 24/05/17 20:48:28 INFO Utils: Copying /home/***/.ivy2/jars/com.thoughtworks.paranamer_paranamer-2.8.jar to /tmp/spark-a2e3e123-c8b1-4d51-bb36-37bc97ee9faf/userFiles-78bbda47-1c2f-4440-9722-7f1b653136a5/com.thoughtworks.paranamer_paranamer-2.8.jar
[2024-05-17T20:48:28.381+0000] {spark_submit.py:571} INFO - 24/05/17 20:48:28 INFO SparkContext: Added file file:///home/***/.ivy2/jars/org.scala-lang_scala-reflect-2.12.11.jar at spark://3e429f118033:45983/files/org.scala-lang_scala-reflect-2.12.11.jar with timestamp 1715978890426
[2024-05-17T20:48:28.382+0000] {spark_submit.py:571} INFO - 24/05/17 20:48:28 INFO Utils: Copying /home/***/.ivy2/jars/org.scala-lang_scala-reflect-2.12.11.jar to /tmp/spark-a2e3e123-c8b1-4d51-bb36-37bc97ee9faf/userFiles-78bbda47-1c2f-4440-9722-7f1b653136a5/org.scala-lang_scala-reflect-2.12.11.jar
[2024-05-17T20:48:29.254+0000] {spark_submit.py:571} INFO - 24/05/17 20:48:29 INFO SparkContext: Added file file:///home/***/.ivy2/jars/com.datastax.oss_native-protocol-1.5.0.jar at spark://3e429f118033:45983/files/com.datastax.oss_native-protocol-1.5.0.jar with timestamp 1715978890426
[2024-05-17T20:48:29.257+0000] {spark_submit.py:571} INFO - 24/05/17 20:48:29 INFO Utils: Copying /home/***/.ivy2/jars/com.datastax.oss_native-protocol-1.5.0.jar to /tmp/spark-a2e3e123-c8b1-4d51-bb36-37bc97ee9faf/userFiles-78bbda47-1c2f-4440-9722-7f1b653136a5/com.datastax.oss_native-protocol-1.5.0.jar
[2024-05-17T20:48:29.332+0000] {spark_submit.py:571} INFO - 24/05/17 20:48:29 INFO SparkContext: Added file file:///home/***/.ivy2/jars/com.datastax.oss_java-driver-shaded-guava-25.1-jre-graal-sub-1.jar at spark://3e429f118033:45983/files/com.datastax.oss_java-driver-shaded-guava-25.1-jre-graal-sub-1.jar with timestamp 1715978890426
[2024-05-17T20:48:29.332+0000] {spark_submit.py:571} INFO - 24/05/17 20:48:29 INFO Utils: Copying /home/***/.ivy2/jars/com.datastax.oss_java-driver-shaded-guava-25.1-jre-graal-sub-1.jar to /tmp/spark-a2e3e123-c8b1-4d51-bb36-37bc97ee9faf/userFiles-78bbda47-1c2f-4440-9722-7f1b653136a5/com.datastax.oss_java-driver-shaded-guava-25.1-jre-graal-sub-1.jar
[2024-05-17T20:48:29.817+0000] {spark_submit.py:571} INFO - 24/05/17 20:48:29 INFO SparkContext: Added file file:///home/***/.ivy2/jars/com.typesafe_config-1.4.1.jar at spark://3e429f118033:45983/files/com.typesafe_config-1.4.1.jar with timestamp 1715978890426
[2024-05-17T20:48:29.818+0000] {spark_submit.py:571} INFO - 24/05/17 20:48:29 INFO Utils: Copying /home/***/.ivy2/jars/com.typesafe_config-1.4.1.jar to /tmp/spark-a2e3e123-c8b1-4d51-bb36-37bc97ee9faf/userFiles-78bbda47-1c2f-4440-9722-7f1b653136a5/com.typesafe_config-1.4.1.jar
[2024-05-17T20:48:29.936+0000] {spark_submit.py:571} INFO - 24/05/17 20:48:29 INFO SparkContext: Added file file:///home/***/.ivy2/jars/io.dropwizard.metrics_metrics-core-4.1.18.jar at spark://3e429f118033:45983/files/io.dropwizard.metrics_metrics-core-4.1.18.jar with timestamp 1715978890426
[2024-05-17T20:48:29.938+0000] {spark_submit.py:571} INFO - 24/05/17 20:48:29 INFO Utils: Copying /home/***/.ivy2/jars/io.dropwizard.metrics_metrics-core-4.1.18.jar to /tmp/spark-a2e3e123-c8b1-4d51-bb36-37bc97ee9faf/userFiles-78bbda47-1c2f-4440-9722-7f1b653136a5/io.dropwizard.metrics_metrics-core-4.1.18.jar
[2024-05-17T20:48:30.012+0000] {spark_submit.py:571} INFO - 24/05/17 20:48:30 INFO SparkContext: Added file file:///home/***/.ivy2/jars/org.hdrhistogram_HdrHistogram-2.1.12.jar at spark://3e429f118033:45983/files/org.hdrhistogram_HdrHistogram-2.1.12.jar with timestamp 1715978890426
[2024-05-17T20:48:30.013+0000] {spark_submit.py:571} INFO - 24/05/17 20:48:30 INFO Utils: Copying /home/***/.ivy2/jars/org.hdrhistogram_HdrHistogram-2.1.12.jar to /tmp/spark-a2e3e123-c8b1-4d51-bb36-37bc97ee9faf/userFiles-78bbda47-1c2f-4440-9722-7f1b653136a5/org.hdrhistogram_HdrHistogram-2.1.12.jar
[2024-05-17T20:48:30.047+0000] {spark_submit.py:571} INFO - 24/05/17 20:48:30 INFO SparkContext: Added file file:///home/***/.ivy2/jars/org.reactivestreams_reactive-streams-1.0.3.jar at spark://3e429f118033:45983/files/org.reactivestreams_reactive-streams-1.0.3.jar with timestamp 1715978890426
[2024-05-17T20:48:30.052+0000] {spark_submit.py:571} INFO - 24/05/17 20:48:30 INFO Utils: Copying /home/***/.ivy2/jars/org.reactivestreams_reactive-streams-1.0.3.jar to /tmp/spark-a2e3e123-c8b1-4d51-bb36-37bc97ee9faf/userFiles-78bbda47-1c2f-4440-9722-7f1b653136a5/org.reactivestreams_reactive-streams-1.0.3.jar
[2024-05-17T20:48:30.087+0000] {spark_submit.py:571} INFO - 24/05/17 20:48:30 INFO SparkContext: Added file file:///home/***/.ivy2/jars/com.github.stephenc.jcip_jcip-annotations-1.0-1.jar at spark://3e429f118033:45983/files/com.github.stephenc.jcip_jcip-annotations-1.0-1.jar with timestamp 1715978890426
[2024-05-17T20:48:30.088+0000] {spark_submit.py:571} INFO - 24/05/17 20:48:30 INFO Utils: Copying /home/***/.ivy2/jars/com.github.stephenc.jcip_jcip-annotations-1.0-1.jar to /tmp/spark-a2e3e123-c8b1-4d51-bb36-37bc97ee9faf/userFiles-78bbda47-1c2f-4440-9722-7f1b653136a5/com.github.stephenc.jcip_jcip-annotations-1.0-1.jar
[2024-05-17T20:48:30.125+0000] {spark_submit.py:571} INFO - 24/05/17 20:48:30 INFO SparkContext: Added file file:///home/***/.ivy2/jars/com.github.spotbugs_spotbugs-annotations-3.1.12.jar at spark://3e429f118033:45983/files/com.github.spotbugs_spotbugs-annotations-3.1.12.jar with timestamp 1715978890426
[2024-05-17T20:48:30.125+0000] {spark_submit.py:571} INFO - 24/05/17 20:48:30 INFO Utils: Copying /home/***/.ivy2/jars/com.github.spotbugs_spotbugs-annotations-3.1.12.jar to /tmp/spark-a2e3e123-c8b1-4d51-bb36-37bc97ee9faf/userFiles-78bbda47-1c2f-4440-9722-7f1b653136a5/com.github.spotbugs_spotbugs-annotations-3.1.12.jar
[2024-05-17T20:48:30.147+0000] {spark_submit.py:571} INFO - 24/05/17 20:48:30 INFO SparkContext: Added file file:///home/***/.ivy2/jars/com.google.code.findbugs_jsr305-3.0.2.jar at spark://3e429f118033:45983/files/com.google.code.findbugs_jsr305-3.0.2.jar with timestamp 1715978890426
[2024-05-17T20:48:30.147+0000] {spark_submit.py:571} INFO - 24/05/17 20:48:30 INFO Utils: Copying /home/***/.ivy2/jars/com.google.code.findbugs_jsr305-3.0.2.jar to /tmp/spark-a2e3e123-c8b1-4d51-bb36-37bc97ee9faf/userFiles-78bbda47-1c2f-4440-9722-7f1b653136a5/com.google.code.findbugs_jsr305-3.0.2.jar
[2024-05-17T20:48:30.170+0000] {spark_submit.py:571} INFO - 24/05/17 20:48:30 INFO SparkContext: Added file file:///home/***/.ivy2/jars/com.datastax.oss_java-driver-query-builder-4.13.0.jar at spark://3e429f118033:45983/files/com.datastax.oss_java-driver-query-builder-4.13.0.jar with timestamp 1715978890426
[2024-05-17T20:48:30.171+0000] {spark_submit.py:571} INFO - 24/05/17 20:48:30 INFO Utils: Copying /home/***/.ivy2/jars/com.datastax.oss_java-driver-query-builder-4.13.0.jar to /tmp/spark-a2e3e123-c8b1-4d51-bb36-37bc97ee9faf/userFiles-78bbda47-1c2f-4440-9722-7f1b653136a5/com.datastax.oss_java-driver-query-builder-4.13.0.jar
[2024-05-17T20:48:31.590+0000] {spark_submit.py:571} INFO - 24/05/17 20:48:31 INFO StandaloneAppClient$ClientEndpoint: Connecting to master spark://spark-master:7077...
[2024-05-17T20:48:32.115+0000] {spark_submit.py:571} INFO - 24/05/17 20:48:32 INFO TransportClientFactory: Successfully created connection to spark-master/172.24.0.4:7077 after 237 ms (0 ms spent in bootstraps)
[2024-05-17T20:48:32.801+0000] {spark_submit.py:571} INFO - 24/05/17 20:48:32 INFO StandaloneSchedulerBackend: Connected to Spark cluster with app ID app-20240517204832-0014
[2024-05-17T20:48:32.851+0000] {spark_submit.py:571} INFO - 24/05/17 20:48:32 INFO Utils: Successfully started service 'org.apache.spark.network.netty.NettyBlockTransferService' on port 36481.
[2024-05-17T20:48:32.852+0000] {spark_submit.py:571} INFO - 24/05/17 20:48:32 INFO NettyBlockTransferService: Server created on 3e429f118033:36481
[2024-05-17T20:48:32.855+0000] {spark_submit.py:571} INFO - 24/05/17 20:48:32 INFO BlockManager: Using org.apache.spark.storage.RandomBlockReplicationPolicy for block replication policy
[2024-05-17T20:48:32.883+0000] {spark_submit.py:571} INFO - 24/05/17 20:48:32 INFO BlockManagerMaster: Registering BlockManager BlockManagerId(driver, 3e429f118033, 36481, None)
[2024-05-17T20:48:32.892+0000] {spark_submit.py:571} INFO - 24/05/17 20:48:32 INFO BlockManagerMasterEndpoint: Registering block manager 3e429f118033:36481 with 434.4 MiB RAM, BlockManagerId(driver, 3e429f118033, 36481, None)
[2024-05-17T20:48:32.897+0000] {spark_submit.py:571} INFO - 24/05/17 20:48:32 INFO BlockManagerMaster: Registered BlockManager BlockManagerId(driver, 3e429f118033, 36481, None)
[2024-05-17T20:48:32.900+0000] {spark_submit.py:571} INFO - 24/05/17 20:48:32 INFO BlockManager: Initialized BlockManager: BlockManagerId(driver, 3e429f118033, 36481, None)
[2024-05-17T20:48:35.378+0000] {spark_submit.py:571} INFO - 24/05/17 20:48:35 INFO StandaloneSchedulerBackend: SchedulerBackend is ready for scheduling beginning after reached minRegisteredResourcesRatio: 0.0
[2024-05-17T20:48:40.250+0000] {spark_submit.py:571} INFO - 24/05/17 20:48:40 INFO SharedState: Setting hive.metastore.warehouse.dir ('null') to the value of spark.sql.warehouse.dir.
[2024-05-17T20:48:40.262+0000] {spark_submit.py:571} INFO - 24/05/17 20:48:40 INFO SharedState: Warehouse path is 'file:/opt/***/spark-warehouse'.
[2024-05-17T20:48:45.573+0000] {spark_submit.py:571} INFO - INFO:py4j.java_gateway:Callback Server Starting
[2024-05-17T20:48:45.587+0000] {spark_submit.py:571} INFO - INFO:py4j.java_gateway:Socket listening on ('127.0.0.1', 34171)
[2024-05-17T20:48:45.682+0000] {spark_submit.py:571} INFO - 24/05/17 20:48:45 INFO StateStoreCoordinatorRef: Registered StateStoreCoordinator endpoint
[2024-05-17T20:48:45.858+0000] {spark_submit.py:571} INFO - 24/05/17 20:48:45 WARN ResolveWriteToStream: Temporary checkpoint location created which is deleted normally when the query didn't fail: /tmp/temporary-8fd34131-4f03-41c8-ab95-cb312b332f8f. If it's required to delete it under any circumstances, please set spark.sql.streaming.forceDeleteTempCheckpointLocation to true. Important to know deleting temp checkpoint folder is best effort.
[2024-05-17T20:48:46.025+0000] {spark_submit.py:571} INFO - 24/05/17 20:48:46 INFO ResolveWriteToStream: Checkpoint root file:///tmp/temporary-8fd34131-4f03-41c8-ab95-cb312b332f8f resolved to file:/tmp/temporary-8fd34131-4f03-41c8-ab95-cb312b332f8f.
[2024-05-17T20:48:46.026+0000] {spark_submit.py:571} INFO - 24/05/17 20:48:46 WARN ResolveWriteToStream: spark.sql.adaptive.enabled is not supported in streaming DataFrames/Datasets and will be disabled.
[2024-05-17T20:48:46.269+0000] {spark_submit.py:571} INFO - 24/05/17 20:48:46 INFO CheckpointFileManager: Writing atomically to file:/tmp/temporary-8fd34131-4f03-41c8-ab95-cb312b332f8f/metadata using temp file file:/tmp/temporary-8fd34131-4f03-41c8-ab95-cb312b332f8f/.metadata.e6a265b7-3ea4-4d25-af79-9fe33a2c1a87.tmp
[2024-05-17T20:48:46.558+0000] {spark_submit.py:571} INFO - 24/05/17 20:48:46 INFO CheckpointFileManager: Renamed temp file file:/tmp/temporary-8fd34131-4f03-41c8-ab95-cb312b332f8f/.metadata.e6a265b7-3ea4-4d25-af79-9fe33a2c1a87.tmp to file:/tmp/temporary-8fd34131-4f03-41c8-ab95-cb312b332f8f/metadata
[2024-05-17T20:48:46.635+0000] {spark_submit.py:571} INFO - 24/05/17 20:48:46 INFO MicroBatchExecution: Starting [id = 6f57c74e-693d-4488-894b-90f657dac13d, runId = 9190b8d2-9ed1-412d-9547-83101f3ac1ff]. Use file:/tmp/temporary-8fd34131-4f03-41c8-ab95-cb312b332f8f to store the query checkpoint.
[2024-05-17T20:48:46.660+0000] {spark_submit.py:571} INFO - 24/05/17 20:48:46 INFO MicroBatchExecution: Reading table [org.apache.spark.sql.kafka010.KafkaSourceProvider$KafkaTable@5c029db9] from DataSourceV2 named 'kafka' [org.apache.spark.sql.kafka010.KafkaSourceProvider@38db562e]
[2024-05-17T20:48:46.720+0000] {spark_submit.py:571} INFO - 24/05/17 20:48:46 INFO OffsetSeqLog: BatchIds found from listing:
[2024-05-17T20:48:46.722+0000] {spark_submit.py:571} INFO - 24/05/17 20:48:46 INFO OffsetSeqLog: BatchIds found from listing:
[2024-05-17T20:48:46.724+0000] {spark_submit.py:571} INFO - 24/05/17 20:48:46 INFO MicroBatchExecution: Starting new streaming query.
[2024-05-17T20:48:46.727+0000] {spark_submit.py:571} INFO - 24/05/17 20:48:46 INFO MicroBatchExecution: Stream started from {}
[2024-05-17T20:48:47.261+0000] {spark_submit.py:571} INFO - 24/05/17 20:48:47 INFO AdminClientConfig: AdminClientConfig values:
[2024-05-17T20:48:47.262+0000] {spark_submit.py:571} INFO - auto.include.jmx.reporter = true
[2024-05-17T20:48:47.262+0000] {spark_submit.py:571} INFO - bootstrap.servers = [kafka:9092]
[2024-05-17T20:48:47.263+0000] {spark_submit.py:571} INFO - client.dns.lookup = use_all_dns_ips
[2024-05-17T20:48:47.263+0000] {spark_submit.py:571} INFO - client.id =
[2024-05-17T20:48:47.264+0000] {spark_submit.py:571} INFO - connections.max.idle.ms = 300000
[2024-05-17T20:48:47.264+0000] {spark_submit.py:571} INFO - default.api.timeout.ms = 60000
[2024-05-17T20:48:47.264+0000] {spark_submit.py:571} INFO - metadata.max.age.ms = 300000
[2024-05-17T20:48:47.264+0000] {spark_submit.py:571} INFO - metric.reporters = []
[2024-05-17T20:48:47.264+0000] {spark_submit.py:571} INFO - metrics.num.samples = 2
[2024-05-17T20:48:47.264+0000] {spark_submit.py:571} INFO - metrics.recording.level = INFO
[2024-05-17T20:48:47.264+0000] {spark_submit.py:571} INFO - metrics.sample.window.ms = 30000
[2024-05-17T20:48:47.265+0000] {spark_submit.py:571} INFO - receive.buffer.bytes = 65536
[2024-05-17T20:48:47.265+0000] {spark_submit.py:571} INFO - reconnect.backoff.max.ms = 1000
[2024-05-17T20:48:47.265+0000] {spark_submit.py:571} INFO - reconnect.backoff.ms = 50
[2024-05-17T20:48:47.265+0000] {spark_submit.py:571} INFO - request.timeout.ms = 30000
[2024-05-17T20:48:47.265+0000] {spark_submit.py:571} INFO - retries = 2147483647
[2024-05-17T20:48:47.265+0000] {spark_submit.py:571} INFO - retry.backoff.ms = 100
[2024-05-17T20:48:47.265+0000] {spark_submit.py:571} INFO - sasl.client.callback.handler.class = null
[2024-05-17T20:48:47.265+0000] {spark_submit.py:571} INFO - sasl.jaas.config = null
[2024-05-17T20:48:47.266+0000] {spark_submit.py:571} INFO - sasl.kerberos.kinit.cmd = /usr/bin/kinit
[2024-05-17T20:48:47.266+0000] {spark_submit.py:571} INFO - sasl.kerberos.min.time.before.relogin = 60000
[2024-05-17T20:48:47.266+0000] {spark_submit.py:571} INFO - sasl.kerberos.service.name = null
[2024-05-17T20:48:47.266+0000] {spark_submit.py:571} INFO - sasl.kerberos.ticket.renew.jitter = 0.05
[2024-05-17T20:48:47.266+0000] {spark_submit.py:571} INFO - sasl.kerberos.ticket.renew.window.factor = 0.8
[2024-05-17T20:48:47.266+0000] {spark_submit.py:571} INFO - sasl.login.callback.handler.class = null
[2024-05-17T20:48:47.266+0000] {spark_submit.py:571} INFO - sasl.login.class = null
[2024-05-17T20:48:47.266+0000] {spark_submit.py:571} INFO - sasl.login.connect.timeout.ms = null
[2024-05-17T20:48:47.266+0000] {spark_submit.py:571} INFO - sasl.login.read.timeout.ms = null
[2024-05-17T20:48:47.267+0000] {spark_submit.py:571} INFO - sasl.login.refresh.buffer.seconds = 300
[2024-05-17T20:48:47.267+0000] {spark_submit.py:571} INFO - sasl.login.refresh.min.period.seconds = 60
[2024-05-17T20:48:47.267+0000] {spark_submit.py:571} INFO - sasl.login.refresh.window.factor = 0.8
[2024-05-17T20:48:47.267+0000] {spark_submit.py:571} INFO - sasl.login.refresh.window.jitter = 0.05
[2024-05-17T20:48:47.267+0000] {spark_submit.py:571} INFO - sasl.login.retry.backoff.max.ms = 10000
[2024-05-17T20:48:47.267+0000] {spark_submit.py:571} INFO - sasl.login.retry.backoff.ms = 100
[2024-05-17T20:48:47.267+0000] {spark_submit.py:571} INFO - sasl.mechanism = GSSAPI
[2024-05-17T20:48:47.267+0000] {spark_submit.py:571} INFO - sasl.oauthbearer.clock.skew.seconds = 30
[2024-05-17T20:48:47.268+0000] {spark_submit.py:571} INFO - sasl.oauthbearer.expected.audience = null
[2024-05-17T20:48:47.268+0000] {spark_submit.py:571} INFO - sasl.oauthbearer.expected.issuer = null
[2024-05-17T20:48:47.268+0000] {spark_submit.py:571} INFO - sasl.oauthbearer.jwks.endpoint.refresh.ms = 3600000
[2024-05-17T20:48:47.268+0000] {spark_submit.py:571} INFO - sasl.oauthbearer.jwks.endpoint.retry.backoff.max.ms = 10000
[2024-05-17T20:48:47.268+0000] {spark_submit.py:571} INFO - sasl.oauthbearer.jwks.endpoint.retry.backoff.ms = 100
[2024-05-17T20:48:47.268+0000] {spark_submit.py:571} INFO - sasl.oauthbearer.jwks.endpoint.url = null
[2024-05-17T20:48:47.268+0000] {spark_submit.py:571} INFO - sasl.oauthbearer.scope.claim.name = scope
[2024-05-17T20:48:47.268+0000] {spark_submit.py:571} INFO - sasl.oauthbearer.sub.claim.name = sub
[2024-05-17T20:48:47.269+0000] {spark_submit.py:571} INFO - sasl.oauthbearer.token.endpoint.url = null
[2024-05-17T20:48:47.269+0000] {spark_submit.py:571} INFO - security.protocol = PLAINTEXT
[2024-05-17T20:48:47.269+0000] {spark_submit.py:571} INFO - security.providers = null
[2024-05-17T20:48:47.269+0000] {spark_submit.py:571} INFO - send.buffer.bytes = 131072
[2024-05-17T20:48:47.269+0000] {spark_submit.py:571} INFO - socket.connection.setup.timeout.max.ms = 30000
[2024-05-17T20:48:47.269+0000] {spark_submit.py:571} INFO - socket.connection.setup.timeout.ms = 10000
[2024-05-17T20:48:47.269+0000] {spark_submit.py:571} INFO - ssl.cipher.suites = null
[2024-05-17T20:48:47.270+0000] {spark_submit.py:571} INFO - ssl.enabled.protocols = [TLSv1.2, TLSv1.3]
[2024-05-17T20:48:47.270+0000] {spark_submit.py:571} INFO - ssl.endpoint.identification.algorithm = https
[2024-05-17T20:48:47.270+0000] {spark_submit.py:571} INFO - ssl.engine.factory.class = null
[2024-05-17T20:48:47.270+0000] {spark_submit.py:571} INFO - ssl.key.password = null
[2024-05-17T20:48:47.270+0000] {spark_submit.py:571} INFO - ssl.keymanager.algorithm = SunX509
[2024-05-17T20:48:47.270+0000] {spark_submit.py:571} INFO - ssl.keystore.certificate.chain = null
[2024-05-17T20:48:47.270+0000] {spark_submit.py:571} INFO - ssl.keystore.key = null
[2024-05-17T20:48:47.270+0000] {spark_submit.py:571} INFO - ssl.keystore.location = null
[2024-05-17T20:48:47.271+0000] {spark_submit.py:571} INFO - ssl.keystore.password = null
[2024-05-17T20:48:47.271+0000] {spark_submit.py:571} INFO - ssl.keystore.type = JKS
[2024-05-17T20:48:47.271+0000] {spark_submit.py:571} INFO - ssl.protocol = TLSv1.3
[2024-05-17T20:48:47.271+0000] {spark_submit.py:571} INFO - ssl.provider = null
[2024-05-17T20:48:47.271+0000] {spark_submit.py:571} INFO - ssl.secure.random.implementation = null
[2024-05-17T20:48:47.271+0000] {spark_submit.py:571} INFO - ssl.trustmanager.algorithm = PKIX
[2024-05-17T20:48:47.271+0000] {spark_submit.py:571} INFO - ssl.truststore.certificates = null
[2024-05-17T20:48:47.271+0000] {spark_submit.py:571} INFO - ssl.truststore.location = null
[2024-05-17T20:48:47.272+0000] {spark_submit.py:571} INFO - ssl.truststore.password = null
[2024-05-17T20:48:47.272+0000] {spark_submit.py:571} INFO - ssl.truststore.type = JKS
[2024-05-17T20:48:47.272+0000] {spark_submit.py:571} INFO - 
[2024-05-17T20:48:47.782+0000] {spark_submit.py:571} INFO - 24/05/17 20:48:47 WARN AdminClientConfig: These configurations '[key.deserializer, value.deserializer, enable.auto.commit, max.poll.records, auto.offset.reset]' were supplied but are not used yet.
[2024-05-17T20:48:47.789+0000] {spark_submit.py:571} INFO - 24/05/17 20:48:47 INFO AppInfoParser: Kafka version: 3.4.1
[2024-05-17T20:48:47.790+0000] {spark_submit.py:571} INFO - 24/05/17 20:48:47 INFO AppInfoParser: Kafka commitId: 8a516edc2755df89
[2024-05-17T20:48:47.790+0000] {spark_submit.py:571} INFO - 24/05/17 20:48:47 INFO AppInfoParser: Kafka startTimeMs: 1715978927781
[2024-05-17T20:48:48.706+0000] {spark_submit.py:571} INFO - 24/05/17 20:48:48 INFO CheckpointFileManager: Writing atomically to file:/tmp/temporary-8fd34131-4f03-41c8-ab95-cb312b332f8f/sources/0/0 using temp file file:/tmp/temporary-8fd34131-4f03-41c8-ab95-cb312b332f8f/sources/0/.0.3ef1b1ea-bdfd-4bf3-bad5-1260b72377fc.tmp
[2024-05-17T20:48:48.753+0000] {spark_submit.py:571} INFO - 24/05/17 20:48:48 INFO CheckpointFileManager: Renamed temp file file:/tmp/temporary-8fd34131-4f03-41c8-ab95-cb312b332f8f/sources/0/.0.3ef1b1ea-bdfd-4bf3-bad5-1260b72377fc.tmp to file:/tmp/temporary-8fd34131-4f03-41c8-ab95-cb312b332f8f/sources/0/0
[2024-05-17T20:48:48.755+0000] {spark_submit.py:571} INFO - 24/05/17 20:48:48 INFO KafkaMicroBatchStream: Initial offsets: {"redfin_properties":{"0":0}}
[2024-05-17T20:48:48.782+0000] {spark_submit.py:571} INFO - 24/05/17 20:48:48 INFO CheckpointFileManager: Writing atomically to file:/tmp/temporary-8fd34131-4f03-41c8-ab95-cb312b332f8f/offsets/0 using temp file file:/tmp/temporary-8fd34131-4f03-41c8-ab95-cb312b332f8f/offsets/.0.536a45c5-c783-43c2-9488-75997dce0c76.tmp
[2024-05-17T20:48:48.826+0000] {spark_submit.py:571} INFO - 24/05/17 20:48:48 INFO CheckpointFileManager: Renamed temp file file:/tmp/temporary-8fd34131-4f03-41c8-ab95-cb312b332f8f/offsets/.0.536a45c5-c783-43c2-9488-75997dce0c76.tmp to file:/tmp/temporary-8fd34131-4f03-41c8-ab95-cb312b332f8f/offsets/0
[2024-05-17T20:48:48.829+0000] {spark_submit.py:571} INFO - 24/05/17 20:48:48 INFO MicroBatchExecution: Committed offsets for batch 0. Metadata OffsetSeqMetadata(0,1715978928768,Map(spark.sql.streaming.stateStore.providerClass -> org.apache.spark.sql.execution.streaming.state.HDFSBackedStateStoreProvider, spark.sql.streaming.join.stateFormatVersion -> 2, spark.sql.streaming.stateStore.compression.codec -> lz4, spark.sql.streaming.stateStore.rocksdb.formatVersion -> 5, spark.sql.streaming.statefulOperator.useStrictDistribution -> true, spark.sql.streaming.flatMapGroupsWithState.stateFormatVersion -> 2, spark.sql.streaming.multipleWatermarkPolicy -> min, spark.sql.streaming.aggregation.stateFormatVersion -> 2, spark.sql.shuffle.partitions -> 200))
[2024-05-17T20:48:51.501+0000] {spark_submit.py:571} INFO - 24/05/17 20:48:51 INFO KafkaOffsetReaderAdmin: Partitions added: Map()
[2024-05-17T20:48:51.823+0000] {spark_submit.py:571} INFO - 24/05/17 20:48:51 INFO KafkaOffsetReaderAdmin: Partitions added: Map()
[2024-05-17T20:48:52.166+0000] {spark_submit.py:571} INFO - 24/05/17 20:48:52 INFO KafkaOffsetReaderAdmin: Partitions added: Map()
[2024-05-17T20:48:52.167+0000] {spark_submit.py:571} INFO - 24/05/17 20:48:52 INFO KafkaOffsetReaderAdmin: Partitions added: Map()
[2024-05-17T20:48:53.986+0000] {spark_submit.py:571} INFO - 24/05/17 20:48:53 INFO CodeGenerator: Code generated in 1203.739751 ms
[2024-05-17T20:48:54.205+0000] {spark_submit.py:571} INFO - INFO:py4j.clientserver:Python Server ready to receive messages
[2024-05-17T20:48:54.206+0000] {spark_submit.py:571} INFO - INFO:py4j.clientserver:Received command c on object id p0
[2024-05-17T20:48:54.423+0000] {spark_submit.py:571} INFO - 24/05/17 20:48:54 INFO CodeGenerator: Code generated in 132.538834 ms
[2024-05-17T20:48:54.760+0000] {spark_submit.py:571} INFO - 24/05/17 20:48:54 INFO SparkContext: Starting job: call at /home/***/.local/lib/python3.11/site-packages/pyspark/python/lib/py4j-0.10.9.7-src.zip/py4j/clientserver.py:617
[2024-05-17T20:48:54.790+0000] {spark_submit.py:571} INFO - 24/05/17 20:48:54 INFO DAGScheduler: Got job 0 (call at /home/***/.local/lib/python3.11/site-packages/pyspark/python/lib/py4j-0.10.9.7-src.zip/py4j/clientserver.py:617) with 1 output partitions
[2024-05-17T20:48:54.792+0000] {spark_submit.py:571} INFO - 24/05/17 20:48:54 INFO DAGScheduler: Final stage: ResultStage 0 (call at /home/***/.local/lib/python3.11/site-packages/pyspark/python/lib/py4j-0.10.9.7-src.zip/py4j/clientserver.py:617)
[2024-05-17T20:48:54.792+0000] {spark_submit.py:571} INFO - 24/05/17 20:48:54 INFO DAGScheduler: Parents of final stage: List()
[2024-05-17T20:48:54.795+0000] {spark_submit.py:571} INFO - 24/05/17 20:48:54 INFO DAGScheduler: Missing parents: List()
[2024-05-17T20:48:54.807+0000] {spark_submit.py:571} INFO - 24/05/17 20:48:54 INFO DAGScheduler: Submitting ResultStage 0 (PythonRDD[9] at call at /home/***/.local/lib/python3.11/site-packages/pyspark/python/lib/py4j-0.10.9.7-src.zip/py4j/clientserver.py:617), which has no missing parents
[2024-05-17T20:48:54.925+0000] {spark_submit.py:571} INFO - 24/05/17 20:48:54 INFO MemoryStore: Block broadcast_0 stored as values in memory (estimated size 69.8 KiB, free 434.3 MiB)
[2024-05-17T20:48:55.065+0000] {spark_submit.py:571} INFO - 24/05/17 20:48:55 INFO MemoryStore: Block broadcast_0_piece0 stored as bytes in memory (estimated size 25.5 KiB, free 434.3 MiB)
[2024-05-17T20:48:55.068+0000] {spark_submit.py:571} INFO - 24/05/17 20:48:55 INFO BlockManagerInfo: Added broadcast_0_piece0 in memory on 3e429f118033:36481 (size: 25.5 KiB, free: 434.4 MiB)
[2024-05-17T20:48:55.072+0000] {spark_submit.py:571} INFO - 24/05/17 20:48:55 INFO SparkContext: Created broadcast 0 from broadcast at DAGScheduler.scala:1585
[2024-05-17T20:48:55.088+0000] {spark_submit.py:571} INFO - 24/05/17 20:48:55 INFO DAGScheduler: Submitting 1 missing tasks from ResultStage 0 (PythonRDD[9] at call at /home/***/.local/lib/python3.11/site-packages/pyspark/python/lib/py4j-0.10.9.7-src.zip/py4j/clientserver.py:617) (first 15 tasks are for partitions Vector(0))
[2024-05-17T20:48:55.090+0000] {spark_submit.py:571} INFO - 24/05/17 20:48:55 INFO TaskSchedulerImpl: Adding task set 0.0 with 1 tasks resource profile 0
[2024-05-17T20:49:10.186+0000] {spark_submit.py:571} INFO - 24/05/17 20:49:10 WARN TaskSchedulerImpl: Initial job has not accepted any resources; check your cluster UI to ensure that workers are registered and have sufficient resources
[2024-05-17T20:49:25.134+0000] {spark_submit.py:571} INFO - 24/05/17 20:49:25 WARN TaskSchedulerImpl: Initial job has not accepted any resources; check your cluster UI to ensure that workers are registered and have sufficient resources
[2024-05-17T20:49:40.138+0000] {spark_submit.py:571} INFO - 24/05/17 20:49:40 WARN TaskSchedulerImpl: Initial job has not accepted any resources; check your cluster UI to ensure that workers are registered and have sufficient resources
[2024-05-17T20:49:55.138+0000] {spark_submit.py:571} INFO - 24/05/17 20:49:55 WARN TaskSchedulerImpl: Initial job has not accepted any resources; check your cluster UI to ensure that workers are registered and have sufficient resources
[2024-05-17T20:50:07.360+0000] {local_task_job_runner.py:310} WARNING - State of this instance has been externally set to failed. Terminating instance.
[2024-05-17T20:50:07.385+0000] {local_task_job_runner.py:222} INFO - ::endgroup::
[2024-05-17T20:50:07.391+0000] {process_utils.py:132} INFO - Sending 15 to group 9561. PIDs of all processes in the group: [9562, 9629, 9561]
[2024-05-17T20:50:07.392+0000] {process_utils.py:87} INFO - Sending the signal 15 to group 9561
[2024-05-17T20:50:07.413+0000] {taskinstance.py:2611} ERROR - Received SIGTERM. Terminating subprocesses.
[2024-05-17T20:50:07.423+0000] {spark_submit.py:697} INFO - Sending kill signal to spark-submit
[2024-05-17T20:50:07.428+0000] {taskinstance.py:441} INFO - ::group::Post task execution logs
[2024-05-17T20:50:07.495+0000] {process_utils.py:80} INFO - Process psutil.Process(pid=9629, status='terminated', started='20:48:04') (9629) terminated with exit code None
[2024-05-17T20:50:07.844+0000] {process_utils.py:80} INFO - Process psutil.Process(pid=9562, status='terminated', started='20:47:52') (9562) terminated with exit code None
[2024-05-17T20:50:07.845+0000] {process_utils.py:80} INFO - Process psutil.Process(pid=9561, status='terminated', exitcode=0, started='20:47:51') (9561) terminated with exit code 0
