[2024-05-15T14:37:19.700+0000] {local_task_job_runner.py:120} INFO - ::group::Pre task execution logs
[2024-05-15T14:37:19.715+0000] {taskinstance.py:2076} INFO - Dependencies all met for dep_context=non-requeueable deps ti=<TaskInstance: Webscrape.Ingest_Data manual__2024-05-15T14:37:16.911887+00:00 [queued]>
[2024-05-15T14:37:19.719+0000] {taskinstance.py:2076} INFO - Dependencies all met for dep_context=requeueable deps ti=<TaskInstance: Webscrape.Ingest_Data manual__2024-05-15T14:37:16.911887+00:00 [queued]>
[2024-05-15T14:37:19.719+0000] {taskinstance.py:2306} INFO - Starting attempt 1 of 6
[2024-05-15T14:37:19.727+0000] {taskinstance.py:2330} INFO - Executing <Task(PythonOperator): Ingest_Data> on 2024-05-15 14:37:16.911887+00:00
[2024-05-15T14:37:19.746+0000] {logging_mixin.py:188} WARNING - /home/***/.local/lib/python3.12/site-packages/***/task/task_runner/standard_task_runner.py:61 DeprecationWarning: This process (pid=230) is multi-threaded, use of fork() may lead to deadlocks in the child.
[2024-05-15T14:37:19.745+0000] {standard_task_runner.py:90} INFO - Running: ['***', 'tasks', 'run', 'Webscrape', 'Ingest_Data', 'manual__2024-05-15T14:37:16.911887+00:00', '--job-id', '104', '--raw', '--subdir', 'DAGS_FOLDER/webscrapping.py', '--cfg-path', '/tmp/tmp3e2q2m3s']
[2024-05-15T14:37:19.747+0000] {standard_task_runner.py:63} INFO - Started process 231 to run task
[2024-05-15T14:37:19.747+0000] {standard_task_runner.py:91} INFO - Job 104: Subtask Ingest_Data
[2024-05-15T14:37:19.783+0000] {task_command.py:426} INFO - Running <TaskInstance: Webscrape.Ingest_Data manual__2024-05-15T14:37:16.911887+00:00 [running]> on host 56675aac5a2b
[2024-05-15T14:37:19.825+0000] {taskinstance.py:2648} INFO - Exporting env vars: AIRFLOW_CTX_DAG_OWNER='svc' AIRFLOW_CTX_DAG_ID='Webscrape' AIRFLOW_CTX_TASK_ID='Ingest_Data' AIRFLOW_CTX_EXECUTION_DATE='2024-05-15T14:37:16.911887+00:00' AIRFLOW_CTX_TRY_NUMBER='1' AIRFLOW_CTX_DAG_RUN_ID='manual__2024-05-15T14:37:16.911887+00:00'
[2024-05-15T14:37:19.826+0000] {taskinstance.py:430} INFO - ::endgroup::
[2024-05-15T14:37:19.838+0000] {conn.py:362} INFO - <BrokerConnection node_id=bootstrap-0 host=kafka:9092 <connecting> [IPv4 ('172.27.0.5', 9092)]>: connecting to kafka:9092 [('172.27.0.5', 9092) IPv4]
[2024-05-15T14:37:19.839+0000] {conn.py:957} INFO - Probing node bootstrap-0 broker version
[2024-05-15T14:37:19.839+0000] {conn.py:393} INFO - <BrokerConnection node_id=bootstrap-0 host=kafka:9092 <connecting> [IPv4 ('172.27.0.5', 9092)]>: Connection complete.
[2024-05-15T14:37:19.946+0000] {conn.py:1019} INFO - Broker version identified as 2.6.0
[2024-05-15T14:37:19.947+0000] {conn.py:1020} INFO - Set configuration api_version=(2, 6, 0) to skip auto check_version requests on startup
[2024-05-15T14:37:20.167+0000] {logging_mixin.py:188} INFO - Connecting to Scraping Browser...
[2024-05-15T14:37:21.404+0000] {logging_mixin.py:188} INFO - Connected! Navigating to https://www.redfin.com...
[2024-05-15T14:37:32.273+0000] {logging_mixin.py:188} INFO - Searching...
[2024-05-15T14:37:37.299+0000] {logging_mixin.py:188} INFO - --------
[2024-05-15T14:37:37.300+0000] {logging_mixin.py:188} INFO - 1
[2024-05-15T14:37:37.301+0000] {logging_mixin.py:188} INFO - Navigating to Listing page: https://www.redfin.com/NC/Charlotte/2739-Grand-Union-Way-28209/home/148598761
[2024-05-15T14:37:57.499+0000] {logging_mixin.py:188} INFO - Extracting Pictures
[2024-05-15T14:38:01.580+0000] {logging_mixin.py:188} INFO - Extracting Key Details
[2024-05-15T14:38:02.973+0000] {logging_mixin.py:188} INFO - Extracting Listing Agent Details
[2024-05-15T14:38:04.129+0000] {logging_mixin.py:188} INFO - Extracting Redfin Agent Details
[2024-05-15T14:38:04.923+0000] {logging_mixin.py:188} INFO - Extracting Property Details
[2024-05-15T14:38:07.200+0000] {logging_mixin.py:188} INFO - {
  "address": "2739 Grand Union Way Charlotte NC 28209",
  "price": "649900",
  "beds": "3",
  "baths": "3.5",
  "link": "https://www.redfin.com/NC/Charlotte/2739-Grand-Union-Way-28209/home/148598761",
  "photos": [
    "https://ssl.cdn-redfin.com/system_files/media/919615_JPG/item_22.jpg",
    "https://ssl.cdn-redfin.com/system_files/media/919615_JPG/genLdpUgcMediaBrowserUrl/item_38.jpg",
    "https://my.matterport.com/api/v2/player/models/cVZCU4kuhtR/thumb",
    "https://ssl.cdn-redfin.com/system_files/media/919615_JPG/genLdpUgcMediaBrowserUrl/item_30.jpg",
    "https://ssl.cdn-redfin.com/system_files/media/919615_JPG/genLdpUgcMediaBrowserUrl/item_45.jpg",
    "https://ssl.cdn-redfin.com/system_files/media/919615_JPG/item_46.jpg",
    "https://ssl.cdn-redfin.com/system_files/media/919615_JPG/item_1.jpg",
    "https://ssl.cdn-redfin.com/system_files/media/919615_JPG/item_5.jpg",
    "https://ssl.cdn-redfin.com/system_files/media/919615_JPG/item_10.jpg",
    "https://ssl.cdn-redfin.com/system_files/media/919615_JPG/item_18.jpg"
  ],
  "hoa_fee": "262",
  "buyers_agent_fee": "2",
  "listing_agent_name": "Jill Moyer",
  "listing_agent_contact": "jill.moyer@redfin.com",
  "redfin_agent_name": "Stephen Passarelli",
  "finished_sqft": "",
  "unfinished_sqft": "",
  "total_sqft": "",
  "stories": "4",
  "style": "Townhouse",
  "year_built": "2019",
  "year_renovated": "",
  "county": "Mecklenburg County",
  "APN": "14901360"
}
[2024-05-15T14:38:07.202+0000] {logging_mixin.py:188} INFO - Sending Data to Kafka
[2024-05-15T14:38:07.261+0000] {conn.py:362} INFO - <BrokerConnection node_id=1 host=kafka:9092 <connecting> [IPv4 ('172.27.0.5', 9092)]>: connecting to kafka:9092 [('172.27.0.5', 9092) IPv4]
[2024-05-15T14:38:07.265+0000] {conn.py:393} INFO - <BrokerConnection node_id=1 host=kafka:9092 <connecting> [IPv4 ('172.27.0.5', 9092)]>: Connection complete.
[2024-05-15T14:38:07.266+0000] {conn.py:673} INFO - <BrokerConnection node_id=bootstrap-0 host=kafka:9092 <connected> [IPv4 ('172.27.0.5', 9092)]>: Closing connection. 
[2024-05-15T14:38:07.465+0000] {logging_mixin.py:188} INFO - --------
[2024-05-15T14:38:07.465+0000] {logging_mixin.py:188} INFO - 2
[2024-05-15T14:38:07.467+0000] {logging_mixin.py:188} INFO - Navigating to Listing page: https://www.redfin.com/NC/Charlotte/4117-Duplin-Dr-28214/home/185574517
[2024-05-15T14:38:36.166+0000] {logging_mixin.py:188} INFO - Extracting Pictures
[2024-05-15T14:38:41.772+0000] {local_task_job_runner.py:310} WARNING - State of this instance has been externally set to failed. Terminating instance.
[2024-05-15T14:38:41.802+0000] {local_task_job_runner.py:222} INFO - ::endgroup::
[2024-05-15T14:38:41.810+0000] {process_utils.py:132} INFO - Sending 15 to group 231. PIDs of all processes in the group: [233, 231]
[2024-05-15T14:38:41.812+0000] {process_utils.py:87} INFO - Sending the signal 15 to group 231
[2024-05-15T14:38:41.814+0000] {taskinstance.py:2611} ERROR - Received SIGTERM. Terminating subprocesses.
[2024-05-15T14:38:41.914+0000] {process_utils.py:80} INFO - Process psutil.Process(pid=233, status='terminated', started='14:37:19') (233) terminated with exit code None
[2024-05-15T14:39:41.845+0000] {process_utils.py:150} WARNING - process psutil.Process(pid=231, name='airflow task ru', status='sleeping', started='14:37:19') did not respond to SIGTERM. Trying SIGKILL
[2024-05-15T14:39:41.883+0000] {process_utils.py:87} INFO - Sending the signal 9 to group 231
[2024-05-15T14:39:41.947+0000] {process_utils.py:80} INFO - Process psutil.Process(pid=231, name='airflow task ru', status='terminated', exitcode=<Negsignal.SIGKILL: -9>, started='14:37:19') (231) terminated with exit code -9
[2024-05-15T14:39:41.950+0000] {standard_task_runner.py:178} ERROR - Job 104 was killed before it finished (likely due to running out of memory)
