[2024-05-21T00:12:55.041+0000] {local_task_job_runner.py:120} INFO - ::group::Pre task execution logs
[2024-05-21T00:12:55.077+0000] {taskinstance.py:2076} INFO - Dependencies all met for dep_context=non-requeueable deps ti=<TaskInstance: Redfin_Webscraping_ETL.Ingest_Data_from_Redfin scheduled__2024-05-20T00:00:00+00:00 [queued]>
[2024-05-21T00:12:55.084+0000] {taskinstance.py:2076} INFO - Dependencies all met for dep_context=requeueable deps ti=<TaskInstance: Redfin_Webscraping_ETL.Ingest_Data_from_Redfin scheduled__2024-05-20T00:00:00+00:00 [queued]>
[2024-05-21T00:12:55.088+0000] {taskinstance.py:2306} INFO - Starting attempt 1 of 6
[2024-05-21T00:12:55.097+0000] {taskinstance.py:2330} INFO - Executing <Task(PythonOperator): Ingest_Data_from_Redfin> on 2024-05-20 00:00:00+00:00
[2024-05-21T00:12:55.114+0000] {standard_task_runner.py:63} INFO - Started process 6039 to run task
[2024-05-21T00:12:55.117+0000] {standard_task_runner.py:90} INFO - Running: ['***', 'tasks', 'run', 'Redfin_Webscraping_ETL', 'Ingest_Data_from_Redfin', 'scheduled__2024-05-20T00:00:00+00:00', '--job-id', '475', '--raw', '--subdir', 'DAGS_FOLDER/webscrapping.py', '--cfg-path', '/tmp/tmpux4lnesd']
[2024-05-21T00:12:55.119+0000] {standard_task_runner.py:91} INFO - Job 475: Subtask Ingest_Data_from_Redfin
[2024-05-21T00:12:55.147+0000] {task_command.py:426} INFO - Running <TaskInstance: Redfin_Webscraping_ETL.Ingest_Data_from_Redfin scheduled__2024-05-20T00:00:00+00:00 [running]> on host f39758f400c5
[2024-05-21T00:12:55.194+0000] {taskinstance.py:2648} INFO - Exporting env vars: AIRFLOW_CTX_DAG_OWNER='svc' AIRFLOW_CTX_DAG_ID='Redfin_Webscraping_ETL' AIRFLOW_CTX_TASK_ID='Ingest_Data_from_Redfin' AIRFLOW_CTX_EXECUTION_DATE='2024-05-20T00:00:00+00:00' AIRFLOW_CTX_TRY_NUMBER='1' AIRFLOW_CTX_DAG_RUN_ID='scheduled__2024-05-20T00:00:00+00:00'
[2024-05-21T00:12:55.195+0000] {taskinstance.py:430} INFO - ::endgroup::
[2024-05-21T00:12:55.210+0000] {conn.py:362} INFO - <BrokerConnection node_id=bootstrap-0 host=kafka:9092 <connecting> [IPv4 ('172.25.0.6', 9092)]>: connecting to kafka:9092 [('172.25.0.6', 9092) IPv4]
[2024-05-21T00:12:55.211+0000] {conn.py:957} INFO - Probing node bootstrap-0 broker version
[2024-05-21T00:12:55.212+0000] {conn.py:393} INFO - <BrokerConnection node_id=bootstrap-0 host=kafka:9092 <connecting> [IPv4 ('172.25.0.6', 9092)]>: Connection complete.
[2024-05-21T00:12:55.325+0000] {conn.py:1019} INFO - Broker version identified as 2.6.0
[2024-05-21T00:12:55.327+0000] {conn.py:1020} INFO - Set configuration api_version=(2, 6, 0) to skip auto check_version requests on startup
[2024-05-21T00:12:56.050+0000] {logging_mixin.py:188} INFO - Connecting to Scraping Browser
[2024-05-21T00:12:57.189+0000] {logging_mixin.py:188} INFO - Connected! Navigating to https://www.redfin.com
[2024-05-21T00:13:04.487+0000] {logging_mixin.py:188} INFO - Searching...
[2024-05-21T00:13:09.560+0000] {logging_mixin.py:188} INFO - --------
[2024-05-21T00:13:09.562+0000] {logging_mixin.py:188} INFO - 1
[2024-05-21T00:13:09.563+0000] {logging_mixin.py:188} INFO - Navigating to Listing page: https://www.redfin.com/NC/Charlotte/17113-Soho-Dr-28204/home/170607944
[2024-05-21T00:13:26.194+0000] {logging_mixin.py:188} INFO - Extracting Pictures
[2024-05-21T00:13:31.708+0000] {logging_mixin.py:188} INFO - Extracting Key Details
[2024-05-21T00:13:33.436+0000] {logging_mixin.py:188} INFO - Extracting Listing Agent Details
[2024-05-21T00:13:34.152+0000] {logging_mixin.py:188} INFO - Extracting Redfin Agent Details
[2024-05-21T00:13:34.676+0000] {logging_mixin.py:188} INFO - Extracting Property Details
[2024-05-21T00:13:36.081+0000] {logging_mixin.py:188} INFO - {
  "address": "17113 Soho Dr Charlotte NC 28204",
  "price": "760000",
  "beds": "3",
  "baths": "4.5",
  "link": "https://www.redfin.com/NC/Charlotte/17113-Soho-Dr-28204/home/170607944",
  "photos": [
    "https://ssl.cdn-redfin.com/system_files/media/922567_JPG/item_9.jpg",
    "https://ssl.cdn-redfin.com/system_files/media/922567_JPG/genLdpUgcMediaBrowserUrl/item_11.jpg",
    "https://my.matterport.com/api/v2/player/models/ED3A7ghRwH6/thumb",
    "https://ssl.cdn-redfin.com/system_files/media/922567_JPG/genLdpUgcMediaBrowserUrl/item_13.jpg",
    "https://ssl.cdn-redfin.com/system_files/media/922567_JPG/genLdpUgcMediaBrowserUrl/item_14.jpg",
    "https://ssl.cdn-redfin.com/system_files/media/922567_JPG/item_12.jpg",
    "https://ssl.cdn-redfin.com/system_files/media/922567_JPG/item_18.jpg",
    "https://ssl.cdn-redfin.com/system_files/media/922567_JPG/item_24.jpg",
    "https://ssl.cdn-redfin.com/system_files/media/922567_JPG/item_30.jpg",
    "https://ssl.cdn-redfin.com/system_files/media/922567_JPG/item_36.jpg",
    "https://ssl.cdn-redfin.com/system_files/media/922567_JPG/item_43.jpg",
    "https://ssl.cdn-redfin.com/system_files/media/922567_JPG/item_51.jpg"
  ],
  "hoa_fee": "236",
  "buyers_agent_fee": "2.5",
  "listing_agent_name": "Jon Bartholomew",
  "listing_agent_contact": "",
  "redfin_agent_name": "Stephen Passarelli",
  "finished_sqft": "",
  "unfinished_sqft": "",
  "total_sqft": "",
  "stories": "4",
  "style": "Townhouse",
  "year_built": "2020",
  "year_renovated": "",
  "county": "Mecklenburg County",
  "APN": "08111612"
}
[2024-05-21T00:13:36.083+0000] {logging_mixin.py:188} INFO - Sending Data to Kafka
[2024-05-21T00:13:36.157+0000] {conn.py:362} INFO - <BrokerConnection node_id=1 host=kafka:9092 <connecting> [IPv4 ('172.25.0.6', 9092)]>: connecting to kafka:9092 [('172.25.0.6', 9092) IPv4]
[2024-05-21T00:13:36.173+0000] {conn.py:393} INFO - <BrokerConnection node_id=1 host=kafka:9092 <connecting> [IPv4 ('172.25.0.6', 9092)]>: Connection complete.
[2024-05-21T00:13:36.267+0000] {conn.py:673} INFO - <BrokerConnection node_id=bootstrap-0 host=kafka:9092 <connected> [IPv4 ('172.25.0.6', 9092)]>: Closing connection. 
[2024-05-21T00:13:36.493+0000] {logging_mixin.py:188} INFO - --------
[2024-05-21T00:13:36.494+0000] {logging_mixin.py:188} INFO - 2
[2024-05-21T00:13:36.496+0000] {logging_mixin.py:188} INFO - Navigating to Listing page: https://www.redfin.com/NC/Charlotte/2739-Grand-Union-Way-28209/home/148598761
[2024-05-21T00:14:09.789+0000] {logging_mixin.py:188} INFO - Extracting Pictures
[2024-05-21T00:14:33.050+0000] {logging_mixin.py:188} INFO - Extracting Key Details
[2024-05-21T00:14:33.997+0000] {logging_mixin.py:188} INFO - Extracting Listing Agent Details
[2024-05-21T00:14:34.724+0000] {logging_mixin.py:188} INFO - Extracting Redfin Agent Details
[2024-05-21T00:14:35.278+0000] {logging_mixin.py:188} INFO - Extracting Property Details
[2024-05-21T00:14:36.632+0000] {logging_mixin.py:188} INFO - {
  "address": "2739 Grand Union Way Charlotte NC 28209",
  "price": "649900",
  "beds": "3",
  "baths": "3.5",
  "link": "https://www.redfin.com/NC/Charlotte/2739-Grand-Union-Way-28209/home/148598761",
  "photos": [
    "https://ssl.cdn-redfin.com/system_files/media/919615_JPG/item_22.jpg",
    "https://ssl.cdn-redfin.com/system_files/media/919615_JPG/genLdpUgcMediaBrowserUrl/item_38.jpg",
    "https://my.matterport.com/api/v2/player/models/cVZCU4kuhtR/thumb",
    "https://ssl.cdn-redfin.com/system_files/media/919615_JPG/genLdpUgcMediaBrowserUrl/item_30.jpg",
    "https://ssl.cdn-redfin.com/system_files/media/919615_JPG/genLdpUgcMediaBrowserUrl/item_45.jpg",
    "https://ssl.cdn-redfin.com/system_files/media/919615_JPG/item_46.jpg",
    "https://ssl.cdn-redfin.com/system_files/media/919615_JPG/item_1.jpg",
    "https://ssl.cdn-redfin.com/system_files/media/919615_JPG/item_5.jpg",
    "https://ssl.cdn-redfin.com/system_files/media/919615_JPG/item_10.jpg",
    "https://ssl.cdn-redfin.com/system_files/media/919615_JPG/item_18.jpg"
  ],
  "hoa_fee": "262",
  "buyers_agent_fee": "2",
  "listing_agent_name": "Jill Moyer",
  "listing_agent_contact": "jill.moyer@redfin.com",
  "redfin_agent_name": "Stephen Passarelli",
  "finished_sqft": "",
  "unfinished_sqft": "",
  "total_sqft": "",
  "stories": "4",
  "style": "Townhouse",
  "year_built": "2019",
  "year_renovated": "",
  "county": "Mecklenburg County",
  "APN": "14901360"
}
[2024-05-21T00:14:36.633+0000] {logging_mixin.py:188} INFO - Sending Data to Kafka
[2024-05-21T00:14:36.807+0000] {logging_mixin.py:188} INFO - --------
[2024-05-21T00:14:36.808+0000] {logging_mixin.py:188} INFO - 3
[2024-05-21T00:14:36.809+0000] {logging_mixin.py:188} INFO - Navigating to Listing page: https://www.redfin.com/NC/Charlotte/1300-Reece-Rd-28209/unit-211/home/177209516
[2024-05-21T00:14:54.878+0000] {logging_mixin.py:188} INFO - Extracting Pictures
[2024-05-21T00:15:03.911+0000] {logging_mixin.py:188} INFO - No Pictures
[2024-05-21T00:15:03.946+0000] {logging_mixin.py:188} INFO - Traceback (most recent call last):
  File "/opt/***/dags/includes/main.py", line 149, in run
    key_details_content = await page2.inner_html("div[class='keyDetailsList']", timeout=120000)
                          ^^^^^^^^^^^^^^^^^^^^^^^^^^^^^^^^^^^^^^^^^^^^^^^^^^^^^^^^^^^^^^^^^^^^^
  File "/home/***/.local/lib/python3.11/site-packages/playwright/async_api/_generated.py", line 10338, in inner_html
    await self._impl_obj.inner_html(
  File "/home/***/.local/lib/python3.11/site-packages/playwright/_impl/_page.py", line 885, in inner_html
    return await self._main_frame.inner_html(**locals_to_params(locals()))
           ^^^^^^^^^^^^^^^^^^^^^^^^^^^^^^^^^^^^^^^^^^^^^^^^^^^^^^^^^^^^^^^
  File "/home/***/.local/lib/python3.11/site-packages/playwright/_impl/_frame.py", line 623, in inner_html
    return await self._channel.send("innerHTML", locals_to_params(locals()))
           ^^^^^^^^^^^^^^^^^^^^^^^^^^^^^^^^^^^^^^^^^^^^^^^^^^^^^^^^^^^^^^^^^
  File "/home/***/.local/lib/python3.11/site-packages/playwright/_impl/_connection.py", line 59, in send
    return await self._connection.wrap_api_call(
           ^^^^^^^^^^^^^^^^^^^^^^^^^^^^^^^^^^^^^
  File "/home/***/.local/lib/python3.11/site-packages/playwright/_impl/_connection.py", line 513, in wrap_api_call
    raise rewrite_error(error, f"{parsed_st['apiName']}: {error}") from None
playwright._impl._errors.TargetClosedError: Page.inner_html: Target page, context or browser has been closed
[2024-05-21T00:20:54.227+0000] {python.py:237} INFO - Done. Returned value was: None
[2024-05-21T00:20:54.232+0000] {taskinstance.py:441} INFO - ::group::Post task execution logs
[2024-05-21T00:20:54.266+0000] {taskinstance.py:1206} INFO - Marking task as SUCCESS. dag_id=Redfin_Webscraping_ETL, task_id=Ingest_Data_from_Redfin, run_id=scheduled__2024-05-20T00:00:00+00:00, execution_date=20240520T000000, start_date=20240521T001255, end_date=20240521T002054
[2024-05-21T00:20:54.334+0000] {local_task_job_runner.py:240} INFO - Task exited with return code 0
[2024-05-21T00:20:54.368+0000] {taskinstance.py:3498} INFO - 0 downstream tasks scheduled from follow-on schedule check
[2024-05-21T00:20:54.370+0000] {local_task_job_runner.py:222} INFO - ::endgroup::
