[2024-05-18T21:42:22.418+0000] {local_task_job_runner.py:120} INFO - ::group::Pre task execution logs
[2024-05-18T21:42:22.495+0000] {taskinstance.py:2076} INFO - Dependencies all met for dep_context=non-requeueable deps ti=<TaskInstance: Webscrape.Ingest_Data manual__2024-05-18T21:42:18.885006+00:00 [queued]>
[2024-05-18T21:42:22.505+0000] {taskinstance.py:2076} INFO - Dependencies all met for dep_context=requeueable deps ti=<TaskInstance: Webscrape.Ingest_Data manual__2024-05-18T21:42:18.885006+00:00 [queued]>
[2024-05-18T21:42:22.506+0000] {taskinstance.py:2306} INFO - Starting attempt 1 of 6
[2024-05-18T21:42:22.524+0000] {taskinstance.py:2330} INFO - Executing <Task(PythonOperator): Ingest_Data> on 2024-05-18 21:42:18.885006+00:00
[2024-05-18T21:42:22.558+0000] {standard_task_runner.py:63} INFO - Started process 5544 to run task
[2024-05-18T21:42:22.562+0000] {standard_task_runner.py:90} INFO - Running: ['***', 'tasks', 'run', 'Webscrape', 'Ingest_Data', 'manual__2024-05-18T21:42:18.885006+00:00', '--job-id', '294', '--raw', '--subdir', 'DAGS_FOLDER/webscrapping.py', '--cfg-path', '/tmp/tmpum00f9qu']
[2024-05-18T21:42:22.593+0000] {standard_task_runner.py:91} INFO - Job 294: Subtask Ingest_Data
[2024-05-18T21:42:22.786+0000] {task_command.py:426} INFO - Running <TaskInstance: Webscrape.Ingest_Data manual__2024-05-18T21:42:18.885006+00:00 [running]> on host f3c105d69d83
[2024-05-18T21:42:22.961+0000] {taskinstance.py:2648} INFO - Exporting env vars: AIRFLOW_CTX_DAG_OWNER='svc' AIRFLOW_CTX_DAG_ID='Webscrape' AIRFLOW_CTX_TASK_ID='Ingest_Data' AIRFLOW_CTX_EXECUTION_DATE='2024-05-18T21:42:18.885006+00:00' AIRFLOW_CTX_TRY_NUMBER='1' AIRFLOW_CTX_DAG_RUN_ID='manual__2024-05-18T21:42:18.885006+00:00'
[2024-05-18T21:42:22.963+0000] {taskinstance.py:430} INFO - ::endgroup::
[2024-05-18T21:42:22.999+0000] {conn.py:362} INFO - <BrokerConnection node_id=bootstrap-0 host=kafka:9092 <connecting> [IPv4 ('172.25.0.7', 9092)]>: connecting to kafka:9092 [('172.25.0.7', 9092) IPv4]
[2024-05-18T21:42:23.000+0000] {conn.py:957} INFO - Probing node bootstrap-0 broker version
[2024-05-18T21:42:23.001+0000] {conn.py:393} INFO - <BrokerConnection node_id=bootstrap-0 host=kafka:9092 <connecting> [IPv4 ('172.25.0.7', 9092)]>: Connection complete.
[2024-05-18T21:42:23.110+0000] {conn.py:1019} INFO - Broker version identified as 2.6.0
[2024-05-18T21:42:23.111+0000] {conn.py:1020} INFO - Set configuration api_version=(2, 6, 0) to skip auto check_version requests on startup
[2024-05-18T21:42:23.845+0000] {logging_mixin.py:188} INFO - Connecting to Scraping Browser...
[2024-05-18T21:42:25.214+0000] {logging_mixin.py:188} INFO - Connected! Navigating to https://www.redfin.com...
[2024-05-18T21:42:32.347+0000] {logging_mixin.py:188} INFO - Searching...
[2024-05-18T21:42:38.112+0000] {logging_mixin.py:188} INFO - --------
[2024-05-18T21:42:38.124+0000] {logging_mixin.py:188} INFO - 1
[2024-05-18T21:42:38.127+0000] {logging_mixin.py:188} INFO - Navigating to Listing page: https://www.redfin.com/NC/Charlotte/17113-Soho-Dr-28204/home/170607944
[2024-05-18T21:43:01.446+0000] {logging_mixin.py:188} INFO - Extracting Pictures
[2024-05-18T21:43:06.653+0000] {logging_mixin.py:188} INFO - Extracting Key Details
[2024-05-18T21:43:07.887+0000] {logging_mixin.py:188} INFO - Extracting Listing Agent Details
[2024-05-18T21:43:08.649+0000] {logging_mixin.py:188} INFO - Extracting Redfin Agent Details
[2024-05-18T21:43:09.408+0000] {logging_mixin.py:188} INFO - Extracting Property Details
[2024-05-18T21:43:10.656+0000] {logging_mixin.py:188} INFO - {
  "address": "17113 Soho Dr Charlotte NC 28204",
  "price": "760000",
  "beds": "3",
  "baths": "4.5",
  "link": "https://www.redfin.com/NC/Charlotte/17113-Soho-Dr-28204/home/170607944",
  "photos": [
    "https://ssl.cdn-redfin.com/system_files/media/922567_JPG/item_9.jpg",
    "https://ssl.cdn-redfin.com/system_files/media/922567_JPG/genLdpUgcMediaBrowserUrl/item_11.jpg",
    "https://my.matterport.com/api/v2/player/models/ED3A7ghRwH6/thumb",
    "https://ssl.cdn-redfin.com/system_files/media/922567_JPG/genLdpUgcMediaBrowserUrl/item_13.jpg",
    "https://ssl.cdn-redfin.com/system_files/media/922567_JPG/genLdpUgcMediaBrowserUrl/item_14.jpg",
    "https://ssl.cdn-redfin.com/system_files/media/922567_JPG/item_12.jpg",
    "https://ssl.cdn-redfin.com/system_files/media/922567_JPG/item_15.jpg",
    "https://ssl.cdn-redfin.com/system_files/media/922567_JPG/genLdpUgcMediaBrowserUrl/item_16.jpg",
    "https://ssl.cdn-redfin.com/system_files/media/922567_JPG/genLdpUgcMediaBrowserUrl/item_17.jpg",
    "https://ssl.cdn-redfin.com/system_files/media/922567_JPG/item_18.jpg",
    "https://ssl.cdn-redfin.com/system_files/media/922567_JPG/item_24.jpg",
    "https://ssl.cdn-redfin.com/system_files/media/922567_JPG/item_30.jpg",
    "https://ssl.cdn-redfin.com/system_files/media/922567_JPG/item_36.jpg",
    "https://ssl.cdn-redfin.com/system_files/media/922567_JPG/item_43.jpg",
    "https://ssl.cdn-redfin.com/system_files/media/922567_JPG/item_51.jpg"
  ],
  "hoa_fee": "236",
  "buyers_agent_fee": "2.5",
  "listing_agent_name": "Jon Bartholomew",
  "listing_agent_contact": "jonathan.bartholomew@redfin.com",
  "redfin_agent_name": "Stephen Passarelli",
  "finished_sqft": "",
  "unfinished_sqft": "",
  "total_sqft": "",
  "stories": "4",
  "style": "Townhouse",
  "year_built": "2020",
  "year_renovated": "",
  "county": "Mecklenburg County",
  "APN": "08111612"
}
[2024-05-18T21:43:10.658+0000] {logging_mixin.py:188} INFO - Sending Data to Kafka
[2024-05-18T21:43:10.673+0000] {conn.py:362} INFO - <BrokerConnection node_id=1 host=kafka:9092 <connecting> [IPv4 ('172.25.0.7', 9092)]>: connecting to kafka:9092 [('172.25.0.7', 9092) IPv4]
[2024-05-18T21:43:10.675+0000] {conn.py:393} INFO - <BrokerConnection node_id=1 host=kafka:9092 <connecting> [IPv4 ('172.25.0.7', 9092)]>: Connection complete.
[2024-05-18T21:43:10.689+0000] {conn.py:673} INFO - <BrokerConnection node_id=bootstrap-0 host=kafka:9092 <connected> [IPv4 ('172.25.0.7', 9092)]>: Closing connection. 
[2024-05-18T21:43:10.914+0000] {logging_mixin.py:188} INFO - --------
[2024-05-18T21:43:10.916+0000] {logging_mixin.py:188} INFO - 2
[2024-05-18T21:43:10.922+0000] {logging_mixin.py:188} INFO - Navigating to Listing page: https://www.redfin.com/NC/Charlotte/3200-Dunaire-Dr-28205/home/43938459
[2024-05-18T21:43:24.802+0000] {logging_mixin.py:188} INFO - Extracting Pictures
[2024-05-18T21:43:28.679+0000] {logging_mixin.py:188} INFO - Extracting Key Details
[2024-05-18T21:43:29.428+0000] {logging_mixin.py:188} INFO - Extracting Listing Agent Details
[2024-05-18T21:43:30.178+0000] {logging_mixin.py:188} INFO - Extracting Redfin Agent Details
[2024-05-18T21:43:30.900+0000] {logging_mixin.py:188} INFO - Extracting Property Details
[2024-05-18T21:43:32.504+0000] {logging_mixin.py:188} INFO - {
  "address": "3200 Dunaire Dr Charlotte NC 28205",
  "price": "475000",
  "beds": "3",
  "baths": "2",
  "link": "https://www.redfin.com/NC/Charlotte/3200-Dunaire-Dr-28205/home/43938459",
  "photos": [
    "https://ssl.cdn-redfin.com/system_files/media/919050_JPG/item_1.jpg",
    "https://ssl.cdn-redfin.com/system_files/media/919050_JPG/genLdpUgcMediaBrowserUrl/item_2.jpg",
    "https://my.matterport.com/api/v2/player/models/EL5PrvVRLoz/thumb",
    "https://ssl.cdn-redfin.com/system_files/media/919050_JPG/genLdpUgcMediaBrowserUrl/item_4.jpg",
    "https://ssl.cdn-redfin.com/system_files/media/919050_JPG/genLdpUgcMediaBrowserUrl/item_5.jpg",
    "https://ssl.cdn-redfin.com/system_files/media/919050_JPG/item_3.jpg",
    "https://ssl.cdn-redfin.com/system_files/media/919050_JPG/item_8.jpg",
    "https://ssl.cdn-redfin.com/system_files/media/919050_JPG/genLdpUgcMediaBrowserUrl/item_9.jpg",
    "https://ssl.cdn-redfin.com/system_files/media/919050_JPG/genLdpUgcMediaBrowserUrl/item_10.jpg",
    "https://ssl.cdn-redfin.com/system_files/media/919050_JPG/item_11.jpg",
    "https://ssl.cdn-redfin.com/system_files/media/919050_JPG/item_15.jpg",
    "https://ssl.cdn-redfin.com/system_files/media/919050_JPG/item_21.jpg",
    "https://ssl.cdn-redfin.com/system_files/media/919050_JPG/item_27.jpg",
    "https://ssl.cdn-redfin.com/system_files/media/919050_JPG/item_33.jpg",
    "https://ssl.cdn-redfin.com/system_files/media/919050_JPG/item_39.jpg",
    "https://ssl.cdn-redfin.com/system_files/media/919050_JPG/item_45.jpg"
  ],
  "hoa_fee": "",
  "buyers_agent_fee": "2",
  "listing_agent_name": "Lilliah Moseley",
  "listing_agent_contact": "lilliah.moseley@redfin.com",
  "redfin_agent_name": "Stephen Passarelli",
  "finished_sqft": "1442",
  "unfinished_sqft": "",
  "total_sqft": "1442",
  "stories": "1",
  "style": "Single Family Residential",
  "year_built": "1959",
  "year_renovated": "1970",
  "county": "Mecklenburg County",
  "APN": "10112504"
}
[2024-05-18T21:43:32.505+0000] {logging_mixin.py:188} INFO - Sending Data to Kafka
[2024-05-18T21:43:32.667+0000] {logging_mixin.py:188} INFO - --------
[2024-05-18T21:43:32.671+0000] {logging_mixin.py:188} INFO - 3
[2024-05-18T21:43:32.675+0000] {logging_mixin.py:188} INFO - Navigating to Listing page: https://www.redfin.com/NC/Charlotte/2739-Grand-Union-Way-28209/home/148598761
[2024-05-18T21:43:48.225+0000] {logging_mixin.py:188} INFO - Extracting Pictures
[2024-05-18T21:43:57.062+0000] {logging_mixin.py:188} INFO - Extracting Key Details
[2024-05-18T21:43:57.924+0000] {logging_mixin.py:188} INFO - Extracting Listing Agent Details
[2024-05-18T21:43:58.618+0000] {logging_mixin.py:188} INFO - Extracting Redfin Agent Details
[2024-05-18T21:43:59.120+0000] {logging_mixin.py:188} INFO - Extracting Property Details
[2024-05-18T21:44:00.875+0000] {logging_mixin.py:188} INFO - {
  "address": "2739 Grand Union Way Charlotte NC 28209",
  "price": "649900",
  "beds": "3",
  "baths": "3.5",
  "link": "https://www.redfin.com/NC/Charlotte/2739-Grand-Union-Way-28209/home/148598761",
  "photos": [
    "https://ssl.cdn-redfin.com/system_files/media/919615_JPG/item_22.jpg",
    "https://ssl.cdn-redfin.com/system_files/media/919615_JPG/genLdpUgcMediaBrowserUrl/item_38.jpg",
    "https://my.matterport.com/api/v2/player/models/cVZCU4kuhtR/thumb",
    "https://ssl.cdn-redfin.com/system_files/media/919615_JPG/genLdpUgcMediaBrowserUrl/item_30.jpg",
    "https://ssl.cdn-redfin.com/system_files/media/919615_JPG/genLdpUgcMediaBrowserUrl/item_45.jpg",
    "https://ssl.cdn-redfin.com/system_files/media/919615_JPG/item_46.jpg",
    "https://ssl.cdn-redfin.com/system_files/media/919615_JPG/item_33.jpg",
    "https://ssl.cdn-redfin.com/system_files/media/919615_JPG/genLdpUgcMediaBrowserUrl/item_35.jpg",
    "https://ssl.cdn-redfin.com/system_files/media/919615_JPG/genLdpUgcMediaBrowserUrl/item_36.jpg",
    "https://ssl.cdn-redfin.com/system_files/media/919615_JPG/item_1.jpg",
    "https://ssl.cdn-redfin.com/system_files/media/919615_JPG/item_5.jpg",
    "https://ssl.cdn-redfin.com/system_files/media/919615_JPG/item_10.jpg",
    "https://ssl.cdn-redfin.com/system_files/media/919615_JPG/item_18.jpg"
  ],
  "hoa_fee": "262",
  "buyers_agent_fee": "2",
  "listing_agent_name": "Jill Moyer",
  "listing_agent_contact": "jill.moyer@redfin.com",
  "redfin_agent_name": "Stephen Passarelli",
  "finished_sqft": "",
  "unfinished_sqft": "",
  "total_sqft": "",
  "stories": "4",
  "style": "Townhouse",
  "year_built": "2019",
  "year_renovated": "",
  "county": "Mecklenburg County",
  "APN": "14901360"
}
[2024-05-18T21:44:00.877+0000] {logging_mixin.py:188} INFO - Sending Data to Kafka
[2024-05-18T21:44:01.049+0000] {logging_mixin.py:188} INFO - --------
[2024-05-18T21:44:01.051+0000] {logging_mixin.py:188} INFO - 4
[2024-05-18T21:44:01.053+0000] {logging_mixin.py:188} INFO - Navigating to Listing page: https://www.redfin.com/NC/Charlotte/8344-Meadow-Lakes-Dr-28210/home/43991427
[2024-05-18T21:44:32.053+0000] {logging_mixin.py:188} INFO - Extracting Pictures
[2024-05-18T21:44:46.730+0000] {logging_mixin.py:188} INFO - Extracting Key Details
[2024-05-18T21:44:47.595+0000] {logging_mixin.py:188} INFO - Extracting Listing Agent Details
[2024-05-18T21:44:48.239+0000] {logging_mixin.py:188} INFO - Extracting Redfin Agent Details
[2024-05-18T21:44:48.830+0000] {logging_mixin.py:188} INFO - Extracting Property Details
[2024-05-18T21:44:50.338+0000] {logging_mixin.py:188} INFO - {
  "address": "8344 Meadow Lakes Dr Charlotte NC 28210",
  "price": "269000",
  "beds": "2",
  "baths": "2",
  "link": "https://www.redfin.com/NC/Charlotte/8344-Meadow-Lakes-Dr-28210/home/43991427",
  "photos": [
    "https://ssl.cdn-redfin.com/photo/103/bigphoto/254/4142254_0.jpg",
    "https://ssl.cdn-redfin.com/photo/103/mbpaddedwide/254/genMid.4142254_1_0.jpg",
    "https://ssl.cdn-redfin.com/photo/103/mbpaddedwide/254/genMid.4142254_2_0.jpg",
    "https://ssl.cdn-redfin.com/photo/103/mbpaddedwide/254/genMid.4142254_4_0.jpg",
    "https://ssl.cdn-redfin.com/photo/103/mbpaddedwide/254/genMid.4142254_5_0.jpg",
    "https://ssl.cdn-redfin.com/photo/103/bigphoto/254/4142254_3_0.jpg",
    "https://ssl.cdn-redfin.com/photo/103/bigphoto/254/4142254_6_0.jpg",
    "https://ssl.cdn-redfin.com/photo/103/mbpaddedwide/254/genMid.4142254_7_0.jpg",
    "https://ssl.cdn-redfin.com/photo/103/mbpaddedwide/254/genMid.4142254_8_0.jpg",
    "https://ssl.cdn-redfin.com/photo/103/bigphoto/254/4142254_9_0.jpg",
    "https://ssl.cdn-redfin.com/photo/103/bigphoto/254/4142254_15_0.jpg"
  ],
  "hoa_fee": "592",
  "buyers_agent_fee": "2",
  "listing_agent_name": "Alex Salazar",
  "listing_agent_contact": "Alex@SACarolinas.com",
  "redfin_agent_name": "Stephen Passarelli",
  "finished_sqft": "1255",
  "unfinished_sqft": "",
  "total_sqft": "1255",
  "stories": "1",
  "style": "Condo/Co-op",
  "year_built": "1973",
  "year_renovated": "1978",
  "county": "Mecklenburg County",
  "APN": "17329136"
}
[2024-05-18T21:44:50.340+0000] {logging_mixin.py:188} INFO - Sending Data to Kafka
[2024-05-18T21:44:50.503+0000] {logging_mixin.py:188} INFO - --------
[2024-05-18T21:44:50.503+0000] {logging_mixin.py:188} INFO - 5
[2024-05-18T21:44:50.504+0000] {logging_mixin.py:188} INFO - Navigating to Listing page: https://www.redfin.com/NC/Charlotte/7148-Haines-Mill-Rd-28273/home/44153480
[2024-05-18T21:45:10.906+0000] {logging_mixin.py:188} INFO - Extracting Pictures
[2024-05-18T21:45:13.327+0000] {logging_mixin.py:188} INFO - Extracting Key Details
[2024-05-18T21:45:14.046+0000] {logging_mixin.py:188} INFO - Extracting Listing Agent Details
[2024-05-18T21:45:14.740+0000] {logging_mixin.py:188} INFO - Extracting Redfin Agent Details
[2024-05-18T21:45:15.267+0000] {logging_mixin.py:188} INFO - Extracting Property Details
[2024-05-18T21:45:16.982+0000] {logging_mixin.py:188} INFO - {
  "address": "7148 Haines Mill Rd Charlotte NC 28273",
  "price": "385000",
  "beds": "3",
  "baths": "2.5",
  "link": "https://www.redfin.com/NC/Charlotte/7148-Haines-Mill-Rd-28273/home/44153480",
  "photos": [
    "https://ssl.cdn-redfin.com/photo/103/bigphoto/208/4139208_0.jpg",
    "https://ssl.cdn-redfin.com/photo/103/mbpaddedwide/208/genMid.4139208_1_0.jpg",
    "https://ssl.cdn-redfin.com/photo/103/mbpaddedwide/208/genMid.4139208_2_0.jpg",
    "https://ssl.cdn-redfin.com/photo/103/mbpaddedwide/208/genMid.4139208_4_0.jpg",
    "https://ssl.cdn-redfin.com/photo/103/mbpaddedwide/208/genMid.4139208_5_0.jpg",
    "https://ssl.cdn-redfin.com/photo/103/bigphoto/208/4139208_3_0.jpg",
    "https://ssl.cdn-redfin.com/photo/103/bigphoto/208/4139208_6_0.jpg",
    "https://ssl.cdn-redfin.com/photo/103/mbpaddedwide/208/genMid.4139208_7_0.jpg",
    "https://ssl.cdn-redfin.com/photo/103/mbpaddedwide/208/genMid.4139208_8_0.jpg",
    "https://ssl.cdn-redfin.com/photo/103/bigphoto/208/4139208_9_0.jpg",
    "https://ssl.cdn-redfin.com/photo/103/bigphoto/208/4139208_15_0.jpg"
  ],
  "hoa_fee": "",
  "buyers_agent_fee": "2.5",
  "listing_agent_name": "Tyrekus Williams",
  "listing_agent_contact": "tevanssells4u@yahoo.com",
  "redfin_agent_name": "Stephen Passarelli",
  "finished_sqft": "1756",
  "unfinished_sqft": "",
  "total_sqft": "1756",
  "stories": "2",
  "style": "Single Family Residential",
  "year_built": "2007",
  "year_renovated": "",
  "county": "Mecklenburg County",
  "APN": "20101643"
}
[2024-05-18T21:45:16.984+0000] {logging_mixin.py:188} INFO - Sending Data to Kafka
[2024-05-18T21:45:17.198+0000] {logging_mixin.py:188} INFO - --------
[2024-05-18T21:45:17.198+0000] {logging_mixin.py:188} INFO - 6
[2024-05-18T21:45:17.201+0000] {logging_mixin.py:188} INFO - Navigating to Listing page: https://www.redfin.com/NC/Charlotte/3511-Spencer-St-28205/home/104514074
[2024-05-18T21:45:33.094+0000] {logging_mixin.py:188} INFO - Extracting Pictures
[2024-05-18T21:45:36.511+0000] {logging_mixin.py:188} INFO - Extracting Key Details
[2024-05-18T21:45:37.456+0000] {logging_mixin.py:188} INFO - Extracting Listing Agent Details
[2024-05-18T21:45:38.309+0000] {logging_mixin.py:188} INFO - Extracting Redfin Agent Details
[2024-05-18T21:45:38.806+0000] {logging_mixin.py:188} INFO - Extracting Property Details
[2024-05-18T21:45:40.263+0000] {logging_mixin.py:188} INFO - {
  "address": "3511 Spencer St Charlotte NC 28205",
  "price": "554990",
  "beds": "3",
  "baths": "2.5",
  "link": "https://www.redfin.com/NC/Charlotte/3511-Spencer-St-28205/home/104514074",
  "photos": [
    "https://ssl.cdn-redfin.com/photo/103/bigphoto/244/4142244_0.jpg",
    "https://ssl.cdn-redfin.com/photo/103/mbpaddedwide/244/genMid.4142244_1_0.jpg",
    "https://ssl.cdn-redfin.com/photo/103/mbpaddedwide/244/genMid.4142244_2_0.jpg",
    "https://ssl.cdn-redfin.com/photo/103/mbpaddedwide/244/genMid.4142244_4_0.jpg",
    "https://ssl.cdn-redfin.com/photo/103/mbpaddedwide/244/genMid.4142244_5_0.jpg",
    "https://ssl.cdn-redfin.com/photo/103/bigphoto/244/4142244_3_0.jpg",
    "https://ssl.cdn-redfin.com/photo/103/bigphoto/244/4142244_6_0.jpg",
    "https://ssl.cdn-redfin.com/photo/103/mbpaddedwide/244/genMid.4142244_7_0.jpg",
    "https://ssl.cdn-redfin.com/photo/103/mbpaddedwide/244/genMid.4142244_8_0.jpg",
    "https://ssl.cdn-redfin.com/photo/103/bigphoto/244/4142244_9_0.jpg",
    "https://ssl.cdn-redfin.com/photo/103/bigphoto/244/4142244_15_0.jpg"
  ],
  "hoa_fee": "240",
  "buyers_agent_fee": "2.5",
  "listing_agent_name": "Steph Kronen",
  "listing_agent_contact": "Steph.Kronen@Compass.com",
  "redfin_agent_name": "Stephen Passarelli",
  "finished_sqft": "1845",
  "unfinished_sqft": "",
  "total_sqft": "1845",
  "stories": "2.5",
  "style": "Townhouse",
  "year_built": "2015",
  "year_renovated": "",
  "county": "Mecklenburg County",
  "APN": "09106803"
}
[2024-05-18T21:45:40.264+0000] {logging_mixin.py:188} INFO - Sending Data to Kafka
[2024-05-18T21:45:40.458+0000] {logging_mixin.py:188} INFO - --------
[2024-05-18T21:45:40.460+0000] {logging_mixin.py:188} INFO - 7
[2024-05-18T21:45:40.462+0000] {logging_mixin.py:188} INFO - Navigating to Listing page: https://www.redfin.com/NC/Charlotte/6805-Burlwood-Rd-28211/home/44003808
[2024-05-18T21:46:04.006+0000] {logging_mixin.py:188} INFO - Extracting Pictures
[2024-05-18T21:46:07.511+0000] {logging_mixin.py:188} INFO - Extracting Key Details
[2024-05-18T21:46:08.563+0000] {logging_mixin.py:188} INFO - Extracting Listing Agent Details
[2024-05-18T21:46:09.319+0000] {logging_mixin.py:188} INFO - Extracting Redfin Agent Details
[2024-05-18T21:46:09.809+0000] {logging_mixin.py:188} INFO - Extracting Property Details
[2024-05-18T21:46:11.399+0000] {logging_mixin.py:188} INFO - {
  "address": "6805 Burlwood Rd Charlotte NC 28211",
  "price": "425000",
  "beds": "5",
  "baths": "2",
  "link": "https://www.redfin.com/NC/Charlotte/6805-Burlwood-Rd-28211/home/44003808",
  "photos": [
    "https://ssl.cdn-redfin.com/photo/103/bigphoto/063/4142063_0.jpg",
    "https://ssl.cdn-redfin.com/photo/103/mbpaddedwide/063/genMid.4142063_1_0.jpg",
    "https://ssl.cdn-redfin.com/photo/103/mbpaddedwide/063/genMid.4142063_2_0.jpg",
    "https://ssl.cdn-redfin.com/photo/103/mbpaddedwide/063/genMid.4142063_4_0.jpg",
    "https://ssl.cdn-redfin.com/photo/103/mbpaddedwide/063/genMid.4142063_5_0.jpg",
    "https://ssl.cdn-redfin.com/photo/103/bigphoto/063/4142063_3_0.jpg",
    "https://ssl.cdn-redfin.com/photo/103/bigphoto/063/4142063_6_0.jpg"
  ],
  "hoa_fee": "",
  "buyers_agent_fee": "2.5",
  "listing_agent_name": "Dulce Delgado",
  "listing_agent_contact": "dulce@northwayhomes.com",
  "redfin_agent_name": "Stephen Passarelli",
  "finished_sqft": "1820",
  "unfinished_sqft": "",
  "total_sqft": "1820",
  "stories": "",
  "style": "Single Family Residential",
  "year_built": "1981",
  "year_renovated": "",
  "county": "Mecklenburg County",
  "APN": "18919402"
}
[2024-05-18T21:46:11.400+0000] {logging_mixin.py:188} INFO - Sending Data to Kafka
[2024-05-18T21:46:13.444+0000] {logging_mixin.py:188} INFO - --------
[2024-05-18T21:46:13.445+0000] {logging_mixin.py:188} INFO - 8
[2024-05-18T21:46:13.445+0000] {logging_mixin.py:188} INFO - Navigating to Listing page: https://www.redfin.com/NC/Charlotte/9772-Springholm-Dr-28278/home/44178720
[2024-05-18T21:46:31.508+0000] {logging_mixin.py:188} INFO - Extracting Pictures
[2024-05-18T21:46:36.139+0000] {logging_mixin.py:188} INFO - Extracting Key Details
[2024-05-18T21:46:37.051+0000] {logging_mixin.py:188} INFO - Extracting Listing Agent Details
[2024-05-18T21:46:38.050+0000] {logging_mixin.py:188} INFO - Extracting Redfin Agent Details
[2024-05-18T21:46:38.577+0000] {logging_mixin.py:188} INFO - Extracting Property Details
[2024-05-18T21:46:40.046+0000] {logging_mixin.py:188} INFO - {
  "address": "9772 Springholm Dr Charlotte NC 28278",
  "price": "383990",
  "beds": "3",
  "baths": "2.5",
  "link": "https://www.redfin.com/NC/Charlotte/9772-Springholm-Dr-28278/home/44178720",
  "photos": [
    "https://ssl.cdn-redfin.com/photo/103/bigphoto/189/4142189_0.jpg",
    "https://ssl.cdn-redfin.com/photo/103/mbpaddedwide/189/genMid.4142189_1_0.jpg",
    "https://ssl.cdn-redfin.com/photo/103/mbpaddedwide/189/genMid.4142189_2_0.jpg",
    "https://ssl.cdn-redfin.com/photo/103/mbpaddedwide/189/genMid.4142189_4_0.jpg",
    "https://ssl.cdn-redfin.com/photo/103/mbpaddedwide/189/genMid.4142189_5_0.jpg",
    "https://ssl.cdn-redfin.com/photo/103/bigphoto/189/4142189_3_0.jpg",
    "https://ssl.cdn-redfin.com/photo/103/bigphoto/189/4142189_6_0.jpg",
    "https://ssl.cdn-redfin.com/photo/103/mbpaddedwide/189/genMid.4142189_7_0.jpg",
    "https://ssl.cdn-redfin.com/photo/103/mbpaddedwide/189/genMid.4142189_8_0.jpg",
    "https://ssl.cdn-redfin.com/photo/103/bigphoto/189/4142189_9_0.jpg"
  ],
  "hoa_fee": "330",
  "buyers_agent_fee": "2",
  "listing_agent_name": "Chirag Santwani",
  "listing_agent_contact": "chirag@sanvista-realty.com",
  "redfin_agent_name": "Stephen Passarelli",
  "finished_sqft": "1890",
  "unfinished_sqft": "",
  "total_sqft": "1890",
  "stories": "2",
  "style": "Townhouse",
  "year_built": "2010",
  "year_renovated": "",
  "county": "Mecklenburg County",
  "APN": "19925438"
}
[2024-05-18T21:46:40.048+0000] {logging_mixin.py:188} INFO - Sending Data to Kafka
[2024-05-18T21:46:40.195+0000] {logging_mixin.py:188} INFO - --------
[2024-05-18T21:46:40.196+0000] {logging_mixin.py:188} INFO - 9
[2024-05-18T21:46:40.198+0000] {logging_mixin.py:188} INFO - Navigating to Listing page: https://www.redfin.com/NC/Charlotte/3701-Barclay-Downs-Dr-28209/home/43997049
[2024-05-18T21:47:02.077+0000] {logging_mixin.py:188} INFO - Extracting Pictures
[2024-05-18T21:47:13.489+0000] {logging_mixin.py:188} INFO - Extracting Key Details
[2024-05-18T21:47:16.659+0000] {logging_mixin.py:188} INFO - Extracting Listing Agent Details
[2024-05-18T21:47:17.443+0000] {logging_mixin.py:188} INFO - Extracting Redfin Agent Details
[2024-05-18T21:47:17.934+0000] {logging_mixin.py:188} INFO - Extracting Property Details
[2024-05-18T21:47:19.362+0000] {logging_mixin.py:188} INFO - {
  "address": "3701 Barclay Downs Dr Charlotte NC 28209",
  "price": "2250000",
  "beds": "6",
  "baths": "5",
  "link": "https://www.redfin.com/NC/Charlotte/3701-Barclay-Downs-Dr-28209/home/43997049",
  "photos": [
    "https://ssl.cdn-redfin.com/photo/103/bigphoto/458/4134458_0.jpg",
    "https://ssl.cdn-redfin.com/photo/103/mbpaddedwide/458/genMid.4134458_1_6.jpg",
    "https://i.ytimg.com/vi/amKqIFulo20/hqdefault.jpg",
    "https://ssl.cdn-redfin.com/photo/103/mbpaddedwide/458/genMid.4134458_3_6.jpg",
    "https://ssl.cdn-redfin.com/photo/103/mbpaddedwide/458/genMid.4134458_4_6.jpg",
    "https://ssl.cdn-redfin.com/photo/103/bigphoto/458/4134458_2_6.jpg",
    "https://ssl.cdn-redfin.com/photo/103/bigphoto/458/4134458_8_1.jpg",
    "https://ssl.cdn-redfin.com/photo/103/bigphoto/458/4134458_14_0.jpg",
    "https://ssl.cdn-redfin.com/photo/103/bigphoto/458/4134458_20_0.jpg",
    "https://ssl.cdn-redfin.com/photo/103/bigphoto/458/4134458_26_0.jpg",
    "https://ssl.cdn-redfin.com/photo/103/bigphoto/458/4134458_32_0.jpg",
    "https://ssl.cdn-redfin.com/photo/103/bigphoto/458/4134458_38_0.jpg"
  ],
  "hoa_fee": "2",
  "buyers_agent_fee": "3",
  "listing_agent_name": "Regina Farmer",
  "listing_agent_contact": "regina@reginafarmerrealty.com",
  "redfin_agent_name": "Jon Bartholomew",
  "finished_sqft": "4698",
  "unfinished_sqft": "",
  "total_sqft": "4698",
  "stories": "2",
  "style": "Single Family Residential",
  "year_built": "1962",
  "year_renovated": "",
  "county": "Mecklenburg County",
  "APN": "17702157"
}
[2024-05-18T21:47:19.362+0000] {logging_mixin.py:188} INFO - Sending Data to Kafka
[2024-05-18T21:47:19.549+0000] {logging_mixin.py:188} INFO - --------
[2024-05-18T21:47:19.550+0000] {logging_mixin.py:188} INFO - 10
[2024-05-18T21:47:19.552+0000] {logging_mixin.py:188} INFO - Navigating to Listing page: https://www.redfin.com/NC/Charlotte/12315-Poplar-Forest-Dr-28278/home/44151270
[2024-05-18T21:47:39.310+0000] {logging_mixin.py:188} INFO - Extracting Pictures
[2024-05-18T21:47:43.634+0000] {logging_mixin.py:188} INFO - Extracting Key Details
[2024-05-18T21:47:44.817+0000] {logging_mixin.py:188} INFO - Extracting Listing Agent Details
[2024-05-18T21:47:45.434+0000] {logging_mixin.py:188} INFO - Extracting Redfin Agent Details
[2024-05-18T21:47:46.021+0000] {logging_mixin.py:188} INFO - Extracting Property Details
[2024-05-18T21:47:47.674+0000] {logging_mixin.py:188} INFO - {
  "address": "12315 Poplar Forest Dr Charlotte NC 28278",
  "price": "409900",
  "beds": "4",
  "baths": "2.5",
  "link": "https://www.redfin.com/NC/Charlotte/12315-Poplar-Forest-Dr-28278/home/44151270",
  "photos": [
    "https://ssl.cdn-redfin.com/photo/103/bigphoto/011/4141011_0.jpg",
    "https://ssl.cdn-redfin.com/photo/103/mbpaddedwide/011/genMid.4141011_1_0.jpg",
    "https://ssl.cdn-redfin.com/photo/103/mbpaddedwide/011/genMid.4141011_2_0.jpg",
    "https://ssl.cdn-redfin.com/photo/103/mbpaddedwide/011/genMid.4141011_4_0.jpg",
    "https://ssl.cdn-redfin.com/photo/103/mbpaddedwide/011/genMid.4141011_5_0.jpg",
    "https://ssl.cdn-redfin.com/photo/103/bigphoto/011/4141011_3_0.jpg",
    "https://ssl.cdn-redfin.com/photo/103/bigphoto/011/4141011_9_0.jpg",
    "https://ssl.cdn-redfin.com/photo/103/bigphoto/011/4141011_15_0.jpg",
    "https://ssl.cdn-redfin.com/photo/103/bigphoto/011/4141011_21_0.jpg",
    "https://ssl.cdn-redfin.com/photo/103/bigphoto/011/4141011_27_0.jpg",
    "https://ssl.cdn-redfin.com/photo/103/bigphoto/011/4141011_33_0.jpg",
    "https://ssl.cdn-redfin.com/photo/103/bigphoto/011/4141011_39_0.jpg"
  ],
  "hoa_fee": "24",
  "buyers_agent_fee": "1",
  "listing_agent_name": "Patricia Botero",
  "listing_agent_contact": "",
  "redfin_agent_name": "Stephen Passarelli",
  "finished_sqft": "1872",
  "unfinished_sqft": "",
  "total_sqft": "1872",
  "stories": "2",
  "style": "Single Family Residential",
  "year_built": "2000",
  "year_renovated": "",
  "county": "Mecklenburg County",
  "APN": "19963305"
}
[2024-05-18T21:47:47.675+0000] {logging_mixin.py:188} INFO - Sending Data to Kafka
[2024-05-18T21:47:47.839+0000] {logging_mixin.py:188} INFO - --------
[2024-05-18T21:47:47.842+0000] {logging_mixin.py:188} INFO - 11
[2024-05-18T21:47:47.846+0000] {logging_mixin.py:188} INFO - Navigating to Listing page: https://www.redfin.com/NC/Charlotte/8630-Sawleaf-Ct-28215/home/44098706
[2024-05-18T21:48:16.218+0000] {logging_mixin.py:188} INFO - Extracting Pictures
[2024-05-18T21:48:23.615+0000] {logging_mixin.py:188} INFO - Extracting Key Details
[2024-05-18T21:48:25.188+0000] {logging_mixin.py:188} INFO - Extracting Listing Agent Details
[2024-05-18T21:48:25.900+0000] {logging_mixin.py:188} INFO - Extracting Redfin Agent Details
[2024-05-18T21:48:26.361+0000] {logging_mixin.py:188} INFO - Extracting Property Details
[2024-05-18T21:48:27.615+0000] {logging_mixin.py:188} INFO - {
  "address": "8630 Sawleaf Ct Charlotte NC 28215",
  "price": "320000",
  "beds": "3",
  "baths": "2",
  "link": "https://www.redfin.com/NC/Charlotte/8630-Sawleaf-Ct-28215/home/44098706",
  "photos": [
    "https://ssl.cdn-redfin.com/photo/103/bigphoto/198/4142198_0.jpg",
    "https://ssl.cdn-redfin.com/photo/103/mbpaddedwide/198/genMid.4142198_1_0.jpg",
    "https://ssl.cdn-redfin.com/photo/103/mbpaddedwide/198/genMid.4142198_2_0.jpg",
    "https://ssl.cdn-redfin.com/photo/103/mbpaddedwide/198/genMid.4142198_4_0.jpg",
    "https://ssl.cdn-redfin.com/photo/103/mbpaddedwide/198/genMid.4142198_5_0.jpg",
    "https://ssl.cdn-redfin.com/photo/103/bigphoto/198/4142198_3_0.jpg",
    "https://ssl.cdn-redfin.com/photo/103/bigphoto/198/4142198_9_0.jpg",
    "https://ssl.cdn-redfin.com/photo/103/bigphoto/198/4142198_15_0.jpg"
  ],
  "hoa_fee": "51",
  "buyers_agent_fee": "2.25",
  "listing_agent_name": "Jon Hines",
  "listing_agent_contact": "jon@sell4max.com",
  "redfin_agent_name": "Stephen Passarelli",
  "finished_sqft": "1750",
  "unfinished_sqft": "",
  "total_sqft": "1750",
  "stories": "2",
  "style": "Single Family Residential",
  "year_built": "2002",
  "year_renovated": "",
  "county": "Mecklenburg County",
  "APN": "10806511"
}
[2024-05-18T21:48:27.638+0000] {logging_mixin.py:188} INFO - Sending Data to Kafka
[2024-05-18T21:48:29.325+0000] {logging_mixin.py:188} INFO - --------
[2024-05-18T21:48:29.335+0000] {logging_mixin.py:188} INFO - 12
[2024-05-18T21:48:29.366+0000] {logging_mixin.py:188} INFO - Navigating to Listing page: https://www.redfin.com/NC/Charlotte/1428-McIlroy-Rd-28212/home/43998741
[2024-05-18T21:48:50.839+0000] {logging_mixin.py:188} INFO - Extracting Pictures
[2024-05-18T21:48:57.083+0000] {logging_mixin.py:188} INFO - Extracting Key Details
[2024-05-18T21:48:57.881+0000] {logging_mixin.py:188} INFO - Extracting Listing Agent Details
[2024-05-18T21:48:58.454+0000] {logging_mixin.py:188} INFO - Extracting Redfin Agent Details
[2024-05-18T21:48:59.022+0000] {logging_mixin.py:188} INFO - Extracting Property Details
[2024-05-18T21:49:00.744+0000] {logging_mixin.py:188} INFO - {
  "address": "1428 Mcilroy Rd Charlotte NC 28212",
  "price": "539000",
  "beds": "3",
  "baths": "2",
  "link": "https://www.redfin.com/NC/Charlotte/1428-McIlroy-Rd-28212/home/43998741",
  "photos": [
    "https://ssl.cdn-redfin.com/photo/103/bigphoto/081/4142081_0.jpg",
    "https://ssl.cdn-redfin.com/photo/103/mbpaddedwide/081/genMid.4142081_1_0.jpg",
    "https://ssl.cdn-redfin.com/photo/103/mbpaddedwide/081/genMid.4142081_2_0.jpg",
    "https://ssl.cdn-redfin.com/photo/103/mbpaddedwide/081/genMid.4142081_4_0.jpg",
    "https://ssl.cdn-redfin.com/photo/103/mbpaddedwide/081/genMid.4142081_5_0.jpg",
    "https://ssl.cdn-redfin.com/photo/103/bigphoto/081/4142081_3_0.jpg",
    "https://ssl.cdn-redfin.com/photo/103/bigphoto/081/4142081_9_0.jpg",
    "https://ssl.cdn-redfin.com/photo/103/bigphoto/081/4142081_15_0.jpg"
  ],
  "hoa_fee": "",
  "buyers_agent_fee": "2.5",
  "listing_agent_name": "Stephen Scott",
  "listing_agent_contact": "",
  "redfin_agent_name": "Stephen Passarelli",
  "finished_sqft": "1712",
  "unfinished_sqft": "",
  "total_sqft": "1712",
  "stories": "1",
  "style": "Single Family Residential",
  "year_built": "1972",
  "year_renovated": "1975",
  "county": "Mecklenburg County",
  "APN": "18902411"
}
[2024-05-18T21:49:00.754+0000] {logging_mixin.py:188} INFO - Sending Data to Kafka
[2024-05-18T21:49:01.107+0000] {logging_mixin.py:188} INFO - --------
[2024-05-18T21:49:01.108+0000] {logging_mixin.py:188} INFO - 13
[2024-05-18T21:49:01.120+0000] {logging_mixin.py:188} INFO - Navigating to Listing page: https://www.redfin.com/NC/Charlotte/2009-Boynton-St-28269/home/176752007
[2024-05-18T21:49:21.877+0000] {logging_mixin.py:188} INFO - Extracting Pictures
[2024-05-18T21:49:31.918+0000] {logging_mixin.py:188} INFO - Extracting Key Details
[2024-05-18T21:49:32.897+0000] {logging_mixin.py:188} INFO - Extracting Listing Agent Details
[2024-05-18T21:49:33.640+0000] {logging_mixin.py:188} INFO - Extracting Redfin Agent Details
[2024-05-18T21:49:34.195+0000] {logging_mixin.py:188} INFO - Extracting Property Details
[2024-05-18T21:49:35.405+0000] {logging_mixin.py:188} INFO - {
  "address": "2009 Boynton St Charlotte NC 28269",
  "price": "585000",
  "beds": "5",
  "baths": "4.5",
  "link": "https://www.redfin.com/NC/Charlotte/2009-Boynton-St-28269/home/176752007",
  "photos": [
    "https://ssl.cdn-redfin.com/photo/103/bigphoto/652/4141652_0.jpg",
    "https://ssl.cdn-redfin.com/photo/103/mbpaddedwide/652/genMid.4141652_1_0.jpg",
    "https://ssl.cdn-redfin.com/photo/103/mbpaddedwide/652/genMid.4141652_2_0.jpg",
    "https://ssl.cdn-redfin.com/photo/103/mbpaddedwide/652/genMid.4141652_4_0.jpg",
    "https://ssl.cdn-redfin.com/photo/103/mbpaddedwide/652/genMid.4141652_5_0.jpg",
    "https://ssl.cdn-redfin.com/photo/103/bigphoto/652/4141652_3_0.jpg",
    "https://ssl.cdn-redfin.com/photo/103/bigphoto/652/4141652_9_0.jpg",
    "https://ssl.cdn-redfin.com/photo/103/bigphoto/652/4141652_15_0.jpg",
    "https://ssl.cdn-redfin.com/photo/103/bigphoto/652/4141652_21_0.jpg",
    "https://ssl.cdn-redfin.com/photo/103/bigphoto/652/4141652_27_0.jpg",
    "https://ssl.cdn-redfin.com/photo/103/bigphoto/652/4141652_33_0.jpg",
    "https://ssl.cdn-redfin.com/photo/103/bigphoto/652/4141652_39_0.jpg"
  ],
  "hoa_fee": "83",
  "buyers_agent_fee": "3",
  "listing_agent_name": "Lauren Dayton",
  "listing_agent_contact": "ldayton@helenadamsrealty.com",
  "redfin_agent_name": "Karen Krotki",
  "finished_sqft": "",
  "unfinished_sqft": "",
  "total_sqft": "",
  "stories": "2",
  "style": "Single Family Residential",
  "year_built": "2021",
  "year_renovated": "",
  "county": "Mecklenburg County",
  "APN": "02718582"
}
[2024-05-18T21:49:35.407+0000] {logging_mixin.py:188} INFO - Sending Data to Kafka
[2024-05-18T21:49:35.585+0000] {logging_mixin.py:188} INFO - --------
[2024-05-18T21:49:35.586+0000] {logging_mixin.py:188} INFO - 14
[2024-05-18T21:49:35.590+0000] {logging_mixin.py:188} INFO - Navigating to Listing page: https://www.redfin.com/NC/Charlotte/15027-Boudins-Ln-28278/home/44165077
[2024-05-18T21:49:59.318+0000] {logging_mixin.py:188} INFO - Extracting Pictures
[2024-05-18T21:50:03.250+0000] {logging_mixin.py:188} INFO - Extracting Key Details
[2024-05-18T21:50:04.063+0000] {logging_mixin.py:188} INFO - Extracting Listing Agent Details
[2024-05-18T21:50:04.687+0000] {logging_mixin.py:188} INFO - Extracting Redfin Agent Details
[2024-05-18T21:50:05.198+0000] {logging_mixin.py:188} INFO - Extracting Property Details
[2024-05-18T21:50:06.355+0000] {logging_mixin.py:188} INFO - {
  "address": "15027 Boudins Ln Charlotte NC 28278",
  "price": "539900",
  "beds": "5",
  "baths": "2.5",
  "link": "https://www.redfin.com/NC/Charlotte/15027-Boudins-Ln-28278/home/44165077",
  "photos": [
    "https://ssl.cdn-redfin.com/photo/103/bigphoto/178/4142178_0.jpg",
    "https://ssl.cdn-redfin.com/photo/103/mbpaddedwide/178/genMid.4142178_1_0.jpg",
    "https://ssl.cdn-redfin.com/photo/103/mbpaddedwide/178/genMid.4142178_2_0.jpg",
    "https://ssl.cdn-redfin.com/photo/103/mbpaddedwide/178/genMid.4142178_4_0.jpg",
    "https://ssl.cdn-redfin.com/photo/103/mbpaddedwide/178/genMid.4142178_5_0.jpg",
    "https://ssl.cdn-redfin.com/photo/103/bigphoto/178/4142178_3_0.jpg",
    "https://ssl.cdn-redfin.com/photo/103/bigphoto/178/4142178_9_0.jpg",
    "https://ssl.cdn-redfin.com/photo/103/bigphoto/178/4142178_15_0.jpg",
    "https://ssl.cdn-redfin.com/photo/103/bigphoto/178/4142178_21_0.jpg",
    "https://ssl.cdn-redfin.com/photo/103/bigphoto/178/4142178_27_0.jpg",
    "https://ssl.cdn-redfin.com/photo/103/bigphoto/178/4142178_33_0.jpg"
  ],
  "hoa_fee": "190",
  "buyers_agent_fee": "3",
  "listing_agent_name": "Sean Walker",
  "listing_agent_contact": "sean.walker@pickethomes.com",
  "redfin_agent_name": "Stephen Passarelli",
  "finished_sqft": "",
  "unfinished_sqft": "",
  "total_sqft": "",
  "stories": "2",
  "style": "Single Family Residential",
  "year_built": "2018",
  "year_renovated": "",
  "county": "Mecklenburg County",
  "APN": "21728245"
}
[2024-05-18T21:50:06.357+0000] {logging_mixin.py:188} INFO - Sending Data to Kafka
[2024-05-18T21:50:06.603+0000] {logging_mixin.py:188} INFO - --------
[2024-05-18T21:50:06.604+0000] {logging_mixin.py:188} INFO - 15
[2024-05-18T21:50:06.608+0000] {logging_mixin.py:188} INFO - Navigating to Listing page: https://www.redfin.com/NC/Charlotte/2924-Sharon-View-Rd-28210/home/44018158
[2024-05-18T21:51:46.286+0000] {logging_mixin.py:188} INFO - No Pictures
[2024-05-18T21:51:46.960+0000] {logging_mixin.py:188} INFO - Extracting Key Details
[2024-05-18T21:51:47.810+0000] {logging_mixin.py:188} INFO - Extracting Listing Agent Details
[2024-05-18T21:51:48.460+0000] {logging_mixin.py:188} INFO - Extracting Redfin Agent Details
[2024-05-18T21:51:48.953+0000] {logging_mixin.py:188} INFO - Extracting Property Details
[2024-05-18T21:51:50.289+0000] {logging_mixin.py:188} INFO - {
  "address": "2924 Sharon View Rd Charlotte NC 28210",
  "price": "1200000",
  "beds": "5",
  "baths": "4",
  "link": "https://www.redfin.com/NC/Charlotte/2924-Sharon-View-Rd-28210/home/44018158",
  "photos": [],
  "hoa_fee": "",
  "buyers_agent_fee": "2\u00a0buyer's",
  "listing_agent_name": "Vernon Jackson",
  "listing_agent_contact": "Vernon@VernonJackson3.com",
  "redfin_agent_name": "Jon Bartholomew",
  "finished_sqft": "2484",
  "unfinished_sqft": "",
  "total_sqft": "2484",
  "stories": "1",
  "style": "Single Family Residential",
  "year_built": "1978",
  "year_renovated": "",
  "county": "Mecklenburg County",
  "APN": "20906203"
}
[2024-05-18T21:51:50.290+0000] {logging_mixin.py:188} INFO - Sending Data to Kafka
[2024-05-18T21:51:50.474+0000] {logging_mixin.py:188} INFO - --------
[2024-05-18T21:51:50.475+0000] {logging_mixin.py:188} INFO - 16
[2024-05-18T21:51:50.478+0000] {logging_mixin.py:188} INFO - Navigating to Listing page: https://www.redfin.com/NC/Charlotte/5124-Star-Hill-Ln-28214/home/113367316
[2024-05-18T21:52:06.140+0000] {logging_mixin.py:188} INFO - Extracting Pictures
[2024-05-18T21:52:09.360+0000] {logging_mixin.py:188} INFO - Extracting Key Details
[2024-05-18T21:52:10.275+0000] {logging_mixin.py:188} INFO - Extracting Listing Agent Details
[2024-05-18T21:52:10.937+0000] {logging_mixin.py:188} INFO - Extracting Redfin Agent Details
[2024-05-18T21:52:11.438+0000] {logging_mixin.py:188} INFO - Extracting Property Details
[2024-05-18T21:52:13.089+0000] {logging_mixin.py:188} INFO - {
  "address": "5124 Star Hill Ln Charlotte NC 28214",
  "price": "480000",
  "beds": "3",
  "baths": "2",
  "link": "https://www.redfin.com/NC/Charlotte/5124-Star-Hill-Ln-28214/home/113367316",
  "photos": [
    "https://ssl.cdn-redfin.com/photo/103/bigphoto/091/4141091_0.jpg",
    "https://ssl.cdn-redfin.com/photo/103/mbpaddedwide/091/genMid.4141091_1_0.jpg",
    "https://ssl.cdn-redfin.com/photo/103/mbpaddedwide/091/genMid.4141091_2_0.jpg",
    "https://ssl.cdn-redfin.com/photo/103/mbpaddedwide/091/genMid.4141091_4_0.jpg",
    "https://ssl.cdn-redfin.com/photo/103/mbpaddedwide/091/genMid.4141091_5_0.jpg",
    "https://ssl.cdn-redfin.com/photo/103/bigphoto/091/4141091_3_0.jpg",
    "https://ssl.cdn-redfin.com/photo/103/bigphoto/091/4141091_9_0.jpg",
    "https://ssl.cdn-redfin.com/photo/103/bigphoto/091/4141091_15_0.jpg",
    "https://ssl.cdn-redfin.com/photo/103/bigphoto/091/4141091_21_0.jpg",
    "https://ssl.cdn-redfin.com/photo/103/bigphoto/091/4141091_27_0.jpg",
    "https://ssl.cdn-redfin.com/photo/103/bigphoto/091/4141091_33_0.jpg"
  ],
  "hoa_fee": "322",
  "buyers_agent_fee": "3",
  "listing_agent_name": "Drew Choate",
  "listing_agent_contact": "drew@lwman.com",
  "redfin_agent_name": "Karen Krotki",
  "finished_sqft": "1828",
  "unfinished_sqft": "",
  "total_sqft": "1828",
  "stories": "1.5",
  "style": "Single Family Residential",
  "year_built": "2016",
  "year_renovated": "",
  "county": "Mecklenburg County",
  "APN": "11322404"
}
[2024-05-18T21:52:13.092+0000] {logging_mixin.py:188} INFO - Sending Data to Kafka
[2024-05-18T21:52:13.291+0000] {logging_mixin.py:188} INFO - --------
[2024-05-18T21:52:13.291+0000] {logging_mixin.py:188} INFO - 17
[2024-05-18T21:52:13.296+0000] {logging_mixin.py:188} INFO - Navigating to Listing page: https://www.redfin.com/NC/Charlotte/2610-Hamilton-Crossings-Dr-28214/home/44124257
[2024-05-18T21:52:39.254+0000] {logging_mixin.py:188} INFO - Extracting Pictures
[2024-05-18T21:52:43.924+0000] {logging_mixin.py:188} INFO - Extracting Key Details
[2024-05-18T21:52:45.187+0000] {logging_mixin.py:188} INFO - Extracting Listing Agent Details
[2024-05-18T21:52:45.968+0000] {logging_mixin.py:188} INFO - Extracting Redfin Agent Details
[2024-05-18T21:52:47.358+0000] {logging_mixin.py:188} INFO - Extracting Property Details
[2024-05-18T21:52:48.976+0000] {logging_mixin.py:188} INFO - {
  "address": "2610 Hamilton Crossings Dr Charlotte NC 28214",
  "price": "875000",
  "beds": "5",
  "baths": "5",
  "link": "https://www.redfin.com/NC/Charlotte/2610-Hamilton-Crossings-Dr-28214/home/44124257",
  "photos": [
    "https://ssl.cdn-redfin.com/photo/103/bigphoto/814/4141814_1.jpg",
    "https://ssl.cdn-redfin.com/photo/103/mbpaddedwide/814/genMid.4141814_1_0.jpg",
    "https://ssl.cdn-redfin.com/photo/103/mbpaddedwide/814/genMid.4141814_2_0.jpg",
    "https://ssl.cdn-redfin.com/photo/103/mbpaddedwide/814/genMid.4141814_4_0.jpg",
    "https://ssl.cdn-redfin.com/photo/103/mbpaddedwide/814/genMid.4141814_5_0.jpg",
    "https://ssl.cdn-redfin.com/photo/103/bigphoto/814/4141814_3_0.jpg",
    "https://ssl.cdn-redfin.com/photo/103/bigphoto/814/4141814_9_0.jpg",
    "https://ssl.cdn-redfin.com/photo/103/bigphoto/814/4141814_15_1.jpg",
    "https://ssl.cdn-redfin.com/photo/103/bigphoto/814/4141814_21_1.jpg",
    "https://ssl.cdn-redfin.com/photo/103/bigphoto/814/4141814_27_1.jpg",
    "https://ssl.cdn-redfin.com/photo/103/bigphoto/814/4141814_33_1.jpg"
  ],
  "hoa_fee": "129",
  "buyers_agent_fee": "2.5",
  "listing_agent_name": "Renee Austin Elkin",
  "listing_agent_contact": "renee@reneeelkin.com",
  "redfin_agent_name": "Brian Rogers",
  "finished_sqft": "3580",
  "unfinished_sqft": "",
  "total_sqft": "3580",
  "stories": "2",
  "style": "Single Family Residential",
  "year_built": "2005",
  "year_renovated": "",
  "county": "Mecklenburg County",
  "APN": "02323224"
}
[2024-05-18T21:52:48.979+0000] {logging_mixin.py:188} INFO - Sending Data to Kafka
[2024-05-18T21:52:49.212+0000] {logging_mixin.py:188} INFO - --------
[2024-05-18T21:52:49.212+0000] {logging_mixin.py:188} INFO - 18
[2024-05-18T21:52:49.214+0000] {logging_mixin.py:188} INFO - Navigating to Listing page: https://www.redfin.com/NC/Charlotte/14646-Via-Sorrento-Dr-28277/home/44131336
[2024-05-18T21:53:14.127+0000] {logging_mixin.py:188} INFO - Extracting Pictures
[2024-05-18T21:53:20.389+0000] {logging_mixin.py:188} INFO - Extracting Key Details
[2024-05-18T21:53:21.103+0000] {logging_mixin.py:188} INFO - Extracting Listing Agent Details
[2024-05-18T21:53:21.752+0000] {logging_mixin.py:188} INFO - Extracting Redfin Agent Details
[2024-05-18T21:53:22.414+0000] {logging_mixin.py:188} INFO - Extracting Property Details
[2024-05-18T21:53:24.030+0000] {logging_mixin.py:188} INFO - {
  "address": "14646 Via Sorrento Dr Charlotte NC 28277",
  "price": "320000",
  "beds": "2",
  "baths": "2",
  "link": "https://www.redfin.com/NC/Charlotte/14646-Via-Sorrento-Dr-28277/home/44131336",
  "photos": [
    "https://ssl.cdn-redfin.com/photo/103/bigphoto/791/4141791_0.jpg",
    "https://ssl.cdn-redfin.com/photo/103/mbpaddedwide/791/genMid.4141791_1_0.jpg",
    "https://ssl.cdn-redfin.com/photo/103/mbpaddedwide/791/genMid.4141791_2_1.jpg",
    "https://ssl.cdn-redfin.com/photo/103/mbpaddedwide/791/genMid.4141791_4_1.jpg",
    "https://ssl.cdn-redfin.com/photo/103/mbpaddedwide/791/genMid.4141791_5_1.jpg",
    "https://ssl.cdn-redfin.com/photo/103/bigphoto/791/4141791_3_1.jpg",
    "https://ssl.cdn-redfin.com/photo/103/bigphoto/791/4141791_9_1.jpg",
    "https://ssl.cdn-redfin.com/photo/103/bigphoto/791/4141791_15_1.jpg",
    "https://ssl.cdn-redfin.com/photo/103/bigphoto/791/4141791_21_1.jpg",
    "https://ssl.cdn-redfin.com/photo/103/bigphoto/791/4141791_27_1.jpg"
  ],
  "hoa_fee": "",
  "buyers_agent_fee": "2.5",
  "listing_agent_name": "Megan Votruba",
  "listing_agent_contact": "",
  "redfin_agent_name": "Stephen Passarelli",
  "finished_sqft": "1020",
  "unfinished_sqft": "",
  "total_sqft": "1020",
  "stories": "1",
  "style": "Condo/Co-op",
  "year_built": "2005",
  "year_renovated": "",
  "county": "Mecklenburg County",
  "APN": "22354522"
}
[2024-05-18T21:53:24.032+0000] {logging_mixin.py:188} INFO - Sending Data to Kafka
[2024-05-18T21:53:24.284+0000] {logging_mixin.py:188} INFO - --------
[2024-05-18T21:53:24.298+0000] {logging_mixin.py:188} INFO - 19
[2024-05-18T21:53:24.300+0000] {logging_mixin.py:188} INFO - Navigating to Listing page: https://www.redfin.com/NC/Charlotte/9519-Turning-Wheel-Dr-28214/home/44158470
[2024-05-18T21:53:43.280+0000] {logging_mixin.py:188} INFO - Extracting Pictures
[2024-05-18T21:53:45.807+0000] {logging_mixin.py:188} INFO - Extracting Key Details
[2024-05-18T21:53:46.621+0000] {logging_mixin.py:188} INFO - Extracting Listing Agent Details
[2024-05-18T21:53:47.292+0000] {logging_mixin.py:188} INFO - Extracting Redfin Agent Details
[2024-05-18T21:53:47.889+0000] {logging_mixin.py:188} INFO - Extracting Property Details
[2024-05-18T21:53:49.342+0000] {logging_mixin.py:188} INFO - {
  "address": "9519 Turning Wheel Dr Charlotte NC 28214",
  "price": "417000",
  "beds": "4",
  "baths": "2.5",
  "link": "https://www.redfin.com/NC/Charlotte/9519-Turning-Wheel-Dr-28214/home/44158470",
  "photos": [
    "https://ssl.cdn-redfin.com/photo/103/bigphoto/435/4136435_0.jpg",
    "https://ssl.cdn-redfin.com/photo/103/mbpaddedwide/435/genMid.4136435_1_0.jpg",
    "https://ssl.cdn-redfin.com/photo/103/mbpaddedwide/435/genMid.4136435_2_0.jpg",
    "https://ssl.cdn-redfin.com/photo/103/mbpaddedwide/435/genMid.4136435_4_0.jpg",
    "https://ssl.cdn-redfin.com/photo/103/mbpaddedwide/435/genMid.4136435_5_0.jpg",
    "https://ssl.cdn-redfin.com/photo/103/bigphoto/435/4136435_3_0.jpg",
    "https://ssl.cdn-redfin.com/photo/103/bigphoto/435/4136435_9_0.jpg",
    "https://ssl.cdn-redfin.com/photo/103/bigphoto/435/4136435_15_0.jpg",
    "https://ssl.cdn-redfin.com/photo/103/bigphoto/435/4136435_21_0.jpg",
    "https://ssl.cdn-redfin.com/photo/103/bigphoto/435/4136435_27_0.jpg"
  ],
  "hoa_fee": "86",
  "buyers_agent_fee": "2",
  "listing_agent_name": "Shana Brookshire Harris",
  "listing_agent_contact": "theharrisluxury@gmail.com",
  "redfin_agent_name": "Karen Krotki",
  "finished_sqft": "2186",
  "unfinished_sqft": "",
  "total_sqft": "2186",
  "stories": "2",
  "style": "Single Family Residential",
  "year_built": "2011",
  "year_renovated": "",
  "county": "Mecklenburg County",
  "APN": "03105273"
}
[2024-05-18T21:53:49.343+0000] {logging_mixin.py:188} INFO - Sending Data to Kafka
[2024-05-18T21:53:49.536+0000] {logging_mixin.py:188} INFO - --------
[2024-05-18T21:53:49.536+0000] {logging_mixin.py:188} INFO - 20
[2024-05-18T21:53:49.539+0000] {logging_mixin.py:188} INFO - Navigating to Listing page: https://www.redfin.com/NC/Charlotte/5535-Kincross-Ln-28277/home/44042194
[2024-05-18T21:54:27.893+0000] {logging_mixin.py:188} INFO - Extracting Pictures
[2024-05-18T21:54:41.875+0000] {logging_mixin.py:188} INFO - Extracting Key Details
[2024-05-18T21:54:42.650+0000] {logging_mixin.py:188} INFO - Extracting Listing Agent Details
[2024-05-18T21:54:43.426+0000] {logging_mixin.py:188} INFO - Extracting Redfin Agent Details
[2024-05-18T21:54:44.001+0000] {logging_mixin.py:188} INFO - Extracting Property Details
[2024-05-18T21:54:45.510+0000] {logging_mixin.py:188} INFO - {
  "address": "5535 Kincross Ln Charlotte NC 28277",
  "price": "825000",
  "beds": "4",
  "baths": "2.5",
  "link": "https://www.redfin.com/NC/Charlotte/5535-Kincross-Ln-28277/home/44042194",
  "photos": [
    "https://ssl.cdn-redfin.com/photo/103/bigphoto/846/4138846_1.jpg",
    "https://ssl.cdn-redfin.com/photo/103/mbpaddedwide/846/genMid.4138846_1_0.jpg",
    "https://ssl.cdn-redfin.com/photo/103/mbpaddedwide/846/genMid.4138846_2_0.jpg",
    "https://ssl.cdn-redfin.com/photo/103/mbpaddedwide/846/genMid.4138846_4_0.jpg",
    "https://ssl.cdn-redfin.com/photo/103/mbpaddedwide/846/genMid.4138846_5_0.jpg",
    "https://ssl.cdn-redfin.com/photo/103/bigphoto/846/4138846_3_0.jpg",
    "https://ssl.cdn-redfin.com/photo/103/bigphoto/846/4138846_9_0.jpg",
    "https://ssl.cdn-redfin.com/photo/103/bigphoto/846/4138846_15_0.jpg",
    "https://ssl.cdn-redfin.com/photo/103/bigphoto/846/4138846_21_0.jpg",
    "https://ssl.cdn-redfin.com/photo/103/bigphoto/846/4138846_27_0.jpg",
    "https://ssl.cdn-redfin.com/photo/103/bigphoto/846/4138846_33_0.jpg",
    "https://ssl.cdn-redfin.com/photo/103/bigphoto/846/4138846_39_0.jpg"
  ],
  "hoa_fee": "",
  "buyers_agent_fee": "3",
  "listing_agent_name": "Rachelle Gilman",
  "listing_agent_contact": "rachelle.gilman@bhhscarolinas.com",
  "redfin_agent_name": "Stephen Passarelli",
  "finished_sqft": "2722",
  "unfinished_sqft": "",
  "total_sqft": "2722",
  "stories": "2",
  "style": "Single Family Residential",
  "year_built": "1986",
  "year_renovated": "",
  "county": "Mecklenburg County",
  "APN": "22535329"
}
[2024-05-18T21:54:45.515+0000] {logging_mixin.py:188} INFO - Sending Data to Kafka
[2024-05-18T21:54:45.685+0000] {logging_mixin.py:188} INFO - --------
[2024-05-18T21:54:45.686+0000] {logging_mixin.py:188} INFO - 21
[2024-05-18T21:54:45.689+0000] {logging_mixin.py:188} INFO - Navigating to Listing page: https://www.redfin.com/NC/Charlotte/8331-Olde-Troon-Dr-28277/home/44040327
[2024-05-18T21:55:05.118+0000] {logging_mixin.py:188} INFO - Extracting Pictures
[2024-05-18T21:55:09.773+0000] {logging_mixin.py:188} INFO - Extracting Key Details
[2024-05-18T21:55:10.715+0000] {logging_mixin.py:188} INFO - Extracting Listing Agent Details
[2024-05-18T21:55:11.390+0000] {logging_mixin.py:188} INFO - Extracting Redfin Agent Details
[2024-05-18T21:55:11.854+0000] {logging_mixin.py:188} INFO - Extracting Property Details
[2024-05-18T21:55:14.165+0000] {logging_mixin.py:188} INFO - {
  "address": "8331 Olde Troon Dr Charlotte NC 28277",
  "price": "444900",
  "beds": "3",
  "baths": "2",
  "link": "https://www.redfin.com/NC/Charlotte/8331-Olde-Troon-Dr-28277/home/44040327",
  "photos": [
    "https://ssl.cdn-redfin.com/photo/103/bigphoto/985/4130985_0.jpg",
    "https://ssl.cdn-redfin.com/photo/103/mbpaddedwide/985/genMid.4130985_1_0.jpg",
    "https://ssl.cdn-redfin.com/photo/103/mbpaddedwide/985/genMid.4130985_2_0.jpg",
    "https://ssl.cdn-redfin.com/photo/103/mbpaddedwide/985/genMid.4130985_4_0.jpg",
    "https://ssl.cdn-redfin.com/photo/103/mbpaddedwide/985/genMid.4130985_5_0.jpg",
    "https://ssl.cdn-redfin.com/photo/103/bigphoto/985/4130985_3_0.jpg",
    "https://ssl.cdn-redfin.com/photo/103/bigphoto/985/4130985_9_0.jpg",
    "https://ssl.cdn-redfin.com/photo/103/bigphoto/985/4130985_15_0.jpg",
    "https://ssl.cdn-redfin.com/photo/103/bigphoto/985/4130985_21_0.jpg"
  ],
  "hoa_fee": "486",
  "buyers_agent_fee": "2.5",
  "listing_agent_name": "Douglas Carson",
  "listing_agent_contact": "dcmtgmoney@aol.com",
  "redfin_agent_name": "Stephen Passarelli",
  "finished_sqft": "1489",
  "unfinished_sqft": "",
  "total_sqft": "1489",
  "stories": "1",
  "style": "Townhouse",
  "year_built": "1996",
  "year_renovated": "",
  "county": "Mecklenburg County",
  "APN": "22360217"
}
[2024-05-18T21:55:14.170+0000] {logging_mixin.py:188} INFO - Sending Data to Kafka
[2024-05-18T21:55:14.371+0000] {logging_mixin.py:188} INFO - --------
[2024-05-18T21:55:14.372+0000] {logging_mixin.py:188} INFO - 22
[2024-05-18T21:55:14.374+0000] {logging_mixin.py:188} INFO - Navigating to Listing page: https://www.redfin.com/NC/Charlotte/7822-Waverly-Walk-Ave-28277/home/108421667
[2024-05-18T21:55:35.533+0000] {logging_mixin.py:188} INFO - Extracting Pictures
[2024-05-18T21:55:43.029+0000] {logging_mixin.py:188} INFO - Extracting Key Details
[2024-05-18T21:55:43.758+0000] {logging_mixin.py:188} INFO - Extracting Listing Agent Details
[2024-05-18T21:55:44.304+0000] {logging_mixin.py:188} INFO - Extracting Redfin Agent Details
[2024-05-18T21:55:45.133+0000] {logging_mixin.py:188} INFO - Extracting Property Details
[2024-05-18T21:55:46.550+0000] {logging_mixin.py:188} INFO - {
  "address": "7822 Waverly Walk Ave Charlotte NC 28277",
  "price": "795000",
  "beds": "5",
  "baths": "4",
  "link": "https://www.redfin.com/NC/Charlotte/7822-Waverly-Walk-Ave-28277/home/108421667",
  "photos": [
    "https://ssl.cdn-redfin.com/photo/103/bigphoto/227/4133227_2.jpg",
    "https://ssl.cdn-redfin.com/photo/103/mbpaddedwide/227/genMid.4133227_1_2.jpg",
    "https://ssl.cdn-redfin.com/photo/103/mbpaddedwide/227/genMid.4133227_5_0.jpg",
    "https://ssl.cdn-redfin.com/photo/103/mbpaddedwide/227/genMid.4133227_3_0.jpg",
    "https://ssl.cdn-redfin.com/photo/103/mbpaddedwide/227/genMid.4133227_4_0.jpg",
    "https://ssl.cdn-redfin.com/photo/103/bigphoto/227/4133227_2_0.jpg",
    "https://ssl.cdn-redfin.com/photo/103/bigphoto/227/4133227_8_0.jpg",
    "https://ssl.cdn-redfin.com/photo/103/bigphoto/227/4133227_14_0.jpg",
    "https://ssl.cdn-redfin.com/photo/103/bigphoto/227/4133227_20_0.jpg",
    "https://ssl.cdn-redfin.com/photo/103/bigphoto/227/4133227_26_0.jpg",
    "https://ssl.cdn-redfin.com/photo/103/bigphoto/227/4133227_32_0.jpg",
    "https://ssl.cdn-redfin.com/photo/103/bigphoto/227/4133227_38_0.jpg",
    "https://ssl.cdn-redfin.com/photo/103/bigphoto/227/4133227_44_0.jpg"
  ],
  "hoa_fee": "121",
  "buyers_agent_fee": "3",
  "listing_agent_name": "Laura Collins",
  "listing_agent_contact": "lauradcollins@gmail.com",
  "redfin_agent_name": "Stephen Passarelli",
  "finished_sqft": "2800",
  "unfinished_sqft": "",
  "total_sqft": "2800",
  "stories": "2",
  "style": "Single Family Residential",
  "year_built": "2016",
  "year_renovated": "",
  "county": "Mecklenburg County",
  "APN": "23113243"
}
[2024-05-18T21:55:46.552+0000] {logging_mixin.py:188} INFO - Sending Data to Kafka
[2024-05-18T21:55:46.657+0000] {logging_mixin.py:188} INFO - --------
[2024-05-18T21:55:46.658+0000] {logging_mixin.py:188} INFO - 23
[2024-05-18T21:55:46.663+0000] {logging_mixin.py:188} INFO - Navigating to Listing page: https://www.redfin.com/NC/Charlotte/824-Imperial-Ct-28273/unit-41/home/190789327
[2024-05-18T21:56:03.501+0000] {logging_mixin.py:188} INFO - Extracting Pictures
[2024-05-18T21:56:13.329+0000] {logging_mixin.py:188} INFO - Extracting Key Details
[2024-05-18T21:56:15.029+0000] {logging_mixin.py:188} INFO - Extracting Listing Agent Details
[2024-05-18T21:56:15.689+0000] {logging_mixin.py:188} INFO - Extracting Redfin Agent Details
[2024-05-18T21:56:16.203+0000] {logging_mixin.py:188} INFO - Extracting Property Details
[2024-05-18T21:56:17.554+0000] {logging_mixin.py:188} INFO - {
  "address": "824 Imperial Ct #41 Charlotte NC 28273",
  "price": "379000",
  "beds": "2",
  "baths": "2.5",
  "link": "https://www.redfin.com/NC/Charlotte/824-Imperial-Ct-28273/unit-41/home/190789327",
  "photos": [
    "https://ssl.cdn-redfin.com/photo/103/bigphoto/489/4140489_0.jpg",
    "https://ssl.cdn-redfin.com/photo/103/mbpaddedwide/489/genMid.4140489_1_0.jpg",
    "https://ssl.cdn-redfin.com/photo/103/mbpaddedwide/489/genMid.4140489_2_0.jpg",
    "https://ssl.cdn-redfin.com/photo/103/mbpaddedwide/489/genMid.4140489_4_0.jpg",
    "https://ssl.cdn-redfin.com/photo/103/mbpaddedwide/489/genMid.4140489_5_0.jpg",
    "https://ssl.cdn-redfin.com/photo/103/bigphoto/489/4140489_3_0.jpg",
    "https://ssl.cdn-redfin.com/photo/103/bigphoto/489/4140489_9_0.jpg",
    "https://ssl.cdn-redfin.com/photo/103/bigphoto/489/4140489_15_0.jpg",
    "https://ssl.cdn-redfin.com/photo/103/bigphoto/489/4140489_21_0.jpg",
    "https://ssl.cdn-redfin.com/photo/103/bigphoto/489/4140489_27_0.jpg",
    "https://ssl.cdn-redfin.com/photo/103/bigphoto/489/4140489_33_0.jpg"
  ],
  "hoa_fee": "192",
  "buyers_agent_fee": "2.5",
  "listing_agent_name": "Lauren Greene",
  "listing_agent_contact": "lgreene@laurenleadsyouhome.com",
  "redfin_agent_name": "Stephen Passarelli",
  "finished_sqft": "",
  "unfinished_sqft": "",
  "total_sqft": "",
  "stories": "",
  "style": "Townhouse",
  "year_built": "",
  "year_renovated": "",
  "county": "Mecklenburg County",
  "APN": "20516855"
}
[2024-05-18T21:56:17.556+0000] {logging_mixin.py:188} INFO - Sending Data to Kafka
[2024-05-18T21:56:17.733+0000] {logging_mixin.py:188} INFO - --------
[2024-05-18T21:56:17.733+0000] {logging_mixin.py:188} INFO - 24
[2024-05-18T21:56:17.735+0000] {logging_mixin.py:188} INFO - Navigating to Listing page: https://www.redfin.com/NC/Charlotte/3925-Ayrshire-Pl-28210/home/43994527
[2024-05-18T21:56:37.546+0000] {logging_mixin.py:188} INFO - Extracting Pictures
[2024-05-18T21:56:44.767+0000] {logging_mixin.py:188} INFO - Extracting Key Details
[2024-05-18T21:56:45.661+0000] {logging_mixin.py:188} INFO - Extracting Listing Agent Details
[2024-05-18T21:56:46.280+0000] {logging_mixin.py:188} INFO - Extracting Redfin Agent Details
[2024-05-18T21:56:46.753+0000] {logging_mixin.py:188} INFO - Extracting Property Details
[2024-05-18T21:56:48.294+0000] {logging_mixin.py:188} INFO - {
  "address": "3925 Ayrshire Pl Charlotte NC 28210",
  "price": "1200000",
  "beds": "4",
  "baths": "3.5",
  "link": "https://www.redfin.com/NC/Charlotte/3925-Ayrshire-Pl-28210/home/43994527",
  "photos": [
    "https://ssl.cdn-redfin.com/photo/103/bigphoto/274/4141274_0.jpg",
    "https://ssl.cdn-redfin.com/photo/103/mbpaddedwide/274/genMid.4141274_1_0.jpg",
    "https://ssl.cdn-redfin.com/photo/103/mbpaddedwide/274/genMid.4141274_2_0.jpg",
    "https://ssl.cdn-redfin.com/photo/103/mbpaddedwide/274/genMid.4141274_4_0.jpg",
    "https://ssl.cdn-redfin.com/photo/103/mbpaddedwide/274/genMid.4141274_5_0.jpg",
    "https://ssl.cdn-redfin.com/photo/103/bigphoto/274/4141274_3_0.jpg",
    "https://ssl.cdn-redfin.com/photo/103/bigphoto/274/4141274_9_0.jpg",
    "https://ssl.cdn-redfin.com/photo/103/bigphoto/274/4141274_15_0.jpg",
    "https://ssl.cdn-redfin.com/photo/103/bigphoto/274/4141274_21_0.jpg",
    "https://ssl.cdn-redfin.com/photo/103/bigphoto/274/4141274_27_0.jpg",
    "https://ssl.cdn-redfin.com/photo/103/bigphoto/274/4141274_33_0.jpg",
    "https://ssl.cdn-redfin.com/photo/103/bigphoto/274/4141274_39_0.jpg"
  ],
  "hoa_fee": "",
  "buyers_agent_fee": "2.08\u00a0-",
  "listing_agent_name": "Brandon Gafgen",
  "listing_agent_contact": "brandon.gafgen@gmail.com",
  "redfin_agent_name": "Jon Bartholomew",
  "finished_sqft": "4105",
  "unfinished_sqft": "",
  "total_sqft": "4105",
  "stories": "2",
  "style": "Single Family Residential",
  "year_built": "1988",
  "year_renovated": "",
  "county": "Mecklenburg County",
  "APN": "17911254"
}
[2024-05-18T21:56:48.296+0000] {logging_mixin.py:188} INFO - Sending Data to Kafka
[2024-05-18T21:56:48.475+0000] {logging_mixin.py:188} INFO - --------
[2024-05-18T21:56:48.476+0000] {logging_mixin.py:188} INFO - 25
[2024-05-18T21:56:48.478+0000] {logging_mixin.py:188} INFO - Navigating to Listing page: https://www.redfin.com/NC/Charlotte/5133-Hunt-Stand-Ln-28226/home/44023356
[2024-05-18T21:57:12.218+0000] {logging_mixin.py:188} INFO - Extracting Pictures
[2024-05-18T21:57:16.918+0000] {logging_mixin.py:188} INFO - Extracting Key Details
[2024-05-18T21:57:17.857+0000] {logging_mixin.py:188} INFO - Extracting Listing Agent Details
[2024-05-18T21:57:19.626+0000] {logging_mixin.py:188} INFO - Extracting Redfin Agent Details
[2024-05-18T21:57:20.546+0000] {logging_mixin.py:188} INFO - Extracting Property Details
[2024-05-18T21:57:21.833+0000] {logging_mixin.py:188} INFO - {
  "address": "5133 Hunt Stand Ln Charlotte NC 28226",
  "price": "695000",
  "beds": "3",
  "baths": "3",
  "link": "https://www.redfin.com/NC/Charlotte/5133-Hunt-Stand-Ln-28226/home/44023356",
  "photos": [
    "https://ssl.cdn-redfin.com/photo/103/bigphoto/041/4138041_0.jpg",
    "https://ssl.cdn-redfin.com/photo/103/mbpaddedwide/041/genMid.4138041_1_0.jpg",
    "https://ssl.cdn-redfin.com/photo/103/mbpaddedwide/041/genMid.4138041_2_0.jpg",
    "https://ssl.cdn-redfin.com/photo/103/mbpaddedwide/041/genMid.4138041_4_1.jpg",
    "https://ssl.cdn-redfin.com/photo/103/mbpaddedwide/041/genMid.4138041_5_1.jpg",
    "https://ssl.cdn-redfin.com/photo/103/bigphoto/041/4138041_3_0.jpg",
    "https://ssl.cdn-redfin.com/photo/103/bigphoto/041/4138041_9_1.jpg",
    "https://ssl.cdn-redfin.com/photo/103/bigphoto/041/4138041_15_1.jpg",
    "https://ssl.cdn-redfin.com/photo/103/bigphoto/041/4138041_21_1.jpg",
    "https://ssl.cdn-redfin.com/photo/103/bigphoto/041/4138041_27_1.jpg"
  ],
  "hoa_fee": "330",
  "buyers_agent_fee": "2.5",
  "listing_agent_name": "Bobbi Sherrill",
  "listing_agent_contact": "charlottehomesbybobbi@gmail.com",
  "redfin_agent_name": "Stephen Passarelli",
  "finished_sqft": "2467",
  "unfinished_sqft": "",
  "total_sqft": "2467",
  "stories": "1.5",
  "style": "Single Family Residential",
  "year_built": "1984",
  "year_renovated": "",
  "county": "Mecklenburg County",
  "APN": "21147119"
}
[2024-05-18T21:57:21.834+0000] {logging_mixin.py:188} INFO - Sending Data to Kafka
[2024-05-18T21:57:22.006+0000] {logging_mixin.py:188} INFO - --------
[2024-05-18T21:57:22.007+0000] {logging_mixin.py:188} INFO - 26
[2024-05-18T21:57:22.008+0000] {logging_mixin.py:188} INFO - Navigating to Listing page: https://www.redfin.com/NC/Charlotte/14267-Grand-Palisades-Pkwy-28278/home/44171910
[2024-05-18T21:57:48.192+0000] {logging_mixin.py:188} INFO - Extracting Pictures
[2024-05-18T21:57:52.970+0000] {logging_mixin.py:188} INFO - Extracting Key Details
[2024-05-18T21:57:53.856+0000] {logging_mixin.py:188} INFO - Extracting Listing Agent Details
[2024-05-18T21:57:54.514+0000] {logging_mixin.py:188} INFO - Extracting Redfin Agent Details
[2024-05-18T21:57:54.998+0000] {logging_mixin.py:188} INFO - Extracting Property Details
[2024-05-18T21:57:56.425+0000] {logging_mixin.py:188} INFO - {
  "address": "14267 Grand Palisades Pkwy Charlotte NC 28278",
  "price": "1199990",
  "beds": "5",
  "baths": "4",
  "link": "https://www.redfin.com/NC/Charlotte/14267-Grand-Palisades-Pkwy-28278/home/44171910",
  "photos": [
    "https://ssl.cdn-redfin.com/photo/103/bigphoto/373/4139373_0.jpg",
    "https://ssl.cdn-redfin.com/photo/103/mbpaddedwide/373/genMid.4139373_1_0.jpg",
    "https://ssl.cdn-redfin.com/photo/103/mbpaddedwide/373/genMid.4139373_2_0.jpg",
    "https://ssl.cdn-redfin.com/photo/103/mbpaddedwide/373/genMid.4139373_4_0.jpg",
    "https://ssl.cdn-redfin.com/photo/103/mbpaddedwide/373/genMid.4139373_5_0.jpg",
    "https://ssl.cdn-redfin.com/photo/103/bigphoto/373/4139373_3_0.jpg",
    "https://ssl.cdn-redfin.com/photo/103/bigphoto/373/4139373_9_0.jpg",
    "https://ssl.cdn-redfin.com/photo/103/bigphoto/373/4139373_15_0.jpg",
    "https://ssl.cdn-redfin.com/photo/103/bigphoto/373/4139373_21_0.jpg",
    "https://ssl.cdn-redfin.com/photo/103/bigphoto/373/4139373_27_1.jpg",
    "https://ssl.cdn-redfin.com/photo/103/bigphoto/373/4139373_33_1.jpg",
    "https://ssl.cdn-redfin.com/photo/103/bigphoto/373/4139373_39_1.jpg"
  ],
  "hoa_fee": "251",
  "buyers_agent_fee": "2.5",
  "listing_agent_name": "Viola Brookshire",
  "listing_agent_contact": "viola@stephencooley.com",
  "redfin_agent_name": "Jon Bartholomew",
  "finished_sqft": "3955",
  "unfinished_sqft": "",
  "total_sqft": "3955",
  "stories": "1",
  "style": "Single Family Residential",
  "year_built": "2009",
  "year_renovated": "",
  "county": "Mecklenburg County",
  "APN": "21708534"
}
[2024-05-18T21:57:56.428+0000] {logging_mixin.py:188} INFO - Sending Data to Kafka
[2024-05-18T21:57:56.719+0000] {logging_mixin.py:188} INFO - --------
[2024-05-18T21:57:56.723+0000] {logging_mixin.py:188} INFO - 27
[2024-05-18T21:57:56.731+0000] {logging_mixin.py:188} INFO - Navigating to Listing page: https://www.redfin.com/NC/Charlotte/1433-Belle-Terre-Ave-28205/home/176762348
[2024-05-18T21:58:17.773+0000] {logging_mixin.py:188} INFO - Extracting Pictures
[2024-05-18T21:58:30.344+0000] {logging_mixin.py:188} INFO - Extracting Key Details
[2024-05-18T21:58:31.196+0000] {logging_mixin.py:188} INFO - Extracting Listing Agent Details
[2024-05-18T21:58:31.913+0000] {logging_mixin.py:188} INFO - Extracting Redfin Agent Details
[2024-05-18T21:58:32.438+0000] {logging_mixin.py:188} INFO - Extracting Property Details
[2024-05-18T21:58:33.843+0000] {logging_mixin.py:188} INFO - {
  "address": "1433 Belle Terre Ave Charlotte NC 28205",
  "price": "1485000",
  "beds": "5",
  "baths": "3.5",
  "link": "https://www.redfin.com/NC/Charlotte/1433-Belle-Terre-Ave-28205/home/176762348",
  "photos": [
    "https://ssl.cdn-redfin.com/photo/103/bigphoto/383/4141383_0.jpg",
    "https://ssl.cdn-redfin.com/photo/103/mbpaddedwide/383/genMid.4141383_1_0.jpg",
    "https://ssl.cdn-redfin.com/photo/103/mbpaddedwide/383/genMid.4141383_5_0.jpg",
    "https://ssl.cdn-redfin.com/photo/103/mbpaddedwide/383/genMid.4141383_3_0.jpg",
    "https://ssl.cdn-redfin.com/photo/103/mbpaddedwide/383/genMid.4141383_4_0.jpg",
    "https://ssl.cdn-redfin.com/photo/103/bigphoto/383/4141383_2_0.jpg",
    "https://ssl.cdn-redfin.com/photo/103/bigphoto/383/4141383_8_0.jpg",
    "https://ssl.cdn-redfin.com/photo/103/bigphoto/383/4141383_14_0.jpg",
    "https://ssl.cdn-redfin.com/photo/103/bigphoto/383/4141383_20_0.jpg",
    "https://ssl.cdn-redfin.com/photo/103/bigphoto/383/4141383_26_0.jpg",
    "https://ssl.cdn-redfin.com/photo/103/bigphoto/383/4141383_32_0.jpg",
    "https://ssl.cdn-redfin.com/photo/103/bigphoto/383/4141383_38_0.jpg",
    "https://ssl.cdn-redfin.com/photo/103/bigphoto/383/4141383_44_0.jpg"
  ],
  "hoa_fee": "",
  "buyers_agent_fee": "2.5",
  "listing_agent_name": "Bobby Sisk",
  "listing_agent_contact": "bobby@nestlewoodrealty.com",
  "redfin_agent_name": "Jon Bartholomew",
  "finished_sqft": "",
  "unfinished_sqft": "",
  "total_sqft": "",
  "stories": "",
  "style": "Single Family Residential",
  "year_built": "",
  "year_renovated": "",
  "county": "Mecklenburg County",
  "APN": "08119387"
}
[2024-05-18T21:58:33.844+0000] {logging_mixin.py:188} INFO - Sending Data to Kafka
[2024-05-18T21:58:33.938+0000] {logging_mixin.py:188} INFO - --------
[2024-05-18T21:58:33.938+0000] {logging_mixin.py:188} INFO - 28
[2024-05-18T21:58:33.940+0000] {logging_mixin.py:188} INFO - Navigating to Listing page: https://www.redfin.com/NC/Charlotte/5020-Sardis-Rd-28270/home/43999009
[2024-05-18T21:58:50.230+0000] {logging_mixin.py:188} INFO - Extracting Pictures
[2024-05-18T21:58:52.779+0000] {logging_mixin.py:188} INFO - Extracting Key Details
[2024-05-18T21:58:53.684+0000] {logging_mixin.py:188} INFO - Extracting Listing Agent Details
[2024-05-18T21:58:54.359+0000] {logging_mixin.py:188} INFO - Extracting Redfin Agent Details
[2024-05-18T21:58:54.922+0000] {logging_mixin.py:188} INFO - Extracting Property Details
[2024-05-18T21:58:56.633+0000] {logging_mixin.py:188} INFO - {
  "address": "5020 Sardis Rd Charlotte NC 28270",
  "price": "189000",
  "beds": "1",
  "baths": "1",
  "link": "https://www.redfin.com/NC/Charlotte/5020-Sardis-Rd-28270/home/43999009",
  "photos": [
    "https://ssl.cdn-redfin.com/photo/103/bigphoto/219/4141219_0.jpg",
    "https://ssl.cdn-redfin.com/photo/103/mbpaddedwide/219/genMid.4141219_1_0.jpg",
    "https://ssl.cdn-redfin.com/photo/103/mbpaddedwide/219/genMid.4141219_2_0.jpg",
    "https://ssl.cdn-redfin.com/photo/103/mbpaddedwide/219/genMid.4141219_4_0.jpg",
    "https://ssl.cdn-redfin.com/photo/103/mbpaddedwide/219/genMid.4141219_5_0.jpg",
    "https://ssl.cdn-redfin.com/photo/103/bigphoto/219/4141219_3_0.jpg",
    "https://ssl.cdn-redfin.com/photo/103/bigphoto/219/4141219_9_0.jpg"
  ],
  "hoa_fee": "380",
  "buyers_agent_fee": "2.5\u00a0buyer's",
  "listing_agent_name": "Julie Wall Burris",
  "listing_agent_contact": "julie@lilacrealty.com",
  "redfin_agent_name": "Stephen Passarelli",
  "finished_sqft": "748",
  "unfinished_sqft": "",
  "total_sqft": "748",
  "stories": "1",
  "style": "Condo/Co-op",
  "year_built": "1978",
  "year_renovated": "",
  "county": "Mecklenburg County",
  "APN": "18701761"
}
[2024-05-18T21:58:56.637+0000] {logging_mixin.py:188} INFO - Sending Data to Kafka
[2024-05-18T21:58:56.787+0000] {logging_mixin.py:188} INFO - --------
[2024-05-18T21:58:56.790+0000] {logging_mixin.py:188} INFO - 29
[2024-05-18T21:58:56.792+0000] {logging_mixin.py:188} INFO - Navigating to Listing page: https://www.redfin.com/NC/Charlotte/3200-Wickersham-Rd-28211/home/43997089
[2024-05-18T21:59:15.538+0000] {logging_mixin.py:188} INFO - Extracting Pictures
[2024-05-18T21:59:18.886+0000] {logging_mixin.py:188} INFO - Extracting Key Details
[2024-05-18T21:59:19.577+0000] {logging_mixin.py:188} INFO - Extracting Listing Agent Details
[2024-05-18T21:59:20.387+0000] {logging_mixin.py:188} INFO - Extracting Redfin Agent Details
[2024-05-18T21:59:20.980+0000] {logging_mixin.py:188} INFO - Extracting Property Details
[2024-05-18T21:59:22.420+0000] {logging_mixin.py:188} INFO - {
  "address": "3200 Wickersham Rd Charlotte NC 28211",
  "price": "1300000",
  "beds": "4",
  "baths": "3.5",
  "link": "https://www.redfin.com/NC/Charlotte/3200-Wickersham-Rd-28211/home/43997089",
  "photos": [
    "https://ssl.cdn-redfin.com/photo/103/bigphoto/998/4140998_0.jpg",
    "https://ssl.cdn-redfin.com/photo/103/mbpaddedwide/998/genMid.4140998_1_0.jpg",
    "https://ssl.cdn-redfin.com/photo/103/mbpaddedwide/998/genMid.4140998_2_0.jpg",
    "https://ssl.cdn-redfin.com/photo/103/mbpaddedwide/998/genMid.4140998_4_0.jpg",
    "https://ssl.cdn-redfin.com/photo/103/mbpaddedwide/998/genMid.4140998_5_0.jpg",
    "https://ssl.cdn-redfin.com/photo/103/bigphoto/998/4140998_3_0.jpg",
    "https://ssl.cdn-redfin.com/photo/103/bigphoto/998/4140998_9_0.jpg",
    "https://ssl.cdn-redfin.com/photo/103/bigphoto/998/4140998_15_0.jpg",
    "https://ssl.cdn-redfin.com/photo/103/bigphoto/998/4140998_21_0.jpg",
    "https://ssl.cdn-redfin.com/photo/103/bigphoto/998/4140998_27_0.jpg"
  ],
  "hoa_fee": "",
  "buyers_agent_fee": "3",
  "listing_agent_name": "Trey Sullivan",
  "listing_agent_contact": "trey@trey-sullivan.com",
  "redfin_agent_name": "Jon Bartholomew",
  "finished_sqft": "3326",
  "unfinished_sqft": "",
  "total_sqft": "3326",
  "stories": "",
  "style": "Single Family Residential",
  "year_built": "1966",
  "year_renovated": "1975",
  "county": "Mecklenburg County",
  "APN": "17701509"
}
[2024-05-18T21:59:22.424+0000] {logging_mixin.py:188} INFO - Sending Data to Kafka
[2024-05-18T21:59:22.614+0000] {logging_mixin.py:188} INFO - --------
[2024-05-18T21:59:22.615+0000] {logging_mixin.py:188} INFO - 30
[2024-05-18T21:59:22.618+0000] {logging_mixin.py:188} INFO - Navigating to Listing page: https://www.redfin.com/NC/Charlotte/14725-Brick-Church-Ct-28277/home/44115099
[2024-05-18T21:59:38.700+0000] {logging_mixin.py:188} INFO - Extracting Pictures
[2024-05-18T21:59:41.410+0000] {logging_mixin.py:188} INFO - Extracting Key Details
[2024-05-18T21:59:42.272+0000] {logging_mixin.py:188} INFO - Extracting Listing Agent Details
[2024-05-18T21:59:42.910+0000] {logging_mixin.py:188} INFO - Extracting Redfin Agent Details
[2024-05-18T21:59:43.410+0000] {logging_mixin.py:188} INFO - Extracting Property Details
[2024-05-18T21:59:44.793+0000] {logging_mixin.py:188} INFO - {
  "address": "14725 Brick Church Ct Charlotte NC 28277",
  "price": "1600000",
  "beds": "5",
  "baths": "4.5",
  "link": "https://www.redfin.com/NC/Charlotte/14725-Brick-Church-Ct-28277/home/44115099",
  "photos": [
    "https://ssl.cdn-redfin.com/photo/103/bigphoto/066/4139066_0.jpg",
    "https://ssl.cdn-redfin.com/photo/103/mbpaddedwide/066/genMid.4139066_1_0.jpg",
    "https://ssl.cdn-redfin.com/photo/103/mbpaddedwide/066/genMid.4139066_2_0.jpg",
    "https://ssl.cdn-redfin.com/photo/103/mbpaddedwide/066/genMid.4139066_4_0.jpg",
    "https://ssl.cdn-redfin.com/photo/103/mbpaddedwide/066/genMid.4139066_5_0.jpg",
    "https://ssl.cdn-redfin.com/photo/103/bigphoto/066/4139066_3_0.jpg",
    "https://ssl.cdn-redfin.com/photo/103/bigphoto/066/4139066_9_0.jpg",
    "https://ssl.cdn-redfin.com/photo/103/bigphoto/066/4139066_15_0.jpg",
    "https://ssl.cdn-redfin.com/photo/103/bigphoto/066/4139066_21_0.jpg",
    "https://ssl.cdn-redfin.com/photo/103/bigphoto/066/4139066_27_0.jpg",
    "https://ssl.cdn-redfin.com/photo/103/bigphoto/066/4139066_33_0.jpg"
  ],
  "hoa_fee": "168",
  "buyers_agent_fee": "2.5",
  "listing_agent_name": "Jason Park",
  "listing_agent_contact": "NewLifeRealtor@gmail.com",
  "redfin_agent_name": "Jon Bartholomew",
  "finished_sqft": "4591",
  "unfinished_sqft": "",
  "total_sqft": "4591",
  "stories": "2",
  "style": "Single Family Residential",
  "year_built": "2003",
  "year_renovated": "",
  "county": "Mecklenburg County",
  "APN": "22312467"
}
[2024-05-18T21:59:44.794+0000] {logging_mixin.py:188} INFO - Sending Data to Kafka
[2024-05-18T21:59:44.979+0000] {logging_mixin.py:188} INFO - --------
[2024-05-18T21:59:44.980+0000] {logging_mixin.py:188} INFO - 31
[2024-05-18T21:59:44.981+0000] {logging_mixin.py:188} INFO - Navigating to Listing page: https://www.redfin.com/NC/Charlotte/8212-Indigo-Row-28277/home/44138757
[2024-05-18T22:00:04.685+0000] {logging_mixin.py:188} INFO - Extracting Pictures
[2024-05-18T22:00:13.482+0000] {logging_mixin.py:188} INFO - Extracting Key Details
[2024-05-18T22:00:14.469+0000] {logging_mixin.py:188} INFO - Extracting Listing Agent Details
[2024-05-18T22:00:15.266+0000] {logging_mixin.py:188} INFO - Extracting Redfin Agent Details
[2024-05-18T22:00:15.786+0000] {logging_mixin.py:188} INFO - Extracting Property Details
[2024-05-18T22:00:17.468+0000] {logging_mixin.py:188} INFO - {
  "address": "8212 Indigo Row Charlotte NC 28277",
  "price": "600000",
  "beds": "4",
  "baths": "2.5",
  "link": "https://www.redfin.com/NC/Charlotte/8212-Indigo-Row-28277/home/44138757",
  "photos": [
    "https://ssl.cdn-redfin.com/photo/103/bigphoto/039/4138039_2.jpg",
    "https://ssl.cdn-redfin.com/photo/103/mbpaddedwide/039/genMid.4138039_1_0.jpg",
    "https://ssl.cdn-redfin.com/photo/103/mbpaddedwide/039/genMid.4138039_2_0.jpg",
    "https://ssl.cdn-redfin.com/photo/103/mbpaddedwide/039/genMid.4138039_4_0.jpg",
    "https://ssl.cdn-redfin.com/photo/103/mbpaddedwide/039/genMid.4138039_5_0.jpg",
    "https://ssl.cdn-redfin.com/photo/103/bigphoto/039/4138039_3_0.jpg",
    "https://ssl.cdn-redfin.com/photo/103/bigphoto/039/4138039_9_0.jpg",
    "https://ssl.cdn-redfin.com/photo/103/bigphoto/039/4138039_15_0.jpg",
    "https://ssl.cdn-redfin.com/photo/103/bigphoto/039/4138039_21_0.jpg",
    "https://ssl.cdn-redfin.com/photo/103/bigphoto/039/4138039_27_0.jpg"
  ],
  "hoa_fee": "440",
  "buyers_agent_fee": "3",
  "listing_agent_name": "Lisa Skipper",
  "listing_agent_contact": "lisa@carolinahomeadvisors.com",
  "redfin_agent_name": "Stephen Passarelli",
  "finished_sqft": "2142",
  "unfinished_sqft": "",
  "total_sqft": "2142",
  "stories": "2",
  "style": "Townhouse",
  "year_built": "2008",
  "year_renovated": "",
  "county": "Mecklenburg County",
  "APN": "22343543"
}
[2024-05-18T22:00:17.470+0000] {logging_mixin.py:188} INFO - Sending Data to Kafka
[2024-05-18T22:00:17.702+0000] {logging_mixin.py:188} INFO - --------
[2024-05-18T22:00:17.703+0000] {logging_mixin.py:188} INFO - 32
[2024-05-18T22:00:17.705+0000] {logging_mixin.py:188} INFO - Navigating to Listing page: https://www.redfin.com/NC/Charlotte/2617-Kenhill-Dr-28208/home/43949863
[2024-05-18T22:01:19.784+0000] {logging_mixin.py:188} INFO - Extracting Pictures
[2024-05-18T22:01:21.774+0000] {logging_mixin.py:188} INFO - Extracting Key Details
[2024-05-18T22:01:22.804+0000] {logging_mixin.py:188} INFO - Extracting Listing Agent Details
[2024-05-18T22:01:25.212+0000] {logging_mixin.py:188} INFO - Extracting Redfin Agent Details
[2024-05-18T22:01:25.735+0000] {logging_mixin.py:188} INFO - Extracting Property Details
[2024-05-18T22:01:27.447+0000] {logging_mixin.py:188} INFO - {
  "address": "2617 Kenhill Dr Charlotte NC 28208",
  "price": "369910",
  "beds": "4",
  "baths": "2",
  "link": "https://www.redfin.com/NC/Charlotte/2617-Kenhill-Dr-28208/home/43949863",
  "photos": [
    "https://ssl.cdn-redfin.com/photo/103/bigphoto/895/4140895_0.jpg",
    "https://ssl.cdn-redfin.com/photo/103/mbpaddedwide/895/genMid.4140895_1_0.jpg",
    "https://ssl.cdn-redfin.com/photo/103/mbpaddedwide/895/genMid.4140895_2_0.jpg",
    "https://ssl.cdn-redfin.com/photo/103/mbpaddedwide/895/genMid.4140895_4_0.jpg",
    "https://ssl.cdn-redfin.com/photo/103/mbpaddedwide/895/genMid.4140895_5_0.jpg",
    "https://ssl.cdn-redfin.com/photo/103/bigphoto/895/4140895_3_0.jpg",
    "https://ssl.cdn-redfin.com/photo/103/bigphoto/895/4140895_9_0.jpg"
  ],
  "hoa_fee": "",
  "buyers_agent_fee": "2.5",
  "listing_agent_name": "Nigel Brookes",
  "listing_agent_contact": "homesbynigel@yahoo.com",
  "redfin_agent_name": "Stephen Passarelli",
  "finished_sqft": "1326",
  "unfinished_sqft": "",
  "total_sqft": "1326",
  "stories": "1",
  "style": "Multi-Family (2-4 Unit)",
  "year_built": "1962",
  "year_renovated": "",
  "county": "Mecklenburg County",
  "APN": "11501319"
}
[2024-05-18T22:01:27.451+0000] {logging_mixin.py:188} INFO - Sending Data to Kafka
[2024-05-18T22:01:27.642+0000] {logging_mixin.py:188} INFO - --------
[2024-05-18T22:01:27.646+0000] {logging_mixin.py:188} INFO - 33
[2024-05-18T22:01:27.648+0000] {logging_mixin.py:188} INFO - Navigating to Listing page: https://www.redfin.com/NC/Charlotte/1521-Briar-Creek-Rd-28205/unit-5B/home/146984513
[2024-05-18T22:01:44.885+0000] {logging_mixin.py:188} INFO - Extracting Pictures
[2024-05-18T22:01:47.889+0000] {logging_mixin.py:188} INFO - Extracting Key Details
[2024-05-18T22:01:48.739+0000] {logging_mixin.py:188} INFO - Extracting Listing Agent Details
[2024-05-18T22:01:49.499+0000] {logging_mixin.py:188} INFO - Extracting Redfin Agent Details
[2024-05-18T22:01:50.054+0000] {logging_mixin.py:188} INFO - Extracting Property Details
[2024-05-18T22:01:51.656+0000] {logging_mixin.py:188} INFO - {
  "address": "1521 Briar Creek Rd Unit 5B Charlotte NC 28205",
  "price": "399900",
  "beds": "2",
  "baths": "2.5",
  "link": "https://www.redfin.com/NC/Charlotte/1521-Briar-Creek-Rd-28205/unit-5B/home/146984513",
  "photos": [
    "https://ssl.cdn-redfin.com/photo/103/bigphoto/549/4138549_2.jpg",
    "https://ssl.cdn-redfin.com/photo/103/mbpaddedwide/549/genMid.4138549_1_2.jpg",
    "https://ssl.cdn-redfin.com/photo/103/mbpaddedwide/549/genMid.4138549_2_2.jpg",
    "https://ssl.cdn-redfin.com/photo/103/mbpaddedwide/549/genMid.4138549_4_2.jpg",
    "https://ssl.cdn-redfin.com/photo/103/mbpaddedwide/549/genMid.4138549_5_2.jpg",
    "https://ssl.cdn-redfin.com/photo/103/bigphoto/549/4138549_3_1.jpg",
    "https://ssl.cdn-redfin.com/photo/103/bigphoto/549/4138549_9_0.jpg",
    "https://ssl.cdn-redfin.com/photo/103/bigphoto/549/4138549_15_0.jpg",
    "https://ssl.cdn-redfin.com/photo/103/bigphoto/549/4138549_21_0.jpg"
  ],
  "hoa_fee": "175",
  "buyers_agent_fee": "2.5",
  "listing_agent_name": "Julie Ferraro",
  "listing_agent_contact": "julie.ferraro@exprealty.com",
  "redfin_agent_name": "Stephen Passarelli",
  "finished_sqft": "",
  "unfinished_sqft": "",
  "total_sqft": "",
  "stories": "",
  "style": "Single Family Residential",
  "year_built": "",
  "year_renovated": "",
  "county": "Mecklenburg County",
  "APN": "12906509"
}
[2024-05-18T22:01:51.657+0000] {logging_mixin.py:188} INFO - Sending Data to Kafka
[2024-05-18T22:01:51.854+0000] {logging_mixin.py:188} INFO - --------
[2024-05-18T22:01:51.855+0000] {logging_mixin.py:188} INFO - 34
[2024-05-18T22:01:51.857+0000] {logging_mixin.py:188} INFO - Navigating to Listing page: https://www.redfin.com/NC/Charlotte/8607-Cotton-Press-Rd-28277/home/44173540
[2024-05-18T22:02:19.214+0000] {logging_mixin.py:188} INFO - Extracting Pictures
[2024-05-18T22:02:23.988+0000] {logging_mixin.py:188} INFO - Extracting Key Details
[2024-05-18T22:02:24.921+0000] {logging_mixin.py:188} INFO - Extracting Listing Agent Details
[2024-05-18T22:02:25.503+0000] {logging_mixin.py:188} INFO - Extracting Redfin Agent Details
[2024-05-18T22:02:26.322+0000] {logging_mixin.py:188} INFO - Extracting Property Details
[2024-05-18T22:02:27.723+0000] {logging_mixin.py:188} INFO - {
  "address": "8607 Cotton Press Rd Charlotte NC 28277",
  "price": "830000",
  "beds": "6",
  "baths": "3.5",
  "link": "https://www.redfin.com/NC/Charlotte/8607-Cotton-Press-Rd-28277/home/44173540",
  "photos": [
    "https://ssl.cdn-redfin.com/photo/103/bigphoto/790/4140790_0.jpg",
    "https://ssl.cdn-redfin.com/photo/103/mbpaddedwide/790/genMid.4140790_1_0.jpg",
    "https://my.matterport.com/api/v2/player/models/sMs2nfkov1Z/thumb",
    "https://ssl.cdn-redfin.com/photo/103/mbpaddedwide/790/genMid.4140790_3_0.jpg",
    "https://ssl.cdn-redfin.com/photo/103/mbpaddedwide/790/genMid.4140790_4_0.jpg",
    "https://ssl.cdn-redfin.com/photo/103/bigphoto/790/4140790_2_0.jpg",
    "https://ssl.cdn-redfin.com/photo/103/bigphoto/790/4140790_8_0.jpg",
    "https://ssl.cdn-redfin.com/photo/103/bigphoto/790/4140790_14_0.jpg",
    "https://ssl.cdn-redfin.com/photo/103/bigphoto/790/4140790_20_0.jpg",
    "https://ssl.cdn-redfin.com/photo/103/bigphoto/790/4140790_26_0.jpg",
    "https://ssl.cdn-redfin.com/photo/103/bigphoto/790/4140790_32_0.jpg",
    "https://ssl.cdn-redfin.com/photo/103/bigphoto/790/4140790_38_0.jpg"
  ],
  "hoa_fee": "70",
  "buyers_agent_fee": "2.5",
  "listing_agent_name": "Brett Dunleavy",
  "listing_agent_contact": "",
  "redfin_agent_name": "Stephen Passarelli",
  "finished_sqft": "3744",
  "unfinished_sqft": "",
  "total_sqft": "3744",
  "stories": "2",
  "style": "Single Family Residential",
  "year_built": "2011",
  "year_renovated": "",
  "county": "Mecklenburg County",
  "APN": "22937733"
}
[2024-05-18T22:02:27.727+0000] {logging_mixin.py:188} INFO - Sending Data to Kafka
[2024-05-18T22:02:27.907+0000] {logging_mixin.py:188} INFO - --------
[2024-05-18T22:02:27.908+0000] {logging_mixin.py:188} INFO - 35
[2024-05-18T22:02:27.910+0000] {logging_mixin.py:188} INFO - Navigating to Listing page: https://www.redfin.com/NC/Charlotte/9322-Fairchild-Ln-28277/home/44079719
[2024-05-18T22:02:44.143+0000] {logging_mixin.py:188} INFO - Extracting Pictures
[2024-05-18T22:02:56.324+0000] {logging_mixin.py:188} INFO - Extracting Key Details
[2024-05-18T22:02:57.325+0000] {logging_mixin.py:188} INFO - Extracting Listing Agent Details
[2024-05-18T22:02:57.965+0000] {logging_mixin.py:188} INFO - Extracting Redfin Agent Details
[2024-05-18T22:02:58.440+0000] {logging_mixin.py:188} INFO - Extracting Property Details
[2024-05-18T22:02:59.923+0000] {logging_mixin.py:188} INFO - {
  "address": "9322 Fairchild Ln Charlotte NC 28277",
  "price": "795000",
  "beds": "4",
  "baths": "3.5",
  "link": "https://www.redfin.com/NC/Charlotte/9322-Fairchild-Ln-28277/home/44079719",
  "photos": [
    "https://ssl.cdn-redfin.com/photo/103/bigphoto/180/4139180_4.jpg",
    "https://ssl.cdn-redfin.com/photo/103/mbpaddedwide/180/genMid.4139180_1_8.jpg",
    "https://ssl.cdn-redfin.com/photo/103/mbpaddedwide/180/genMid.4139180_2_6.jpg",
    "https://ssl.cdn-redfin.com/photo/103/mbpaddedwide/180/genMid.4139180_4_6.jpg",
    "https://ssl.cdn-redfin.com/photo/103/mbpaddedwide/180/genMid.4139180_5_6.jpg",
    "https://ssl.cdn-redfin.com/photo/103/bigphoto/180/4139180_3_6.jpg",
    "https://ssl.cdn-redfin.com/photo/103/bigphoto/180/4139180_9_3.jpg",
    "https://ssl.cdn-redfin.com/photo/103/bigphoto/180/4139180_15_0.jpg",
    "https://ssl.cdn-redfin.com/photo/103/bigphoto/180/4139180_21_1.jpg"
  ],
  "hoa_fee": "24",
  "buyers_agent_fee": "2",
  "listing_agent_name": "Mina Nematollahi",
  "listing_agent_contact": "mina@cbcarolinas.com",
  "redfin_agent_name": "Stephen Passarelli",
  "finished_sqft": "3272",
  "unfinished_sqft": "",
  "total_sqft": "3272",
  "stories": "2",
  "style": "Single Family Residential",
  "year_built": "2001",
  "year_renovated": "",
  "county": "Mecklenburg County",
  "APN": "22514281"
}
[2024-05-18T22:02:59.924+0000] {logging_mixin.py:188} INFO - Sending Data to Kafka
[2024-05-18T22:03:00.161+0000] {logging_mixin.py:188} INFO - --------
[2024-05-18T22:03:00.165+0000] {logging_mixin.py:188} INFO - 36
[2024-05-18T22:03:00.168+0000] {logging_mixin.py:188} INFO - Navigating to Listing page: https://www.redfin.com/NC/Charlotte/5016-Sardis-Rd-28270/home/44000053
[2024-05-18T22:03:18.901+0000] {logging_mixin.py:188} INFO - Extracting Pictures
[2024-05-18T22:03:24.649+0000] {logging_mixin.py:188} INFO - Extracting Key Details
[2024-05-18T22:03:25.519+0000] {logging_mixin.py:188} INFO - Extracting Listing Agent Details
[2024-05-18T22:03:26.241+0000] {logging_mixin.py:188} INFO - Extracting Redfin Agent Details
[2024-05-18T22:03:26.775+0000] {logging_mixin.py:188} INFO - Extracting Property Details
[2024-05-18T22:03:28.147+0000] {logging_mixin.py:188} INFO - {
  "address": "5016 Sardis Rd Charlotte NC 28270",
  "price": "239900",
  "beds": "2",
  "baths": "2",
  "link": "https://www.redfin.com/NC/Charlotte/5016-Sardis-Rd-28270/home/44000053",
  "photos": [
    "https://ssl.cdn-redfin.com/photo/103/bigphoto/451/4141451_0.jpg",
    "https://ssl.cdn-redfin.com/photo/103/mbpaddedwide/451/genMid.4141451_1_0.jpg",
    "https://ssl.cdn-redfin.com/photo/103/mbpaddedwide/451/genMid.4141451_2_0.jpg",
    "https://ssl.cdn-redfin.com/photo/103/mbpaddedwide/451/genMid.4141451_4_0.jpg",
    "https://ssl.cdn-redfin.com/photo/103/mbpaddedwide/451/genMid.4141451_5_0.jpg",
    "https://ssl.cdn-redfin.com/photo/103/bigphoto/451/4141451_3_0.jpg",
    "https://ssl.cdn-redfin.com/photo/103/bigphoto/451/4141451_9_0.jpg",
    "https://ssl.cdn-redfin.com/photo/103/bigphoto/451/4141451_15_0.jpg",
    "https://ssl.cdn-redfin.com/photo/103/bigphoto/451/4141451_21_0.jpg",
    "https://ssl.cdn-redfin.com/photo/103/bigphoto/451/4141451_27_0.jpg"
  ],
  "hoa_fee": "414",
  "buyers_agent_fee": "2.5",
  "listing_agent_name": "Lisa Holden",
  "listing_agent_contact": "LisaHolden@HoldenRealty.net",
  "redfin_agent_name": "Stephen Passarelli",
  "finished_sqft": "1016",
  "unfinished_sqft": "",
  "total_sqft": "1016",
  "stories": "1",
  "style": "Condo/Co-op",
  "year_built": "1978",
  "year_renovated": "",
  "county": "Mecklenburg County",
  "APN": "18701729"
}
[2024-05-18T22:03:28.149+0000] {logging_mixin.py:188} INFO - Sending Data to Kafka
[2024-05-18T22:03:28.228+0000] {logging_mixin.py:188} INFO - --------
[2024-05-18T22:03:28.232+0000] {logging_mixin.py:188} INFO - 37
[2024-05-18T22:03:28.234+0000] {logging_mixin.py:188} INFO - Navigating to Listing page: https://www.redfin.com/NC/Charlotte/13222-Terrace-Court-Dr-28278/home/171560735
[2024-05-18T22:03:46.713+0000] {logging_mixin.py:188} INFO - Extracting Pictures
[2024-05-18T22:03:50.105+0000] {logging_mixin.py:188} INFO - Extracting Key Details
[2024-05-18T22:03:51.003+0000] {logging_mixin.py:188} INFO - Extracting Listing Agent Details
[2024-05-18T22:03:51.730+0000] {logging_mixin.py:188} INFO - Extracting Redfin Agent Details
[2024-05-18T22:03:52.277+0000] {logging_mixin.py:188} INFO - Extracting Property Details
[2024-05-18T22:03:54.938+0000] {logging_mixin.py:188} INFO - {
  "address": "13222 Terrace Court Dr Charlotte NC 28278",
  "price": "979900",
  "beds": "4",
  "baths": "4",
  "link": "https://www.redfin.com/NC/Charlotte/13222-Terrace-Court-Dr-28278/home/171560735",
  "photos": [
    "https://ssl.cdn-redfin.com/photo/103/bigphoto/320/4139320_1.jpg",
    "https://ssl.cdn-redfin.com/photo/103/mbpaddedwide/320/genMid.4139320_1_1.jpg",
    "https://ssl.cdn-redfin.com/photo/103/mbpaddedwide/320/genMid.4139320_2_0.jpg",
    "https://ssl.cdn-redfin.com/photo/103/mbpaddedwide/320/genMid.4139320_4_0.jpg",
    "https://ssl.cdn-redfin.com/photo/103/mbpaddedwide/320/genMid.4139320_5_0.jpg",
    "https://ssl.cdn-redfin.com/photo/103/bigphoto/320/4139320_3_0.jpg",
    "https://ssl.cdn-redfin.com/photo/103/bigphoto/320/4139320_9_0.jpg",
    "https://ssl.cdn-redfin.com/photo/103/bigphoto/320/4139320_15_0.jpg",
    "https://ssl.cdn-redfin.com/photo/103/bigphoto/320/4139320_21_1.jpg",
    "https://ssl.cdn-redfin.com/photo/103/bigphoto/320/4139320_27_2.jpg",
    "https://ssl.cdn-redfin.com/photo/103/bigphoto/320/4139320_33_3.jpg",
    "https://ssl.cdn-redfin.com/photo/103/bigphoto/320/4139320_39_3.jpg"
  ],
  "hoa_fee": "275",
  "buyers_agent_fee": "2.25",
  "listing_agent_name": "Kelley Archer",
  "listing_agent_contact": "archer.kelleye@gmail.com",
  "redfin_agent_name": "Jon Bartholomew",
  "finished_sqft": "",
  "unfinished_sqft": "",
  "total_sqft": "",
  "stories": "2",
  "style": "Single Family Residential",
  "year_built": "2020",
  "year_renovated": "",
  "county": "Mecklenburg County",
  "APN": "21707151"
}
[2024-05-18T22:03:54.943+0000] {logging_mixin.py:188} INFO - Sending Data to Kafka
[2024-05-18T22:03:55.068+0000] {logging_mixin.py:188} INFO - --------
[2024-05-18T22:03:55.069+0000] {logging_mixin.py:188} INFO - 38
[2024-05-18T22:03:55.071+0000] {logging_mixin.py:188} INFO - Navigating to Listing page: https://www.redfin.com/NC/Charlotte/2504-Druid-Hills-Way-28206/home/43920988
[2024-05-18T22:05:35.923+0000] {logging_mixin.py:188} INFO - No Pictures
[2024-05-18T22:05:36.266+0000] {logging_mixin.py:188} INFO - Extracting Key Details
[2024-05-18T22:05:37.154+0000] {logging_mixin.py:188} INFO - Extracting Listing Agent Details
[2024-05-18T22:05:37.832+0000] {logging_mixin.py:188} INFO - Extracting Redfin Agent Details
[2024-05-18T22:05:38.606+0000] {logging_mixin.py:188} INFO - Extracting Property Details
[2024-05-18T22:05:40.009+0000] {logging_mixin.py:188} INFO - {
  "address": "2504 Druid Hills Way Charlotte NC 28206",
  "price": "299900",
  "beds": "4",
  "baths": "2",
  "link": "https://www.redfin.com/NC/Charlotte/2504-Druid-Hills-Way-28206/home/43920988",
  "photos": [],
  "hoa_fee": "",
  "buyers_agent_fee": "2",
  "listing_agent_name": "Fela B Babb",
  "listing_agent_contact": "FelaB@One2DreamGroup.com",
  "redfin_agent_name": "Scarlett Property Group",
  "finished_sqft": "1374",
  "unfinished_sqft": "",
  "total_sqft": "1374",
  "stories": "1",
  "style": "Single Family Residential",
  "year_built": "1962",
  "year_renovated": "1970",
  "county": "Mecklenburg County",
  "APN": "07906407"
}
[2024-05-18T22:05:40.010+0000] {logging_mixin.py:188} INFO - Sending Data to Kafka
[2024-05-18T22:05:40.147+0000] {logging_mixin.py:188} INFO - --------
[2024-05-18T22:05:40.149+0000] {logging_mixin.py:188} INFO - 39
[2024-05-18T22:05:40.150+0000] {logging_mixin.py:188} INFO - Navigating to Listing page: https://www.redfin.com/NC/Matthews/2123-Kenwood-Terrace-Dr-28105/home/44148346
[2024-05-18T22:05:57.790+0000] {logging_mixin.py:188} INFO - Extracting Pictures
[2024-05-18T22:06:00.448+0000] {logging_mixin.py:188} INFO - Extracting Key Details
[2024-05-18T22:06:01.381+0000] {logging_mixin.py:188} INFO - Extracting Listing Agent Details
[2024-05-18T22:06:02.222+0000] {logging_mixin.py:188} INFO - Extracting Redfin Agent Details
[2024-05-18T22:06:02.695+0000] {logging_mixin.py:188} INFO - Extracting Property Details
[2024-05-18T22:06:03.893+0000] {logging_mixin.py:188} INFO - {
  "address": "2123 Kenwood Terrace Dr Matthews NC 28105",
  "price": "539900",
  "beds": "5",
  "baths": "2.5",
  "link": "https://www.redfin.com/NC/Matthews/2123-Kenwood-Terrace-Dr-28105/home/44148346",
  "photos": [
    "https://ssl.cdn-redfin.com/photo/103/bigphoto/106/4139106_0.jpg",
    "https://ssl.cdn-redfin.com/photo/103/mbpaddedwide/106/genMid.4139106_1_0.jpg",
    "https://ssl.cdn-redfin.com/photo/103/mbpaddedwide/106/genMid.4139106_2_0.jpg",
    "https://ssl.cdn-redfin.com/photo/103/mbpaddedwide/106/genMid.4139106_4_0.jpg",
    "https://ssl.cdn-redfin.com/photo/103/mbpaddedwide/106/genMid.4139106_5_0.jpg",
    "https://ssl.cdn-redfin.com/photo/103/bigphoto/106/4139106_3_0.jpg",
    "https://ssl.cdn-redfin.com/photo/103/bigphoto/106/4139106_9_0.jpg",
    "https://ssl.cdn-redfin.com/photo/103/bigphoto/106/4139106_15_0.jpg",
    "https://ssl.cdn-redfin.com/photo/103/bigphoto/106/4139106_21_0.jpg",
    "https://ssl.cdn-redfin.com/photo/103/bigphoto/106/4139106_27_0.jpg",
    "https://ssl.cdn-redfin.com/photo/103/bigphoto/106/4139106_33_0.jpg"
  ],
  "hoa_fee": "64",
  "buyers_agent_fee": "3",
  "listing_agent_name": "Michaela Scurlock",
  "listing_agent_contact": "michaela.scurlock@scurlockagency.com",
  "redfin_agent_name": "Stephen Passarelli",
  "finished_sqft": "2492",
  "unfinished_sqft": "",
  "total_sqft": "2492",
  "stories": "2",
  "style": "Single Family Residential",
  "year_built": "2001",
  "year_renovated": "",
  "county": "Mecklenburg County",
  "APN": "23107217"
}
[2024-05-18T22:06:03.894+0000] {logging_mixin.py:188} INFO - Sending Data to Kafka
[2024-05-18T22:06:04.122+0000] {logging_mixin.py:188} INFO - --------
[2024-05-18T22:06:04.123+0000] {logging_mixin.py:188} INFO - 40
[2024-05-18T22:06:04.124+0000] {logging_mixin.py:188} INFO - Navigating to Listing page: https://www.redfin.com/NC/Charlotte/1323-Bywood-Ln-28209/home/43972612
[2024-05-18T22:06:22.428+0000] {logging_mixin.py:188} INFO - Extracting Pictures
[2024-05-18T22:06:25.989+0000] {logging_mixin.py:188} INFO - Extracting Key Details
[2024-05-18T22:06:26.883+0000] {logging_mixin.py:188} INFO - Extracting Listing Agent Details
[2024-05-18T22:06:27.620+0000] {logging_mixin.py:188} INFO - Extracting Redfin Agent Details
[2024-05-18T22:06:28.090+0000] {logging_mixin.py:188} INFO - Extracting Property Details
[2024-05-18T22:06:29.471+0000] {logging_mixin.py:188} INFO - {
  "address": "1323 Bywood Ln Charlotte NC 28209",
  "price": "2350000",
  "beds": "5",
  "baths": "4.5",
  "link": "https://www.redfin.com/NC/Charlotte/1323-Bywood-Ln-28209/home/43972612",
  "photos": [
    "https://ssl.cdn-redfin.com/photo/103/bigphoto/743/4136743_2.jpg",
    "https://ssl.cdn-redfin.com/photo/103/mbpaddedwide/743/genMid.4136743_1_0.jpg",
    "https://ssl.cdn-redfin.com/photo/103/mbpaddedwide/743/genMid.4136743_2_0.jpg",
    "https://ssl.cdn-redfin.com/photo/103/mbpaddedwide/743/genMid.4136743_4_0.jpg",
    "https://ssl.cdn-redfin.com/photo/103/mbpaddedwide/743/genMid.4136743_5_0.jpg",
    "https://ssl.cdn-redfin.com/photo/103/bigphoto/743/4136743_3_0.jpg",
    "https://ssl.cdn-redfin.com/photo/103/bigphoto/743/4136743_9_0.jpg",
    "https://ssl.cdn-redfin.com/photo/103/bigphoto/743/4136743_15_0.jpg",
    "https://ssl.cdn-redfin.com/photo/103/bigphoto/743/4136743_21_0.jpg",
    "https://ssl.cdn-redfin.com/photo/103/bigphoto/743/4136743_27_0.jpg",
    "https://ssl.cdn-redfin.com/photo/103/bigphoto/743/4136743_33_0.jpg",
    "https://ssl.cdn-redfin.com/photo/103/bigphoto/743/4136743_39_0.jpg"
  ],
  "hoa_fee": "",
  "buyers_agent_fee": "2.5",
  "listing_agent_name": "Janet Babaa",
  "listing_agent_contact": "janet@babaahometeam.com",
  "redfin_agent_name": "Jon Bartholomew",
  "finished_sqft": "2106",
  "unfinished_sqft": "",
  "total_sqft": "2106",
  "stories": "",
  "style": "Single Family Residential",
  "year_built": "1959",
  "year_renovated": "1970",
  "county": "Mecklenburg County",
  "APN": "14919305"
}
[2024-05-18T22:06:29.473+0000] {logging_mixin.py:188} INFO - Sending Data to Kafka
[2024-05-18T22:06:30.032+0000] {python.py:237} INFO - Done. Returned value was: None
[2024-05-18T22:06:30.063+0000] {taskinstance.py:441} INFO - ::group::Post task execution logs
[2024-05-18T22:06:30.190+0000] {taskinstance.py:1206} INFO - Marking task as SUCCESS. dag_id=Webscrape, task_id=Ingest_Data, run_id=manual__2024-05-18T21:42:18.885006+00:00, execution_date=20240518T214218, start_date=20240518T214222, end_date=20240518T220630
[2024-05-18T22:06:30.498+0000] {local_task_job_runner.py:240} INFO - Task exited with return code 0
[2024-05-18T22:06:30.751+0000] {taskinstance.py:3498} INFO - 0 downstream tasks scheduled from follow-on schedule check
[2024-05-18T22:06:30.755+0000] {local_task_job_runner.py:222} INFO - ::endgroup::
