[2024-05-18T23:37:19.986+0000] {local_task_job_runner.py:120} INFO - ::group::Pre task execution logs
[2024-05-18T23:37:20.214+0000] {taskinstance.py:2076} INFO - Dependencies all met for dep_context=non-requeueable deps ti=<TaskInstance: Real_Estate_Webscraping_ETL.Ingest_Data_from_Redfin manual__2024-05-18T23:36:56.605757+00:00 [queued]>
[2024-05-18T23:37:20.278+0000] {taskinstance.py:2076} INFO - Dependencies all met for dep_context=requeueable deps ti=<TaskInstance: Real_Estate_Webscraping_ETL.Ingest_Data_from_Redfin manual__2024-05-18T23:36:56.605757+00:00 [queued]>
[2024-05-18T23:37:20.280+0000] {taskinstance.py:2306} INFO - Starting attempt 1 of 6
[2024-05-18T23:37:20.403+0000] {taskinstance.py:2330} INFO - Executing <Task(PythonOperator): Ingest_Data_from_Redfin> on 2024-05-18 23:36:56.605757+00:00
[2024-05-18T23:37:20.538+0000] {standard_task_runner.py:63} INFO - Started process 1911 to run task
[2024-05-18T23:37:20.642+0000] {standard_task_runner.py:90} INFO - Running: ['***', 'tasks', 'run', 'Real_Estate_Webscraping_ETL', 'Ingest_Data_from_Redfin', 'manual__2024-05-18T23:36:56.605757+00:00', '--job-id', '350', '--raw', '--subdir', 'DAGS_FOLDER/webscrapping.py', '--cfg-path', '/tmp/tmpipvnckiq']
[2024-05-18T23:37:20.724+0000] {standard_task_runner.py:91} INFO - Job 350: Subtask Ingest_Data_from_Redfin
[2024-05-18T23:37:22.238+0000] {task_command.py:426} INFO - Running <TaskInstance: Real_Estate_Webscraping_ETL.Ingest_Data_from_Redfin manual__2024-05-18T23:36:56.605757+00:00 [running]> on host c0373bd0174c
[2024-05-18T23:37:22.866+0000] {taskinstance.py:2648} INFO - Exporting env vars: AIRFLOW_CTX_DAG_OWNER='svc' AIRFLOW_CTX_DAG_ID='Real_Estate_Webscraping_ETL' AIRFLOW_CTX_TASK_ID='Ingest_Data_from_Redfin' AIRFLOW_CTX_EXECUTION_DATE='2024-05-18T23:36:56.605757+00:00' AIRFLOW_CTX_TRY_NUMBER='1' AIRFLOW_CTX_DAG_RUN_ID='manual__2024-05-18T23:36:56.605757+00:00'
[2024-05-18T23:37:22.900+0000] {taskinstance.py:430} INFO - ::endgroup::
[2024-05-18T23:37:23.084+0000] {conn.py:362} INFO - <BrokerConnection node_id=bootstrap-0 host=kafka:9092 <connecting> [IPv4 ('192.168.16.5', 9092)]>: connecting to kafka:9092 [('192.168.16.5', 9092) IPv4]
[2024-05-18T23:37:23.088+0000] {conn.py:957} INFO - Probing node bootstrap-0 broker version
[2024-05-18T23:37:23.097+0000] {conn.py:393} INFO - <BrokerConnection node_id=bootstrap-0 host=kafka:9092 <connecting> [IPv4 ('192.168.16.5', 9092)]>: Connection complete.
[2024-05-18T23:37:23.327+0000] {conn.py:1019} INFO - Broker version identified as 2.6.0
[2024-05-18T23:37:23.344+0000] {conn.py:1020} INFO - Set configuration api_version=(2, 6, 0) to skip auto check_version requests on startup
[2024-05-18T23:37:35.551+0000] {logging_mixin.py:188} INFO - Connecting to Scraping Browser
[2024-05-18T23:37:39.150+0000] {logging_mixin.py:188} INFO - Connected! Navigating to https://www.redfin.com
[2024-05-18T23:37:47.003+0000] {logging_mixin.py:188} INFO - Searching...
[2024-05-18T23:37:51.243+0000] {logging_mixin.py:188} INFO - --------
[2024-05-18T23:37:51.247+0000] {logging_mixin.py:188} INFO - 1
[2024-05-18T23:37:51.250+0000] {logging_mixin.py:188} INFO - Navigating to Listing page: https://www.redfin.com/NC/Charlotte/17113-Soho-Dr-28204/home/170607944
[2024-05-18T23:37:51.703+0000] {local_task_job_runner.py:310} WARNING - State of this instance has been externally set to failed. Terminating instance.
[2024-05-18T23:37:51.717+0000] {local_task_job_runner.py:222} INFO - ::endgroup::
[2024-05-18T23:37:51.734+0000] {process_utils.py:132} INFO - Sending 15 to group 1911. PIDs of all processes in the group: [1957, 1911]
[2024-05-18T23:37:51.736+0000] {process_utils.py:87} INFO - Sending the signal 15 to group 1911
[2024-05-18T23:37:51.737+0000] {taskinstance.py:2611} ERROR - Received SIGTERM. Terminating subprocesses.
[2024-05-18T23:37:52.250+0000] {process_utils.py:80} INFO - Process psutil.Process(pid=1957, status='terminated', started='23:37:22') (1957) terminated with exit code None
[2024-05-18T23:38:51.779+0000] {process_utils.py:150} WARNING - process psutil.Process(pid=1911, name='airflow task ru', status='sleeping', started='23:37:19') did not respond to SIGTERM. Trying SIGKILL
[2024-05-18T23:38:51.823+0000] {process_utils.py:87} INFO - Sending the signal 9 to group 1911
[2024-05-18T23:38:51.924+0000] {process_utils.py:80} INFO - Process psutil.Process(pid=1911, name='airflow task ru', status='terminated', exitcode=<Negsignal.SIGKILL: -9>, started='23:37:19') (1911) terminated with exit code -9
[2024-05-18T23:38:51.930+0000] {standard_task_runner.py:178} ERROR - Job 350 was killed before it finished (likely due to running out of memory)
