[2024-05-19T00:07:13.006+0000] {local_task_job_runner.py:120} INFO - ::group::Pre task execution logs
[2024-05-19T00:07:13.791+0000] {taskinstance.py:2076} INFO - Dependencies all met for dep_context=non-requeueable deps ti=<TaskInstance: Real_Estate_Webscraping_ETL.Process_and_Send_Data_to_DB scheduled__2024-05-18T12:02:00+00:00 [queued]>
[2024-05-19T00:07:14.098+0000] {taskinstance.py:2076} INFO - Dependencies all met for dep_context=requeueable deps ti=<TaskInstance: Real_Estate_Webscraping_ETL.Process_and_Send_Data_to_DB scheduled__2024-05-18T12:02:00+00:00 [queued]>
[2024-05-19T00:07:14.109+0000] {taskinstance.py:2306} INFO - Starting attempt 4 of 6
[2024-05-19T00:07:14.493+0000] {taskinstance.py:2330} INFO - Executing <Task(SparkSubmitOperator): Process_and_Send_Data_to_DB> on 2024-05-18 12:02:00+00:00
[2024-05-19T00:07:14.934+0000] {standard_task_runner.py:63} INFO - Started process 196 to run task
[2024-05-19T00:07:15.016+0000] {standard_task_runner.py:90} INFO - Running: ['***', 'tasks', 'run', 'Real_Estate_Webscraping_ETL', 'Process_and_Send_Data_to_DB', 'scheduled__2024-05-18T12:02:00+00:00', '--job-id', '429', '--raw', '--subdir', 'DAGS_FOLDER/webscrapping.py', '--cfg-path', '/tmp/tmpc2pd8j6x']
[2024-05-19T00:07:15.127+0000] {standard_task_runner.py:91} INFO - Job 429: Subtask Process_and_Send_Data_to_DB
[2024-05-19T00:07:17.222+0000] {task_command.py:426} INFO - Running <TaskInstance: Real_Estate_Webscraping_ETL.Process_and_Send_Data_to_DB scheduled__2024-05-18T12:02:00+00:00 [running]> on host eddd84e36bad
[2024-05-19T00:07:28.986+0000] {taskinstance.py:2648} INFO - Exporting env vars: AIRFLOW_CTX_DAG_OWNER='svc' AIRFLOW_CTX_DAG_ID='Real_Estate_Webscraping_ETL' AIRFLOW_CTX_TASK_ID='Process_and_Send_Data_to_DB' AIRFLOW_CTX_EXECUTION_DATE='2024-05-18T12:02:00+00:00' AIRFLOW_CTX_TRY_NUMBER='4' AIRFLOW_CTX_DAG_RUN_ID='scheduled__2024-05-18T12:02:00+00:00'
[2024-05-19T00:07:29.137+0000] {taskinstance.py:430} INFO - ::endgroup::
[2024-05-19T00:07:30.996+0000] {base.py:84} INFO - Using connection ID 'spark_default' for task execution.
[2024-05-19T00:07:31.020+0000] {spark_submit.py:401} INFO - Spark-Submit cmd: spark-submit --master spark://spark-master:7077 --packages org.apache.spark:spark-sql-kafka-0-10_2.12:3.5.1,com.datastax.spark:spark-cassandra-connector_2.12:3.5.0,org.apache.kafka:kafka-clients:3.5.1,commons-logging:commons-logging:1.2 --name arrow-spark --deploy-mode client dags/includes/jobs/spark_consumer.py
[2024-05-19T00:07:33.081+0000] {spark_submit.py:571} INFO - /home/***/.local/lib/python3.11/site-packages/pyspark/bin/load-spark-env.sh: line 68: ps: command not found
[2024-05-19T00:08:49.076+0000] {spark_submit.py:571} INFO - :: loading settings :: url = jar:file:/home/***/.local/lib/python3.11/site-packages/pyspark/jars/ivy-2.5.1.jar!/org/apache/ivy/core/settings/ivysettings.xml
[2024-05-19T00:08:53.902+0000] {spark_submit.py:571} INFO - Ivy Default Cache set to: /home/***/.ivy2/cache
[2024-05-19T00:08:54.106+0000] {spark_submit.py:571} INFO - The jars for the packages stored in: /home/***/.ivy2/jars
[2024-05-19T00:08:54.135+0000] {spark_submit.py:571} INFO - org.apache.spark#spark-sql-kafka-0-10_2.12 added as a dependency
[2024-05-19T00:08:54.207+0000] {spark_submit.py:571} INFO - com.datastax.spark#spark-cassandra-connector_2.12 added as a dependency
[2024-05-19T00:08:54.216+0000] {spark_submit.py:571} INFO - org.apache.kafka#kafka-clients added as a dependency
[2024-05-19T00:08:54.251+0000] {spark_submit.py:571} INFO - commons-logging#commons-logging added as a dependency
[2024-05-19T00:08:54.264+0000] {spark_submit.py:571} INFO - :: resolving dependencies :: org.apache.spark#spark-submit-parent-0fd2812c-e67d-4999-8899-c1bcadffc8fb;1.0
[2024-05-19T00:08:54.275+0000] {spark_submit.py:571} INFO - confs: [default]
[2024-05-19T00:09:13.954+0000] {spark_submit.py:571} INFO - found com.datastax.spark#spark-cassandra-connector_2.12;3.5.0 in central
[2024-05-19T00:09:16.285+0000] {spark_submit.py:571} INFO - found com.datastax.spark#spark-cassandra-connector-driver_2.12;3.5.0 in central
[2024-05-19T00:09:16.684+0000] {spark_submit.py:571} INFO - found org.scala-lang.modules#scala-collection-compat_2.12;2.11.0 in central
[2024-05-19T00:09:20.312+0000] {spark_submit.py:571} INFO - found com.datastax.oss#java-driver-mapper-runtime;4.13.0 in central
[2024-05-19T00:09:20.933+0000] {spark_submit.py:571} INFO - found com.datastax.oss#java-driver-query-builder;4.13.0 in central
[2024-05-19T00:09:21.712+0000] {spark_submit.py:571} INFO - found com.datastax.oss#java-driver-shaded-guava;25.1-jre-graal-sub-1 in central
[2024-05-19T00:09:22.450+0000] {spark_submit.py:571} INFO - found com.github.stephenc.jcip#jcip-annotations;1.0-1 in central
[2024-05-19T00:09:22.722+0000] {spark_submit.py:571} INFO - found com.github.spotbugs#spotbugs-annotations;3.1.12 in central
[2024-05-19T00:09:23.296+0000] {spark_submit.py:571} INFO - found com.google.code.findbugs#jsr305;3.0.2 in central
[2024-05-19T00:09:24.863+0000] {spark_submit.py:571} INFO - found org.apache.commons#commons-lang3;3.10 in central
[2024-05-19T00:09:27.434+0000] {spark_submit.py:571} INFO - found com.thoughtworks.paranamer#paranamer;2.8 in central
[2024-05-19T00:09:28.184+0000] {spark_submit.py:571} INFO - found org.scala-lang#scala-reflect;2.12.11 in central
[2024-05-19T00:09:29.137+0000] {spark_submit.py:571} INFO - found org.apache.kafka#kafka-clients;3.5.1 in central
[2024-05-19T00:09:30.159+0000] {spark_submit.py:571} INFO - found com.github.luben#zstd-jni;1.5.5-1 in spark-list
[2024-05-19T00:09:32.346+0000] {spark_submit.py:571} INFO - found org.lz4#lz4-java;1.8.0 in central
[2024-05-19T00:09:32.664+0000] {spark_submit.py:571} INFO - found org.xerial.snappy#snappy-java;1.1.10.1 in central
[2024-05-19T00:09:34.767+0000] {spark_submit.py:571} INFO - found org.slf4j#slf4j-api;1.7.36 in central
[2024-05-19T00:09:38.367+0000] {spark_submit.py:571} INFO - downloading https://repo1.maven.org/maven2/org/apache/kafka/kafka-clients/3.5.1/kafka-clients-3.5.1.jar ...
[2024-05-19T00:09:49.977+0000] {spark_submit.py:571} INFO - downloading https://repo1.maven.org/maven2/com/datastax/oss/java-driver-mapper-runtime/4.13.0/java-driver-mapper-runtime-4.13.0.jar ...
[2024-05-19T00:09:51.249+0000] {spark_submit.py:571} INFO - [SUCCESSFUL ] com.datastax.oss#java-driver-mapper-runtime;4.13.0!java-driver-mapper-runtime.jar(bundle) (2111ms)
[2024-05-19T00:09:51.600+0000] {spark_submit.py:571} INFO - downloading https://repo1.maven.org/maven2/com/thoughtworks/paranamer/paranamer/2.8/paranamer-2.8.jar ...
[2024-05-19T00:09:51.788+0000] {spark_submit.py:571} INFO - [SUCCESSFUL ] com.thoughtworks.paranamer#paranamer;2.8!paranamer.jar(bundle) (470ms)
[2024-05-19T00:09:52.367+0000] {spark_submit.py:571} INFO - downloading https://repo1.maven.org/maven2/org/scala-lang/scala-reflect/2.12.11/scala-reflect-2.12.11.jar ...
[2024-05-19T00:10:11.586+0000] {spark_submit.py:571} INFO - downloading https://repo1.maven.org/maven2/org/xerial/snappy/snappy-java/1.1.10.1/snappy-java-1.1.10.1.jar ...
[2024-05-19T00:10:12.327+0000] {spark_submit.py:571} INFO - [SUCCESSFUL ] org.xerial.snappy#snappy-java;1.1.10.1!snappy-java.jar(bundle) (1345ms)
[2024-05-19T00:10:12.374+0000] {spark_submit.py:571} INFO - :: resolution report :: resolve 43814ms :: artifacts dl 34668ms
[2024-05-19T00:10:12.375+0000] {spark_submit.py:571} INFO - :: modules in use:
[2024-05-19T00:10:12.382+0000] {spark_submit.py:571} INFO - com.datastax.oss#java-driver-mapper-runtime;4.13.0 from central in [default]
[2024-05-19T00:10:12.383+0000] {spark_submit.py:571} INFO - com.datastax.oss#java-driver-query-builder;4.13.0 from central in [default]
[2024-05-19T00:10:12.394+0000] {spark_submit.py:571} INFO - com.datastax.oss#java-driver-shaded-guava;25.1-jre-graal-sub-1 from central in [default]
[2024-05-19T00:10:12.405+0000] {spark_submit.py:571} INFO - com.datastax.spark#spark-cassandra-connector-driver_2.12;3.5.0 from central in [default]
[2024-05-19T00:10:12.418+0000] {spark_submit.py:571} INFO - com.datastax.spark#spark-cassandra-connector_2.12;3.5.0 from central in [default]
[2024-05-19T00:10:12.437+0000] {spark_submit.py:571} INFO - com.github.luben#zstd-jni;1.5.5-1 from spark-list in [default]
[2024-05-19T00:10:12.439+0000] {spark_submit.py:571} INFO - com.github.spotbugs#spotbugs-annotations;3.1.12 from central in [default]
[2024-05-19T00:10:12.439+0000] {spark_submit.py:571} INFO - com.github.stephenc.jcip#jcip-annotations;1.0-1 from central in [default]
[2024-05-19T00:10:12.449+0000] {spark_submit.py:571} INFO - com.google.code.findbugs#jsr305;3.0.2 from central in [default]
[2024-05-19T00:10:12.457+0000] {spark_submit.py:571} INFO - com.thoughtworks.paranamer#paranamer;2.8 from central in [default]
[2024-05-19T00:10:12.465+0000] {spark_submit.py:571} INFO - org.apache.commons#commons-lang3;3.10 from central in [default]
[2024-05-19T00:10:12.468+0000] {spark_submit.py:571} INFO - org.apache.kafka#kafka-clients;3.5.1 from central in [default]
[2024-05-19T00:10:12.472+0000] {spark_submit.py:571} INFO - org.lz4#lz4-java;1.8.0 from central in [default]
[2024-05-19T00:10:12.474+0000] {spark_submit.py:571} INFO - org.scala-lang#scala-reflect;2.12.11 from central in [default]
[2024-05-19T00:10:12.477+0000] {spark_submit.py:571} INFO - org.scala-lang.modules#scala-collection-compat_2.12;2.11.0 from central in [default]
[2024-05-19T00:10:12.497+0000] {spark_submit.py:571} INFO - org.slf4j#slf4j-api;1.7.36 from central in [default]
[2024-05-19T00:10:12.512+0000] {spark_submit.py:571} INFO - org.xerial.snappy#snappy-java;1.1.10.1 from central in [default]
[2024-05-19T00:10:12.517+0000] {spark_submit.py:571} INFO - ---------------------------------------------------------------------
[2024-05-19T00:10:12.529+0000] {spark_submit.py:571} INFO - |                  |            modules            ||   artifacts   |
[2024-05-19T00:10:12.531+0000] {spark_submit.py:571} INFO - |       conf       | number| search|dwnlded|evicted|| number|dwnlded|
[2024-05-19T00:10:12.534+0000] {spark_submit.py:571} INFO - ---------------------------------------------------------------------
[2024-05-19T00:10:12.535+0000] {spark_submit.py:571} INFO - |      default     |   20  |   11  |   11  |   0   ||   17  |   3   |
[2024-05-19T00:10:12.537+0000] {spark_submit.py:571} INFO - ---------------------------------------------------------------------
[2024-05-19T00:10:13.051+0000] {spark_submit.py:571} INFO - 
[2024-05-19T00:10:13.054+0000] {spark_submit.py:571} INFO - :: problems summary ::
[2024-05-19T00:10:13.060+0000] {spark_submit.py:571} INFO - :::: WARNINGS
[2024-05-19T00:10:13.081+0000] {spark_submit.py:571} INFO - problem while downloading module descriptor: https://repo1.maven.org/maven2/org/apache/spark/spark-sql-kafka-0-10_2.12/3.5.1/spark-sql-kafka-0-10_2.12-3.5.1.pom: Downloaded file size (0) doesn't match expected Content Length (14867) for https://repo1.maven.org/maven2/org/apache/spark/spark-sql-kafka-0-10_2.12/3.5.1/spark-sql-kafka-0-10_2.12-3.5.1.pom. Please retry. (860ms)
[2024-05-19T00:10:13.110+0000] {spark_submit.py:571} INFO - 
[2024-05-19T00:10:13.115+0000] {spark_submit.py:571} INFO - module not found: org.apache.spark#spark-sql-kafka-0-10_2.12;3.5.1
[2024-05-19T00:10:13.119+0000] {spark_submit.py:571} INFO - 
[2024-05-19T00:10:13.126+0000] {spark_submit.py:571} INFO - ==== local-m2-cache: tried
[2024-05-19T00:10:13.140+0000] {spark_submit.py:571} INFO - 
[2024-05-19T00:10:13.165+0000] {spark_submit.py:571} INFO - file:/home/***/.m2/repository/org/apache/spark/spark-sql-kafka-0-10_2.12/3.5.1/spark-sql-kafka-0-10_2.12-3.5.1.pom
[2024-05-19T00:10:13.222+0000] {spark_submit.py:571} INFO - 
[2024-05-19T00:10:13.245+0000] {spark_submit.py:571} INFO - -- artifact org.apache.spark#spark-sql-kafka-0-10_2.12;3.5.1!spark-sql-kafka-0-10_2.12.jar:
[2024-05-19T00:10:13.261+0000] {spark_submit.py:571} INFO - 
[2024-05-19T00:10:13.287+0000] {spark_submit.py:571} INFO - file:/home/***/.m2/repository/org/apache/spark/spark-sql-kafka-0-10_2.12/3.5.1/spark-sql-kafka-0-10_2.12-3.5.1.jar
[2024-05-19T00:10:13.291+0000] {spark_submit.py:571} INFO - 
[2024-05-19T00:10:13.302+0000] {spark_submit.py:571} INFO - ==== local-ivy-cache: tried
[2024-05-19T00:10:13.311+0000] {spark_submit.py:571} INFO - 
[2024-05-19T00:10:13.316+0000] {spark_submit.py:571} INFO - /home/***/.ivy2/local/org.apache.spark/spark-sql-kafka-0-10_2.12/3.5.1/ivys/ivy.xml
[2024-05-19T00:10:13.320+0000] {spark_submit.py:571} INFO - 
[2024-05-19T00:10:13.329+0000] {spark_submit.py:571} INFO - -- artifact org.apache.spark#spark-sql-kafka-0-10_2.12;3.5.1!spark-sql-kafka-0-10_2.12.jar:
[2024-05-19T00:10:13.338+0000] {spark_submit.py:571} INFO - 
[2024-05-19T00:10:13.354+0000] {spark_submit.py:571} INFO - /home/***/.ivy2/local/org.apache.spark/spark-sql-kafka-0-10_2.12/3.5.1/jars/spark-sql-kafka-0-10_2.12.jar
[2024-05-19T00:10:13.367+0000] {spark_submit.py:571} INFO - 
[2024-05-19T00:10:13.378+0000] {spark_submit.py:571} INFO - ==== central: tried
[2024-05-19T00:10:13.389+0000] {spark_submit.py:571} INFO - 
[2024-05-19T00:10:13.398+0000] {spark_submit.py:571} INFO - https://repo1.maven.org/maven2/org/apache/spark/spark-sql-kafka-0-10_2.12/3.5.1/spark-sql-kafka-0-10_2.12-3.5.1.pom
[2024-05-19T00:10:13.402+0000] {spark_submit.py:571} INFO - 
[2024-05-19T00:10:13.410+0000] {spark_submit.py:571} INFO - ==== spark-packages: tried
[2024-05-19T00:10:13.417+0000] {spark_submit.py:571} INFO - 
[2024-05-19T00:10:13.443+0000] {spark_submit.py:571} INFO - https://repos.spark-packages.org/org/apache/spark/spark-sql-kafka-0-10_2.12/3.5.1/spark-sql-kafka-0-10_2.12-3.5.1.pom
[2024-05-19T00:10:13.464+0000] {spark_submit.py:571} INFO - 
[2024-05-19T00:10:13.468+0000] {spark_submit.py:571} INFO - -- artifact org.apache.spark#spark-sql-kafka-0-10_2.12;3.5.1!spark-sql-kafka-0-10_2.12.jar:
[2024-05-19T00:10:13.479+0000] {spark_submit.py:571} INFO - 
[2024-05-19T00:10:13.489+0000] {spark_submit.py:571} INFO - https://repos.spark-packages.org/org/apache/spark/spark-sql-kafka-0-10_2.12/3.5.1/spark-sql-kafka-0-10_2.12-3.5.1.jar
[2024-05-19T00:10:13.497+0000] {spark_submit.py:571} INFO - 
[2024-05-19T00:10:13.523+0000] {spark_submit.py:571} INFO - io problem while parsing ivy file: https://repo1.maven.org/maven2/com/datastax/oss/java-driver-core-shaded/4.13.0/java-driver-core-shaded-4.13.0.pom (java.io.FileNotFoundException: /home/***/.ivy2/cache/com.datastax.oss/java-driver-core-shaded/ivy-4.13.0.xml.original (No such file or directory))
[2024-05-19T00:10:13.600+0000] {spark_submit.py:571} INFO - 
[2024-05-19T00:10:13.609+0000] {spark_submit.py:571} INFO - module not found: com.datastax.oss#java-driver-core-shaded;4.13.0
[2024-05-19T00:10:13.618+0000] {spark_submit.py:571} INFO - 
[2024-05-19T00:10:13.626+0000] {spark_submit.py:571} INFO - ==== local-m2-cache: tried
[2024-05-19T00:10:13.629+0000] {spark_submit.py:571} INFO - 
[2024-05-19T00:10:13.655+0000] {spark_submit.py:571} INFO - file:/home/***/.m2/repository/com/datastax/oss/java-driver-core-shaded/4.13.0/java-driver-core-shaded-4.13.0.pom
[2024-05-19T00:10:13.708+0000] {spark_submit.py:571} INFO - 
[2024-05-19T00:10:13.741+0000] {spark_submit.py:571} INFO - -- artifact com.datastax.oss#java-driver-core-shaded;4.13.0!java-driver-core-shaded.jar:
[2024-05-19T00:10:13.752+0000] {spark_submit.py:571} INFO - 
[2024-05-19T00:10:13.767+0000] {spark_submit.py:571} INFO - file:/home/***/.m2/repository/com/datastax/oss/java-driver-core-shaded/4.13.0/java-driver-core-shaded-4.13.0.jar
[2024-05-19T00:10:13.779+0000] {spark_submit.py:571} INFO - 
[2024-05-19T00:10:13.785+0000] {spark_submit.py:571} INFO - ==== local-ivy-cache: tried
[2024-05-19T00:10:13.809+0000] {spark_submit.py:571} INFO - 
[2024-05-19T00:10:13.826+0000] {spark_submit.py:571} INFO - /home/***/.ivy2/local/com.datastax.oss/java-driver-core-shaded/4.13.0/ivys/ivy.xml
[2024-05-19T00:10:13.838+0000] {spark_submit.py:571} INFO - 
[2024-05-19T00:10:13.848+0000] {spark_submit.py:571} INFO - -- artifact com.datastax.oss#java-driver-core-shaded;4.13.0!java-driver-core-shaded.jar:
[2024-05-19T00:10:13.852+0000] {spark_submit.py:571} INFO - 
[2024-05-19T00:10:13.865+0000] {spark_submit.py:571} INFO - /home/***/.ivy2/local/com.datastax.oss/java-driver-core-shaded/4.13.0/jars/java-driver-core-shaded.jar
[2024-05-19T00:10:13.872+0000] {spark_submit.py:571} INFO - 
[2024-05-19T00:10:13.877+0000] {spark_submit.py:571} INFO - ==== central: tried
[2024-05-19T00:10:13.910+0000] {spark_submit.py:571} INFO - 
[2024-05-19T00:10:13.936+0000] {spark_submit.py:571} INFO - https://repo1.maven.org/maven2/com/datastax/oss/java-driver-core-shaded/4.13.0/java-driver-core-shaded-4.13.0.pom
[2024-05-19T00:10:13.939+0000] {spark_submit.py:571} INFO - 
[2024-05-19T00:10:13.945+0000] {spark_submit.py:571} INFO - ==== spark-packages: tried
[2024-05-19T00:10:13.949+0000] {spark_submit.py:571} INFO - 
[2024-05-19T00:10:13.976+0000] {spark_submit.py:571} INFO - https://repos.spark-packages.org/com/datastax/oss/java-driver-core-shaded/4.13.0/java-driver-core-shaded-4.13.0.pom
[2024-05-19T00:10:13.980+0000] {spark_submit.py:571} INFO - 
[2024-05-19T00:10:13.981+0000] {spark_submit.py:571} INFO - -- artifact com.datastax.oss#java-driver-core-shaded;4.13.0!java-driver-core-shaded.jar:
[2024-05-19T00:10:14.001+0000] {spark_submit.py:571} INFO - 
[2024-05-19T00:10:14.037+0000] {spark_submit.py:571} INFO - https://repos.spark-packages.org/com/datastax/oss/java-driver-core-shaded/4.13.0/java-driver-core-shaded-4.13.0.jar
[2024-05-19T00:10:14.077+0000] {spark_submit.py:571} INFO - 
[2024-05-19T00:10:14.078+0000] {spark_submit.py:571} INFO - impossible to put metadata file in cache: https://repo1.maven.org/maven2/org/scala-lang/scala-reflect/2.12.11/scala-reflect-2.12.11.pom (2.12.11) (java.io.FileNotFoundException: /home/***/.ivy2/cache/org.scala-lang/scala-reflect/ivy-2.12.11.xml.original (No such file or directory))
[2024-05-19T00:10:14.078+0000] {spark_submit.py:571} INFO - 
[2024-05-19T00:10:14.078+0000] {spark_submit.py:571} INFO - problem while downloading module descriptor: https://repo1.maven.org/maven2/org/apache/commons/commons-parent/34/commons-parent-34.pom: impossible to move part file to definitive one: /home/***/.ivy2/cache/org.apache.commons/commons-parent/ivy-34.xml.original.part -> /home/***/.ivy2/cache/org.apache.commons/commons-parent/ivy-34.xml.original (380ms)
[2024-05-19T00:10:14.090+0000] {spark_submit.py:571} INFO - 
[2024-05-19T00:10:14.109+0000] {spark_submit.py:571} INFO - io problem while parsing ivy file: https://repo1.maven.org/maven2/commons-logging/commons-logging/1.2/commons-logging-1.2.pom (java.io.IOException: Impossible to load parent for file:/home/***/.ivy2/cache/commons-logging/commons-logging/ivy-1.2.xml.original. Parent=org.apache.commons#commons-parent;34)
[2024-05-19T00:10:14.109+0000] {spark_submit.py:571} INFO - 
[2024-05-19T00:10:14.109+0000] {spark_submit.py:571} INFO - module not found: commons-logging#commons-logging;1.2
[2024-05-19T00:10:14.129+0000] {spark_submit.py:571} INFO - 
[2024-05-19T00:10:14.130+0000] {spark_submit.py:571} INFO - ==== local-m2-cache: tried
[2024-05-19T00:10:14.130+0000] {spark_submit.py:571} INFO - 
[2024-05-19T00:10:14.130+0000] {spark_submit.py:571} INFO - file:/home/***/.m2/repository/org/apache/commons/commons-parent/34/commons-parent-34.pom
[2024-05-19T00:10:14.130+0000] {spark_submit.py:571} INFO - 
[2024-05-19T00:10:14.130+0000] {spark_submit.py:571} INFO - -- artifact org.apache.commons#commons-parent;34!commons-parent.jar:
[2024-05-19T00:10:14.132+0000] {spark_submit.py:571} INFO - 
[2024-05-19T00:10:14.134+0000] {spark_submit.py:571} INFO - file:/home/***/.m2/repository/org/apache/commons/commons-parent/34/commons-parent-34.jar
[2024-05-19T00:10:14.137+0000] {spark_submit.py:571} INFO - 
[2024-05-19T00:10:14.138+0000] {spark_submit.py:571} INFO - ==== local-ivy-cache: tried
[2024-05-19T00:10:14.139+0000] {spark_submit.py:571} INFO - 
[2024-05-19T00:10:14.141+0000] {spark_submit.py:571} INFO - /home/***/.ivy2/local/org.apache.commons/commons-parent/34/ivys/ivy.xml
[2024-05-19T00:10:14.151+0000] {spark_submit.py:571} INFO - 
[2024-05-19T00:10:14.155+0000] {spark_submit.py:571} INFO - -- artifact org.apache.commons#commons-parent;34!commons-parent.jar:
[2024-05-19T00:10:14.155+0000] {spark_submit.py:571} INFO - 
[2024-05-19T00:10:14.156+0000] {spark_submit.py:571} INFO - /home/***/.ivy2/local/org.apache.commons/commons-parent/34/jars/commons-parent.jar
[2024-05-19T00:10:14.156+0000] {spark_submit.py:571} INFO - 
[2024-05-19T00:10:14.165+0000] {spark_submit.py:571} INFO - ==== central: tried
[2024-05-19T00:10:14.169+0000] {spark_submit.py:571} INFO - 
[2024-05-19T00:10:14.170+0000] {spark_submit.py:571} INFO - https://repo1.maven.org/maven2/org/apache/commons/commons-parent/34/commons-parent-34.pom
[2024-05-19T00:10:14.170+0000] {spark_submit.py:571} INFO - 
[2024-05-19T00:10:14.178+0000] {spark_submit.py:571} INFO - ==== spark-packages: tried
[2024-05-19T00:10:14.183+0000] {spark_submit.py:571} INFO - 
[2024-05-19T00:10:14.184+0000] {spark_submit.py:571} INFO - https://repos.spark-packages.org/commons-logging/commons-logging/1.2/commons-logging-1.2.pom
[2024-05-19T00:10:14.199+0000] {spark_submit.py:571} INFO - 
[2024-05-19T00:10:14.200+0000] {spark_submit.py:571} INFO - -- artifact commons-logging#commons-logging;1.2!commons-logging.jar:
[2024-05-19T00:10:14.200+0000] {spark_submit.py:571} INFO - 
[2024-05-19T00:10:14.212+0000] {spark_submit.py:571} INFO - https://repos.spark-packages.org/commons-logging/commons-logging/1.2/commons-logging-1.2.jar
[2024-05-19T00:10:14.217+0000] {spark_submit.py:571} INFO - 
[2024-05-19T00:10:14.224+0000] {spark_submit.py:571} INFO - [FAILED     ] org.apache.kafka#kafka-clients;3.5.1!kafka-clients.jar: Downloaded file size (3301376) doesn't match expected Content Length (5246932) for https://repo1.maven.org/maven2/org/apache/kafka/kafka-clients/3.5.1/kafka-clients-3.5.1.jar. Please retry. (10118ms)
[2024-05-19T00:10:14.228+0000] {spark_submit.py:571} INFO - 
[2024-05-19T00:10:14.229+0000] {spark_submit.py:571} INFO - [FAILED     ] org.apache.kafka#kafka-clients;3.5.1!kafka-clients.jar: Downloaded file size (3301376) doesn't match expected Content Length (5246932) for https://repo1.maven.org/maven2/org/apache/kafka/kafka-clients/3.5.1/kafka-clients-3.5.1.jar. Please retry. (10118ms)
[2024-05-19T00:10:14.238+0000] {spark_submit.py:571} INFO - 
[2024-05-19T00:10:14.248+0000] {spark_submit.py:571} INFO - ==== central: tried
[2024-05-19T00:10:14.264+0000] {spark_submit.py:571} INFO - 
[2024-05-19T00:10:14.269+0000] {spark_submit.py:571} INFO - https://repo1.maven.org/maven2/org/apache/kafka/kafka-clients/3.5.1/kafka-clients-3.5.1.jar
[2024-05-19T00:10:14.272+0000] {spark_submit.py:571} INFO - 
[2024-05-19T00:10:14.273+0000] {spark_submit.py:571} INFO - [FAILED     ] org.scala-lang#scala-reflect;2.12.11!scala-reflect.jar: Downloaded file size (0) doesn't match expected Content Length (3681570) for https://repo1.maven.org/maven2/org/scala-lang/scala-reflect/2.12.11/scala-reflect-2.12.11.jar. Please retry. (17505ms)
[2024-05-19T00:10:14.273+0000] {spark_submit.py:571} INFO - 
[2024-05-19T00:10:14.278+0000] {spark_submit.py:571} INFO - [FAILED     ] org.scala-lang#scala-reflect;2.12.11!scala-reflect.jar: Downloaded file size (0) doesn't match expected Content Length (3681570) for https://repo1.maven.org/maven2/org/scala-lang/scala-reflect/2.12.11/scala-reflect-2.12.11.jar. Please retry. (17505ms)
[2024-05-19T00:10:14.287+0000] {spark_submit.py:571} INFO - 
[2024-05-19T00:10:14.299+0000] {spark_submit.py:571} INFO - ==== central: tried
[2024-05-19T00:10:14.308+0000] {spark_submit.py:571} INFO - 
[2024-05-19T00:10:14.314+0000] {spark_submit.py:571} INFO - https://repo1.maven.org/maven2/org/scala-lang/scala-reflect/2.12.11/scala-reflect-2.12.11.jar
[2024-05-19T00:10:14.314+0000] {spark_submit.py:571} INFO - 
[2024-05-19T00:10:14.323+0000] {spark_submit.py:571} INFO - ::::::::::::::::::::::::::::::::::::::::::::::
[2024-05-19T00:10:14.325+0000] {spark_submit.py:571} INFO - 
[2024-05-19T00:10:14.333+0000] {spark_submit.py:571} INFO - ::          UNRESOLVED DEPENDENCIES         ::
[2024-05-19T00:10:14.337+0000] {spark_submit.py:571} INFO - 
[2024-05-19T00:10:14.345+0000] {spark_submit.py:571} INFO - ::::::::::::::::::::::::::::::::::::::::::::::
[2024-05-19T00:10:14.350+0000] {spark_submit.py:571} INFO - 
[2024-05-19T00:10:14.356+0000] {spark_submit.py:571} INFO - :: org.apache.spark#spark-sql-kafka-0-10_2.12;3.5.1: not found
[2024-05-19T00:10:14.362+0000] {spark_submit.py:571} INFO - 
[2024-05-19T00:10:14.375+0000] {spark_submit.py:571} INFO - :: com.datastax.oss#java-driver-core-shaded;4.13.0: not found
[2024-05-19T00:10:14.385+0000] {spark_submit.py:571} INFO - 
[2024-05-19T00:10:14.399+0000] {spark_submit.py:571} INFO - :: commons-logging#commons-logging;1.2: not found
[2024-05-19T00:10:14.405+0000] {spark_submit.py:571} INFO - 
[2024-05-19T00:10:14.411+0000] {spark_submit.py:571} INFO - ::::::::::::::::::::::::::::::::::::::::::::::
[2024-05-19T00:10:14.416+0000] {spark_submit.py:571} INFO - 
[2024-05-19T00:10:14.416+0000] {spark_submit.py:571} INFO - 
[2024-05-19T00:10:14.417+0000] {spark_submit.py:571} INFO - ::::::::::::::::::::::::::::::::::::::::::::::
[2024-05-19T00:10:14.423+0000] {spark_submit.py:571} INFO - 
[2024-05-19T00:10:14.432+0000] {spark_submit.py:571} INFO - ::              FAILED DOWNLOADS            ::
[2024-05-19T00:10:14.442+0000] {spark_submit.py:571} INFO - 
[2024-05-19T00:10:14.451+0000] {spark_submit.py:571} INFO - :: ^ see resolution messages for details  ^ ::
[2024-05-19T00:10:14.455+0000] {spark_submit.py:571} INFO - 
[2024-05-19T00:10:14.461+0000] {spark_submit.py:571} INFO - ::::::::::::::::::::::::::::::::::::::::::::::
[2024-05-19T00:10:14.466+0000] {spark_submit.py:571} INFO - 
[2024-05-19T00:10:14.471+0000] {spark_submit.py:571} INFO - :: org.scala-lang#scala-reflect;2.12.11!scala-reflect.jar
[2024-05-19T00:10:14.476+0000] {spark_submit.py:571} INFO - 
[2024-05-19T00:10:14.481+0000] {spark_submit.py:571} INFO - :: org.apache.kafka#kafka-clients;3.5.1!kafka-clients.jar
[2024-05-19T00:10:14.484+0000] {spark_submit.py:571} INFO - 
[2024-05-19T00:10:14.486+0000] {spark_submit.py:571} INFO - ::::::::::::::::::::::::::::::::::::::::::::::
[2024-05-19T00:10:14.492+0000] {spark_submit.py:571} INFO - 
[2024-05-19T00:10:14.495+0000] {spark_submit.py:571} INFO - 
[2024-05-19T00:10:14.499+0000] {spark_submit.py:571} INFO - :::: ERRORS
[2024-05-19T00:10:14.504+0000] {spark_submit.py:571} INFO - unknown resolver null
[2024-05-19T00:10:14.506+0000] {spark_submit.py:571} INFO - 
[2024-05-19T00:10:14.507+0000] {spark_submit.py:571} INFO - unknown resolver null
[2024-05-19T00:10:14.515+0000] {spark_submit.py:571} INFO - 
[2024-05-19T00:10:14.517+0000] {spark_submit.py:571} INFO - 
[2024-05-19T00:10:14.541+0000] {spark_submit.py:571} INFO - :: USE VERBOSE OR DEBUG MESSAGE LEVEL FOR MORE DETAILS
[2024-05-19T00:10:14.546+0000] {spark_submit.py:571} INFO - Exception in thread "main" java.lang.RuntimeException: [unresolved dependency: org.apache.spark#spark-sql-kafka-0-10_2.12;3.5.1: not found, unresolved dependency: com.datastax.oss#java-driver-core-shaded;4.13.0: not found, unresolved dependency: commons-logging#commons-logging;1.2: not found, download failed: org.scala-lang#scala-reflect;2.12.11!scala-reflect.jar, download failed: org.apache.kafka#kafka-clients;3.5.1!kafka-clients.jar]
[2024-05-19T00:10:14.563+0000] {spark_submit.py:571} INFO - at org.apache.spark.deploy.SparkSubmitUtils$.resolveMavenCoordinates(SparkSubmit.scala:1608)
[2024-05-19T00:10:14.584+0000] {spark_submit.py:571} INFO - at org.apache.spark.util.DependencyUtils$.resolveMavenDependencies(DependencyUtils.scala:185)
[2024-05-19T00:10:14.586+0000] {spark_submit.py:571} INFO - at org.apache.spark.deploy.SparkSubmit.prepareSubmitEnvironment(SparkSubmit.scala:334)
[2024-05-19T00:10:14.593+0000] {spark_submit.py:571} INFO - at org.apache.spark.deploy.SparkSubmit.org$apache$spark$deploy$SparkSubmit$$runMain(SparkSubmit.scala:964)
[2024-05-19T00:10:14.594+0000] {spark_submit.py:571} INFO - at org.apache.spark.deploy.SparkSubmit.doRunMain$1(SparkSubmit.scala:194)
[2024-05-19T00:10:14.601+0000] {spark_submit.py:571} INFO - at org.apache.spark.deploy.SparkSubmit.submit(SparkSubmit.scala:217)
[2024-05-19T00:10:14.601+0000] {spark_submit.py:571} INFO - at org.apache.spark.deploy.SparkSubmit.doSubmit(SparkSubmit.scala:91)
[2024-05-19T00:10:14.606+0000] {spark_submit.py:571} INFO - at org.apache.spark.deploy.SparkSubmit$$anon$2.doSubmit(SparkSubmit.scala:1120)
[2024-05-19T00:10:14.609+0000] {spark_submit.py:571} INFO - at org.apache.spark.deploy.SparkSubmit$.main(SparkSubmit.scala:1129)
[2024-05-19T00:10:14.627+0000] {spark_submit.py:571} INFO - at org.apache.spark.deploy.SparkSubmit.main(SparkSubmit.scala)
[2024-05-19T00:10:15.211+0000] {taskinstance.py:441} INFO - ::group::Post task execution logs
[2024-05-19T00:10:19.725+0000] {taskinstance.py:2905} ERROR - Task failed with exception
Traceback (most recent call last):
  File "/home/airflow/.local/lib/python3.11/site-packages/airflow/models/taskinstance.py", line 465, in _execute_task
    result = _execute_callable(context=context, **execute_callable_kwargs)
             ^^^^^^^^^^^^^^^^^^^^^^^^^^^^^^^^^^^^^^^^^^^^^^^^^^^^^^^^^^^^^
  File "/home/airflow/.local/lib/python3.11/site-packages/airflow/models/taskinstance.py", line 432, in _execute_callable
    return execute_callable(context=context, **execute_callable_kwargs)
           ^^^^^^^^^^^^^^^^^^^^^^^^^^^^^^^^^^^^^^^^^^^^^^^^^^^^^^^^^^^^
  File "/home/airflow/.local/lib/python3.11/site-packages/airflow/models/baseoperator.py", line 400, in wrapper
    return func(self, *args, **kwargs)
           ^^^^^^^^^^^^^^^^^^^^^^^^^^^
  File "/home/airflow/.local/lib/python3.11/site-packages/airflow/providers/apache/spark/operators/spark_submit.py", line 174, in execute
    self._hook.submit(self.application)
  File "/home/airflow/.local/lib/python3.11/site-packages/airflow/providers/apache/spark/hooks/spark_submit.py", line 502, in submit
    raise AirflowException(
airflow.exceptions.AirflowException: Cannot execute: spark-submit --master spark://spark-master:7077 --packages org.apache.spark:spark-sql-kafka-0-10_2.12:3.5.1,com.datastax.spark:spark-cassandra-connector_2.12:3.5.0,org.apache.kafka:kafka-clients:3.5.1,commons-logging:commons-logging:1.2 --name arrow-spark --deploy-mode client dags/includes/jobs/spark_consumer.py. Error code is: 1.
[2024-05-19T00:10:21.524+0000] {taskinstance.py:1206} INFO - Marking task as UP_FOR_RETRY. dag_id=Real_Estate_Webscraping_ETL, task_id=Process_and_Send_Data_to_DB, run_id=scheduled__2024-05-18T12:02:00+00:00, execution_date=20240518T120200, start_date=20240519T000713, end_date=20240519T001021
[2024-05-19T00:10:22.486+0000] {standard_task_runner.py:110} ERROR - Failed to execute job 429 for task Process_and_Send_Data_to_DB (Cannot execute: spark-submit --master spark://spark-master:7077 --packages org.apache.spark:spark-sql-kafka-0-10_2.12:3.5.1,com.datastax.spark:spark-cassandra-connector_2.12:3.5.0,org.apache.kafka:kafka-clients:3.5.1,commons-logging:commons-logging:1.2 --name arrow-spark --deploy-mode client dags/includes/jobs/spark_consumer.py. Error code is: 1.; 196)
[2024-05-19T00:10:22.552+0000] {local_task_job_runner.py:240} INFO - Task exited with return code 1
[2024-05-19T00:10:23.156+0000] {taskinstance.py:3498} INFO - 0 downstream tasks scheduled from follow-on schedule check
[2024-05-19T00:10:23.190+0000] {local_task_job_runner.py:222} INFO - ::endgroup::
