[2024-05-18T23:42:15.687+0000] {local_task_job_runner.py:120} INFO - ::group::Pre task execution logs
[2024-05-18T23:42:20.396+0000] {taskinstance.py:2076} INFO - Dependencies all met for dep_context=non-requeueable deps ti=<TaskInstance: Real_Estate_Webscraping_ETL.Process_and_Send_Data_to_DB scheduled__2024-05-18T12:02:00+00:00 [queued]>
[2024-05-18T23:42:20.622+0000] {taskinstance.py:2076} INFO - Dependencies all met for dep_context=requeueable deps ti=<TaskInstance: Real_Estate_Webscraping_ETL.Process_and_Send_Data_to_DB scheduled__2024-05-18T12:02:00+00:00 [queued]>
[2024-05-18T23:42:20.634+0000] {taskinstance.py:2306} INFO - Starting attempt 1 of 6
[2024-05-18T23:42:21.515+0000] {taskinstance.py:2330} INFO - Executing <Task(SparkSubmitOperator): Process_and_Send_Data_to_DB> on 2024-05-18 12:02:00+00:00
[2024-05-18T23:42:21.894+0000] {standard_task_runner.py:63} INFO - Started process 2603 to run task
[2024-05-18T23:42:22.166+0000] {standard_task_runner.py:90} INFO - Running: ['***', 'tasks', 'run', 'Real_Estate_Webscraping_ETL', 'Process_and_Send_Data_to_DB', 'scheduled__2024-05-18T12:02:00+00:00', '--job-id', '364', '--raw', '--subdir', 'DAGS_FOLDER/webscrapping.py', '--cfg-path', '/tmp/tmpc39aqk00']
[2024-05-18T23:42:23.994+0000] {standard_task_runner.py:91} INFO - Job 364: Subtask Process_and_Send_Data_to_DB
[2024-05-18T23:42:29.280+0000] {task_command.py:426} INFO - Running <TaskInstance: Real_Estate_Webscraping_ETL.Process_and_Send_Data_to_DB scheduled__2024-05-18T12:02:00+00:00 [running]> on host c0373bd0174c
[2024-05-18T23:42:48.402+0000] {taskinstance.py:2648} INFO - Exporting env vars: AIRFLOW_CTX_DAG_OWNER='svc' AIRFLOW_CTX_DAG_ID='Real_Estate_Webscraping_ETL' AIRFLOW_CTX_TASK_ID='Process_and_Send_Data_to_DB' AIRFLOW_CTX_EXECUTION_DATE='2024-05-18T12:02:00+00:00' AIRFLOW_CTX_TRY_NUMBER='1' AIRFLOW_CTX_DAG_RUN_ID='scheduled__2024-05-18T12:02:00+00:00'
[2024-05-18T23:42:49.074+0000] {taskinstance.py:430} INFO - ::endgroup::
[2024-05-18T23:42:50.318+0000] {base.py:84} INFO - Using connection ID 'spark_default' for task execution.
[2024-05-18T23:42:50.390+0000] {spark_submit.py:401} INFO - Spark-Submit cmd: spark-submit --master spark://spark-master:7077 --packages org.apache.spark:spark-sql-kafka-0-10_2.12:3.5.1,com.datastax.spark:spark-cassandra-connector_2.12:3.5.0,org.apache.kafka:kafka-clients:3.5.1,commons-logging:commons-logging:1.2 --name arrow-spark --deploy-mode client dags/includes/jobs/spark_consumer.py
[2024-05-18T23:42:51.351+0000] {spark_submit.py:571} INFO - /home/***/.local/lib/python3.11/site-packages/pyspark/bin/load-spark-env.sh: line 68: ps: command not found
[2024-05-18T23:45:24.605+0000] {spark_submit.py:571} INFO - :: loading settings :: url = jar:file:/home/***/.local/lib/python3.11/site-packages/pyspark/jars/ivy-2.5.1.jar!/org/apache/ivy/core/settings/ivysettings.xml
[2024-05-18T23:45:26.018+0000] {spark_submit.py:571} INFO - Ivy Default Cache set to: /home/***/.ivy2/cache
[2024-05-18T23:45:26.156+0000] {spark_submit.py:571} INFO - The jars for the packages stored in: /home/***/.ivy2/jars
[2024-05-18T23:45:26.170+0000] {spark_submit.py:571} INFO - org.apache.spark#spark-sql-kafka-0-10_2.12 added as a dependency
[2024-05-18T23:45:26.175+0000] {spark_submit.py:571} INFO - com.datastax.spark#spark-cassandra-connector_2.12 added as a dependency
[2024-05-18T23:45:26.182+0000] {spark_submit.py:571} INFO - org.apache.kafka#kafka-clients added as a dependency
[2024-05-18T23:45:26.183+0000] {spark_submit.py:571} INFO - commons-logging#commons-logging added as a dependency
[2024-05-18T23:45:26.189+0000] {spark_submit.py:571} INFO - :: resolving dependencies :: org.apache.spark#spark-submit-parent-b93dc336-5248-4ae4-859e-b0800c98d184;1.0
[2024-05-18T23:45:26.191+0000] {spark_submit.py:571} INFO - confs: [default]
[2024-05-18T23:45:29.710+0000] {spark_submit.py:571} INFO - found org.apache.spark#spark-sql-kafka-0-10_2.12;3.5.1 in spark-list
[2024-05-18T23:45:38.014+0000] {spark_submit.py:571} INFO - found org.apache.spark#spark-token-provider-kafka-0-10_2.12;3.5.1 in central
[2024-05-18T23:45:43.510+0000] {spark_submit.py:571} INFO - found org.apache.hadoop#hadoop-client-runtime;3.3.4 in central
[2024-05-18T23:45:50.898+0000] {spark_submit.py:571} INFO - found org.apache.hadoop#hadoop-client-api;3.3.4 in central
[2024-05-18T23:45:51.510+0000] {spark_submit.py:571} INFO - found org.xerial.snappy#snappy-java;1.1.10.3 in central
[2024-05-18T23:45:52.244+0000] {spark_submit.py:571} INFO - found org.slf4j#slf4j-api;2.0.7 in central
[2024-05-18T23:45:53.118+0000] {spark_submit.py:571} INFO - found com.google.code.findbugs#jsr305;3.0.0 in central
[2024-05-18T23:45:53.229+0000] {spark_submit.py:571} INFO - found org.apache.commons#commons-pool2;2.11.1 in central
[2024-05-18T23:45:53.412+0000] {spark_submit.py:571} INFO - found com.datastax.spark#spark-cassandra-connector_2.12;3.5.0 in central
[2024-05-18T23:45:53.762+0000] {spark_submit.py:571} INFO - found com.datastax.spark#spark-cassandra-connector-driver_2.12;3.5.0 in central
[2024-05-18T23:45:53.895+0000] {spark_submit.py:571} INFO - found org.scala-lang.modules#scala-collection-compat_2.12;2.11.0 in central
[2024-05-18T23:45:54.009+0000] {spark_submit.py:571} INFO - found com.datastax.oss#java-driver-core-shaded;4.13.0 in central
[2024-05-18T23:45:54.503+0000] {spark_submit.py:571} INFO - found com.datastax.oss#native-protocol;1.5.0 in central
[2024-05-18T23:45:55.470+0000] {spark_submit.py:571} INFO - found com.datastax.oss#java-driver-shaded-guava;25.1-jre-graal-sub-1 in central
[2024-05-18T23:46:00.176+0000] {spark_submit.py:571} INFO - found com.typesafe#config;1.4.1 in central
[2024-05-18T23:46:03.132+0000] {spark_submit.py:571} INFO - found io.dropwizard.metrics#metrics-core;4.1.18 in central
[2024-05-18T23:46:09.384+0000] {spark_submit.py:571} INFO - found org.hdrhistogram#HdrHistogram;2.1.12 in central
[2024-05-18T23:46:10.602+0000] {spark_submit.py:571} INFO - found org.reactivestreams#reactive-streams;1.0.3 in central
[2024-05-18T23:46:11.057+0000] {spark_submit.py:571} INFO - found com.github.stephenc.jcip#jcip-annotations;1.0-1 in central
[2024-05-18T23:46:11.352+0000] {spark_submit.py:571} INFO - found com.github.spotbugs#spotbugs-annotations;3.1.12 in central
[2024-05-18T23:46:11.558+0000] {spark_submit.py:571} INFO - found com.google.code.findbugs#jsr305;3.0.2 in central
[2024-05-18T23:46:11.920+0000] {spark_submit.py:571} INFO - found com.datastax.oss#java-driver-mapper-runtime;4.13.0 in central
[2024-05-18T23:46:12.277+0000] {spark_submit.py:571} INFO - found com.datastax.oss#java-driver-query-builder;4.13.0 in central
[2024-05-18T23:46:12.550+0000] {spark_submit.py:571} INFO - found org.apache.commons#commons-lang3;3.10 in central
[2024-05-18T23:46:12.653+0000] {spark_submit.py:571} INFO - found com.thoughtworks.paranamer#paranamer;2.8 in central
[2024-05-18T23:46:12.701+0000] {spark_submit.py:571} INFO - found org.scala-lang#scala-reflect;2.12.11 in central
[2024-05-18T23:46:12.843+0000] {spark_submit.py:571} INFO - found org.apache.kafka#kafka-clients;3.5.1 in central
[2024-05-18T23:46:12.924+0000] {spark_submit.py:571} INFO - found com.github.luben#zstd-jni;1.5.5-1 in central
[2024-05-18T23:46:12.951+0000] {spark_submit.py:571} INFO - found org.lz4#lz4-java;1.8.0 in central
[2024-05-18T23:46:12.975+0000] {spark_submit.py:571} INFO - found commons-logging#commons-logging;1.2 in central
[2024-05-18T23:46:13.682+0000] {spark_submit.py:571} INFO - :: resolution report :: resolve 47078ms :: artifacts dl 416ms
[2024-05-18T23:46:13.690+0000] {spark_submit.py:571} INFO - :: modules in use:
[2024-05-18T23:46:13.695+0000] {spark_submit.py:571} INFO - com.datastax.oss#java-driver-core-shaded;4.13.0 from central in [default]
[2024-05-18T23:46:13.705+0000] {spark_submit.py:571} INFO - com.datastax.oss#java-driver-mapper-runtime;4.13.0 from central in [default]
[2024-05-18T23:46:13.708+0000] {spark_submit.py:571} INFO - com.datastax.oss#java-driver-query-builder;4.13.0 from central in [default]
[2024-05-18T23:46:13.711+0000] {spark_submit.py:571} INFO - com.datastax.oss#java-driver-shaded-guava;25.1-jre-graal-sub-1 from central in [default]
[2024-05-18T23:46:13.717+0000] {spark_submit.py:571} INFO - com.datastax.oss#native-protocol;1.5.0 from central in [default]
[2024-05-18T23:46:13.720+0000] {spark_submit.py:571} INFO - com.datastax.spark#spark-cassandra-connector-driver_2.12;3.5.0 from central in [default]
[2024-05-18T23:46:13.721+0000] {spark_submit.py:571} INFO - com.datastax.spark#spark-cassandra-connector_2.12;3.5.0 from central in [default]
[2024-05-18T23:46:13.722+0000] {spark_submit.py:571} INFO - com.github.luben#zstd-jni;1.5.5-1 from central in [default]
[2024-05-18T23:46:13.722+0000] {spark_submit.py:571} INFO - com.github.spotbugs#spotbugs-annotations;3.1.12 from central in [default]
[2024-05-18T23:46:13.723+0000] {spark_submit.py:571} INFO - com.github.stephenc.jcip#jcip-annotations;1.0-1 from central in [default]
[2024-05-18T23:46:13.730+0000] {spark_submit.py:571} INFO - com.google.code.findbugs#jsr305;3.0.2 from central in [default]
[2024-05-18T23:46:13.736+0000] {spark_submit.py:571} INFO - com.thoughtworks.paranamer#paranamer;2.8 from central in [default]
[2024-05-18T23:46:13.740+0000] {spark_submit.py:571} INFO - com.typesafe#config;1.4.1 from central in [default]
[2024-05-18T23:46:13.741+0000] {spark_submit.py:571} INFO - commons-logging#commons-logging;1.2 from central in [default]
[2024-05-18T23:46:13.742+0000] {spark_submit.py:571} INFO - io.dropwizard.metrics#metrics-core;4.1.18 from central in [default]
[2024-05-18T23:46:13.743+0000] {spark_submit.py:571} INFO - org.apache.commons#commons-lang3;3.10 from central in [default]
[2024-05-18T23:46:13.744+0000] {spark_submit.py:571} INFO - org.apache.commons#commons-pool2;2.11.1 from central in [default]
[2024-05-18T23:46:13.748+0000] {spark_submit.py:571} INFO - org.apache.hadoop#hadoop-client-api;3.3.4 from central in [default]
[2024-05-18T23:46:13.759+0000] {spark_submit.py:571} INFO - org.apache.hadoop#hadoop-client-runtime;3.3.4 from central in [default]
[2024-05-18T23:46:13.762+0000] {spark_submit.py:571} INFO - org.apache.kafka#kafka-clients;3.5.1 from central in [default]
[2024-05-18T23:46:13.764+0000] {spark_submit.py:571} INFO - org.apache.spark#spark-sql-kafka-0-10_2.12;3.5.1 from spark-list in [default]
[2024-05-18T23:46:13.774+0000] {spark_submit.py:571} INFO - org.apache.spark#spark-token-provider-kafka-0-10_2.12;3.5.1 from central in [default]
[2024-05-18T23:46:13.775+0000] {spark_submit.py:571} INFO - org.hdrhistogram#HdrHistogram;2.1.12 from central in [default]
[2024-05-18T23:46:13.775+0000] {spark_submit.py:571} INFO - org.lz4#lz4-java;1.8.0 from central in [default]
[2024-05-18T23:46:13.776+0000] {spark_submit.py:571} INFO - org.reactivestreams#reactive-streams;1.0.3 from central in [default]
[2024-05-18T23:46:13.776+0000] {spark_submit.py:571} INFO - org.scala-lang#scala-reflect;2.12.11 from central in [default]
[2024-05-18T23:46:13.777+0000] {spark_submit.py:571} INFO - org.scala-lang.modules#scala-collection-compat_2.12;2.11.0 from central in [default]
[2024-05-18T23:46:13.778+0000] {spark_submit.py:571} INFO - org.slf4j#slf4j-api;2.0.7 from central in [default]
[2024-05-18T23:46:13.779+0000] {spark_submit.py:571} INFO - org.xerial.snappy#snappy-java;1.1.10.3 from central in [default]
[2024-05-18T23:46:13.779+0000] {spark_submit.py:571} INFO - :: evicted modules:
[2024-05-18T23:46:13.779+0000] {spark_submit.py:571} INFO - org.apache.kafka#kafka-clients;3.4.1 by [org.apache.kafka#kafka-clients;3.5.1] in [default]
[2024-05-18T23:46:13.779+0000] {spark_submit.py:571} INFO - commons-logging#commons-logging;1.1.3 by [commons-logging#commons-logging;1.2] in [default]
[2024-05-18T23:46:13.780+0000] {spark_submit.py:571} INFO - com.google.code.findbugs#jsr305;3.0.0 by [com.google.code.findbugs#jsr305;3.0.2] in [default]
[2024-05-18T23:46:13.790+0000] {spark_submit.py:571} INFO - org.slf4j#slf4j-api;1.7.26 by [org.slf4j#slf4j-api;2.0.7] in [default]
[2024-05-18T23:46:13.791+0000] {spark_submit.py:571} INFO - org.xerial.snappy#snappy-java;1.1.10.1 by [org.xerial.snappy#snappy-java;1.1.10.3] in [default]
[2024-05-18T23:46:13.792+0000] {spark_submit.py:571} INFO - org.slf4j#slf4j-api;1.7.36 by [org.slf4j#slf4j-api;2.0.7] in [default]
[2024-05-18T23:46:13.794+0000] {spark_submit.py:571} INFO - ---------------------------------------------------------------------
[2024-05-18T23:46:13.795+0000] {spark_submit.py:571} INFO - |                  |            modules            ||   artifacts   |
[2024-05-18T23:46:13.795+0000] {spark_submit.py:571} INFO - |       conf       | number| search|dwnlded|evicted|| number|dwnlded|
[2024-05-18T23:46:13.806+0000] {spark_submit.py:571} INFO - ---------------------------------------------------------------------
[2024-05-18T23:46:13.809+0000] {spark_submit.py:571} INFO - |      default     |   35  |   0   |   0   |   6   ||   29  |   0   |
[2024-05-18T23:46:13.819+0000] {spark_submit.py:571} INFO - ---------------------------------------------------------------------
[2024-05-18T23:46:13.824+0000] {spark_submit.py:571} INFO - :: retrieving :: org.apache.spark#spark-submit-parent-b93dc336-5248-4ae4-859e-b0800c98d184
[2024-05-18T23:46:13.824+0000] {spark_submit.py:571} INFO - confs: [default]
[2024-05-18T23:46:13.972+0000] {spark_submit.py:571} INFO - 0 artifacts copied, 29 already retrieved (0kB/143ms)
[2024-05-18T23:46:22.667+0000] {spark_submit.py:571} INFO - 24/05/18 23:46:22 WARN NativeCodeLoader: Unable to load native-hadoop library for your platform... using builtin-java classes where applicable
[2024-05-18T23:47:27.679+0000] {spark_submit.py:571} INFO - 24/05/18 23:47:27 INFO SparkContext: Running Spark version 3.5.1
[2024-05-18T23:47:28.208+0000] {spark_submit.py:571} INFO - 24/05/18 23:47:27 INFO SparkContext: OS info Linux, 6.6.26-linuxkit, aarch64
[2024-05-18T23:47:28.212+0000] {spark_submit.py:571} INFO - 24/05/18 23:47:27 INFO SparkContext: Java version 11.0.23
[2024-05-18T23:47:29.312+0000] {spark_submit.py:571} INFO - 24/05/18 23:47:29 INFO ResourceUtils: ==============================================================
[2024-05-18T23:47:29.388+0000] {spark_submit.py:571} INFO - 24/05/18 23:47:29 INFO ResourceUtils: No custom resources configured for spark.driver.
[2024-05-18T23:47:29.390+0000] {spark_submit.py:571} INFO - 24/05/18 23:47:29 INFO ResourceUtils: ==============================================================
[2024-05-18T23:47:29.399+0000] {spark_submit.py:571} INFO - 24/05/18 23:47:29 INFO SparkContext: Submitted application: Redfin_Properties_Consumer
[2024-05-18T23:47:30.759+0000] {spark_submit.py:571} INFO - 24/05/18 23:47:30 INFO ResourceProfile: Default ResourceProfile created, executor resources: Map(memory -> name: memory, amount: 1024, script: , vendor: , offHeap -> name: offHeap, amount: 0, script: , vendor: ), task resources: Map(cpus -> name: cpus, amount: 1.0)
[2024-05-18T23:47:30.958+0000] {spark_submit.py:571} INFO - 24/05/18 23:47:30 INFO ResourceProfile: Limiting resource is cpu
[2024-05-18T23:47:30.967+0000] {spark_submit.py:571} INFO - 24/05/18 23:47:30 INFO ResourceProfileManager: Added ResourceProfile id: 0
[2024-05-18T23:47:33.760+0000] {spark_submit.py:571} INFO - 24/05/18 23:47:33 INFO SecurityManager: Changing view acls to: ***
[2024-05-18T23:47:34.257+0000] {spark_submit.py:571} INFO - 24/05/18 23:47:33 INFO SecurityManager: Changing modify acls to: ***
[2024-05-18T23:47:34.270+0000] {spark_submit.py:571} INFO - 24/05/18 23:47:33 INFO SecurityManager: Changing view acls groups to:
[2024-05-18T23:47:34.281+0000] {spark_submit.py:571} INFO - 24/05/18 23:47:33 INFO SecurityManager: Changing modify acls groups to:
[2024-05-18T23:47:34.285+0000] {spark_submit.py:571} INFO - 24/05/18 23:47:33 INFO SecurityManager: SecurityManager: authentication disabled; ui acls disabled; users with view permissions: ***; groups with view permissions: EMPTY; users with modify permissions: ***; groups with modify permissions: EMPTY
[2024-05-18T23:47:40.412+0000] {spark_submit.py:571} INFO - 24/05/18 23:47:40 INFO Utils: Successfully started service 'sparkDriver' on port 38535.
[2024-05-18T23:47:40.985+0000] {spark_submit.py:571} INFO - 24/05/18 23:47:40 INFO SparkEnv: Registering MapOutputTracker
[2024-05-18T23:47:41.615+0000] {spark_submit.py:571} INFO - 24/05/18 23:47:41 INFO SparkEnv: Registering BlockManagerMaster
[2024-05-18T23:47:42.480+0000] {spark_submit.py:571} INFO - 24/05/18 23:47:42 INFO BlockManagerMasterEndpoint: Using org.apache.spark.storage.DefaultTopologyMapper for getting topology information
[2024-05-18T23:47:42.519+0000] {spark_submit.py:571} INFO - 24/05/18 23:47:42 INFO BlockManagerMasterEndpoint: BlockManagerMasterEndpoint up
[2024-05-18T23:47:42.522+0000] {spark_submit.py:571} INFO - 24/05/18 23:47:42 INFO SparkEnv: Registering BlockManagerMasterHeartbeat
[2024-05-18T23:47:42.797+0000] {spark_submit.py:571} INFO - 24/05/18 23:47:42 INFO DiskBlockManager: Created local directory at /tmp/blockmgr-49f6cc90-65bc-49ab-9259-2564f7c6027e
[2024-05-18T23:47:42.970+0000] {spark_submit.py:571} INFO - 24/05/18 23:47:42 INFO MemoryStore: MemoryStore started with capacity 434.4 MiB
[2024-05-18T23:47:43.288+0000] {spark_submit.py:571} INFO - 24/05/18 23:47:43 INFO SparkEnv: Registering OutputCommitCoordinator
[2024-05-18T23:47:45.481+0000] {spark_submit.py:571} INFO - 24/05/18 23:47:45 INFO JettyUtils: Start Jetty 0.0.0.0:4040 for SparkUI
[2024-05-18T23:47:46.738+0000] {spark_submit.py:571} INFO - 24/05/18 23:47:46 WARN Utils: Service 'SparkUI' could not bind on port 4040. Attempting port 4041.
[2024-05-18T23:47:46.770+0000] {spark_submit.py:571} INFO - 24/05/18 23:47:46 WARN Utils: Service 'SparkUI' could not bind on port 4041. Attempting port 4042.
[2024-05-18T23:47:46.773+0000] {spark_submit.py:571} INFO - 24/05/18 23:47:46 WARN Utils: Service 'SparkUI' could not bind on port 4042. Attempting port 4043.
[2024-05-18T23:47:46.775+0000] {spark_submit.py:571} INFO - 24/05/18 23:47:46 WARN Utils: Service 'SparkUI' could not bind on port 4043. Attempting port 4044.
[2024-05-18T23:47:46.875+0000] {spark_submit.py:571} INFO - 24/05/18 23:47:46 INFO Utils: Successfully started service 'SparkUI' on port 4044.
[2024-05-18T23:47:47.358+0000] {spark_submit.py:571} INFO - 24/05/18 23:47:47 INFO SparkContext: Added JAR file:///home/***/.ivy2/jars/org.apache.spark_spark-sql-kafka-0-10_2.12-3.5.1.jar at spark://c0373bd0174c:38535/jars/org.apache.spark_spark-sql-kafka-0-10_2.12-3.5.1.jar with timestamp 1716076046473
[2024-05-18T23:47:47.378+0000] {spark_submit.py:571} INFO - 24/05/18 23:47:47 INFO SparkContext: Added JAR file:///home/***/.ivy2/jars/com.datastax.spark_spark-cassandra-connector_2.12-3.5.0.jar at spark://c0373bd0174c:38535/jars/com.datastax.spark_spark-cassandra-connector_2.12-3.5.0.jar with timestamp 1716076046473
[2024-05-18T23:47:47.381+0000] {spark_submit.py:571} INFO - 24/05/18 23:47:47 INFO SparkContext: Added JAR file:///home/***/.ivy2/jars/org.apache.kafka_kafka-clients-3.5.1.jar at spark://c0373bd0174c:38535/jars/org.apache.kafka_kafka-clients-3.5.1.jar with timestamp 1716076046473
[2024-05-18T23:47:47.383+0000] {spark_submit.py:571} INFO - 24/05/18 23:47:47 INFO SparkContext: Added JAR file:///home/***/.ivy2/jars/commons-logging_commons-logging-1.2.jar at spark://c0373bd0174c:38535/jars/commons-logging_commons-logging-1.2.jar with timestamp 1716076046473
[2024-05-18T23:47:47.386+0000] {spark_submit.py:571} INFO - 24/05/18 23:47:47 INFO SparkContext: Added JAR file:///home/***/.ivy2/jars/org.apache.spark_spark-token-provider-kafka-0-10_2.12-3.5.1.jar at spark://c0373bd0174c:38535/jars/org.apache.spark_spark-token-provider-kafka-0-10_2.12-3.5.1.jar with timestamp 1716076046473
[2024-05-18T23:47:47.389+0000] {spark_submit.py:571} INFO - 24/05/18 23:47:47 INFO SparkContext: Added JAR file:///home/***/.ivy2/jars/org.apache.commons_commons-pool2-2.11.1.jar at spark://c0373bd0174c:38535/jars/org.apache.commons_commons-pool2-2.11.1.jar with timestamp 1716076046473
[2024-05-18T23:47:47.410+0000] {spark_submit.py:571} INFO - 24/05/18 23:47:47 INFO SparkContext: Added JAR file:///home/***/.ivy2/jars/org.apache.hadoop_hadoop-client-runtime-3.3.4.jar at spark://c0373bd0174c:38535/jars/org.apache.hadoop_hadoop-client-runtime-3.3.4.jar with timestamp 1716076046473
[2024-05-18T23:47:47.411+0000] {spark_submit.py:571} INFO - 24/05/18 23:47:47 INFO SparkContext: Added JAR file:///home/***/.ivy2/jars/org.apache.hadoop_hadoop-client-api-3.3.4.jar at spark://c0373bd0174c:38535/jars/org.apache.hadoop_hadoop-client-api-3.3.4.jar with timestamp 1716076046473
[2024-05-18T23:47:47.417+0000] {spark_submit.py:571} INFO - 24/05/18 23:47:47 INFO SparkContext: Added JAR file:///home/***/.ivy2/jars/org.xerial.snappy_snappy-java-1.1.10.3.jar at spark://c0373bd0174c:38535/jars/org.xerial.snappy_snappy-java-1.1.10.3.jar with timestamp 1716076046473
[2024-05-18T23:47:47.420+0000] {spark_submit.py:571} INFO - 24/05/18 23:47:47 INFO SparkContext: Added JAR file:///home/***/.ivy2/jars/org.slf4j_slf4j-api-2.0.7.jar at spark://c0373bd0174c:38535/jars/org.slf4j_slf4j-api-2.0.7.jar with timestamp 1716076046473
[2024-05-18T23:47:47.426+0000] {spark_submit.py:571} INFO - 24/05/18 23:47:47 INFO SparkContext: Added JAR file:///home/***/.ivy2/jars/com.datastax.spark_spark-cassandra-connector-driver_2.12-3.5.0.jar at spark://c0373bd0174c:38535/jars/com.datastax.spark_spark-cassandra-connector-driver_2.12-3.5.0.jar with timestamp 1716076046473
[2024-05-18T23:47:47.428+0000] {spark_submit.py:571} INFO - 24/05/18 23:47:47 INFO SparkContext: Added JAR file:///home/***/.ivy2/jars/org.scala-lang.modules_scala-collection-compat_2.12-2.11.0.jar at spark://c0373bd0174c:38535/jars/org.scala-lang.modules_scala-collection-compat_2.12-2.11.0.jar with timestamp 1716076046473
[2024-05-18T23:47:47.432+0000] {spark_submit.py:571} INFO - 24/05/18 23:47:47 INFO SparkContext: Added JAR file:///home/***/.ivy2/jars/com.datastax.oss_java-driver-core-shaded-4.13.0.jar at spark://c0373bd0174c:38535/jars/com.datastax.oss_java-driver-core-shaded-4.13.0.jar with timestamp 1716076046473
[2024-05-18T23:47:47.435+0000] {spark_submit.py:571} INFO - 24/05/18 23:47:47 INFO SparkContext: Added JAR file:///home/***/.ivy2/jars/com.datastax.oss_java-driver-mapper-runtime-4.13.0.jar at spark://c0373bd0174c:38535/jars/com.datastax.oss_java-driver-mapper-runtime-4.13.0.jar with timestamp 1716076046473
[2024-05-18T23:47:47.437+0000] {spark_submit.py:571} INFO - 24/05/18 23:47:47 INFO SparkContext: Added JAR file:///home/***/.ivy2/jars/org.apache.commons_commons-lang3-3.10.jar at spark://c0373bd0174c:38535/jars/org.apache.commons_commons-lang3-3.10.jar with timestamp 1716076046473
[2024-05-18T23:47:47.444+0000] {spark_submit.py:571} INFO - 24/05/18 23:47:47 INFO SparkContext: Added JAR file:///home/***/.ivy2/jars/com.thoughtworks.paranamer_paranamer-2.8.jar at spark://c0373bd0174c:38535/jars/com.thoughtworks.paranamer_paranamer-2.8.jar with timestamp 1716076046473
[2024-05-18T23:47:47.456+0000] {spark_submit.py:571} INFO - 24/05/18 23:47:47 INFO SparkContext: Added JAR file:///home/***/.ivy2/jars/org.scala-lang_scala-reflect-2.12.11.jar at spark://c0373bd0174c:38535/jars/org.scala-lang_scala-reflect-2.12.11.jar with timestamp 1716076046473
[2024-05-18T23:47:47.463+0000] {spark_submit.py:571} INFO - 24/05/18 23:47:47 INFO SparkContext: Added JAR file:///home/***/.ivy2/jars/com.datastax.oss_native-protocol-1.5.0.jar at spark://c0373bd0174c:38535/jars/com.datastax.oss_native-protocol-1.5.0.jar with timestamp 1716076046473
[2024-05-18T23:47:47.473+0000] {spark_submit.py:571} INFO - 24/05/18 23:47:47 INFO SparkContext: Added JAR file:///home/***/.ivy2/jars/com.datastax.oss_java-driver-shaded-guava-25.1-jre-graal-sub-1.jar at spark://c0373bd0174c:38535/jars/com.datastax.oss_java-driver-shaded-guava-25.1-jre-graal-sub-1.jar with timestamp 1716076046473
[2024-05-18T23:47:47.479+0000] {spark_submit.py:571} INFO - 24/05/18 23:47:47 INFO SparkContext: Added JAR file:///home/***/.ivy2/jars/com.typesafe_config-1.4.1.jar at spark://c0373bd0174c:38535/jars/com.typesafe_config-1.4.1.jar with timestamp 1716076046473
[2024-05-18T23:47:47.488+0000] {spark_submit.py:571} INFO - 24/05/18 23:47:47 INFO SparkContext: Added JAR file:///home/***/.ivy2/jars/io.dropwizard.metrics_metrics-core-4.1.18.jar at spark://c0373bd0174c:38535/jars/io.dropwizard.metrics_metrics-core-4.1.18.jar with timestamp 1716076046473
[2024-05-18T23:47:47.489+0000] {spark_submit.py:571} INFO - 24/05/18 23:47:47 INFO SparkContext: Added JAR file:///home/***/.ivy2/jars/org.hdrhistogram_HdrHistogram-2.1.12.jar at spark://c0373bd0174c:38535/jars/org.hdrhistogram_HdrHistogram-2.1.12.jar with timestamp 1716076046473
[2024-05-18T23:47:47.489+0000] {spark_submit.py:571} INFO - 24/05/18 23:47:47 INFO SparkContext: Added JAR file:///home/***/.ivy2/jars/org.reactivestreams_reactive-streams-1.0.3.jar at spark://c0373bd0174c:38535/jars/org.reactivestreams_reactive-streams-1.0.3.jar with timestamp 1716076046473
[2024-05-18T23:47:47.491+0000] {spark_submit.py:571} INFO - 24/05/18 23:47:47 INFO SparkContext: Added JAR file:///home/***/.ivy2/jars/com.github.stephenc.jcip_jcip-annotations-1.0-1.jar at spark://c0373bd0174c:38535/jars/com.github.stephenc.jcip_jcip-annotations-1.0-1.jar with timestamp 1716076046473
[2024-05-18T23:47:47.503+0000] {spark_submit.py:571} INFO - 24/05/18 23:47:47 INFO SparkContext: Added JAR file:///home/***/.ivy2/jars/com.github.spotbugs_spotbugs-annotations-3.1.12.jar at spark://c0373bd0174c:38535/jars/com.github.spotbugs_spotbugs-annotations-3.1.12.jar with timestamp 1716076046473
[2024-05-18T23:47:47.509+0000] {spark_submit.py:571} INFO - 24/05/18 23:47:47 INFO SparkContext: Added JAR file:///home/***/.ivy2/jars/com.google.code.findbugs_jsr305-3.0.2.jar at spark://c0373bd0174c:38535/jars/com.google.code.findbugs_jsr305-3.0.2.jar with timestamp 1716076046473
[2024-05-18T23:47:47.516+0000] {spark_submit.py:571} INFO - 24/05/18 23:47:47 INFO SparkContext: Added JAR file:///home/***/.ivy2/jars/com.datastax.oss_java-driver-query-builder-4.13.0.jar at spark://c0373bd0174c:38535/jars/com.datastax.oss_java-driver-query-builder-4.13.0.jar with timestamp 1716076046473
[2024-05-18T23:47:47.542+0000] {spark_submit.py:571} INFO - 24/05/18 23:47:47 INFO SparkContext: Added JAR file:///home/***/.ivy2/jars/com.github.luben_zstd-jni-1.5.5-1.jar at spark://c0373bd0174c:38535/jars/com.github.luben_zstd-jni-1.5.5-1.jar with timestamp 1716076046473
[2024-05-18T23:47:47.548+0000] {spark_submit.py:571} INFO - 24/05/18 23:47:47 INFO SparkContext: Added JAR file:///home/***/.ivy2/jars/org.lz4_lz4-java-1.8.0.jar at spark://c0373bd0174c:38535/jars/org.lz4_lz4-java-1.8.0.jar with timestamp 1716076046473
[2024-05-18T23:47:47.554+0000] {spark_submit.py:571} INFO - 24/05/18 23:47:47 INFO SparkContext: Added file file:///home/***/.ivy2/jars/org.apache.spark_spark-sql-kafka-0-10_2.12-3.5.1.jar at spark://c0373bd0174c:38535/files/org.apache.spark_spark-sql-kafka-0-10_2.12-3.5.1.jar with timestamp 1716076046473
[2024-05-18T23:47:47.557+0000] {spark_submit.py:571} INFO - 24/05/18 23:47:47 INFO Utils: Copying /home/***/.ivy2/jars/org.apache.spark_spark-sql-kafka-0-10_2.12-3.5.1.jar to /tmp/spark-829b0d74-2343-4be9-95ef-85ed68363f13/userFiles-a7d86b4e-829a-42ec-b070-7fbba4865e67/org.apache.spark_spark-sql-kafka-0-10_2.12-3.5.1.jar
[2024-05-18T23:47:47.633+0000] {spark_submit.py:571} INFO - 24/05/18 23:47:47 INFO SparkContext: Added file file:///home/***/.ivy2/jars/com.datastax.spark_spark-cassandra-connector_2.12-3.5.0.jar at spark://c0373bd0174c:38535/files/com.datastax.spark_spark-cassandra-connector_2.12-3.5.0.jar with timestamp 1716076046473
[2024-05-18T23:47:47.638+0000] {spark_submit.py:571} INFO - 24/05/18 23:47:47 INFO Utils: Copying /home/***/.ivy2/jars/com.datastax.spark_spark-cassandra-connector_2.12-3.5.0.jar to /tmp/spark-829b0d74-2343-4be9-95ef-85ed68363f13/userFiles-a7d86b4e-829a-42ec-b070-7fbba4865e67/com.datastax.spark_spark-cassandra-connector_2.12-3.5.0.jar
[2024-05-18T23:47:48.176+0000] {spark_submit.py:571} INFO - 24/05/18 23:47:48 INFO SparkContext: Added file file:///home/***/.ivy2/jars/org.apache.kafka_kafka-clients-3.5.1.jar at spark://c0373bd0174c:38535/files/org.apache.kafka_kafka-clients-3.5.1.jar with timestamp 1716076046473
[2024-05-18T23:47:48.185+0000] {spark_submit.py:571} INFO - 24/05/18 23:47:48 INFO Utils: Copying /home/***/.ivy2/jars/org.apache.kafka_kafka-clients-3.5.1.jar to /tmp/spark-829b0d74-2343-4be9-95ef-85ed68363f13/userFiles-a7d86b4e-829a-42ec-b070-7fbba4865e67/org.apache.kafka_kafka-clients-3.5.1.jar
[2024-05-18T23:47:51.430+0000] {spark_submit.py:571} INFO - 24/05/18 23:47:51 INFO SparkContext: Added file file:///home/***/.ivy2/jars/commons-logging_commons-logging-1.2.jar at spark://c0373bd0174c:38535/files/commons-logging_commons-logging-1.2.jar with timestamp 1716076046473
[2024-05-18T23:47:51.492+0000] {spark_submit.py:571} INFO - 24/05/18 23:47:51 INFO Utils: Copying /home/***/.ivy2/jars/commons-logging_commons-logging-1.2.jar to /tmp/spark-829b0d74-2343-4be9-95ef-85ed68363f13/userFiles-a7d86b4e-829a-42ec-b070-7fbba4865e67/commons-logging_commons-logging-1.2.jar
[2024-05-18T23:47:51.548+0000] {spark_submit.py:571} INFO - 24/05/18 23:47:51 INFO SparkContext: Added file file:///home/***/.ivy2/jars/org.apache.spark_spark-token-provider-kafka-0-10_2.12-3.5.1.jar at spark://c0373bd0174c:38535/files/org.apache.spark_spark-token-provider-kafka-0-10_2.12-3.5.1.jar with timestamp 1716076046473
[2024-05-18T23:47:51.553+0000] {spark_submit.py:571} INFO - 24/05/18 23:47:51 INFO Utils: Copying /home/***/.ivy2/jars/org.apache.spark_spark-token-provider-kafka-0-10_2.12-3.5.1.jar to /tmp/spark-829b0d74-2343-4be9-95ef-85ed68363f13/userFiles-a7d86b4e-829a-42ec-b070-7fbba4865e67/org.apache.spark_spark-token-provider-kafka-0-10_2.12-3.5.1.jar
[2024-05-18T23:47:51.602+0000] {spark_submit.py:571} INFO - 24/05/18 23:47:51 INFO SparkContext: Added file file:///home/***/.ivy2/jars/org.apache.commons_commons-pool2-2.11.1.jar at spark://c0373bd0174c:38535/files/org.apache.commons_commons-pool2-2.11.1.jar with timestamp 1716076046473
[2024-05-18T23:47:51.606+0000] {spark_submit.py:571} INFO - 24/05/18 23:47:51 INFO Utils: Copying /home/***/.ivy2/jars/org.apache.commons_commons-pool2-2.11.1.jar to /tmp/spark-829b0d74-2343-4be9-95ef-85ed68363f13/userFiles-a7d86b4e-829a-42ec-b070-7fbba4865e67/org.apache.commons_commons-pool2-2.11.1.jar
[2024-05-18T23:47:51.677+0000] {spark_submit.py:571} INFO - 24/05/18 23:47:51 INFO SparkContext: Added file file:///home/***/.ivy2/jars/org.apache.hadoop_hadoop-client-runtime-3.3.4.jar at spark://c0373bd0174c:38535/files/org.apache.hadoop_hadoop-client-runtime-3.3.4.jar with timestamp 1716076046473
[2024-05-18T23:47:51.684+0000] {spark_submit.py:571} INFO - 24/05/18 23:47:51 INFO Utils: Copying /home/***/.ivy2/jars/org.apache.hadoop_hadoop-client-runtime-3.3.4.jar to /tmp/spark-829b0d74-2343-4be9-95ef-85ed68363f13/userFiles-a7d86b4e-829a-42ec-b070-7fbba4865e67/org.apache.hadoop_hadoop-client-runtime-3.3.4.jar
[2024-05-18T23:47:55.183+0000] {spark_submit.py:571} INFO - 24/05/18 23:47:55 INFO SparkContext: Added file file:///home/***/.ivy2/jars/org.apache.hadoop_hadoop-client-api-3.3.4.jar at spark://c0373bd0174c:38535/files/org.apache.hadoop_hadoop-client-api-3.3.4.jar with timestamp 1716076046473
[2024-05-18T23:47:55.550+0000] {spark_submit.py:571} INFO - 24/05/18 23:47:55 INFO Utils: Copying /home/***/.ivy2/jars/org.apache.hadoop_hadoop-client-api-3.3.4.jar to /tmp/spark-829b0d74-2343-4be9-95ef-85ed68363f13/userFiles-a7d86b4e-829a-42ec-b070-7fbba4865e67/org.apache.hadoop_hadoop-client-api-3.3.4.jar
[2024-05-18T23:48:03.956+0000] {spark_submit.py:571} INFO - 24/05/18 23:48:03 INFO SparkContext: Added file file:///home/***/.ivy2/jars/org.xerial.snappy_snappy-java-1.1.10.3.jar at spark://c0373bd0174c:38535/files/org.xerial.snappy_snappy-java-1.1.10.3.jar with timestamp 1716076046473
[2024-05-18T23:48:03.973+0000] {spark_submit.py:571} INFO - 24/05/18 23:48:03 INFO Utils: Copying /home/***/.ivy2/jars/org.xerial.snappy_snappy-java-1.1.10.3.jar to /tmp/spark-829b0d74-2343-4be9-95ef-85ed68363f13/userFiles-a7d86b4e-829a-42ec-b070-7fbba4865e67/org.xerial.snappy_snappy-java-1.1.10.3.jar
[2024-05-18T23:48:04.547+0000] {spark_submit.py:571} INFO - 24/05/18 23:48:04 INFO SparkContext: Added file file:///home/***/.ivy2/jars/org.slf4j_slf4j-api-2.0.7.jar at spark://c0373bd0174c:38535/files/org.slf4j_slf4j-api-2.0.7.jar with timestamp 1716076046473
[2024-05-18T23:48:04.559+0000] {spark_submit.py:571} INFO - 24/05/18 23:48:04 INFO Utils: Copying /home/***/.ivy2/jars/org.slf4j_slf4j-api-2.0.7.jar to /tmp/spark-829b0d74-2343-4be9-95ef-85ed68363f13/userFiles-a7d86b4e-829a-42ec-b070-7fbba4865e67/org.slf4j_slf4j-api-2.0.7.jar
[2024-05-18T23:48:05.649+0000] {spark_submit.py:571} INFO - 24/05/18 23:48:05 INFO SparkContext: Added file file:///home/***/.ivy2/jars/com.datastax.spark_spark-cassandra-connector-driver_2.12-3.5.0.jar at spark://c0373bd0174c:38535/files/com.datastax.spark_spark-cassandra-connector-driver_2.12-3.5.0.jar with timestamp 1716076046473
[2024-05-18T23:48:05.701+0000] {spark_submit.py:571} INFO - 24/05/18 23:48:05 INFO Utils: Copying /home/***/.ivy2/jars/com.datastax.spark_spark-cassandra-connector-driver_2.12-3.5.0.jar to /tmp/spark-829b0d74-2343-4be9-95ef-85ed68363f13/userFiles-a7d86b4e-829a-42ec-b070-7fbba4865e67/com.datastax.spark_spark-cassandra-connector-driver_2.12-3.5.0.jar
[2024-05-18T23:48:05.912+0000] {spark_submit.py:571} INFO - 24/05/18 23:48:05 INFO SparkContext: Added file file:///home/***/.ivy2/jars/org.scala-lang.modules_scala-collection-compat_2.12-2.11.0.jar at spark://c0373bd0174c:38535/files/org.scala-lang.modules_scala-collection-compat_2.12-2.11.0.jar with timestamp 1716076046473
[2024-05-18T23:48:05.914+0000] {spark_submit.py:571} INFO - 24/05/18 23:48:05 INFO Utils: Copying /home/***/.ivy2/jars/org.scala-lang.modules_scala-collection-compat_2.12-2.11.0.jar to /tmp/spark-829b0d74-2343-4be9-95ef-85ed68363f13/userFiles-a7d86b4e-829a-42ec-b070-7fbba4865e67/org.scala-lang.modules_scala-collection-compat_2.12-2.11.0.jar
[2024-05-18T23:48:05.977+0000] {spark_submit.py:571} INFO - 24/05/18 23:48:05 INFO SparkContext: Added file file:///home/***/.ivy2/jars/com.datastax.oss_java-driver-core-shaded-4.13.0.jar at spark://c0373bd0174c:38535/files/com.datastax.oss_java-driver-core-shaded-4.13.0.jar with timestamp 1716076046473
[2024-05-18T23:48:05.985+0000] {spark_submit.py:571} INFO - 24/05/18 23:48:05 INFO Utils: Copying /home/***/.ivy2/jars/com.datastax.oss_java-driver-core-shaded-4.13.0.jar to /tmp/spark-829b0d74-2343-4be9-95ef-85ed68363f13/userFiles-a7d86b4e-829a-42ec-b070-7fbba4865e67/com.datastax.oss_java-driver-core-shaded-4.13.0.jar
[2024-05-18T23:48:06.871+0000] {spark_submit.py:571} INFO - 24/05/18 23:48:06 INFO SparkContext: Added file file:///home/***/.ivy2/jars/com.datastax.oss_java-driver-mapper-runtime-4.13.0.jar at spark://c0373bd0174c:38535/files/com.datastax.oss_java-driver-mapper-runtime-4.13.0.jar with timestamp 1716076046473
[2024-05-18T23:48:06.888+0000] {spark_submit.py:571} INFO - 24/05/18 23:48:06 INFO Utils: Copying /home/***/.ivy2/jars/com.datastax.oss_java-driver-mapper-runtime-4.13.0.jar to /tmp/spark-829b0d74-2343-4be9-95ef-85ed68363f13/userFiles-a7d86b4e-829a-42ec-b070-7fbba4865e67/com.datastax.oss_java-driver-mapper-runtime-4.13.0.jar
[2024-05-18T23:48:06.922+0000] {spark_submit.py:571} INFO - 24/05/18 23:48:06 INFO SparkContext: Added file file:///home/***/.ivy2/jars/org.apache.commons_commons-lang3-3.10.jar at spark://c0373bd0174c:38535/files/org.apache.commons_commons-lang3-3.10.jar with timestamp 1716076046473
[2024-05-18T23:48:06.928+0000] {spark_submit.py:571} INFO - 24/05/18 23:48:06 INFO Utils: Copying /home/***/.ivy2/jars/org.apache.commons_commons-lang3-3.10.jar to /tmp/spark-829b0d74-2343-4be9-95ef-85ed68363f13/userFiles-a7d86b4e-829a-42ec-b070-7fbba4865e67/org.apache.commons_commons-lang3-3.10.jar
[2024-05-18T23:48:06.979+0000] {spark_submit.py:571} INFO - 24/05/18 23:48:06 INFO SparkContext: Added file file:///home/***/.ivy2/jars/com.thoughtworks.paranamer_paranamer-2.8.jar at spark://c0373bd0174c:38535/files/com.thoughtworks.paranamer_paranamer-2.8.jar with timestamp 1716076046473
[2024-05-18T23:48:06.984+0000] {spark_submit.py:571} INFO - 24/05/18 23:48:06 INFO Utils: Copying /home/***/.ivy2/jars/com.thoughtworks.paranamer_paranamer-2.8.jar to /tmp/spark-829b0d74-2343-4be9-95ef-85ed68363f13/userFiles-a7d86b4e-829a-42ec-b070-7fbba4865e67/com.thoughtworks.paranamer_paranamer-2.8.jar
[2024-05-18T23:48:08.710+0000] {spark_submit.py:571} INFO - 24/05/18 23:48:08 INFO SparkContext: Added file file:///home/***/.ivy2/jars/org.scala-lang_scala-reflect-2.12.11.jar at spark://c0373bd0174c:38535/files/org.scala-lang_scala-reflect-2.12.11.jar with timestamp 1716076046473
[2024-05-18T23:48:08.732+0000] {spark_submit.py:571} INFO - 24/05/18 23:48:08 INFO Utils: Copying /home/***/.ivy2/jars/org.scala-lang_scala-reflect-2.12.11.jar to /tmp/spark-829b0d74-2343-4be9-95ef-85ed68363f13/userFiles-a7d86b4e-829a-42ec-b070-7fbba4865e67/org.scala-lang_scala-reflect-2.12.11.jar
[2024-05-18T23:48:09.316+0000] {spark_submit.py:571} INFO - 24/05/18 23:48:09 INFO SparkContext: Added file file:///home/***/.ivy2/jars/com.datastax.oss_native-protocol-1.5.0.jar at spark://c0373bd0174c:38535/files/com.datastax.oss_native-protocol-1.5.0.jar with timestamp 1716076046473
[2024-05-18T23:48:09.322+0000] {spark_submit.py:571} INFO - 24/05/18 23:48:09 INFO Utils: Copying /home/***/.ivy2/jars/com.datastax.oss_native-protocol-1.5.0.jar to /tmp/spark-829b0d74-2343-4be9-95ef-85ed68363f13/userFiles-a7d86b4e-829a-42ec-b070-7fbba4865e67/com.datastax.oss_native-protocol-1.5.0.jar
[2024-05-18T23:48:09.435+0000] {spark_submit.py:571} INFO - 24/05/18 23:48:09 INFO SparkContext: Added file file:///home/***/.ivy2/jars/com.datastax.oss_java-driver-shaded-guava-25.1-jre-graal-sub-1.jar at spark://c0373bd0174c:38535/files/com.datastax.oss_java-driver-shaded-guava-25.1-jre-graal-sub-1.jar with timestamp 1716076046473
[2024-05-18T23:48:09.437+0000] {spark_submit.py:571} INFO - 24/05/18 23:48:09 INFO Utils: Copying /home/***/.ivy2/jars/com.datastax.oss_java-driver-shaded-guava-25.1-jre-graal-sub-1.jar to /tmp/spark-829b0d74-2343-4be9-95ef-85ed68363f13/userFiles-a7d86b4e-829a-42ec-b070-7fbba4865e67/com.datastax.oss_java-driver-shaded-guava-25.1-jre-graal-sub-1.jar
[2024-05-18T23:48:09.560+0000] {spark_submit.py:571} INFO - 24/05/18 23:48:09 INFO SparkContext: Added file file:///home/***/.ivy2/jars/com.typesafe_config-1.4.1.jar at spark://c0373bd0174c:38535/files/com.typesafe_config-1.4.1.jar with timestamp 1716076046473
[2024-05-18T23:48:09.574+0000] {spark_submit.py:571} INFO - 24/05/18 23:48:09 INFO Utils: Copying /home/***/.ivy2/jars/com.typesafe_config-1.4.1.jar to /tmp/spark-829b0d74-2343-4be9-95ef-85ed68363f13/userFiles-a7d86b4e-829a-42ec-b070-7fbba4865e67/com.typesafe_config-1.4.1.jar
[2024-05-18T23:48:09.584+0000] {spark_submit.py:571} INFO - 24/05/18 23:48:09 INFO SparkContext: Added file file:///home/***/.ivy2/jars/io.dropwizard.metrics_metrics-core-4.1.18.jar at spark://c0373bd0174c:38535/files/io.dropwizard.metrics_metrics-core-4.1.18.jar with timestamp 1716076046473
[2024-05-18T23:48:09.585+0000] {spark_submit.py:571} INFO - 24/05/18 23:48:09 INFO Utils: Copying /home/***/.ivy2/jars/io.dropwizard.metrics_metrics-core-4.1.18.jar to /tmp/spark-829b0d74-2343-4be9-95ef-85ed68363f13/userFiles-a7d86b4e-829a-42ec-b070-7fbba4865e67/io.dropwizard.metrics_metrics-core-4.1.18.jar
[2024-05-18T23:48:09.614+0000] {spark_submit.py:571} INFO - 24/05/18 23:48:09 INFO SparkContext: Added file file:///home/***/.ivy2/jars/org.hdrhistogram_HdrHistogram-2.1.12.jar at spark://c0373bd0174c:38535/files/org.hdrhistogram_HdrHistogram-2.1.12.jar with timestamp 1716076046473
[2024-05-18T23:48:09.632+0000] {spark_submit.py:571} INFO - 24/05/18 23:48:09 INFO Utils: Copying /home/***/.ivy2/jars/org.hdrhistogram_HdrHistogram-2.1.12.jar to /tmp/spark-829b0d74-2343-4be9-95ef-85ed68363f13/userFiles-a7d86b4e-829a-42ec-b070-7fbba4865e67/org.hdrhistogram_HdrHistogram-2.1.12.jar
[2024-05-18T23:48:09.660+0000] {spark_submit.py:571} INFO - 24/05/18 23:48:09 INFO SparkContext: Added file file:///home/***/.ivy2/jars/org.reactivestreams_reactive-streams-1.0.3.jar at spark://c0373bd0174c:38535/files/org.reactivestreams_reactive-streams-1.0.3.jar with timestamp 1716076046473
[2024-05-18T23:48:09.667+0000] {spark_submit.py:571} INFO - 24/05/18 23:48:09 INFO Utils: Copying /home/***/.ivy2/jars/org.reactivestreams_reactive-streams-1.0.3.jar to /tmp/spark-829b0d74-2343-4be9-95ef-85ed68363f13/userFiles-a7d86b4e-829a-42ec-b070-7fbba4865e67/org.reactivestreams_reactive-streams-1.0.3.jar
[2024-05-18T23:48:09.687+0000] {spark_submit.py:571} INFO - 24/05/18 23:48:09 INFO SparkContext: Added file file:///home/***/.ivy2/jars/com.github.stephenc.jcip_jcip-annotations-1.0-1.jar at spark://c0373bd0174c:38535/files/com.github.stephenc.jcip_jcip-annotations-1.0-1.jar with timestamp 1716076046473
[2024-05-18T23:48:09.690+0000] {spark_submit.py:571} INFO - 24/05/18 23:48:09 INFO Utils: Copying /home/***/.ivy2/jars/com.github.stephenc.jcip_jcip-annotations-1.0-1.jar to /tmp/spark-829b0d74-2343-4be9-95ef-85ed68363f13/userFiles-a7d86b4e-829a-42ec-b070-7fbba4865e67/com.github.stephenc.jcip_jcip-annotations-1.0-1.jar
[2024-05-18T23:48:09.722+0000] {spark_submit.py:571} INFO - 24/05/18 23:48:09 INFO SparkContext: Added file file:///home/***/.ivy2/jars/com.github.spotbugs_spotbugs-annotations-3.1.12.jar at spark://c0373bd0174c:38535/files/com.github.spotbugs_spotbugs-annotations-3.1.12.jar with timestamp 1716076046473
[2024-05-18T23:48:09.726+0000] {spark_submit.py:571} INFO - 24/05/18 23:48:09 INFO Utils: Copying /home/***/.ivy2/jars/com.github.spotbugs_spotbugs-annotations-3.1.12.jar to /tmp/spark-829b0d74-2343-4be9-95ef-85ed68363f13/userFiles-a7d86b4e-829a-42ec-b070-7fbba4865e67/com.github.spotbugs_spotbugs-annotations-3.1.12.jar
[2024-05-18T23:48:09.808+0000] {spark_submit.py:571} INFO - 24/05/18 23:48:09 INFO SparkContext: Added file file:///home/***/.ivy2/jars/com.google.code.findbugs_jsr305-3.0.2.jar at spark://c0373bd0174c:38535/files/com.google.code.findbugs_jsr305-3.0.2.jar with timestamp 1716076046473
[2024-05-18T23:48:09.814+0000] {spark_submit.py:571} INFO - 24/05/18 23:48:09 INFO Utils: Copying /home/***/.ivy2/jars/com.google.code.findbugs_jsr305-3.0.2.jar to /tmp/spark-829b0d74-2343-4be9-95ef-85ed68363f13/userFiles-a7d86b4e-829a-42ec-b070-7fbba4865e67/com.google.code.findbugs_jsr305-3.0.2.jar
[2024-05-18T23:48:09.840+0000] {spark_submit.py:571} INFO - 24/05/18 23:48:09 INFO SparkContext: Added file file:///home/***/.ivy2/jars/com.datastax.oss_java-driver-query-builder-4.13.0.jar at spark://c0373bd0174c:38535/files/com.datastax.oss_java-driver-query-builder-4.13.0.jar with timestamp 1716076046473
[2024-05-18T23:48:09.843+0000] {spark_submit.py:571} INFO - 24/05/18 23:48:09 INFO Utils: Copying /home/***/.ivy2/jars/com.datastax.oss_java-driver-query-builder-4.13.0.jar to /tmp/spark-829b0d74-2343-4be9-95ef-85ed68363f13/userFiles-a7d86b4e-829a-42ec-b070-7fbba4865e67/com.datastax.oss_java-driver-query-builder-4.13.0.jar
[2024-05-18T23:48:09.861+0000] {spark_submit.py:571} INFO - 24/05/18 23:48:09 INFO SparkContext: Added file file:///home/***/.ivy2/jars/com.github.luben_zstd-jni-1.5.5-1.jar at spark://c0373bd0174c:38535/files/com.github.luben_zstd-jni-1.5.5-1.jar with timestamp 1716076046473
[2024-05-18T23:48:09.867+0000] {spark_submit.py:571} INFO - 24/05/18 23:48:09 INFO Utils: Copying /home/***/.ivy2/jars/com.github.luben_zstd-jni-1.5.5-1.jar to /tmp/spark-829b0d74-2343-4be9-95ef-85ed68363f13/userFiles-a7d86b4e-829a-42ec-b070-7fbba4865e67/com.github.luben_zstd-jni-1.5.5-1.jar
[2024-05-18T23:48:10.458+0000] {spark_submit.py:571} INFO - 24/05/18 23:48:10 INFO SparkContext: Added file file:///home/***/.ivy2/jars/org.lz4_lz4-java-1.8.0.jar at spark://c0373bd0174c:38535/files/org.lz4_lz4-java-1.8.0.jar with timestamp 1716076046473
[2024-05-18T23:48:10.481+0000] {spark_submit.py:571} INFO - 24/05/18 23:48:10 INFO Utils: Copying /home/***/.ivy2/jars/org.lz4_lz4-java-1.8.0.jar to /tmp/spark-829b0d74-2343-4be9-95ef-85ed68363f13/userFiles-a7d86b4e-829a-42ec-b070-7fbba4865e67/org.lz4_lz4-java-1.8.0.jar
[2024-05-18T23:48:26.466+0000] {spark_submit.py:571} INFO - 24/05/18 23:48:26 INFO StandaloneAppClient$ClientEndpoint: Connecting to master spark://spark-master:7077...
[2024-05-18T23:48:39.972+0000] {spark_submit.py:571} INFO - 24/05/18 23:48:39 INFO TransportClientFactory: Successfully created connection to spark-master/192.168.16.3:7077 after 7834 ms (73 ms spent in bootstraps)
[2024-05-18T23:48:47.614+0000] {spark_submit.py:571} INFO - 24/05/18 23:48:47 INFO StandaloneAppClient$ClientEndpoint: Connecting to master spark://spark-master:7077...
[2024-05-18T23:49:03.172+0000] {local_task_job_runner.py:124} ERROR - Received SIGTERM. Terminating subprocesses
[2024-05-18T23:49:10.236+0000] {process_utils.py:132} INFO - Sending 15 to group 2603. PIDs of all processes in the group: [2865, 3221, 2603]
[2024-05-18T23:49:12.216+0000] {process_utils.py:87} INFO - Sending the signal 15 to group 2603
