[2024-05-17T21:28:55.323+0000] {local_task_job_runner.py:120} INFO - ::group::Pre task execution logs
[2024-05-17T21:28:55.351+0000] {taskinstance.py:2076} INFO - Dependencies all met for dep_context=non-requeueable deps ti=<TaskInstance: Webscrape.Ingest_Data manual__2024-05-17T21:28:51.821936+00:00 [queued]>
[2024-05-17T21:28:55.359+0000] {taskinstance.py:2076} INFO - Dependencies all met for dep_context=requeueable deps ti=<TaskInstance: Webscrape.Ingest_Data manual__2024-05-17T21:28:51.821936+00:00 [queued]>
[2024-05-17T21:28:55.359+0000] {taskinstance.py:2306} INFO - Starting attempt 1 of 6
[2024-05-17T21:28:55.382+0000] {taskinstance.py:2330} INFO - Executing <Task(PythonOperator): Ingest_Data> on 2024-05-17 21:28:51.821936+00:00
[2024-05-17T21:28:55.395+0000] {standard_task_runner.py:63} INFO - Started process 11295 to run task
[2024-05-17T21:28:55.416+0000] {standard_task_runner.py:90} INFO - Running: ['***', 'tasks', 'run', 'Webscrape', 'Ingest_Data', 'manual__2024-05-17T21:28:51.821936+00:00', '--job-id', '244', '--raw', '--subdir', 'DAGS_FOLDER/webscrapping.py', '--cfg-path', '/tmp/tmppv5gdruo']
[2024-05-17T21:28:55.433+0000] {standard_task_runner.py:91} INFO - Job 244: Subtask Ingest_Data
[2024-05-17T21:28:55.684+0000] {task_command.py:426} INFO - Running <TaskInstance: Webscrape.Ingest_Data manual__2024-05-17T21:28:51.821936+00:00 [running]> on host 3e429f118033
[2024-05-17T21:28:55.872+0000] {taskinstance.py:2648} INFO - Exporting env vars: AIRFLOW_CTX_DAG_OWNER='svc' AIRFLOW_CTX_DAG_ID='Webscrape' AIRFLOW_CTX_TASK_ID='Ingest_Data' AIRFLOW_CTX_EXECUTION_DATE='2024-05-17T21:28:51.821936+00:00' AIRFLOW_CTX_TRY_NUMBER='1' AIRFLOW_CTX_DAG_RUN_ID='manual__2024-05-17T21:28:51.821936+00:00'
[2024-05-17T21:28:55.876+0000] {taskinstance.py:430} INFO - ::endgroup::
[2024-05-17T21:28:55.971+0000] {conn.py:362} INFO - <BrokerConnection node_id=bootstrap-0 host=kafka:9092 <connecting> [IPv4 ('172.24.0.6', 9092)]>: connecting to kafka:9092 [('172.24.0.6', 9092) IPv4]
[2024-05-17T21:28:55.975+0000] {conn.py:957} INFO - Probing node bootstrap-0 broker version
[2024-05-17T21:28:55.981+0000] {conn.py:393} INFO - <BrokerConnection node_id=bootstrap-0 host=kafka:9092 <connecting> [IPv4 ('172.24.0.6', 9092)]>: Connection complete.
[2024-05-17T21:28:56.087+0000] {conn.py:1019} INFO - Broker version identified as 2.6.0
[2024-05-17T21:28:56.088+0000] {conn.py:1020} INFO - Set configuration api_version=(2, 6, 0) to skip auto check_version requests on startup
[2024-05-17T21:28:56.790+0000] {logging_mixin.py:188} INFO - Connecting to Scraping Browser...
[2024-05-17T21:28:57.883+0000] {logging_mixin.py:188} INFO - Connected! Navigating to https://www.redfin.com...
[2024-05-17T21:29:04.023+0000] {logging_mixin.py:188} INFO - Searching...
[2024-05-17T21:29:07.385+0000] {logging_mixin.py:188} INFO - --------
[2024-05-17T21:29:07.387+0000] {logging_mixin.py:188} INFO - 1
[2024-05-17T21:29:07.389+0000] {logging_mixin.py:188} INFO - Navigating to Listing page: https://www.redfin.com/CA/San-Francisco/1458-Hudson-Ave-94124/home/748039
[2024-05-17T21:29:27.027+0000] {logging_mixin.py:188} INFO - Extracting Pictures
[2024-05-17T21:29:37.987+0000] {logging_mixin.py:188} INFO - Extracting Key Details
[2024-05-17T21:29:43.797+0000] {logging_mixin.py:188} INFO - Extracting Listing Agent Details
[2024-05-17T21:29:44.623+0000] {logging_mixin.py:188} INFO - Extracting Redfin Agent Details
[2024-05-17T21:29:45.169+0000] {logging_mixin.py:188} INFO - Extracting Property Details
[2024-05-17T21:29:46.973+0000] {logging_mixin.py:188} INFO - {
  "address": "1458 Hudson Ave San Francisco CA 94124",
  "price": "1467000",
  "beds": "3",
  "baths": "2",
  "link": "https://www.redfin.com/CA/San-Francisco/1458-Hudson-Ave-94124/home/748039",
  "photos": [
    "https://ssl.cdn-redfin.com/system_files/media/919744_JPG/item_10.jpg",
    "https://ssl.cdn-redfin.com/system_files/media/919744_JPG/genLdpUgcMediaBrowserUrl/item_1.jpg",
    "https://my.matterport.com/api/v2/player/models/FY2mXyHjhmb/thumb",
    "https://ssl.cdn-redfin.com/system_files/media/919744_JPG/genLdpUgcMediaBrowserUrl/item_11.jpg",
    "https://ssl.cdn-redfin.com/system_files/media/919744_JPG/genLdpUgcMediaBrowserUrl/item_8.jpg",
    "https://ssl.cdn-redfin.com/system_files/media/919744_JPG/item_2.jpg",
    "https://ssl.cdn-redfin.com/system_files/media/919744_JPG/item_5.jpg",
    "https://ssl.cdn-redfin.com/system_files/media/919744_JPG/genLdpUgcMediaBrowserUrl/item_9.jpg",
    "https://ssl.cdn-redfin.com/system_files/media/919744_JPG/genLdpUgcMediaBrowserUrl/item_7.jpg",
    "https://ssl.cdn-redfin.com/system_files/media/919744_JPG/item_4.jpg",
    "https://ssl.cdn-redfin.com/system_files/media/919744_JPG/item_15.jpg",
    "https://ssl.cdn-redfin.com/system_files/media/919744_JPG/item_16.jpg",
    "https://ssl.cdn-redfin.com/system_files/media/919744_JPG/item_28.jpg",
    "https://ssl.cdn-redfin.com/system_files/media/919744_JPG/item_32.jpg",
    "https://ssl.cdn-redfin.com/system_files/media/919744_JPG/item_29.jpg",
    "https://ssl.cdn-redfin.com/system_files/media/919744_JPG/item_48.jpg",
    "https://ssl.cdn-redfin.com/system_files/media/919744_JPG/item_51.jpg",
    "https://ssl.cdn-redfin.com/system_files/media/919744_JPG/item_58.jpg",
    "https://ssl.cdn-redfin.com/system_files/media/919744_JPG/item_63.jpg"
  ],
  "hoa_fee": "",
  "buyers_agent_fee": "2",
  "listing_agent_name": "Michael Sommers",
  "listing_agent_contact": "",
  "redfin_agent_name": "Michael Sommers",
  "finished_sqft": "",
  "unfinished_sqft": "",
  "total_sqft": "1162",
  "stories": "1",
  "style": "Single Family Residential",
  "year_built": "1941",
  "year_renovated": "",
  "county": "San Francisco County",
  "APN": "5255009"
}
[2024-05-17T21:29:47.001+0000] {logging_mixin.py:188} INFO - Sending Data to Kafka
[2024-05-17T21:29:47.098+0000] {conn.py:362} INFO - <BrokerConnection node_id=1 host=kafka:9092 <connecting> [IPv4 ('172.24.0.6', 9092)]>: connecting to kafka:9092 [('172.24.0.6', 9092) IPv4]
[2024-05-17T21:29:47.100+0000] {conn.py:393} INFO - <BrokerConnection node_id=1 host=kafka:9092 <connecting> [IPv4 ('172.24.0.6', 9092)]>: Connection complete.
[2024-05-17T21:29:47.112+0000] {conn.py:673} INFO - <BrokerConnection node_id=bootstrap-0 host=kafka:9092 <connected> [IPv4 ('172.24.0.6', 9092)]>: Closing connection. 
[2024-05-17T21:29:47.677+0000] {logging_mixin.py:188} INFO - --------
[2024-05-17T21:29:47.688+0000] {logging_mixin.py:188} INFO - 2
[2024-05-17T21:29:47.710+0000] {logging_mixin.py:188} INFO - Navigating to Listing page: https://www.redfin.com/CA/San-Francisco/492-Bartlett-St-94110/home/1843033
[2024-05-17T21:30:24.782+0000] {logging_mixin.py:188} INFO - Extracting Pictures
[2024-05-17T21:30:31.613+0000] {logging_mixin.py:188} INFO - Extracting Key Details
[2024-05-17T21:30:33.773+0000] {logging_mixin.py:188} INFO - Extracting Listing Agent Details
[2024-05-17T21:30:35.342+0000] {logging_mixin.py:188} INFO - Extracting Redfin Agent Details
[2024-05-17T21:30:36.177+0000] {logging_mixin.py:188} INFO - Extracting Property Details
[2024-05-17T21:30:38.537+0000] {logging_mixin.py:188} INFO - {
  "address": "492 Bartlett St San Francisco CA 94110",
  "price": "1369900",
  "beds": "0",
  "baths": "\u2014",
  "link": "https://www.redfin.com/CA/San-Francisco/492-Bartlett-St-94110/home/1843033",
  "photos": [
    "https://ssl.cdn-redfin.com/photo/9/bigphoto/154/424034154_0.jpg",
    "https://ssl.cdn-redfin.com/photo/9/mbpaddedwide/154/genMid.424034154_1_0.jpg",
    "https://ssl.cdn-redfin.com/photo/9/mbpaddedwide/154/genMid.424034154_4_0.jpg",
    "https://ssl.cdn-redfin.com/photo/9/mbpaddedwide/154/genMid.424034154_3_0.jpg",
    "https://ssl.cdn-redfin.com/photo/9/mbpaddedwide/154/genMid.424034154_4_0.jpg",
    "https://ssl.cdn-redfin.com/photo/9/bigphoto/154/424034154_2_0.jpg",
    "https://ssl.cdn-redfin.com/photo/9/bigphoto/154/424034154_5_0.jpg",
    "https://ssl.cdn-redfin.com/photo/9/mbpaddedwide/154/genMid.424034154_6_0.jpg",
    "https://ssl.cdn-redfin.com/photo/9/mbpaddedwide/154/genMid.424034154_7_0.jpg",
    "https://ssl.cdn-redfin.com/photo/9/bigphoto/154/424034154_8_0.jpg",
    "https://ssl.cdn-redfin.com/photo/9/bigphoto/154/424034154_14_0.jpg",
    "https://ssl.cdn-redfin.com/photo/9/bigphoto/154/424034154_20_0.jpg",
    "https://ssl.cdn-redfin.com/photo/9/bigphoto/154/424034154_26_0.jpg"
  ],
  "hoa_fee": "",
  "buyers_agent_fee": "",
  "listing_agent_name": "Anh Pham",
  "listing_agent_contact": "",
  "redfin_agent_name": "Anthony Torres",
  "finished_sqft": "",
  "unfinished_sqft": "",
  "total_sqft": "2552",
  "stories": "2",
  "style": "Multi-Family (2-4 Unit)",
  "year_built": "1900",
  "year_renovated": "",
  "county": "San Francisco County",
  "APN": "6530011"
}
[2024-05-17T21:30:38.570+0000] {logging_mixin.py:188} INFO - Sending Data to Kafka
[2024-05-17T21:30:40.473+0000] {logging_mixin.py:188} INFO - --------
[2024-05-17T21:30:40.484+0000] {logging_mixin.py:188} INFO - 3
[2024-05-17T21:30:40.555+0000] {logging_mixin.py:188} INFO - Navigating to Listing page: https://www.redfin.com/CA/San-Francisco/403-Main-St-94105/unit-409N/home/1950222
[2024-05-17T21:31:12.439+0000] {logging_mixin.py:188} INFO - Extracting Pictures
[2024-05-17T21:31:15.592+0000] {logging_mixin.py:188} INFO - Extracting Key Details
[2024-05-17T21:31:16.668+0000] {logging_mixin.py:188} INFO - Extracting Listing Agent Details
[2024-05-17T21:31:17.529+0000] {logging_mixin.py:188} INFO - Extracting Redfin Agent Details
[2024-05-17T21:31:18.059+0000] {logging_mixin.py:188} INFO - Extracting Property Details
[2024-05-17T21:31:18.055+0000] {local_task_job_runner.py:310} WARNING - State of this instance has been externally set to failed. Terminating instance.
[2024-05-17T21:31:18.414+0000] {local_task_job_runner.py:222} INFO - ::endgroup::
[2024-05-17T21:31:18.553+0000] {process_utils.py:132} INFO - Sending 15 to group 11295. PIDs of all processes in the group: [11302, 11295]
[2024-05-17T21:31:18.584+0000] {process_utils.py:87} INFO - Sending the signal 15 to group 11295
[2024-05-17T21:31:18.597+0000] {taskinstance.py:2611} ERROR - Received SIGTERM. Terminating subprocesses.
[2024-05-17T21:31:19.104+0000] {process_utils.py:80} INFO - Process psutil.Process(pid=11302, status='terminated', started='21:28:55') (11302) terminated with exit code None
[2024-05-17T21:31:19.248+0000] {taskinstance.py:441} INFO - ::group::Post task execution logs
[2024-05-17T21:31:19.411+0000] {taskinstance.py:2905} ERROR - Task failed with exception
Traceback (most recent call last):
  File "/opt/airflow/dags/includes/main.py", line 205, in main
    await run(playwright, producer)
  File "/opt/airflow/dags/includes/main.py", line 198, in run
    await browser.close()
  File "/home/airflow/.local/lib/python3.11/site-packages/playwright/async_api/_generated.py", line 13658, in close
    return mapping.from_maybe_impl(await self._impl_obj.close(reason=reason))
                                   ^^^^^^^^^^^^^^^^^^^^^^^^^^^^^^^^^^^^^^^^^
  File "/home/airflow/.local/lib/python3.11/site-packages/playwright/_impl/_browser.py", line 189, in close
    raise e
  File "/home/airflow/.local/lib/python3.11/site-packages/playwright/_impl/_browser.py", line 186, in close
    await self._channel.send("close", {"reason": reason})
  File "/home/airflow/.local/lib/python3.11/site-packages/playwright/_impl/_connection.py", line 59, in send
    return await self._connection.wrap_api_call(
           ^^^^^^^^^^^^^^^^^^^^^^^^^^^^^^^^^^^^^
  File "/home/airflow/.local/lib/python3.11/site-packages/playwright/_impl/_connection.py", line 513, in wrap_api_call
    raise rewrite_error(error, f"{parsed_st['apiName']}: {error}") from None
Exception: Browser.close: Connection closed while reading from the driver

During handling of the above exception, another exception occurred:

Traceback (most recent call last):
  File "/home/airflow/.local/lib/python3.11/site-packages/airflow/models/taskinstance.py", line 465, in _execute_task
    result = _execute_callable(context=context, **execute_callable_kwargs)
             ^^^^^^^^^^^^^^^^^^^^^^^^^^^^^^^^^^^^^^^^^^^^^^^^^^^^^^^^^^^^^
  File "/home/airflow/.local/lib/python3.11/site-packages/airflow/models/taskinstance.py", line 432, in _execute_callable
    return execute_callable(context=context, **execute_callable_kwargs)
           ^^^^^^^^^^^^^^^^^^^^^^^^^^^^^^^^^^^^^^^^^^^^^^^^^^^^^^^^^^^^
  File "/home/airflow/.local/lib/python3.11/site-packages/airflow/models/baseoperator.py", line 400, in wrapper
    return func(self, *args, **kwargs)
           ^^^^^^^^^^^^^^^^^^^^^^^^^^^
  File "/home/airflow/.local/lib/python3.11/site-packages/airflow/operators/python.py", line 235, in execute
    return_value = self.execute_callable()
                   ^^^^^^^^^^^^^^^^^^^^^^^
  File "/home/airflow/.local/lib/python3.11/site-packages/airflow/operators/python.py", line 252, in execute_callable
    return self.python_callable(*self.op_args, **self.op_kwargs)
           ^^^^^^^^^^^^^^^^^^^^^^^^^^^^^^^^^^^^^^^^^^^^^^^^^^^^^
  File "/opt/airflow/dags/includes/main.py", line 208, in ingestion_start
    asyncio.run(main())
  File "/usr/local/lib/python3.11/asyncio/runners.py", line 190, in run
    return runner.run(main)
           ^^^^^^^^^^^^^^^^
  File "/usr/local/lib/python3.11/asyncio/runners.py", line 118, in run
    return self._loop.run_until_complete(task)
           ^^^^^^^^^^^^^^^^^^^^^^^^^^^^^^^^^^^
  File "/usr/local/lib/python3.11/asyncio/base_events.py", line 653, in run_until_complete
    return future.result()
           ^^^^^^^^^^^^^^^
  File "/opt/airflow/dags/includes/main.py", line 204, in main
    async with async_playwright() as playwright:
  File "/home/airflow/.local/lib/python3.11/site-packages/playwright/async_api/_context_manager.py", line 57, in __aexit__
    await self._connection.stop_async()
  File "/home/airflow/.local/lib/python3.11/site-packages/playwright/_impl/_connection.py", line 285, in stop_async
    self.cleanup()
  File "/home/airflow/.local/lib/python3.11/site-packages/playwright/_impl/_connection.py", line 296, in cleanup
    callback.future.set_exception(self._closed_error)
asyncio.exceptions.InvalidStateError: invalid state
[2024-05-17T21:31:20.259+0000] {taskinstance.py:1206} INFO - Marking task as UP_FOR_RETRY. dag_id=Webscrape, task_id=Ingest_Data, run_id=manual__2024-05-17T21:28:51.821936+00:00, execution_date=20240517T212851, start_date=20240517T212855, end_date=20240517T213120
[2024-05-17T21:31:20.861+0000] {standard_task_runner.py:110} ERROR - Failed to execute job 244 for task Ingest_Data (invalid state; 11295)
[2024-05-17T21:31:21.036+0000] {process_utils.py:80} INFO - Process psutil.Process(pid=11295, status='terminated', exitcode=1, started='21:28:54') (11295) terminated with exit code 1
