[2024-05-17T21:33:23.348+0000] {local_task_job_runner.py:120} INFO - ::group::Pre task execution logs
[2024-05-17T21:33:23.438+0000] {taskinstance.py:2076} INFO - Dependencies all met for dep_context=non-requeueable deps ti=<TaskInstance: Webscrape.Ingest_Data manual__2024-05-17T21:28:51.821936+00:00 [queued]>
[2024-05-17T21:33:23.484+0000] {taskinstance.py:2076} INFO - Dependencies all met for dep_context=requeueable deps ti=<TaskInstance: Webscrape.Ingest_Data manual__2024-05-17T21:28:51.821936+00:00 [queued]>
[2024-05-17T21:33:23.485+0000] {taskinstance.py:2306} INFO - Starting attempt 2 of 6
[2024-05-17T21:33:23.511+0000] {taskinstance.py:2330} INFO - Executing <Task(PythonOperator): Ingest_Data> on 2024-05-17 21:28:51.821936+00:00
[2024-05-17T21:33:23.558+0000] {standard_task_runner.py:63} INFO - Started process 11735 to run task
[2024-05-17T21:33:23.567+0000] {standard_task_runner.py:90} INFO - Running: ['***', 'tasks', 'run', 'Webscrape', 'Ingest_Data', 'manual__2024-05-17T21:28:51.821936+00:00', '--job-id', '245', '--raw', '--subdir', 'DAGS_FOLDER/webscrapping.py', '--cfg-path', '/tmp/tmpk0tfnj47']
[2024-05-17T21:33:23.595+0000] {standard_task_runner.py:91} INFO - Job 245: Subtask Ingest_Data
[2024-05-17T21:33:23.922+0000] {task_command.py:426} INFO - Running <TaskInstance: Webscrape.Ingest_Data manual__2024-05-17T21:28:51.821936+00:00 [running]> on host 3e429f118033
[2024-05-17T21:33:24.410+0000] {taskinstance.py:2648} INFO - Exporting env vars: AIRFLOW_CTX_DAG_OWNER='svc' AIRFLOW_CTX_DAG_ID='Webscrape' AIRFLOW_CTX_TASK_ID='Ingest_Data' AIRFLOW_CTX_EXECUTION_DATE='2024-05-17T21:28:51.821936+00:00' AIRFLOW_CTX_TRY_NUMBER='2' AIRFLOW_CTX_DAG_RUN_ID='manual__2024-05-17T21:28:51.821936+00:00'
[2024-05-17T21:33:24.425+0000] {taskinstance.py:430} INFO - ::endgroup::
[2024-05-17T21:33:24.588+0000] {conn.py:362} INFO - <BrokerConnection node_id=bootstrap-0 host=kafka:9092 <connecting> [IPv4 ('172.24.0.6', 9092)]>: connecting to kafka:9092 [('172.24.0.6', 9092) IPv4]
[2024-05-17T21:33:24.591+0000] {conn.py:957} INFO - Probing node bootstrap-0 broker version
[2024-05-17T21:33:24.596+0000] {conn.py:393} INFO - <BrokerConnection node_id=bootstrap-0 host=kafka:9092 <connecting> [IPv4 ('172.24.0.6', 9092)]>: Connection complete.
[2024-05-17T21:33:24.721+0000] {conn.py:1019} INFO - Broker version identified as 2.6.0
[2024-05-17T21:33:24.722+0000] {conn.py:1020} INFO - Set configuration api_version=(2, 6, 0) to skip auto check_version requests on startup
[2024-05-17T21:33:26.194+0000] {logging_mixin.py:188} INFO - Connecting to Scraping Browser...
[2024-05-17T21:33:28.644+0000] {logging_mixin.py:188} INFO - Connected! Navigating to https://www.redfin.com...
[2024-05-17T21:33:40.044+0000] {logging_mixin.py:188} INFO - Searching...
[2024-05-17T21:33:43.480+0000] {logging_mixin.py:188} INFO - --------
[2024-05-17T21:33:43.489+0000] {logging_mixin.py:188} INFO - 1
[2024-05-17T21:33:43.492+0000] {logging_mixin.py:188} INFO - Navigating to Listing page: https://www.redfin.com/CA/San-Francisco/1458-Hudson-Ave-94124/home/748039
[2024-05-17T21:34:05.870+0000] {logging_mixin.py:188} INFO - Extracting Pictures
[2024-05-17T21:34:08.622+0000] {logging_mixin.py:188} INFO - Extracting Key Details
[2024-05-17T21:34:09.798+0000] {logging_mixin.py:188} INFO - Extracting Listing Agent Details
[2024-05-17T21:34:10.757+0000] {logging_mixin.py:188} INFO - Extracting Redfin Agent Details
[2024-05-17T21:34:11.315+0000] {logging_mixin.py:188} INFO - Extracting Property Details
[2024-05-17T21:34:13.002+0000] {logging_mixin.py:188} INFO - {
  "address": "1458 Hudson Ave San Francisco CA 94124",
  "price": "1467000",
  "beds": "3",
  "baths": "2",
  "link": "https://www.redfin.com/CA/San-Francisco/1458-Hudson-Ave-94124/home/748039",
  "photos": [
    "https://ssl.cdn-redfin.com/system_files/media/919744_JPG/item_10.jpg",
    "https://ssl.cdn-redfin.com/system_files/media/919744_JPG/genLdpUgcMediaBrowserUrl/item_1.jpg",
    "https://my.matterport.com/api/v2/player/models/FY2mXyHjhmb/thumb",
    "https://ssl.cdn-redfin.com/system_files/media/919744_JPG/genLdpUgcMediaBrowserUrl/item_11.jpg",
    "https://ssl.cdn-redfin.com/system_files/media/919744_JPG/genLdpUgcMediaBrowserUrl/item_8.jpg",
    "https://ssl.cdn-redfin.com/system_files/media/919744_JPG/item_2.jpg",
    "https://ssl.cdn-redfin.com/system_files/media/919744_JPG/item_5.jpg",
    "https://ssl.cdn-redfin.com/system_files/media/919744_JPG/genLdpUgcMediaBrowserUrl/item_9.jpg",
    "https://ssl.cdn-redfin.com/system_files/media/919744_JPG/genLdpUgcMediaBrowserUrl/item_7.jpg",
    "https://ssl.cdn-redfin.com/system_files/media/919744_JPG/item_4.jpg",
    "https://ssl.cdn-redfin.com/system_files/media/919744_JPG/item_15.jpg",
    "https://ssl.cdn-redfin.com/system_files/media/919744_JPG/item_16.jpg",
    "https://ssl.cdn-redfin.com/system_files/media/919744_JPG/item_28.jpg",
    "https://ssl.cdn-redfin.com/system_files/media/919744_JPG/item_32.jpg",
    "https://ssl.cdn-redfin.com/system_files/media/919744_JPG/item_29.jpg",
    "https://ssl.cdn-redfin.com/system_files/media/919744_JPG/item_48.jpg",
    "https://ssl.cdn-redfin.com/system_files/media/919744_JPG/item_51.jpg",
    "https://ssl.cdn-redfin.com/system_files/media/919744_JPG/item_58.jpg",
    "https://ssl.cdn-redfin.com/system_files/media/919744_JPG/item_63.jpg"
  ],
  "hoa_fee": "",
  "buyers_agent_fee": "2",
  "listing_agent_name": "Michael Sommers",
  "listing_agent_contact": "",
  "redfin_agent_name": "Michael Sommers",
  "finished_sqft": "",
  "unfinished_sqft": "",
  "total_sqft": "1162",
  "stories": "1",
  "style": "Single Family Residential",
  "year_built": "1941",
  "year_renovated": "",
  "county": "San Francisco County",
  "APN": "5255009"
}
[2024-05-17T21:34:13.009+0000] {logging_mixin.py:188} INFO - Sending Data to Kafka
[2024-05-17T21:34:13.039+0000] {conn.py:362} INFO - <BrokerConnection node_id=1 host=kafka:9092 <connecting> [IPv4 ('172.24.0.6', 9092)]>: connecting to kafka:9092 [('172.24.0.6', 9092) IPv4]
[2024-05-17T21:34:13.042+0000] {conn.py:393} INFO - <BrokerConnection node_id=1 host=kafka:9092 <connecting> [IPv4 ('172.24.0.6', 9092)]>: Connection complete.
[2024-05-17T21:34:13.043+0000] {conn.py:673} INFO - <BrokerConnection node_id=bootstrap-0 host=kafka:9092 <connected> [IPv4 ('172.24.0.6', 9092)]>: Closing connection. 
[2024-05-17T21:34:13.250+0000] {logging_mixin.py:188} INFO - --------
[2024-05-17T21:34:13.251+0000] {logging_mixin.py:188} INFO - 2
[2024-05-17T21:34:13.255+0000] {logging_mixin.py:188} INFO - Navigating to Listing page: https://www.redfin.com/CA/San-Francisco/492-Bartlett-St-94110/home/1843033
[2024-05-17T21:34:30.642+0000] {logging_mixin.py:188} INFO - Extracting Pictures
[2024-05-17T21:34:33.004+0000] {logging_mixin.py:188} INFO - Extracting Key Details
[2024-05-17T21:34:33.998+0000] {logging_mixin.py:188} INFO - Extracting Listing Agent Details
[2024-05-17T21:34:35.188+0000] {logging_mixin.py:188} INFO - Extracting Redfin Agent Details
[2024-05-17T21:34:36.058+0000] {logging_mixin.py:188} INFO - Extracting Property Details
[2024-05-17T21:34:37.787+0000] {logging_mixin.py:188} INFO - {
  "address": "492 Bartlett St San Francisco CA 94110",
  "price": "1369900",
  "beds": "0",
  "baths": "\u2014",
  "link": "https://www.redfin.com/CA/San-Francisco/492-Bartlett-St-94110/home/1843033",
  "photos": [
    "https://ssl.cdn-redfin.com/photo/9/bigphoto/154/424034154_0.jpg",
    "https://ssl.cdn-redfin.com/photo/9/mbpaddedwide/154/genMid.424034154_1_0.jpg",
    "https://ssl.cdn-redfin.com/photo/9/mbpaddedwide/154/genMid.424034154_4_0.jpg",
    "https://ssl.cdn-redfin.com/photo/9/mbpaddedwide/154/genMid.424034154_3_0.jpg",
    "https://ssl.cdn-redfin.com/photo/9/mbpaddedwide/154/genMid.424034154_4_0.jpg",
    "https://ssl.cdn-redfin.com/photo/9/bigphoto/154/424034154_2_0.jpg",
    "https://ssl.cdn-redfin.com/photo/9/bigphoto/154/424034154_5_0.jpg",
    "https://ssl.cdn-redfin.com/photo/9/mbpaddedwide/154/genMid.424034154_6_0.jpg",
    "https://ssl.cdn-redfin.com/photo/9/mbpaddedwide/154/genMid.424034154_7_0.jpg",
    "https://ssl.cdn-redfin.com/photo/9/bigphoto/154/424034154_8_0.jpg",
    "https://ssl.cdn-redfin.com/photo/9/bigphoto/154/424034154_14_0.jpg",
    "https://ssl.cdn-redfin.com/photo/9/bigphoto/154/424034154_20_0.jpg",
    "https://ssl.cdn-redfin.com/photo/9/bigphoto/154/424034154_26_0.jpg"
  ],
  "hoa_fee": "",
  "buyers_agent_fee": "",
  "listing_agent_name": "Anh Pham",
  "listing_agent_contact": "",
  "redfin_agent_name": "Anthony Torres",
  "finished_sqft": "",
  "unfinished_sqft": "",
  "total_sqft": "2552",
  "stories": "2",
  "style": "Multi-Family (2-4 Unit)",
  "year_built": "1900",
  "year_renovated": "",
  "county": "San Francisco County",
  "APN": "6530011"
}
[2024-05-17T21:34:37.792+0000] {logging_mixin.py:188} INFO - Sending Data to Kafka
[2024-05-17T21:34:37.913+0000] {logging_mixin.py:188} INFO - --------
[2024-05-17T21:34:37.914+0000] {logging_mixin.py:188} INFO - 3
[2024-05-17T21:34:37.915+0000] {logging_mixin.py:188} INFO - Navigating to Listing page: https://www.redfin.com/CA/San-Francisco/403-Main-St-94105/unit-409N/home/1950222
[2024-05-17T21:34:54.922+0000] {logging_mixin.py:188} INFO - Extracting Pictures
[2024-05-17T21:34:57.649+0000] {logging_mixin.py:188} INFO - Extracting Key Details
[2024-05-17T21:34:58.625+0000] {logging_mixin.py:188} INFO - Extracting Listing Agent Details
[2024-05-17T21:34:59.301+0000] {logging_mixin.py:188} INFO - Extracting Redfin Agent Details
[2024-05-17T21:34:59.878+0000] {logging_mixin.py:188} INFO - Extracting Property Details
[2024-05-17T21:35:01.364+0000] {logging_mixin.py:188} INFO - {
  "address": "403 Main St Unit 409N San Francisco CA 94105",
  "price": "815000",
  "beds": "1",
  "baths": "1",
  "link": "https://www.redfin.com/CA/San-Francisco/403-Main-St-94105/unit-409N/home/1950222",
  "photos": [
    "https://ssl.cdn-redfin.com/photo/77/bigphoto/031/424034031_0.jpg",
    "https://ssl.cdn-redfin.com/photo/77/mbpaddedwide/031/genMid.424034031_1_0.jpg",
    "https://ssl.cdn-redfin.com/photo/77/mbpaddedwide/031/genMid.424034031_2_0.jpg",
    "https://ssl.cdn-redfin.com/photo/77/mbpaddedwide/031/genMid.424034031_4_0.jpg",
    "https://ssl.cdn-redfin.com/photo/77/mbpaddedwide/031/genMid.424034031_5_0.jpg",
    "https://ssl.cdn-redfin.com/photo/77/bigphoto/031/424034031_3_0.jpg",
    "https://ssl.cdn-redfin.com/photo/77/bigphoto/031/424034031_6_0.jpg",
    "https://ssl.cdn-redfin.com/photo/77/mbpaddedwide/031/genMid.424034031_7_0.jpg",
    "https://ssl.cdn-redfin.com/photo/77/mbpaddedwide/031/genMid.424034031_8_0.jpg",
    "https://ssl.cdn-redfin.com/photo/77/bigphoto/031/424034031_9_0.jpg",
    "https://ssl.cdn-redfin.com/photo/77/bigphoto/031/424034031_15_0.jpg"
  ],
  "hoa_fee": "847",
  "buyers_agent_fee": "2.5",
  "listing_agent_name": "Donny Piwowarski",
  "listing_agent_contact": "",
  "redfin_agent_name": "Anthony Torres",
  "finished_sqft": "",
  "unfinished_sqft": "",
  "total_sqft": "814",
  "stories": "1",
  "style": "Condo/Co-op",
  "year_built": "1997",
  "year_renovated": "",
  "county": "San Francisco County",
  "APN": "3768205"
}
[2024-05-17T21:35:01.367+0000] {logging_mixin.py:188} INFO - Sending Data to Kafka
[2024-05-17T21:35:01.490+0000] {logging_mixin.py:188} INFO - --------
[2024-05-17T21:35:01.491+0000] {logging_mixin.py:188} INFO - 4
[2024-05-17T21:35:01.493+0000] {logging_mixin.py:188} INFO - Navigating to Listing page: https://www.redfin.com/CA/San-Francisco/194-196-27th-St-94110/home/190850559
[2024-05-17T21:35:20.635+0000] {logging_mixin.py:188} INFO - Extracting Pictures
[2024-05-17T21:35:22.007+0000] {logging_mixin.py:188} INFO - Extracting Key Details
[2024-05-17T21:35:22.809+0000] {logging_mixin.py:188} INFO - Extracting Listing Agent Details
[2024-05-17T21:35:23.566+0000] {logging_mixin.py:188} INFO - Extracting Redfin Agent Details
[2024-05-17T21:35:24.093+0000] {logging_mixin.py:188} INFO - Extracting Property Details
[2024-05-17T21:35:25.609+0000] {logging_mixin.py:188} INFO - {
  "address": "194 - 196 27th St San Francisco CA 94110",
  "price": "1848000",
  "beds": "4",
  "baths": "4",
  "link": "https://www.redfin.com/CA/San-Francisco/194-196-27th-St-94110/home/190850559",
  "photos": [
    "https://ssl.cdn-redfin.com/photo/9/bigphoto/039/424031039_0.jpg",
    "https://ssl.cdn-redfin.com/photo/9/mbpaddedwide/039/genMid.424031039_1_0.jpg",
    "https://ssl.cdn-redfin.com/photo/9/mbpaddedwide/039/genMid.424031039_4_0.jpg",
    "https://ssl.cdn-redfin.com/photo/9/mbpaddedwide/039/genMid.424031039_3_0.jpg",
    "https://ssl.cdn-redfin.com/photo/9/mbpaddedwide/039/genMid.424031039_4_0.jpg",
    "https://ssl.cdn-redfin.com/photo/9/bigphoto/039/424031039_2_0.jpg",
    "https://ssl.cdn-redfin.com/photo/9/bigphoto/039/424031039_5_0.jpg",
    "https://ssl.cdn-redfin.com/photo/9/mbpaddedwide/039/genMid.424031039_6_0.jpg",
    "https://ssl.cdn-redfin.com/photo/9/mbpaddedwide/039/genMid.424031039_7_0.jpg",
    "https://ssl.cdn-redfin.com/photo/9/bigphoto/039/424031039_8_0.jpg",
    "https://ssl.cdn-redfin.com/photo/9/bigphoto/039/424031039_14_0.jpg",
    "https://ssl.cdn-redfin.com/photo/9/bigphoto/039/424031039_20_0.jpg",
    "https://ssl.cdn-redfin.com/photo/9/bigphoto/039/424031039_26_0.jpg",
    "https://ssl.cdn-redfin.com/photo/9/bigphoto/039/424031039_32_0.jpg",
    "https://ssl.cdn-redfin.com/photo/9/bigphoto/039/424031039_38_0.jpg",
    "https://ssl.cdn-redfin.com/photo/9/bigphoto/039/424031039_44_0.jpg",
    "https://ssl.cdn-redfin.com/photo/9/bigphoto/039/424031039_50_0.jpg",
    "https://ssl.cdn-redfin.com/photo/9/bigphoto/039/424031039_56_0.jpg",
    "https://ssl.cdn-redfin.com/photo/9/bigphoto/039/424031039_62_0.jpg"
  ],
  "hoa_fee": "",
  "buyers_agent_fee": "",
  "listing_agent_name": "Todd Montgomery",
  "listing_agent_contact": "",
  "redfin_agent_name": "Anthony Torres",
  "finished_sqft": "",
  "unfinished_sqft": "",
  "total_sqft": "",
  "stories": "",
  "style": "Multi-Family (2-4 Unit)",
  "year_built": "",
  "year_renovated": "",
  "county": "San Francisco County",
  "APN": "6577027"
}
[2024-05-17T21:35:25.612+0000] {logging_mixin.py:188} INFO - Sending Data to Kafka
[2024-05-17T21:35:25.781+0000] {logging_mixin.py:188} INFO - --------
[2024-05-17T21:35:25.781+0000] {logging_mixin.py:188} INFO - 5
[2024-05-17T21:35:25.784+0000] {logging_mixin.py:188} INFO - Navigating to Listing page: https://www.redfin.com/CA/San-Francisco/194-27th-St-94110/home/1891070
[2024-05-17T21:35:44.508+0000] {logging_mixin.py:188} INFO - Extracting Pictures
[2024-05-17T21:35:46.945+0000] {logging_mixin.py:188} INFO - Extracting Key Details
[2024-05-17T21:35:48.186+0000] {logging_mixin.py:188} INFO - Extracting Listing Agent Details
[2024-05-17T21:35:48.904+0000] {logging_mixin.py:188} INFO - Extracting Redfin Agent Details
[2024-05-17T21:35:49.348+0000] {logging_mixin.py:188} INFO - Extracting Property Details
[2024-05-17T21:35:51.387+0000] {logging_mixin.py:188} INFO - {
  "address": "194 27th St San Francisco CA 94110",
  "price": "999000",
  "beds": "2",
  "baths": "2",
  "link": "https://www.redfin.com/CA/San-Francisco/194-27th-St-94110/home/1891070",
  "photos": [
    "https://ssl.cdn-redfin.com/photo/9/bigphoto/044/424031044_0.jpg",
    "https://ssl.cdn-redfin.com/photo/9/mbpaddedwide/044/genMid.424031044_1_0.jpg",
    "https://ssl.cdn-redfin.com/photo/9/mbpaddedwide/044/genMid.424031044_4_0.jpg",
    "https://ssl.cdn-redfin.com/photo/9/mbpaddedwide/044/genMid.424031044_3_0.jpg",
    "https://ssl.cdn-redfin.com/photo/9/mbpaddedwide/044/genMid.424031044_4_0.jpg",
    "https://ssl.cdn-redfin.com/photo/9/bigphoto/044/424031044_2_0.jpg",
    "https://ssl.cdn-redfin.com/photo/9/bigphoto/044/424031044_5_0.jpg",
    "https://ssl.cdn-redfin.com/photo/9/mbpaddedwide/044/genMid.424031044_6_0.jpg",
    "https://ssl.cdn-redfin.com/photo/9/mbpaddedwide/044/genMid.424031044_7_0.jpg",
    "https://ssl.cdn-redfin.com/photo/9/bigphoto/044/424031044_8_0.jpg",
    "https://ssl.cdn-redfin.com/photo/9/bigphoto/044/424031044_14_0.jpg",
    "https://ssl.cdn-redfin.com/photo/9/bigphoto/044/424031044_20_0.jpg",
    "https://ssl.cdn-redfin.com/photo/9/bigphoto/044/424031044_26_0.jpg",
    "https://ssl.cdn-redfin.com/photo/9/bigphoto/044/424031044_32_0.jpg",
    "https://ssl.cdn-redfin.com/photo/9/bigphoto/044/424031044_38_0.jpg",
    "https://ssl.cdn-redfin.com/photo/9/bigphoto/044/424031044_44_0.jpg"
  ],
  "hoa_fee": "",
  "buyers_agent_fee": "",
  "listing_agent_name": "Todd Montgomery",
  "listing_agent_contact": "",
  "redfin_agent_name": "Anthony Torres",
  "finished_sqft": "",
  "unfinished_sqft": "",
  "total_sqft": "1980",
  "stories": "2",
  "style": "Multi-Family (2-4 Unit)",
  "year_built": "1900",
  "year_renovated": "",
  "county": "San Francisco County",
  "APN": "6577027"
}
[2024-05-17T21:35:51.390+0000] {logging_mixin.py:188} INFO - Sending Data to Kafka
[2024-05-17T21:35:51.598+0000] {logging_mixin.py:188} INFO - --------
[2024-05-17T21:35:51.600+0000] {logging_mixin.py:188} INFO - 6
[2024-05-17T21:35:51.626+0000] {logging_mixin.py:188} INFO - Navigating to Listing page: https://www.redfin.com/CA/San-Francisco/196-27th-St-94110/home/179358923
[2024-05-17T21:35:58.775+0000] {local_task_job_runner.py:310} WARNING - State of this instance has been externally set to failed. Terminating instance.
[2024-05-17T21:35:58.835+0000] {local_task_job_runner.py:222} INFO - ::endgroup::
[2024-05-17T21:35:58.871+0000] {process_utils.py:132} INFO - Sending 15 to group 11735. PIDs of all processes in the group: [11737, 11735]
[2024-05-17T21:35:58.873+0000] {process_utils.py:87} INFO - Sending the signal 15 to group 11735
[2024-05-17T21:35:58.874+0000] {taskinstance.py:2611} ERROR - Received SIGTERM. Terminating subprocesses.
[2024-05-17T21:35:58.936+0000] {process_utils.py:80} INFO - Process psutil.Process(pid=11737, status='terminated', started='21:33:23') (11737) terminated with exit code None
[2024-05-17T21:36:58.914+0000] {process_utils.py:150} WARNING - process psutil.Process(pid=11735, name='airflow task ru', status='sleeping', started='21:33:22') did not respond to SIGTERM. Trying SIGKILL
[2024-05-17T21:36:59.027+0000] {process_utils.py:87} INFO - Sending the signal 9 to group 11735
[2024-05-17T21:36:59.050+0000] {process_utils.py:80} INFO - Process psutil.Process(pid=11735, name='airflow task ru', status='terminated', exitcode=<Negsignal.SIGKILL: -9>, started='21:33:22') (11735) terminated with exit code -9
[2024-05-17T21:36:59.059+0000] {standard_task_runner.py:178} ERROR - Job 245 was killed before it finished (likely due to running out of memory)
