[2024-05-18T23:35:33.606+0000] {local_task_job_runner.py:120} INFO - ::group::Pre task execution logs
[2024-05-18T23:35:34.030+0000] {taskinstance.py:2076} INFO - Dependencies all met for dep_context=non-requeueable deps ti=<TaskInstance: Real_Estate_Webscraping.Ingest_Data_from_Redfin scheduled__2024-05-15T00:00:00+00:00 [queued]>
[2024-05-18T23:35:34.104+0000] {taskinstance.py:2076} INFO - Dependencies all met for dep_context=requeueable deps ti=<TaskInstance: Real_Estate_Webscraping.Ingest_Data_from_Redfin scheduled__2024-05-15T00:00:00+00:00 [queued]>
[2024-05-18T23:35:34.107+0000] {taskinstance.py:2306} INFO - Starting attempt 1 of 6
[2024-05-18T23:35:34.254+0000] {taskinstance.py:2330} INFO - Executing <Task(PythonOperator): Ingest_Data_from_Redfin> on 2024-05-15 00:00:00+00:00
[2024-05-18T23:35:34.427+0000] {standard_task_runner.py:63} INFO - Started process 1447 to run task
[2024-05-18T23:35:34.525+0000] {standard_task_runner.py:90} INFO - Running: ['***', 'tasks', 'run', 'Real_Estate_Webscraping', 'Ingest_Data_from_Redfin', 'scheduled__2024-05-15T00:00:00+00:00', '--job-id', '338', '--raw', '--subdir', 'DAGS_FOLDER/webscrapping.py', '--cfg-path', '/tmp/tmpnf6cm27k']
[2024-05-18T23:35:34.619+0000] {standard_task_runner.py:91} INFO - Job 338: Subtask Ingest_Data_from_Redfin
[2024-05-18T23:35:35.691+0000] {task_command.py:426} INFO - Running <TaskInstance: Real_Estate_Webscraping.Ingest_Data_from_Redfin scheduled__2024-05-15T00:00:00+00:00 [running]> on host c0373bd0174c
[2024-05-18T23:35:37.007+0000] {taskinstance.py:2648} INFO - Exporting env vars: AIRFLOW_CTX_DAG_OWNER='svc' AIRFLOW_CTX_DAG_ID='Real_Estate_Webscraping' AIRFLOW_CTX_TASK_ID='Ingest_Data_from_Redfin' AIRFLOW_CTX_EXECUTION_DATE='2024-05-15T00:00:00+00:00' AIRFLOW_CTX_TRY_NUMBER='1' AIRFLOW_CTX_DAG_RUN_ID='scheduled__2024-05-15T00:00:00+00:00'
[2024-05-18T23:35:37.084+0000] {taskinstance.py:430} INFO - ::endgroup::
[2024-05-18T23:35:37.540+0000] {conn.py:362} INFO - <BrokerConnection node_id=bootstrap-0 host=kafka:9092 <connecting> [IPv4 ('192.168.16.5', 9092)]>: connecting to kafka:9092 [('192.168.16.5', 9092) IPv4]
[2024-05-18T23:35:37.557+0000] {conn.py:957} INFO - Probing node bootstrap-0 broker version
[2024-05-18T23:35:37.573+0000] {conn.py:393} INFO - <BrokerConnection node_id=bootstrap-0 host=kafka:9092 <connecting> [IPv4 ('192.168.16.5', 9092)]>: Connection complete.
[2024-05-18T23:35:37.775+0000] {conn.py:1019} INFO - Broker version identified as 2.6.0
[2024-05-18T23:35:37.789+0000] {conn.py:1020} INFO - Set configuration api_version=(2, 6, 0) to skip auto check_version requests on startup
[2024-05-18T23:35:41.700+0000] {logging_mixin.py:188} INFO - Connecting to Scraping Browser
[2024-05-18T23:35:45.087+0000] {logging_mixin.py:188} INFO - Connected! Navigating to https://www.redfin.com
[2024-05-18T23:35:52.964+0000] {local_task_job_runner.py:310} WARNING - State of this instance has been externally set to failed. Terminating instance.
[2024-05-18T23:35:54.534+0000] {local_task_job_runner.py:222} INFO - ::endgroup::
[2024-05-18T23:35:54.734+0000] {process_utils.py:132} INFO - Sending 15 to group 1447. PIDs of all processes in the group: [1470, 1447]
[2024-05-18T23:35:54.774+0000] {process_utils.py:87} INFO - Sending the signal 15 to group 1447
[2024-05-18T23:35:55.015+0000] {taskinstance.py:2611} ERROR - Received SIGTERM. Terminating subprocesses.
[2024-05-18T23:35:56.699+0000] {process_utils.py:80} INFO - Process psutil.Process(pid=1470, status='terminated', started='23:35:37') (1470) terminated with exit code None
[2024-05-18T23:36:54.877+0000] {process_utils.py:150} WARNING - process psutil.Process(pid=1447, name='airflow task ru', status='sleeping', started='23:35:33') did not respond to SIGTERM. Trying SIGKILL
[2024-05-18T23:36:54.968+0000] {process_utils.py:87} INFO - Sending the signal 9 to group 1447
[2024-05-18T23:36:55.208+0000] {process_utils.py:80} INFO - Process psutil.Process(pid=1447, name='airflow task ru', status='terminated', exitcode=<Negsignal.SIGKILL: -9>, started='23:35:33') (1447) terminated with exit code -9
[2024-05-18T23:36:55.229+0000] {standard_task_runner.py:178} ERROR - Job 338 was killed before it finished (likely due to running out of memory)
